<?xml version="1.0" encoding="UTF-8"?>
<simulation>
<software>charlie-simulation-framework; v1.0.0; Jakob Rieke</software>
<system>Unix; Unix 18.2.0.0; 18.2.0.0</system>
<datetime>6/12/2019 11:54:02 AM</datetime>
<title>Static SP with GA</title>
<meta>Author: Jakob Rieke; Version v1.3.0</meta>
<configuration>
  Zoom = 40
  SizeTeamA = 1
  SizeTeamB = 1
  FieldHeight = 9
  FieldWidth = 6
  PlayerSensorRange = 12
  PlayerSensorFOV = 56.3
  PlayerSize = 0.1555
  # The function used to optimize the problem,
  # possible values are:
  # Simplex, PSO, SPSO-2006, SPSO-2011, PSO-A-IW,
  # PSO-LD-IW, PSO-Chaotic-IW, PSO-LD-IW,
  # Evolution-Strategy, Differential-Evolution,
  # Adaptive-Differential-Evolution
  Optimizer = PSO
  
</configuration>
<iteration i="0">
<sensors>[[6.40555133961193,6.31128932597566,37.440247212975]]</sensors>
<obstacles>[[4.0509132980369, 3.25946979923174]]</obstacles>
<global-best>32.7322035940446</global-best>

</iteration>
<iteration i="200">
<sensors>[[2.01269255077877E-10,1.31820380921785E-08,28.1499995776196]]</sensors>
<obstacles>[[4.0509132980369, 3.25946979923174]]</obstacles>
<global-best>13.9417490428705</global-best>

</iteration>
<iterations>200</iterations>
<elapsed-time>296</elapsed-time>
<average-time>0</average-time>
</simulation>