<?xml version="1.0" encoding="UTF-8"?>
<simulation>
<software>charlie-simulation-framework; v1.0.0; Jakob Rieke</software>
<system>Unix; Unix 18.2.0.0; 18.2.0.0</system>
<datetime>6/12/2019 11:54:02 AM</datetime>
<title>Static SP with GA</title>
<meta>Author: Jakob Rieke; Version v1.3.0</meta>
<configuration>
  Zoom = 40
  SizeTeamA = 1
  SizeTeamB = 1
  FieldHeight = 9
  FieldWidth = 6
  PlayerSensorRange = 12
  PlayerSensorFOV = 56.3
  PlayerSize = 0.1555
  # The function used to optimize the problem,
  # possible values are:
  # Simplex, PSO, SPSO-2006, SPSO-2011, PSO-A-IW,
  # PSO-LD-IW, PSO-Chaotic-IW, PSO-LD-IW,
  # Evolution-Strategy, Differential-Evolution,
  # Adaptive-Differential-Evolution
  Optimizer = PSO
  
</configuration>
<iteration i="0">
<sensors>[[0.640453993017051,6.08970725123809,238.218620104055]]</sensors>
<obstacles>[[8.9420251774136, 3.10434655984864]]</obstacles>
<global-best>30.121571997505</global-best>

</iteration>
<iteration i="200">
<sensors>[[8.99999999646423,5.99999996582032,208.14999920364]]</sensors>
<obstacles>[[8.9420251774136, 3.10434655984864]]</obstacles>
<global-best>12.0045082344569</global-best>

</iteration>
<iterations>200</iterations>
<elapsed-time>282</elapsed-time>
<average-time>0</average-time>
</simulation>