<?xml version="1.0" encoding="UTF-8"?>
<simulation>
<software>charlie-simulation-framework; v1.0.0; Jakob Rieke</software>
<system>Unix; Unix 18.2.0.0; 18.2.0.0</system>
<datetime>6/12/2019 11:54:09 AM</datetime>
<title>Static SP with GA</title>
<meta>Author: Jakob Rieke; Version v1.3.0</meta>
<configuration>
  Zoom = 40
  SizeTeamA = 1
  SizeTeamB = 1
  FieldHeight = 9
  FieldWidth = 6
  PlayerSensorRange = 12
  PlayerSensorFOV = 56.3
  PlayerSize = 0.1555
  # The function used to optimize the problem,
  # possible values are:
  # Simplex, PSO, SPSO-2006, SPSO-2011, PSO-A-IW,
  # PSO-LD-IW, PSO-Chaotic-IW, PSO-LD-IW,
  # Evolution-Strategy, Differential-Evolution,
  # Adaptive-Differential-Evolution
  Optimizer = PSO
  
</configuration>
<iteration i="0">
<sensors>[[2.65548728188603,-0.335408708331158,28.9476618381809]]</sensors>
<obstacles>[[2.7621270774398, 0.05043352721259]]</obstacles>
<global-best>19.6463711068072</global-best>

</iteration>
<iteration i="200">
<sensors>[[3.88919385242614E-08,0.303370223372706,26.1316733129542]]</sensors>
<obstacles>[[2.7621270774398, 0.05043352721259]]</obstacles>
<global-best>12.9730611841133</global-best>

</iteration>
<iterations>200</iterations>
<elapsed-time>355</elapsed-time>
<average-time>0</average-time>
</simulation>