<?xml version="1.0" encoding="UTF-8"?>
<simulation>
<software>charlie-simulation-framework; v1.0.0; Jakob Rieke</software>
<system>Unix; Unix 18.2.0.0; 18.2.0.0</system>
<datetime>6/12/2019 11:54:05 AM</datetime>
<title>Static SP with GA</title>
<meta>Author: Jakob Rieke; Version v1.3.0</meta>
<configuration>
  Zoom = 40
  SizeTeamA = 1
  SizeTeamB = 1
  FieldHeight = 9
  FieldWidth = 6
  PlayerSensorRange = 12
  PlayerSensorFOV = 56.3
  PlayerSize = 0.1555
  # The function used to optimize the problem,
  # possible values are:
  # Simplex, PSO, SPSO-2006, SPSO-2011, PSO-A-IW,
  # PSO-LD-IW, PSO-Chaotic-IW, PSO-LD-IW,
  # Evolution-Strategy, Differential-Evolution,
  # Adaptive-Differential-Evolution
  Optimizer = PSO
  
</configuration>
<iteration i="0">
<sensors>[[2.76193168132923,4.4478787151761,210.84430420104]]</sensors>
<obstacles>[[0.0585567697416991, 1.82228189427406]]</obstacles>
<global-best>20.1685980539052</global-best>

</iteration>
<iteration i="200">
<sensors>[[8.99999998101471,5.99999998722781,208.149999509914]]</sensors>
<obstacles>[[0.0585567697416991, 1.82228189427406]]</obstacles>
<global-best>12.0255565876664</global-best>

</iteration>
<iterations>200</iterations>
<elapsed-time>286</elapsed-time>
<average-time>0</average-time>
</simulation>