<?xml version="1.0" encoding="UTF-8"?>
<simulation>
<software>charlie-simulation-framework; v1.0.0; Jakob Rieke</software>
<system>Unix; Unix 18.2.0.0; 18.2.0.0</system>
<datetime>6/12/2019 11:54:01 AM</datetime>
<title>Static SP with GA</title>
<meta>Author: Jakob Rieke; Version v1.3.0</meta>
<configuration>
  Zoom = 40
  SizeTeamA = 1
  SizeTeamB = 1
  FieldHeight = 9
  FieldWidth = 6
  PlayerSensorRange = 12
  PlayerSensorFOV = 56.3
  PlayerSize = 0.1555
  # The function used to optimize the problem,
  # possible values are:
  # Simplex, PSO, SPSO-2006, SPSO-2011, PSO-A-IW,
  # PSO-LD-IW, PSO-Chaotic-IW, PSO-LD-IW,
  # Evolution-Strategy, Differential-Evolution,
  # Adaptive-Differential-Evolution
  Optimizer = PSO
  
</configuration>
<iteration i="0">
<sensors>[[4.03064100877053,2.53198649122121,118.846957902806]]</sensors>
<obstacles>[[0.345484673045576, 0.601336770225316]]</obstacles>
<global-best>27.1205379840202</global-best>

</iteration>
<iteration i="200">
<sensors>[[8.99999999850656,1.65408852657877E-08,151.850000591176]]</sensors>
<obstacles>[[0.345484673045576, 0.601336770225316]]</obstacles>
<global-best>12.1152494450865</global-best>

</iteration>
<iterations>200</iterations>
<elapsed-time>328</elapsed-time>
<average-time>0</average-time>
</simulation>