<?xml version="1.0" encoding="UTF-8"?>
<simulation>
<software>charlie-simulation-framework; v1.0.0; Jakob Rieke</software>
<system>Unix; Unix 18.2.0.0; 18.2.0.0</system>
<datetime>6/12/2019 11:53:53 AM</datetime>
<title>Static SP with GA</title>
<meta>Author: Jakob Rieke; Version v1.3.0</meta>
<configuration>
  Zoom = 40
  SizeTeamA = 1
  SizeTeamB = 1
  FieldHeight = 9
  FieldWidth = 6
  PlayerSensorRange = 12
  PlayerSensorFOV = 56.3
  PlayerSize = 0.1555
  # The function used to optimize the problem,
  # possible values are:
  # Simplex, PSO, SPSO-2006, SPSO-2011, PSO-A-IW,
  # PSO-LD-IW, PSO-Chaotic-IW, PSO-LD-IW,
  # Evolution-Strategy, Differential-Evolution,
  # Adaptive-Differential-Evolution
  Optimizer = PSO
  
</configuration>
<iteration i="0">
<sensors>[[7.08003024046079,1.82257793677656,3.73861784431277]]</sensors>
<obstacles>[[8.14682672917843, 0.397318796720356]]</obstacles>
<global-best>29.6177184828285</global-best>

</iteration>
<iteration i="200">
<sensors>[[5.6814545762531E-09,1.28737910708662E-07,28.1499982234177]]</sensors>
<obstacles>[[8.14682672917843, 0.397318796720356]]</obstacles>
<global-best>12.2850451057428</global-best>

</iteration>
<iterations>200</iterations>
<elapsed-time>311</elapsed-time>
<average-time>0</average-time>
</simulation>