<?xml version="1.0" encoding="UTF-8"?>
<simulation>
<software>charlie-simulation-framework; v1.0.0; Jakob Rieke</software>
<system>Unix; Unix 18.2.0.0; 18.2.0.0</system>
<datetime>6/12/2019 11:53:54 AM</datetime>
<title>Static SP with GA</title>
<meta>Author: Jakob Rieke; Version v1.3.0</meta>
<configuration>
  Zoom = 40
  SizeTeamA = 1
  SizeTeamB = 1
  FieldHeight = 9
  FieldWidth = 6
  PlayerSensorRange = 12
  PlayerSensorFOV = 56.3
  PlayerSize = 0.1555
  # The function used to optimize the problem,
  # possible values are:
  # Simplex, PSO, SPSO-2006, SPSO-2011, PSO-A-IW,
  # PSO-LD-IW, PSO-Chaotic-IW, PSO-LD-IW,
  # Evolution-Strategy, Differential-Evolution,
  # Adaptive-Differential-Evolution
  Optimizer = PSO
  
</configuration>
<iteration i="0">
<sensors>[[1.28014612179797,0.0387004417321868,2.77571163441476]]</sensors>
<obstacles>[[7.13681990490295, 5.18184393877164]]</obstacles>
<global-best>17.6551857522905</global-best>

</iteration>
<iteration i="200">
<sensors>[[1.95459117935052E-09,4.62215991828016E-08,28.1499992193143]]</sensors>
<obstacles>[[7.13681990490295, 5.18184393877164]]</obstacles>
<global-best>12.4737816883528</global-best>

</iteration>
<iterations>200</iterations>
<elapsed-time>302</elapsed-time>
<average-time>0</average-time>
</simulation>