<?xml version="1.0" encoding="UTF-8"?>
<simulation>
<software>charlie-simulation-framework; v1.0.0; Jakob Rieke</software>
<system>Unix; Unix 18.2.0.0; 18.2.0.0</system>
<datetime>6/12/2019 11:53:55 AM</datetime>
<title>Static SP with GA</title>
<meta>Author: Jakob Rieke; Version v1.3.0</meta>
<configuration>
  Zoom = 40
  SizeTeamA = 1
  SizeTeamB = 1
  FieldHeight = 9
  FieldWidth = 6
  PlayerSensorRange = 12
  PlayerSensorFOV = 56.3
  PlayerSize = 0.1555
  # The function used to optimize the problem,
  # possible values are:
  # Simplex, PSO, SPSO-2006, SPSO-2011, PSO-A-IW,
  # PSO-LD-IW, PSO-Chaotic-IW, PSO-LD-IW,
  # Evolution-Strategy, Differential-Evolution,
  # Adaptive-Differential-Evolution
  Optimizer = PSO
  
</configuration>
<iteration i="0">
<sensors>[[6.99667078981912,3.06382508925426,178.001875074023]]</sensors>
<obstacles>[[3.51538937212899, 5.77408545976505]]</obstacles>
<global-best>21.3973562588775</global-best>

</iteration>
<iteration i="200">
<sensors>[[8.99999999462643,3.68103199452022E-08,151.850000804997]]</sensors>
<obstacles>[[3.51538937212899, 5.77408545976505]]</obstacles>
<global-best>12.1047306357368</global-best>

</iteration>
<iterations>200</iterations>
<elapsed-time>391</elapsed-time>
<average-time>0</average-time>
</simulation>