<?xml version="1.0" encoding="UTF-8"?>
<simulation>
<software>charlie-simulation-framework; v1.0.0; Jakob Rieke</software>
<system>Unix; Unix 18.2.0.0; 18.2.0.0</system>
<datetime>6/12/2019 11:54:07 AM</datetime>
<title>Static SP with GA</title>
<meta>Author: Jakob Rieke; Version v1.3.0</meta>
<configuration>
  Zoom = 40
  SizeTeamA = 1
  SizeTeamB = 1
  FieldHeight = 9
  FieldWidth = 6
  PlayerSensorRange = 12
  PlayerSensorFOV = 56.3
  PlayerSize = 0.1555
  # The function used to optimize the problem,
  # possible values are:
  # Simplex, PSO, SPSO-2006, SPSO-2011, PSO-A-IW,
  # PSO-LD-IW, PSO-Chaotic-IW, PSO-LD-IW,
  # Evolution-Strategy, Differential-Evolution,
  # Adaptive-Differential-Evolution
  Optimizer = PSO
  
</configuration>
<iteration i="0">
<sensors>[[8.10198100728351,-3.39923179415288,252.712465523673]]</sensors>
<obstacles>[[7.67579082143493, 5.69811490550637]]</obstacles>
<global-best>34.9200968913229</global-best>

</iteration>
<iteration i="200">
<sensors>[[8.99999999555131,5.44421573475467,203.91857209509]]</sensors>
<obstacles>[[7.67579082143493, 5.69811490550637]]</obstacles>
<global-best>13.6374214082402</global-best>

</iteration>
<iterations>200</iterations>
<elapsed-time>381</elapsed-time>
<average-time>0</average-time>
</simulation>