<?xml version="1.0" encoding="UTF-8"?>
<simulation>
<software>charlie-simulation-framework; v1.0.0; Jakob Rieke</software>
<system>Unix; Unix 18.2.0.0; 18.2.0.0</system>
<datetime>6/12/2019 11:53:55 AM</datetime>
<title>Static SP with GA</title>
<meta>Author: Jakob Rieke; Version v1.3.0</meta>
<configuration>
  Zoom = 40
  SizeTeamA = 1
  SizeTeamB = 1
  FieldHeight = 9
  FieldWidth = 6
  PlayerSensorRange = 12
  PlayerSensorFOV = 56.3
  PlayerSize = 0.1555
  # The function used to optimize the problem,
  # possible values are:
  # Simplex, PSO, SPSO-2006, SPSO-2011, PSO-A-IW,
  # PSO-LD-IW, PSO-Chaotic-IW, PSO-LD-IW,
  # Evolution-Strategy, Differential-Evolution,
  # Adaptive-Differential-Evolution
  Optimizer = PSO
  
</configuration>
<iteration i="0">
<sensors>[[3.27737026504838,3.95509503697546,70.7829839602187]]</sensors>
<obstacles>[[2.521347112488, 2.01403616694734]]</obstacles>
<global-best>32.9018027622676</global-best>

</iteration>
<iteration i="200">
<sensors>[[6.5474445001802E-09,2.01566366539792E-08,28.1499994626544]]</sensors>
<obstacles>[[2.521347112488, 2.01403616694734]]</obstacles>
<global-best>15.979416966636</global-best>

</iteration>
<iterations>200</iterations>
<elapsed-time>373</elapsed-time>
<average-time>0</average-time>
</simulation>