<?xml version="1.0" encoding="UTF-8"?>
<simulation>
<software>charlie-simulation-framework; v1.0.0; Jakob Rieke</software>
<system>Unix; Unix 18.2.0.0; 18.2.0.0</system>
<datetime>6/12/2019 11:54:05 AM</datetime>
<title>Static SP with GA</title>
<meta>Author: Jakob Rieke; Version v1.3.0</meta>
<configuration>
  Zoom = 40
  SizeTeamA = 1
  SizeTeamB = 1
  FieldHeight = 9
  FieldWidth = 6
  PlayerSensorRange = 12
  PlayerSensorFOV = 56.3
  PlayerSize = 0.1555
  # The function used to optimize the problem,
  # possible values are:
  # Simplex, PSO, SPSO-2006, SPSO-2011, PSO-A-IW,
  # PSO-LD-IW, PSO-Chaotic-IW, PSO-LD-IW,
  # Evolution-Strategy, Differential-Evolution,
  # Adaptive-Differential-Evolution
  Optimizer = PSO
  
</configuration>
<iteration i="0">
<sensors>[[10.914815210705,8.16973486591045,269.082653967527]]</sensors>
<obstacles>[[6.58952767378651, 4.23032795777544]]</obstacles>
<global-best>37.0996621750962</global-best>

</iteration>
<iteration i="200">
<sensors>[[8.99999980586125,2.05134144835684E-07,151.850002044971]]</sensors>
<obstacles>[[6.58952767378651, 4.23032795777544]]</obstacles>
<global-best>12.0045099047444</global-best>

</iteration>
<iterations>200</iterations>
<elapsed-time>321</elapsed-time>
<average-time>0</average-time>
</simulation>