<?xml version="1.0" encoding="UTF-8"?>
<simulation>
<software>charlie-simulation-framework; v1.0.0; Jakob Rieke</software>
<system>Unix; Unix 18.2.0.0; 18.2.0.0</system>
<datetime>6/12/2019 11:53:56 AM</datetime>
<title>Static SP with GA</title>
<meta>Author: Jakob Rieke; Version v1.3.0</meta>
<configuration>
  Zoom = 40
  SizeTeamA = 1
  SizeTeamB = 1
  FieldHeight = 9
  FieldWidth = 6
  PlayerSensorRange = 12
  PlayerSensorFOV = 56.3
  PlayerSize = 0.1555
  # The function used to optimize the problem,
  # possible values are:
  # Simplex, PSO, SPSO-2006, SPSO-2011, PSO-A-IW,
  # PSO-LD-IW, PSO-Chaotic-IW, PSO-LD-IW,
  # Evolution-Strategy, Differential-Evolution,
  # Adaptive-Differential-Evolution
  Optimizer = PSO
  
</configuration>
<iteration i="0">
<sensors>[[1.34224761678168,2.69732511492472,69.7098198861733]]</sensors>
<obstacles>[[5.41266677691601, 5.14143928606063]]</obstacles>
<global-best>35.6744798514465</global-best>

</iteration>
<iteration i="200">
<sensors>[[6.8965778413113E-09,6.73837537754974E-09,28.1499995528513]]</sensors>
<obstacles>[[5.41266677691601, 5.14143928606063]]</obstacles>
<global-best>12.4264390639688</global-best>

</iteration>
<iterations>200</iterations>
<elapsed-time>288</elapsed-time>
<average-time>0</average-time>
</simulation>