<?xml version="1.0" encoding="UTF-8"?>
<simulation>
<software>charlie-simulation-framework; v1.0.0; Jakob Rieke</software>
<system>Unix; Unix 18.2.0.0; 18.2.0.0</system>
<datetime>6/12/2019 11:54:01 AM</datetime>
<title>Static SP with GA</title>
<meta>Author: Jakob Rieke; Version v1.3.0</meta>
<configuration>
  Zoom = 40
  SizeTeamA = 1
  SizeTeamB = 1
  FieldHeight = 9
  FieldWidth = 6
  PlayerSensorRange = 12
  PlayerSensorFOV = 56.3
  PlayerSize = 0.1555
  # The function used to optimize the problem,
  # possible values are:
  # Simplex, PSO, SPSO-2006, SPSO-2011, PSO-A-IW,
  # PSO-LD-IW, PSO-Chaotic-IW, PSO-LD-IW,
  # Evolution-Strategy, Differential-Evolution,
  # Adaptive-Differential-Evolution
  Optimizer = PSO
  
</configuration>
<iteration i="0">
<sensors>[[-1.88533557621097,-1.29035279919169,23.6474952946843]]</sensors>
<obstacles>[[0.946757513098419, 3.08411600254476]]</obstacles>
<global-best>20.1218231659056</global-best>

</iteration>
<iteration i="200">
<sensors>[[5.6464846966409E-09,1.37498333516321E-09,28.1499996308088]]</sensors>
<obstacles>[[0.946757513098419, 3.08411600254476]]</obstacles>
<global-best>12.0045081248885</global-best>

</iteration>
<iterations>200</iterations>
<elapsed-time>281</elapsed-time>
<average-time>0</average-time>
</simulation>