<?xml version="1.0" encoding="UTF-8"?>
<simulation>
<software>charlie-simulation-framework; v1.0.0; Jakob Rieke</software>
<system>Unix; Unix 18.2.0.0; 18.2.0.0</system>
<datetime>6/12/2019 11:53:57 AM</datetime>
<title>Static SP with GA</title>
<meta>Author: Jakob Rieke; Version v1.3.0</meta>
<configuration>
  Zoom = 40
  SizeTeamA = 1
  SizeTeamB = 1
  FieldHeight = 9
  FieldWidth = 6
  PlayerSensorRange = 12
  PlayerSensorFOV = 56.3
  PlayerSize = 0.1555
  # The function used to optimize the problem,
  # possible values are:
  # Simplex, PSO, SPSO-2006, SPSO-2011, PSO-A-IW,
  # PSO-LD-IW, PSO-Chaotic-IW, PSO-LD-IW,
  # Evolution-Strategy, Differential-Evolution,
  # Adaptive-Differential-Evolution
  Optimizer = PSO
  
</configuration>
<iteration i="0">
<sensors>[[0.96964892882937,7.66386169601206,9.24016991632613]]</sensors>
<obstacles>[[6.57106385193765, 5.5921362102963]]</obstacles>
<global-best>21.3506879000759</global-best>

</iteration>
<iteration i="200">
<sensors>[[7.34246213931822E-09,2.51553840534916E-08,28.1499994366416]]</sensors>
<obstacles>[[6.57106385193765, 5.5921362102963]]</obstacles>
<global-best>12.2089622569792</global-best>

</iteration>
<iterations>200</iterations>
<elapsed-time>301</elapsed-time>
<average-time>0</average-time>
</simulation>