<?xml version="1.0" encoding="UTF-8"?>
<simulation>
<software>charlie-simulation-framework; v1.0.0; Jakob Rieke</software>
<system>Unix; Unix 18.2.0.0; 18.2.0.0</system>
<datetime>6/12/2019 11:53:59 AM</datetime>
<title>Static SP with GA</title>
<meta>Author: Jakob Rieke; Version v1.3.0</meta>
<configuration>
  Zoom = 40
  SizeTeamA = 1
  SizeTeamB = 1
  FieldHeight = 9
  FieldWidth = 6
  PlayerSensorRange = 12
  PlayerSensorFOV = 56.3
  PlayerSize = 0.1555
  # The function used to optimize the problem,
  # possible values are:
  # Simplex, PSO, SPSO-2006, SPSO-2011, PSO-A-IW,
  # PSO-LD-IW, PSO-Chaotic-IW, PSO-LD-IW,
  # Evolution-Strategy, Differential-Evolution,
  # Adaptive-Differential-Evolution
  Optimizer = PSO
  
</configuration>
<iteration i="0">
<sensors>[[0.419951973538242,-2.73442819869857,43.5106329975096]]</sensors>
<obstacles>[[4.32696515601128, 1.09285703161731]]</obstacles>
<global-best>24.9020812773205</global-best>

</iteration>
<iteration i="200">
<sensors>[[8.32994146746489E-09,1.38255162905887E-08,28.1499995336457]]</sensors>
<obstacles>[[4.32696515601128, 1.09285703161731]]</obstacles>
<global-best>14.3161987574761</global-best>

</iteration>
<iterations>200</iterations>
<elapsed-time>518</elapsed-time>
<average-time>0</average-time>
</simulation>