<?xml version="1.0" encoding="UTF-8"?>
<simulation>
<software>charlie-simulation-framework; v1.0.0; Jakob Rieke</software>
<system>Unix; Unix 18.2.0.0; 18.2.0.0</system>
<datetime>6/12/2019 11:54:07 AM</datetime>
<title>Static SP with GA</title>
<meta>Author: Jakob Rieke; Version v1.3.0</meta>
<configuration>
  Zoom = 40
  SizeTeamA = 1
  SizeTeamB = 1
  FieldHeight = 9
  FieldWidth = 6
  PlayerSensorRange = 12
  PlayerSensorFOV = 56.3
  PlayerSize = 0.1555
  # The function used to optimize the problem,
  # possible values are:
  # Simplex, PSO, SPSO-2006, SPSO-2011, PSO-A-IW,
  # PSO-LD-IW, PSO-Chaotic-IW, PSO-LD-IW,
  # Evolution-Strategy, Differential-Evolution,
  # Adaptive-Differential-Evolution
  Optimizer = PSO
  
</configuration>
<iteration i="0">
<sensors>[[8.87208121679707,-2.72916323387455,223.545628834675]]</sensors>
<obstacles>[[2.66245928546414, 5.84334503347054]]</obstacles>
<global-best>23.717995928702</global-best>

</iteration>
<iteration i="200">
<sensors>[[8.99999999196899,5.99999998488018,210.971520941206]]</sensors>
<obstacles>[[2.66245928546414, 5.84334503347054]]</obstacles>
<global-best>12.7596270648573</global-best>

</iteration>
<iterations>200</iterations>
<elapsed-time>307</elapsed-time>
<average-time>0</average-time>
</simulation>