<?xml version="1.0" encoding="UTF-8"?>
<simulation>
<software>charlie-simulation-framework; v1.0.0; Jakob Rieke</software>
<system>Unix; Unix 18.2.0.0; 18.2.0.0</system>
<datetime>6/12/2019 11:54:09 AM</datetime>
<title>Static SP with GA</title>
<meta>Author: Jakob Rieke; Version v1.3.0</meta>
<configuration>
  Zoom = 40
  SizeTeamA = 1
  SizeTeamB = 1
  FieldHeight = 9
  FieldWidth = 6
  PlayerSensorRange = 12
  PlayerSensorFOV = 56.3
  PlayerSize = 0.1555
  # The function used to optimize the problem,
  # possible values are:
  # Simplex, PSO, SPSO-2006, SPSO-2011, PSO-A-IW,
  # PSO-LD-IW, PSO-Chaotic-IW, PSO-LD-IW,
  # Evolution-Strategy, Differential-Evolution,
  # Adaptive-Differential-Evolution
  Optimizer = PSO
  
</configuration>
<iteration i="0">
<sensors>[[11.4180834496118,-0.436206430470036,259.341897156999]]</sensors>
<obstacles>[[5.59356685727835, 4.8635717430152]]</obstacles>
<global-best>35.0593288646876</global-best>

</iteration>
<iteration i="200">
<sensors>[[8.9999999258538,1.8292622989955E-08,151.850000535944]]</sensors>
<obstacles>[[5.59356685727835, 4.8635717430152]]</obstacles>
<global-best>12.4602065812897</global-best>

</iteration>
<iterations>200</iterations>
<elapsed-time>311</elapsed-time>
<average-time>0</average-time>
</simulation>