<?xml version="1.0" encoding="UTF-8"?>
<simulation>
<software>charlie-simulation-framework; v1.0.0; Jakob Rieke</software>
<system>Unix; Unix 18.2.0.0; 18.2.0.0</system>
<datetime>6/12/2019 11:54:08 AM</datetime>
<title>Static SP with GA</title>
<meta>Author: Jakob Rieke; Version v1.3.0</meta>
<configuration>
  Zoom = 40
  SizeTeamA = 1
  SizeTeamB = 1
  FieldHeight = 9
  FieldWidth = 6
  PlayerSensorRange = 12
  PlayerSensorFOV = 56.3
  PlayerSize = 0.1555
  # The function used to optimize the problem,
  # possible values are:
  # Simplex, PSO, SPSO-2006, SPSO-2011, PSO-A-IW,
  # PSO-LD-IW, PSO-Chaotic-IW, PSO-LD-IW,
  # Evolution-Strategy, Differential-Evolution,
  # Adaptive-Differential-Evolution
  Optimizer = PSO
  
</configuration>
<iteration i="0">
<sensors>[[5.51533335159377,0.584792763262588,345.359263416336]]</sensors>
<obstacles>[[1.19154748739675, 4.57317512528971]]</obstacles>
<global-best>40.1971305394507</global-best>

</iteration>
<iteration i="200">
<sensors>[[2.82583619123262E-07,4.04709728804698,348.815069225515]]</sensors>
<obstacles>[[1.19154748739675, 4.57317512528971]]</obstacles>
<global-best>16.244041048375</global-best>

</iteration>
<iterations>200</iterations>
<elapsed-time>384</elapsed-time>
<average-time>0</average-time>
</simulation>