<?xml version="1.0" encoding="UTF-8"?>
<simulation>
<software>charlie-simulation-framework; v1.0.0; Jakob Rieke</software>
<system>Unix; Unix 18.2.0.0; 18.2.0.0</system>
<datetime>6/12/2019 11:54:02 AM</datetime>
<title>Static SP with GA</title>
<meta>Author: Jakob Rieke; Version v1.3.0</meta>
<configuration>
  Zoom = 40
  SizeTeamA = 1
  SizeTeamB = 1
  FieldHeight = 9
  FieldWidth = 6
  PlayerSensorRange = 12
  PlayerSensorFOV = 56.3
  PlayerSize = 0.1555
  # The function used to optimize the problem,
  # possible values are:
  # Simplex, PSO, SPSO-2006, SPSO-2011, PSO-A-IW,
  # PSO-LD-IW, PSO-Chaotic-IW, PSO-LD-IW,
  # Evolution-Strategy, Differential-Evolution,
  # Adaptive-Differential-Evolution
  Optimizer = PSO
  
</configuration>
<iteration i="0">
<sensors>[[-0.304817027731066,4.2994923330096,65.2127594571968]]</sensors>
<obstacles>[[1.20678253518417, 2.6226599207148]]</obstacles>
<global-best>39.4158528305016</global-best>

</iteration>
<iteration i="200">
<sensors>[[2.77780825382265E-09,2.5637458959456E-08,28.1499992836284]]</sensors>
<obstacles>[[1.20678253518417, 2.6226599207148]]</obstacles>
<global-best>12.0045082033424</global-best>

</iteration>
<iterations>200</iterations>
<elapsed-time>357</elapsed-time>
<average-time>0</average-time>
</simulation>