<?xml version="1.0" encoding="UTF-8"?>
<simulation>
<software>charlie-simulation-framework; v1.0.0; Jakob Rieke</software>
<system>Unix; Unix 18.2.0.0; 18.2.0.0</system>
<datetime>6/12/2019 11:54:00 AM</datetime>
<title>Static SP with GA</title>
<meta>Author: Jakob Rieke; Version v1.3.0</meta>
<configuration>
  Zoom = 40
  SizeTeamA = 1
  SizeTeamB = 1
  FieldHeight = 9
  FieldWidth = 6
  PlayerSensorRange = 12
  PlayerSensorFOV = 56.3
  PlayerSize = 0.1555
  # The function used to optimize the problem,
  # possible values are:
  # Simplex, PSO, SPSO-2006, SPSO-2011, PSO-A-IW,
  # PSO-LD-IW, PSO-Chaotic-IW, PSO-LD-IW,
  # Evolution-Strategy, Differential-Evolution,
  # Adaptive-Differential-Evolution
  Optimizer = PSO
  
</configuration>
<iteration i="0">
<sensors>[[1.20179330241318,-2.23791826641567,238.320642877028]]</sensors>
<obstacles>[[0.594170023687184, 3.79126993753016]]</obstacles>
<global-best>28.9222239842328</global-best>

</iteration>
<iteration i="200">
<sensors>[[8.99999999913505,5.99999999822918,208.149999986378]]</sensors>
<obstacles>[[0.594170023687184, 3.79126993753016]]</obstacles>
<global-best>12.2032515271074</global-best>

</iteration>
<iterations>200</iterations>
<elapsed-time>297</elapsed-time>
<average-time>0</average-time>
</simulation>