<?xml version="1.0" encoding="UTF-8"?>
<simulation>
<software>charlie-simulation-framework; v1.0.0; Jakob Rieke</software>
<system>Unix; Unix 18.2.0.0; 18.2.0.0</system>
<datetime>6/12/2019 11:53:57 AM</datetime>
<title>Static SP with GA</title>
<meta>Author: Jakob Rieke; Version v1.3.0</meta>
<configuration>
  Zoom = 40
  SizeTeamA = 1
  SizeTeamB = 1
  FieldHeight = 9
  FieldWidth = 6
  PlayerSensorRange = 12
  PlayerSensorFOV = 56.3
  PlayerSize = 0.1555
  # The function used to optimize the problem,
  # possible values are:
  # Simplex, PSO, SPSO-2006, SPSO-2011, PSO-A-IW,
  # PSO-LD-IW, PSO-Chaotic-IW, PSO-LD-IW,
  # Evolution-Strategy, Differential-Evolution,
  # Adaptive-Differential-Evolution
  Optimizer = PSO
  
</configuration>
<iteration i="0">
<sensors>[[3.68974368769037,2.36122223072327,291.679137773247]]</sensors>
<obstacles>[[5.56926238280721, 4.6453230525367]]</obstacles>
<global-best>28.710353834839</global-best>

</iteration>
<iteration i="200">
<sensors>[[2.65822108755067E-09,5.99999998971044,331.850000564974]]</sensors>
<obstacles>[[5.56926238280721, 4.6453230525367]]</obstacles>
<global-best>13.4427331108893</global-best>

</iteration>
<iterations>200</iterations>
<elapsed-time>398</elapsed-time>
<average-time>0</average-time>
</simulation>