<?xml version="1.0" encoding="UTF-8"?>
<simulation>
<software>charlie-simulation-framework; v1.0.0; Jakob Rieke</software>
<system>Unix; Unix 18.2.0.0; 18.2.0.0</system>
<datetime>6/12/2019 11:53:58 AM</datetime>
<title>Static SP with GA</title>
<meta>Author: Jakob Rieke; Version v1.3.0</meta>
<configuration>
  Zoom = 40
  SizeTeamA = 1
  SizeTeamB = 1
  FieldHeight = 9
  FieldWidth = 6
  PlayerSensorRange = 12
  PlayerSensorFOV = 56.3
  PlayerSize = 0.1555
  # The function used to optimize the problem,
  # possible values are:
  # Simplex, PSO, SPSO-2006, SPSO-2011, PSO-A-IW,
  # PSO-LD-IW, PSO-Chaotic-IW, PSO-LD-IW,
  # Evolution-Strategy, Differential-Evolution,
  # Adaptive-Differential-Evolution
  Optimizer = PSO
  
</configuration>
<iteration i="0">
<sensors>[[8.3491171529402,2.75810799990675,222.922520881236]]</sensors>
<obstacles>[[3.70859655481763, 4.65532756783068]]</obstacles>
<global-best>21.2841295429725</global-best>

</iteration>
<iteration i="200">
<sensors>[[8.99999999913032,5.99999999408749,208.149999570394]]</sensors>
<obstacles>[[3.70859655481763, 4.65532756783068]]</obstacles>
<global-best>13.6137296404618</global-best>

</iteration>
<iterations>200</iterations>
<elapsed-time>363</elapsed-time>
<average-time>0</average-time>
</simulation>