<?xml version="1.0" encoding="UTF-8"?>
<simulation>
<software>charlie-simulation-framework; v1.0.0; Jakob Rieke</software>
<system>Unix; Unix 18.2.0.0; 18.2.0.0</system>
<datetime>6/12/2019 11:54:01 AM</datetime>
<title>Static SP with GA</title>
<meta>Author: Jakob Rieke; Version v1.3.0</meta>
<configuration>
  Zoom = 40
  SizeTeamA = 1
  SizeTeamB = 1
  FieldHeight = 9
  FieldWidth = 6
  PlayerSensorRange = 12
  PlayerSensorFOV = 56.3
  PlayerSize = 0.1555
  # The function used to optimize the problem,
  # possible values are:
  # Simplex, PSO, SPSO-2006, SPSO-2011, PSO-A-IW,
  # PSO-LD-IW, PSO-Chaotic-IW, PSO-LD-IW,
  # Evolution-Strategy, Differential-Evolution,
  # Adaptive-Differential-Evolution
  Optimizer = PSO
  
</configuration>
<iteration i="0">
<sensors>[[8.4817261810764,3.55213543346181,288.910409803772]]</sensors>
<obstacles>[[0.500773617764935, 1.64646025188267]]</obstacles>
<global-best>31.8859118351856</global-best>

</iteration>
<iteration i="200">
<sensors>[[8.60380583771481E-09,5.99999999876933,331.850000338394]]</sensors>
<obstacles>[[0.500773617764935, 1.64646025188267]]</obstacles>
<global-best>12.0045081497017</global-best>

</iteration>
<iterations>200</iterations>
<elapsed-time>303</elapsed-time>
<average-time>0</average-time>
</simulation>