<?xml version="1.0" encoding="UTF-8"?>
<simulation>
<software>charlie-simulation-framework; v1.0.0; Jakob Rieke</software>
<system>Unix; Unix 18.2.0.0; 18.2.0.0</system>
<datetime>6/12/2019 11:54:06 AM</datetime>
<title>Static SP with GA</title>
<meta>Author: Jakob Rieke; Version v1.3.0</meta>
<configuration>
  Zoom = 40
  SizeTeamA = 1
  SizeTeamB = 1
  FieldHeight = 9
  FieldWidth = 6
  PlayerSensorRange = 12
  PlayerSensorFOV = 56.3
  PlayerSize = 0.1555
  # The function used to optimize the problem,
  # possible values are:
  # Simplex, PSO, SPSO-2006, SPSO-2011, PSO-A-IW,
  # PSO-LD-IW, PSO-Chaotic-IW, PSO-LD-IW,
  # Evolution-Strategy, Differential-Evolution,
  # Adaptive-Differential-Evolution
  Optimizer = PSO
  
</configuration>
<iteration i="0">
<sensors>[[9.23420566893919,4.38653443681573,348.348154588223]]</sensors>
<obstacles>[[8.39507741946727, 2.80746239935979]]</obstacles>
<global-best>36.2548692559501</global-best>

</iteration>
<iteration i="200">
<sensors>[[2.98210668843856E-08,5.99999998212845,331.850000628775]]</sensors>
<obstacles>[[8.39507741946727, 2.80746239935979]]</obstacles>
<global-best>12.21397340889</global-best>

</iteration>
<iterations>200</iterations>
<elapsed-time>307</elapsed-time>
<average-time>0</average-time>
</simulation>