<?xml version="1.0" encoding="UTF-8"?>
<simulation>
<software>charlie-simulation-framework; v1.0.0; Jakob Rieke</software>
<system>Unix; Unix 18.2.0.0; 18.2.0.0</system>
<datetime>6/12/2019 11:54:04 AM</datetime>
<title>Static SP with GA</title>
<meta>Author: Jakob Rieke; Version v1.3.0</meta>
<configuration>
  Zoom = 40
  SizeTeamA = 1
  SizeTeamB = 1
  FieldHeight = 9
  FieldWidth = 6
  PlayerSensorRange = 12
  PlayerSensorFOV = 56.3
  PlayerSize = 0.1555
  # The function used to optimize the problem,
  # possible values are:
  # Simplex, PSO, SPSO-2006, SPSO-2011, PSO-A-IW,
  # PSO-LD-IW, PSO-Chaotic-IW, PSO-LD-IW,
  # Evolution-Strategy, Differential-Evolution,
  # Adaptive-Differential-Evolution
  Optimizer = PSO
  
</configuration>
<iteration i="0">
<sensors>[[-3.74982823218553,3.13283968785297,142.653473318596]]</sensors>
<obstacles>[[5.00750587019138, 0.359407825861126]]</obstacles>
<global-best>33.7574586368777</global-best>

</iteration>
<iteration i="200">
<sensors>[[8.99999996855082,3.26127606015849E-07,144.482921375566]]</sensors>
<obstacles>[[5.00750587019138, 0.359407825861126]]</obstacles>
<global-best>14.1453992613673</global-best>

</iteration>
<iterations>200</iterations>
<elapsed-time>403</elapsed-time>
<average-time>0</average-time>
</simulation>