<?xml version="1.0" encoding="UTF-8"?>
<simulation>
<software>charlie-simulation-framework; v1.0.0; Jakob Rieke</software>
<system>Unix; Unix 18.2.0.0; 18.2.0.0</system>
<datetime>7/9/2019 10:29:40 PM</datetime>
<title>Static Sensor Positioning</title>
<meta>Author: Jakob Rieke; Version v1.4.0; Deterministic: No</meta>
<configuration>
  Zoom = 40
  NumberOfSensors = 4
  NumberOfObstacles = 4
  FieldHeight = 9
  FieldWidth = 6
  PlayerSensorRange = 12
  PlayerSensorFOV = 56.3
  PlayerSize = 0.1555
  Optimizer = SPSO-2006
  </configuration>
<iteration i="0">
<sensors>[[6.7895968335215,5.28726883046329,231.516310460866], [8.17437684629112,2.22336261067539,226.523280730471], [7.7915124851279,0.156087246257812,147.276498489082], [5.1787809880916,5.32562090316787,296.636497797444]]</sensors>
<obstacles>[[0.619375376729295, 1.61064477218315], [6.97660309472121, 4.04717095987871], [8.33800834743306, 5.54642298817635], [8.74919946771115, 1.88835296127945]]</obstacles>
<global-best>8.92820953741068</global-best>
</iteration>
<iteration i="600">
<sensors>[[8.99976310088667,0.854952570481613,160.971493602404], [8.9999394546063,5.94877898427365,241.850250018577], [0.0446142595734369,5.7073378469151,353.37391836383], [1.05368553859418,5.9982562683719,258.65073619435]]</sensors>
<obstacles>[[0.619375376729295, 1.61064477218315], [6.97660309472121, 4.04717095987871], [8.33800834743306, 5.54642298817635], [8.74919946771115, 1.88835296127945]]</obstacles>
<global-best>0.149922229815971</global-best>
</iteration>
<iterations>600</iterations>
<elapsed-time>23712</elapsed-time>
<average-time>0</average-time>
</simulation>