<?xml version="1.0" encoding="UTF-8"?>
<simulation>
<software>charlie-simulation-framework; v1.0.0; Jakob Rieke</software>
<system>Unix; Unix 18.2.0.0; 18.2.0.0</system>
<datetime>7/9/2019 4:32:43 PM</datetime>
<title>Static Sensor Positioning</title>
<meta>Author: Jakob Rieke; Version v1.4.0; Deterministic: No</meta>
<configuration>
  Zoom = 40
  NumberOfSensors = 4
  NumberOfObstacles = 4
  FieldHeight = 9
  FieldWidth = 6
  PlayerSensorRange = 12
  PlayerSensorFOV = 56.3
  PlayerSize = 0.1555
  Optimizer = SPSO-2006
  </configuration>
<iteration i="0">
<sensors>[[7.71536411647685,1.10266596358269,170.048810429871], [0.317005432443693,4.67361588589847,358.689213423058], [2.99492437555455,0.585649145767093,94.1112094279379], [7.27452744729817,4.60766991181299,95.7446479797363]]</sensors>
<obstacles>[[4.70729682664387, 1.01005170866847], [7.62996897473931, 4.93300663400441], [3.3787825035397, 3.39724552072585], [1.61294527421705, 1.56624541757628]]</obstacles>
<global-best>9.6701515576208</global-best>
</iteration>
<iteration i="600">
<sensors>[[8.99999571700701,0.080555972039862,159.235307886418], [9.86929808909352E-06,5.50099254543601,341.230632767573], [2.22444670447624,0.0012490564756748,26.8021905002514], [6.5546770051322,4.09499579435564,194.757041844618]]</sensors>
<obstacles>[[4.70729682664387, 1.01005170866847], [7.62996897473931, 4.93300663400441], [3.3787825035397, 3.39724552072585], [1.61294527421705, 1.56624541757628]]</obstacles>
<global-best>0.220096403833911</global-best>
</iteration>
<iterations>600</iterations>
<elapsed-time>27999</elapsed-time>
<average-time>0</average-time>
</simulation>