<?xml version="1.0" encoding="UTF-8"?>
<simulation>
<software>charlie-simulation-framework; v1.0.0; Jakob Rieke</software>
<system>Unix; Unix 18.2.0.0; 18.2.0.0</system>
<datetime>7/9/2019 10:31:15 PM</datetime>
<title>Static Sensor Positioning</title>
<meta>Author: Jakob Rieke; Version v1.4.0; Deterministic: No</meta>
<configuration>
  Zoom = 40
  NumberOfSensors = 4
  NumberOfObstacles = 4
  FieldHeight = 9
  FieldWidth = 6
  PlayerSensorRange = 12
  PlayerSensorFOV = 56.3
  PlayerSize = 0.1555
  Optimizer = SPSO-2006
  </configuration>
<iteration i="0">
<sensors>[[6.9575007436797,5.04044910846278,185.935682198033], [1.74870004691184,5.86805224372074,260.760031510144], [6.31793513079174,0.558074975386262,89.0461446996778], [7.72167597035877,5.76951842475683,218.891751011834]]</sensors>
<obstacles>[[3.88626940967515, 1.52447407040745], [2.32129092165269, 0.535553920548409], [7.54051048960537, 3.75359511002898], [4.86114605795592, 3.4902952532284]]</obstacles>
<global-best>14.0987718300242</global-best>
</iteration>
<iteration i="600">
<sensors>[[8.99999999319489,4.90098447165156,242.960425289471], [8.99968055393868,0.000369331099635678,152.924480200747], [3.05215169871495,5.99999410651174,253.215041996283], [0.00126212000003151,5.24100173587289,0.558958940233143]]</sensors>
<obstacles>[[3.88626940967515, 1.52447407040745], [2.32129092165269, 0.535553920548409], [7.54051048960537, 3.75359511002898], [4.86114605795592, 3.4902952532284]]</obstacles>
<global-best>0.0724746798846123</global-best>
</iteration>
<iterations>600</iterations>
<elapsed-time>24371</elapsed-time>
<average-time>0</average-time>
</simulation>