<?xml version="1.0" encoding="UTF-8"?>
<simulation>
<software>charlie-simulation-framework; v1.0.0; Jakob Rieke</software>
<system>Unix; Unix 18.2.0.0; 18.2.0.0</system>
<datetime>7/9/2019 10:15:05 PM</datetime>
<title>Static Sensor Positioning</title>
<meta>Author: Jakob Rieke; Version v1.4.0; Deterministic: No</meta>
<configuration>
  Zoom = 40
  NumberOfSensors = 4
  NumberOfObstacles = 4
  FieldHeight = 9
  FieldWidth = 6
  PlayerSensorRange = 12
  PlayerSensorFOV = 56.3
  PlayerSize = 0.1555
  Optimizer = SPSO-2006
  </configuration>
<iteration i="0">
<sensors>[[4.85895596095361,3.18059968482703,225.097982436419], [5.09944984107278,4.14260628260672,182.310667913407], [2.3396688667126,4.41825551725924,329.216576395556], [6.04045651783235,2.8762441878207,45.304038785398]]</sensors>
<obstacles>[[7.39307009079494, 3.14849580824375], [3.10987679637037, 2.20157612068579], [7.85530134779401, 4.27739098342136], [7.50167307746597, 2.40739697171375]]</obstacles>
<global-best>15.8276822447249</global-best>
</iteration>
<iteration i="600">
<sensors>[[0.00161086588654374,0.000632742649445521,23.7863406444713], [8.99998116509917,1.46288802988781,167.162514854826], [0.00234364760435615,2.65382880785687,344.447658678543], [0.024787618462022,5.94046070642275,348.145712514163]]</sensors>
<obstacles>[[7.39307009079494, 3.14849580824375], [3.10987679637037, 2.20157612068579], [7.85530134779401, 4.27739098342136], [7.50167307746597, 2.40739697171375]]</obstacles>
<global-best>0.242181383425378</global-best>
</iteration>
<iterations>600</iterations>
<elapsed-time>25182</elapsed-time>
<average-time>0</average-time>
</simulation>