<?xml version="1.0" encoding="UTF-8"?>
<simulation>
<software>charlie-simulation-framework; v1.0.0; Jakob Rieke</software>
<system>Unix; Unix 18.2.0.0; 18.2.0.0</system>
<datetime>7/9/2019 4:28:58 PM</datetime>
<title>Static Sensor Positioning</title>
<meta>Author: Jakob Rieke; Version v1.4.0; Deterministic: No</meta>
<configuration>
  Zoom = 40
  NumberOfSensors = 4
  NumberOfObstacles = 4
  FieldHeight = 9
  FieldWidth = 6
  PlayerSensorRange = 12
  PlayerSensorFOV = 56.3
  PlayerSize = 0.1555
  Optimizer = SPSO-2006
  </configuration>
<iteration i="0">
<sensors>[[8.34047522745095,4.15790892764926,16.1856493167579], [4.01894048438407,1.29546525841579,349.467943031341], [8.49590507824905,2.850441114977,137.01849270612], [4.82172209070995,5.12841656478122,259.107033116743]]</sensors>
<obstacles>[[6.88328386307694, 5.32594024529681], [7.56326653528959, 5.30554764065892], [3.43022140930407, 5.05075787007809], [1.15156738716178, 2.6141893202439]]</obstacles>
<global-best>19.8871169880925</global-best>
</iteration>
<iteration i="600">
<sensors>[[8.9999892834427,2.9465188998734,182.110189507114], [0.0162811704883435,5.97338720607702,336.642484749465], [7.2993610338613,8.01684234914994E-05,86.6234969462775], [7.4842913333973E-05,2.62113381916634,353.549575863111]]</sensors>
<obstacles>[[6.88328386307694, 5.32594024529681], [7.56326653528959, 5.30554764065892], [3.43022140930407, 5.05075787007809], [1.15156738716178, 2.6141893202439]]</obstacles>
<global-best>0.148939618978965</global-best>
</iteration>
<iterations>600</iterations>
<elapsed-time>24677</elapsed-time>
<average-time>0</average-time>
</simulation>