<?xml version="1.0" encoding="UTF-8"?>
<simulation>
<software>charlie-simulation-framework; v1.0.0; Jakob Rieke</software>
<system>Unix; Unix 18.2.0.0; 18.2.0.0</system>
<datetime>7/9/2019 10:18:57 PM</datetime>
<title>Static Sensor Positioning</title>
<meta>Author: Jakob Rieke; Version v1.4.0; Deterministic: No</meta>
<configuration>
  Zoom = 40
  NumberOfSensors = 4
  NumberOfObstacles = 4
  FieldHeight = 9
  FieldWidth = 6
  PlayerSensorRange = 12
  PlayerSensorFOV = 56.3
  PlayerSize = 0.1555
  Optimizer = SPSO-2006
  </configuration>
<iteration i="0">
<sensors>[[8.63564223772846,0.28202465409413,162.087966129184], [7.66923025553115,1.54467327799648,77.546036336571], [6.64906318369322,2.52383127529174,202.672975407913], [5.35622871969827,3.7353120543994,16.1137200146914]]</sensors>
<obstacles>[[3.64745295792818, 1.02118733664975], [8.09360644267872, 1.87823284976184], [1.50198183045723, 0.402979431208223], [8.25230941409245, 3.74756501521915]]</obstacles>
<global-best>10.0375843289361</global-best>
</iteration>
<iteration i="600">
<sensors>[[8.99381246602584,5.9115238172851,205.627359902741], [0.0159174492031638,5.99708030090564,322.441899333082], [0.0243992960564394,0.00501413330849887,10.5912912663445], [8.96966442814923,0.56310085038725,113.593594801042]]</sensors>
<obstacles>[[3.64745295792818, 1.02118733664975], [8.09360644267872, 1.87823284976184], [1.50198183045723, 0.402979431208223], [8.25230941409245, 3.74756501521915]]</obstacles>
<global-best>0.0752004725738953</global-best>
</iteration>
<iterations>600</iterations>
<elapsed-time>23170</elapsed-time>
<average-time>0</average-time>
</simulation>