<?xml version="1.0" encoding="UTF-8"?>
<simulation>
<software>charlie-simulation-framework; v1.0.0; Jakob Rieke</software>
<system>Unix; Unix 18.2.0.0; 18.2.0.0</system>
<datetime>7/9/2019 4:19:08 PM</datetime>
<title>Static Sensor Positioning</title>
<meta>Author: Jakob Rieke; Version v1.4.0; Deterministic: No</meta>
<configuration>
  Zoom = 40
  NumberOfSensors = 4
  NumberOfObstacles = 4
  FieldHeight = 9
  FieldWidth = 6
  PlayerSensorRange = 12
  PlayerSensorFOV = 56.3
  PlayerSize = 0.1555
  Optimizer = SPSO-2006
  </configuration>
<iteration i="0">
<sensors>[[6.27022920828313,1.24825329752639,26.791121782735], [0.922876993194222,5.75217581726611,334.9131977465], [8.37900971132331,2.75880544167012,346.346749523655], [0.920269043650478,3.39993427181616,299.534911466762]]</sensors>
<obstacles>[[5.18361655622721, 4.9164101248607], [8.51082772831433, 4.36435865610838], [2.93957315571606, 2.07807418657467], [8.36059914389625, 5.55400182679296]]</obstacles>
<global-best>13.0854153637628</global-best>
</iteration>
<iteration i="600">
<sensors>[[8.99899425679252,3.88314823282166,188.480790523117], [0.00203430077088388,0.704473517931996,16.8975901662123], [8.99811995411952,0.00866348327778656,151.920370139583], [3.19075220978365,5.99998632216225,359.975703799798]]</sensors>
<obstacles>[[5.18361655622721, 4.9164101248607], [8.51082772831433, 4.36435865610838], [2.93957315571606, 2.07807418657467], [8.36059914389625, 5.55400182679296]]</obstacles>
<global-best>0.194146939293693</global-best>
</iteration>
<iterations>600</iterations>
<elapsed-time>24045</elapsed-time>
<average-time>0</average-time>
</simulation>