<?xml version="1.0" encoding="UTF-8"?>
<simulation>
<software>charlie-simulation-framework; v1.0.0; Jakob Rieke</software>
<system>Unix; Unix 18.2.0.0; 18.2.0.0</system>
<datetime>7/9/2019 4:20:49 PM</datetime>
<title>Static Sensor Positioning</title>
<meta>Author: Jakob Rieke; Version v1.4.0; Deterministic: No</meta>
<configuration>
  Zoom = 40
  NumberOfSensors = 4
  NumberOfObstacles = 4
  FieldHeight = 9
  FieldWidth = 6
  PlayerSensorRange = 12
  PlayerSensorFOV = 56.3
  PlayerSize = 0.1555
  Optimizer = SPSO-2006
  </configuration>
<iteration i="0">
<sensors>[[6.92106730747037,4.83223531208932,188.427224541083], [0.952370995189995,5.86945899389684,338.967829495668], [3.21598178101704,3.17710607405752,200.440018130466], [0.146127870306373,1.41494826693088,119.117324799299]]</sensors>
<obstacles>[[7.86486993357539, 4.27839461993426], [2.09598017809913, 0.540827389340848], [6.92644444922917, 2.30810615792871], [8.39137013931759, 1.42295709159225]]</obstacles>
<global-best>10.1203038939011</global-best>
</iteration>
<iteration i="600">
<sensors>[[8.99985266267536,5.36471884187176,204.184143569651], [0.000673610010220074,1.2030179160616,343.159902574147], [0.000234817408374356,0.00085905403168953,360], [0.0011146763304875,5.99999983563709,0]]</sensors>
<obstacles>[[7.86486993357539, 4.27839461993426], [2.09598017809913, 0.540827389340848], [6.92644444922917, 2.30810615792871], [8.39137013931759, 1.42295709159225]]</obstacles>
<global-best>0.249267921396929</global-best>
</iteration>
<iterations>600</iterations>
<elapsed-time>23944</elapsed-time>
<average-time>0</average-time>
</simulation>