<?xml version="1.0" encoding="UTF-8"?>
<simulation>
<software>charlie-simulation-framework; v1.0.0; Jakob Rieke</software>
<system>Unix; Unix 18.2.0.0; 18.2.0.0</system>
<datetime>7/9/2019 10:19:20 PM</datetime>
<title>Static Sensor Positioning</title>
<meta>Author: Jakob Rieke; Version v1.4.0; Deterministic: No</meta>
<configuration>
  Zoom = 40
  NumberOfSensors = 4
  NumberOfObstacles = 4
  FieldHeight = 9
  FieldWidth = 6
  PlayerSensorRange = 12
  PlayerSensorFOV = 56.3
  PlayerSize = 0.1555
  Optimizer = SPSO-2006
  </configuration>
<iteration i="0">
<sensors>[[1.4346938857343,5.96433424204588,291.316173858941], [5.15195632260293,5.74842843180522,190.56546648033], [0.80696136597544,3.03516827663407,357.908995617181], [1.51366063789465,1.65651449700817,42.5479771569371]]</sensors>
<obstacles>[[6.6234765315894, 4.13986383145675], [0.421798347495496, 3.94021084299311], [5.24701703712344, 2.71951449103653], [8.54702732828446, 0.507819967344403]]</obstacles>
<global-best>5.19715689841046</global-best>
</iteration>
<iteration i="600">
<sensors>[[5.65505906818629,1.38572774830687,127.790296124771], [6.95922837275093,0.000180984489106957,160.570535473762], [8.99810682528216,5.70290464913257,241.890885213434], [0.000146200311841622,4.8709116221725,350.43146800266]]</sensors>
<obstacles>[[6.6234765315894, 4.13986383145675], [0.421798347495496, 3.94021084299311], [5.24701703712344, 2.71951449103653], [8.54702732828446, 0.507819967344403]]</obstacles>
<global-best>0.225437569665045</global-best>
</iteration>
<iterations>600</iterations>
<elapsed-time>23519</elapsed-time>
<average-time>0</average-time>
</simulation>