<?xml version="1.0" encoding="UTF-8"?>
<simulation>
<software>charlie-simulation-framework; v1.0.0; Jakob Rieke</software>
<system>Unix; Unix 18.2.0.0; 18.2.0.0</system>
<datetime>7/9/2019 4:31:07 PM</datetime>
<title>Static Sensor Positioning</title>
<meta>Author: Jakob Rieke; Version v1.4.0; Deterministic: No</meta>
<configuration>
  Zoom = 40
  NumberOfSensors = 4
  NumberOfObstacles = 4
  FieldHeight = 9
  FieldWidth = 6
  PlayerSensorRange = 12
  PlayerSensorFOV = 56.3
  PlayerSize = 0.1555
  Optimizer = SPSO-2006
  </configuration>
<iteration i="0">
<sensors>[[8.99561956711113,0.0615139938890934,49.2557646520436], [5.70732114999555,0.144461201503873,12.1479526162148], [8.69094866258092,3.90291666146368,135.996387088671], [8.51868785591796,5.19750974094495,210.141816157848]]</sensors>
<obstacles>[[7.89946721540764, 0.12751099281013], [0.445597634185106, 1.77590770320967], [0.74343472905457, 5.92047525895759], [2.61208469490521, 0.715252922382206]]</obstacles>
<global-best>10.1633364267417</global-best>
</iteration>
<iteration i="600">
<sensors>[[3.02054474068088,3.80986112400356E-05,151.863646802655], [8.99789835678487,0.917053449293101,171.160786062116], [0.540914379235475,3.16342648556418,360], [2.64998917603822E-05,0.210542916070051,71.3564704097642]]</sensors>
<obstacles>[[7.89946721540764, 0.12751099281013], [0.445597634185106, 1.77590770320967], [0.74343472905457, 5.92047525895759], [2.61208469490521, 0.715252922382206]]</obstacles>
<global-best>0.244340030707243</global-best>
</iteration>
<iterations>600</iterations>
<elapsed-time>27548</elapsed-time>
<average-time>0</average-time>
</simulation>