<?xml version="1.0" encoding="UTF-8"?>
<simulation>
<software>charlie-simulation-framework; v1.0.0; Jakob Rieke</software>
<system>Unix; Unix 18.2.0.0; 18.2.0.0</system>
<datetime>7/9/2019 10:32:28 PM</datetime>
<title>Static Sensor Positioning</title>
<meta>Author: Jakob Rieke; Version v1.4.0; Deterministic: No</meta>
<configuration>
  Zoom = 40
  NumberOfSensors = 4
  NumberOfObstacles = 4
  FieldHeight = 9
  FieldWidth = 6
  PlayerSensorRange = 12
  PlayerSensorFOV = 56.3
  PlayerSize = 0.1555
  Optimizer = SPSO-2006
  </configuration>
<iteration i="0">
<sensors>[[0.35763494996354,0.443339471239597,197.33376997523], [2.37569683883339,3.12503339862451,7.94584614224732], [0.126801232108846,3.08236244972795,302.891474682838], [5.95691711059771,5.78667536191642,197.263123774901]]</sensors>
<obstacles>[[4.70426801964641, 2.13400943297893], [4.45783704053611, 5.17119047697634], [1.33864595275372, 0.1641546478495], [8.56210855138488, 0.760648943949491]]</obstacles>
<global-best>14.2449146856725</global-best>
</iteration>
<iteration i="600">
<sensors>[[1.09813800264066E-05,1.0131088432636,360], [8.99981371671923,5.9989196543326,201.073494888653], [0.000860966216051228,5.99896564283133,346.795237969458], [1.8965551001031E-05,3.20624633427989,62.2957893018935]]</sensors>
<obstacles>[[4.70426801964641, 2.13400943297893], [4.45783704053611, 5.17119047697634], [1.33864595275372, 0.1641546478495], [8.56210855138488, 0.760648943949491]]</obstacles>
<global-best>0.202083790787095</global-best>
</iteration>
<iterations>600</iterations>
<elapsed-time>23723</elapsed-time>
<average-time>0</average-time>
</simulation>