<?xml version="1.0" encoding="UTF-8"?>
<simulation>
<software>charlie-simulation-framework; v1.0.0; Jakob Rieke</software>
<system>Unix; Unix 18.2.0.0; 18.2.0.0</system>
<datetime>7/9/2019 10:20:32 PM</datetime>
<title>Static Sensor Positioning</title>
<meta>Author: Jakob Rieke; Version v1.4.0; Deterministic: No</meta>
<configuration>
  Zoom = 40
  NumberOfSensors = 4
  NumberOfObstacles = 4
  FieldHeight = 9
  FieldWidth = 6
  PlayerSensorRange = 12
  PlayerSensorFOV = 56.3
  PlayerSize = 0.1555
  Optimizer = SPSO-2006
  </configuration>
<iteration i="0">
<sensors>[[2.00462265964597,5.73691391106695,162.72162518464], [8.66607458749786,2.63318962231278,178.900677021593], [1.75261510186829,3.05025829933584,2.39340350031853], [0.111890880391002,2.44941747514531,153.212310606614]]</sensors>
<obstacles>[[0.583956236718223, 2.63039914704859], [5.33850200031884, 1.68638330558315], [3.61815371154808, 4.42401055432856], [8.27338887797669, 4.61945003969595]]</obstacles>
<global-best>11.8730219489243</global-best>
</iteration>
<iteration i="600">
<sensors>[[8.99979830736904,3.46373961466462,170.895372921438], [0.00282270762419734,2.94512972395007,360], [3.7778978640002,5.99997635494762,334.058364875432], [8.61150621027314,0.0200618371109633,156.81473044264]]</sensors>
<obstacles>[[0.583956236718223, 2.63039914704859], [5.33850200031884, 1.68638330558315], [3.61815371154808, 4.42401055432856], [8.27338887797669, 4.61945003969595]]</obstacles>
<global-best>0.257917784082433</global-best>
</iteration>
<iterations>600</iterations>
<elapsed-time>24251</elapsed-time>
<average-time>0</average-time>
</simulation>