<?xml version="1.0" encoding="UTF-8"?>
<simulation>
<software>charlie-simulation-framework; v1.0.0; Jakob Rieke</software>
<system>Unix; Unix 18.2.0.0; 18.2.0.0</system>
<datetime>7/9/2019 4:22:31 PM</datetime>
<title>Static Sensor Positioning</title>
<meta>Author: Jakob Rieke; Version v1.4.0; Deterministic: No</meta>
<configuration>
  Zoom = 40
  NumberOfSensors = 4
  NumberOfObstacles = 4
  FieldHeight = 9
  FieldWidth = 6
  PlayerSensorRange = 12
  PlayerSensorFOV = 56.3
  PlayerSize = 0.1555
  Optimizer = SPSO-2006
  </configuration>
<iteration i="0">
<sensors>[[4.67068852717057,1.86481754528359,210.132454242557], [8.79042598209344,2.64008804876357,179.842654326931], [6.77194276638329,5.30993324657902,258.819961566478], [3.89183801296167,3.52488764142618,247.248710542917]]</sensors>
<obstacles>[[1.11690781312063, 3.37824844429269], [1.55802349909209, 4.61085349554196], [4.75671454123221, 5.04288689559326], [4.45204697479494, 1.21528990706429]]</obstacles>
<global-best>15.0934214062001</global-best>
</iteration>
<iteration i="600">
<sensors>[[8.99999816593255,5.90874493057464,201.081212258078], [0.000545305540738854,1.01102102418774,357.336012794344], [8.88841208835952,1.91511049080173,178.764369064114], [9.05155907412586E-07,3.35970504600053,360]]</sensors>
<obstacles>[[1.11690781312063, 3.37824844429269], [1.55802349909209, 4.61085349554196], [4.75671454123221, 5.04288689559326], [4.45204697479494, 1.21528990706429]]</obstacles>
<global-best>0.144405273337784</global-best>
</iteration>
<iterations>600</iterations>
<elapsed-time>23127</elapsed-time>
<average-time>0</average-time>
</simulation>