<?xml version="1.0" encoding="UTF-8"?>
<simulation>
<software>charlie-simulation-framework; v1.0.0; Jakob Rieke</software>
<system>Unix; Unix 18.2.0.0; 18.2.0.0</system>
<datetime>7/9/2019 10:25:09 PM</datetime>
<title>Static Sensor Positioning</title>
<meta>Author: Jakob Rieke; Version v1.4.0; Deterministic: No</meta>
<configuration>
  Zoom = 40
  NumberOfSensors = 4
  NumberOfObstacles = 4
  FieldHeight = 9
  FieldWidth = 6
  PlayerSensorRange = 12
  PlayerSensorFOV = 56.3
  PlayerSize = 0.1555
  Optimizer = SPSO-2006
  </configuration>
<iteration i="0">
<sensors>[[5.08016613917425,4.05288969771937,171.109153954312], [7.27817890397273,2.7170847770758,205.070643369108], [8.96586182853207,5.85267315572128,269.433806044981], [5.37909600371495,3.77305508824065,24.9858971312642]]</sensors>
<obstacles>[[1.84762129629962, 1.08762566931546], [6.14056307938881, 3.39084538724273], [5.80805706675164, 5.37786234682426], [1.61266710818745, 0.492477184161544]]</obstacles>
<global-best>11.8020397249392</global-best>
</iteration>
<iteration i="600">
<sensors>[[0.00562467386071142,5.33283493136369,0], [0.00206390826022357,0.999563498916642,360], [8.99575893805367,0.0155745213766899,162.220284020842], [8.99127326300304,5.50121089522812,190.898567925628]]</sensors>
<obstacles>[[1.84762129629962, 1.08762566931546], [6.14056307938881, 3.39084538724273], [5.80805706675164, 5.37786234682426], [1.61266710818745, 0.492477184161544]]</obstacles>
<global-best>0.213923642275395</global-best>
</iteration>
<iterations>600</iterations>
<elapsed-time>26690</elapsed-time>
<average-time>0</average-time>
</simulation>