<?xml version="1.0" encoding="UTF-8"?>
<simulation>
<software>charlie-simulation-framework; v1.0.0; Jakob Rieke</software>
<system>Unix; Unix 18.2.0.0; 18.2.0.0</system>
<datetime>7/9/2019 10:34:04 PM</datetime>
<title>Static Sensor Positioning</title>
<meta>Author: Jakob Rieke; Version v1.4.0; Deterministic: No</meta>
<configuration>
  Zoom = 40
  NumberOfSensors = 4
  NumberOfObstacles = 4
  FieldHeight = 9
  FieldWidth = 6
  PlayerSensorRange = 12
  PlayerSensorFOV = 56.3
  PlayerSize = 0.1555
  Optimizer = SPSO-2006
  </configuration>
<iteration i="0">
<sensors>[[6.67822660761885,5.72096959780902,209.496662411839], [7.1951707333792,0.260994651820511,81.485968446359], [8.71903772139922,1.48647775920108,322.135836621746], [6.46942867641337,3.41472637234256,242.870680997148]]</sensors>
<obstacles>[[3.11622475739568, 4.38287303829566], [6.43866368243471, 2.07066976139322], [5.94264969904907, 0.709686845541], [7.68316589458846, 5.88776975590736]]</obstacles>
<global-best>10.2234971343761</global-best>
</iteration>
<iteration i="600">
<sensors>[[1.57695968601162,5.48002155126255,339.212051044078], [8.99512741346608,9.84103790279559E-05,152.985324421592], [0.00110067385078613,2.46891605640927,360], [8.99696692833271,5.5636874122102,193.380980934493]]</sensors>
<obstacles>[[3.11622475739568, 4.38287303829566], [6.43866368243471, 2.07066976139322], [5.94264969904907, 0.709686845541], [7.68316589458846, 5.88776975590736]]</obstacles>
<global-best>0.177593925233542</global-best>
</iteration>
<iterations>600</iterations>
<elapsed-time>24063</elapsed-time>
<average-time>0</average-time>
</simulation>