<?xml version="1.0" encoding="UTF-8"?>
<simulation>
<software>charlie-simulation-framework; v1.0.0; Jakob Rieke</software>
<system>Unix; Unix 18.2.0.0; 18.2.0.0</system>
<datetime>7/9/2019 4:22:54 PM</datetime>
<title>Static Sensor Positioning</title>
<meta>Author: Jakob Rieke; Version v1.4.0; Deterministic: No</meta>
<configuration>
  Zoom = 40
  NumberOfSensors = 4
  NumberOfObstacles = 4
  FieldHeight = 9
  FieldWidth = 6
  PlayerSensorRange = 12
  PlayerSensorFOV = 56.3
  PlayerSize = 0.1555
  Optimizer = SPSO-2006
  </configuration>
<iteration i="0">
<sensors>[[1.50266852416098,3.46650376310572,51.1591149866581], [7.14738164353184,2.28140644356608,175.781974866986], [4.53542589582503,4.13246178394184,296.322295367718], [0.617404005490243,1.85541440360248,31.823238003999]]</sensors>
<obstacles>[[0.612163381883875, 1.18629720574245], [4.88653842592612, 3.67945469263941], [3.03675851086155, 4.47373719094321], [1.7707137032412, 4.71846345160156]]</obstacles>
<global-best>15.790628395648</global-best>
</iteration>
<iteration i="600">
<sensors>[[8.99914792270503,0.00294635183688432,161.554865639511], [0.00122495640119461,3.6522883820447,20.9559954112938], [0.0222937274100692,1.92530113602319,13.8137850683876], [8.99996160020608,4.70620750950126,180.79249846152]]</sensors>
<obstacles>[[0.612163381883875, 1.18629720574245], [4.88653842592612, 3.67945469263941], [3.03675851086155, 4.47373719094321], [1.7707137032412, 4.71846345160156]]</obstacles>
<global-best>0.113302404670612</global-best>
</iteration>
<iterations>600</iterations>
<elapsed-time>23988</elapsed-time>
<average-time>0</average-time>
</simulation>