<?xml version="1.0" encoding="UTF-8"?>
<simulation>
<software>charlie-simulation-framework; v1.0.0; Jakob Rieke</software>
<system>Unix; Unix 18.2.0.0; 18.2.0.0</system>
<datetime>7/9/2019 10:30:04 PM</datetime>
<title>Static Sensor Positioning</title>
<meta>Author: Jakob Rieke; Version v1.4.0; Deterministic: No</meta>
<configuration>
  Zoom = 40
  NumberOfSensors = 4
  NumberOfObstacles = 4
  FieldHeight = 9
  FieldWidth = 6
  PlayerSensorRange = 12
  PlayerSensorFOV = 56.3
  PlayerSize = 0.1555
  Optimizer = SPSO-2006
  </configuration>
<iteration i="0">
<sensors>[[8.4782606670633,1.00820791907609,174.770359871909], [8.76768724294379,5.62066894071177,207.935547782108], [4.2195322138723,2.04282062826678,137.475581523031], [5.59994752029888,1.33390811411664,347.976106926799]]</sensors>
<obstacles>[[3.37269443180412, 4.78613561159], [8.81021468527615, 1.11829485464841], [2.77108029741794, 4.79528857721016], [7.73151613608934, 0.548298482783139]]</obstacles>
<global-best>8.89926448788342</global-best>
</iteration>
<iteration i="600">
<sensors>[[7.41267072166429,0.537590387322908,131.574739976573], [8.99389382021798,5.9994475605029,190.411192322573], [6.23237754410422E-05,0.00808215967326923,359.999985568618], [1.66327180327595E-05,3.64402641000775,360]]</sensors>
<obstacles>[[3.37269443180412, 4.78613561159], [8.81021468527615, 1.11829485464841], [2.77108029741794, 4.79528857721016], [7.73151613608934, 0.548298482783139]]</obstacles>
<global-best>0.277624839810486</global-best>
</iteration>
<iterations>600</iterations>
<elapsed-time>22844</elapsed-time>
<average-time>0</average-time>
</simulation>