<?xml version="1.0" encoding="UTF-8"?>
<simulation>
<software>charlie-simulation-framework; v1.0.0; Jakob Rieke</software>
<system>Unix; Unix 18.2.0.0; 18.2.0.0</system>
<datetime>7/9/2019 10:17:17 PM</datetime>
<title>Static Sensor Positioning</title>
<meta>Author: Jakob Rieke; Version v1.4.0; Deterministic: No</meta>
<configuration>
  Zoom = 40
  NumberOfSensors = 4
  NumberOfObstacles = 4
  FieldHeight = 9
  FieldWidth = 6
  PlayerSensorRange = 12
  PlayerSensorFOV = 56.3
  PlayerSize = 0.1555
  Optimizer = SPSO-2006
  </configuration>
<iteration i="0">
<sensors>[[8.65584264951758,0.850473156664521,134.371384084225], [1.71783597674221,0.803989238105714,12.5686722714454], [5.71194349299185,2.7962007438764,207.326056184247], [7.10574438865297,2.87152575328946,237.446912806481]]</sensors>
<obstacles>[[6.80117702996358, 4.49249227903783], [4.81311074551195, 0.84033384360373], [0.82059675687924, 0.997538274619728], [8.37300433963537, 2.90952519653365]]</obstacles>
<global-best>10.0041554913082</global-best>
</iteration>
<iteration i="600">
<sensors>[[4.47501093650408,5.99934775498711,207.153455156391], [3.95879405699762E-06,0.615993669941438,0], [0.00924208874842116,3.57446824179862,1.63085750610183], [8.99985156482827,4.99801329612256,217.137030039634]]</sensors>
<obstacles>[[6.80117702996358, 4.49249227903783], [4.81311074551195, 0.84033384360373], [0.82059675687924, 0.997538274619728], [8.37300433963537, 2.90952519653365]]</obstacles>
<global-best>0.258059910861049</global-best>
</iteration>
<iterations>600</iterations>
<elapsed-time>25064</elapsed-time>
<average-time>0</average-time>
</simulation>