<?xml version="1.0" encoding="UTF-8"?>
<simulation>
<software>charlie-simulation-framework; v1.0.0; Jakob Rieke</software>
<system>Unix; Unix 18.2.0.0; 18.2.0.0</system>
<datetime>7/9/2019 4:36:35 PM</datetime>
<title>Static Sensor Positioning</title>
<meta>Author: Jakob Rieke; Version v1.4.0; Deterministic: No</meta>
<configuration>
  Zoom = 40
  NumberOfSensors = 4
  NumberOfObstacles = 4
  FieldHeight = 9
  FieldWidth = 6
  PlayerSensorRange = 12
  PlayerSensorFOV = 56.3
  PlayerSize = 0.1555
  Optimizer = SPSO-2006
  </configuration>
<iteration i="0">
<sensors>[[0.125559302279726,4.5757391131483,305.335034318268], [6.66380538395606,3.82157834479585,182.797859748825], [2.0702579843346,3.62429023068398,14.5301559660584], [8.64433427760378,4.4701516837813,24.0881095547229]]</sensors>
<obstacles>[[1.99700116273016, 5.11391821084544], [5.96647225180641, 3.37836029939353], [7.93231464503333, 3.8979170769453], [1.42605228186585, 4.9815935594961]]</obstacles>
<global-best>13.6345995828278</global-best>
</iteration>
<iteration i="600">
<sensors>[[8.99996044832518,0.185670865956862,125.941523806424], [0.0228629343180863,3.68699133401855E-11,17.8803819379483], [0.00166971689383029,4.70872882598021,0.293149705978876], [8.99956442894082,5.999998562432,197.389079374971]]</sensors>
<obstacles>[[1.99700116273016, 5.11391821084544], [5.96647225180641, 3.37836029939353], [7.93231464503333, 3.8979170769453], [1.42605228186585, 4.9815935594961]]</obstacles>
<global-best>0.103092933611124</global-best>
</iteration>
<iterations>600</iterations>
<elapsed-time>28300</elapsed-time>
<average-time>0</average-time>
</simulation>