<?xml version="1.0" encoding="UTF-8"?>
<simulation>
<software>charlie-simulation-framework; v1.0.0; Jakob Rieke</software>
<system>Unix; Unix 18.2.0.0; 18.2.0.0</system>
<datetime>7/9/2019 10:11:47 PM</datetime>
<title>Static Sensor Positioning</title>
<meta>Author: Jakob Rieke; Version v1.4.0; Deterministic: No</meta>
<configuration>
  Zoom = 40
  NumberOfSensors = 4
  NumberOfObstacles = 4
  FieldHeight = 9
  FieldWidth = 6
  PlayerSensorRange = 12
  PlayerSensorFOV = 56.3
  PlayerSize = 0.1555
  Optimizer = SPSO-2006
  </configuration>
<iteration i="0">
<sensors>[[4.51896617235616,4.03317728592083,24.5826098229736], [3.49108019541018,1.65550424018875,340.724014732987], [8.47220467077568,5.13985270634294,180.150277046487], [4.60518999095075,0.203950812108815,58.8101276848465]]</sensors>
<obstacles>[[4.38368940493092, 2.43207969004288], [7.2065101575572, 3.12017504358664], [7.99158937507309, 3.31308743683621], [2.11135844956152, 1.87098821438849]]</obstacles>
<global-best>11.776330842641</global-best>
</iteration>
<iteration i="600">
<sensors>[[0.000461232735965634,5.0706170437104,0.000434460364786143], [0.000227111342356984,2.70738393497168,352.178430240499], [8.99997966596539,0.00550220318341444,166.733301073114], [8.99988321378889,3.71193823024918,198.51059148774]]</sensors>
<obstacles>[[4.38368940493092, 2.43207969004288], [7.2065101575572, 3.12017504358664], [7.99158937507309, 3.31308743683621], [2.11135844956152, 1.87098821438849]]</obstacles>
<global-best>0.313766714583633</global-best>
</iteration>
<iterations>600</iterations>
<elapsed-time>24792</elapsed-time>
<average-time>0</average-time>
</simulation>