<?xml version="1.0" encoding="UTF-8"?>
<simulation>
<software>charlie-simulation-framework; v1.0.0; Jakob Rieke</software>
<system>Unix; Unix 18.2.0.0; 18.2.0.0</system>
<datetime>7/9/2019 10:16:26 PM</datetime>
<title>Static Sensor Positioning</title>
<meta>Author: Jakob Rieke; Version v1.4.0; Deterministic: No</meta>
<configuration>
  Zoom = 40
  NumberOfSensors = 4
  NumberOfObstacles = 4
  FieldHeight = 9
  FieldWidth = 6
  PlayerSensorRange = 12
  PlayerSensorFOV = 56.3
  PlayerSize = 0.1555
  Optimizer = SPSO-2006
  </configuration>
<iteration i="0">
<sensors>[[7.41050999611616,3.22653456917033,224.636119790375], [5.40834862575866,0.235511398874223,42.2187763173133], [0.483244895702228,1.0803239713423,66.4066021051258], [3.22908401372842,5.61491797165945,253.321835668758]]</sensors>
<obstacles>[[1.864566732198, 3.29329196596518], [4.69783233152702, 3.59920278796926], [1.72695003496483, 5.53995830286294], [8.34761775727384, 2.78270886652172]]</obstacles>
<global-best>12.5994807641987</global-best>
</iteration>
<iteration i="600">
<sensors>[[8.99512431822113,4.19428990626439,100.175561950706], [8.99870479625264,0.000381783829256429,166.98937338062], [4.9151953607995E-06,1.27720177419929,15.9845380952307], [8.99422287710248,5.99992566422358,204.137550250085]]</sensors>
<obstacles>[[1.864566732198, 3.29329196596518], [4.69783233152702, 3.59920278796926], [1.72695003496483, 5.53995830286294], [8.34761775727384, 2.78270886652172]]</obstacles>
<global-best>0.347876965045611</global-best>
</iteration>
<iterations>600</iterations>
<elapsed-time>26065</elapsed-time>
<average-time>0</average-time>
</simulation>