<?xml version="1.0" encoding="UTF-8"?>
<simulation>
<software>charlie-simulation-framework; v1.0.0; Jakob Rieke</software>
<system>Unix; Unix 18.2.0.0; 18.2.0.0</system>
<datetime>7/9/2019 4:25:50 PM</datetime>
<title>Static Sensor Positioning</title>
<meta>Author: Jakob Rieke; Version v1.4.0; Deterministic: No</meta>
<configuration>
  Zoom = 40
  NumberOfSensors = 4
  NumberOfObstacles = 4
  FieldHeight = 9
  FieldWidth = 6
  PlayerSensorRange = 12
  PlayerSensorFOV = 56.3
  PlayerSize = 0.1555
  Optimizer = SPSO-2006
  </configuration>
<iteration i="0">
<sensors>[[3.49763670237735,3.99996306980029,132.037600390613], [1.02028419845738,4.74694105703384,170.165169434622], [2.72121911519207,5.94579846365377,330.110611729324], [6.58487408934161,2.31398391723633,212.657319596037]]</sensors>
<obstacles>[[0.651621480239555, 3.98123825155199], [2.18127443525009, 2.30718771368265], [6.1606166632846, 5.26518199313432], [7.77873385464773, 5.32580094505101]]</obstacles>
<global-best>15.6098351517238</global-best>
</iteration>
<iteration i="600">
<sensors>[[8.99996150845522,4.73766963816423E-06,160.939113802664], [0.0151837177853114,5.99999998679479,0], [1.53392639628337E-06,1.96085633809518,0], [8.99999961537946,4.94888036848738,172.950893788384]]</sensors>
<obstacles>[[0.651621480239555, 3.98123825155199], [2.18127443525009, 2.30718771368265], [6.1606166632846, 5.26518199313432], [7.77873385464773, 5.32580094505101]]</obstacles>
<global-best>0.108342622895677</global-best>
</iteration>
<iterations>600</iterations>
<elapsed-time>24878</elapsed-time>
<average-time>0</average-time>
</simulation>