<?xml version="1.0" encoding="UTF-8"?>
<simulation>
<software>charlie-simulation-framework; v1.0.0; Jakob Rieke</software>
<system>Unix; Unix 18.2.0.0; 18.2.0.0</system>
<datetime>7/9/2019 4:37:03 PM</datetime>
<title>Static Sensor Positioning</title>
<meta>Author: Jakob Rieke; Version v1.4.0; Deterministic: No</meta>
<configuration>
  Zoom = 40
  NumberOfSensors = 4
  NumberOfObstacles = 4
  FieldHeight = 9
  FieldWidth = 6
  PlayerSensorRange = 12
  PlayerSensorFOV = 56.3
  PlayerSize = 0.1555
  Optimizer = SPSO-2006
  </configuration>
<iteration i="0">
<sensors>[[6.13194950670004,3.42992200842127,347.073987834156], [6.63588808500208,1.15095489704981,242.643344169483], [7.88465792639181,1.80311659583822,172.504454338923], [8.71102988789789,2.86510985344648,145.353204002604]]</sensors>
<obstacles>[[2.17195910029113, 3.67799402028322], [8.33566515077837, 1.174404240679], [1.32918498222716, 2.87993656564504], [4.28302139206789, 2.32634209468961]]</obstacles>
<global-best>11.3549349727394</global-best>
</iteration>
<iteration i="600">
<sensors>[[8.56619131126785E-06,3.63038139858557E-05,61.8490706943102], [2.09138477659743,1.49805071005465,360], [6.43390052275176,0.0001338355629768,157.291084715439], [0.0983327835521095,5.99999552617536,333.798795833207]]</sensors>
<obstacles>[[2.17195910029113, 3.67799402028322], [8.33566515077837, 1.174404240679], [1.32918498222716, 2.87993656564504], [4.28302139206789, 2.32634209468961]]</obstacles>
<global-best>0.196304578478372</global-best>
</iteration>
<iterations>600</iterations>
<elapsed-time>26364</elapsed-time>
<average-time>0</average-time>
</simulation>