<?xml version="1.0" encoding="UTF-8"?>
<simulation>
<software>charlie-simulation-framework; v1.0.0; Jakob Rieke</software>
<system>Unix; Unix 18.2.0.0; 18.2.0.0</system>
<datetime>7/9/2019 4:28:06 PM</datetime>
<title>Static Sensor Positioning</title>
<meta>Author: Jakob Rieke; Version v1.4.0; Deterministic: No</meta>
<configuration>
  Zoom = 40
  NumberOfSensors = 4
  NumberOfObstacles = 4
  FieldHeight = 9
  FieldWidth = 6
  PlayerSensorRange = 12
  PlayerSensorFOV = 56.3
  PlayerSize = 0.1555
  Optimizer = SPSO-2006
  </configuration>
<iteration i="0">
<sensors>[[6.00298551935703,1.69912240840495,79.6247794199735], [6.77962795528583,4.83305256161839,208.06574572809], [7.42084672674537,4.7206697515212,269.119864627719], [7.90314307599328,0.557590103242546,354.565547816455]]</sensors>
<obstacles>[[1.42496922682039, 5.35578184202313], [4.28315805271268, 0.658392780460417], [6.08904162445106, 2.42817911272869], [1.63379913708195, 5.74202038580552]]</obstacles>
<global-best>15.502140468902</global-best>
</iteration>
<iteration i="600">
<sensors>[[8.99162325828883,0.000320057115321312,152.804155418144], [8.99991349744737,2.3466618975187,168.961367142924], [0.0108646567221471,0.000265784819203905,68.715921626477], [1.42534800011974E-05,2.39452129854246,0]]</sensors>
<obstacles>[[1.42496922682039, 5.35578184202313], [4.28315805271268, 0.658392780460417], [6.08904162445106, 2.42817911272869], [1.63379913708195, 5.74202038580552]]</obstacles>
<global-best>0.217924133452208</global-best>
</iteration>
<iterations>600</iterations>
<elapsed-time>24582</elapsed-time>
<average-time>0</average-time>
</simulation>