<?xml version="1.0" encoding="UTF-8"?>
<simulation>
<software>charlie-simulation-framework; v1.0.0; Jakob Rieke</software>
<system>Unix; Unix 18.2.0.0; 18.2.0.0</system>
<datetime>7/9/2019 4:36:07 PM</datetime>
<title>Static Sensor Positioning</title>
<meta>Author: Jakob Rieke; Version v1.4.0; Deterministic: No</meta>
<configuration>
  Zoom = 40
  NumberOfSensors = 4
  NumberOfObstacles = 4
  FieldHeight = 9
  FieldWidth = 6
  PlayerSensorRange = 12
  PlayerSensorFOV = 56.3
  PlayerSize = 0.1555
  Optimizer = SPSO-2006
  </configuration>
<iteration i="0">
<sensors>[[1.96875026402995,5.61725816689432,285.699596581981], [5.83024165104143,1.34596230229363,147.005059272051], [2.57667387812398,1.17683674441651,39.2693984135985], [6.38027893030085,5.122626633849,150.168575858697]]</sensors>
<obstacles>[[2.48113785940222, 5.22907591005787], [5.18913488276303, 5.02908145682886], [3.60423682909459, 3.02344915084541], [8.1240570587106, 3.74360243137926]]</obstacles>
<global-best>12.9319503107721</global-best>
</iteration>
<iteration i="600">
<sensors>[[8.997871501818,0.256049643477782,135.803342542344], [7.91916106982856E-05,1.88079123770711,41.2032371903906], [0.00296535478605836,6.33692627197031E-05,12.299375486474], [8.99888603702945,2.90768409324212,179.573131096607]]</sensors>
<obstacles>[[2.48113785940222, 5.22907591005787], [5.18913488276303, 5.02908145682886], [3.60423682909459, 3.02344915084541], [8.1240570587106, 3.74360243137926]]</obstacles>
<global-best>0.270901616822596</global-best>
</iteration>
<iterations>600</iterations>
<elapsed-time>27316</elapsed-time>
<average-time>0</average-time>
</simulation>