<?xml version="1.0" encoding="UTF-8"?>
<simulation>
<software>charlie-simulation-framework; v1.0.0; Jakob Rieke</software>
<system>Unix; Unix 18.2.0.0; 18.2.0.0</system>
<datetime>7/9/2019 4:34:52 PM</datetime>
<title>Static Sensor Positioning</title>
<meta>Author: Jakob Rieke; Version v1.4.0; Deterministic: No</meta>
<configuration>
  Zoom = 40
  NumberOfSensors = 4
  NumberOfObstacles = 4
  FieldHeight = 9
  FieldWidth = 6
  PlayerSensorRange = 12
  PlayerSensorFOV = 56.3
  PlayerSize = 0.1555
  Optimizer = SPSO-2006
  </configuration>
<iteration i="0">
<sensors>[[5.35634165117517,2.71988430060446,115.051342276856], [0.5513806049712,2.1248391517438,6.37501177377999], [8.40270235086791,5.0002849297598,203.414869979024], [0.931158942170441,3.3245468926616,6.01354437880218]]</sensors>
<obstacles>[[6.77709212573245, 3.17633682489395], [0.028142899973318, 1.75245037581772], [5.27713540499099, 1.11530369287357], [8.92628102330491, 3.91854075808078]]</obstacles>
<global-best>4.99950834820937</global-best>
</iteration>
<iteration i="600">
<sensors>[[7.6556675696702E-06,0.185589921551719,30.2955695560867], [8.9998648485113,0.00815144874179287,179.544377965671], [8.99975949766515,1.51204846696276,159.121797034707], [0.00106291920130894,5.99593684687717,345.024375484541]]</sensors>
<obstacles>[[6.77709212573245, 3.17633682489395], [0.028142899973318, 1.75245037581772], [5.27713540499099, 1.11530369287357], [8.92628102330491, 3.91854075808078]]</obstacles>
<global-best>0.0293805122960578</global-best>
</iteration>
<iterations>600</iterations>
<elapsed-time>23474</elapsed-time>
<average-time>0</average-time>
</simulation>