<?xml version="1.0" encoding="UTF-8"?>
<simulation>
<software>charlie-simulation-framework; v1.0.0; Jakob Rieke</software>
<system>Unix; Unix 18.2.0.0; 18.2.0.0</system>
<datetime>7/9/2019 10:20:08 PM</datetime>
<title>Static Sensor Positioning</title>
<meta>Author: Jakob Rieke; Version v1.4.0; Deterministic: No</meta>
<configuration>
  Zoom = 40
  NumberOfSensors = 4
  NumberOfObstacles = 4
  FieldHeight = 9
  FieldWidth = 6
  PlayerSensorRange = 12
  PlayerSensorFOV = 56.3
  PlayerSize = 0.1555
  Optimizer = SPSO-2006
  </configuration>
<iteration i="0">
<sensors>[[4.83210819493979,3.9547649784945,79.761513825506], [5.92325644777156,0.692477527074516,37.7062134537846], [7.14051455771551,5.14415128575638,163.168205861002], [6.83894361625426,5.36440878175199,207.923752516508]]</sensors>
<obstacles>[[1.22697222232819, 1.98440973786637], [7.09580791485496, 3.82264682371169], [2.30834562960081, 3.42754311673343], [3.84007449704222, 0.651837597135454]]</obstacles>
<global-best>19.2836249214313</global-best>
</iteration>
<iteration i="600">
<sensors>[[2.93432859839779,0.227277014249932,23.9074233959175], [7.87594724071634E-05,1.18114664238644,0], [8.99993369948431,5.87119364594346,204.127218514739], [8.99999887094013,0.521037459161296,182.677500899842]]</sensors>
<obstacles>[[1.22697222232819, 1.98440973786637], [7.09580791485496, 3.82264682371169], [2.30834562960081, 3.42754311673343], [3.84007449704222, 0.651837597135454]]</obstacles>
<global-best>0.187285768047367</global-best>
</iteration>
<iterations>600</iterations>
<elapsed-time>23966</elapsed-time>
<average-time>0</average-time>
</simulation>