<?xml version="1.0" encoding="UTF-8"?>
<simulation>
<software>charlie-simulation-framework; v1.0.0; Jakob Rieke</software>
<system>Unix; Unix 18.2.0.0; 18.2.0.0</system>
<datetime>7/9/2019 4:30:41 PM</datetime>
<title>Static Sensor Positioning</title>
<meta>Author: Jakob Rieke; Version v1.4.0; Deterministic: No</meta>
<configuration>
  Zoom = 40
  NumberOfSensors = 4
  NumberOfObstacles = 4
  FieldHeight = 9
  FieldWidth = 6
  PlayerSensorRange = 12
  PlayerSensorFOV = 56.3
  PlayerSize = 0.1555
  Optimizer = SPSO-2006
  </configuration>
<iteration i="0">
<sensors>[[4.91163258464076,3.19382830895483,174.480931079015], [0.424472765531391,5.36650526616722,341.590599166229], [6.78155856742524,1.67056680237874,4.58271042443812], [5.18133125966415,2.5407924852334,195.99976837635]]</sensors>
<obstacles>[[7.71445308742113, 1.27812034171075], [6.15863196691498, 3.1465986832045], [7.38760618586093, 0.792589047923684], [0.556728003546596, 3.36746810702607]]</obstacles>
<global-best>7.69637102109924</global-best>
</iteration>
<iteration i="600">
<sensors>[[6.70497982530891,4.84893204697801,200.487360663732], [0.064968502535752,5.88855068971227,352.644134840711], [8.93685593438994,0.0435811649200561,132.807021017658], [0.00793715945312244,1.42599707771404,356.017738997688]]</sensors>
<obstacles>[[7.71445308742113, 1.27812034171075], [6.15863196691498, 3.1465986832045], [7.38760618586093, 0.792589047923684], [0.556728003546596, 3.36746810702607]]</obstacles>
<global-best>0.264618146756814</global-best>
</iteration>
<iterations>600</iterations>
<elapsed-time>25681</elapsed-time>
<average-time>0</average-time>
</simulation>