<?xml version="1.0" encoding="UTF-8"?>
<simulation>
<software>charlie-simulation-framework; v1.0.0; Jakob Rieke</software>
<system>Unix; Unix 18.2.0.0; 18.2.0.0</system>
<datetime>7/9/2019 4:25:14 PM</datetime>
<title>Static Sensor Positioning</title>
<meta>Author: Jakob Rieke; Version v1.4.0; Deterministic: No</meta>
<configuration>
  Zoom = 40
  NumberOfSensors = 4
  NumberOfObstacles = 4
  FieldHeight = 9
  FieldWidth = 6
  PlayerSensorRange = 12
  PlayerSensorFOV = 56.3
  PlayerSize = 0.1555
  Optimizer = SPSO-2006
  </configuration>
<iteration i="0">
<sensors>[[5.89268786902539,3.6770371212624,101.230827905238], [1.90798368933611,3.38647783314809,1.52616209350526], [6.79857807420194,5.05071886349469,208.259323183447], [5.96808847342618,0.315765953622758,333.280887398869]]</sensors>
<obstacles>[[7.59447273798287, 1.04128634696826], [6.97178338724189, 2.89477490633726], [3.7579223702196, 1.15379475010559], [8.4133161327336, 0.715060089714825]]</obstacles>
<global-best>14.1059812219314</global-best>
</iteration>
<iteration i="600">
<sensors>[[8.99690840402902,0.0248025842647479,166.724711634678], [8.99969813330065,5.59895122735852,184.276677791419], [8.88394439279387E-06,2.40361931525172,0], [7.69692466155792,5.99721898104001,284.156448855399]]</sensors>
<obstacles>[[7.59447273798287, 1.04128634696826], [6.97178338724189, 2.89477490633726], [3.7579223702196, 1.15379475010559], [8.4133161327336, 0.715060089714825]]</obstacles>
<global-best>0.0656092999201112</global-best>
</iteration>
<iterations>600</iterations>
<elapsed-time>35474</elapsed-time>
<average-time>0</average-time>
</simulation>