<?xml version="1.0" encoding="UTF-8"?>
<simulation>
<software>charlie-simulation-framework; v1.0.0; Jakob Rieke</software>
<system>Unix; Unix 18.2.0.0; 18.2.0.0</system>
<datetime>7/9/2019 10:26:01 PM</datetime>
<title>Static Sensor Positioning</title>
<meta>Author: Jakob Rieke; Version v1.4.0; Deterministic: No</meta>
<configuration>
  Zoom = 40
  NumberOfSensors = 4
  NumberOfObstacles = 4
  FieldHeight = 9
  FieldWidth = 6
  PlayerSensorRange = 12
  PlayerSensorFOV = 56.3
  PlayerSize = 0.1555
  Optimizer = SPSO-2006
  </configuration>
<iteration i="0">
<sensors>[[1.60656244237907,3.284319575876,304.031402114779], [1.35717322770506,0.930339404381812,144.174464251846], [8.64751833421178,1.21389532741159,168.336896728724], [8.53678573016077,0.00478233397006989,108.779369322583]]</sensors>
<obstacles>[[5.5732074638363, 2.5043424856849], [1.23569993977435, 5.5899483547546], [3.0362498969771, 4.60781158693135], [5.59652200620621, 0.949107678607106]]</obstacles>
<global-best>11.3306413236142</global-best>
</iteration>
<iteration i="600">
<sensors>[[8.99999814989361,5.01091365888609,188.074646895425], [7.94185231938327,8.19063782572258E-05,152.006165706079], [3.81022905711127,5.9990514952747,332.447957549836], [0.000184093724072181,3.38594781119312,360]]</sensors>
<obstacles>[[5.5732074638363, 2.5043424856849], [1.23569993977435, 5.5899483547546], [3.0362498969771, 4.60781158693135], [5.59652200620621, 0.949107678607106]]</obstacles>
<global-best>0.112097312145505</global-best>
</iteration>
<iterations>600</iterations>
<elapsed-time>26472</elapsed-time>
<average-time>0</average-time>
</simulation>