<?xml version="1.0" encoding="UTF-8"?>
<simulation>
<software>charlie-simulation-framework; v1.0.0; Jakob Rieke</software>
<system>Unix; Unix 18.2.0.0; 18.2.0.0</system>
<datetime>7/9/2019 10:32:52 PM</datetime>
<title>Static Sensor Positioning</title>
<meta>Author: Jakob Rieke; Version v1.4.0; Deterministic: No</meta>
<configuration>
  Zoom = 40
  NumberOfSensors = 4
  NumberOfObstacles = 4
  FieldHeight = 9
  FieldWidth = 6
  PlayerSensorRange = 12
  PlayerSensorFOV = 56.3
  PlayerSize = 0.1555
  Optimizer = SPSO-2006
  </configuration>
<iteration i="0">
<sensors>[[6.47866823268123,1.71383396722376,207.566020516679], [0.699407713953406,5.80722922319546,317.21118863672], [0.230404641944915,4.22987846564502,355.269835637882], [6.00943876965903,0.974553611129522,171.664305338636]]</sensors>
<obstacles>[[2.18809349904768, 4.13183777639642], [0.0382024075370282, 5.88088016957045], [0.898009267402813, 1.07451104046777], [6.97530131810345, 5.97359059983864]]</obstacles>
<global-best>5.16283882276654</global-best>
</iteration>
<iteration i="600">
<sensors>[[8.99754600051464,0.0634584405202311,172.608047782784], [0.012594982916569,2.46299862369865,0], [0.00180176555175992,0.538518988638111,53.7994986208537], [8.99998588973064,3.24704082122226,178.46409813375]]</sensors>
<obstacles>[[2.18809349904768, 4.13183777639642], [0.0382024075370282, 5.88088016957045], [0.898009267402813, 1.07451104046777], [6.97530131810345, 5.97359059983864]]</obstacles>
<global-best>0.0768309582912495</global-best>
</iteration>
<iterations>600</iterations>
<elapsed-time>23407</elapsed-time>
<average-time>0</average-time>
</simulation>