<?xml version="1.0" encoding="UTF-8"?>
<simulation>
<software>charlie-simulation-framework; v1.0.0; Jakob Rieke</software>
<system>Unix; Unix 18.2.0.0; 18.2.0.0</system>
<datetime>7/9/2019 4:21:13 PM</datetime>
<title>Static Sensor Positioning</title>
<meta>Author: Jakob Rieke; Version v1.4.0; Deterministic: No</meta>
<configuration>
  Zoom = 40
  NumberOfSensors = 4
  NumberOfObstacles = 4
  FieldHeight = 9
  FieldWidth = 6
  PlayerSensorRange = 12
  PlayerSensorFOV = 56.3
  PlayerSize = 0.1555
  Optimizer = SPSO-2006
  </configuration>
<iteration i="0">
<sensors>[[5.59139486728236,2.62886434933171,155.800889404491], [4.37326689809561,5.78784057777375,347.377578774467], [8.65999202057719,0.875795669853687,191.293770298362], [5.41498652519658,2.07508061779663,312.804730860516]]</sensors>
<obstacles>[[5.18706459668465, 1.65875842468813], [1.80854778061621, 3.73500462993979], [2.1166300191544, 0.0348484092392027], [3.9927692762576, 4.83402069099247]]</obstacles>
<global-best>13.4112597741707</global-best>
</iteration>
<iteration i="600">
<sensors>[[1.24464464512663E-06,1.94343251225931,62.013266125155], [8.99948359225939,4.81286940880258,200.082911025206], [0.00562808140823191,5.91543812638265,336.78354665169], [0.00069869981563603,0.847160121439266,0]]</sensors>
<obstacles>[[5.18706459668465, 1.65875842468813], [1.80854778061621, 3.73500462993979], [2.1166300191544, 0.0348484092392027], [3.9927692762576, 4.83402069099247]]</obstacles>
<global-best>0.0214468813877024</global-best>
</iteration>
<iterations>600</iterations>
<elapsed-time>25719</elapsed-time>
<average-time>0</average-time>
</simulation>