<?xml version="1.0" encoding="UTF-8"?>
<simulation>
<software>charlie-simulation-framework; v1.0.0; Jakob Rieke</software>
<system>Unix; Unix 18.2.0.0; 18.2.0.0</system>
<datetime>7/9/2019 4:20:24 PM</datetime>
<title>Static Sensor Positioning</title>
<meta>Author: Jakob Rieke; Version v1.4.0; Deterministic: No</meta>
<configuration>
  Zoom = 40
  NumberOfSensors = 4
  NumberOfObstacles = 4
  FieldHeight = 9
  FieldWidth = 6
  PlayerSensorRange = 12
  PlayerSensorFOV = 56.3
  PlayerSize = 0.1555
  Optimizer = SPSO-2006
  </configuration>
<iteration i="0">
<sensors>[[0.790177204180509,5.23446422349662,336.424716822803], [3.65446567931212,4.88162480061874,55.634646769613], [8.85014539724216,2.82510788971558,104.112719837576], [0.43799351924099,0.894364489708096,348.882251596078]]</sensors>
<obstacles>[[2.20376925473101, 3.24295297404751], [3.56355527881533, 2.4630235126242], [4.08572225016542, 5.41675434121862], [0.331689233891666, 5.64766820054501]]</obstacles>
<global-best>16.0404364326222</global-best>
</iteration>
<iteration i="600">
<sensors>[[7.62952861951439E-05,1.22193738959464,360], [8.99372241576827,0.0441773295312472,145.882614734918], [8.99999899018807,4.30893601484604,186.091110771157], [4.75408609647486E-06,3.55118901876046,6.89507935423531]]</sensors>
<obstacles>[[2.20376925473101, 3.24295297404751], [3.56355527881533, 2.4630235126242], [4.08572225016542, 5.41675434121862], [0.331689233891666, 5.64766820054501]]</obstacles>
<global-best>0.103829685266945</global-best>
</iteration>
<iterations>600</iterations>
<elapsed-time>25025</elapsed-time>
<average-time>0</average-time>
</simulation>