<?xml version="1.0" encoding="UTF-8"?>
<simulation>
<software>charlie-simulation-framework; v1.0.0; Jakob Rieke</software>
<system>Unix; Unix 18.2.0.0; 18.2.0.0</system>
<datetime>7/9/2019 4:31:35 PM</datetime>
<title>Static Sensor Positioning</title>
<meta>Author: Jakob Rieke; Version v1.4.0; Deterministic: No</meta>
<configuration>
  Zoom = 40
  NumberOfSensors = 4
  NumberOfObstacles = 4
  FieldHeight = 9
  FieldWidth = 6
  PlayerSensorRange = 12
  PlayerSensorFOV = 56.3
  PlayerSize = 0.1555
  Optimizer = SPSO-2006
  </configuration>
<iteration i="0">
<sensors>[[6.19462946453132,1.68865343509242,195.093223974109], [2.73078879900277,1.14924771990627,123.242639210075], [8.2793890319299,0.705850733444095,62.0591664221138], [0.573415972525254,2.09773402288556,22.0621497463435]]</sensors>
<obstacles>[[0.752681663492695, 2.63110744720325], [8.49186718650162, 3.30538532976061], [7.64459403371438, 5.00061878236011], [0.543328437488526, 0.941251818090677]]</obstacles>
<global-best>9.20577473731617</global-best>
</iteration>
<iteration i="600">
<sensors>[[8.9898872845932,0.0031137579975999,153.563427075538], [3.89292484853898,5.9389944986968,359.999962589891], [8.98901107520731,5.98133394005013,207.266463256536], [0.0040784441535047,1.17870451639142,0]]</sensors>
<obstacles>[[0.752681663492695, 2.63110744720325], [8.49186718650162, 3.30538532976061], [7.64459403371438, 5.00061878236011], [0.543328437488526, 0.941251818090677]]</obstacles>
<global-best>0.247999159684534</global-best>
</iteration>
<iterations>600</iterations>
<elapsed-time>30920</elapsed-time>
<average-time>0</average-time>
</simulation>