<?xml version="1.0" encoding="UTF-8"?>
<simulation>
<software>charlie-simulation-framework; v1.0.0; Jakob Rieke</software>
<system>Unix; Unix 18.2.0.0; 18.2.0.0</system>
<datetime>6/18/2019 12:59:31 AM</datetime>
<title>Static Sensor Positioning</title>
<meta>Author: Jakob Rieke; Version v1.3.0</meta>
<configuration>
  Zoom = 40
  SizeTeamA = 4
  SizeTeamB = 4
  FieldHeight = 9
  FieldWidth = 6
  PlayerSensorRange = 12
  PlayerSensorFOV = 56.3
  PlayerSize = 0.1555
  # The function used to optimize the problem,
  # possible values are:
  # Simplex, PSO, SPSO-2006, SPSO-2011, PSO-A-IW,
  # PSO-LD-IW, PSO-Chaotic-IW, PSO-LD-IW,
  # Evolution-Strategy, Differential-Evolution,
  # Adaptive-Differential-Evolution
  Optimizer = PSO
  </configuration>
<iteration i="0">
<sensors>[[10.3731807450269,-2.25427815901634,194.339657388548], [10.9232856245033,3.53213498692295,287.563139129217], [6.98630064325641,-0.278477958307327,82.273119250836], [5.14061565568198,2.57441930527544,126.399930882393]]</sensors>
<obstacles>[[2.75808974099346, 3.88897346891463], [5.00963727920316, 2.33156777266413], [5.65862869843841, 2.93894166033715], [8.60634259739891, 2.46581126237288]]</obstacles>
<global-best>20.0586668335873</global-best>
</iteration>
<iteration i="200">
<sensors>[[8.60679669628914,5.99996013581227,207.344256969496], [0.000239742538850378,4.83735282427459,323.885281876003], [7.18083293488131,9.72531174100662E-05,56.6601114529072], [8.99994697577229,0.064640163030055,135.691295654254]]</sensors>
<obstacles>[[2.75808974099346, 3.88897346891463], [5.00963727920316, 2.33156777266413], [5.65862869843841, 2.93894166033715], [8.60634259739891, 2.46581126237288]]</obstacles>
<global-best>0.160421642051994</global-best>
</iteration>
<iterations>200</iterations>
<elapsed-time>13040</elapsed-time>
<average-time>0</average-time>
</simulation>