<?xml version="1.0" encoding="UTF-8"?>
<simulation>
<software>charlie-simulation-framework; v1.0.0; Jakob Rieke</software>
<system>Unix; Unix 18.2.0.0; 18.2.0.0</system>
<datetime>6/18/2019 12:22:45 AM</datetime>
<title>Static Sensor Positioning</title>
<meta>Author: Jakob Rieke; Version v1.3.0</meta>
<configuration>
  Zoom = 40
  SizeTeamA = 4
  SizeTeamB = 4
  FieldHeight = 9
  FieldWidth = 6
  PlayerSensorRange = 12
  PlayerSensorFOV = 56.3
  PlayerSize = 0.1555
  # The function used to optimize the problem,
  # possible values are:
  # Simplex, PSO, SPSO-2006, SPSO-2011, PSO-A-IW,
  # PSO-LD-IW, PSO-Chaotic-IW, PSO-LD-IW,
  # Evolution-Strategy, Differential-Evolution,
  # Adaptive-Differential-Evolution
  Optimizer = PSO
  </configuration>
<iteration i="0">
<sensors>[[6.82555314283433,3.12617835710914,127.822797123382], [5.68931142045552,4.49262867887868,112.617630149355], [2.59985246225372,1.45259872438462,236.890477869399], [3.06132189933706,6.67026755697053,51.1391356554473]]</sensors>
<obstacles>[[4.56875295052305, 4.34403620800003], [1.37095332168974, 2.46283826557919], [7.66831190069206, 5.34738785075024], [7.95312756230123, 0.238939270377159]]</obstacles>
<global-best>15.9320144953111</global-best>
</iteration>
<iteration i="200">
<sensors>[[8.99676874903613,6.76551369611471E-05,128.240992081203], [2.06351516004271,0.0027115046118402,131.777899416883], [4.49653177350657,5.99712828312209,239.243797426135], [2.45981534934293,0.026628987440069,27.0899138830679]]</sensors>
<obstacles>[[4.56875295052305, 4.34403620800003], [1.37095332168974, 2.46283826557919], [7.66831190069206, 5.34738785075024], [7.95312756230123, 0.238939270377159]]</obstacles>
<global-best>0.846119373519103</global-best>
</iteration>
<iterations>200</iterations>
<elapsed-time>7519</elapsed-time>
<average-time>0</average-time>
</simulation>