<?xml version="1.0" encoding="UTF-8"?>
<simulation>
<software>charlie-simulation-framework; v1.0.0; Jakob Rieke</software>
<system>Unix; Unix 18.2.0.0; 18.2.0.0</system>
<datetime>6/18/2019 1:00:33 AM</datetime>
<title>Static Sensor Positioning</title>
<meta>Author: Jakob Rieke; Version v1.3.0</meta>
<configuration>
  Zoom = 40
  SizeTeamA = 4
  SizeTeamB = 4
  FieldHeight = 9
  FieldWidth = 6
  PlayerSensorRange = 12
  PlayerSensorFOV = 56.3
  PlayerSize = 0.1555
  # The function used to optimize the problem,
  # possible values are:
  # Simplex, PSO, SPSO-2006, SPSO-2011, PSO-A-IW,
  # PSO-LD-IW, PSO-Chaotic-IW, PSO-LD-IW,
  # Evolution-Strategy, Differential-Evolution,
  # Adaptive-Differential-Evolution
  Optimizer = PSO
  </configuration>
<iteration i="0">
<sensors>[[6.15881145693599,5.59861081105904,293.665394855749], [4.70961354674016,5.65481207022942,360.43003304781], [-1.54687066213923,3.90188461647273,18.0212304904604], [5.22046305992987,6.50175192755245,287.083588862686]]</sensors>
<obstacles>[[6.09034853288904, 4.20546331722289], [1.01478412561119, 1.39564360817894], [5.2272334699519, 0.966016223654151], [4.9345052561257, 3.80735840275884]]</obstacles>
<global-best>21.8497574432294</global-best>
</iteration>
<iteration i="200">
<sensors>[[0.000228537054137229,5.99924120676325,298.134452654012], [0.311008390965792,5.97918140789129,334.553397680937], [9.12864887271756E-05,0.0329232948815337,26.6654542008696], [126.673944208953,6.6163348089625,275.642462310897]]</sensors>
<obstacles>[[6.09034853288904, 4.20546331722289], [1.01478412561119, 1.39564360817894], [5.2272334699519, 0.966016223654151], [4.9345052561257, 3.80735840275884]]</obstacles>
<global-best>0.315194154122896</global-best>
</iteration>
<iterations>200</iterations>
<elapsed-time>5375</elapsed-time>
<average-time>0</average-time>
</simulation>