<?xml version="1.0" encoding="UTF-8"?>
<simulation>
<software>charlie-simulation-framework; v1.0.0; Jakob Rieke</software>
<system>Unix; Unix 18.2.0.0; 18.2.0.0</system>
<datetime>6/18/2019 1:00:39 AM</datetime>
<title>Static Sensor Positioning</title>
<meta>Author: Jakob Rieke; Version v1.3.0</meta>
<configuration>
  Zoom = 40
  SizeTeamA = 4
  SizeTeamB = 4
  FieldHeight = 9
  FieldWidth = 6
  PlayerSensorRange = 12
  PlayerSensorFOV = 56.3
  PlayerSize = 0.1555
  # The function used to optimize the problem,
  # possible values are:
  # Simplex, PSO, SPSO-2006, SPSO-2011, PSO-A-IW,
  # PSO-LD-IW, PSO-Chaotic-IW, PSO-LD-IW,
  # Evolution-Strategy, Differential-Evolution,
  # Adaptive-Differential-Evolution
  Optimizer = PSO
  </configuration>
<iteration i="0">
<sensors>[[-3.1561848226614,5.46317079989717,255.861200277304], [6.35034536242729,6.10556156380927,268.594077649801], [6.15235852414547,7.95493740469948,65.3220228268178], [4.10645261936313,-0.86976671175789,264.911780803328]]</sensors>
<obstacles>[[8.83345809252933, 4.05440720776096], [1.03749472252093, 0.0599502185359597], [8.22576833772473, 4.99012944241986], [0.517310968134552, 3.42525283433497]]</obstacles>
<global-best>25.9774332605799</global-best>
</iteration>
<iteration i="200">
<sensors>[[5.1989295052572,5.99358522679632,256.173584304623], [0.00422968691662306,5.99934863607478,297.986581946607], [0.012869361628621,0.0176798013782439,53.3201908359226], [7.38930690344416,5.99810583629857,275.016738517659]]</sensors>
<obstacles>[[8.83345809252933, 4.05440720776096], [1.03749472252093, 0.0599502185359597], [8.22576833772473, 4.99012944241986], [0.517310968134552, 3.42525283433497]]</obstacles>
<global-best>0.96251318726377</global-best>
</iteration>
<iterations>200</iterations>
<elapsed-time>6711</elapsed-time>
<average-time>0</average-time>
</simulation>