<?xml version="1.0" encoding="UTF-8"?>
<simulation>
<software>charlie-simulation-framework; v1.0.0; Jakob Rieke</software>
<system>Unix; Unix 18.2.0.0; 18.2.0.0</system>
<datetime>6/18/2019 12:23:16 AM</datetime>
<title>Static Sensor Positioning</title>
<meta>Author: Jakob Rieke; Version v1.3.0</meta>
<configuration>
  Zoom = 40
  SizeTeamA = 4
  SizeTeamB = 4
  FieldHeight = 9
  FieldWidth = 6
  PlayerSensorRange = 12
  PlayerSensorFOV = 56.3
  PlayerSize = 0.1555
  # The function used to optimize the problem,
  # possible values are:
  # Simplex, PSO, SPSO-2006, SPSO-2011, PSO-A-IW,
  # PSO-LD-IW, PSO-Chaotic-IW, PSO-LD-IW,
  # Evolution-Strategy, Differential-Evolution,
  # Adaptive-Differential-Evolution
  Optimizer = PSO
  </configuration>
<iteration i="0">
<sensors>[[2.61110052911626,4.4020938531379,71.286496996109], [4.94224694103336,-0.327812723000436,253.477660602973], [2.38524872269093,7.75852163864676,293.128094794238], [3.69056372997622,4.64550692018903,250.910957921432]]</sensors>
<obstacles>[[8.8909024936147, 3.10677035199478], [6.4945574963931, 4.47337901825085], [1.66367887426168, 5.62388022104278], [6.03557695099153, 1.54544414347038]]</obstacles>
<global-best>26.5495310560926</global-best>
</iteration>
<iteration i="200">
<sensors>[[0.00147797024669186,0.010536456846445,49.2515296024798], [8.98522580499191,0.0056119646712464,142.019818616371], [2.31913611066722,5.90515854256388,332.963415682802], [0.0202990875557046,5.979042775447,295.879755072448]]</sensors>
<obstacles>[[8.8909024936147, 3.10677035199478], [6.4945574963931, 4.47337901825085], [1.66367887426168, 5.62388022104278], [6.03557695099153, 1.54544414347038]]</obstacles>
<global-best>0.18316708010961</global-best>
</iteration>
<iterations>200</iterations>
<elapsed-time>8861</elapsed-time>
<average-time>0</average-time>
</simulation>