<?xml version="1.0" encoding="UTF-8"?>
<simulation>
<software>charlie-simulation-framework; v1.0.0; Jakob Rieke</software>
<system>Unix; Unix 18.2.0.0; 18.2.0.0</system>
<datetime>6/17/2019 11:51:12 PM</datetime>
<title>Static Sensor Positioning</title>
<meta>Author: Jakob Rieke; Version v1.3.0</meta>
<configuration>
  Zoom = 40
  SizeTeamA = 4
  SizeTeamB = 4
  FieldHeight = 9
  FieldWidth = 6
  PlayerSensorRange = 12
  PlayerSensorFOV = 56.3
  PlayerSize = 0.1555
  # The function used to optimize the problem,
  # possible values are:
  # Simplex, PSO, SPSO-2006, SPSO-2011, PSO-A-IW,
  # PSO-LD-IW, PSO-Chaotic-IW, PSO-LD-IW,
  # Evolution-Strategy, Differential-Evolution,
  # Adaptive-Differential-Evolution
  Optimizer = PSO
  </configuration>
<iteration i="0">
<sensors>[[5.17408960745093,2.84666389969174,2.5563527510501], [12.1913920641448,6.00859346720023,100.081556498365], [1.80812999525038,6.2913397498852,354.721013561604], [7.73841455162509,8.12019725586208,162.00803435078]]</sensors>
<obstacles>[[7.36754118162207, 1.19037633575499], [2.60559295909479, 4.03989936411381], [0.340290510328487, 5.16043114336208], [7.7709091049619, 1.01958274841309]]</obstacles>
<global-best>15.558652154021</global-best>
</iteration>
<iteration i="200">
<sensors>[[0.00472526361313787,0.10878271063974,-7.6541314789194], [8.99304425452667,3.40697216181262,146.435752140909], [0.0426092309390482,5.99445673214817,342.79863658465], [8.84938475289775,1.29851851217845E-05,151.947393098568]]</sensors>
<obstacles>[[7.36754118162207, 1.19037633575499], [2.60559295909479, 4.03989936411381], [0.340290510328487, 5.16043114336208], [7.7709091049619, 1.01958274841309]]</obstacles>
<global-best>0.19384927063976</global-best>
</iteration>
<iterations>200</iterations>
<elapsed-time>6763</elapsed-time>
<average-time>0</average-time>
</simulation>