<?xml version="1.0" encoding="UTF-8"?>
<simulation>
<software>charlie-simulation-framework; v1.0.0; Jakob Rieke</software>
<system>Unix; Unix 18.2.0.0; 18.2.0.0</system>
<datetime>6/17/2019 11:49:04 PM</datetime>
<title>Static Sensor Positioning</title>
<meta>Author: Jakob Rieke; Version v1.3.0</meta>
<configuration>
  Zoom = 40
  SizeTeamA = 4
  SizeTeamB = 4
  FieldHeight = 9
  FieldWidth = 6
  PlayerSensorRange = 12
  PlayerSensorFOV = 56.3
  PlayerSize = 0.1555
  # The function used to optimize the problem,
  # possible values are:
  # Simplex, PSO, SPSO-2006, SPSO-2011, PSO-A-IW,
  # PSO-LD-IW, PSO-Chaotic-IW, PSO-LD-IW,
  # Evolution-Strategy, Differential-Evolution,
  # Adaptive-Differential-Evolution
  Optimizer = PSO
  </configuration>
<iteration i="0">
<sensors>[[6.58136489769944,5.54904006576655,252.130134980054], [1.89193913286781,8.52728966661316,188.797195781781], [3.56921411802081,5.50178394771484,280.889044254643], [6.71188217113704,4.75175762963333,27.6228973546694]]</sensors>
<obstacles>[[1.84210498561151, 3.5304315998219], [7.76143848476931, 5.19254320627078], [8.09036607015878, 2.39090389246121], [5.77335155569017, 1.08818316785619]]</obstacles>
<global-best>12.2217268599831</global-best>
</iteration>
<iteration i="200">
<sensors>[[8.61030735835395,5.99997348167959,248.460593050088], [8.99990633627706,3.99221298609821,175.914798890321], [-6.12872326771155,12.6789659959149,269.69840297865], [0.00299461984968253,6.47943056294445E-05,22.7550282360199]]</sensors>
<obstacles>[[1.84210498561151, 3.5304315998219], [7.76143848476931, 5.19254320627078], [8.09036607015878, 2.39090389246121], [5.77335155569017, 1.08818316785619]]</obstacles>
<global-best>1.02390565852516</global-best>
</iteration>
<iterations>200</iterations>
<elapsed-time>5851</elapsed-time>
<average-time>0</average-time>
</simulation>