<?xml version="1.0" encoding="UTF-8"?>
<simulation>
<software>charlie-simulation-framework; v1.0.0; Jakob Rieke</software>
<system>Unix; Unix 18.2.0.0; 18.2.0.0</system>
<datetime>6/18/2019 12:23:25 AM</datetime>
<title>Static Sensor Positioning</title>
<meta>Author: Jakob Rieke; Version v1.3.0</meta>
<configuration>
  Zoom = 40
  SizeTeamA = 4
  SizeTeamB = 4
  FieldHeight = 9
  FieldWidth = 6
  PlayerSensorRange = 12
  PlayerSensorFOV = 56.3
  PlayerSize = 0.1555
  # The function used to optimize the problem,
  # possible values are:
  # Simplex, PSO, SPSO-2006, SPSO-2011, PSO-A-IW,
  # PSO-LD-IW, PSO-Chaotic-IW, PSO-LD-IW,
  # Evolution-Strategy, Differential-Evolution,
  # Adaptive-Differential-Evolution
  Optimizer = PSO
  </configuration>
<iteration i="0">
<sensors>[[9.19464205741575,0.381369115297101,201.207791149577], [10.1088474953672,1.3641100300114,105.453448711498], [8.38928260415895,2.75785208079492,124.474484303007], [2.5705586693777,1.65258080857803,300.765845549101]]</sensors>
<obstacles>[[1.80152326170355, 4.95830066828057], [1.89929945091717, 1.54825226543471], [7.1954983023461, 3.35252225026488], [3.89764720201492, 0.120932661462575]]</obstacles>
<global-best>15.3402117630629</global-best>
</iteration>
<iteration i="200">
<sensors>[[8.99861336349282,5.51430906594396,197.393526736546], [8.98330016496763,0.00300485975386094,94.2488051378091], [8.66931702368911,0.0160452939177208,156.968962421457], [3.30010337362041,5.99924904949255,301.022306822825]]</sensors>
<obstacles>[[1.80152326170355, 4.95830066828057], [1.89929945091717, 1.54825226543471], [7.1954983023461, 3.35252225026488], [3.89764720201492, 0.120932661462575]]</obstacles>
<global-best>0.311873844075274</global-best>
</iteration>
<iterations>200</iterations>
<elapsed-time>11497</elapsed-time>
<average-time>0</average-time>
</simulation>