<?xml version="1.0" encoding="UTF-8"?>
<simulation>
<software>charlie-simulation-framework; v1.0.0; Jakob Rieke</software>
<system>Unix; Unix 18.2.0.0; 18.2.0.0</system>
<datetime>6/18/2019 1:00:59 AM</datetime>
<title>Static Sensor Positioning</title>
<meta>Author: Jakob Rieke; Version v1.3.0</meta>
<configuration>
  Zoom = 40
  SizeTeamA = 4
  SizeTeamB = 4
  FieldHeight = 9
  FieldWidth = 6
  PlayerSensorRange = 12
  PlayerSensorFOV = 56.3
  PlayerSize = 0.1555
  # The function used to optimize the problem,
  # possible values are:
  # Simplex, PSO, SPSO-2006, SPSO-2011, PSO-A-IW,
  # PSO-LD-IW, PSO-Chaotic-IW, PSO-LD-IW,
  # Evolution-Strategy, Differential-Evolution,
  # Adaptive-Differential-Evolution
  Optimizer = PSO
  </configuration>
<iteration i="0">
<sensors>[[9.21603860388038,3.69219633215807,322.28434767092], [7.97511408911351,0.406667010974383,331.031531073606], [6.62912513058083,0.709464383470802,327.70462072482], [5.68925749848229,2.79249491939414,47.3524080883372]]</sensors>
<obstacles>[[6.67326122894883, 3.80099860578775], [0.72894853935577, 4.01855511311442], [6.98841180489399, 0.342881832271814], [1.39003042224795, 4.45552387833595]]</obstacles>
<global-best>21.7178560030676</global-best>
</iteration>
<iteration i="200">
<sensors>[[0.263650403646605,5.55051806542217,283.950799315023], [0.00013365527031269,4.23339827542813,309.133796543864], [0.151963223271354,5.9935377298973,332.199846426465], [0.0709656866292002,0.0115272998903937,45.5614279186489]]</sensors>
<obstacles>[[6.67326122894883, 3.80099860578775], [0.72894853935577, 4.01855511311442], [6.98841180489399, 0.342881832271814], [1.39003042224795, 4.45552387833595]]</obstacles>
<global-best>0.780710492730403</global-best>
</iteration>
<iterations>200</iterations>
<elapsed-time>6732</elapsed-time>
<average-time>0</average-time>
</simulation>