<?xml version="1.0" encoding="UTF-8"?>
<simulation>
<software>charlie-simulation-framework; v1.0.0; Jakob Rieke</software>
<system>Unix; Unix 18.2.0.0; 18.2.0.0</system>
<datetime>6/18/2019 12:59:20 AM</datetime>
<title>Static Sensor Positioning</title>
<meta>Author: Jakob Rieke; Version v1.3.0</meta>
<configuration>
  Zoom = 40
  SizeTeamA = 4
  SizeTeamB = 4
  FieldHeight = 9
  FieldWidth = 6
  PlayerSensorRange = 12
  PlayerSensorFOV = 56.3
  PlayerSize = 0.1555
  # The function used to optimize the problem,
  # possible values are:
  # Simplex, PSO, SPSO-2006, SPSO-2011, PSO-A-IW,
  # PSO-LD-IW, PSO-Chaotic-IW, PSO-LD-IW,
  # Evolution-Strategy, Differential-Evolution,
  # Adaptive-Differential-Evolution
  Optimizer = PSO
  </configuration>
<iteration i="0">
<sensors>[[0.357270096511716,3.86350406052593,112.041813069767], [4.63681465548141,3.68274542862336,247.589341159954], [1.72720099246732,5.63030438458454,196.363384303951], [5.71771051480215,7.01962817635436,237.972751113217]]</sensors>
<obstacles>[[3.65721428976394, 0.523946321569383], [5.20962242921814, 4.48219094239175], [5.05286847031675, 0.358457368332893], [0.593332319520414, 0.879703311715275]]</obstacles>
<global-best>23.8058204194537</global-best>
</iteration>
<iteration i="200">
<sensors>[[8.9933376637184,1.75895529093338E-05,115.057998019623], [6.18506521694138,5.59228191003931,267.953765890187], [6.2981730040682,5.99832112981751,207.479851375178], [8.99692180359098,5.9995955404741,210.175710547377]]</sensors>
<obstacles>[[3.65721428976394, 0.523946321569383], [5.20962242921814, 4.48219094239175], [5.05286847031675, 0.358457368332893], [0.593332319520414, 0.879703311715275]]</obstacles>
<global-best>0.480088185334736</global-best>
</iteration>
<iterations>200</iterations>
<elapsed-time>10572</elapsed-time>
<average-time>0</average-time>
</simulation>