<?xml version="1.0" encoding="UTF-8"?>
<simulation>
<software>charlie-simulation-framework; v1.0.0; Jakob Rieke</software>
<system>Unix; Unix 18.2.0.0; 18.2.0.0</system>
<datetime>6/17/2019 11:49:34 PM</datetime>
<title>Static Sensor Positioning</title>
<meta>Author: Jakob Rieke; Version v1.3.0</meta>
<configuration>
  Zoom = 40
  SizeTeamA = 4
  SizeTeamB = 4
  FieldHeight = 9
  FieldWidth = 6
  PlayerSensorRange = 12
  PlayerSensorFOV = 56.3
  PlayerSize = 0.1555
  # The function used to optimize the problem,
  # possible values are:
  # Simplex, PSO, SPSO-2006, SPSO-2011, PSO-A-IW,
  # PSO-LD-IW, PSO-Chaotic-IW, PSO-LD-IW,
  # Evolution-Strategy, Differential-Evolution,
  # Adaptive-Differential-Evolution
  Optimizer = PSO
  </configuration>
<iteration i="0">
<sensors>[[8.43890401770592,-1.02284997166582,215.443423147581], [4.85897985504205,4.81326171875933,100.090153397189], [6.74551391636648,1.29143660621834,47.9912469053179], [2.23207009319477,0.994119838265411,215.382191377918]]</sensors>
<obstacles>[[7.65098858135752, 1.90449300734326], [1.39507869374938, 0.884488520678133], [4.14453432639129, 3.40552493836731], [6.28284609527327, 4.62796538835391]]</obstacles>
<global-best>21.1706658880383</global-best>
</iteration>
<iteration i="200">
<sensors>[[8.99872921260844,2.50306739594947,205.726673857655], [8.99767326614502,1.45090539440921,102.897243259366], [1.18198677773771,8.6050747646987E-05,27.9951482214624], [6.57327218507733,5.99931615899754,207.51485007209]]</sensors>
<obstacles>[[7.65098858135752, 1.90449300734326], [1.39507869374938, 0.884488520678133], [4.14453432639129, 3.40552493836731], [6.28284609527327, 4.62796538835391]]</obstacles>
<global-best>0.17313791532793</global-best>
</iteration>
<iterations>200</iterations>
<elapsed-time>9019</elapsed-time>
<average-time>0</average-time>
</simulation>