<?xml version="1.0" encoding="UTF-8"?>
<simulation>
<software>charlie-simulation-framework; v1.0.0; Jakob Rieke</software>
<system>Unix; Unix 18.2.0.0; 18.2.0.0</system>
<datetime>6/17/2019 11:50:38 PM</datetime>
<title>Static Sensor Positioning</title>
<meta>Author: Jakob Rieke; Version v1.3.0</meta>
<configuration>
  Zoom = 40
  SizeTeamA = 4
  SizeTeamB = 4
  FieldHeight = 9
  FieldWidth = 6
  PlayerSensorRange = 12
  PlayerSensorFOV = 56.3
  PlayerSize = 0.1555
  # The function used to optimize the problem,
  # possible values are:
  # Simplex, PSO, SPSO-2006, SPSO-2011, PSO-A-IW,
  # PSO-LD-IW, PSO-Chaotic-IW, PSO-LD-IW,
  # Evolution-Strategy, Differential-Evolution,
  # Adaptive-Differential-Evolution
  Optimizer = PSO
  </configuration>
<iteration i="0">
<sensors>[[8.7084901520011,9.79784595028862,297.227371556593], [-2.22858960454413,-1.88322888334697,172.057010068617], [11.0578405180565,-0.419392892815564,240.95921003239], [4.93111551908241,6.69752456590176,199.720277547806]]</sensors>
<obstacles>[[7.0480359219946, 4.41200022026896], [2.25774274324067, 4.67960200924426], [2.28950123372488, 2.79570125089958], [6.3930982213933, 4.18011010391638]]</obstacles>
<global-best>22.9813176567888</global-best>
</iteration>
<iteration i="200">
<sensors>[[0.0074314045904604,5.13170756199212,327.387199551547], [8.99325182696022,2.7451724496109,174.586105339808], [8.98620489823851,5.99741602381453,243.054678900279], [8.67114354608638,5.96710244701915,202.470174834344]]</sensors>
<obstacles>[[7.0480359219946, 4.41200022026896], [2.25774274324067, 4.67960200924426], [2.28950123372488, 2.79570125089958], [6.3930982213933, 4.18011010391638]]</obstacles>
<global-best>0.195830079023602</global-best>
</iteration>
<iterations>200</iterations>
<elapsed-time>11177</elapsed-time>
<average-time>0</average-time>
</simulation>