<?xml version="1.0" encoding="UTF-8"?>
<simulation>
<software>charlie-simulation-framework; v1.0.0; Jakob Rieke</software>
<system>Unix; Unix 18.2.0.0; 18.2.0.0</system>
<datetime>6/17/2019 11:50:07 PM</datetime>
<title>Static Sensor Positioning</title>
<meta>Author: Jakob Rieke; Version v1.3.0</meta>
<configuration>
  Zoom = 40
  SizeTeamA = 4
  SizeTeamB = 4
  FieldHeight = 9
  FieldWidth = 6
  PlayerSensorRange = 12
  PlayerSensorFOV = 56.3
  PlayerSize = 0.1555
  # The function used to optimize the problem,
  # possible values are:
  # Simplex, PSO, SPSO-2006, SPSO-2011, PSO-A-IW,
  # PSO-LD-IW, PSO-Chaotic-IW, PSO-LD-IW,
  # Evolution-Strategy, Differential-Evolution,
  # Adaptive-Differential-Evolution
  Optimizer = PSO
  </configuration>
<iteration i="0">
<sensors>[[6.20788867338425,2.71938596607971,307.184611260901], [-2.9815256972805,6.10719653447084,146.613550666362], [12.2302414741942,1.52882409501585,299.388467468635], [6.28414849277836,2.07282091515308,119.006278280752]]</sensors>
<obstacles>[[4.64640916488133, 5.48524984437972], [1.40117509290576, 1.88801867561415], [4.19304186059162, 1.0793597032316], [7.51934669958428, 5.77119673043489]]</obstacles>
<global-best>18.5910055622332</global-best>
</iteration>
<iteration i="200">
<sensors>[[3.7485369993325E-05,5.98809729808899,298.240568121372], [8.17096316515764,5.30120070462608E-06,152.210844597019], [347.711574327514,1.51047774589648,499.03845920985], [8.99987659049841,0.00392844561739232,118.144283475419]]</sensors>
<obstacles>[[4.64640916488133, 5.48524984437972], [1.40117509290576, 1.88801867561415], [4.19304186059162, 1.0793597032316], [7.51934669958428, 5.77119673043489]]</obstacles>
<global-best>0.416282500502341</global-best>
</iteration>
<iterations>200</iterations>
<elapsed-time>5469</elapsed-time>
<average-time>0</average-time>
</simulation>