<?xml version="1.0" encoding="UTF-8"?>
<simulation>
<software>charlie-simulation-framework; v1.0.0; Jakob Rieke</software>
<system>Unix; Unix 18.2.0.0; 18.2.0.0</system>
<datetime>6/17/2019 11:49:25 PM</datetime>
<title>Static Sensor Positioning</title>
<meta>Author: Jakob Rieke; Version v1.3.0</meta>
<configuration>
  Zoom = 40
  SizeTeamA = 4
  SizeTeamB = 4
  FieldHeight = 9
  FieldWidth = 6
  PlayerSensorRange = 12
  PlayerSensorFOV = 56.3
  PlayerSize = 0.1555
  # The function used to optimize the problem,
  # possible values are:
  # Simplex, PSO, SPSO-2006, SPSO-2011, PSO-A-IW,
  # PSO-LD-IW, PSO-Chaotic-IW, PSO-LD-IW,
  # Evolution-Strategy, Differential-Evolution,
  # Adaptive-Differential-Evolution
  Optimizer = PSO
  </configuration>
<iteration i="0">
<sensors>[[1.49223477543489,8.00679558565933,58.1894885435693], [4.10718078213994,4.61849947543129,47.9913934271718], [0.86926994183284,-1.32952891971906,161.868675876484], [4.72166094578859,0.976106813964004,52.5295821012285]]</sensors>
<obstacles>[[3.41656977217644, 5.1500659477897], [6.91091364179738, 1.14176393626258], [8.06707489443943, 4.37143030576408], [5.92337590665556, 4.7369457478635]]</obstacles>
<global-best>21.4890138462818</global-best>
</iteration>
<iteration i="200">
<sensors>[[8.99544532327317,0.00809865830602799,121.364609942731], [0.00678282591678751,0.0050570957004588,23.2685564008117], [8.99058613339962,2.94511620680533,173.752890860346], [0.00398070955578965,3.73800524053866,7.32264332678711]]</sensors>
<obstacles>[[3.41656977217644, 5.1500659477897], [6.91091364179738, 1.14176393626258], [8.06707489443943, 4.37143030576408], [5.92337590665556, 4.7369457478635]]</obstacles>
<global-best>0.100327733112224</global-best>
</iteration>
<iterations>200</iterations>
<elapsed-time>8962</elapsed-time>
<average-time>0</average-time>
</simulation>