<?xml version="1.0" encoding="UTF-8"?>
<simulation>
<software>charlie-simulation-framework; v1.0.0; Jakob Rieke</software>
<system>Unix; Unix 18.2.0.0; 18.2.0.0</system>
<datetime>6/17/2019 11:49:19 PM</datetime>
<title>Static Sensor Positioning</title>
<meta>Author: Jakob Rieke; Version v1.3.0</meta>
<configuration>
  Zoom = 40
  SizeTeamA = 4
  SizeTeamB = 4
  FieldHeight = 9
  FieldWidth = 6
  PlayerSensorRange = 12
  PlayerSensorFOV = 56.3
  PlayerSize = 0.1555
  # The function used to optimize the problem,
  # possible values are:
  # Simplex, PSO, SPSO-2006, SPSO-2011, PSO-A-IW,
  # PSO-LD-IW, PSO-Chaotic-IW, PSO-LD-IW,
  # Evolution-Strategy, Differential-Evolution,
  # Adaptive-Differential-Evolution
  Optimizer = PSO
  </configuration>
<iteration i="0">
<sensors>[[2.63553965201243,6.37119957195948,96.4397852967896], [3.76419603545183,-1.81807495339304,313.20064735495], [3.52898325790608,8.67408961152984,309.905792171655], [1.79072448024545,1.01972104551273,-1.75650578619511]]</sensors>
<obstacles>[[4.10040597408079, 5.32110699824989], [3.46176732634194, 4.93473186297342], [3.57569016446359, 0.469048658385873], [0.724951725220308, 0.0490036639384925]]</obstacles>
<global-best>18.2070493729114</global-best>
</iteration>
<iteration i="200">
<sensors>[[1.08024174779651,0.00167894079651927,77.3652556604041], [0.417838275980872,5.99984521998201,292.588487825071], [-183.39432260768,16.4240694092046,305.575924355769], [0.000170617607994471,3.31984699586267,5.24890334950061]]</sensors>
<obstacles>[[4.10040597408079, 5.32110699824989], [3.46176732634194, 4.93473186297342], [3.57569016446359, 0.469048658385873], [0.724951725220308, 0.0490036639384925]]</obstacles>
<global-best>0.581196457225356</global-best>
</iteration>
<iterations>200</iterations>
<elapsed-time>5576</elapsed-time>
<average-time>0</average-time>
</simulation>