<?xml version="1.0" encoding="UTF-8"?>
<simulation>
<software>charlie-simulation-framework; v1.0.0; Jakob Rieke</software>
<system>Unix; Unix 18.2.0.0; 18.2.0.0</system>
<datetime>6/18/2019 8:40:42 AM</datetime>
<title>Static Sensor Positioning</title>
<meta>Author: Jakob Rieke; Version v1.3.0</meta>
<configuration>
  Zoom = 40
  SizeTeamA = 11
  SizeTeamB = 11
  FieldHeight = 9
  FieldWidth = 6
  PlayerSensorRange = 12
  PlayerSensorFOV = 56.3
  PlayerSize = 0.1555
  # The function used to optimize the problem,
  # possible values are:
  # Simplex, PSO, SPSO-2006, SPSO-2011, PSO-A-IW,
  # PSO-LD-IW, PSO-Chaotic-IW, PSO-LD-IW,
  # Evolution-Strategy, Differential-Evolution,
  # Adaptive-Differential-Evolution
  Optimizer = PSO
  </configuration>
<iteration i="0">
<sensors>[[4.47208325787764,2.35989677453079,154.976905777882], [6.66744533772271,0.163920878976885,244.948430555273], [2.94932165211718,1.76988566680621,170.539948880698], [2.28462912552729,5.61322173442185,339.644651549833], [1.19927005440695,1.03563236418074,157.457086090027], [5.95983475571397,0.502355255842283,67.467238242967], [2.92241172982679,7.8144990582623,194.424727580713], [5.26077905809243,1.90558386596949,228.835533738163], [10.9306598309476,-0.589134427413267,149.066192434457], [7.26591781039705,0.319947658374481,296.877582701854], [6.4655385066056,10.089598504295,281.30727814841]]</sensors>
<obstacles>[[4.01772228581831, 3.27480310108513], [6.30208862526342, 2.5044331708923], [1.94819649215788, 4.70805762335658], [5.73493229155429, 2.11385543178767], [4.55009204079397, 4.91997547494248], [5.52005635946989, 5.40395093802363], [1.97661566594616, 3.94630089774728], [2.97086159116589, 2.72824353910983], [5.58007676666602, 3.35548770334572], [2.70840532472357, 2.55169799504802], [7.44706063438207, 0.830563362222165]]</obstacles>
<global-best>16.3730267237541</global-best>
</iteration>
<iteration i="1200">
<sensors>[[7.49838192063146,8.12213442861585E-06,137.782178153441], [8.68750823600205,5.99998533645489,260.907772020415], [7.44645690918396,3.27077156873567,179.039110460625], [9.13197678120436E-06,5.53415447764121,335.673197778022], [2.71445096771189,5.01315300539136,-21.5765359864435], [38791.5044094867,-155994.108387302,-1470839.90750137], [8.99995879030655,5.57174771970432,196.376997495974], [8.9999943614427,4.15256860661448,224.227056044711], [2.02678962588775,2.63974908354304,148.338679299985], [31.8145448132782,19.445251532099,281657.811121946], [-46376.7961004529,3151.02118052203,290.378022686531]]</sensors>
<obstacles>[[4.01772228581831, 3.27480310108513], [6.30208862526342, 2.5044331708923], [1.94819649215788, 4.70805762335658], [5.73493229155429, 2.11385543178767], [4.55009204079397, 4.91997547494248], [5.52005635946989, 5.40395093802363], [1.97661566594616, 3.94630089774728], [2.97086159116589, 2.72824353910983], [5.58007676666602, 3.35548770334572], [2.70840532472357, 2.55169799504802], [7.44706063438207, 0.830563362222165]]</obstacles>
<global-best>0.164804667707266</global-best>
</iteration>
<iterations>1200</iterations>
<elapsed-time>402885</elapsed-time>
<average-time>0</average-time>
</simulation>