<?xml version="1.0" encoding="UTF-8"?>
<simulation><title>Static SP with GA</title>
<meta></meta>
<datetime>6/5/2019 11:10:24 PM</datetime>
<system>Unix, Unix 18.2.0.0, 18.2.0.0</system>
<model>
  Zoom = 40
  SizeTeamA = 4
  SizeTeamB = 4
  FieldHeight = 9
  FieldWidth = 6
  PlayerSensorRange = 12
  PlayerSensorFOV = 56.3
  PlayerSize = 0.1555
  # The function used to optimize the problem,
  # possible values are:
  # Simplex, PSO, SPSO-2006, SPSO-2011, PSO-A-IW,
  # PSO-LD-IW, PSO-Chaotic-IW, PSO-LD-IW,
  # Evolution-Strategy, Differential-Evolution,
  # Adaptive-Differential-Evolution
  Optimizer = Adaptive-Differential-Evolution
  
</model>
<iteration i="0">
<positions-team-a>...</positions-team-a>
<positions-team-b>...</positions-team-b>
<global-best>16.3496633487245</global-best>

</iteration>
<iteration i="200"><positions-team-a>...</positions-team-a>
<positions-team-b>...</positions-team-b>
<global-best>1.3567771443656</global-best>
</iteration>
<iterations>200</iterations>
<elapsed-time>19047</elapsed-time>
<average-time>0</average-time></simulation>
