<?xml version="1.0" encoding="UTF-8"?>
<simulation>
<software>charlie-simulation-framework; v1.0.0; Jakob Rieke</software>
<system>Unix; Unix 18.2.0.0; 18.2.0.0</system>
<datetime>6/12/2019 4:41:01 PM</datetime>
<title>Static SP with GA</title>
<meta>Author: Jakob Rieke; Version v1.3.0</meta>
<configuration>
  Zoom = 40
  SizeTeamA = 7
  SizeTeamB = 7
  FieldHeight = 9
  FieldWidth = 6
  PlayerSensorRange = 12
  PlayerSensorFOV = 56.3
  PlayerSize = 0.1555
  # The function used to optimize the problem,
  # possible values are:
  # Simplex, PSO, SPSO-2006, SPSO-2011, PSO-A-IW,
  # PSO-LD-IW, PSO-Chaotic-IW, PSO-LD-IW,
  # Evolution-Strategy, Differential-Evolution,
  # Adaptive-Differential-Evolution
  Optimizer = PSO
  </configuration>
<iteration i="0">
<sensors>[[4.247954410362,6.39639326420523,191.383527240913], [2.83268082858369,3.12652581325053,22.7029539556162], [11.6813448694651,-0.201441097758739,292.933173538849], [-1.75241596202254,-1.26050241073489,351.745016776143], [9.09150601497054,2.23090937007358,197.076131201231], [11.0003807195067,7.00140349195709,317.242855039984], [11.097752372477,5.29719851932657,264.036305404928]]</sensors>
<obstacles>[[2.98837818880565, 2.31847365153953], [6.3612590173725, 2.7362299868837], [7.99424960673787, 0.119049264583737], [2.35881518293172, 5.56826476100832], [4.53152436506934, 1.44935026718304], [4.8669887452852, 4.73599678091705], [5.62894061137922, 4.19724766211584]]</obstacles>
<global-best>11.9473960420158</global-best>
</iteration>
<iteration i="200">
<sensors>[[7.67482324171,5.9996722022346,206.461709759784], [1.43052746179278,0.000691333117393395,27.7776114808744], [0.00077394409197052,5.9997902283593,304.987317962713], [0.000325721690771256,3.28758461579341,365.399981913882], [8.99818909871586,3.42558368327556,204.645140193542], [49.4073203338685,-4.73237014948759,316.577977786547], [-10.2448864269546,2.40119712379994,261.918246863045]]</sensors>
<obstacles>[[2.98837818880565, 2.31847365153953], [6.3612590173725, 2.7362299868837], [7.99424960673787, 0.119049264583737], [2.35881518293172, 5.56826476100832], [4.53152436506934, 1.44935026718304], [4.8669887452852, 4.73599678091705], [5.62894061137922, 4.19724766211584]]</obstacles>
<global-best>0.585399129009962</global-best>
</iteration>
<iterations>200</iterations>
<elapsed-time>22704</elapsed-time>
<average-time>0</average-time>
</simulation>