<?xml version="1.0" encoding="UTF-8"?>
<simulation>
<software>charlie-simulation-framework; v1.0.0; Jakob Rieke</software>
<system>Unix; Unix 18.2.0.0; 18.2.0.0</system>
<datetime>6/12/2019 4:41:24 PM</datetime>
<title>Static SP with GA</title>
<meta>Author: Jakob Rieke; Version v1.3.0</meta>
<configuration>
  Zoom = 40
  SizeTeamA = 7
  SizeTeamB = 7
  FieldHeight = 9
  FieldWidth = 6
  PlayerSensorRange = 12
  PlayerSensorFOV = 56.3
  PlayerSize = 0.1555
  # The function used to optimize the problem,
  # possible values are:
  # Simplex, PSO, SPSO-2006, SPSO-2011, PSO-A-IW,
  # PSO-LD-IW, PSO-Chaotic-IW, PSO-LD-IW,
  # Evolution-Strategy, Differential-Evolution,
  # Adaptive-Differential-Evolution
  Optimizer = PSO
  </configuration>
<iteration i="0">
<sensors>[[6.10992147318068,0.868047769069921,242.109581161132], [5.30850122714635,-2.17021569367839,96.4411078288144], [6.47471178857385,4.24391964242783,242.673247061272], [3.53426883419275,8.15358780362102,286.13412768589], [2.42605299625335,8.84062174788148,81.5622262420234], [2.13376995270991,5.67449455307009,56.6855474836302], [4.5339888204813,-2.91324466512648,302.117299268774]]</sensors>
<obstacles>[[1.86645417124964, 0.519270482473075], [6.04051845590584, 0.842035874258727], [8.27795456768945, 1.09168561454862], [4.54213199671358, 2.6335351606831], [6.50556574109942, 1.71106235403568], [1.34520506230183, 5.24401340866461], [1.92642329167575, 4.5483642378822]]</obstacles>
<global-best>18.1921364464591</global-best>
</iteration>
<iteration i="200">
<sensors>[[3.15744307749225,17.2925241625859,235.487522467154], [5.74749905989873,0.0104379383478178,103.127648256909], [8.99475372055635,5.64660883167845,243.449734115039], [0.00142921281736259,5.79272016091454,293.607205711692], [0.716513387816875,0.018115178029375,78.4412359353859], [3.82922932284079,0.185502078225273,56.8937174121713], [3.58957160061287,5.9554303848533,305.272087869161]]</sensors>
<obstacles>[[1.86645417124964, 0.519270482473075], [6.04051845590584, 0.842035874258727], [8.27795456768945, 1.09168561454862], [4.54213199671358, 2.6335351606831], [6.50556574109942, 1.71106235403568], [1.34520506230183, 5.24401340866461], [1.92642329167575, 4.5483642378822]]</obstacles>
<global-best>0.389076128528114</global-best>
</iteration>
<iterations>200</iterations>
<elapsed-time>22996</elapsed-time>
<average-time>0</average-time>
</simulation>