<?xml version="1.0" encoding="UTF-8"?>
<simulation>
<software>charlie-simulation-framework; v1.0.0; Jakob Rieke</software>
<system>Unix; Unix 18.2.0.0; 18.2.0.0</system>
<datetime>6/13/2019 8:39:27 AM</datetime>
<title>Static SP with GA</title>
<meta>Author: Jakob Rieke; Version v1.3.0</meta>
<configuration>
  Zoom = 40
  SizeTeamA = 7
  SizeTeamB = 7
  FieldHeight = 9
  FieldWidth = 6
  PlayerSensorRange = 12
  PlayerSensorFOV = 56.3
  PlayerSize = 0.1555
  # The function used to optimize the problem,
  # possible values are:
  # Simplex, PSO, SPSO-2006, SPSO-2011, PSO-A-IW,
  # PSO-LD-IW, PSO-Chaotic-IW, PSO-LD-IW,
  # Evolution-Strategy, Differential-Evolution,
  # Adaptive-Differential-Evolution
  Optimizer = PSO
  </configuration>
<iteration i="0">
<sensors>[[4.11340123999502,0.0414038759019535,303.199755090306], [1.38458191481689,6.90382894437293,116.212042298169], [-2.68038495539192,8.79894911832694,272.905125528864], [0.478108712616495,0.0435964077839897,125.311836500517], [4.3030373975311,2.9521951845528,329.051015678436], [6.71519737140524,0.717823647789708,89.5641308663777], [1.16674146460337,7.25180817120879,224.736357796852]]</sensors>
<obstacles>[[2.29396562813781, 2.27837367262691], [2.76521708280779, 1.15425091283396], [7.44896313571371, 2.74153468664736], [8.82027628831565, 2.61812613671646], [7.29242961877026, 3.62909913249314], [3.62395644234493, 0.53047564951703], [8.06144452909939, 0.587788900360465]]</obstacles>
<global-best>12.5849861105668</global-best>
</iteration>
<iteration i="200">
<sensors>[[-2.83145575957583,-6.2010181881655,273.472625526583], [-14.7583277838938,8.66040612233003,134.065995937365], [0.0137866037946296,5.97491543557007,297.782837082866], [8.99659978712017,0.989428543741621,136.307010142626], [3.26323678688126,5.9945519585673,333.83203474264], [8.16754122356239,0.00355748485260363,83.5086136641859], [8.90621181985972,5.95728000564092,238.180619381713]]</sensors>
<obstacles>[[2.29396562813781, 2.27837367262691], [2.76521708280779, 1.15425091283396], [7.44896313571371, 2.74153468664736], [8.82027628831565, 2.61812613671646], [7.29242961877026, 3.62909913249314], [3.62395644234493, 0.53047564951703], [8.06144452909939, 0.587788900360465]]</obstacles>
<global-best>0.474115178548956</global-best>
</iteration>
<iterations>200</iterations>
<elapsed-time>17500</elapsed-time>
<average-time>0</average-time>
</simulation>