<?xml version="1.0" encoding="UTF-8"?>
<simulation>
<software>charlie-simulation-framework; v1.0.0; Jakob Rieke</software>
<system>Unix; Unix 18.2.0.0; 18.2.0.0</system>
<datetime>6/13/2019 8:41:31 AM</datetime>
<title>Static SP with GA</title>
<meta>Author: Jakob Rieke; Version v1.3.0</meta>
<configuration>
  Zoom = 40
  SizeTeamA = 7
  SizeTeamB = 7
  FieldHeight = 9
  FieldWidth = 6
  PlayerSensorRange = 12
  PlayerSensorFOV = 56.3
  PlayerSize = 0.1555
  # The function used to optimize the problem,
  # possible values are:
  # Simplex, PSO, SPSO-2006, SPSO-2011, PSO-A-IW,
  # PSO-LD-IW, PSO-Chaotic-IW, PSO-LD-IW,
  # Evolution-Strategy, Differential-Evolution,
  # Adaptive-Differential-Evolution
  Optimizer = PSO
  </configuration>
<iteration i="0">
<sensors>[[2.23662864987232,3.82922611286973,138.767795296157], [0.105009778447061,0.102969724846836,144.994871393076], [6.47962658750547,1.77295679494973,-2.28034665997928], [10.5043418595993,8.08855399473979,357.423825499733], [3.63533514497037,4.83562219328431,326.692468460768], [3.65413681243607,5.29288105790906,55.8518320561951], [4.39794362540594,1.74694785581217,176.390897015195]]</sensors>
<obstacles>[[4.40997208608314, 3.47529149567708], [0.851984559791163, 5.35730997053906], [6.10348544153385, 5.32647379115224], [6.07115083769895, 0.900419210549444], [2.17389018181711, 4.40972439944744], [4.77595008909702, 2.86444027349353], [3.89082511444576, 2.82668855320662]]</obstacles>
<global-best>12.729883840288</global-best>
</iteration>
<iteration i="200">
<sensors>[[-45.7242441459327,1.07123193139028,133.530006174565], [5.4142629081944,0.961372690579649,150.559366999489], [0.00576672316444168,0.00359113865743085,7.55965032336662], [0.00640253344648808,3.24341589553325,365.753255974071], [-6.54916298045112,-42.0537982052649,324.862684074509], [6.36526297862477,0.794984942614525,92.9332031183084], [8.99253587626143,4.12670221760049,177.351404877318]]</sensors>
<obstacles>[[4.40997208608314, 3.47529149567708], [0.851984559791163, 5.35730997053906], [6.10348544153385, 5.32647379115224], [6.07115083769895, 0.900419210549444], [2.17389018181711, 4.40972439944744], [4.77595008909702, 2.86444027349353], [3.89082511444576, 2.82668855320662]]</obstacles>
<global-best>0.381511212653165</global-best>
</iteration>
<iterations>200</iterations>
<elapsed-time>18685</elapsed-time>
<average-time>0</average-time>
</simulation>