<?xml version="1.0" encoding="UTF-8"?>
<simulation>
<software>charlie-simulation-framework; v1.0.0; Jakob Rieke</software>
<system>Unix; Unix 18.2.0.0; 18.2.0.0</system>
<datetime>6/13/2019 8:08:40 AM</datetime>
<title>Static SP with GA</title>
<meta>Author: Jakob Rieke; Version v1.3.0</meta>
<configuration>
  Zoom = 40
  SizeTeamA = 7
  SizeTeamB = 7
  FieldHeight = 9
  FieldWidth = 6
  PlayerSensorRange = 12
  PlayerSensorFOV = 56.3
  PlayerSize = 0.1555
  # The function used to optimize the problem,
  # possible values are:
  # Simplex, PSO, SPSO-2006, SPSO-2011, PSO-A-IW,
  # PSO-LD-IW, PSO-Chaotic-IW, PSO-LD-IW,
  # Evolution-Strategy, Differential-Evolution,
  # Adaptive-Differential-Evolution
  Optimizer = PSO
  </configuration>
<iteration i="0">
<sensors>[[1.68212385886617,3.38214467013172,73.4447462721899], [5.5902515183136,6.60414687306843,273.002642131851], [-0.661159806248873,0.467794648665486,199.66808867611], [6.78169051341204,2.93978532099781,188.454137934854], [6.07712849229524,-3.12791293382434,332.89864664692], [9.09938147337046,2.27638114102219,111.844786599401], [0.540623258207953,-3.29730037006217,243.252574243524]]</sensors>
<obstacles>[[5.26264419662766, 0.265347559936345], [7.22010216163471, 1.18905189726502], [5.63832731405273, 2.11104722041637], [5.17513039265759, 4.37038370082155], [7.93915047263727, 0.108383229933679], [7.70938166929409, 1.19327202066779], [7.32749067130499, 5.54753675451502]]</obstacles>
<global-best>12.6974192174481</global-best>
</iteration>
<iteration i="200">
<sensors>[[6.32365706440066,0.0191038489627638,82.6433077932243], [8.63658483275308,5.96425614871877,259.647685513492], [18.4983264654259,-0.741028934452874,197.164805552952], [8.17639392813342,5.97405769717392,181.243325485848], [0.399617259082699,4.39919292854094,335.713501444915], [0.0306867521074599,0.00697082217860155,65.1263531057905], [4.79534040396802,5.07852623457863,232.554376189991]]</sensors>
<obstacles>[[5.26264419662766, 0.265347559936345], [7.22010216163471, 1.18905189726502], [5.63832731405273, 2.11104722041637], [5.17513039265759, 4.37038370082155], [7.93915047263727, 0.108383229933679], [7.70938166929409, 1.19327202066779], [7.32749067130499, 5.54753675451502]]</obstacles>
<global-best>0.296542095414593</global-best>
</iteration>
<iterations>200</iterations>
<elapsed-time>21169</elapsed-time>
<average-time>0</average-time>
</simulation>