<?xml version="1.0" encoding="UTF-8"?>
<simulation>
<software>charlie-simulation-framework; v1.0.0; Jakob Rieke</software>
<system>Unix; Unix 18.2.0.0; 18.2.0.0</system>
<datetime>6/12/2019 4:42:13 PM</datetime>
<title>Static SP with GA</title>
<meta>Author: Jakob Rieke; Version v1.3.0</meta>
<configuration>
  Zoom = 40
  SizeTeamA = 7
  SizeTeamB = 7
  FieldHeight = 9
  FieldWidth = 6
  PlayerSensorRange = 12
  PlayerSensorFOV = 56.3
  PlayerSize = 0.1555
  # The function used to optimize the problem,
  # possible values are:
  # Simplex, PSO, SPSO-2006, SPSO-2011, PSO-A-IW,
  # PSO-LD-IW, PSO-Chaotic-IW, PSO-LD-IW,
  # Evolution-Strategy, Differential-Evolution,
  # Adaptive-Differential-Evolution
  Optimizer = PSO
  </configuration>
<iteration i="0">
<sensors>[[2.1936180894135,-3.6089546123336,275.847105890377], [7.00968049616526,4.62421022388581,120.261405337332], [7.06049530395519,-0.448314221762697,162.745526786694], [10.0320053073981,3.80164784591506,251.757116902315], [4.28717916651881,-1.36828593248282,7.72466104639552], [7.95845419258133,0.977400020168843,301.288150295311], [8.01638272949394,5.66605288819434,153.066179182287]]</sensors>
<obstacles>[[4.54766223183833, 5.12328032730147], [6.64323604269885, 1.50757914735004], [0.940273260232061, 3.93043992295861], [5.99060517176986, 3.59401982836425], [0.533295311965048, 1.46450624428689], [5.62086737388745, 5.26616379339248], [3.06550068338402, 1.0448469473049]]</obstacles>
<global-best>21.0926144214144</global-best>
</iteration>
<iteration i="200">
<sensors>[[6.08654933166318,5.99822472198198,276.387994286777], [8.99692208729742,0.95216190774559,117.959111295178], [8.10881761066317,0.000198617700039369,151.932014749514], [2.28152356152244,5.99133643400664,251.156965369678], [-5.74105497220422,18.6877620580299,-1.12591715861709], [3.8017936684476,5.99728379403943,297.991168847143], [5.694889774683,3.69627880249272,147.329159941961]]</sensors>
<obstacles>[[4.54766223183833, 5.12328032730147], [6.64323604269885, 1.50757914735004], [0.940273260232061, 3.93043992295861], [5.99060517176986, 3.59401982836425], [0.533295311965048, 1.46450624428689], [5.62086737388745, 5.26616379339248], [3.06550068338402, 1.0448469473049]]</obstacles>
<global-best>0.557068109969251</global-best>
</iteration>
<iterations>200</iterations>
<elapsed-time>23579</elapsed-time>
<average-time>0</average-time>
</simulation>