<?xml version="1.0" encoding="UTF-8"?>
<simulation>
<software>charlie-simulation-framework; v1.0.0; Jakob Rieke</software>
<system>Unix; Unix 18.2.0.0; 18.2.0.0</system>
<datetime>6/13/2019 8:07:44 AM</datetime>
<title>Static SP with GA</title>
<meta>Author: Jakob Rieke; Version v1.3.0</meta>
<configuration>
  Zoom = 40
  SizeTeamA = 7
  SizeTeamB = 7
  FieldHeight = 9
  FieldWidth = 6
  PlayerSensorRange = 12
  PlayerSensorFOV = 56.3
  PlayerSize = 0.1555
  # The function used to optimize the problem,
  # possible values are:
  # Simplex, PSO, SPSO-2006, SPSO-2011, PSO-A-IW,
  # PSO-LD-IW, PSO-Chaotic-IW, PSO-LD-IW,
  # Evolution-Strategy, Differential-Evolution,
  # Adaptive-Differential-Evolution
  Optimizer = PSO
  </configuration>
<iteration i="0">
<sensors>[[-3.98214564193724,3.77440108189378,269.043939835344], [13.0285191200973,-0.151405383781319,188.727833425826], [5.56838140955913,2.87779989069474,215.936472551812], [3.31013449908889,10.0062838372248,276.79785142868], [5.55835096544732,4.44723560865513,314.5086738689], [12.778239002486,-3.32963021063689,144.566306544393], [-1.20403221130733,0.713035539077529,92.4867549601147]]</sensors>
<obstacles>[[0.586946786614135, 5.49033575411886], [1.12494918052107, 3.62511328887194], [4.72350378334522, 3.63682052213699], [1.24642643728293, 1.48113285843283], [8.67289894656278, 0.261538711376488], [2.36595244472846, 0.612891543656588], [1.64638852304779, 0.242332766298205]]</obstacles>
<global-best>10.5870683876598</global-best>
</iteration>
<iteration i="200">
<sensors>[[1.87665326943231,3.4941832078172,264.320525085242], [8.99924851364453,5.72304706441029,189.42276964439], [-1.01514590475145,-14.7498628056721,239.052957684148], [7.61200262693655,5.99994834072647,276.841250734166], [1.31517631278352,4.98370493455797,348.842419617004], [8.99874207475641,1.24667269624597,170.199682709579], [0.0102982995792099,0.00675685714585829,62.4307682273699]]</sensors>
<obstacles>[[0.586946786614135, 5.49033575411886], [1.12494918052107, 3.62511328887194], [4.72350378334522, 3.63682052213699], [1.24642643728293, 1.48113285843283], [8.67289894656278, 0.261538711376488], [2.36595244472846, 0.612891543656588], [1.64638852304779, 0.242332766298205]]</obstacles>
<global-best>0.191984244863323</global-best>
</iteration>
<iterations>200</iterations>
<elapsed-time>20623</elapsed-time>
<average-time>0</average-time>
</simulation>