<?xml version="1.0" encoding="UTF-8"?>
<simulation>
<software>charlie-simulation-framework; v1.0.0; Jakob Rieke</software>
<system>Unix; Unix 18.2.0.0; 18.2.0.0</system>
<datetime>6/13/2019 8:09:38 AM</datetime>
<title>Static SP with GA</title>
<meta>Author: Jakob Rieke; Version v1.3.0</meta>
<configuration>
  Zoom = 40
  SizeTeamA = 7
  SizeTeamB = 7
  FieldHeight = 9
  FieldWidth = 6
  PlayerSensorRange = 12
  PlayerSensorFOV = 56.3
  PlayerSize = 0.1555
  # The function used to optimize the problem,
  # possible values are:
  # Simplex, PSO, SPSO-2006, SPSO-2011, PSO-A-IW,
  # PSO-LD-IW, PSO-Chaotic-IW, PSO-LD-IW,
  # Evolution-Strategy, Differential-Evolution,
  # Adaptive-Differential-Evolution
  Optimizer = PSO
  </configuration>
<iteration i="0">
<sensors>[[2.27410580736729,8.18432518526181,293.611678960343], [6.57637237617112,5.1550022887429,209.36995668474], [9.38239248921255,-1.16111419885076,244.978059955903], [0.649552620190023,0.0838492439525611,259.040245345657], [5.65024616357355,7.08701752459913,253.379928466583], [-2.15526302307888,7.43227159618849,53.3571842298471], [4.37050495504222,3.04194063785902,3.65095508168759]]</sensors>
<obstacles>[[7.20217105792835, 5.06912473635748], [3.30557605507784, 0.57291303249076], [6.76039081905037, 5.23263827059418], [3.6468730266206, 3.20687963068485], [5.65770964999683, 5.2679682536982], [1.77966515673324, 0.871173547580838], [6.43778953584842, 3.16798146720976]]</obstacles>
<global-best>25.4379931450218</global-best>
</iteration>
<iteration i="200">
<sensors>[[7.13426097176212,5.98228794444761,298.895861116466], [7.61477175239202,4.85437961142313,200.709706804604], [10.191104996695,-0.914082940128311,236.817745746574], [3.89068601982443,5.92165586250388,253.932056161232], [8.99046341273989,5.99417559564623,237.998543365812], [0.00444576098747965,1.02368214855221,56.1717573445602], [0.0169394670010081,2.86906805059859,6.97663006841219]]</sensors>
<obstacles>[[7.20217105792835, 5.06912473635748], [3.30557605507784, 0.57291303249076], [6.76039081905037, 5.23263827059418], [3.6468730266206, 3.20687963068485], [5.65770964999683, 5.2679682536982], [1.77966515673324, 0.871173547580838], [6.43778953584842, 3.16798146720976]]</obstacles>
<global-best>1.29371896938917</global-best>
</iteration>
<iterations>200</iterations>
<elapsed-time>18257</elapsed-time>
<average-time>0</average-time>
</simulation>