<?xml version="1.0" encoding="UTF-8"?>
<simulation>
<software>charlie-simulation-framework; v1.0.0; Jakob Rieke</software>
<system>Unix; Unix 18.2.0.0; 18.2.0.0</system>
<datetime>6/13/2019 8:50:45 AM</datetime>
<title>Static SP with GA</title>
<meta>Author: Jakob Rieke; Version v1.3.0</meta>
<configuration>
  Zoom = 40
  SizeTeamA = 7
  SizeTeamB = 7
  FieldHeight = 9
  FieldWidth = 6
  PlayerSensorRange = 12
  PlayerSensorFOV = 56.3
  PlayerSize = 0.1555
  # The function used to optimize the problem,
  # possible values are:
  # Simplex, PSO, SPSO-2006, SPSO-2011, PSO-A-IW,
  # PSO-LD-IW, PSO-Chaotic-IW, PSO-LD-IW,
  # Evolution-Strategy, Differential-Evolution,
  # Adaptive-Differential-Evolution
  Optimizer = PSO
  </configuration>
<iteration i="0">
<sensors>[[4.92559029400174,-4.00779764245524,212.161893620379], [4.52221384082236,1.5270518897097,285.9000184777], [4.86477614316336,-1.65625831596586,340.092005872797], [3.8178150166646,-2.16069082899835,188.261891969429], [-3.12418269989763,0.845260796591231,232.515037408476], [1.93273569702479,5.33798264897188,356.79579245549], [7.11820763732236,3.44290368557269,327.80165848893]]</sensors>
<obstacles>[[6.28668019361794, 4.08877967158332], [5.72907284251414, 4.81323938397691], [1.36519697005861, 3.61228368524462], [6.08396794949658, 5.04957853630185], [4.80745542515069, 3.53305660793558], [4.7643480389379, 1.27060941467062], [6.48103606165387, 2.17069607321173]]</obstacles>
<global-best>12.2860800611148</global-best>
</iteration>
<iteration i="200">
<sensors>[[8.99890587338911,5.09797315969273,198.192120537269], [-1.31693673302178,677.289209345558,281.413382139707], [0.00482261046815203,2.27018277843745,353.671449591882], [5.72976463712817,-6.98670325666487,231.136808186468], [3.97855794010727,5.9993757745264,206.660469028454], [0.14403532283711,4.64166860430606,353.143424245385], [1.93364778571259,57.2225796064257,293.453036512072]]</sensors>
<obstacles>[[6.28668019361794, 4.08877967158332], [5.72907284251414, 4.81323938397691], [1.36519697005861, 3.61228368524462], [6.08396794949658, 5.04957853630185], [4.80745542515069, 3.53305660793558], [4.7643480389379, 1.27060941467062], [6.48103606165387, 2.17069607321173]]</obstacles>
<global-best>0.688931911407949</global-best>
</iteration>
<iterations>200</iterations>
<elapsed-time>20547</elapsed-time>
<average-time>0</average-time>
</simulation>