<?xml version="1.0" encoding="UTF-8"?>
<simulation>
<software>charlie-simulation-framework; v1.0.0; Jakob Rieke</software>
<system>Unix; Unix 18.2.0.0; 18.2.0.0</system>
<datetime>6/12/2019 4:43:06 PM</datetime>
<title>Static SP with GA</title>
<meta>Author: Jakob Rieke; Version v1.3.0</meta>
<configuration>
  Zoom = 40
  SizeTeamA = 7
  SizeTeamB = 7
  FieldHeight = 9
  FieldWidth = 6
  PlayerSensorRange = 12
  PlayerSensorFOV = 56.3
  PlayerSize = 0.1555
  # The function used to optimize the problem,
  # possible values are:
  # Simplex, PSO, SPSO-2006, SPSO-2011, PSO-A-IW,
  # PSO-LD-IW, PSO-Chaotic-IW, PSO-LD-IW,
  # Evolution-Strategy, Differential-Evolution,
  # Adaptive-Differential-Evolution
  Optimizer = PSO
  </configuration>
<iteration i="0">
<sensors>[[4.22486625960344,3.9170837692732,116.299018566449], [6.23147939125274,-0.445673299436247,198.540126981414], [6.31948394344906,5.56695860972774,301.138034654696], [10.8034150765622,6.66467740791241,126.100686939723], [2.50508971309435,6.36108059733651,241.647731059988], [9.33844814825548,1.56952413766202,267.438179057017], [2.43913048834178,-2.54145555355965,115.701095281834]]</sensors>
<obstacles>[[8.96939281839877, 2.0902685704641], [6.27767476066947, 0.0337957357987762], [6.14503793651238, 5.21329513331875], [7.07797179697081, 0.905745521653444], [2.72529413877055, 3.55948116676882], [6.65350996772759, 2.19443932268769], [1.72258414886892, 0.533631848171353]]</obstacles>
<global-best>8.43129470455328</global-best>
</iteration>
<iteration i="200">
<sensors>[[4.71790961400277,0.00282234219401607,85.9582975347], [7.51464047216105,0.362631323569563,179.661895493438], [2.12911186453109,5.99536812713193,307.731530524673], [8.38317182997667,0.000697231838015757,102.980847615951], [6.26581344545213,5.991989131757,241.411297860777], [8.19126007293836,5.99664259449761,270.064265404408], [2.51438910962031,0.809794946129959,104.495410357928]]</sensors>
<obstacles>[[8.96939281839877, 2.0902685704641], [6.27767476066947, 0.0337957357987762], [6.14503793651238, 5.21329513331875], [7.07797179697081, 0.905745521653444], [2.72529413877055, 3.55948116676882], [6.65350996772759, 2.19443932268769], [1.72258414886892, 0.533631848171353]]</obstacles>
<global-best>0.23448046176935</global-best>
</iteration>
<iterations>200</iterations>
<elapsed-time>35092</elapsed-time>
<average-time>0</average-time>
</simulation>