<?xml version="1.0" encoding="UTF-8"?>
<simulation>
<software>charlie-simulation-framework; v1.0.0; Jakob Rieke</software>
<system>Unix; Unix 18.2.0.0; 18.2.0.0</system>
<datetime>6/13/2019 8:41:50 AM</datetime>
<title>Static SP with GA</title>
<meta>Author: Jakob Rieke; Version v1.3.0</meta>
<configuration>
  Zoom = 40
  SizeTeamA = 7
  SizeTeamB = 7
  FieldHeight = 9
  FieldWidth = 6
  PlayerSensorRange = 12
  PlayerSensorFOV = 56.3
  PlayerSize = 0.1555
  # The function used to optimize the problem,
  # possible values are:
  # Simplex, PSO, SPSO-2006, SPSO-2011, PSO-A-IW,
  # PSO-LD-IW, PSO-Chaotic-IW, PSO-LD-IW,
  # Evolution-Strategy, Differential-Evolution,
  # Adaptive-Differential-Evolution
  Optimizer = PSO
  </configuration>
<iteration i="0">
<sensors>[[1.660664829701,4.14251504729621,194.497596460251], [6.30617747326113,2.92814902134101,330.555314109775], [6.61835411626853,6.8489980814471,165.765711631587], [-0.757018470534932,-2.80491931897799,272.95118176237], [3.5013498737266,6.87209021970692,311.374739528778], [10.1472128473555,0.736609745958869,258.710034050333], [6.6953845185137,-2.82049447866233,157.085356495624]]</sensors>
<obstacles>[[0.0290516491513699, 1.83891001855955], [6.06103240326047, 2.88565696589649], [2.6975738836918, 1.04234389867634], [7.90629711700603, 5.87360020587221], [2.88931840960868, 4.4877793402411], [4.15171531029046, 5.14425682788715], [3.82042173366062, 3.18792951386422]]</obstacles>
<global-best>11.1421663944162</global-best>
</iteration>
<iteration i="200">
<sensors>[[-1.15084648862659,44.9288149834746,179.685631179324], [1.8641137071799,5.98647681089407,337.055875568232], [2.37345938208072,0.0238435941245914,48.6336890178881], [-0.439296056605969,-46.0220651864748,238.563167676154], [0.0156747615760372,5.57283845353534,329.173716659312], [0.537073467952224,5.99215254041112,266.140133810662], [8.99898669322591,3.16417324085403,181.958780629191]]</sensors>
<obstacles>[[0.0290516491513699, 1.83891001855955], [6.06103240326047, 2.88565696589649], [2.6975738836918, 1.04234389867634], [7.90629711700603, 5.87360020587221], [2.88931840960868, 4.4877793402411], [4.15171531029046, 5.14425682788715], [3.82042173366062, 3.18792951386422]]</obstacles>
<global-best>0.209030970270284</global-best>
</iteration>
<iterations>200</iterations>
<elapsed-time>14078</elapsed-time>
<average-time>0</average-time>
</simulation>