<?xml version="1.0" encoding="UTF-8"?>
<simulation>
<software>charlie-simulation-framework; v1.0.0; Jakob Rieke</software>
<system>Unix; Unix 18.2.0.0; 18.2.0.0</system>
<datetime>6/13/2019 8:53:11 AM</datetime>
<title>Static SP with GA</title>
<meta>Author: Jakob Rieke; Version v1.3.0</meta>
<configuration>
  Zoom = 40
  SizeTeamA = 7
  SizeTeamB = 7
  FieldHeight = 9
  FieldWidth = 6
  PlayerSensorRange = 12
  PlayerSensorFOV = 56.3
  PlayerSize = 0.1555
  # The function used to optimize the problem,
  # possible values are:
  # Simplex, PSO, SPSO-2006, SPSO-2011, PSO-A-IW,
  # PSO-LD-IW, PSO-Chaotic-IW, PSO-LD-IW,
  # Evolution-Strategy, Differential-Evolution,
  # Adaptive-Differential-Evolution
  Optimizer = PSO
  </configuration>
<iteration i="0">
<sensors>[[8.47549273982727,5.91076654290848,192.94315840903], [3.08988385075422,8.58234164632155,157.1193797965], [6.24450941772193,3.06481960401132,330.940861771613], [8.68058563866453,6.16028355842393,120.689965585417], [8.28931944703357,4.56753486670331,257.898301276161], [0.289093088751171,1.37558628621666,226.845297368825], [2.0674825635021,0.0146332902979553,233.840799116131]]</sensors>
<obstacles>[[6.70323395496234, 2.92626638291404], [1.33602183661424, 1.69949622731656], [4.3814831643831, 0.378009641077369], [0.463768340880051, 1.19981356943026], [0.340436324011534, 3.36638308223337], [4.70240468694828, 0.775672456249595], [7.46535924053751, 1.95346015971154]]</obstacles>
<global-best>13.320896850131</global-best>
</iteration>
<iteration i="200">
<sensors>[[5.1554775677143,5.998930094613,208.038125780786], [-403.982054028164,-19.8131371482834,844.10662272769], [0.00150147102223896,5.48445343631113,333.631932989039], [8.99988073821155,0.756623090198409,118.109214420514], [15.1798922393318,57.7619686070688,252.091218963445], [6.65520528621392,3.313829193104,225.570660790771], [-6.06867237504781,78.8117254896193,236.021628942269]]</sensors>
<obstacles>[[6.70323395496234, 2.92626638291404], [1.33602183661424, 1.69949622731656], [4.3814831643831, 0.378009641077369], [0.463768340880051, 1.19981356943026], [0.340436324011534, 3.36638308223337], [4.70240468694828, 0.775672456249595], [7.46535924053751, 1.95346015971154]]</obstacles>
<global-best>0.47632336421759</global-best>
</iteration>
<iterations>200</iterations>
<elapsed-time>16843</elapsed-time>
<average-time>0</average-time>
</simulation>