<?xml version="1.0" encoding="UTF-8"?>
<simulation>
<software>charlie-simulation-framework; v1.0.0; Jakob Rieke</software>
<system>Unix; Unix 18.2.0.0; 18.2.0.0</system>
<datetime>6/13/2019 8:54:16 AM</datetime>
<title>Static SP with GA</title>
<meta>Author: Jakob Rieke; Version v1.3.0</meta>
<configuration>
  Zoom = 40
  SizeTeamA = 7
  SizeTeamB = 7
  FieldHeight = 9
  FieldWidth = 6
  PlayerSensorRange = 12
  PlayerSensorFOV = 56.3
  PlayerSize = 0.1555
  # The function used to optimize the problem,
  # possible values are:
  # Simplex, PSO, SPSO-2006, SPSO-2011, PSO-A-IW,
  # PSO-LD-IW, PSO-Chaotic-IW, PSO-LD-IW,
  # Evolution-Strategy, Differential-Evolution,
  # Adaptive-Differential-Evolution
  Optimizer = PSO
  </configuration>
<iteration i="0">
<sensors>[[5.14335923897217,4.16151525413264,207.416098150494], [-2.53546401202694,8.32198954369358,219.700628383988], [-0.337015765702451,-3.90519905811695,108.056578432032], [3.35955233548897,5.72004609807853,249.164395525229], [2.80087374324534,6.11853986752834,209.00918033865], [5.16004536955977,1.15278906693866,106.817960254227], [3.57960164294036,2.68395695494508,169.984489030095]]</sensors>
<obstacles>[[0.571601380594075, 3.36277080746368], [6.42919277097099, 5.71784909348935], [5.22561824577861, 5.7358391568996], [0.303540183696896, 2.53948564315215], [0.771668914239854, 1.21212286921218], [6.68688738718629, 3.79946117894724], [1.92766415281221, 1.73383400961757]]</obstacles>
<global-best>16.4552854167898</global-best>
</iteration>
<iteration i="200">
<sensors>[[8.99563298537661,5.76836737839498,192.746024704226], [798.627036906704,-51.2042428635235,141.251232409696], [0.111260168152774,359.977054447219,99.8335564076399], [8.42878325234534,5.99994698561597,258.989009142104], [8.9997995476847,2.75617694396651,200.996571261941], [8.52816561181687,0.00498475044823508,103.858449304828], [7.53727160679076,4.33192132080328,162.284143960428]]</sensors>
<obstacles>[[0.571601380594075, 3.36277080746368], [6.42919277097099, 5.71784909348935], [5.22561824577861, 5.7358391568996], [0.303540183696896, 2.53948564315215], [0.771668914239854, 1.21212286921218], [6.68688738718629, 3.79946117894724], [1.92766415281221, 1.73383400961757]]</obstacles>
<global-best>0.675197969526651</global-best>
</iteration>
<iterations>200</iterations>
<elapsed-time>24417</elapsed-time>
<average-time>0</average-time>
</simulation>