<?xml version="1.0" encoding="UTF-8"?>
<simulation>
<software>charlie-simulation-framework; v1.0.0; Jakob Rieke</software>
<system>Unix; Unix 18.2.0.0; 18.2.0.0</system>
<datetime>6/13/2019 8:05:56 AM</datetime>
<title>Static SP with GA</title>
<meta>Author: Jakob Rieke; Version v1.3.0</meta>
<configuration>
  Zoom = 40
  SizeTeamA = 7
  SizeTeamB = 7
  FieldHeight = 9
  FieldWidth = 6
  PlayerSensorRange = 12
  PlayerSensorFOV = 56.3
  PlayerSize = 0.1555
  # The function used to optimize the problem,
  # possible values are:
  # Simplex, PSO, SPSO-2006, SPSO-2011, PSO-A-IW,
  # PSO-LD-IW, PSO-Chaotic-IW, PSO-LD-IW,
  # Evolution-Strategy, Differential-Evolution,
  # Adaptive-Differential-Evolution
  Optimizer = PSO
  </configuration>
<iteration i="0">
<sensors>[[11.0507988700269,-0.228261577076961,270.337040372034], [6.49906999533284,1.56446019522505,77.343469763819], [9.80056790866665,5.82517153887999,123.760245736291], [1.63727078147464,3.00456812410074,81.6576845572294], [6.7481819638682,7.8208181991841,41.6854902958599], [1.5989423429306,6.51241792616579,275.549658918299], [2.05793653204962,2.49906910723897,39.1925913084365]]</sensors>
<obstacles>[[5.83072910481133, 4.42097624950111], [3.01247248286381, 0.157646540086716], [8.13327215658501, 4.62015822110698], [8.56810296373442, 2.08853874681517], [7.90464945696294, 1.7799045117572], [4.29467863286845, 1.93745315121487], [3.59630212979391, 5.42956470139325]]</obstacles>
<global-best>20.1938064087713</global-best>
</iteration>
<iteration i="200">
<sensors>[[5.82421268999575,5.98014123975785,267.01661028181], [0.228278542231968,57.242897719109,97.1633788254194], [8.99794399862566,0.157500182576608,119.112749542761], [14.3115176390697,6.90823656315735,620.156290921048], [0.0326017249497826,0.0233922299534072,56.8149172108319], [0.0224027168362102,5.99150424060404,289.302310488408], [2.43997006219914,0.370353473875594,21.0106850964083]]</sensors>
<obstacles>[[5.83072910481133, 4.42097624950111], [3.01247248286381, 0.157646540086716], [8.13327215658501, 4.62015822110698], [8.56810296373442, 2.08853874681517], [7.90464945696294, 1.7799045117572], [4.29467863286845, 1.93745315121487], [3.59630212979391, 5.42956470139325]]</obstacles>
<global-best>0.338795420989043</global-best>
</iteration>
<iterations>200</iterations>
<elapsed-time>19633</elapsed-time>
<average-time>0</average-time>
</simulation>