<?xml version="1.0" encoding="UTF-8"?>
<simulation>
<software>charlie-simulation-framework; v1.0.0; Jakob Rieke</software>
<system>Unix; Unix 18.2.0.0; 18.2.0.0</system>
<datetime>6/13/2019 8:08:04 AM</datetime>
<title>Static SP with GA</title>
<meta>Author: Jakob Rieke; Version v1.3.0</meta>
<configuration>
  Zoom = 40
  SizeTeamA = 7
  SizeTeamB = 7
  FieldHeight = 9
  FieldWidth = 6
  PlayerSensorRange = 12
  PlayerSensorFOV = 56.3
  PlayerSize = 0.1555
  # The function used to optimize the problem,
  # possible values are:
  # Simplex, PSO, SPSO-2006, SPSO-2011, PSO-A-IW,
  # PSO-LD-IW, PSO-Chaotic-IW, PSO-LD-IW,
  # Evolution-Strategy, Differential-Evolution,
  # Adaptive-Differential-Evolution
  Optimizer = PSO
  </configuration>
<iteration i="0">
<sensors>[[-0.606156673191735,1.86205911186227,124.292110985318], [13.7912375870735,3.78964726485075,23.5508223558518], [3.85008721953942,4.56244720093347,304.644693657803], [12.2296620215939,5.02626464206209,93.9945319719216], [6.27798186597781,-0.220087748570456,166.78979939363], [1.63551052304327,0.484823456781632,22.9963094368273], [2.20351788313527,9.4535610040988,104.982050748136]]</sensors>
<obstacles>[[1.01622194889933, 4.63371569244191], [6.41954549588263, 3.22432140447199], [7.26193509623408, 3.86873030941933], [2.16887117363513, 0.0428631054237485], [4.49854461872019, 5.36002580355853], [4.98131695948541, 5.83690686710179], [3.86990100285038, 2.20146381994709]]</obstacles>
<global-best>5.7924703931847</global-best>
</iteration>
<iteration i="200">
<sensors>[[0.255804657560795,2.2037980304096,86.5283662840655], [0.00238061904277116,2.483200042019,25.3789467423757], [5.84547159939527,5.98810093096528,305.294798743075], [7.30633393006297,0.286747290472522,91.9243832223553], [8.99274426448083,0.967981662172179,164.817883967747], [0.00597093454640663,0.33211838709806,19.3280638966061], [26.0460086253236,23.1975715713104,170.035474232057]]</sensors>
<obstacles>[[1.01622194889933, 4.63371569244191], [6.41954549588263, 3.22432140447199], [7.26193509623408, 3.86873030941933], [2.16887117363513, 0.0428631054237485], [4.49854461872019, 5.36002580355853], [4.98131695948541, 5.83690686710179], [3.86990100285038, 2.20146381994709]]</obstacles>
<global-best>0.339829841879676</global-best>
</iteration>
<iterations>200</iterations>
<elapsed-time>16841</elapsed-time>
<average-time>0</average-time>
</simulation>