<?xml version="1.0" encoding="UTF-8"?>
<simulation>
<software>charlie-simulation-framework; v1.0.0; Jakob Rieke</software>
<system>Unix; Unix 18.2.0.0; 18.2.0.0</system>
<datetime>6/13/2019 8:05:28 AM</datetime>
<title>Static SP with GA</title>
<meta>Author: Jakob Rieke; Version v1.3.0</meta>
<configuration>
  Zoom = 40
  SizeTeamA = 7
  SizeTeamB = 7
  FieldHeight = 9
  FieldWidth = 6
  PlayerSensorRange = 12
  PlayerSensorFOV = 56.3
  PlayerSize = 0.1555
  # The function used to optimize the problem,
  # possible values are:
  # Simplex, PSO, SPSO-2006, SPSO-2011, PSO-A-IW,
  # PSO-LD-IW, PSO-Chaotic-IW, PSO-LD-IW,
  # Evolution-Strategy, Differential-Evolution,
  # Adaptive-Differential-Evolution
  Optimizer = PSO
  </configuration>
<iteration i="0">
<sensors>[[7.4930146994056,4.91483407599798,105.857660486798], [9.56368747862587,-0.848531709589901,99.4285642526523], [-2.78878701275729,-1.93806166989676,143.729939031024], [-1.15093904301779,8.50508540686561,317.274142675886], [3.65719663346057,3.55307748808782,132.079389993193], [2.43752023289938,6.13120269315247,116.83340559595], [6.2557663768668,2.83409761315302,179.890605829046]]</sensors>
<obstacles>[[4.81893096095882, 0.787156181875616], [3.3628804301843, 5.5488297175616], [0.446668032556772, 0.406886775512248], [4.53526336234063, 2.39542046701536], [4.9282907852903, 3.479509096127], [0.205099483486265, 2.44706728169695], [2.41201674006879, 5.36909120483324]]</obstacles>
<global-best>15.2574685999473</global-best>
</iteration>
<iteration i="200">
<sensors>[[8.9367524678308,0.665341268214589,112.892519138153], [3.04316427929383,-18.907939738127,107.400495108471], [7.08198316838541,3.57976635614368,131.235127818832], [0.0241057699778145,5.84387595638653,318.133460646989], [8.9431553336141,0.288367646024769,170.129772470667], [7.08185838154502,0.0271740152744132,118.335067265992], [5.20654352260338,3.93214464988856,192.199678154481]]</sensors>
<obstacles>[[4.81893096095882, 0.787156181875616], [3.3628804301843, 5.5488297175616], [0.446668032556772, 0.406886775512248], [4.53526336234063, 2.39542046701536], [4.9282907852903, 3.479509096127], [0.205099483486265, 2.44706728169695], [2.41201674006879, 5.36909120483324]]</obstacles>
<global-best>0.505124024515393</global-best>
</iteration>
<iterations>200</iterations>
<elapsed-time>15841</elapsed-time>
<average-time>0</average-time>
</simulation>