<?xml version="1.0" encoding="UTF-8"?>
<simulation>
<software>charlie-simulation-framework; v1.0.0; Jakob Rieke</software>
<system>Unix; Unix 18.2.0.0; 18.2.0.0</system>
<datetime>6/13/2019 8:07:24 AM</datetime>
<title>Static SP with GA</title>
<meta>Author: Jakob Rieke; Version v1.3.0</meta>
<configuration>
  Zoom = 40
  SizeTeamA = 7
  SizeTeamB = 7
  FieldHeight = 9
  FieldWidth = 6
  PlayerSensorRange = 12
  PlayerSensorFOV = 56.3
  PlayerSize = 0.1555
  # The function used to optimize the problem,
  # possible values are:
  # Simplex, PSO, SPSO-2006, SPSO-2011, PSO-A-IW,
  # PSO-LD-IW, PSO-Chaotic-IW, PSO-LD-IW,
  # Evolution-Strategy, Differential-Evolution,
  # Adaptive-Differential-Evolution
  Optimizer = PSO
  </configuration>
<iteration i="0">
<sensors>[[5.89394157561709,5.26711214330351,85.0861956693702], [5.1516134136521,-3.64537306667241,25.9633007068045], [3.37515190805394,4.51126191299468,57.7052388513927], [-1.04326892717467,4.2346800728003,225.92474996249], [3.00471770686778,0.415751507272727,26.8296965209912], [11.1494636899511,5.82684628651881,225.997351094277], [3.3169193881695,3.74768626226228,327.910868370853]]</sensors>
<obstacles>[[0.372100289678201, 2.07424836745486], [7.34754221420735, 5.69700391916558], [0.508880894165486, 4.40647281054407], [6.0507814027369, 5.787776757963], [8.05836465745233, 3.2858805488795], [3.51392757031135, 1.26732943207026], [7.67153668706305, 5.80414379993454]]</obstacles>
<global-best>12.5409947926713</global-best>
</iteration>
<iteration i="200">
<sensors>[[2.91067239241076,0.100085903774912,98.9648015682505], [14.4018591902869,5.71831675264019,33.976462028692], [0.000118305417981447,1.03809034573096,63.0019486054239], [4.24066072716432,5.52859351296602,215.534391712828], [0.0153378996544198,0.544492422474446,13.6311048241462], [8.97610313421753,3.36763342053537,208.560986950377], [0.040855570934857,5.98172048606568,344.277695081384]]</sensors>
<obstacles>[[0.372100289678201, 2.07424836745486], [7.34754221420735, 5.69700391916558], [0.508880894165486, 4.40647281054407], [6.0507814027369, 5.787776757963], [8.05836465745233, 3.2858805488795], [3.51392757031135, 1.26732943207026], [7.67153668706305, 5.80414379993454]]</obstacles>
<global-best>0.344989875017823</global-best>
</iteration>
<iterations>200</iterations>
<elapsed-time>20005</elapsed-time>
<average-time>0</average-time>
</simulation>