<?xml version="1.0" encoding="UTF-8"?>
<simulation>
<software>charlie-simulation-framework; v1.0.0; Jakob Rieke</software>
<system>Unix; Unix 18.2.0.0; 18.2.0.0</system>
<datetime>6/12/2019 4:42:51 PM</datetime>
<title>Static SP with GA</title>
<meta>Author: Jakob Rieke; Version v1.3.0</meta>
<configuration>
  Zoom = 40
  SizeTeamA = 7
  SizeTeamB = 7
  FieldHeight = 9
  FieldWidth = 6
  PlayerSensorRange = 12
  PlayerSensorFOV = 56.3
  PlayerSize = 0.1555
  # The function used to optimize the problem,
  # possible values are:
  # Simplex, PSO, SPSO-2006, SPSO-2011, PSO-A-IW,
  # PSO-LD-IW, PSO-Chaotic-IW, PSO-LD-IW,
  # Evolution-Strategy, Differential-Evolution,
  # Adaptive-Differential-Evolution
  Optimizer = PSO
  </configuration>
<iteration i="0">
<sensors>[[4.88365934714911,0.985747074674125,169.216890433105], [6.77133558021642,-0.321226467163591,110.544094031663], [3.20363288096238,2.96885742479994,300.329371028254], [4.61683605910553,2.05954363190108,174.467082816612], [3.02192662789236,3.96146018453852,327.939348323099], [13.2211689502651,9.86677541057983,226.830664987804], [2.22570936071136,3.4402077407774,347.233192905731]]</sensors>
<obstacles>[[5.56584675307386, 5.68603283073753], [6.77557653095573, 2.07659744331613], [4.20730886561796, 4.26271155942231], [2.79540925123729, 5.25776363443583], [1.60919562983327, 2.46635685162619], [8.92574642971158, 0.766627955250442], [1.74984515737742, 1.14183606533334]]</obstacles>
<global-best>5.63527208892472</global-best>
</iteration>
<iteration i="200">
<sensors>[[8.99999621038553,0.416183618470052,158.539149355362], [34.6836289374884,22.7470719046967,107.908570110511], [-6.35685649138242,-3.39650791536342,297.178342902942], [8.99950648176911,5.2613892114842,190.754054571459], [0.00101542267145774,5.99632219493651,335.730455047464], [24.4225971646225,10.0930793786449,230.092445173261], [0.00295987000182977,3.81887982997318,365.369527018194]]</sensors>
<obstacles>[[5.56584675307386, 5.68603283073753], [6.77557653095573, 2.07659744331613], [4.20730886561796, 4.26271155942231], [2.79540925123729, 5.25776363443583], [1.60919562983327, 2.46635685162619], [8.92574642971158, 0.766627955250442], [1.74984515737742, 1.14183606533334]]</obstacles>
<global-best>0.204922582322107</global-best>
</iteration>
<iterations>200</iterations>
<elapsed-time>14490</elapsed-time>
<average-time>0</average-time>
</simulation>