<?xml version="1.0" encoding="UTF-8"?>
<simulation>
<software>charlie-simulation-framework; v1.0.0; Jakob Rieke</software>
<system>Unix; Unix 18.2.0.0; 18.2.0.0</system>
<datetime>6/12/2019 4:41:47 PM</datetime>
<title>Static SP with GA</title>
<meta>Author: Jakob Rieke; Version v1.3.0</meta>
<configuration>
  Zoom = 40
  SizeTeamA = 7
  SizeTeamB = 7
  FieldHeight = 9
  FieldWidth = 6
  PlayerSensorRange = 12
  PlayerSensorFOV = 56.3
  PlayerSize = 0.1555
  # The function used to optimize the problem,
  # possible values are:
  # Simplex, PSO, SPSO-2006, SPSO-2011, PSO-A-IW,
  # PSO-LD-IW, PSO-Chaotic-IW, PSO-LD-IW,
  # Evolution-Strategy, Differential-Evolution,
  # Adaptive-Differential-Evolution
  Optimizer = PSO
  </configuration>
<iteration i="0">
<sensors>[[0.0354150573125347,9.18299395262132,21.8008438137277], [-2.388361491034,10.9584953864047,154.855947413614], [7.73860726937732,4.71106118330882,299.16028045694], [-0.167288701964675,5.41245637920538,256.256613973005], [-1.50727521031173,-0.899761643724673,254.169706357109], [10.0484666078751,0.0125814638267561,242.527412155175], [5.71623861805542,-3.12798091421562,125.597021713364]]</sensors>
<obstacles>[[0.78336586849764, 1.36395918019116], [5.88319048122503, 3.54361861199141], [4.24230776214972, 4.61797764385119], [3.59822312160395, 2.62179342191666], [2.61341533879749, 5.05906249349937], [6.17277051717974, 0.631573794409633], [1.6895218512509, 3.48091138433665]]</obstacles>
<global-best>16.9002152776387</global-best>
</iteration>
<iteration i="200">
<sensors>[[0.0344224646077248,0.0169416364446949,26.464466722963], [4.32042193035091,0.676021413462708,161.546839581307], [0.0104588689389675,5.5711807591808,354.621401875993], [13.4823301208591,7.7357434182439,257.51165988814], [8.97869780439127,5.97794911675903,226.83620883657], [4.83990862057133,5.98674906627125,235.588503621395], [8.99703156043576,0.402649388946025,128.008772467086]]</sensors>
<obstacles>[[0.78336586849764, 1.36395918019116], [5.88319048122503, 3.54361861199141], [4.24230776214972, 4.61797764385119], [3.59822312160395, 2.62179342191666], [2.61341533879749, 5.05906249349937], [6.17277051717974, 0.631573794409633], [1.6895218512509, 3.48091138433665]]</obstacles>
<global-best>0.125337790830089</global-best>
</iteration>
<iterations>200</iterations>
<elapsed-time>25820</elapsed-time>
<average-time>0</average-time>
</simulation>