<?xml version="1.0" encoding="UTF-8"?>
<simulation>
<software>charlie-simulation-framework; v1.0.0; Jakob Rieke</software>
<system>Unix; Unix 18.2.0.0; 18.2.0.0</system>
<datetime>6/12/2019 4:44:04 PM</datetime>
<title>Static SP with GA</title>
<meta>Author: Jakob Rieke; Version v1.3.0</meta>
<configuration>
  Zoom = 40
  SizeTeamA = 7
  SizeTeamB = 7
  FieldHeight = 9
  FieldWidth = 6
  PlayerSensorRange = 12
  PlayerSensorFOV = 56.3
  PlayerSize = 0.1555
  # The function used to optimize the problem,
  # possible values are:
  # Simplex, PSO, SPSO-2006, SPSO-2011, PSO-A-IW,
  # PSO-LD-IW, PSO-Chaotic-IW, PSO-LD-IW,
  # Evolution-Strategy, Differential-Evolution,
  # Adaptive-Differential-Evolution
  Optimizer = PSO
  </configuration>
<iteration i="0">
<sensors>[[8.53899586792958,4.67334581208172,26.7805584975113], [4.09388939539499,2.33243826044392,37.2458373390183], [12.9522589121898,8.73281084746236,130.656340565184], [-1.61349736962103,6.35909268940165,320.563800025425], [5.97087834165664,-0.32502108570438,118.532870126923], [-0.473686176372586,1.88583722615365,216.137915814364], [4.21024217307851,-1.06131077560393,305.175503668362]]</sensors>
<obstacles>[[0.882525614462793, 0.587144172750413], [0.883747316664085, 1.38428862579167], [4.47274633613415, 3.089940817561], [7.6600463592913, 5.19630190311], [7.1994302929379, 3.04481896525249], [4.34135161782615, 3.4590564770624], [3.86371169239283, 2.59648707322776]]</obstacles>
<global-best>18.930675241634</global-best>
</iteration>
<iteration i="200">
<sensors>[[3.01709750564509,0.0136205682708495,21.7836033195457], [2.56040113431902,30.0921335480806,38.9948328229489], [25.1225227727691,4.16050422168377,117.480044867324], [0.396099644757711,5.99063480682612,338.31719583636], [1.90997479998056,0.0191603491329248,120.427263253145], [8.99542594919273,5.59640993984342,220.066512582772], [0.00923864310300621,5.98801305914566,297.183381158011]]</sensors>
<obstacles>[[0.882525614462793, 0.587144172750413], [0.883747316664085, 1.38428862579167], [4.47274633613415, 3.089940817561], [7.6600463592913, 5.19630190311], [7.1994302929379, 3.04481896525249], [4.34135161782615, 3.4590564770624], [3.86371169239283, 2.59648707322776]]</obstacles>
<global-best>0.148914577336658</global-best>
</iteration>
<iterations>200</iterations>
<elapsed-time>23114</elapsed-time>
<average-time>0</average-time>
</simulation>