<?xml version="1.0" encoding="UTF-8"?>
<simulation>
<software>charlie-simulation-framework; v1.0.0; Jakob Rieke</software>
<system>Unix; Unix 18.2.0.0; 18.2.0.0</system>
<datetime>6/13/2019 8:52:58 AM</datetime>
<title>Static SP with GA</title>
<meta>Author: Jakob Rieke; Version v1.3.0</meta>
<configuration>
  Zoom = 40
  SizeTeamA = 7
  SizeTeamB = 7
  FieldHeight = 9
  FieldWidth = 6
  PlayerSensorRange = 12
  PlayerSensorFOV = 56.3
  PlayerSize = 0.1555
  # The function used to optimize the problem,
  # possible values are:
  # Simplex, PSO, SPSO-2006, SPSO-2011, PSO-A-IW,
  # PSO-LD-IW, PSO-Chaotic-IW, PSO-LD-IW,
  # Evolution-Strategy, Differential-Evolution,
  # Adaptive-Differential-Evolution
  Optimizer = PSO
  </configuration>
<iteration i="0">
<sensors>[[-1.19427509750422,-2.46613867653371,254.532124947161], [1.18288024120382,5.72861083263294,227.816211996309], [3.98841787175728,4.17619626653056,160.441976876231], [3.29794181709511,2.96198119329866,325.613702723474], [-1.14988267640028,4.54253675720249,147.347936279949], [5.17140749569494,3.09395060687253,211.646874291544], [1.40413507590551,0.435283343734092,12.3275818006516]]</sensors>
<obstacles>[[1.10885803238489, 0.356978550553322], [2.71404900052585, 4.18244351120666], [2.35459702159278, 4.17029447481036], [7.4834782120306, 2.83588855946437], [1.71533905388787, 5.35345017118379], [0.341160945827141, 2.64489778177813], [1.10895402194001, 5.44693690957502]]</obstacles>
<global-best>13.3395249801677</global-best>
</iteration>
<iteration i="200">
<sensors>[[-6.02040517525286,-69.159824687832,199.760949952189], [0.568611023042433,0.057799597990596,77.9103910943053], [8.97456952490175,3.16864232558841,185.579300774643], [54.4814352545862,-4.8673598507666,51.0907893626408], [17.7657653934975,68.3571617288103,177.593003140777], [5.36243159325684,5.93603267114901,205.55906891203], [0.00478429155492663,0.787761417701368,16.2051158910984]]</sensors>
<obstacles>[[1.10885803238489, 0.356978550553322], [2.71404900052585, 4.18244351120666], [2.35459702159278, 4.17029447481036], [7.4834782120306, 2.83588855946437], [1.71533905388787, 5.35345017118379], [0.341160945827141, 2.64489778177813], [1.10895402194001, 5.44693690957502]]</obstacles>
<global-best>0.354224531735649</global-best>
</iteration>
<iterations>200</iterations>
<elapsed-time>12626</elapsed-time>
<average-time>0</average-time>
</simulation>