<?xml version="1.0" encoding="UTF-8"?>
<simulation>
<software>charlie-simulation-framework; v1.0.0; Jakob Rieke</software>
<system>Unix; Unix 18.2.0.0; 18.2.0.0</system>
<datetime>6/13/2019 8:42:48 AM</datetime>
<title>Static SP with GA</title>
<meta>Author: Jakob Rieke; Version v1.3.0</meta>
<configuration>
  Zoom = 40
  SizeTeamA = 7
  SizeTeamB = 7
  FieldHeight = 9
  FieldWidth = 6
  PlayerSensorRange = 12
  PlayerSensorFOV = 56.3
  PlayerSize = 0.1555
  # The function used to optimize the problem,
  # possible values are:
  # Simplex, PSO, SPSO-2006, SPSO-2011, PSO-A-IW,
  # PSO-LD-IW, PSO-Chaotic-IW, PSO-LD-IW,
  # Evolution-Strategy, Differential-Evolution,
  # Adaptive-Differential-Evolution
  Optimizer = PSO
  </configuration>
<iteration i="0">
<sensors>[[3.88174572175567,3.08183683149745,278.322621316843], [1.85268109503749,-1.91845512558719,162.7969186528], [8.58580864315823,3.34549902258231,239.231734745627], [5.11381451816317,8.77036831004528,185.01321345238], [0.135174704919175,6.65787156842809,268.625547219453], [0.582188314543688,4.87287998359349,181.730616967382], [7.55401263626158,0.727642200799234,22.1527592593194]]</sensors>
<obstacles>[[8.81734654074535, 2.89962011994794], [2.41911408095621, 4.79211964504793], [5.21122966543771, 3.38157139252871], [4.71289105969481, 2.47145254584029], [0.148134598508477, 5.09772492013872], [4.24635501019657, 1.24328181892633], [1.55346245295368, 4.36152410041541]]</obstacles>
<global-best>15.1060989661275</global-best>
</iteration>
<iteration i="200">
<sensors>[[7.50080693873658,5.99946826631244,290.321749435181], [2.12730251873766,4.68207132814621,167.244886481169], [8.99802658916365,5.9968124922964,230.504911213367], [0.583838984799501,21.3852696304166,163.884657411855], [3.28680156399571,5.97342730479392,266.631547115253], [8.57249532541003,4.44760584943212,168.974220066685], [0.00383691903309826,3.66618982383076,17.6779111513608]]</sensors>
<obstacles>[[8.81734654074535, 2.89962011994794], [2.41911408095621, 4.79211964504793], [5.21122966543771, 3.38157139252871], [4.71289105969481, 2.47145254584029], [0.148134598508477, 5.09772492013872], [4.24635501019657, 1.24328181892633], [1.55346245295368, 4.36152410041541]]</obstacles>
<global-best>0.419863505021557</global-best>
</iteration>
<iterations>200</iterations>
<elapsed-time>24612</elapsed-time>
<average-time>0</average-time>
</simulation>