<?xml version="1.0" encoding="UTF-8"?>
<simulation>
<software>charlie-simulation-framework; v1.0.0; Jakob Rieke</software>
<system>Unix; Unix 18.2.0.0; 18.2.0.0</system>
<datetime>6/13/2019 8:39:45 AM</datetime>
<title>Static SP with GA</title>
<meta>Author: Jakob Rieke; Version v1.3.0</meta>
<configuration>
  Zoom = 40
  SizeTeamA = 7
  SizeTeamB = 7
  FieldHeight = 9
  FieldWidth = 6
  PlayerSensorRange = 12
  PlayerSensorFOV = 56.3
  PlayerSize = 0.1555
  # The function used to optimize the problem,
  # possible values are:
  # Simplex, PSO, SPSO-2006, SPSO-2011, PSO-A-IW,
  # PSO-LD-IW, PSO-Chaotic-IW, PSO-LD-IW,
  # Evolution-Strategy, Differential-Evolution,
  # Adaptive-Differential-Evolution
  Optimizer = PSO
  </configuration>
<iteration i="0">
<sensors>[[-1.27272782105615,0.0636935984040217,232.048399162256], [7.13301163413823,4.14532670024653,269.647928358422], [8.66600733523714,7.79241361885148,102.846586404807], [-1.82778176574669,6.80158268014623,50.8085687891059], [7.27257128268365,5.89557768066014,270.032888514967], [7.33568501957882,-1.35267622263488,34.7818594086283], [-1.23384084238819,-1.58415035194713,307.173870888971]]</sensors>
<obstacles>[[3.43965411605313, 2.78701145527884], [3.78933255700395, 0.502021686639637], [7.60349618992768, 1.00121301691979], [0.528306128690019, 5.94089660374448], [3.37156651471742, 3.28491977183148], [0.922700034454465, 4.14547926653177], [8.53936159797013, 4.51403766777366]]</obstacles>
<global-best>15.9290241234991</global-best>
</iteration>
<iteration i="200">
<sensors>[[7.73456783196525,5.34060086187805,230.705271305208], [6.96005172372492,-1.17687986806895,286.060897439298], [26.8005738836658,-2.8378266318235,142.842518108494], [0.023144434630128,0.00108680660895444,64.9955371452315], [72.6173552872194,14.1755457962106,273.704954269119], [2.78571077461036,0.00039226632722479,20.2461268622224], [0.000102135355784302,5.76320283250805,334.185310500714]]</sensors>
<obstacles>[[3.43965411605313, 2.78701145527884], [3.78933255700395, 0.502021686639637], [7.60349618992768, 1.00121301691979], [0.528306128690019, 5.94089660374448], [3.37156651471742, 3.28491977183148], [0.922700034454465, 4.14547926653177], [8.53936159797013, 4.51403766777366]]</obstacles>
<global-best>0.435097713884627</global-best>
</iteration>
<iterations>200</iterations>
<elapsed-time>15080</elapsed-time>
<average-time>0</average-time>
</simulation>