<?xml version="1.0" encoding="UTF-8"?>
<simulation>
<software>charlie-simulation-framework; v1.0.0; Jakob Rieke</software>
<system>Unix; Unix 18.2.0.0; 18.2.0.0</system>
<datetime>6/13/2019 8:08:21 AM</datetime>
<title>Static SP with GA</title>
<meta>Author: Jakob Rieke; Version v1.3.0</meta>
<configuration>
  Zoom = 40
  SizeTeamA = 7
  SizeTeamB = 7
  FieldHeight = 9
  FieldWidth = 6
  PlayerSensorRange = 12
  PlayerSensorFOV = 56.3
  PlayerSize = 0.1555
  # The function used to optimize the problem,
  # possible values are:
  # Simplex, PSO, SPSO-2006, SPSO-2011, PSO-A-IW,
  # PSO-LD-IW, PSO-Chaotic-IW, PSO-LD-IW,
  # Evolution-Strategy, Differential-Evolution,
  # Adaptive-Differential-Evolution
  Optimizer = PSO
  </configuration>
<iteration i="0">
<sensors>[[8.30998216090647,2.53604812496098,313.969544171222], [8.98949524263448,1.225690628529,184.46781406254], [10.7965134322131,6.44578468287477,354.440169330338], [6.49433169590674,5.43741155630275,100.474314361504], [5.58065168136032,0.0895849811819556,143.422572597896], [0.254015642896401,0.378482501467058,215.60424020707], [6.16220831722304,4.42387733466195,348.955589494655]]</sensors>
<obstacles>[[6.69319745362736, 5.15652506332845], [0.842557498253882, 1.4658766547218], [3.59097368479706, 2.26684312568977], [4.79080042010173, 5.79403000697494], [7.24259875598364, 5.28495141305029], [0.600852246629074, 5.34557964513078], [6.59704713989049, 3.83428148925304]]</obstacles>
<global-best>14.4745650371311</global-best>
</iteration>
<iteration i="200">
<sensors>[[0.00113398520097252,5.97003103134991,332.89826690798], [8.9984456679267,0.0863965960543187,184.713496806874], [0.00461708252960494,3.11656210361644,361.509774516788], [8.97131906392788,2.07130437001632,113.782971615401], [8.99885841758651,1.58338266742545,159.513177908922], [-10.9338926088282,-19.1629312519671,224.346971672534], [2.92082106587923,5.356935401855,592.586326081941]]</sensors>
<obstacles>[[6.69319745362736, 5.15652506332845], [0.842557498253882, 1.4658766547218], [3.59097368479706, 2.26684312568977], [4.79080042010173, 5.79403000697494], [7.24259875598364, 5.28495141305029], [0.600852246629074, 5.34557964513078], [6.59704713989049, 3.83428148925304]]</obstacles>
<global-best>0.245758643087066</global-best>
</iteration>
<iterations>200</iterations>
<elapsed-time>18785</elapsed-time>
<average-time>0</average-time>
</simulation>