<?xml version="1.0" encoding="UTF-8"?>
<simulation>
<software>charlie-simulation-framework; v1.0.0; Jakob Rieke</software>
<system>Unix; Unix 18.2.0.0; 18.2.0.0</system>
<datetime>6/13/2019 8:40:32 AM</datetime>
<title>Static SP with GA</title>
<meta>Author: Jakob Rieke; Version v1.3.0</meta>
<configuration>
  Zoom = 40
  SizeTeamA = 7
  SizeTeamB = 7
  FieldHeight = 9
  FieldWidth = 6
  PlayerSensorRange = 12
  PlayerSensorFOV = 56.3
  PlayerSize = 0.1555
  # The function used to optimize the problem,
  # possible values are:
  # Simplex, PSO, SPSO-2006, SPSO-2011, PSO-A-IW,
  # PSO-LD-IW, PSO-Chaotic-IW, PSO-LD-IW,
  # Evolution-Strategy, Differential-Evolution,
  # Adaptive-Differential-Evolution
  Optimizer = PSO
  </configuration>
<iteration i="0">
<sensors>[[5.60106732809433,5.28582072246608,317.959391252274], [3.5670586957823,4.16054759649359,148.193211746258], [9.1016414311324,2.60528141129157,268.169325762916], [3.36996498954468,-1.54576860319694,52.4933370101548], [3.63602084059149,-0.782966992186855,45.055574727202], [6.39424811668872,0.563591940091928,221.644522588302], [2.34935802733688,2.29941455722027,40.8464665830957]]</sensors>
<obstacles>[[5.44442464504391, 2.18156691268086], [8.49181719683111, 3.00487058702856], [3.23221917869523, 4.21811987645924], [0.829689170932397, 3.68267673254013], [0.31981653207913, 2.03987810527906], [6.57418330921791, 5.82123695360497], [8.05430875299498, 5.61889386177063]]</obstacles>
<global-best>6.38534201031931</global-best>
</iteration>
<iteration i="200">
<sensors>[[4.27740035397304,5.99611805341595,320.991464659943], [6.65823169626926,0.0238813603319471,154.080191130559], [0.734500985645349,5.98968996048888,269.42058869511], [0.0129280769949161,3.94207373337077,28.4266021381074], [15.4549555197877,10.6236639243956,76.4149349301764], [8.97363655056375,5.9996810179662,221.775263865056], [1.72934586133886,0.00335360647768019,44.0544586952444]]</sensors>
<obstacles>[[5.44442464504391, 2.18156691268086], [8.49181719683111, 3.00487058702856], [3.23221917869523, 4.21811987645924], [0.829689170932397, 3.68267673254013], [0.31981653207913, 2.03987810527906], [6.57418330921791, 5.82123695360497], [8.05430875299498, 5.61889386177063]]</obstacles>
<global-best>0.197621473343035</global-best>
</iteration>
<iterations>200</iterations>
<elapsed-time>23425</elapsed-time>
<average-time>0</average-time>
</simulation>