<?xml version="1.0" encoding="UTF-8"?>
<simulation>
<software>charlie-simulation-framework; v1.0.0; Jakob Rieke</software>
<system>Unix; Unix 18.2.0.0; 18.2.0.0</system>
<datetime>6/13/2019 8:39:04 AM</datetime>
<title>Static SP with GA</title>
<meta>Author: Jakob Rieke; Version v1.3.0</meta>
<configuration>
  Zoom = 40
  SizeTeamA = 7
  SizeTeamB = 7
  FieldHeight = 9
  FieldWidth = 6
  PlayerSensorRange = 12
  PlayerSensorFOV = 56.3
  PlayerSize = 0.1555
  # The function used to optimize the problem,
  # possible values are:
  # Simplex, PSO, SPSO-2006, SPSO-2011, PSO-A-IW,
  # PSO-LD-IW, PSO-Chaotic-IW, PSO-LD-IW,
  # Evolution-Strategy, Differential-Evolution,
  # Adaptive-Differential-Evolution
  Optimizer = PSO
  </configuration>
<iteration i="0">
<sensors>[[7.65822035728598,-2.09171506090511,257.001966287422], [-3.29196609277385,-2.69043327388129,172.651831585346], [2.98446891409488,5.67430629983363,153.246507457079], [5.28053207736642,8.01538204578569,199.928147641787], [7.61980265622469,-0.420797655479451,229.285366902776], [7.51731765337751,2.99886002887298,31.1847550215944], [5.6333273352551,1.03596676961676,44.2939626537652]]</sensors>
<obstacles>[[1.35087949759327, 0.799499943852425], [0.245358671760187, 3.39793312735856], [8.63861247198656, 0.0783901903778315], [2.64202632196248, 0.477924558799714], [7.49685353133827, 3.97521943598986], [2.01826614327729, 3.72413022117689], [5.72199176880531, 2.90158625878394]]</obstacles>
<global-best>6.67429590483595</global-best>
</iteration>
<iteration i="200">
<sensors>[[3.06144715002223,5.18585329356095,254.775642286894], [-6.05843371873836,10.12057420074,170.703725992247], [8.99990915629625,0.289349520584074,160.284536326201], [8.99987478271399,5.21601850116597,197.499261067051], [-14.7057749302886,4.40587553460124,218.1956285039], [3.82675381663021,0.669721434981281,16.662624666155], [2.20745116442378E-05,1.76180678974891,36.7511653086446]]</sensors>
<obstacles>[[1.35087949759327, 0.799499943852425], [0.245358671760187, 3.39793312735856], [8.63861247198656, 0.0783901903778315], [2.64202632196248, 0.477924558799714], [7.49685353133827, 3.97521943598986], [2.01826614327729, 3.72413022117689], [5.72199176880531, 2.90158625878394]]</obstacles>
<global-best>0.292443283648014</global-best>
</iteration>
<iterations>200</iterations>
<elapsed-time>21650</elapsed-time>
<average-time>0</average-time>
</simulation>