<?xml version="1.0" encoding="UTF-8"?>
<simulation>
<software>charlie-simulation-framework; v1.0.0; Jakob Rieke</software>
<system>Unix; Unix 18.2.0.0; 18.2.0.0</system>
<datetime>6/13/2019 8:55:18 AM</datetime>
<title>Static SP with GA</title>
<meta>Author: Jakob Rieke; Version v1.3.0</meta>
<configuration>
  Zoom = 40
  SizeTeamA = 7
  SizeTeamB = 7
  FieldHeight = 9
  FieldWidth = 6
  PlayerSensorRange = 12
  PlayerSensorFOV = 56.3
  PlayerSize = 0.1555
  # The function used to optimize the problem,
  # possible values are:
  # Simplex, PSO, SPSO-2006, SPSO-2011, PSO-A-IW,
  # PSO-LD-IW, PSO-Chaotic-IW, PSO-LD-IW,
  # Evolution-Strategy, Differential-Evolution,
  # Adaptive-Differential-Evolution
  Optimizer = PSO
  </configuration>
<iteration i="0">
<sensors>[[3.93953570996028,7.39816114406326,310.426689309788], [8.77706610498561,7.33628793617093,52.6881512594813], [10.7614001545789,3.47873336097446,77.6874858156775], [3.09638869217339,-2.26047990347035,84.0074505959895], [4.44899594308691,2.11228792385538,106.479294968487], [2.63160249222824,-3.59170746839641,99.0277503384327], [9.57647356350273,-3.79292033006997,39.6878131054712]]</sensors>
<obstacles>[[1.90635111252777, 4.46768316999078], [1.26760171260685, 5.91139309946448], [3.33241315092891, 2.21689111506566], [8.32821202534251, 3.45662221172825], [8.85558919818141, 0.858605589251965], [5.53602172038518, 0.176662053912878], [2.95758701814339, 2.93332519289106]]</obstacles>
<global-best>23.5337618552012</global-best>
</iteration>
<iteration i="200">
<sensors>[[0.00147379261472555,2.28594732052644,321.893544355224], [0.00298484983979636,0.000369038068731144,58.2387956940537], [0.624536731597913,0.000779140563776486,79.4217342336738], [79.7187800563937,-1.68690526221432,174.230280444236], [8.99333259974373,0.0166627685108306,152.406237831413], [-14.39663782497,-7.52297387881074,84.4515260578837], [2.40053832374192,0.00546629190073915,34.9100248020506]]</sensors>
<obstacles>[[1.90635111252777, 4.46768316999078], [1.26760171260685, 5.91139309946448], [3.33241315092891, 2.21689111506566], [8.32821202534251, 3.45662221172825], [8.85558919818141, 0.858605589251965], [5.53602172038518, 0.176662053912878], [2.95758701814339, 2.93332519289106]]</obstacles>
<global-best>0.57895939327216</global-best>
</iteration>
<iterations>200</iterations>
<elapsed-time>18602</elapsed-time>
<average-time>0</average-time>
</simulation>