<?xml version="1.0" encoding="UTF-8"?>
<simulation>
<software>charlie-simulation-framework; v1.0.0; Jakob Rieke</software>
<system>Unix; Unix 18.2.0.0; 18.2.0.0</system>
<datetime>6/12/2019 4:44:27 PM</datetime>
<title>Static SP with GA</title>
<meta>Author: Jakob Rieke; Version v1.3.0</meta>
<configuration>
  Zoom = 40
  SizeTeamA = 7
  SizeTeamB = 7
  FieldHeight = 9
  FieldWidth = 6
  PlayerSensorRange = 12
  PlayerSensorFOV = 56.3
  PlayerSize = 0.1555
  # The function used to optimize the problem,
  # possible values are:
  # Simplex, PSO, SPSO-2006, SPSO-2011, PSO-A-IW,
  # PSO-LD-IW, PSO-Chaotic-IW, PSO-LD-IW,
  # Evolution-Strategy, Differential-Evolution,
  # Adaptive-Differential-Evolution
  Optimizer = PSO
  </configuration>
<iteration i="0">
<sensors>[[5.86711137896672,5.45840773418463,149.772097892611], [1.5775367344197,5.04302843795381,209.50295629862], [2.1805260434587,4.88331940892666,204.009537249506], [7.66343526558442,2.47231566508917,313.655808294674], [7.05460685817475,-0.835245668774226,34.2405523246113], [7.59057312760373,2.51219136312638,111.572288245085], [3.78568051184065,1.61645566287783,67.2585499667903]]</sensors>
<obstacles>[[2.60370129556395, 3.70933320885524], [3.9919059004169, 2.22973762219772], [6.62567684822716, 2.15473806811497], [3.58258051425219, 0.12526138080284], [2.51821931940503, 1.3262133426033], [3.51469989772886, 3.99785005487502], [6.18540351837873, 3.33889209385961]]</obstacles>
<global-best>17.3177568569632</global-best>
</iteration>
<iteration i="200">
<sensors>[[8.99697421703226,0.27136572072642,161.442614934685], [8.06566350048476,5.99596699835779,206.798237441427], [8.9974255755357,3.90516311117397,207.994577517978], [4.93007232461058,2.34735249125818,327.953844968749], [0.0540189130725139,0.612706027711868,42.3804823112452], [-303.702264487553,19.3094425648559,120.777011540819], [7.29395015057395,0.00659804020009792,69.240684280682]]</sensors>
<obstacles>[[2.60370129556395, 3.70933320885524], [3.9919059004169, 2.22973762219772], [6.62567684822716, 2.15473806811497], [3.58258051425219, 0.12526138080284], [2.51821931940503, 1.3262133426033], [3.51469989772886, 3.99785005487502], [6.18540351837873, 3.33889209385961]]</obstacles>
<global-best>0.18321776371797</global-best>
</iteration>
<iterations>200</iterations>
<elapsed-time>26240</elapsed-time>
<average-time>0</average-time>
</simulation>