<?xml version="1.0" encoding="UTF-8"?>
<simulation>
<software>charlie-simulation-framework; v1.0.0; Jakob Rieke</software>
<system>Unix; Unix 18.2.0.0; 18.2.0.0</system>
<datetime>6/12/2019 4:43:41 PM</datetime>
<title>Static SP with GA</title>
<meta>Author: Jakob Rieke; Version v1.3.0</meta>
<configuration>
  Zoom = 40
  SizeTeamA = 7
  SizeTeamB = 7
  FieldHeight = 9
  FieldWidth = 6
  PlayerSensorRange = 12
  PlayerSensorFOV = 56.3
  PlayerSize = 0.1555
  # The function used to optimize the problem,
  # possible values are:
  # Simplex, PSO, SPSO-2006, SPSO-2011, PSO-A-IW,
  # PSO-LD-IW, PSO-Chaotic-IW, PSO-LD-IW,
  # Evolution-Strategy, Differential-Evolution,
  # Adaptive-Differential-Evolution
  Optimizer = PSO
  </configuration>
<iteration i="0">
<sensors>[[3.73064413699073,1.4838737623457,202.610431237319], [5.04967380474473,4.49411584900455,305.693096232668], [9.54905844122855,4.11577385983802,70.0415873434868], [12.3326989991774,7.5510138670676,247.00224535126], [2.43645786546537,-1.7560856520106,270.571622816389], [7.38364113954239,-2.1301772288953,352.171724904298], [-2.30892806751254,10.1311990463513,177.389372584936]]</sensors>
<obstacles>[[8.21671923086979, 4.549126714468], [8.4594097584486, 4.79081114334986], [4.84867279487662, 1.76774301286787], [1.7304406973999, 3.34793143579736], [7.63326823012903, 2.20044582663104], [6.13950014929287, 0.566777786705643], [5.90719000948593, 2.39925694931298]]</obstacles>
<global-best>22.0926285459622</global-best>
</iteration>
<iteration i="200">
<sensors>[[8.99956341128911,5.92940797651419,222.420269672566], [2.56834842389637,5.99926783311585,299.968203632176], [7.85380569207645,0.000160088020155747,68.8157401091705], [-3.08784847609417,14.0741708080709,239.928624842702], [8.126377906857,8.21399311133383,263.95736001266], [0.000796395820552188,5.15738578409471,345.341045466152], [8.99461844026674,2.95289304934648,179.517036479087]]</sensors>
<obstacles>[[8.21671923086979, 4.549126714468], [8.4594097584486, 4.79081114334986], [4.84867279487662, 1.76774301286787], [1.7304406973999, 3.34793143579736], [7.63326823012903, 2.20044582663104], [6.13950014929287, 0.566777786705643], [5.90719000948593, 2.39925694931298]]</obstacles>
<global-best>0.402176641300707</global-best>
</iteration>
<iterations>200</iterations>
<elapsed-time>22830</elapsed-time>
<average-time>0</average-time>
</simulation>