<?xml version="1.0" encoding="UTF-8"?>
<simulation>
<software>charlie-simulation-framework; v1.0.0; Jakob Rieke</software>
<system>Unix; Unix 18.2.0.0; 18.2.0.0</system>
<datetime>6/12/2019 4:42:36 PM</datetime>
<title>Static SP with GA</title>
<meta>Author: Jakob Rieke; Version v1.3.0</meta>
<configuration>
  Zoom = 40
  SizeTeamA = 7
  SizeTeamB = 7
  FieldHeight = 9
  FieldWidth = 6
  PlayerSensorRange = 12
  PlayerSensorFOV = 56.3
  PlayerSize = 0.1555
  # The function used to optimize the problem,
  # possible values are:
  # Simplex, PSO, SPSO-2006, SPSO-2011, PSO-A-IW,
  # PSO-LD-IW, PSO-Chaotic-IW, PSO-LD-IW,
  # Evolution-Strategy, Differential-Evolution,
  # Adaptive-Differential-Evolution
  Optimizer = PSO
  </configuration>
<iteration i="0">
<sensors>[[2.01390051002832,4.12384787697852,80.1704127757079], [8.4151394221134,5.38283463987954,108.119219796881], [8.39460038807775,-0.596857199556234,293.531071254853], [9.12940016019742,-0.557820854959518,340.846603198181], [-1.25825490270444,8.59801378112247,130.797384623651], [5.59580390392587,2.27811248124681,310.589511284768], [0.856697487411264,6.72416313666551,123.093133314385]]</sensors>
<obstacles>[[0.334102807100862, 0.937089770101011], [2.68656602245755, 5.74181276746094], [1.30670745670795, 2.31349544925615], [1.08282682928257, 3.00889824237674], [8.46096204919741, 3.86228813230991], [2.86690179118887, 5.25046153413132], [7.39709872473031, 3.41018374823034]]</obstacles>
<global-best>15.0810183753165</global-best>
</iteration>
<iteration i="200">
<sensors>[[64.7324264046706,10.8786415292412,18.182495585976], [1.50723214492121,28.0577114338439,102.97258006327], [6.1662958013859,5.9784926923024,309.434115311744], [0.0457510048107684,3.22316924757326,380.153383296293], [8.81700699878692,0.160263583904397,157.016874028175], [0.411168778445553,5.32316981121643,356.63564535319], [1.16299099257694,0.0107612772420386,89.2739620400788]]</sensors>
<obstacles>[[0.334102807100862, 0.937089770101011], [2.68656602245755, 5.74181276746094], [1.30670745670795, 2.31349544925615], [1.08282682928257, 3.00889824237674], [8.46096204919741, 3.86228813230991], [2.86690179118887, 5.25046153413132], [7.39709872473031, 3.41018374823034]]</obstacles>
<global-best>0.691528203180467</global-best>
</iteration>
<iterations>200</iterations>
<elapsed-time>14495</elapsed-time>
<average-time>0</average-time>
</simulation>