<?xml version="1.0" encoding="UTF-8"?>
<simulation>
<software>charlie-simulation-framework; v1.0.0; Jakob Rieke</software>
<system>Unix; Unix 18.2.0.0; 18.2.0.0</system>
<datetime>6/13/2019 8:09:17 AM</datetime>
<title>Static SP with GA</title>
<meta>Author: Jakob Rieke; Version v1.3.0</meta>
<configuration>
  Zoom = 40
  SizeTeamA = 7
  SizeTeamB = 7
  FieldHeight = 9
  FieldWidth = 6
  PlayerSensorRange = 12
  PlayerSensorFOV = 56.3
  PlayerSize = 0.1555
  # The function used to optimize the problem,
  # possible values are:
  # Simplex, PSO, SPSO-2006, SPSO-2011, PSO-A-IW,
  # PSO-LD-IW, PSO-Chaotic-IW, PSO-LD-IW,
  # Evolution-Strategy, Differential-Evolution,
  # Adaptive-Differential-Evolution
  Optimizer = PSO
  </configuration>
<iteration i="0">
<sensors>[[6.69485764269281,6.28943380304766,339.352831456724], [10.8894037489359,7.38079615339908,156.74575732798], [2.74162720327675,4.00963673583596,46.0961959448522], [-1.58160187002193,1.13110912152133,195.687963842786], [1.43798964896323,-1.27805806957671,237.792697480406], [7.46115584738589,2.45863235820961,220.269222967857], [1.10685004186868,7.04836748586728,322.816817982789]]</sensors>
<obstacles>[[8.82675117650069, 1.58367714146152], [2.02080261195078, 4.60476726572961], [3.75790319032967, 4.22649323008955], [2.21501822140999, 5.03812905913219], [2.2097650479991, 3.6858372897841], [5.36424496443942, 0.324815552216023], [4.7568613209296, 3.14117034617811]]</obstacles>
<global-best>11.9167017545333</global-best>
</iteration>
<iteration i="200">
<sensors>[[-0.270024100643874,-8.31444137086826,348.716671404285], [7.27808601395154,0.000118544837297234,152.701480387212], [0.00103708098201167,0.378635596572598,58.035236614663], [3.65512150253328,7.88479248706573,225.551117320241], [8.99306199712962,5.99340834897362,242.547030057463], [7.04699085674074,5.99682456177719,204.404770724807], [3.52436711395574,4.65861351505331,345.271309551219]]</sensors>
<obstacles>[[8.82675117650069, 1.58367714146152], [2.02080261195078, 4.60476726572961], [3.75790319032967, 4.22649323008955], [2.21501822140999, 5.03812905913219], [2.2097650479991, 3.6858372897841], [5.36424496443942, 0.324815552216023], [4.7568613209296, 3.14117034617811]]</obstacles>
<global-best>0.174224971014662</global-best>
</iteration>
<iterations>200</iterations>
<elapsed-time>20950</elapsed-time>
<average-time>0</average-time>
</simulation>