<?xml version="1.0" encoding="UTF-8"?>
<simulation>
<software>charlie-simulation-framework; v1.0.0; Jakob Rieke</software>
<system>Unix; Unix 18.2.0.0; 18.2.0.0</system>
<datetime>6/13/2019 8:53:28 AM</datetime>
<title>Static SP with GA</title>
<meta>Author: Jakob Rieke; Version v1.3.0</meta>
<configuration>
  Zoom = 40
  SizeTeamA = 7
  SizeTeamB = 7
  FieldHeight = 9
  FieldWidth = 6
  PlayerSensorRange = 12
  PlayerSensorFOV = 56.3
  PlayerSize = 0.1555
  # The function used to optimize the problem,
  # possible values are:
  # Simplex, PSO, SPSO-2006, SPSO-2011, PSO-A-IW,
  # PSO-LD-IW, PSO-Chaotic-IW, PSO-LD-IW,
  # Evolution-Strategy, Differential-Evolution,
  # Adaptive-Differential-Evolution
  Optimizer = PSO
  </configuration>
<iteration i="0">
<sensors>[[7.63942396324114,5.74968969176306,154.246475472845], [2.69990897430295,-1.30707108325453,176.807979578528], [-3.35538906040867,3.59431436111685,220.717010350781], [-4.24288510470433,2.10661647210402,196.76864622804], [8.67781517483418,2.16179828438113,264.975579887576], [2.4587311195303,-0.493099791490264,348.086973795654], [10.0051251116093,2.37958138918023,243.191371921702]]</sensors>
<obstacles>[[3.04108917200938, 1.51600020518526], [5.12476518563926, 1.9758681259118], [5.66799645172432, 4.02646045060828], [0.987065460998565, 4.42288855556399], [4.52298464952037, 1.03240443114191], [5.82248565810733, 3.42864635819569], [6.63715428044088, 2.47684095846489]]</obstacles>
<global-best>19.9273795898764</global-best>
</iteration>
<iteration i="200">
<sensors>[[6.43544159265526,0.000456774911929564,152.298230801617], [7.70945364553669,0.614281164721328,145.979078971575], [-3.9316504389826,-531.894214270816,213.961184860443], [8.9992957952453,4.34518563819699,182.445555567371], [8.65627602292903,5.99689236386106,264.158940655692], [1.65823664812766,5.4362072138834,345.066489725909], [4.46753324718128,5.9963677232205,252.807486437766]]</sensors>
<obstacles>[[3.04108917200938, 1.51600020518526], [5.12476518563926, 1.9758681259118], [5.66799645172432, 4.02646045060828], [0.987065460998565, 4.42288855556399], [4.52298464952037, 1.03240443114191], [5.82248565810733, 3.42864635819569], [6.63715428044088, 2.47684095846489]]</obstacles>
<global-best>0.301995915944797</global-best>
</iteration>
<iterations>200</iterations>
<elapsed-time>27103</elapsed-time>
<average-time>0</average-time>
</simulation>