<?xml version="1.0" encoding="UTF-8"?>
<simulation>
<software>charlie-simulation-framework; v1.0.0; Jakob Rieke</software>
<system>Unix; Unix 18.2.0.0; 18.2.0.0</system>
<datetime>6/13/2019 8:50:28 AM</datetime>
<title>Static SP with GA</title>
<meta>Author: Jakob Rieke; Version v1.3.0</meta>
<configuration>
  Zoom = 40
  SizeTeamA = 7
  SizeTeamB = 7
  FieldHeight = 9
  FieldWidth = 6
  PlayerSensorRange = 12
  PlayerSensorFOV = 56.3
  PlayerSize = 0.1555
  # The function used to optimize the problem,
  # possible values are:
  # Simplex, PSO, SPSO-2006, SPSO-2011, PSO-A-IW,
  # PSO-LD-IW, PSO-Chaotic-IW, PSO-LD-IW,
  # Evolution-Strategy, Differential-Evolution,
  # Adaptive-Differential-Evolution
  Optimizer = PSO
  </configuration>
<iteration i="0">
<sensors>[[1.94758491067153,6.22117855812246,190.102934809851], [4.29254642223325,8.98692147084921,234.644418277378], [6.91896066497418,6.49159478427236,165.426156143124], [0.059162894106028,6.45381462149353,116.961150589777], [1.06839319875811,6.64160677233144,322.697507699854], [12.5597407992155,6.36053302507356,185.396964264962], [5.86035708861129,-1.16937887259714,216.694120051065]]</sensors>
<obstacles>[[0.322816798696294, 5.63054462056607], [3.59717247099616, 1.85122341429815], [7.27889551478438, 2.51723813870922], [1.97687202435918, 3.22845031460747], [3.4769237539731, 3.25938310101628], [5.05609070858918, 2.07909404765815], [5.73032037983648, 1.16628955397755]]</obstacles>
<global-best>17.1817978103235</global-best>
</iteration>
<iteration i="200">
<sensors>[[8.6745493938104,5.99782537465867,190.731804019043], [8.98939881019777,5.99879862328057,245.958265543942], [8.99859125855493,0.0765369108763938,163.068882518302], [17.3742658776689,6.32772985745754,122.804038732518], [0.256752093533863,5.99799829109026,332.610243519113], [7.22894241961275,3.11784021211263,184.737638370284], [4.57511757940411,-55.7434779268015,210.518799660053]]</sensors>
<obstacles>[[0.322816798696294, 5.63054462056607], [3.59717247099616, 1.85122341429815], [7.27889551478438, 2.51723813870922], [1.97687202435918, 3.22845031460747], [3.4769237539731, 3.25938310101628], [5.05609070858918, 2.07909404765815], [5.73032037983648, 1.16628955397755]]</obstacles>
<global-best>0.338706061851728</global-best>
</iteration>
<iterations>200</iterations>
<elapsed-time>17368</elapsed-time>
<average-time>0</average-time>
</simulation>