<?xml version="1.0" encoding="UTF-8"?>
<simulation>
<software>charlie-simulation-framework; v1.0.0; Jakob Rieke</software>
<system>Unix; Unix 18.2.0.0; 18.2.0.0</system>
<datetime>6/13/2019 8:42:04 AM</datetime>
<title>Static SP with GA</title>
<meta>Author: Jakob Rieke; Version v1.3.0</meta>
<configuration>
  Zoom = 40
  SizeTeamA = 7
  SizeTeamB = 7
  FieldHeight = 9
  FieldWidth = 6
  PlayerSensorRange = 12
  PlayerSensorFOV = 56.3
  PlayerSize = 0.1555
  # The function used to optimize the problem,
  # possible values are:
  # Simplex, PSO, SPSO-2006, SPSO-2011, PSO-A-IW,
  # PSO-LD-IW, PSO-Chaotic-IW, PSO-LD-IW,
  # Evolution-Strategy, Differential-Evolution,
  # Adaptive-Differential-Evolution
  Optimizer = PSO
  </configuration>
<iteration i="0">
<sensors>[[6.93610984954199,6.71130735591046,106.692001254405], [5.08472767478564,3.92227962986345,179.382029451872], [8.96865738404284,4.61978820610417,200.710929361636], [-2.69867348704836,-0.571319274497425,326.374187300088], [5.33354623671568,10.1253074340929,42.5354980757571], [5.07467758970357,6.33477238440168,119.630865030556], [3.94967779741587,2.309112854967,16.9374965125229]]</sensors>
<obstacles>[[0.536883661290631, 1.57727255159989], [5.82171617425047, 1.98289375752211], [7.62598309479654, 0.514325046446174], [1.7568059025798, 3.62089871848002], [8.39455216750503, 5.5632185228169], [3.04291863134131, 5.03942655120045], [5.03984695533291, 3.2225062167272]]</obstacles>
<global-best>13.4995074778671</global-best>
</iteration>
<iteration i="200">
<sensors>[[2.48224578714535,10.7562533863738,62.7127596240965], [1.6742490184599,18.2755802973348,90.0243035704296], [8.36839491475237,5.99972218537075,208.136150316419], [1.13015444041894,5.34156831251858,343.521328826979], [5.82756135970189E-05,1.07086559896095,61.8634143543189], [-4.6812575790117,18.0034644889985,126.62193251743], [0.696496359324282,0.000440657482483305,23.2469441389909]]</sensors>
<obstacles>[[0.536883661290631, 1.57727255159989], [5.82171617425047, 1.98289375752211], [7.62598309479654, 0.514325046446174], [1.7568059025798, 3.62089871848002], [8.39455216750503, 5.5632185228169], [3.04291863134131, 5.03942655120045], [5.03984695533291, 3.2225062167272]]</obstacles>
<global-best>0.741734376626157</global-best>
</iteration>
<iterations>200</iterations>
<elapsed-time>14092</elapsed-time>
<average-time>0</average-time>
</simulation>