<?xml version="1.0" encoding="UTF-8"?>
<simulation>
<software>charlie-simulation-framework; v1.0.0; Jakob Rieke</software>
<system>Unix; Unix 18.2.0.0; 18.2.0.0</system>
<datetime>6/13/2019 8:09:01 AM</datetime>
<title>Static SP with GA</title>
<meta>Author: Jakob Rieke; Version v1.3.0</meta>
<configuration>
  Zoom = 40
  SizeTeamA = 7
  SizeTeamB = 7
  FieldHeight = 9
  FieldWidth = 6
  PlayerSensorRange = 12
  PlayerSensorFOV = 56.3
  PlayerSize = 0.1555
  # The function used to optimize the problem,
  # possible values are:
  # Simplex, PSO, SPSO-2006, SPSO-2011, PSO-A-IW,
  # PSO-LD-IW, PSO-Chaotic-IW, PSO-LD-IW,
  # Evolution-Strategy, Differential-Evolution,
  # Adaptive-Differential-Evolution
  Optimizer = PSO
  </configuration>
<iteration i="0">
<sensors>[[6.57684661154775,5.21379553360336,76.2907041047791], [-1.15195123465872,3.99281107362212,197.997686460396], [9.21469646315167,4.52377190563573,259.311406912288], [4.87982738178167,3.59228705684894,101.106035044106], [12.74651097437,5.82258090419781,57.4681003974484], [11.3496196098747,-0.743344948522624,43.7269465617232], [3.60486635574671,10.3198948841858,5.60221928907683]]</sensors>
<obstacles>[[2.58196231839247, 0.157037963625044], [2.43965569487773, 1.82863758970052], [6.15404206188396, 2.07580830529332], [4.80592647800222, 3.08897267142311], [2.17177729052491, 4.08829215075821], [2.88464574166574, 4.31759079359472], [0.838041454553604, 0.83324143756181]]</obstacles>
<global-best>20.022316778109</global-best>
</iteration>
<iteration i="200">
<sensors>[[0.171096239372227,0.105936280670615,77.5796908651775], [8.99629492229929,4.89890931299531,196.623255282082], [3.71728959039285,5.95293388014832,232.836866982697], [8.99167620493332,0.0474040692378768,117.169480352746], [13.7194647165507,-31.5862531516334,61.1618184306926], [-10.7560460117838,10.475364335247,55.5554075017312], [0.00164533867338389,1.29886189883304,0.298983727580155]]</sensors>
<obstacles>[[2.58196231839247, 0.157037963625044], [2.43965569487773, 1.82863758970052], [6.15404206188396, 2.07580830529332], [4.80592647800222, 3.08897267142311], [2.17177729052491, 4.08829215075821], [2.88464574166574, 4.31759079359472], [0.838041454553604, 0.83324143756181]]</obstacles>
<global-best>0.184624830237876</global-best>
</iteration>
<iterations>200</iterations>
<elapsed-time>15029</elapsed-time>
<average-time>0</average-time>
</simulation>