<?xml version="1.0" encoding="UTF-8"?>
<simulation>
<software>charlie-simulation-framework; v1.0.0; Jakob Rieke</software>
<system>Unix; Unix 18.2.0.0; 18.2.0.0</system>
<datetime>7/10/2019 8:58:10 AM</datetime>
<title>Static Sensor Positioning</title>
<meta>Author: Jakob Rieke; Version v1.4.0; Deterministic: No</meta>
<configuration>
  Zoom = 40
  NumberOfSensors = 11
  NumberOfObstacles = 11
  FieldHeight = 9
  FieldWidth = 6
  PlayerSensorRange = 12
  PlayerSensorFOV = 56.3
  PlayerSize = 0.1555
  Optimizer = SPSO-2006
  </configuration>
<iteration i="0">
<sensors>[[1.11192280193791,5.36598741821945,291.547582950443], [8.84304961329326,4.40556446369737,20.8617020398378], [2.6767680386547,0.830712547525764,27.9850554931909], [8.69114448479377,1.96458779135719,104.752204399556], [7.60791897866875,5.94183088419959,159.103105701506], [1.52218762761913,2.49994604894891,320.912919128314], [8.92155245016329,1.02347640087828,151.563002262264], [3.22013764386065,5.2096413387917,263.051382321864], [3.63859684648924,2.53169761039317,354.515479775146], [0.78840188565664,2.50412211287767,181.605884553865], [1.50630834675394,4.17557472595945,67.975047128275]]</sensors>
<obstacles>[[2.52099880459718, 0.118339429143816], [4.92942260624841, 4.0370297008194], [1.27897124458104, 3.34827958792448], [2.4831634091679, 4.68656936846673], [5.77512875804678, 1.81078434828669], [4.4296673561912, 1.39550639223307], [1.48003155598417, 0.326984065119177], [7.50926350266673, 3.5379476621747], [0.739070605253801, 0.814384866971523], [7.823632694548, 2.32197297457606], [7.44219677313231, 0.367422770708799]]</obstacles>
<global-best>6.08366055241502</global-best>
</iteration>
<iteration i="600">
<sensors>[[8.55558454986556,4.22003378492352,179.469583544173], [8.98286581603891,5.41117356984241,209.95717971575], [8.98990804028879,1.6967725601971,246.504991630564], [7.30228542063507,2.2398471099133,193.128988358948], [1.02368590213226,0.947067144292234,20.07333031783], [2.59556430509903,5.99659458612713,333.400641012193], [4.0926605972829,3.23765516582412,240.998272507495], [0.0162608182911391,4.06669190085363,359.992908188319], [3.95329933647673,4.17881629519351,179.189422297869], [7.91691974446624,3.56389964739865,7.75316910883118], [3.33146272577455,0.644192182013988,359.096333430345]]</sensors>
<obstacles>[[2.52099880459718, 0.118339429143816], [4.92942260624841, 4.0370297008194], [1.27897124458104, 3.34827958792448], [2.4831634091679, 4.68656936846673], [5.77512875804678, 1.81078434828669], [4.4296673561912, 1.39550639223307], [1.48003155598417, 0.326984065119177], [7.50926350266673, 3.5379476621747], [0.739070605253801, 0.814384866971523], [7.823632694548, 2.32197297457606], [7.44219677313231, 0.367422770708799]]</obstacles>
<global-best>0.932079621408817</global-best>
</iteration>
<iterations>600</iterations>
<elapsed-time>150556</elapsed-time>
<average-time>0</average-time>
</simulation>