<?xml version="1.0" encoding="UTF-8"?>
<simulation>
<software>charlie-simulation-framework; v1.0.0; Jakob Rieke</software>
<system>Unix; Unix 18.2.0.0; 18.2.0.0</system>
<datetime>7/10/2019 8:32:19 AM</datetime>
<title>Static Sensor Positioning</title>
<meta>Author: Jakob Rieke; Version v1.4.0; Deterministic: No</meta>
<configuration>
  Zoom = 40
  NumberOfSensors = 11
  NumberOfObstacles = 11
  FieldHeight = 9
  FieldWidth = 6
  PlayerSensorRange = 12
  PlayerSensorFOV = 56.3
  PlayerSize = 0.1555
  Optimizer = SPSO-2006
  </configuration>
<iteration i="0">
<sensors>[[8.8977905320935,5.86105013871565,230.16978001222], [8.07982281991281,4.27695806371048,247.826286870986], [0.0271240607835352,5.66532202530652,218.274119496346], [6.78172390046529,1.80760343978181,292.928501078859], [7.89681394281797,0.263020395766944,6.72091950662434], [0.786654751282185,1.70276199141517,45.7682382222265], [5.53279391233809,5.11797644896433,341.567021040246], [6.22966596647166,0.444909718818963,293.61764405854], [5.30213236925192,2.94258930673823,262.417934155092], [0.853431483730674,5.07359438342974,300.002385377884], [5.17625685129315,5.52987109310925,25.7261150702834]]</sensors>
<obstacles>[[7.3305537016131, 5.60622657509521], [4.07100483519025, 2.49081563903019], [3.66121644945815, 1.66142109269276], [2.10629862151109, 4.02971630869433], [0.652739850338548, 2.36070127878338], [8.7557076048106, 0.891965688206255], [2.65379894594662, 1.79181094234809], [4.30023560626432, 4.39347428642213], [8.80517904949375, 2.9275537817739], [3.57186720566824, 5.73821607604623], [4.26354242535308, 1.37718158354983]]</obstacles>
<global-best>10.2098871254505</global-best>
</iteration>
<iteration i="600">
<sensors>[[7.58647285996992,3.71828047374211,252.256783307068], [4.6507942723021,2.76959375176772,24.5730734447476], [2.41386026232379,5.55244839323484,310.904524461787], [0.381880891829152,5.20693272983599,0.00340977656742106], [0.921393986818486,0.000255255518870358,58.3701475095856], [5.66698969605719,3.69524213961282,60.0871515466783], [3.11123440033829,3.19758107832108,208.659475887007], [8.97472278920408,4.00872522129632,177.888868151493], [8.99433403261101,0.0486898942271466,155.086819633573], [7.04426733054481,5.44358393574024,209.439282717558], [8.98323588564459,5.97776153487968,198.512485445729]]</sensors>
<obstacles>[[7.3305537016131, 5.60622657509521], [4.07100483519025, 2.49081563903019], [3.66121644945815, 1.66142109269276], [2.10629862151109, 4.02971630869433], [0.652739850338548, 2.36070127878338], [8.7557076048106, 0.891965688206255], [2.65379894594662, 1.79181094234809], [4.30023560626432, 4.39347428642213], [8.80517904949375, 2.9275537817739], [3.57186720566824, 5.73821607604623], [4.26354242535308, 1.37718158354983]]</obstacles>
<global-best>0.594086776962984</global-best>
</iteration>
<iterations>600</iterations>
<elapsed-time>140580</elapsed-time>
<average-time>0</average-time>
</simulation>