<?xml version="1.0" encoding="UTF-8"?>
<simulation>
<software>charlie-simulation-framework; v1.0.0; Jakob Rieke</software>
<system>Unix; Unix 18.2.0.0; 18.2.0.0</system>
<datetime>7/10/2019 10:18:31 AM</datetime>
<title>Static Sensor Positioning</title>
<meta>Author: Jakob Rieke; Version v1.4.0; Deterministic: No</meta>
<configuration>
  Zoom = 40
  NumberOfSensors = 11
  NumberOfObstacles = 11
  FieldHeight = 9
  FieldWidth = 6
  PlayerSensorRange = 12
  PlayerSensorFOV = 56.3
  PlayerSize = 0.1555
  Optimizer = SPSO-2006
  </configuration>
<iteration i="0">
<sensors>[[8.1794304298237,4.37714326428249,191.83371623978], [0.817744227591902,2.46869940217584,4.29650799371302], [6.24929006164894,0.850394257809967,11.3896404113621], [0.825041925301775,4.48780977912247,205.013473173603], [4.92822352051735,3.3537590042688,197.656826209277], [3.16036955290474,0.643357790540904,34.1697113960981], [2.69044215604663,3.56063442723826,222.574634039775], [4.70089178066701,5.54815322393551,151.92320256494], [4.88568201335147,4.5082247313112,296.897228546441], [6.97899014758877,2.50556602701545,342.518386831507], [1.29880745639093,3.69711186457425,46.3621336966753]]</sensors>
<obstacles>[[2.07068924163468, 0.796034155413508], [0.10428292863071, 3.09948128415272], [7.46629744791426, 3.65026595816016], [7.11002364987507, 4.94241814222187], [3.54107218561694, 2.62184405699372], [8.67017847625539, 5.95686144428328], [1.95097715500742, 1.38905678596348], [8.48274828982539, 1.83892982499674], [8.80767285008915, 0.870169536676258], [1.83727818075567, 1.08056518575177], [8.67651476338506, 2.88511692825705]]</obstacles>
<global-best>6.93845899870417</global-best>
</iteration>
<iteration i="600">
<sensors>[[6.0479840697209,5.27673952995698,8.48678347376647], [6.64817816321286,0.00195980588601776,159.691476742532], [1.8102440480654,2.99292481464899,237.567958825671], [0.0162606583826707,4.94330430237386,11.7273127681777], [0.0245691451927649,2.13319831843769,343.287750873441], [3.28107365546738,0.0729435719594927,53.5304737459084], [8.46753153236596,5.7206843594289,204.298344847559], [1.66394788430936,0.00125765373833185,106.899630449204], [5.0498254525445,3.48785708753101,183.881457454635], [2.59369234443756,5.43112085446332,352.154948279423], [5.35813831013613,4.70787581675893,15.9685581257776]]</sensors>
<obstacles>[[2.07068924163468, 0.796034155413508], [0.10428292863071, 3.09948128415272], [7.46629744791426, 3.65026595816016], [7.11002364987507, 4.94241814222187], [3.54107218561694, 2.62184405699372], [8.67017847625539, 5.95686144428328], [1.95097715500742, 1.38905678596348], [8.48274828982539, 1.83892982499674], [8.80767285008915, 0.870169536676258], [1.83727818075567, 1.08056518575177], [8.67651476338506, 2.88511692825705]]</obstacles>
<global-best>0.547304869762124</global-best>
</iteration>
<iterations>600</iterations>
<elapsed-time>125041</elapsed-time>
<average-time>0</average-time>
</simulation>