<?xml version="1.0" encoding="UTF-8"?>
<simulation>
<software>charlie-simulation-framework; v1.0.0; Jakob Rieke</software>
<system>Unix; Unix 18.2.0.0; 18.2.0.0</system>
<datetime>7/10/2019 9:44:54 AM</datetime>
<title>Static Sensor Positioning</title>
<meta>Author: Jakob Rieke; Version v1.4.0; Deterministic: No</meta>
<configuration>
  Zoom = 40
  NumberOfSensors = 11
  NumberOfObstacles = 11
  FieldHeight = 9
  FieldWidth = 6
  PlayerSensorRange = 12
  PlayerSensorFOV = 56.3
  PlayerSize = 0.1555
  Optimizer = SPSO-2006
  </configuration>
<iteration i="0">
<sensors>[[3.87839670083486,0.684139951597899,6.86720919795334], [6.73822043999098,2.77150003099814,193.918253649026], [0.984930764185265,0.998905311338604,336.625038860366], [4.37084617302753,1.38460826128721,48.950960431248], [0.42044725175947,1.71565916016698,33.5766790062189], [7.77778355008923,2.4552283748053,346.622760314494], [5.50184976146556,4.0661047543399,223.535716971383], [5.1545578641817,4.0875460873358,92.3025709111243], [5.50129321147688,0.128798409830779,184.667275026441], [4.2159008088056,2.03028968721628,311.526291472837], [2.6995565306861,4.06364244874567,12.2340297326446]]</sensors>
<obstacles>[[0.668008819688112, 3.63385198730975], [6.20653691980988, 1.68629428138956], [6.90725467493758, 5.0185004551895], [0.0723502056207508, 5.94461953639984], [0.585501210065559, 1.0782796125859], [3.520139249973, 0.0619104942306876], [3.71287161461078, 2.67296322248876], [0.576093361945823, 0.0783344800584018], [2.81088714580983, 1.51891457056627], [7.22487725433894, 2.73643303988501], [4.9110494221095, 2.77137919189408]]</obstacles>
<global-best>8.86386392310386</global-best>
</iteration>
<iteration i="600">
<sensors>[[0.482778972634562,5.31777767675886,295.842896750406], [8.67866193621716,1.26388048981732,348.892031818081], [3.26016474868449,4.20709196092453,327.266371681578], [0.152747908675783,4.24238967623453,286.430104155227], [0.47676349773434,2.52809455751143,9.11280683059064], [8.99769870089681,4.31023812906369,161.265237062616], [1.76887510345756,1.64849212672552,134.484682150144], [5.69727422626054,0.141123735709819,177.049267646841], [8.99433653958772,0.927296906029289,184.206849145105], [5.24650227631269,5.47460542248152,20.8901843662986], [8.5025085507703,2.08980207876839,155.255715157546]]</sensors>
<obstacles>[[0.668008819688112, 3.63385198730975], [6.20653691980988, 1.68629428138956], [6.90725467493758, 5.0185004551895], [0.0723502056207508, 5.94461953639984], [0.585501210065559, 1.0782796125859], [3.520139249973, 0.0619104942306876], [3.71287161461078, 2.67296322248876], [0.576093361945823, 0.0783344800584018], [2.81088714580983, 1.51891457056627], [7.22487725433894, 2.73643303988501], [4.9110494221095, 2.77137919189408]]</obstacles>
<global-best>0.662659211044469</global-best>
</iteration>
<iterations>600</iterations>
<elapsed-time>149047</elapsed-time>
<average-time>0</average-time>
</simulation>