<?xml version="1.0" encoding="UTF-8"?>
<simulation>
<software>charlie-simulation-framework; v1.0.0; Jakob Rieke</software>
<system>Unix; Unix 18.2.0.0; 18.2.0.0</system>
<datetime>7/10/2019 8:19:13 AM</datetime>
<title>Static Sensor Positioning</title>
<meta>Author: Jakob Rieke; Version v1.4.0; Deterministic: No</meta>
<configuration>
  Zoom = 40
  NumberOfSensors = 11
  NumberOfObstacles = 11
  FieldHeight = 9
  FieldWidth = 6
  PlayerSensorRange = 12
  PlayerSensorFOV = 56.3
  PlayerSize = 0.1555
  Optimizer = SPSO-2006
  </configuration>
<iteration i="0">
<sensors>[[0.859388737007976,2.04672464774922,54.8131051752716], [6.82014193246141,1.97065979847685,249.399558026344], [5.41115842619911,4.69819165812805,241.875636773184], [2.22519246884622,3.83948152977973,5.55368768982589], [5.70078126643784,3.29511628020555,56.8641915824264], [1.0986447671894,1.68411911185831,113.495414368808], [3.49082834855653,4.36922593787313,288.364049373195], [4.62889389158227,3.52915337914601,183.038093307987], [1.43097635032609,2.18957333173603,335.157543132082], [6.31802858691663,0.25545452395454,214.597468078136], [4.87065504840575,5.43720312556252,216.6505170241]]</sensors>
<obstacles>[[2.22909921733662, 5.97639476554468], [8.22150581935421, 0.0430916547775269], [6.86655915621668, 3.06553668575361], [1.46017257682979, 1.15089059527963], [8.22712797252461, 2.18151430087164], [7.36247266363353, 0.786415484268218], [3.71797650167719, 0.340471680276096], [2.61605003289878, 5.3996429820545], [8.45969473267905, 4.07644656021148], [7.25196836376563, 4.75208633439615], [0.231062271399423, 2.41254577646032]]</obstacles>
<global-best>7.78836681065053</global-best>
</iteration>
<iteration i="600">
<sensors>[[3.38616897608774,1.61291455407527,18.7717507772229], [7.58001951193212,5.45954085250305,211.605243763103], [0.0070246972065396,4.50654842783286,291.584327553778], [4.57569715906794,2.89352040648116,156.844144682218], [0.71893162551031,4.97637775040582,336.079594562441], [8.99412631796464,2.79922552368928,242.373555008881], [5.63211090909176,3.65770579503661,360], [5.13704153405533,5.25016481846333,237.924989502417], [2.41672526699862,5.7213497522738,358.89050180561], [8.78134088611702,5.73997109654581,204.998274112051], [1.08266463424911,1.43964778943009,78.4051447736284]]</sensors>
<obstacles>[[2.22909921733662, 5.97639476554468], [8.22150581935421, 0.0430916547775269], [6.86655915621668, 3.06553668575361], [1.46017257682979, 1.15089059527963], [8.22712797252461, 2.18151430087164], [7.36247266363353, 0.786415484268218], [3.71797650167719, 0.340471680276096], [2.61605003289878, 5.3996429820545], [8.45969473267905, 4.07644656021148], [7.25196836376563, 4.75208633439615], [0.231062271399423, 2.41254577646032]]</obstacles>
<global-best>0.868639356604105</global-best>
</iteration>
<iterations>600</iterations>
<elapsed-time>116833</elapsed-time>
<average-time>0</average-time>
</simulation>