<?xml version="1.0" encoding="UTF-8"?>
<simulation>
<software>charlie-simulation-framework; v1.0.0; Jakob Rieke</software>
<system>Unix; Unix 18.2.0.0; 18.2.0.0</system>
<datetime>7/10/2019 10:20:36 AM</datetime>
<title>Static Sensor Positioning</title>
<meta>Author: Jakob Rieke; Version v1.4.0; Deterministic: No</meta>
<configuration>
  Zoom = 40
  NumberOfSensors = 11
  NumberOfObstacles = 11
  FieldHeight = 9
  FieldWidth = 6
  PlayerSensorRange = 12
  PlayerSensorFOV = 56.3
  PlayerSize = 0.1555
  Optimizer = SPSO-2006
  </configuration>
<iteration i="0">
<sensors>[[5.34970857971348,5.39517669612542,271.111237937585], [3.82994359661825,3.20856088679284,50.6129763275385], [8.45452577015385,5.98648366285488,189.134652977809], [0.151461593806744,4.29551513353363,11.3152956124395], [4.52102952869609,2.14824361307547,214.059814000502], [4.99691364658065,0.944047309923917,96.1023667361587], [7.70157933072187,0.0474416865035892,150.168869812042], [7.55665629194118,2.03811627812684,143.1137177255], [4.72596013988368,0.3995515066199,273.161750435829], [0.125248216325417,2.44688170636073,101.780484532937], [4.8763601614628,1.48402602877468,77.4646824225783]]</sensors>
<obstacles>[[1.06876768916845, 0.384188659954816], [8.12491156230681, 0.115644415374845], [7.26839040848427, 1.34332471853122], [0.198162702145055, 0.52890367526561], [5.80232431227341, 5.10585826076567], [2.40457011689432, 4.10660952609032], [5.2853549758438, 2.37452257750556], [7.95036721718498, 3.04762317985296], [6.06302567850798, 2.4628423252143], [7.60186992050149, 1.71449790894985], [1.72197146108374, 4.65045304270461]]</obstacles>
<global-best>8.91276426059648</global-best>
</iteration>
<iteration i="600">
<sensors>[[0.110462649095414,2.08407119894414,42.9514907691523], [3.57081479551957,5.56699373621221,315.292733209299], [7.39516882947633,1.05871405004812,176.501251212037], [8.64350635646339,5.90143180423911,200.078853508103], [8.90217564602346,0.848900370127232,170.495998208159], [1.01220133417396,2.27243940034033,0], [7.30817758642721,3.38313241381711,144.108649894582], [8.11528879220538,4.95463434186519,290.592098562622], [6.16421324131261,0.0680639275809244,81.5193976330147], [4.67484076363795,0.848708439781299,181.809456211446], [0.782896580898074,0.987081127462281,102.019199791325]]</sensors>
<obstacles>[[1.06876768916845, 0.384188659954816], [8.12491156230681, 0.115644415374845], [7.26839040848427, 1.34332471853122], [0.198162702145055, 0.52890367526561], [5.80232431227341, 5.10585826076567], [2.40457011689432, 4.10660952609032], [5.2853549758438, 2.37452257750556], [7.95036721718498, 3.04762317985296], [6.06302567850798, 2.4628423252143], [7.60186992050149, 1.71449790894985], [1.72197146108374, 4.65045304270461]]</obstacles>
<global-best>0.631740703936313</global-best>
</iteration>
<iterations>600</iterations>
<elapsed-time>137532</elapsed-time>
<average-time>0</average-time>
</simulation>