<?xml version="1.0" encoding="UTF-8"?>
<simulation>
<software>charlie-simulation-framework; v1.0.0; Jakob Rieke</software>
<system>Unix; Unix 18.2.0.0; 18.2.0.0</system>
<datetime>7/10/2019 10:11:57 AM</datetime>
<title>Static Sensor Positioning</title>
<meta>Author: Jakob Rieke; Version v1.4.0; Deterministic: No</meta>
<configuration>
  Zoom = 40
  NumberOfSensors = 11
  NumberOfObstacles = 11
  FieldHeight = 9
  FieldWidth = 6
  PlayerSensorRange = 12
  PlayerSensorFOV = 56.3
  PlayerSize = 0.1555
  Optimizer = SPSO-2006
  </configuration>
<iteration i="0">
<sensors>[[4.7132902268786,0.849516469985247,4.1230661328882], [8.88852856890298,3.6355936084874,315.172144509852], [5.72977972612716,1.22900091391057,58.580747935921], [1.75970350974239,3.37176267849281,58.2555232197046], [7.26439557457343,1.87455245805904,41.3625587057322], [7.95478098699823,2.31748883519322,175.115820849314], [6.65978267183527,1.53846818301827,279.367765858769], [6.94122687005438,5.92257394362241,23.793640807271], [3.74724716786295,3.60988304112107,207.213975386694], [3.39645408256911,2.31320890132338,203.09871875681], [0.449707756983116,4.35742346942425,315.840844865888]]</sensors>
<obstacles>[[4.18662698683329, 5.462519985158], [5.10989863984287, 5.19950258173049], [0.217135119019076, 1.26732697337866], [8.76008218084462, 1.53209070162848], [6.72359565761872, 0.829760110471398], [0.742269390961155, 1.7194461976178], [7.97218139888719, 4.93942401465029], [1.9802268978674, 3.042926015798], [3.44979790574871, 2.97798719722778], [8.34313146723434, 4.25945994257927], [3.75754751893692, 1.19601918803528]]</obstacles>
<global-best>8.67788720585095</global-best>
</iteration>
<iteration i="600">
<sensors>[[7.04798429592605,3.95320316137649,0.00201416318967685], [0.387721581705296,5.74201911643085,284.573113147228], [8.26108137905089,0.0747981993428702,157.426542076865], [7.86807553461454,4.34263734049823,36.7848815117534], [8.9881835181357,2.102959553546,139.044213815293], [2.15345447778928,1.06462214164444,29.842150411589], [1.02957223031529,2.58265021904985,353.177183827157], [3.96513946579078,4.75920435874085,301.574109952208], [2.01384483253855,5.61978262168163,263.648707346156], [1.13540002745508,0.703637553478621,74.7425998333678], [6.40915553828509,5.98893941192781,205.420698179573]]</sensors>
<obstacles>[[4.18662698683329, 5.462519985158], [5.10989863984287, 5.19950258173049], [0.217135119019076, 1.26732697337866], [8.76008218084462, 1.53209070162848], [6.72359565761872, 0.829760110471398], [0.742269390961155, 1.7194461976178], [7.97218139888719, 4.93942401465029], [1.9802268978674, 3.042926015798], [3.44979790574871, 2.97798719722778], [8.34313146723434, 4.25945994257927], [3.75754751893692, 1.19601918803528]]</obstacles>
<global-best>0.577819248161589</global-best>
</iteration>
<iterations>600</iterations>
<elapsed-time>135211</elapsed-time>
<average-time>0</average-time>
</simulation>