<?xml version="1.0" encoding="UTF-8"?>
<simulation>
<software>charlie-simulation-framework; v1.0.0; Jakob Rieke</software>
<system>Unix; Unix 18.2.0.0; 18.2.0.0</system>
<datetime>7/10/2019 10:55:52 AM</datetime>
<title>Static Sensor Positioning</title>
<meta>Author: Jakob Rieke; Version v1.4.0; Deterministic: No</meta>
<configuration>
  Zoom = 40
  NumberOfSensors = 11
  NumberOfObstacles = 11
  FieldHeight = 9
  FieldWidth = 6
  PlayerSensorRange = 12
  PlayerSensorFOV = 56.3
  PlayerSize = 0.1555
  Optimizer = SPSO-2006
  </configuration>
<iteration i="0">
<sensors>[[2.49797033658251,1.61103163054213,2.45925516821444], [3.25862956652418,1.37423201557249,86.5537527669221], [1.84697719314136,5.91888910392299,237.061957726255], [1.53639347408898,4.20761874038726,133.600118486211], [7.63942172680981,1.39779382059351,197.52769251354], [1.16885236138478,2.38465447677299,100.968932826072], [3.19768561609089,4.27441868232563,24.9187429994345], [6.73684951057658,4.28390515968204,59.1430433001369], [2.6803185143508,2.68884016480297,323.06178085506], [6.88360836636275,3.59525880776346,134.603852313012], [0.256059099454433,0.429718564264476,353.850556472316]]</sensors>
<obstacles>[[6.44868702837266, 3.92346414271742], [8.44857955374755, 2.9741630977951], [4.76843699533492, 3.21938935853541], [3.56433437461965, 1.61096409196034], [4.66342290700413, 3.90375997871161], [4.37506497558206, 5.21439204085618], [0.167618629988283, 4.40191206336021], [6.19041561987251, 4.93472695117816], [6.19320316636004, 0.311687462031841], [2.15094348555431, 0.376160956453532], [7.74698494467884, 2.51315399771556]]</obstacles>
<global-best>9.09118092623582</global-best>
</iteration>
<iteration i="600">
<sensors>[[8.942219145984,5.65974658882007,174.408844317108], [3.16704049386274,2.41085811826314,212.94523935356], [3.49165787994883,4.67911704505664,0.00523963457271536], [8.56269833439752,1.66079211645345,168.905594408575], [8.88320342151208,4.27303992125339,179.275095303004], [0.0147673464990462,1.11922288267723,0.25476248183912], [0.910202420895193,3.31934323342102,14.7528182638009], [1.59269179045293,0.0820966495059075,115.623644168825], [4.562687448683,1.90433040416605,146.987449319408], [3.26785431259751,4.46316974166723,320.054440814728], [1.60613229817703,2.79986467370268,325.03067641]]</sensors>
<obstacles>[[6.44868702837266, 3.92346414271742], [8.44857955374755, 2.9741630977951], [4.76843699533492, 3.21938935853541], [3.56433437461965, 1.61096409196034], [4.66342290700413, 3.90375997871161], [4.37506497558206, 5.21439204085618], [0.167618629988283, 4.40191206336021], [6.19041561987251, 4.93472695117816], [6.19320316636004, 0.311687462031841], [2.15094348555431, 0.376160956453532], [7.74698494467884, 2.51315399771556]]</obstacles>
<global-best>0.802692848397046</global-best>
</iteration>
<iterations>600</iterations>
<elapsed-time>134284</elapsed-time>
<average-time>0</average-time>
</simulation>