<?xml version="1.0" encoding="UTF-8"?>
<simulation>
<software>charlie-simulation-framework; v1.0.0; Jakob Rieke</software>
<system>Unix; Unix 18.2.0.0; 18.2.0.0</system>
<datetime>7/10/2019 8:21:10 AM</datetime>
<title>Static Sensor Positioning</title>
<meta>Author: Jakob Rieke; Version v1.4.0; Deterministic: No</meta>
<configuration>
  Zoom = 40
  NumberOfSensors = 11
  NumberOfObstacles = 11
  FieldHeight = 9
  FieldWidth = 6
  PlayerSensorRange = 12
  PlayerSensorFOV = 56.3
  PlayerSize = 0.1555
  Optimizer = SPSO-2006
  </configuration>
<iteration i="0">
<sensors>[[5.50667853606865,3.12074930453673,353.19170803763], [7.54548769094981,1.44507129583508,184.832774698734], [0.112572808982804,5.64660465857014,327.044021962211], [4.89771866099909,5.51631747186184,86.0150631051511], [5.88759324769489,2.50312459375709,277.294228356332], [3.16856711916626,4.57616645749658,234.230592995882], [7.47024091333151,5.52503390656784,308.499241489917], [0.804883291013539,1.45488624321297,95.4594039358199], [0.28471700870432,1.11135621042922,352.945398604497], [5.96032431442291,2.08693634485826,74.6965979598463], [3.29136031586677,1.87728747725487,230.809090901166]]</sensors>
<obstacles>[[8.73639799654484, 5.5433566197753], [4.74255559989251, 4.92070626094937], [6.23851850931533, 1.05810953490436], [0.305568574927747, 3.58309545088559], [6.12716630869545, 4.91395786078647], [0.773790084756911, 3.08947513718158], [1.11510768416338, 4.17585412831977], [4.12954809120856, 4.45091717597097], [7.66422248119488, 2.1016945336014], [0.709801814518869, 2.61793822282925], [5.15414413344115, 4.79453903110698]]</obstacles>
<global-best>9.22008143406908</global-best>
</iteration>
<iteration i="600">
<sensors>[[0.128690172374943,1.96718254051316,0], [1.9921678162761,1.37908940703746,328.743509716301], [3.14490498571938,4.13474780965184,319.539680446909], [8.99135388582832,5.06594409883304,241.203468815396], [4.54628359199476,0.168639951216852,176.212666420807], [8.73619489939756,3.49670101381284,161.958203269485], [5.66609687557913,0.245055652331927,285.788208568811], [4.73746927680565,5.9812736355795,201.878964302619], [8.98298773358741,2.70942745589163,0], [6.03033086463106,1.28914925552425,152.405209521104], [2.78751121907626,5.61166597704507,0.00815898758299101]]</sensors>
<obstacles>[[8.73639799654484, 5.5433566197753], [4.74255559989251, 4.92070626094937], [6.23851850931533, 1.05810953490436], [0.305568574927747, 3.58309545088559], [6.12716630869545, 4.91395786078647], [0.773790084756911, 3.08947513718158], [1.11510768416338, 4.17585412831977], [4.12954809120856, 4.45091717597097], [7.66422248119488, 2.1016945336014], [0.709801814518869, 2.61793822282925], [5.15414413344115, 4.79453903110698]]</obstacles>
<global-best>0.837735138619002</global-best>
</iteration>
<iterations>600</iterations>
<elapsed-time>124080</elapsed-time>
<average-time>0</average-time>
</simulation>