<?xml version="1.0" encoding="UTF-8"?>
<simulation>
<software>charlie-simulation-framework; v1.0.0; Jakob Rieke</software>
<system>Unix; Unix 18.2.0.0; 18.2.0.0</system>
<datetime>7/10/2019 9:31:44 AM</datetime>
<title>Static Sensor Positioning</title>
<meta>Author: Jakob Rieke; Version v1.4.0; Deterministic: No</meta>
<configuration>
  Zoom = 40
  NumberOfSensors = 11
  NumberOfObstacles = 11
  FieldHeight = 9
  FieldWidth = 6
  PlayerSensorRange = 12
  PlayerSensorFOV = 56.3
  PlayerSize = 0.1555
  Optimizer = SPSO-2006
  </configuration>
<iteration i="0">
<sensors>[[2.41030897130258,0.673498813994229,243.328672125936], [8.44563534320332,1.96718613943085,101.764813391492], [2.91850101342425,0.31476781424135,11.5376431960613], [0.0754930735565722,4.66701756091788,13.2688555587083], [5.97588722454384,4.92195590073243,253.639003196731], [3.7915953816846,5.86786751775071,3.23791771195829], [4.54116294393316,2.74342062184587,140.335371717811], [7.22764307912439,1.74770591827109,190.33426752314], [4.20073575410061,5.38804293936118,79.0958890412003], [3.82177503383718,4.90256719943136,84.0820213034749], [5.84364255610853,5.37640634877607,51.4674949273467]]</sensors>
<obstacles>[[0.328345409827307, 2.69578613899648], [3.50499439565465, 1.01237950427458], [3.08445642027073, 2.6320799854584], [3.41687627322972, 3.00256865797564], [6.19989900360815, 3.85575313260779], [3.96290909405798, 2.41693395981565], [7.67357849562541, 4.84203574480489], [7.49926715902984, 2.13627111073583], [1.18404399929568, 0.0158847947604954], [6.85303807980381, 1.03317952528596], [0.982648388715461, 0.290140579920262]]</obstacles>
<global-best>8.60381820580748</global-best>
</iteration>
<iteration i="600">
<sensors>[[8.43433379033815,2.48908696456542,0.950219950710586], [3.41691771314732,0.0217774122494214,25.5060799676578], [0.00656646206182438,4.73842975825605,360], [5.16381951398111,5.99460320437067,202.542288126741], [8.8626705883946,2.23994018332861,205.436615790236], [3.91315374792043,2.72628717985812,336.712412865383], [3.23740742153026,1.24782357568847,108.01362873946], [1.35187901809993,3.55867415531071,270.271318959859], [7.38239264654915,3.12628996715212,182.121024569738], [3.00699071395418,1.89139541569857,35.4086391258663], [0.490770692710523,5.95256209874771,286.800966543807]]</sensors>
<obstacles>[[0.328345409827307, 2.69578613899648], [3.50499439565465, 1.01237950427458], [3.08445642027073, 2.6320799854584], [3.41687627322972, 3.00256865797564], [6.19989900360815, 3.85575313260779], [3.96290909405798, 2.41693395981565], [7.67357849562541, 4.84203574480489], [7.49926715902984, 2.13627111073583], [1.18404399929568, 0.0158847947604954], [6.85303807980381, 1.03317952528596], [0.982648388715461, 0.290140579920262]]</obstacles>
<global-best>0.657155147630861</global-best>
</iteration>
<iterations>600</iterations>
<elapsed-time>153028</elapsed-time>
<average-time>0</average-time>
</simulation>