<?xml version="1.0" encoding="UTF-8"?>
<simulation>
<software>charlie-simulation-framework; v1.0.0; Jakob Rieke</software>
<system>Unix; Unix 18.2.0.0; 18.2.0.0</system>
<datetime>7/10/2019 1:02:05 AM</datetime>
<title>Static Sensor Positioning</title>
<meta>Author: Jakob Rieke; Version v1.4.0; Deterministic: No</meta>
<configuration>
  Zoom = 40
  NumberOfSensors = 11
  NumberOfObstacles = 11
  FieldHeight = 9
  FieldWidth = 6
  PlayerSensorRange = 12
  PlayerSensorFOV = 56.3
  PlayerSize = 0.1555
  Optimizer = SPSO-2006
  </configuration>
<iteration i="0">
<sensors>[[0.45709037175402,3.60056203790009,58.3207439817488], [5.55462756729685,4.9367501148954,120.115052908659], [1.63559382827953,0.581812346354127,344.442219771445], [4.79165342962369,1.40886939642951,69.2656837776303], [7.94584420812316,0.275904695503414,249.304874623194], [2.89766224008054,5.69502538070083,341.244386164472], [7.43001224356703,0.172732669394463,108.825394269079], [8.14895113511011,3.18349129473791,4.02510875836015], [6.20506802480668,0.976984952576458,167.924847733229], [4.72336467518471,4.91678098635748,208.68459857069], [2.88147859764285,5.23957751132548,55.1719564106315]]</sensors>
<obstacles>[[2.88834281265736, 2.24269920447841], [6.45845620357431, 5.56419956171885], [3.91192264971323, 4.33452398423105], [8.75962138990872, 0.41900993976742], [6.01676224172115, 3.75174871506169], [5.64668738865294, 0.498395974282175], [1.77941235853359, 3.61730119865388], [5.79464216181077, 5.86977834580466], [0.11334770754911, 5.50269014993683], [8.53441229159944, 3.48577449889854], [8.73402304924093, 3.86229195026681]]</obstacles>
<global-best>8.28945445951119</global-best>
</iteration>
<iteration i="600">
<sensors>[[0.649887298989944,5.41834657846502,126.495347789203], [3.92979121820902,4.9486986785061,212.165661299653], [0.844322202424515,1.43530856699724,360], [5.14078220668694,2.46871920132593,139.396578377911], [8.03755742758502,0.0872652071879188,102.916782040412], [1.59639000237213,5.98716233296195,337.169803096209], [6.4164444073169,0.131465898675757,102.037233420883], [7.30358304718099,3.70409786965238,1.90119340180711], [7.06183712225448,1.59922455544637,191.526408211111], [6.99753095417174,5.99999869031949,268.866633142773], [0.51401866105919,2.7306634203677,1.08971684823882]]</sensors>
<obstacles>[[2.88834281265736, 2.24269920447841], [6.45845620357431, 5.56419956171885], [3.91192264971323, 4.33452398423105], [8.75962138990872, 0.41900993976742], [6.01676224172115, 3.75174871506169], [5.64668738865294, 0.498395974282175], [1.77941235853359, 3.61730119865388], [5.79464216181077, 5.86977834580466], [0.11334770754911, 5.50269014993683], [8.53441229159944, 3.48577449889854], [8.73402304924093, 3.86229195026681]]</obstacles>
<global-best>0.793661186215839</global-best>
</iteration>
<iterations>600</iterations>
<elapsed-time>152852</elapsed-time>
<average-time>0</average-time>
</simulation>