<?xml version="1.0" encoding="UTF-8"?>
<simulation>
<software>charlie-simulation-framework; v1.0.0; Jakob Rieke</software>
<system>Unix; Unix 18.2.0.0; 18.2.0.0</system>
<datetime>7/10/2019 8:14:28 AM</datetime>
<title>Static Sensor Positioning</title>
<meta>Author: Jakob Rieke; Version v1.4.0; Deterministic: No</meta>
<configuration>
  Zoom = 40
  NumberOfSensors = 11
  NumberOfObstacles = 11
  FieldHeight = 9
  FieldWidth = 6
  PlayerSensorRange = 12
  PlayerSensorFOV = 56.3
  PlayerSize = 0.1555
  Optimizer = SPSO-2006
  </configuration>
<iteration i="0">
<sensors>[[4.70272911270149,2.17877602949739,0.432558506727219], [8.52691024937667,0.574325387366116,184.260984566063], [3.72525638574734,0.0132786836475134,56.8825461063534], [0.297698816517368,1.7032132060267,271.420078380033], [4.45958590367809,4.01807680400088,208.440989032388], [7.01416827435605,1.00640714820474,299.036174397916], [1.35691045713611,4.97489505261183,344.42567858845], [2.62923730211332,5.91348505346105,336.309708980843], [5.28830430563539,3.39569593593478,182.871125461534], [2.982471736148,5.3523001014255,54.4764627143741], [7.04981327522546,0.277607716619968,358.144818367437]]</sensors>
<obstacles>[[6.66615146188997, 3.59275144664571], [5.32706686318852, 4.04666266450658], [5.11976165673696, 1.78318592486903], [6.88255271804519, 1.7537693255581], [0.972404540050775, 4.86630939692259], [8.14434738317505, 5.28714542230591], [3.00573926861398, 0.19493668153882], [8.09413137403317, 3.80082643590868], [1.73161213751882, 0.881099831778556], [1.22345117968507, 1.06166309583932], [6.52021770598367, 0.368843114934862]]</obstacles>
<global-best>6.94141494056236</global-best>
</iteration>
<iteration i="600">
<sensors>[[0.815857315961236,1.98247248182612,273.384607407075], [2.28666565722891,1.54279258320614,5.8998747024935], [6.23055829657009,2.12377820198072,163.027285901252], [3.52227486653054,0.772524877327502,242.205936914382], [5.36971744867528,5.98951549224153,244.384111714031], [6.32657567605529,5.99892178783951,0], [1.26540358872717,5.99919810455308,338.747349418509], [0.0451852760346011,4.91588948152284,317.415426070736], [3.80869103946157,0.40750302582971,278.338704002564], [7.836787814778,5.02052661954157,196.380132916602], [5.75948541248515,0.00263357295422625,68.1641156766833]]</sensors>
<obstacles>[[6.66615146188997, 3.59275144664571], [5.32706686318852, 4.04666266450658], [5.11976165673696, 1.78318592486903], [6.88255271804519, 1.7537693255581], [0.972404540050775, 4.86630939692259], [8.14434738317505, 5.28714542230591], [3.00573926861398, 0.19493668153882], [8.09413137403317, 3.80082643590868], [1.73161213751882, 0.881099831778556], [1.22345117968507, 1.06166309583932], [6.52021770598367, 0.368843114934862]]</obstacles>
<global-best>0.925160219784887</global-best>
</iteration>
<iterations>600</iterations>
<elapsed-time>140785</elapsed-time>
<average-time>0</average-time>
</simulation>