<?xml version="1.0" encoding="UTF-8"?>
<simulation>
<software>charlie-simulation-framework; v1.0.0; Jakob Rieke</software>
<system>Unix; Unix 18.2.0.0; 18.2.0.0</system>
<datetime>7/10/2019 9:08:17 AM</datetime>
<title>Static Sensor Positioning</title>
<meta>Author: Jakob Rieke; Version v1.4.0; Deterministic: No</meta>
<configuration>
  Zoom = 40
  NumberOfSensors = 11
  NumberOfObstacles = 11
  FieldHeight = 9
  FieldWidth = 6
  PlayerSensorRange = 12
  PlayerSensorFOV = 56.3
  PlayerSize = 0.1555
  Optimizer = SPSO-2006
  </configuration>
<iteration i="0">
<sensors>[[3.66422182903625,0.692784901242703,169.474094007164], [7.77340918988921,4.92782846046612,271.927503459156], [2.53034400637262,1.98708129907027,135.469863926992], [1.64111328218132,2.14202593406662,77.3282537050545], [3.26018720492721,2.0872250427492,312.707006586716], [7.08201452088542,2.59763299254701,178.666924601421], [6.25082334224135,5.62320431135595,254.650529343635], [5.14546777610667,3.95511729922146,344.622466061264], [5.99112439504825,4.74405732331797,234.711953792721], [4.65678793913685,2.67939882399514,31.7837376147509], [3.15819876361638,1.5635361308232,305.53827024065]]</sensors>
<obstacles>[[5.69192951568402, 2.75022985506803], [8.01007608999498, 4.2805621996522], [0.462604890810326, 1.26022624829784], [7.77892104559578, 2.66242266772315], [6.37224971037358, 1.08698330959305], [4.42428887751885, 4.31667364295572], [5.37385267275386, 4.98586376197636], [8.97871109331027, 4.32254969794303], [8.73646153556183, 3.46948695089668], [6.34407856757753, 3.08752875309438], [0.241518938681111, 4.58516093948856]]</obstacles>
<global-best>9.7713564478956</global-best>
</iteration>
<iteration i="600">
<sensors>[[1.45256337805116,4.49899372634493,235.975702089778], [8.00109575767267,4.76124830040694,205.101085040056], [0.000767684882938057,5.80881842458618,334.531203606631], [8.99999979303858,0.241725880039964,164.175459110684], [8.99489535234359,1.0518180070726,145.269195377031], [5.81112018536496,3.69367003772447,286.878902689258], [8.27332729047724,5.98624970709815,195.942672768433], [6.27365962692607,3.85866481225633,353.221645034547], [3.6682233573732,3.72077375650891,360], [0.000150171636184704,2.90804844357076,360], [0.144712121851765,0.433254908207833,0]]</sensors>
<obstacles>[[5.69192951568402, 2.75022985506803], [8.01007608999498, 4.2805621996522], [0.462604890810326, 1.26022624829784], [7.77892104559578, 2.66242266772315], [6.37224971037358, 1.08698330959305], [4.42428887751885, 4.31667364295572], [5.37385267275386, 4.98586376197636], [8.97871109331027, 4.32254969794303], [8.73646153556183, 3.46948695089668], [6.34407856757753, 3.08752875309438], [0.241518938681111, 4.58516093948856]]</obstacles>
<global-best>0.574398770996391</global-best>
</iteration>
<iterations>600</iterations>
<elapsed-time>164998</elapsed-time>
<average-time>0</average-time>
</simulation>