<?xml version="1.0" encoding="UTF-8"?>
<simulation>
<software>charlie-simulation-framework; v1.0.0; Jakob Rieke</software>
<system>Unix; Unix 18.2.0.0; 18.2.0.0</system>
<datetime>7/10/2019 9:54:38 AM</datetime>
<title>Static Sensor Positioning</title>
<meta>Author: Jakob Rieke; Version v1.4.0; Deterministic: No</meta>
<configuration>
  Zoom = 40
  NumberOfSensors = 11
  NumberOfObstacles = 11
  FieldHeight = 9
  FieldWidth = 6
  PlayerSensorRange = 12
  PlayerSensorFOV = 56.3
  PlayerSize = 0.1555
  Optimizer = SPSO-2006
  </configuration>
<iteration i="0">
<sensors>[[5.47639397392049,5.95090812072158,1.50519652292132], [3.46470850263722,0.1776312883012,99.3172738607973], [1.64911733963527,1.74089776072651,156.742969974875], [4.13999152346514,0.616802577394992,64.7462794370949], [0.725658072391525,5.73970388341695,337.038054037839], [8.35770272067748,3.54419635841623,77.1706312615424], [5.39278226648457,4.43197116209194,139.059122353792], [0.242076970171183,5.59342653723434,296.14173383452], [3.53622805327177,1.93585424730554,138.499053055421], [0.809551522834226,2.88637463841587,42.1297946199775], [8.29807917983271,1.90627790708095,196.380374422297]]</sensors>
<obstacles>[[7.22207059920765, 0.908116291277111], [2.81330955144949, 2.36325618624687], [6.71575294760987, 0.516777933575213], [7.61442981055006, 4.90970036108047], [4.9485012490768, 3.1098155239597], [8.82360789575614, 4.5283281491138], [8.22809487953782, 1.2375560500659], [3.57148806075566, 5.52854155981913], [8.18238528538495, 5.65120792854577], [7.15844418201596, 5.20853154268116], [7.19045488396659, 2.1288210041821]]</obstacles>
<global-best>3.87859416035032</global-best>
</iteration>
<iteration i="600">
<sensors>[[3.38766968018052,2.92575633458626,0], [2.8801177882999,4.12542940544017,227.922838566727], [1.15006557161878,5.99985764858732,283.546071028603], [4.8958890038071,0.581240058189445,78.3969430466537], [0.691691098033762,1.08280685558274,93.6110471445306], [0.556898863078985,0.672692913223955,22.5403626536089], [2.03040244184423,5.99999445949431,311.242311201641], [3.29337371779451E-05,4.6749630204799,0.870304823536649], [8.19941315987962,4.31364419228712,258.778202118917], [3.62562768961474,5.99979302045557,85.5683596386406], [1.20034700305334,1.94828964208038,210.766568124552]]</sensors>
<obstacles>[[7.22207059920765, 0.908116291277111], [2.81330955144949, 2.36325618624687], [6.71575294760987, 0.516777933575213], [7.61442981055006, 4.90970036108047], [4.9485012490768, 3.1098155239597], [8.82360789575614, 4.5283281491138], [8.22809487953782, 1.2375560500659], [3.57148806075566, 5.52854155981913], [8.18238528538495, 5.65120792854577], [7.15844418201596, 5.20853154268116], [7.19045488396659, 2.1288210041821]]</obstacles>
<global-best>1.21559468006364</global-best>
</iteration>
<iterations>600</iterations>
<elapsed-time>138569</elapsed-time>
<average-time>0</average-time>
</simulation>