<?xml version="1.0" encoding="UTF-8"?>
<simulation>
<software>charlie-simulation-framework; v1.0.0; Jakob Rieke</software>
<system>Unix; Unix 18.2.0.0; 18.2.0.0</system>
<datetime>7/10/2019 9:47:23 AM</datetime>
<title>Static Sensor Positioning</title>
<meta>Author: Jakob Rieke; Version v1.4.0; Deterministic: No</meta>
<configuration>
  Zoom = 40
  NumberOfSensors = 11
  NumberOfObstacles = 11
  FieldHeight = 9
  FieldWidth = 6
  PlayerSensorRange = 12
  PlayerSensorFOV = 56.3
  PlayerSize = 0.1555
  Optimizer = SPSO-2006
  </configuration>
<iteration i="0">
<sensors>[[3.87282403861173,2.68994726613164,146.428378634155], [1.78012089757249,0.0491214632056654,88.7741736508906], [4.44362481334247,5.69341856148094,359.160310328007], [6.90840013534762,0.918502799235284,151.708546215668], [5.28831729968078,0.0459330207668245,66.5075813233852], [1.35424848413095,3.539976447355,350.493328236043], [7.84062676643953,2.3291781283915,264.009831491858], [3.86931502399966,5.38224241370335,351.473195934668], [4.09630717732944,3.98512034397572,237.312282510102], [1.87792619294487,5.98931527649984,189.407070782036], [7.50914481072687,4.07466042833403,93.9015732519329]]</sensors>
<obstacles>[[2.94361388473772, 2.22776534082368], [8.72447001188993, 5.68999255076051], [2.4202059621457, 1.19948732061312], [8.70338518777862, 4.69552953355014], [8.51646426692605, 1.97609416628256], [6.24018459278159, 4.23038398940116], [8.84327352326363, 2.75760720809922], [6.31176307238638, 2.00734104355797], [4.01248642941937, 1.6778395967558], [2.05034746276215, 5.35606804769486], [3.06029894552194, 4.73414138238877]]</obstacles>
<global-best>6.26951835394943</global-best>
</iteration>
<iteration i="600">
<sensors>[[3.83747663139958,0.00680415056608118,143.796818443665], [0.0758981172151452,5.93525746948266,186.598236689144], [8.81554184354519,4.08431096442494,225.808677543282], [0.183731819170941,1.96284724119426,45.764220964884], [5.38557965566737,5.99743378249018,252.593701961734], [0.387665025775605,3.17877258753297,359.985899014492], [6.47746886561413,0.590517583643353,342.991801669956], [6.13934066966219,3.52518360762927,145.087905111451], [0.558723876599453,5.99809155765627,263.020224824503], [2.45854504609663,0.0654856210971446,23.1581950931768], [8.9925427386752,5.29563820370178,191.031949816659]]</sensors>
<obstacles>[[2.94361388473772, 2.22776534082368], [8.72447001188993, 5.68999255076051], [2.4202059621457, 1.19948732061312], [8.70338518777862, 4.69552953355014], [8.51646426692605, 1.97609416628256], [6.24018459278159, 4.23038398940116], [8.84327352326363, 2.75760720809922], [6.31176307238638, 2.00734104355797], [4.01248642941937, 1.6778395967558], [2.05034746276215, 5.35606804769486], [3.06029894552194, 4.73414138238877]]</obstacles>
<global-best>0.564646247694208</global-best>
</iteration>
<iterations>600</iterations>
<elapsed-time>143576</elapsed-time>
<average-time>0</average-time>
</simulation>