<?xml version="1.0" encoding="UTF-8"?>
<simulation>
<software>charlie-simulation-framework; v1.0.0; Jakob Rieke</software>
<system>Unix; Unix 18.2.0.0; 18.2.0.0</system>
<datetime>7/10/2019 7:13:34 AM</datetime>
<title>Static Sensor Positioning</title>
<meta>Author: Jakob Rieke; Version v1.4.0; Deterministic: No</meta>
<configuration>
  Zoom = 40
  NumberOfSensors = 11
  NumberOfObstacles = 11
  FieldHeight = 9
  FieldWidth = 6
  PlayerSensorRange = 12
  PlayerSensorFOV = 56.3
  PlayerSize = 0.1555
  Optimizer = SPSO-2006
  </configuration>
<iteration i="0">
<sensors>[[4.02551832748577,3.7873952658847,121.543641770259], [3.77696445537731,1.04365674220026,118.316634446383], [6.73328141402453,2.92136488063261,324.303538687527], [4.95188504015096,1.06001894082874,83.7869555130601], [7.82637284346856,4.84672215068713,10.5990823544562], [2.02818541112356,1.01844162074849,266.868798499927], [7.69427649280988,3.51958704181015,172.591494536027], [8.56787386955693,3.56387818884104,27.0812585949898], [0.0258275542873889,4.33378790924326,300.048995381221], [8.31087987986393,1.11869558785111,87.4777808133513], [3.16378193674609,1.90373608795926,354.038080936298]]</sensors>
<obstacles>[[3.16505032405257, 3.79351638955995], [1.28783095814288, 3.88732900517061], [5.45980983157642, 4.97054428886622], [3.59542869147845, 3.71536044264212], [7.49968022131361, 0.952880707103759], [7.61326134181581, 1.73645840026438], [6.41494894819334, 2.53366126818582], [4.69377089710906, 1.8291812078096], [1.43467063643038, 4.4922856609337], [6.27594472328201, 4.03507413994521], [4.45860062981956, 4.83965872507542]]</obstacles>
<global-best>10.2756007050414</global-best>
</iteration>
<iteration i="600">
<sensors>[[4.93551098548574,5.5620924585601,356.633948232875], [5.22025368719206,0.0051617733147959,156.273586838272], [8.94102484473243,2.88037360676892,197.295549229079], [5.77245407221022,2.18060624865459,108.180435220738], [4.97040071529906,5.9946668348504,193.924256176073], [3.17966140878498,4.88254895530784,0], [4.46323756725339,3.02640239840917,316.769833708925], [0.219098188055167,1.83985366802909,359.525902568751], [3.03254822386952,3.35098355512962,25.7956390562507], [0.612377181855022,5.99991861842052,330.513197795341], [3.21569479106759,0.921554495314957,127.851513182371]]</sensors>
<obstacles>[[3.16505032405257, 3.79351638955995], [1.28783095814288, 3.88732900517061], [5.45980983157642, 4.97054428886622], [3.59542869147845, 3.71536044264212], [7.49968022131361, 0.952880707103759], [7.61326134181581, 1.73645840026438], [6.41494894819334, 2.53366126818582], [4.69377089710906, 1.8291812078096], [1.43467063643038, 4.4922856609337], [6.27594472328201, 4.03507413994521], [4.45860062981956, 4.83965872507542]]</obstacles>
<global-best>0.864258519300755</global-best>
</iteration>
<iterations>600</iterations>
<elapsed-time>145357</elapsed-time>
<average-time>0</average-time>
</simulation>