<?xml version="1.0" encoding="UTF-8"?>
<simulation>
<software>charlie-simulation-framework; v1.0.0; Jakob Rieke</software>
<system>Unix; Unix 18.2.0.0; 18.2.0.0</system>
<datetime>7/10/2019 9:39:41 AM</datetime>
<title>Static Sensor Positioning</title>
<meta>Author: Jakob Rieke; Version v1.4.0; Deterministic: No</meta>
<configuration>
  Zoom = 40
  NumberOfSensors = 11
  NumberOfObstacles = 11
  FieldHeight = 9
  FieldWidth = 6
  PlayerSensorRange = 12
  PlayerSensorFOV = 56.3
  PlayerSize = 0.1555
  Optimizer = SPSO-2006
  </configuration>
<iteration i="0">
<sensors>[[5.95192892476916,5.9488397478126,343.130514957011], [0.0231137999799103,4.21317602321506,1.01920824497938], [8.30544946691953,1.87407488794997,352.016350217164], [2.90749258850701,4.4427963453345,151.883631516248], [4.09975361265242,5.43138374621049,208.386730458587], [6.37684615957551,1.58472346281633,335.214156517759], [0.695872290059924,5.48701299447566,5.00988783314824], [6.06141838571057,1.49946101848036,220.036607086658], [4.50885560014285,5.55983145721257,175.377083681524], [6.54918867303059,2.21675048209727,114.168515140191], [0.0229591748211533,3.2018086113967,324.531463254243]]</sensors>
<obstacles>[[1.0589465838857, 3.51795422052965], [8.73270235885866, 0.302696860861033], [1.3795329707209, 4.31230464857072], [0.605753950076178, 2.08756980579346], [5.65706691937521, 0.686115264426917], [4.9330877547618, 1.34293059026822], [1.47150380560197, 5.83039358211681], [1.83677566470578, 1.3381466162391], [1.84102122229524, 2.88646882027388], [6.44092919141985, 5.29437315976247], [4.79926891881041, 1.99315945710987]]</obstacles>
<global-best>7.20187344004262</global-best>
</iteration>
<iteration i="600">
<sensors>[[1.51358642805314,1.88854194667211,29.5730783456479], [8.15175099052142,0.00368356606058349,164.641645016724], [6.00049331449437,5.77803675213467,340.304484101572], [8.9973741829443,3.44815873038828,149.263300712686], [0.0277264425585677,2.26804575071245,70.0025010909771], [3.82898374486226,1.32305140453163,132.824709875899], [1.62489187072021,0.00124611818119936,109.979618455901], [8.97706518349513,2.72989554005639,199.109484585563], [5.25402085832778,3.72103478249624,233.091514866808], [2.06176665100799,5.70258440308406,276.927570660517], [6.09829220876126,4.95736318930936,301.548705312582]]</sensors>
<obstacles>[[1.0589465838857, 3.51795422052965], [8.73270235885866, 0.302696860861033], [1.3795329707209, 4.31230464857072], [0.605753950076178, 2.08756980579346], [5.65706691937521, 0.686115264426917], [4.9330877547618, 1.34293059026822], [1.47150380560197, 5.83039358211681], [1.83677566470578, 1.3381466162391], [1.84102122229524, 2.88646882027388], [6.44092919141985, 5.29437315976247], [4.79926891881041, 1.99315945710987]]</obstacles>
<global-best>0.525330578375642</global-best>
</iteration>
<iterations>600</iterations>
<elapsed-time>169084</elapsed-time>
<average-time>0</average-time>
</simulation>