<?xml version="1.0" encoding="UTF-8"?>
<simulation>
<software>charlie-simulation-framework; v1.0.0; Jakob Rieke</software>
<system>Unix; Unix 18.2.0.0; 18.2.0.0</system>
<datetime>7/10/2019 9:16:27 AM</datetime>
<title>Static Sensor Positioning</title>
<meta>Author: Jakob Rieke; Version v1.4.0; Deterministic: No</meta>
<configuration>
  Zoom = 40
  NumberOfSensors = 11
  NumberOfObstacles = 11
  FieldHeight = 9
  FieldWidth = 6
  PlayerSensorRange = 12
  PlayerSensorFOV = 56.3
  PlayerSize = 0.1555
  Optimizer = SPSO-2006
  </configuration>
<iteration i="0">
<sensors>[[5.65421619429253,2.39360552513972,325.039482191205], [0.0264157962519675,5.19932966027409,270.109604028985], [3.55623153434135,2.85036924015731,110.762494001538], [5.91087922244333,0.747827676124871,100.726802609861], [1.16071955370717,0.00411434238776565,19.3957869708538], [6.26770858769305,3.34804231161252,175.444718431681], [7.09421748225577,1.08252936741337,195.528411213309], [8.81283808895387,0.041391325648874,181.164751444012], [1.12574345595203,5.49905364587903,330.744602289051], [5.29633550997823,1.85794437630102,20.9880506806076], [6.35898454394192,4.53913156455383,123.73167347163]]</sensors>
<obstacles>[[2.088983702939, 5.86267662327737], [6.21123693580739, 5.01011884678155], [8.7747270797845, 4.13191431295127], [0.648336583049968, 0.440981748048216], [1.66312428144738, 2.42405304126441], [8.21385102951899, 4.75420962972566], [5.16054203594103, 3.47242701519281], [3.98659645719454, 4.92085371678695], [2.63303616503254, 1.19515280239284], [7.18579229526222, 3.9718315852806], [8.9896457826253, 3.46187397418544]]</obstacles>
<global-best>5.97782771018827</global-best>
</iteration>
<iteration i="600">
<sensors>[[8.18897601367266,3.95718916605597,194.829541305187], [5.96515692026886,0.000978899071292455,36.0749877850287], [0.029990318135317,5.01508547737173,2.98347366550528], [4.06439103358738,0.766304813521508,33.1280869534348], [8.39264325207767,2.63324124697497,82.1090110639251], [7.19956561070173,1.65471198267531,148.554749318857], [3.70742165599894,0.0034962523785834,336.612875698657], [0.62842243363566,5.99603912307093,287.184691514129], [0.0282875510091737,2.67848427143699,356.74780498919], [4.31855952901597,4.95223461588392,247.562388331792], [8.95671423555466,5.75796980317812,202.483561148945]]</sensors>
<obstacles>[[2.088983702939, 5.86267662327737], [6.21123693580739, 5.01011884678155], [8.7747270797845, 4.13191431295127], [0.648336583049968, 0.440981748048216], [1.66312428144738, 2.42405304126441], [8.21385102951899, 4.75420962972566], [5.16054203594103, 3.47242701519281], [3.98659645719454, 4.92085371678695], [2.63303616503254, 1.19515280239284], [7.18579229526222, 3.9718315852806], [8.9896457826253, 3.46187397418544]]</obstacles>
<global-best>0.387615707117554</global-best>
</iteration>
<iterations>600</iterations>
<elapsed-time>151433</elapsed-time>
<average-time>0</average-time>
</simulation>