<?xml version="1.0" encoding="UTF-8"?>
<simulation>
<software>charlie-simulation-framework; v1.0.0; Jakob Rieke</software>
<system>Unix; Unix 18.2.0.0; 18.2.0.0</system>
<datetime>7/10/2019 7:32:45 AM</datetime>
<title>Static Sensor Positioning</title>
<meta>Author: Jakob Rieke; Version v1.4.0; Deterministic: No</meta>
<configuration>
  Zoom = 40
  NumberOfSensors = 11
  NumberOfObstacles = 11
  FieldHeight = 9
  FieldWidth = 6
  PlayerSensorRange = 12
  PlayerSensorFOV = 56.3
  PlayerSize = 0.1555
  Optimizer = SPSO-2006
  </configuration>
<iteration i="0">
<sensors>[[0.210392986424267,4.37112803198397,28.3772325050086], [0.777603169670329,0.081734758336097,145.404616920277], [7.19712696271017,1.51527866022661,88.1911997962743], [0.435585232917219,0.970246166456491,30.3145911544561], [5.09870056807995,4.16697299480438,76.828312240541], [3.58184990566224,0.163055132143199,189.645954351872], [2.83450650027953,0.544623544905335,119.538306053728], [5.28436277643777,1.8317665415816,167.533141449094], [7.32180705782957,3.65005545923486,274.514048304409], [3.12691786978394,4.88647659821436,150.693950699642], [3.63801701366901,5.27408553566784,317.15980136767]]</sensors>
<obstacles>[[5.45428724703379, 4.87948402203619], [8.69535528682172, 3.37244747160003], [8.8942586495541, 4.51587183494121], [7.51820264733396, 5.97925399197266], [7.78767346031964, 1.05289365118369], [2.42385776247829, 1.74494536640123], [4.92976872436702, 1.1363941244781], [7.23608095035888, 2.76949789887294], [2.28645978472196, 4.71825771220028], [5.82276750169694, 4.58639578521252], [3.78280128794722, 3.11087281722575]]</obstacles>
<global-best>7.68982549828</global-best>
</iteration>
<iteration i="600">
<sensors>[[5.94247823033016,2.60035296308164,83.3682429471193], [4.42217895018102,3.99330636112059,115.100946636395], [6.76217037730167,0.187846430133587,161.083474141135], [8.97440376207772,1.04083623785952,143.770111947045], [2.96489833696149,1.58270529012555,11.7797082285717], [3.80092896637938E-06,2.40438538377613,2.00333193304384], [8.7108123160945E-06,5.82477809005982,160.323789535443], [0.157937968568033,3.63338594963174,193.448182853949], [0.811697777828881,3.64548739571892,353.388499481365], [7.47744889869135,5.66676537795953,199.962021899241], [8.30516567909951,4.58120972144085,257.681039060389]]</sensors>
<obstacles>[[5.45428724703379, 4.87948402203619], [8.69535528682172, 3.37244747160003], [8.8942586495541, 4.51587183494121], [7.51820264733396, 5.97925399197266], [7.78767346031964, 1.05289365118369], [2.42385776247829, 1.74494536640123], [4.92976872436702, 1.1363941244781], [7.23608095035888, 2.76949789887294], [2.28645978472196, 4.71825771220028], [5.82276750169694, 4.58639578521252], [3.78280128794722, 3.11087281722575]]</obstacles>
<global-best>0.787950597201716</global-best>
</iteration>
<iterations>600</iterations>
<elapsed-time>137432</elapsed-time>
<average-time>0</average-time>
</simulation>