<?xml version="1.0" encoding="UTF-8"?>
<simulation>
<software>charlie-simulation-framework; v1.0.0; Jakob Rieke</software>
<system>Unix; Unix 18.2.0.0; 18.2.0.0</system>
<datetime>7/10/2019 7:28:01 AM</datetime>
<title>Static Sensor Positioning</title>
<meta>Author: Jakob Rieke; Version v1.4.0; Deterministic: No</meta>
<configuration>
  Zoom = 40
  NumberOfSensors = 11
  NumberOfObstacles = 11
  FieldHeight = 9
  FieldWidth = 6
  PlayerSensorRange = 12
  PlayerSensorFOV = 56.3
  PlayerSize = 0.1555
  Optimizer = SPSO-2006
  </configuration>
<iteration i="0">
<sensors>[[3.02067000302486,0.165560241322964,145.688907606527], [1.11201722407714,3.48373743100092,329.399651577696], [2.63638138468377,0.171056401915848,287.624451862648], [2.28652120311745,5.38603065814823,341.597059099004], [6.27629364305176,5.7780798166059,288.737879656255], [2.9295379514806,4.29467592760921,256.643402762711], [2.73646297864616,3.90399608574808,162.384341089055], [8.78841065405868,1.39685196010396,154.574027890339], [1.74904384533875,1.14063991047442,172.484834818169], [0.49905869923532,3.42572147492319,243.040916277096], [6.90352433407679,3.56330074137077,322.194971619174]]</sensors>
<obstacles>[[5.28328066226095, 3.86882697092369], [3.97756291343831, 4.71867024572566], [0.746369757223874, 2.17385276919231], [0.0925680580548942, 1.09830882400274], [5.33635890064761, 2.89731690008193], [6.46951768593863, 1.48127379454672], [3.4804153572768, 2.68129756115377], [1.66452019731514, 3.86523042200133], [5.2547997306101, 1.95349699258804], [3.46341823646799, 3.99551343871281], [7.08216204447672, 5.69975092867389]]</obstacles>
<global-best>7.09123634686777</global-best>
</iteration>
<iteration i="600">
<sensors>[[0.787188751690403,5.99789511913946,264.351814969112], [1.51032829916442,4.65742818045349,8.47353687038682], [7.77872723282017,5.99715711444771,232.846032304284], [3.1675436854521,4.94926771772499,252.636614932459], [5.11965750148448,1.33832287125768,0], [1.62666782880692,2.64649280597796,329.597597686067], [4.0092650431615,5.96030465138242,333.137929778694], [8.99782211824119,3.1444517676547,189.165981468061], [4.2546614646954,4.11367581219055,1.21622062991864], [8.98115687315511,4.93628866594318,186.403047368502], [2.12992796353115,0.68786724023633,47.7449832237948]]</sensors>
<obstacles>[[5.28328066226095, 3.86882697092369], [3.97756291343831, 4.71867024572566], [0.746369757223874, 2.17385276919231], [0.0925680580548942, 1.09830882400274], [5.33635890064761, 2.89731690008193], [6.46951768593863, 1.48127379454672], [3.4804153572768, 2.68129756115377], [1.66452019731514, 3.86523042200133], [5.2547997306101, 1.95349699258804], [3.46341823646799, 3.99551343871281], [7.08216204447672, 5.69975092867389]]</obstacles>
<global-best>0.775413424158548</global-best>
</iteration>
<iterations>600</iterations>
<elapsed-time>138700</elapsed-time>
<average-time>0</average-time>
</simulation>