<?xml version="1.0" encoding="UTF-8"?>
<simulation>
<software>charlie-simulation-framework; v1.0.0; Jakob Rieke</software>
<system>Unix; Unix 18.2.0.0; 18.2.0.0</system>
<datetime>7/10/2019 9:37:04 AM</datetime>
<title>Static Sensor Positioning</title>
<meta>Author: Jakob Rieke; Version v1.4.0; Deterministic: No</meta>
<configuration>
  Zoom = 40
  NumberOfSensors = 11
  NumberOfObstacles = 11
  FieldHeight = 9
  FieldWidth = 6
  PlayerSensorRange = 12
  PlayerSensorFOV = 56.3
  PlayerSize = 0.1555
  Optimizer = SPSO-2006
  </configuration>
<iteration i="0">
<sensors>[[6.31245419802144,3.36362020438537,186.604756219313], [1.60492373211309,0.230380309280008,285.773170916364], [4.93775124452077,0.0986561584286392,66.9275716692209], [0.467907230369747,1.3756464435719,81.6762732714415], [7.61477963556536,4.39493332989514,302.068446725607], [6.92067575943656,0.173489560838789,153.809956228361], [8.6512405613903,5.34032770805061,225.04094325006], [6.42311857757159,0.553882509469986,168.694140901789], [2.77709960192442,4.4120215899311,314.549612598494], [6.80516393040307,4.78441176982597,41.4308838732541], [4.09306153468788,2.39001648500562,142.567405728623]]</sensors>
<obstacles>[[8.03128942544572, 4.83237479254603], [2.10124636022374, 3.45345937740058], [2.05257951118983, 4.04633695073426], [0.596334187081084, 4.48048402229324], [5.06895960378461, 3.17630197294056], [1.69655723730102, 1.37146238051355], [6.82436289754696, 1.92811947036535], [1.26770732039586, 1.16896099224687], [4.25154877686873, 1.81410496775061], [6.14226743881591, 1.83554659970105], [3.56517570395954, 0.825878407806158]]</obstacles>
<global-best>7.07659616564095</global-best>
</iteration>
<iteration i="600">
<sensors>[[4.27831971631533,4.67498966041384,26.374378886196], [7.14391612657915,5.99444167092544,260.708178375096], [6.08891145689166,4.19671609898153,14.7626317145076], [3.34574798857057,0.3535374751881,21.1107908058663], [0.198696160538712,3.74438210363221,0], [2.09654268868509,5.99165474534718,277.36118582486], [0.0248158595965275,2.18152410560317,359.899235127485], [3.9744839752745,4.74151087823949,224.925257424906], [6.98856105882626,0.45686757405711,175.720683218024], [6.1897397860026,3.27062737774287,183.825933283884], [6.12049841974241,4.5061085351374,164.480052498039]]</sensors>
<obstacles>[[8.03128942544572, 4.83237479254603], [2.10124636022374, 3.45345937740058], [2.05257951118983, 4.04633695073426], [0.596334187081084, 4.48048402229324], [5.06895960378461, 3.17630197294056], [1.69655723730102, 1.37146238051355], [6.82436289754696, 1.92811947036535], [1.26770732039586, 1.16896099224687], [4.25154877686873, 1.81410496775061], [6.14226743881591, 1.83554659970105], [3.56517570395954, 0.825878407806158]]</obstacles>
<global-best>0.837096441264508</global-best>
</iteration>
<iterations>600</iterations>
<elapsed-time>156288</elapsed-time>
<average-time>0</average-time>
</simulation>