<?xml version="1.0" encoding="UTF-8"?>
<simulation>
<software>charlie-simulation-framework; v1.0.0; Jakob Rieke</software>
<system>Unix; Unix 18.2.0.0; 18.2.0.0</system>
<datetime>7/10/2019 8:47:44 AM</datetime>
<title>Static Sensor Positioning</title>
<meta>Author: Jakob Rieke; Version v1.4.0; Deterministic: No</meta>
<configuration>
  Zoom = 40
  NumberOfSensors = 11
  NumberOfObstacles = 11
  FieldHeight = 9
  FieldWidth = 6
  PlayerSensorRange = 12
  PlayerSensorFOV = 56.3
  PlayerSize = 0.1555
  Optimizer = SPSO-2006
  </configuration>
<iteration i="0">
<sensors>[[7.70825649308972,5.76683867862448,316.305140526965], [4.15027038543485,5.45183178177103,0.184733038768172], [6.88588678976521,2.66823569638655,83.0275799799711], [5.91241314425133,0.809603815432638,111.194011056796], [3.91292695258744,0.0501897619105875,1.85143936425447], [5.03481389698572,5.15967800142244,225.499407956377], [3.38046790519729,0.174290501978248,265.170194758102], [4.52619716059417,2.55706177605316,144.838665453717], [4.30541281867772,1.40025343280286,180.944105219096], [4.69765426008962,2.28976828744635,250.787430787459], [4.8714527268894,4.42513768002391,252.218345627189]]</sensors>
<obstacles>[[7.55273069255054, 4.38685998693109], [1.89107383252122, 0.764971509575844], [3.60831618611701, 4.24569004587829], [8.38392403163016, 4.53378975531086], [0.136567410780117, 3.70857963524759], [2.69734136131592, 5.13050223235041], [6.1904243035242, 5.91642517363653], [1.96922550327145, 5.60622581932694], [7.59373683412559, 4.70431521395221], [4.7207724165637, 1.85898478841409], [7.22658164938912, 5.53361492883414]]</obstacles>
<global-best>10.1290616823694</global-best>
</iteration>
<iteration i="600">
<sensors>[[3.41738066276713,5.21304053301816,222.847181819809], [4.32031241065202,2.81488474598279,250.87968956673], [7.73307076315244,0.0450373918910142,156.960603018731], [5.07100405848776,5.99792683278725,305.890341869691], [8.88846137900087,0.245029011328198,125.577431867793], [3.89339801045277,5.99998684838132,323.812849396774], [4.09302973321112,0.573239679551246,30.4786278174981], [1.32083310827438,2.78204126667497,12.8446644338366], [3.00210468448333,2.49704196886136,2.20481581349705], [0.00259275655178287,5.98876903783849,357.444889956262], [8.71773693507205,1.86419375791189,170.036652909069]]</sensors>
<obstacles>[[7.55273069255054, 4.38685998693109], [1.89107383252122, 0.764971509575844], [3.60831618611701, 4.24569004587829], [8.38392403163016, 4.53378975531086], [0.136567410780117, 3.70857963524759], [2.69734136131592, 5.13050223235041], [6.1904243035242, 5.91642517363653], [1.96922550327145, 5.60622581932694], [7.59373683412559, 4.70431521395221], [4.7207724165637, 1.85898478841409], [7.22658164938912, 5.53361492883414]]</obstacles>
<global-best>0.730733549010695</global-best>
</iteration>
<iterations>600</iterations>
<elapsed-time>187548</elapsed-time>
<average-time>0</average-time>
</simulation>