<?xml version="1.0" encoding="UTF-8"?>
<simulation>
<software>charlie-simulation-framework; v1.0.0; Jakob Rieke</software>
<system>Unix; Unix 18.2.0.0; 18.2.0.0</system>
<datetime>7/10/2019 7:11:16 AM</datetime>
<title>Static Sensor Positioning</title>
<meta>Author: Jakob Rieke; Version v1.4.0; Deterministic: No</meta>
<configuration>
  Zoom = 40
  NumberOfSensors = 11
  NumberOfObstacles = 11
  FieldHeight = 9
  FieldWidth = 6
  PlayerSensorRange = 12
  PlayerSensorFOV = 56.3
  PlayerSize = 0.1555
  Optimizer = SPSO-2006
  </configuration>
<iteration i="0">
<sensors>[[5.66669925162569,1.05283522373065,343.330209860578], [1.37644691113383,0.118949195835739,130.145978601649], [0.778325788211077,3.50997818447649,266.60071154125], [2.15668048965745,5.82701855851337,289.298119610175], [0.944022141862661,4.10769090196118,321.233185781166], [7.69008687185124,3.32116293814033,147.122158147395], [5.62337308935821,5.13687182497233,126.887127421796], [1.48960876464844,1.55792511161417,33.9800723455846], [3.62009469838813,1.13760474789888,0.971421087160707], [8.19485200219788,5.64677069988102,162.227398501709], [1.73946380568668,3.4681221046485,151.134518617764]]</sensors>
<obstacles>[[3.80406804126687, 4.83256283774972], [4.23092756210826, 0.540233567822725], [3.83614476118237, 2.11292512575164], [8.45222775195725, 4.41487019928172], [4.8711620781105, 1.42483577644452], [8.15602857107297, 2.40425203135237], [8.16935977642424, 3.64472385356203], [1.90959559008479, 0.546409127768129], [2.41952367103659, 0.644765039440244], [2.98385668639094, 3.78996150428429], [6.89652002602816, 0.61382123362273]]</obstacles>
<global-best>5.17429233056107</global-best>
</iteration>
<iteration i="600">
<sensors>[[8.88100129035656,2.06758890573857,106.037606322146], [0.0633067500988816,0.000321687453195165,16.9932635791323], [0.1535897717839,4.11112881767033,357.594807521683], [3.32021571161975,5.92131093605715,215.30367675235], [0.0185886441591476,4.95308006630738,321.073205816136], [8.99941000195921,0.000183165946173868,116.670648995918], [3.46519636906857,5.03882237817476,138.508352674633], [0.54843870824514,1.56388046580485,28.2837564535616], [2.62605528850081,1.04026595604276,360], [8.87442831489462,5.4981573590718,202.814086022738], [5.11235424920428,4.15743362735372,307.605698825076]]</sensors>
<obstacles>[[3.80406804126687, 4.83256283774972], [4.23092756210826, 0.540233567822725], [3.83614476118237, 2.11292512575164], [8.45222775195725, 4.41487019928172], [4.8711620781105, 1.42483577644452], [8.15602857107297, 2.40425203135237], [8.16935977642424, 3.64472385356203], [1.90959559008479, 0.546409127768129], [2.41952367103659, 0.644765039440244], [2.98385668639094, 3.78996150428429], [6.89652002602816, 0.61382123362273]]</obstacles>
<global-best>0.422716161094869</global-best>
</iteration>
<iterations>600</iterations>
<elapsed-time>138148</elapsed-time>
<average-time>0</average-time>
</simulation>