<?xml version="1.0" encoding="UTF-8"?>
<simulation>
<software>charlie-simulation-framework; v1.0.0; Jakob Rieke</software>
<system>Unix; Unix 18.2.0.0; 18.2.0.0</system>
<datetime>7/10/2019 9:26:44 AM</datetime>
<title>Static Sensor Positioning</title>
<meta>Author: Jakob Rieke; Version v1.4.0; Deterministic: No</meta>
<configuration>
  Zoom = 40
  NumberOfSensors = 11
  NumberOfObstacles = 11
  FieldHeight = 9
  FieldWidth = 6
  PlayerSensorRange = 12
  PlayerSensorFOV = 56.3
  PlayerSize = 0.1555
  Optimizer = SPSO-2006
  </configuration>
<iteration i="0">
<sensors>[[6.53193320520222,3.8171346927993,21.9489140901715], [4.30008258624002,3.28720775898546,214.343186700717], [0.4355860396754,3.64036065945402,242.387486072257], [2.40576742356643,1.11167641868815,35.8706121984869], [1.74580260529183,2.22623656131327,34.3880128674209], [2.43818178749643,3.99960276810452,301.592390751466], [2.09393121348694,0.490495137870312,313.388278372586], [3.58203141577542,4.20036784652621,63.9718759059906], [1.74971986468881,3.62810089532286,38.7875274103135], [0.173429841175675,1.71259872894734,322.288557244465], [6.92920074169524,5.88016262417659,196.655769143254]]</sensors>
<obstacles>[[0.0391673510894179, 4.1212375885807], [4.76491252449341, 3.04825001908466], [4.97754994779825, 3.40056157344952], [1.11694240942597, 3.4649513955228], [1.70630026306026, 4.05169221991673], [7.86162045202218, 0.56376399518922], [5.11673496407457, 4.11670835176483], [6.63789365650155, 5.3991188686341], [8.82792779663578, 0.848221088759601], [7.08370358333923, 5.32279680669308], [2.32901656161994, 2.17106409044936]]</obstacles>
<global-best>8.25080826467468</global-best>
</iteration>
<iteration i="600">
<sensors>[[2.55218021261403,5.93222828629649,318.215259473591], [5.86438779897947,5.9282010252447,0], [0.343991906962641,4.75058263084461,346.376392321847], [1.8233995540503,2.60478882301555,360], [2.17870002379971,3.44905963553316,74.1678811152937], [0.493360845583688,1.97505925715675,34.8194922195801], [0.0291446849998202,1.73287400995151,92.7429425919446], [6.76916719731697,0.0789445687948122,122.92373338032], [7.37859456124238,0.762349288933928,167.84351561765], [0.845140224317014,5.97692256177393,253.019568619522], [8.07452205317895,2.80108751254463,256.150261664559]]</sensors>
<obstacles>[[0.0391673510894179, 4.1212375885807], [4.76491252449341, 3.04825001908466], [4.97754994779825, 3.40056157344952], [1.11694240942597, 3.4649513955228], [1.70630026306026, 4.05169221991673], [7.86162045202218, 0.56376399518922], [5.11673496407457, 4.11670835176483], [6.63789365650155, 5.3991188686341], [8.82792779663578, 0.848221088759601], [7.08370358333923, 5.32279680669308], [2.32901656161994, 2.17106409044936]]</obstacles>
<global-best>0.701891447817158</global-best>
</iteration>
<iterations>600</iterations>
<elapsed-time>161239</elapsed-time>
<average-time>0</average-time>
</simulation>