<?xml version="1.0" encoding="UTF-8"?>
<simulation>
<software>charlie-simulation-framework; v1.0.0; Jakob Rieke</software>
<system>Unix; Unix 18.2.0.0; 18.2.0.0</system>
<datetime>7/10/2019 10:42:08 AM</datetime>
<title>Static Sensor Positioning</title>
<meta>Author: Jakob Rieke; Version v1.4.0; Deterministic: No</meta>
<configuration>
  Zoom = 40
  NumberOfSensors = 11
  NumberOfObstacles = 11
  FieldHeight = 9
  FieldWidth = 6
  PlayerSensorRange = 12
  PlayerSensorFOV = 56.3
  PlayerSize = 0.1555
  Optimizer = SPSO-2006
  </configuration>
<iteration i="0">
<sensors>[[6.43873155489564,1.46676248498261,167.380630960688], [2.71442647324875,2.68250019941479,231.925747236237], [4.57627190952189,5.81744544021785,230.829469906166], [8.76241508242674,3.94284446490929,34.4203966856003], [1.41099685197696,0.72339400369674,205.833820682019], [2.92917788377963,0.849144697654992,35.4310822952539], [3.42138706776313,3.67273137252778,296.852740840986], [8.71975919581018,5.21690986817703,339.250098802149], [6.62854496156797,5.2809492344968,269.220311678946], [0.485606993548572,2.62218234781176,62.9536907561123], [2.78432849678211,5.27116061467677,43.6370483133942]]</sensors>
<obstacles>[[1.30348189920187, 3.28697262145579], [0.0401716120541096, 0.198616791050881], [1.59286345378496, 1.46345287654549], [2.90879235765897, 1.6631788755767], [0.382116339169443, 5.62318203784525], [0.406118771759793, 3.73724553873762], [3.18230913206935, 2.75343519542366], [1.09286824869923, 2.32065377896652], [8.35473633371294, 5.13769810320809], [6.97786814183928, 2.35803745966405], [1.80997090414166, 5.91340833110735]]</obstacles>
<global-best>5.684307802676</global-best>
</iteration>
<iteration i="600">
<sensors>[[4.7128503706649,0.843101985455913,350.449807887657], [6.51585784037821,0.725636112276496,6.6557584311476], [2.15038150196738,0.766334758557514,25.9064726595818], [3.84172699097657,1.08990423725598,259.612303838424], [8.86453590861113,2.01952505858634,178.338208490769], [7.42387580416774,5.75168257315806,192.805286690321], [0.95173824530517,5.99415961302238,277.566444015776], [8.987889095237,0.12899346247763,162.015099933231], [3.22170310268419,5.9983879287337,244.472794211705], [2.46870965467264,2.11110511146447,165.949175564324], [3.29318277387282,3.76979690950989,7.34629965016368]]</sensors>
<obstacles>[[1.30348189920187, 3.28697262145579], [0.0401716120541096, 0.198616791050881], [1.59286345378496, 1.46345287654549], [2.90879235765897, 1.6631788755767], [0.382116339169443, 5.62318203784525], [0.406118771759793, 3.73724553873762], [3.18230913206935, 2.75343519542366], [1.09286824869923, 2.32065377896652], [8.35473633371294, 5.13769810320809], [6.97786814183928, 2.35803745966405], [1.80997090414166, 5.91340833110735]]</obstacles>
<global-best>0.682044882225569</global-best>
</iteration>
<iterations>600</iterations>
<elapsed-time>143685</elapsed-time>
<average-time>0</average-time>
</simulation>