<?xml version="1.0" encoding="UTF-8"?>
<simulation>
<software>charlie-simulation-framework; v1.0.0; Jakob Rieke</software>
<system>Unix; Unix 18.2.0.0; 18.2.0.0</system>
<datetime>7/10/2019 10:37:11 AM</datetime>
<title>Static Sensor Positioning</title>
<meta>Author: Jakob Rieke; Version v1.4.0; Deterministic: No</meta>
<configuration>
  Zoom = 40
  NumberOfSensors = 11
  NumberOfObstacles = 11
  FieldHeight = 9
  FieldWidth = 6
  PlayerSensorRange = 12
  PlayerSensorFOV = 56.3
  PlayerSize = 0.1555
  Optimizer = SPSO-2006
  </configuration>
<iteration i="0">
<sensors>[[7.57097359886393,5.45273860171437,296.125932019204], [1.80062806187198,2.7127574714832,211.430575093254], [6.62597340205684,0.264859093353152,136.830328535289], [2.05092483758926,4.17438840866089,180.252394024283], [2.62961728102528,2.27453030040488,34.6741321496665], [8.04075638274662,4.28560554608703,44.9092356394976], [4.83391593047418,5.59439840773121,301.860397160053], [8.66948789334856,3.3391605746001,210.554857319221], [8.90550314029679,3.0984891266562,262.284680670127], [5.00295277847908,0.984254146926105,115.525767551735], [8.47812981926836,0.253020660951734,168.197186831385]]</sensors>
<obstacles>[[0.852024430409074, 5.86749979946762], [6.86601440375671, 4.69943409087136], [3.87205381505191, 3.6288780500181], [5.81093595502898, 2.15096721472219], [6.91539619350806, 2.72375575080514], [0.302543173078448, 4.51755690481514], [6.08546969317831, 2.35741668194532], [0.340868478175253, 1.00067901145667], [3.3156551301945, 2.80276003014296], [3.22903595399112, 5.25428464589641], [3.72688068752177, 4.1969820423983]]</obstacles>
<global-best>9.39479108303233</global-best>
</iteration>
<iteration i="600">
<sensors>[[1.67144428124641,4.62312855870927,272.944178564498], [4.64405901452223,2.95059872873507,293.130396621899], [3.58136795054781,0.666822893625268,148.088590166792], [3.02099199110875,1.893760879572,0], [2.03356947907189,0.00264431261567632,79.2354609557311], [0.0454993960491245,3.2385275638204,62.8533889484803], [7.81238333227342,2.25828097250122E-05,161.837608508009], [4.0778647504427,0.834526354832461,42.8075930243725], [8.5663137627798,5.83207510173615,219.43020178591], [4.60418846446441,4.88872000745024,41.0295791681026], [0.04702051410853,2.49011516414968,20.7731002616839]]</sensors>
<obstacles>[[0.852024430409074, 5.86749979946762], [6.86601440375671, 4.69943409087136], [3.87205381505191, 3.6288780500181], [5.81093595502898, 2.15096721472219], [6.91539619350806, 2.72375575080514], [0.302543173078448, 4.51755690481514], [6.08546969317831, 2.35741668194532], [0.340868478175253, 1.00067901145667], [3.3156551301945, 2.80276003014296], [3.22903595399112, 5.25428464589641], [3.72688068752177, 4.1969820423983]]</obstacles>
<global-best>0.734447813941822</global-best>
</iteration>
<iterations>600</iterations>
<elapsed-time>144559</elapsed-time>
<average-time>0</average-time>
</simulation>