<?xml version="1.0" encoding="UTF-8"?>
<simulation>
<software>charlie-simulation-framework; v1.0.0; Jakob Rieke</software>
<system>Unix; Unix 18.2.0.0; 18.2.0.0</system>
<datetime>7/10/2019 10:49:30 AM</datetime>
<title>Static Sensor Positioning</title>
<meta>Author: Jakob Rieke; Version v1.4.0; Deterministic: No</meta>
<configuration>
  Zoom = 40
  NumberOfSensors = 11
  NumberOfObstacles = 11
  FieldHeight = 9
  FieldWidth = 6
  PlayerSensorRange = 12
  PlayerSensorFOV = 56.3
  PlayerSize = 0.1555
  Optimizer = SPSO-2006
  </configuration>
<iteration i="0">
<sensors>[[8.46040892321616,2.93683609133586,155.975426612422], [8.39476308762096,1.6779040871188,303.992890203372], [2.57479312783107,4.60357524873689,326.602335646749], [6.84953747224063,4.95918883709237,300.65319288522], [2.33498859219253,5.63288597809151,77.5338882766664], [5.95665722968988,2.82943090936169,128.586246566847], [2.31905204406939,3.93000050168484,230.776229314506], [1.71708838013001,0.747210949659348,26.3348921108991], [2.64557047979906,0.501775690354407,84.4523996673524], [8.68576024146751,3.86156720481813,306.778855528682], [5.26750276680104,3.25240263249725,240.986051727086]]</sensors>
<obstacles>[[6.12824385473505, 3.10215772781521], [0.561279752058908, 4.14440238894895], [4.36061268858612, 5.40404256340116], [2.17722900398076, 0.202803949825466], [8.68715286743827, 4.72987719671801], [5.58062641206197, 1.6851757359691], [5.0550533621572, 2.50464020110667], [0.221828247187659, 2.20573911163956], [5.09481334104203, 3.81677875947207], [1.37300590518862, 0.0454058982431889], [1.45818046038039, 3.75117711396888]]</obstacles>
<global-best>8.328259974398</global-best>
</iteration>
<iteration i="600">
<sensors>[[3.78372294058455,1.49572200679424,273.645083558595], [8.84312004518614,5.26365037480206,220.262257109633], [5.483799417723,0.998261677115329,142.126410432207], [0.506162044445497,5.82266742724746,301.184004287969], [0.444951628484488,1.39618062486004,296.38551852211], [1.69120328722726,5.01362462459085,183.553577498324], [3.04659797299581,5.05858936713488,312.482153843514], [7.47328171630859,5.89587782844142,199.00722433014], [0.00922528170889505,4.00968521722986,320.416212745919], [8.98930628542556,2.62964721500527,128.493384525774], [6.65155543958354,0.00246048457231181,53.22440273196]]</sensors>
<obstacles>[[6.12824385473505, 3.10215772781521], [0.561279752058908, 4.14440238894895], [4.36061268858612, 5.40404256340116], [2.17722900398076, 0.202803949825466], [8.68715286743827, 4.72987719671801], [5.58062641206197, 1.6851757359691], [5.0550533621572, 2.50464020110667], [0.221828247187659, 2.20573911163956], [5.09481334104203, 3.81677875947207], [1.37300590518862, 0.0454058982431889], [1.45818046038039, 3.75117711396888]]</obstacles>
<global-best>1.1715995250732</global-best>
</iteration>
<iterations>600</iterations>
<elapsed-time>135842</elapsed-time>
<average-time>0</average-time>
</simulation>