<?xml version="1.0" encoding="UTF-8"?>
<simulation>
<software>charlie-simulation-framework; v1.0.0; Jakob Rieke</software>
<system>Unix; Unix 18.2.0.0; 18.2.0.0</system>
<datetime>7/10/2019 7:52:10 AM</datetime>
<title>Static Sensor Positioning</title>
<meta>Author: Jakob Rieke; Version v1.4.0; Deterministic: No</meta>
<configuration>
  Zoom = 40
  NumberOfSensors = 11
  NumberOfObstacles = 11
  FieldHeight = 9
  FieldWidth = 6
  PlayerSensorRange = 12
  PlayerSensorFOV = 56.3
  PlayerSize = 0.1555
  Optimizer = SPSO-2006
  </configuration>
<iteration i="0">
<sensors>[[7.70285031851381,1.78001098847017,206.217068452388], [1.665321320761,2.64409787999466,90.219710720703], [0.629929603077471,1.04310898203403,9.60717572830617], [1.1777602059301,1.89207136910409,138.600396215916], [8.37012990633957,5.20195684349164,253.936609541997], [8.71431733528152,4.45745457010344,65.9006538335234], [5.96970448968932,3.07224784372374,25.5029415339231], [3.77413996774703,3.82898032944649,217.063197679818], [6.4124384005554,1.4706248883158,166.089501706883], [1.01335430075414,0.476468743756413,45.8656422235072], [2.68141610152088,0.992286883760244,163.478768868372]]</sensors>
<obstacles>[[8.02473590453155, 2.40157510153949], [2.90376083320007, 5.15228714933619], [6.69626059080474, 4.57244264753535], [1.85556832957082, 0.502701823599637], [6.69848319911398, 3.88006527163088], [0.927112410776317, 3.67414240445942], [5.4422183772549, 1.3430674248375], [5.30228080647066, 5.4516932470724], [6.4147869721055, 2.06028921855614], [3.27500242623501, 3.13517675735056], [7.44310294487514, 4.13354432629421]]</obstacles>
<global-best>8.20895024417373</global-best>
</iteration>
<iteration i="600">
<sensors>[[4.31572476509944,1.87756794161841,159.155634296722], [1.08583293839122,2.50104633715407,49.7278217820294], [0.6742763309556,1.39459043869272,7.23074213068293], [0.0820664264790038,1.15957037604494,82.5604518844634], [8.37848342153383,5.96894930233641,250.378474319546], [8.99573526058796,4.5699344530203,49.4533277328903], [0.924195276044871,2.93571789708343,4.62459791069743], [3.98251905972156,3.95434462591856,135.563653375085], [8.20979067208747,1.0848472919014,168.117461115849], [0.948359241333722,0.240615402954612,39.9869829842571], [3.48834230683111,0.0154913859117457,182.693269624583]]</sensors>
<obstacles>[[8.02473590453155, 2.40157510153949], [2.90376083320007, 5.15228714933619], [6.69626059080474, 4.57244264753535], [1.85556832957082, 0.502701823599637], [6.69848319911398, 3.88006527163088], [0.927112410776317, 3.67414240445942], [5.4422183772549, 1.3430674248375], [5.30228080647066, 5.4516932470724], [6.4147869721055, 2.06028921855614], [3.27500242623501, 3.13517675735056], [7.44310294487514, 4.13354432629421]]</obstacles>
<global-best>1.12435966432179</global-best>
</iteration>
<iterations>600</iterations>
<elapsed-time>148258</elapsed-time>
<average-time>0</average-time>
</simulation>