<?xml version="1.0" encoding="UTF-8"?>
<simulation>
<software>charlie-simulation-framework; v1.0.0; Jakob Rieke</software>
<system>Unix; Unix 18.2.0.0; 18.2.0.0</system>
<datetime>7/10/2019 10:33:03 AM</datetime>
<title>Static Sensor Positioning</title>
<meta>Author: Jakob Rieke; Version v1.4.0; Deterministic: No</meta>
<configuration>
  Zoom = 40
  NumberOfSensors = 11
  NumberOfObstacles = 11
  FieldHeight = 9
  FieldWidth = 6
  PlayerSensorRange = 12
  PlayerSensorFOV = 56.3
  PlayerSize = 0.1555
  Optimizer = SPSO-2006
  </configuration>
<iteration i="0">
<sensors>[[8.68114687968045,4.82538234908134,206.074792100117], [2.91410566493869,5.39088466297835,235.274902191013], [7.54529687063769,4.89873384637758,359.344551684335], [5.00573628279381,0.514531699474901,48.945167530328], [2.33242822880857,4.48526081303135,255.481735775247], [3.47683144407347,2.28206061618403,357.319648666307], [8.79028763668612,1.2059546392411,145.221830327064], [7.28682900499552,1.30859930114821,127.716345246881], [2.15286723081954,5.27646836685017,18.2790119480342], [3.6837207886856,5.10767868719995,338.772723851725], [1.22288272320293,5.99608335038647,190.663925008848]]</sensors>
<obstacles>[[8.08609878248535, 0.580177211668342], [1.10852889809757, 3.79248405341059], [4.28399509261362, 5.35186573304236], [8.86353267752565, 3.9171097856015], [8.54430258320645, 4.39190038852394], [0.11579412734136, 0.0738664465025067], [7.67199388006702, 3.90530807711184], [5.4570725094527, 5.73336590453982], [6.78039208520204, 2.76136552356184], [6.09521619323641, 2.15975423902273], [0.343808962963521, 2.82971078669652]]</obstacles>
<global-best>6.79849980308831</global-best>
</iteration>
<iteration i="600">
<sensors>[[4.6403796334348,3.94576838568421,183.009935105856], [8.99203327218333,1.76883585411749,197.189074797933], [0.282158352871663,5.99979637361747,294.135937937122], [4.93291571163487,4.60870486994487,329.053096536664], [0.000397841698254194,4.20483704828463,15.6701525928032], [4.15190792664443,2.86088719502551,0], [0.153218018180879,1.31963046929763,353.591306744458], [0.00752930754686965,4.83364999958024,56.618336149004], [3.77455125882762,0.0808557020445303,77.3579741699855], [8.56232265125775,2.96950204440436,153.528051984134], [4.54999782207906,3.62689120661809,359.976604373053]]</sensors>
<obstacles>[[8.08609878248535, 0.580177211668342], [1.10852889809757, 3.79248405341059], [4.28399509261362, 5.35186573304236], [8.86353267752565, 3.9171097856015], [8.54430258320645, 4.39190038852394], [0.11579412734136, 0.0738664465025067], [7.67199388006702, 3.90530807711184], [5.4570725094527, 5.73336590453982], [6.78039208520204, 2.76136552356184], [6.09521619323641, 2.15975423902273], [0.343808962963521, 2.82971078669652]]</obstacles>
<global-best>0.710084076510073</global-best>
</iteration>
<iterations>600</iterations>
<elapsed-time>122803</elapsed-time>
<average-time>0</average-time>
</simulation>