<?xml version="1.0" encoding="UTF-8"?>
<simulation>
<software>charlie-simulation-framework; v1.0.0; Jakob Rieke</software>
<system>Unix; Unix 18.2.0.0; 18.2.0.0</system>
<datetime>7/10/2019 7:47:17 AM</datetime>
<title>Static Sensor Positioning</title>
<meta>Author: Jakob Rieke; Version v1.4.0; Deterministic: No</meta>
<configuration>
  Zoom = 40
  NumberOfSensors = 11
  NumberOfObstacles = 11
  FieldHeight = 9
  FieldWidth = 6
  PlayerSensorRange = 12
  PlayerSensorFOV = 56.3
  PlayerSize = 0.1555
  Optimizer = SPSO-2006
  </configuration>
<iteration i="0">
<sensors>[[4.71624431340024,4.87879666686058,198.639025166631], [2.531307998579,0.473359696101397,136.706093139946], [5.9486497126054,5.67205747542903,252.193938363343], [2.95445853145793,4.20748983649537,273.664164058864], [8.94207120034844,0.374824333470315,115.44834299013], [3.52112046489492,1.30982611700892,149.78706699796], [7.67098677554168,0.0463996566832066,139.918376142159], [5.03144222614355,4.96007095556706,319.785523982719], [0.45182445156388,1.64273243397474,121.961918184534], [8.41341944597662,5.3082379437983,88.9128254167736], [5.24230075394735,4.68440006067976,264.510806780308]]</sensors>
<obstacles>[[6.7981428753119, 2.20174700813368], [1.32884126971476, 1.58224990870804], [8.7700943138916, 5.39684847788885], [5.66804027860053, 4.40340693527833], [8.53911084495485, 0.119937306270003], [8.12529919389635, 5.8623045491986], [0.0222114943899214, 3.34365689149126], [4.05648400518112, 3.09349808469415], [3.07705836603418, 2.45037760259584], [2.31416012858972, 4.00819489080459], [2.06035271007568, 3.55867208680138]]</obstacles>
<global-best>5.51854097141779</global-best>
</iteration>
<iteration i="600">
<sensors>[[6.891973271142,0.0121868617188303,0.562490202001166], [7.55624215027208,5.75255395362649,267.814263683871], [7.02032446112164,0.576029739653833,127.315014624222], [1.98052018629486,4.93906118494353,252.323211231744], [3.60648931973153,1.08588288574213,27.3879657552177], [3.48606097222975,4.65987563256934,22.9643508965108], [1.54797560976809,4.33322563622301,335.64120773264], [5.92941273221823,1.09499337543836E-08,152.626484994584], [0.837959267019567,0.131095632919598,91.7544617538415], [0.10008279133049,5.87750627664811,320.516858698168], [8.55016092374895,2.2770262496479,152.688293676422]]</sensors>
<obstacles>[[6.7981428753119, 2.20174700813368], [1.32884126971476, 1.58224990870804], [8.7700943138916, 5.39684847788885], [5.66804027860053, 4.40340693527833], [8.53911084495485, 0.119937306270003], [8.12529919389635, 5.8623045491986], [0.0222114943899214, 3.34365689149126], [4.05648400518112, 3.09349808469415], [3.07705836603418, 2.45037760259584], [2.31416012858972, 4.00819489080459], [2.06035271007568, 3.55867208680138]]</obstacles>
<global-best>0.501379338951272</global-best>
</iteration>
<iterations>600</iterations>
<elapsed-time>144302</elapsed-time>
<average-time>0</average-time>
</simulation>