<?xml version="1.0" encoding="UTF-8"?>
<simulation>
<software>charlie-simulation-framework; v1.0.0; Jakob Rieke</software>
<system>Unix; Unix 18.2.0.0; 18.2.0.0</system>
<datetime>7/10/2019 7:49:41 AM</datetime>
<title>Static Sensor Positioning</title>
<meta>Author: Jakob Rieke; Version v1.4.0; Deterministic: No</meta>
<configuration>
  Zoom = 40
  NumberOfSensors = 11
  NumberOfObstacles = 11
  FieldHeight = 9
  FieldWidth = 6
  PlayerSensorRange = 12
  PlayerSensorFOV = 56.3
  PlayerSize = 0.1555
  Optimizer = SPSO-2006
  </configuration>
<iteration i="0">
<sensors>[[2.92863736208528,2.74976093368605,169.856493193656], [1.07836577086709,0.131513442378491,327.019458711147], [8.21794093307108,0.196202555671334,107.23728781566], [0.884521586587653,3.6025008992292,277.556645376608], [2.53424399276264,1.59566570771858,237.518088659272], [8.69616870442405,1.67943502077833,222.012024605647], [0.0316324329469353,5.35888082580641,283.792072981596], [0.935093564679846,3.02089277934283,52.0258986577392], [0.138980533462018,4.18075271369889,347.045030873269], [3.49005803489126,4.43093177536502,304.238988999277], [6.30975657678209,3.96832163399085,94.7065260540694]]</sensors>
<obstacles>[[6.28726848587394, 2.68092966545373], [5.5834687363822, 3.78046310786158], [2.04839892382734, 5.28188898134977], [8.26430907659233, 4.92994067352265], [4.26375532778911, 5.435183708556], [6.24935502768494, 5.48293726611882], [3.71782166068442, 1.25144646596164], [2.18619494559243, 2.95438370620832], [6.79325208091177, 4.10578690934926], [7.36361042107455, 3.31497992109507], [7.46090957312845, 0.251242349389941]]</obstacles>
<global-best>8.24177516559778</global-best>
</iteration>
<iteration i="600">
<sensors>[[6.27130838507717,1.00970023251737,30.4632124850413], [8.99937266230627,5.7517599428661,191.966545366592], [0.525028102357179,5.98469137167505,318.719541632454], [8.16598110804076,0.513376243411449,191.163319042842], [0.0032351398767025,1.60348297794097,26.8609686939854], [3.07092350585948,9.17855906422836E-05,102.557802439795], [3.09771446319941,3.46962415844305,327.262464647019], [2.26784224288052,5.06105309111225,256.183405344954], [2.73918809767312,1.36572926185751,37.6748643934547], [8.07291640759812,2.3379055399056,101.096407851286], [6.43971335039819,3.88453521039604,278.472321491059]]</sensors>
<obstacles>[[6.28726848587394, 2.68092966545373], [5.5834687363822, 3.78046310786158], [2.04839892382734, 5.28188898134977], [8.26430907659233, 4.92994067352265], [4.26375532778911, 5.435183708556], [6.24935502768494, 5.48293726611882], [3.71782166068442, 1.25144646596164], [2.18619494559243, 2.95438370620832], [6.79325208091177, 4.10578690934926], [7.36361042107455, 3.31497992109507], [7.46090957312845, 0.251242349389941]]</obstacles>
<global-best>0.677654716649462</global-best>
</iteration>
<iterations>600</iterations>
<elapsed-time>148469</elapsed-time>
<average-time>0</average-time>
</simulation>