<?xml version="1.0" encoding="UTF-8"?>
<simulation>
<software>charlie-simulation-framework; v1.0.0; Jakob Rieke</software>
<system>Unix; Unix 18.2.0.0; 18.2.0.0</system>
<datetime>7/10/2019 9:05:41 AM</datetime>
<title>Static Sensor Positioning</title>
<meta>Author: Jakob Rieke; Version v1.4.0; Deterministic: No</meta>
<configuration>
  Zoom = 40
  NumberOfSensors = 11
  NumberOfObstacles = 11
  FieldHeight = 9
  FieldWidth = 6
  PlayerSensorRange = 12
  PlayerSensorFOV = 56.3
  PlayerSize = 0.1555
  Optimizer = SPSO-2006
  </configuration>
<iteration i="0">
<sensors>[[6.61985375359654,1.04227637685835,310.546672297642], [1.37214699271135,2.39399241423234,143.823664588854], [5.26320297620259,5.99431231571361,302.100115399808], [8.42411926598288,2.48683422105387,190.157425962389], [5.85658494592644,5.40075356187299,192.476678537205], [3.8297028914094,4.75872390763834,290.717108594254], [3.02560530533083,1.18808657024056,109.850187124684], [2.86541587044485,2.82190894754604,318.276287382469], [1.00810546497814,0.135425142478198,45.5668108630925], [8.01965768029913,5.60148139949888,1.20761339552701], [5.31642925366759,2.69722677441314,248.209008593112]]</sensors>
<obstacles>[[6.89352693851106, 5.73576720664278], [4.23192208539695, 1.7959603574127], [4.45371942850761, 5.67649958375841], [4.60396801214665, 5.0785515261814], [5.60573682538234, 3.11941716587171], [1.09559684735723, 5.68299260549247], [6.32691424246877, 1.8611370655708], [8.12521513807587, 5.17956912796944], [4.16021689237095, 4.25013803411275], [1.90953233605251, 3.14335491461679], [3.4741235403344, 1.94090534280986]]</obstacles>
<global-best>12.9388184193776</global-best>
</iteration>
<iteration i="600">
<sensors>[[5.80088076342363,3.48761457680436,0], [6.26307038430295,5.9417285418895,203.923822134265], [1.50595620891348,0.100038828514047,22.9222875325916], [8.63025195579892,1.93688311289327,0.183003732063087], [0.135854412450171,4.19383120020517,357.070168158405], [5.81081814986723,3.81033363005088,218.948746183422], [8.97739307922012,5.3844596537828,204.836295288602], [7.73618810445379,3.73302873214622,243.570652608124], [0.0723025473002634,1.88573402905361,0], [2.58516222379588,0.00386093775894637,106.606426979708], [4.36312327818873,0.927880043374348,0]]</sensors>
<obstacles>[[6.89352693851106, 5.73576720664278], [4.23192208539695, 1.7959603574127], [4.45371942850761, 5.67649958375841], [4.60396801214665, 5.0785515261814], [5.60573682538234, 3.11941716587171], [1.09559684735723, 5.68299260549247], [6.32691424246877, 1.8611370655708], [8.12521513807587, 5.17956912796944], [4.16021689237095, 4.25013803411275], [1.90953233605251, 3.14335491461679], [3.4741235403344, 1.94090534280986]]</obstacles>
<global-best>0.793824845349626</global-best>
</iteration>
<iterations>600</iterations>
<elapsed-time>155418</elapsed-time>
<average-time>0</average-time>
</simulation>