<?xml version="1.0" encoding="UTF-8"?>
<simulation>
<software>charlie-simulation-framework; v1.0.0; Jakob Rieke</software>
<system>Unix; Unix 18.2.0.0; 18.2.0.0</system>
<datetime>7/10/2019 8:41:52 AM</datetime>
<title>Static Sensor Positioning</title>
<meta>Author: Jakob Rieke; Version v1.4.0; Deterministic: No</meta>
<configuration>
  Zoom = 40
  NumberOfSensors = 11
  NumberOfObstacles = 11
  FieldHeight = 9
  FieldWidth = 6
  PlayerSensorRange = 12
  PlayerSensorFOV = 56.3
  PlayerSize = 0.1555
  Optimizer = SPSO-2006
  </configuration>
<iteration i="0">
<sensors>[[8.89620146364905,3.3341650259681,39.5558677241206], [5.59677762910724,0.763523433823138,81.6086914110929], [3.05147402943112,5.10237815603614,288.273874009028], [8.69180190050974,0.0932396790012717,156.637173173949], [7.88944834959693,3.71022781496868,243.842309284955], [5.57428313861601,4.80737376865,148.133303085342], [3.94953854405321,5.34632980031893,157.536990595981], [6.40164991677739,4.77408424811438,289.824711671099], [7.43008239381015,4.75269694486633,69.3103482574224], [5.58063113107346,5.18954100552946,245.043261833489], [8.99835555022582,2.23033607751131,159.952739160508]]</sensors>
<obstacles>[[2.33340069931, 3.98864806629717], [2.661257349886, 5.81684482377023], [7.98294824268669, 2.89516786113381], [6.63907556142658, 5.85118542937562], [6.50953929126263, 1.62897817930207], [4.80990120163187, 0.048825298435986], [7.18227681610733, 5.18108662683517], [2.08642784692347, 4.93325851298869], [6.97648301138543, 1.82336264569312], [5.97526534181088, 0.269241722300649], [6.63326837145723, 5.11696246499196]]</obstacles>
<global-best>4.36735916673255</global-best>
</iteration>
<iteration i="600">
<sensors>[[8.12626014339037,3.45357410587904,173.805024180664], [4.66687145489498,5.82831865288145,110.185564038974], [6.28181846121136,1.8445136382716,39.3332761923057], [8.99916093019892,0.432494457464758,166.655528847716], [0.0188025289852625,2.27745118839937,3.89230464924515], [7.45285250522451,0.739886216301364,159.08247707802], [8.93398007317393,5.98537264606051,252.009981487085], [0.813032266476257,1.22723693862383,75.8366034545629], [7.73141380742629,0.881205224609689,112.986513292494], [0.139416575136774,0.357004873509078,359.863728278237], [0.000445392271770896,3.66345943522734,208.171605307882]]</sensors>
<obstacles>[[2.33340069931, 3.98864806629717], [2.661257349886, 5.81684482377023], [7.98294824268669, 2.89516786113381], [6.63907556142658, 5.85118542937562], [6.50953929126263, 1.62897817930207], [4.80990120163187, 0.048825298435986], [7.18227681610733, 5.18108662683517], [2.08642784692347, 4.93325851298869], [6.97648301138543, 1.82336264569312], [5.97526534181088, 0.269241722300649], [6.63326837145723, 5.11696246499196]]</obstacles>
<global-best>0.715258975101311</global-best>
</iteration>
<iterations>600</iterations>
<elapsed-time>189339</elapsed-time>
<average-time>0</average-time>
</simulation>