<?xml version="1.0" encoding="UTF-8"?>
<simulation>
<software>charlie-simulation-framework; v1.0.0; Jakob Rieke</software>
<system>Unix; Unix 18.2.0.0; 18.2.0.0</system>
<datetime>7/10/2019 7:35:03 AM</datetime>
<title>Static Sensor Positioning</title>
<meta>Author: Jakob Rieke; Version v1.4.0; Deterministic: No</meta>
<configuration>
  Zoom = 40
  NumberOfSensors = 11
  NumberOfObstacles = 11
  FieldHeight = 9
  FieldWidth = 6
  PlayerSensorRange = 12
  PlayerSensorFOV = 56.3
  PlayerSize = 0.1555
  Optimizer = SPSO-2006
  </configuration>
<iteration i="0">
<sensors>[[8.45759687642567,1.69085928378627,163.814641954377], [6.94828789844178,3.87111232336611,175.387783432379], [4.42068472830579,3.34877235163003,145.446169031784], [5.46085912850685,3.07103653298691,174.695899570361], [2.61420551966876,2.33697639824823,256.739574121311], [6.11316346144304,5.91865448467433,224.502427345142], [7.03195613133721,2.84268808085471,121.787702590227], [0.827073145424947,0.753014001064003,6.92301314324141], [1.6091506043449,4.74746820051223,175.021613035351], [8.84915268234909,4.49332108860835,338.28442979604], [4.69518654607236,2.5444481628947,23.4323381166905]]</sensors>
<obstacles>[[8.0059641902335, 3.48263378441334], [4.57876078155823, 5.69749530544505], [4.2126736859791, 5.41056996770203], [1.32175209280103, 3.33211583644152], [8.3919592530001, 1.01578456582502], [3.76021308777854, 1.25965168839321], [1.10030919522978, 1.1747761555016], [8.88274918170646, 0.594722409266979], [0.363638362381607, 3.09933328069746], [2.56091587711126, 1.5977038233541], [8.25619394215755, 2.48726221779361]]</obstacles>
<global-best>5.82425041843193</global-best>
</iteration>
<iteration i="600">
<sensors>[[4.43565400081215,2.57733674353019,20.9519505641659], [0.20235040336399,2.61424985219413,15.1819093185467], [3.00757983551497,1.22892331192772,94.7089024510687], [8.63004692513065,2.41425565254254,45.6716713085885], [5.49899628309716,1.61702885997627,1.30601822531033], [2.79289401389726,5.98578133249492,3.98993622220418], [6.7035778812089,5.971554044255,211.807873042733], [1.15006861826944,5.94021933875105,272.560332588805], [1.48609401387731,5.99996503809812,317.631614098956], [8.97374207077102,2.85133978926678,152.95845177266], [0.513230018187661,0.145738838075696,8.40527553188335]]</sensors>
<obstacles>[[8.0059641902335, 3.48263378441334], [4.57876078155823, 5.69749530544505], [4.2126736859791, 5.41056996770203], [1.32175209280103, 3.33211583644152], [8.3919592530001, 1.01578456582502], [3.76021308777854, 1.25965168839321], [1.10030919522978, 1.1747761555016], [8.88274918170646, 0.594722409266979], [0.363638362381607, 3.09933328069746], [2.56091587711126, 1.5977038233541], [8.25619394215755, 2.48726221779361]]</obstacles>
<global-best>0.556784294322637</global-best>
</iteration>
<iterations>600</iterations>
<elapsed-time>155087</elapsed-time>
<average-time>0</average-time>
</simulation>