<?xml version="1.0" encoding="UTF-8"?>
<simulation>
<software>charlie-simulation-framework; v1.0.0; Jakob Rieke</software>
<system>Unix; Unix 18.2.0.0; 18.2.0.0</system>
<datetime>7/10/2019 9:34:17 AM</datetime>
<title>Static Sensor Positioning</title>
<meta>Author: Jakob Rieke; Version v1.4.0; Deterministic: No</meta>
<configuration>
  Zoom = 40
  NumberOfSensors = 11
  NumberOfObstacles = 11
  FieldHeight = 9
  FieldWidth = 6
  PlayerSensorRange = 12
  PlayerSensorFOV = 56.3
  PlayerSize = 0.1555
  Optimizer = SPSO-2006
  </configuration>
<iteration i="0">
<sensors>[[2.56840611551888,2.63936697598547,355.962572610006], [7.67784564290196,2.72562155406922,184.64900909923], [5.52342207496986,4.14891229569912,126.282642418519], [6.77687648660503,1.55079019395635,273.584197685122], [2.38659525546245,3.5002032998018,133.827964598313], [3.91418540314771,3.10141292726621,100.103476932272], [8.4704219782725,4.78226438630372,33.5555216576904], [2.62028483022004,4.98978771781549,349.991845758632], [1.37330591864884,2.17550227744505,250.477960780263], [4.73372233542614,5.04069579625502,24.5304287038744], [6.66718674008735,2.96481938101351,293.889868492261]]</sensors>
<obstacles>[[1.57331397221424, 2.5414995085448], [8.42259410326369, 3.10798124223948], [7.4944804594852, 0.904326035175473], [7.6066277611535, 1.3250891645439], [5.88600414781831, 4.79999000765383], [2.1122359384317, 0.897228689398617], [0.813559872563928, 0.35768778109923], [6.63264147005975, 3.47080088686198], [8.97763857850805, 1.25037474324927], [2.32833112310618, 5.25106609566137], [1.16791887301952, 4.1425183438696]]</obstacles>
<global-best>12.7027729089638</global-best>
</iteration>
<iteration i="600">
<sensors>[[8.49040081570825,5.57812047918884E-05,107.335471420472], [8.30428004699857,1.84959386043867,182.430255571696], [6.81952737363852,5.28368109488125,359.999998130331], [7.34981629755086,0.00158560502738074,33.6389593289147], [2.91404932619769,0.000851164005650852,7.52285286520612], [4.26508540650071,0.464373335617456,120.923506045678], [8.83099017357356,5.24091334913889,200.66545669528], [2.25464961507048,4.92563159901458,360], [0.316288916139061,3.27933697480519,326.10964295591], [0.000479006966382858,4.85276985821549,7.86321025119036], [6.99516327522457,3.17997846778139,208.795332298238]]</sensors>
<obstacles>[[1.57331397221424, 2.5414995085448], [8.42259410326369, 3.10798124223948], [7.4944804594852, 0.904326035175473], [7.6066277611535, 1.3250891645439], [5.88600414781831, 4.79999000765383], [2.1122359384317, 0.897228689398617], [0.813559872563928, 0.35768778109923], [6.63264147005975, 3.47080088686198], [8.97763857850805, 1.25037474324927], [2.32833112310618, 5.25106609566137], [1.16791887301952, 4.1425183438696]]</obstacles>
<global-best>0.589660002909352</global-best>
</iteration>
<iterations>600</iterations>
<elapsed-time>166950</elapsed-time>
<average-time>0</average-time>
</simulation>