<?xml version="1.0" encoding="UTF-8"?>
<simulation>
<software>charlie-simulation-framework; v1.0.0; Jakob Rieke</software>
<system>Unix; Unix 18.2.0.0; 18.2.0.0</system>
<datetime>7/10/2019 8:45:01 AM</datetime>
<title>Static Sensor Positioning</title>
<meta>Author: Jakob Rieke; Version v1.4.0; Deterministic: No</meta>
<configuration>
  Zoom = 40
  NumberOfSensors = 11
  NumberOfObstacles = 11
  FieldHeight = 9
  FieldWidth = 6
  PlayerSensorRange = 12
  PlayerSensorFOV = 56.3
  PlayerSize = 0.1555
  Optimizer = SPSO-2006
  </configuration>
<iteration i="0">
<sensors>[[2.13371150591411,5.94566447194666,326.691661756486], [5.91840200778097,3.62725919857621,72.6195742562413], [1.07481003343128,5.4207334429957,249.7910807468], [3.42600803193636,4.14452440151945,337.136219451204], [6.70210607349873,0.304152935743332,153.233775990084], [0.952987398253754,4.10769056808203,174.387391051278], [4.60485469177365,5.16310888202861,39.1014710906893], [5.22212319960818,2.63115953374654,247.092484692112], [5.40932878665626,4.35815211944282,205.837190374732], [7.0683870005887,0.835913684684783,313.182295868173], [5.61868976801634,0.376703600864857,79.7397178597748]]</sensors>
<obstacles>[[5.20775716868229, 5.24329725187272], [8.92773968609981, 1.90157389082015], [3.15881625842303, 1.09512384328991], [1.32377574406564, 0.881173240486532], [4.78779415413737, 5.7383372951299], [6.71012794249691, 4.85541988955811], [5.69156673853286, 4.62410121783614], [5.54253828339279, 3.26320388680324], [8.70014143106528, 1.33025627536699], [4.76523934537545, 2.99893199047074], [0.86107001057826, 1.08248070906848]]</obstacles>
<global-best>5.93042285645026</global-best>
</iteration>
<iteration i="600">
<sensors>[[0.125621086977771,2.96969519328887,159.031231767083], [7.89152404623914,5.82297960656263,254.586567460921], [8.25178977378666,0.183931427761905,155.442175132899], [5.80947882747957,0.899254998250263,138.844838620337], [6.74272113449615E-05,2.08198289238959,0], [0.0370491997448215,4.06731029465058,360], [7.14256133261001,2.2858341787803,118.845219167611], [2.47742641046726,5.99948849084992,237.21766438663], [0.299963557025913,3.29752378469668,360], [4.2477287293889,4.2565472817449,41.6835090669197], [8.51387428629549,4.73539177964263,344.117128439347]]</sensors>
<obstacles>[[5.20775716868229, 5.24329725187272], [8.92773968609981, 1.90157389082015], [3.15881625842303, 1.09512384328991], [1.32377574406564, 0.881173240486532], [4.78779415413737, 5.7383372951299], [6.71012794249691, 4.85541988955811], [5.69156673853286, 4.62410121783614], [5.54253828339279, 3.26320388680324], [8.70014143106528, 1.33025627536699], [4.76523934537545, 2.99893199047074], [0.86107001057826, 1.08248070906848]]</obstacles>
<global-best>0.853333256138067</global-best>
</iteration>
<iterations>600</iterations>
<elapsed-time>162750</elapsed-time>
<average-time>0</average-time>
</simulation>