<?xml version="1.0" encoding="UTF-8"?>
<simulation>
<software>charlie-simulation-framework; v1.0.0; Jakob Rieke</software>
<system>Unix; Unix 18.2.0.0; 18.2.0.0</system>
<datetime>7/10/2019 7:40:07 AM</datetime>
<title>Static Sensor Positioning</title>
<meta>Author: Jakob Rieke; Version v1.4.0; Deterministic: No</meta>
<configuration>
  Zoom = 40
  NumberOfSensors = 11
  NumberOfObstacles = 11
  FieldHeight = 9
  FieldWidth = 6
  PlayerSensorRange = 12
  PlayerSensorFOV = 56.3
  PlayerSize = 0.1555
  Optimizer = SPSO-2006
  </configuration>
<iteration i="0">
<sensors>[[7.92871699179523,2.63147319713607,88.0014578998089], [4.82489458238706,4.14666978176683,159.350225999951], [0.408231250243261,3.81051582656801,355.418226420879], [2.54390521114692,0.721991165075451,38.0523669440299], [6.49845918640494,1.56477358890697,165.889442441985], [5.8529666417744,3.17586235888302,26.1542445793748], [8.97724754596129,5.99685124307871,346.177002405748], [6.01804569130763,0.509971925988793,300.612694127485], [2.2103512887843,3.54127640929073,124.027664372697], [5.90705596609041,5.18643939681351,312.433238038793], [7.52436490310356,3.3435665667057,208.816068051383]]</sensors>
<obstacles>[[0.865968036465347, 1.04409121535718], [5.35448393435217, 4.76651928853244], [3.01601402135566, 4.41172577999532], [5.80475183087401, 2.60218755388632], [3.46641929936595, 2.70923918997869], [8.30957403802313, 5.78540920000523], [8.74941585911438, 5.166649075225], [4.64522974938154, 1.87277965061367], [5.35941193602048, 0.933344605844468], [6.25163815752603, 5.92615090264007], [2.56843030778691, 2.83178912010044]]</obstacles>
<global-best>8.78689595666848</global-best>
</iteration>
<iteration i="600">
<sensors>[[2.68535184969533,5.99284695149186,269.117980234859], [0.0019642895025099,0.518674424050482,359.460342960163], [0.306164595864427,2.29110760685293,33.6613688881863], [4.26305297061451,5.41899111394681,0], [4.42823730117701,0.366428552796102,140.250048594714], [4.48599456013002,4.8671916303277,313.874126485126], [4.99772800246352,0.111534613841669,360], [6.30163147635934,0.00719399569507772,347.59663737255], [7.77092006366675,1.81425086681882,192.128589516945], [6.16777233615167E-05,5.18911098105998,353.321924371121], [8.66588158417878,0.0939991880326317,124.449809941368]]</sensors>
<obstacles>[[0.865968036465347, 1.04409121535718], [5.35448393435217, 4.76651928853244], [3.01601402135566, 4.41172577999532], [5.80475183087401, 2.60218755388632], [3.46641929936595, 2.70923918997869], [8.30957403802313, 5.78540920000523], [8.74941585911438, 5.166649075225], [4.64522974938154, 1.87277965061367], [5.35941193602048, 0.933344605844468], [6.25163815752603, 5.92615090264007], [2.56843030778691, 2.83178912010044]]</obstacles>
<global-best>0.490378043988932</global-best>
</iteration>
<iterations>600</iterations>
<elapsed-time>145677</elapsed-time>
<average-time>0</average-time>
</simulation>