<?xml version="1.0" encoding="UTF-8"?>
<simulation>
<software>charlie-simulation-framework; v1.0.0; Jakob Rieke</software>
<system>Unix; Unix 18.2.0.0; 18.2.0.0</system>
<datetime>7/10/2019 8:09:32 AM</datetime>
<title>Static Sensor Positioning</title>
<meta>Author: Jakob Rieke; Version v1.4.0; Deterministic: No</meta>
<configuration>
  Zoom = 40
  NumberOfSensors = 11
  NumberOfObstacles = 11
  FieldHeight = 9
  FieldWidth = 6
  PlayerSensorRange = 12
  PlayerSensorFOV = 56.3
  PlayerSize = 0.1555
  Optimizer = SPSO-2006
  </configuration>
<iteration i="0">
<sensors>[[1.16167746693827,3.50068161869422,349.0566632431], [5.35510686482303,5.83498150762171,330.174510665238], [6.43071509432048,5.97025009430945,162.193469563499], [5.58716022083536,5.38446348113939,202.553891194984], [5.72542884363793,1.26633387431502,98.6441344488412], [3.22485649609007,3.52321055810899,357.232226589695], [3.91916919476353,0.951813756488264,189.671620829031], [0.147954827640206,1.37133854907006,160.09895676747], [6.1059057014063,1.35348608577624,79.0631575416774], [3.60726228542626,1.22907126462087,84.4917768426239], [7.24546087626368,0.359154936857522,111.527773244306]]</sensors>
<obstacles>[[7.57903501996771, 1.3380026333034], [6.18105827062391, 0.345369044691324], [8.19994636997581, 2.26016964856535], [7.89896897412837, 4.62407724419609], [5.49459992861375, 4.14631108939648], [3.91066215396859, 0.176915885880589], [7.78918649232946, 0.355597837362438], [8.59436936723068, 4.47110820561647], [1.27967883017845, 5.50650614127517], [8.19457724341191, 0.923196131363511], [8.88919010222889, 5.14523431984708]]</obstacles>
<global-best>6.80034091699657</global-best>
</iteration>
<iteration i="600">
<sensors>[[1.78776005350262,1.13734700415365,333.813363673896], [3.65120472792048E-05,4.88741079587187,11.6095129827992], [2.49444306251863,0.0499517680660277,120.245654690226], [5.67619842388986,1.42238694719791,137.223345488338], [4.75177588513761,5.02383543754434,359.373444518618], [2.81666969520243,0.0122981852520091,40.730762104676], [4.20954372395765,4.17251333974837,319.869467077684], [6.39756165715364,5.49778602666705,268.415684878515], [8.74001936693765,3.54747196975399,325.331845144759], [6.03280246490293,2.1428472055922,191.629079770994], [0.00395785848504573,3.04872530996036,285.941051128518]]</sensors>
<obstacles>[[7.57903501996771, 1.3380026333034], [6.18105827062391, 0.345369044691324], [8.19994636997581, 2.26016964856535], [7.89896897412837, 4.62407724419609], [5.49459992861375, 4.14631108939648], [3.91066215396859, 0.176915885880589], [7.78918649232946, 0.355597837362438], [8.59436936723068, 4.47110820561647], [1.27967883017845, 5.50650614127517], [8.19457724341191, 0.923196131363511], [8.88919010222889, 5.14523431984708]]</obstacles>
<global-best>0.968923113290312</global-best>
</iteration>
<iterations>600</iterations>
<elapsed-time>140465</elapsed-time>
<average-time>0</average-time>
</simulation>