<?xml version="1.0" encoding="UTF-8"?>
<simulation>
<software>charlie-simulation-framework; v1.0.0; Jakob Rieke</software>
<system>Unix; Unix 18.2.0.0; 18.2.0.0</system>
<datetime>7/10/2019 10:06:54 AM</datetime>
<title>Static Sensor Positioning</title>
<meta>Author: Jakob Rieke; Version v1.4.0; Deterministic: No</meta>
<configuration>
  Zoom = 40
  NumberOfSensors = 11
  NumberOfObstacles = 11
  FieldHeight = 9
  FieldWidth = 6
  PlayerSensorRange = 12
  PlayerSensorFOV = 56.3
  PlayerSize = 0.1555
  Optimizer = SPSO-2006
  </configuration>
<iteration i="0">
<sensors>[[1.65370043227449,4.04993793508038,350.63711819239], [1.95683605084196,5.44221586547792,63.1502221617848], [1.34955978370272,5.38905744859949,290.759976748377], [7.67980346479453,4.09439271083102,329.165390376002], [2.63880872307345,1.09675706969574,262.759607015178], [0.33900733734481,4.75937510188669,82.3832807689905], [5.69452616432682,4.88086641021073,218.598570646718], [8.01302329916507,0.3136485228315,108.80911569111], [7.1769176996313,0.988189834635705,323.038783343509], [0.197490504942834,0.022366285789758,69.8268502671272], [4.3886257968843,0.313214628025889,77.3248129338026]]</sensors>
<obstacles>[[6.10184416221455, 0.876004437915981], [4.09682694124058, 5.90783048328012], [3.46745889424346, 0.519688627682626], [3.71728752180934, 5.09394471812993], [7.17483263835311, 2.14100708859041], [3.6101076209452, 1.54176678042859], [5.41074905614369, 3.15297417389229], [4.45864721015096, 5.18397495662794], [6.69168878439814, 5.14946641260758], [2.9666512417607, 3.90165384532884], [7.07419509789906, 5.29984020022675]]</obstacles>
<global-best>4.1191712833344</global-best>
</iteration>
<iteration i="600">
<sensors>[[0.00371293313508463,4.19182627420652,319.597460521833], [7.28519078436784,5.58483971950541,179.851310144179], [8.99809592508106,3.38187836287684,178.837577712053], [1.75944579610311,0.00015331412807138,345.207062381042], [0.830078324757298,5.97651660600551,332.79475202545], [4.79093007271749,0.20303167174078,43.2957511402124], [8.5411146593282,7.60489269136588E-06,157.09273172056], [3.57521365934552,3.27017282994319,34.7152972714095], [6.09108136125173,1.33216326551632,180.097962445228], [5.60764251650495,2.78398287586908,360], [2.491761847636,0.132017983962705,271.091379998265]]</sensors>
<obstacles>[[6.10184416221455, 0.876004437915981], [4.09682694124058, 5.90783048328012], [3.46745889424346, 0.519688627682626], [3.71728752180934, 5.09394471812993], [7.17483263835311, 2.14100708859041], [3.6101076209452, 1.54176678042859], [5.41074905614369, 3.15297417389229], [4.45864721015096, 5.18397495662794], [6.69168878439814, 5.14946641260758], [2.9666512417607, 3.90165384532884], [7.07419509789906, 5.29984020022675]]</obstacles>
<global-best>0.578602750391328</global-best>
</iteration>
<iterations>600</iterations>
<elapsed-time>140641</elapsed-time>
<average-time>0</average-time>
</simulation>