<?xml version="1.0" encoding="UTF-8"?>
<simulation>
<software>charlie-simulation-framework; v1.0.0; Jakob Rieke</software>
<system>Unix; Unix 18.2.0.0; 18.2.0.0</system>
<datetime>7/10/2019 10:35:06 AM</datetime>
<title>Static Sensor Positioning</title>
<meta>Author: Jakob Rieke; Version v1.4.0; Deterministic: No</meta>
<configuration>
  Zoom = 40
  NumberOfSensors = 11
  NumberOfObstacles = 11
  FieldHeight = 9
  FieldWidth = 6
  PlayerSensorRange = 12
  PlayerSensorFOV = 56.3
  PlayerSize = 0.1555
  Optimizer = SPSO-2006
  </configuration>
<iteration i="0">
<sensors>[[3.75852451776154,4.97324476763606,289.576469454914], [6.03198842564598,2.03041015192866,62.9349570348859], [6.16361678950489,4.12121651228517,289.443952403963], [7.64239414036274,3.46244850894436,204.399746702984], [7.87093167775311,4.30729663465172,301.229535983875], [2.77001067227684,5.4250938850455,22.0934470184147], [0.399317117175087,4.49941546143964,85.3794535808265], [2.52290710411035,0.488952908199281,322.869229763746], [8.81929586757906,1.26337308436632,307.19556754455], [0.642454377142712,0.439318605232984,52.8588487766683], [0.548593431478366,0.978266576305032,77.3307424597442]]</sensors>
<obstacles>[[2.58934056619182, 5.99081788910553], [1.49027608358301, 2.5796990278177], [2.55487224413082, 1.69192322948948], [5.95114947692491, 4.7850054348819], [3.15398911619559, 0.826697606127709], [2.47588808694854, 2.63266995549202], [4.35494740842842, 1.13407056732103], [8.89488561800681, 0.373368961270899], [6.96871769777499, 2.24382744496688], [7.82107927347533, 5.51020852150396], [0.461423132568598, 3.89168412610888]]</obstacles>
<global-best>5.59395234490439</global-best>
</iteration>
<iteration i="600">
<sensors>[[4.62196983577492,0.715049345848687,75.2366058132923], [4.02917111610317,0.0108533845951963,360], [3.75641023943292,5.99891409366524,223.54999843455], [0.030377424009056,2.14672930273511,0], [4.44595229026814,5.99984152451843,271.706944064603], [8.28313606645702,0.534789346942466,301.464320103715], [3.02261982016937,3.86512785738579,6.08708736440425], [4.08134138877326,2.35555937317338,171.682014671359], [0.0803504933389755,0.281272878560234,11.7456123683978], [8.53496314253617,3.46387044340943,276.45749381996], [8.25842843303146,2.1570508673518,167.862417908161]]</sensors>
<obstacles>[[2.58934056619182, 5.99081788910553], [1.49027608358301, 2.5796990278177], [2.55487224413082, 1.69192322948948], [5.95114947692491, 4.7850054348819], [3.15398911619559, 0.826697606127709], [2.47588808694854, 2.63266995549202], [4.35494740842842, 1.13407056732103], [8.89488561800681, 0.373368961270899], [6.96871769777499, 2.24382744496688], [7.82107927347533, 5.51020852150396], [0.461423132568598, 3.89168412610888]]</obstacles>
<global-best>0.592977701108953</global-best>
</iteration>
<iterations>600</iterations>
<elapsed-time>124660</elapsed-time>
<average-time>0</average-time>
</simulation>