<?xml version="1.0" encoding="UTF-8"?>
<simulation>
<software>charlie-simulation-framework; v1.0.0; Jakob Rieke</software>
<system>Unix; Unix 18.2.0.0; 18.2.0.0</system>
<datetime>7/10/2019 10:44:32 AM</datetime>
<title>Static Sensor Positioning</title>
<meta>Author: Jakob Rieke; Version v1.4.0; Deterministic: No</meta>
<configuration>
  Zoom = 40
  NumberOfSensors = 11
  NumberOfObstacles = 11
  FieldHeight = 9
  FieldWidth = 6
  PlayerSensorRange = 12
  PlayerSensorFOV = 56.3
  PlayerSize = 0.1555
  Optimizer = SPSO-2006
  </configuration>
<iteration i="0">
<sensors>[[7.09412365523167,4.73802664736286,111.193399848416], [3.25856271875091,0.326041989494115,156.277920026332], [3.21519014169462,2.69764150399715,282.122424943373], [2.03374502272345,5.46108833514154,96.1786809470505], [3.96629340271465,0.863806984852999,93.2641295995563], [2.82703230902553,1.01912317145616,6.90938877873123], [2.83529226179235,5.46723999967799,353.986868932843], [3.23926435271278,5.24676684150472,32.8837536927313], [5.49449622351676,4.15364163648337,122.484940728173], [8.09828942874447,2.49888126924634,179.862432181835], [6.24690697761253,4.61508382670581,269.79082130827]]</sensors>
<obstacles>[[1.72144295484759, 5.84788285894319], [8.99267937149853, 5.44192712148651], [2.06322988215834, 1.52574670873582], [0.629910576157272, 1.38166527310386], [8.70105971465819, 0.29010237660259], [3.74345994112082, 2.59813280962408], [1.23256088141352, 4.89339499175549], [6.42161857313477, 5.64454089710489], [7.76202905061655, 4.26434827689081], [3.95178956491873, 0.0369126303121448], [7.43883293727413, 4.5884142969735]]</obstacles>
<global-best>7.03496037332593</global-best>
</iteration>
<iteration i="600">
<sensors>[[2.5326552157313,0.967120235222558,359.993877985295], [1.11150762176776,2.44091966204192,360], [4.26500968086747,0.00566534199415138,101.309151437719], [3.24688670775627,0.31116206755142,154.027280992051], [8.97567826007713,2.14436733867987,173.046148866717], [2.848836159016,4.71497474532604,231.862322277979], [2.06525320167636,5.99923349057363,276.54901324072], [2.92335354251388,4.32258605420517,10.4252594545767], [6.98385402709608,4.53183112000622,202.664100486564], [0.000494735939026469,3.48060361101588,77.695199117407], [8.99826213692431,3.52407275379284,117.888140650967]]</sensors>
<obstacles>[[1.72144295484759, 5.84788285894319], [8.99267937149853, 5.44192712148651], [2.06322988215834, 1.52574670873582], [0.629910576157272, 1.38166527310386], [8.70105971465819, 0.29010237660259], [3.74345994112082, 2.59813280962408], [1.23256088141352, 4.89339499175549], [6.42161857313477, 5.64454089710489], [7.76202905061655, 4.26434827689081], [3.95178956491873, 0.0369126303121448], [7.43883293727413, 4.5884142969735]]</obstacles>
<global-best>0.547560430378364</global-best>
</iteration>
<iterations>600</iterations>
<elapsed-time>142172</elapsed-time>
<average-time>0</average-time>
</simulation>