<?xml version="1.0" encoding="UTF-8"?>
<simulation>
<software>charlie-simulation-framework; v1.0.0; Jakob Rieke</software>
<system>Unix; Unix 18.2.0.0; 18.2.0.0</system>
<datetime>7/10/2019 9:00:41 AM</datetime>
<title>Static Sensor Positioning</title>
<meta>Author: Jakob Rieke; Version v1.4.0; Deterministic: No</meta>
<configuration>
  Zoom = 40
  NumberOfSensors = 11
  NumberOfObstacles = 11
  FieldHeight = 9
  FieldWidth = 6
  PlayerSensorRange = 12
  PlayerSensorFOV = 56.3
  PlayerSize = 0.1555
  Optimizer = SPSO-2006
  </configuration>
<iteration i="0">
<sensors>[[6.32812983216718,4.01689593493938,192.951130717993], [0.763580161845312,1.44901064783335,145.28665881604], [3.85945856594481,0.46684246044606,43.2852654531598], [1.1055937462952,2.52099937386811,24.2819332703948], [3.92599764629267,4.63200546847656,282.961300648749], [7.50981396529824,2.77727154409513,157.793531985953], [0.84376147063449,2.94891254184768,47.0395619608462], [1.97624133434147,1.40188093716279,305.262967804447], [5.51067682541907,5.71284898230806,344.695883234963], [4.46421741857193,3.63385142572224,159.699171585962], [7.73687903070822,1.15294032124802,174.127190792933]]</sensors>
<obstacles>[[6.05969792883843, 3.2570002572611], [0.5450071063824, 3.11678499123082], [2.8134249933064, 2.78871819796041], [1.36233710870147, 2.23635368607938], [5.12560422043316, 2.81607465120032], [6.87907935166731, 1.17768535064533], [1.856703735888, 1.92577096167952], [5.81727410922758, 1.10733227664605], [8.63907193648629, 4.88594181463122], [7.34364767605439, 1.88714103447273], [8.23582440451719, 0.351218429859728]]</obstacles>
<global-best>9.0292504054207</global-best>
</iteration>
<iteration i="600">
<sensors>[[8.9878298173831,4.49008862623007,242.207112737753], [6.72209281473484,2.14843455242772,105.965444402405], [0.010632542861639,5.29101177876357,0], [5.38149259784331,5.60820813876665,359.15762767074], [3.049402934293,5.99981127161199,247.551427692207], [5.24511012458449,5.05718773852874,274.501756133045], [6.02459064941593,0.0318927809326543,154.021364466792], [0.000231052779479584,4.09642938024668,148.082929551816], [2.5287251090978,2.17266636952571,12.7633718653749], [6.193825533956,5.12239914577284,37.3904012553334], [4.57017687050236,3.49361189803942,173.937931252083]]</sensors>
<obstacles>[[6.05969792883843, 3.2570002572611], [0.5450071063824, 3.11678499123082], [2.8134249933064, 2.78871819796041], [1.36233710870147, 2.23635368607938], [5.12560422043316, 2.81607465120032], [6.87907935166731, 1.17768535064533], [1.856703735888, 1.92577096167952], [5.81727410922758, 1.10733227664605], [8.63907193648629, 4.88594181463122], [7.34364767605439, 1.88714103447273], [8.23582440451719, 0.351218429859728]]</obstacles>
<global-best>0.744759139746438</global-best>
</iteration>
<iterations>600</iterations>
<elapsed-time>164582</elapsed-time>
<average-time>0</average-time>
</simulation>