<?xml version="1.0" encoding="UTF-8"?>
<simulation>
<software>charlie-simulation-framework; v1.0.0; Jakob Rieke</software>
<system>Unix; Unix 18.2.0.0; 18.2.0.0</system>
<datetime>7/10/2019 10:14:13 AM</datetime>
<title>Static Sensor Positioning</title>
<meta>Author: Jakob Rieke; Version v1.4.0; Deterministic: No</meta>
<configuration>
  Zoom = 40
  NumberOfSensors = 11
  NumberOfObstacles = 11
  FieldHeight = 9
  FieldWidth = 6
  PlayerSensorRange = 12
  PlayerSensorFOV = 56.3
  PlayerSize = 0.1555
  Optimizer = SPSO-2006
  </configuration>
<iteration i="0">
<sensors>[[7.75440361839719,2.80938801728189,90.3448934387416], [8.37880074628629,4.18706816481426,273.408207641914], [2.02705726772547,1.7245358498767,23.0387087725103], [0.136896762996912,4.75187392998487,262.27219264023], [3.30054375948384,3.69656267249957,24.8636803496629], [2.47240327717736,0.330636968370527,149.291687300429], [6.31860144389793,3.98071342008188,147.975592799485], [0.907667778432369,2.38125892169774,304.327094620094], [5.87722803954966,3.82466061925516,147.48883950524], [8.43957759509794,1.15754611277953,159.933966882527], [6.21885362360626,2.29799296846613,15.7084886915982]]</sensors>
<obstacles>[[2.67276299139485, 4.96785443136469], [6.78693788009696, 2.86661287816241], [4.24882679362781, 4.62437415216118], [8.56976131699048, 0.802704144269228], [1.23776758974418, 0.516338974703103], [2.6454386995174, 0.612749527674168], [7.73604396684095, 4.68930553318933], [0.27573631494306, 5.62791862338781], [8.20565398293547, 5.8983015739359], [4.32211774634197, 1.83769368706271], [6.83375518675894, 0.928885774221271]]</obstacles>
<global-best>8.20818394579048</global-best>
</iteration>
<iteration i="600">
<sensors>[[2.60703556837659,2.51557107647626,14.1431047223621], [8.9577427221202,4.56738467217169,197.540244278023], [0.32370780821398,5.09362624787349,346.888899427483], [5.08273056870294,2.75020808220674,31.1671652857801], [6.36836955890806,0.000412046649830102,185.415712804744], [6.97019532221026,5.04899603068865,192.28521144777], [8.97908129905775,0.232987687394583,155.633500850828], [3.53738389802353,3.69885808581998,284.771736285277], [1.71832636004647,2.07431566951451,271.219855422601], [8.99517407179997,2.60057315712085,198.857312749446], [6.12805843277036,5.9289141391912,314.464576522585]]</sensors>
<obstacles>[[2.67276299139485, 4.96785443136469], [6.78693788009696, 2.86661287816241], [4.24882679362781, 4.62437415216118], [8.56976131699048, 0.802704144269228], [1.23776758974418, 0.516338974703103], [2.6454386995174, 0.612749527674168], [7.73604396684095, 4.68930553318933], [0.27573631494306, 5.62791862338781], [8.20565398293547, 5.8983015739359], [4.32211774634197, 1.83769368706271], [6.83375518675894, 0.928885774221271]]</obstacles>
<global-best>0.667625280099361</global-best>
</iteration>
<iterations>600</iterations>
<elapsed-time>125935</elapsed-time>
<average-time>0</average-time>
</simulation>