<?xml version="1.0" encoding="UTF-8"?>
<simulation>
<software>charlie-simulation-framework; v1.0.0; Jakob Rieke</software>
<system>Unix; Unix 18.2.0.0; 18.2.0.0</system>
<datetime>7/10/2019 12:57:57 AM</datetime>
<title>Static Sensor Positioning</title>
<meta>Author: Jakob Rieke; Version v1.4.0; Deterministic: No</meta>
<configuration>
  Zoom = 40
  NumberOfSensors = 11
  NumberOfObstacles = 11
  FieldHeight = 9
  FieldWidth = 6
  PlayerSensorRange = 12
  PlayerSensorFOV = 56.3
  PlayerSize = 0.1555
  Optimizer = SPSO-2006
  </configuration>
<iteration i="0">
<sensors>[[1.87596723739989,0.32739187264815,318.954681912437], [0.382968129124492,2.40683095157146,35.9806666709483], [8.77603424177505,2.22325496189296,259.50312984176], [6.09605555492453,3.24419480888173,264.868462337181], [8.53210917301476,1.51590335788205,52.6478867512196], [6.12170172901824,4.56142231961712,217.854463672265], [5.58301076176576,4.15054974798113,166.732072317973], [4.26886361581273,1.06748634204268,8.31570432521403], [5.45333569776267,5.75606217747554,294.800831750035], [6.00728374463506,2.11391905462369,180.925824036822], [7.838048057165,5.5795062831603,334.329825751483]]</sensors>
<obstacles>[[8.28823205502704, 0.793581625912339], [1.13682519528084, 5.35736670345068], [8.13854380790144, 5.67471088981256], [0.825288711581379, 1.47569548571482], [8.39349938789383, 2.5158798568882], [1.1297622830607, 4.12586580729112], [2.22434969362803, 5.5854656053707], [0.0530546391382813, 1.37160734273493], [6.21261112578213, 2.4717700202018], [8.72280523600057, 2.87118092179298], [8.2987578373868, 1.27098551066592]]</obstacles>
<global-best>6.54343650819384</global-best>
</iteration>
<iteration i="600">
<sensors>[[5.23683120514962,4.99654965957122,360], [0.26205313170918,0.577897553320059,21.3805200113351], [2.89559905886785,3.15044569311358,103.928748657371], [6.60200470639436,3.37383588438746,176.91158119342], [5.1377862690757,2.57791901569801,360], [2.040916562872,5.85635062342981,197.135354704613], [2.63045540855179,5.95399668393843,333.537953945065], [4.24578154749267,5.26791952834164,331.964211107775], [7.79901221206432,0.817460149676974,309.749372137059], [7.58668614628128,0.00325201707616642,167.858090094873], [1.5763949415781,5.19774352993243,44.4308511120248]]</sensors>
<obstacles>[[8.28823205502704, 0.793581625912339], [1.13682519528084, 5.35736670345068], [8.13854380790144, 5.67471088981256], [0.825288711581379, 1.47569548571482], [8.39349938789383, 2.5158798568882], [1.1297622830607, 4.12586580729112], [2.22434969362803, 5.5854656053707], [0.0530546391382813, 1.37160734273493], [6.21261112578213, 2.4717700202018], [8.72280523600057, 2.87118092179298], [8.2987578373868, 1.27098551066592]]</obstacles>
<global-best>1.05329807396956</global-best>
</iteration>
<iterations>600</iterations>
<elapsed-time>125833</elapsed-time>
<average-time>0</average-time>
</simulation>