<?xml version="1.0" encoding="UTF-8"?>
<simulation>
<software>charlie-simulation-framework; v1.0.0; Jakob Rieke</software>
<system>Unix; Unix 18.2.0.0; 18.2.0.0</system>
<datetime>7/10/2019 10:27:33 AM</datetime>
<title>Static Sensor Positioning</title>
<meta>Author: Jakob Rieke; Version v1.4.0; Deterministic: No</meta>
<configuration>
  Zoom = 40
  NumberOfSensors = 11
  NumberOfObstacles = 11
  FieldHeight = 9
  FieldWidth = 6
  PlayerSensorRange = 12
  PlayerSensorFOV = 56.3
  PlayerSize = 0.1555
  Optimizer = SPSO-2006
  </configuration>
<iteration i="0">
<sensors>[[2.38537812768482,5.49797126278281,235.920984735712], [0.433103535789996,5.47809283202514,269.965145029128], [3.86737887770869,3.61306179547682,210.398201812059], [3.75394806149416,0.99197469977662,88.0165978800505], [8.31889998656698,5.38026474416256,241.985378852114], [7.64542537811212,4.68049230705947,169.973891889676], [8.68030265648849,5.19829578185454,262.55129719153], [3.40240769181401,3.21033815201372,30.1446603052318], [4.91787340817973,2.79944109544158,96.9522338826209], [8.35619485192001,1.26401732303202,312.036493308842], [1.56768925627694,4.20419433899224,318.715310096741]]</sensors>
<obstacles>[[4.08569866348989, 2.23933400446549], [7.77940385160036, 0.584238943643868], [7.71133302035742, 5.78466219920665], [4.79873465420678, 2.32853430882096], [4.07177152158692, 2.69636861421168], [0.0436053550802171, 0.361375089269131], [4.67174320947379, 0.551222375594079], [5.33590294816531, 3.18525736732408], [1.60567114851438, 1.67190130613744], [4.71786865708418, 4.05971843842417], [3.12581445090473, 2.85781834367663]]</obstacles>
<global-best>8.26562858918604</global-best>
</iteration>
<iteration i="600">
<sensors>[[0.548850005630738,5.89947361898908,281.31959196999], [3.32272761252832,0.277700569773898,0.656166109424813], [8.92389770588476,5.91624076713526,241.797906536243], [6.7976368875507,4.6100421158445,23.0296489620172], [3.7162848057559,0.703597800837491,18.922660549932], [5.69718654217374,5.96898167212723,238.800156127783], [5.03951580759046,3.8194610552283,23.6682682374657], [8.42038955000608,2.85338473330772,182.232994143722], [1.62115505998842,0.00464407137201486,27.9006696858129], [0.753866996434345,0.957398006658031,82.5594059433107], [0.196678346326,2.99439042923803,18.71764514731]]</sensors>
<obstacles>[[4.08569866348989, 2.23933400446549], [7.77940385160036, 0.584238943643868], [7.71133302035742, 5.78466219920665], [4.79873465420678, 2.32853430882096], [4.07177152158692, 2.69636861421168], [0.0436053550802171, 0.361375089269131], [4.67174320947379, 0.551222375594079], [5.33590294816531, 3.18525736732408], [1.60567114851438, 1.67190130613744], [4.71786865708418, 4.05971843842417], [3.12581445090473, 2.85781834367663]]</obstacles>
<global-best>0.591760373970672</global-best>
</iteration>
<iterations>600</iterations>
<elapsed-time>156880</elapsed-time>
<average-time>0</average-time>
</simulation>