<?xml version="1.0" encoding="UTF-8"?>
<simulation>
<software>charlie-simulation-framework; v1.0.0; Jakob Rieke</software>
<system>Unix; Unix 18.2.0.0; 18.2.0.0</system>
<datetime>7/10/2019 10:16:19 AM</datetime>
<title>Static Sensor Positioning</title>
<meta>Author: Jakob Rieke; Version v1.4.0; Deterministic: No</meta>
<configuration>
  Zoom = 40
  NumberOfSensors = 11
  NumberOfObstacles = 11
  FieldHeight = 9
  FieldWidth = 6
  PlayerSensorRange = 12
  PlayerSensorFOV = 56.3
  PlayerSize = 0.1555
  Optimizer = SPSO-2006
  </configuration>
<iteration i="0">
<sensors>[[4.97032657032833,4.92571652401239,179.363722354174], [1.6440184309613,4.10163565864787,162.648539012298], [0.758995834970847,1.47803513891995,204.469081554562], [4.93403853499331,4.34351778030396,209.793804986402], [4.27374747418799,4.58080494543538,312.724893735722], [8.24974690494128,0.150402087718248,179.6302156616], [6.65618445700966,2.0876754457131,158.365363692865], [0.721091525629163,3.89063074020669,83.4277987573296], [2.0905230268836,0.813776852097362,347.59459479712], [1.58914675656706,1.19722498208284,2.00066322460771], [1.17684740200639,4.65133576327935,8.24459066614509]]</sensors>
<obstacles>[[6.2001801431179, 1.02182474685833], [7.3071998921223, 1.62281099706888], [5.69872062373906, 4.29790507256985], [2.07515505258925, 4.89654269535095], [7.51383784459904, 0.361921618692577], [7.80527808680199, 5.64767896430567], [1.62932285293937, 3.17754014208913], [0.639549756422639, 5.64560230029747], [4.68673420138657, 1.13951424881816], [3.67180440039374, 0.755645032972097], [5.81538593256846, 1.13586146291345]]</obstacles>
<global-best>9.85029949413492</global-best>
</iteration>
<iteration i="600">
<sensors>[[0.00202358246198594,5.22390950900056,334.088644339951], [6.71796170475542,5.01834044475525,270.393309319718], [1.53623298777716,5.99973001845346,334.5023451022], [8.9794406090341,4.170888292063,173.574989286058], [5.00494888501933,1.98041804602057,270.267935922866], [0.851524688444849,4.25907090587535,276.836871912468], [2.66517729504355,4.51410462298761,0.0101931735011819], [2.15433455853936,2.50771284661525,311.499638686597], [1.4308761723611,0.408907303105286,92.1583642354033], [8.74196167233543,0.512748119937302,298.676363969619], [8.41425847109245,0.0280990408259396,166.544627308036]]</sensors>
<obstacles>[[6.2001801431179, 1.02182474685833], [7.3071998921223, 1.62281099706888], [5.69872062373906, 4.29790507256985], [2.07515505258925, 4.89654269535095], [7.51383784459904, 0.361921618692577], [7.80527808680199, 5.64767896430567], [1.62932285293937, 3.17754014208913], [0.639549756422639, 5.64560230029747], [4.68673420138657, 1.13951424881816], [3.67180440039374, 0.755645032972097], [5.81538593256846, 1.13586146291345]]</obstacles>
<global-best>0.623608953878639</global-best>
</iteration>
<iterations>600</iterations>
<elapsed-time>131657</elapsed-time>
<average-time>0</average-time>
</simulation>