<?xml version="1.0" encoding="UTF-8"?>
<simulation>
<software>charlie-simulation-framework; v1.0.0; Jakob Rieke</software>
<system>Unix; Unix 18.2.0.0; 18.2.0.0</system>
<datetime>7/10/2019 8:53:30 AM</datetime>
<title>Static Sensor Positioning</title>
<meta>Author: Jakob Rieke; Version v1.4.0; Deterministic: No</meta>
<configuration>
  Zoom = 40
  NumberOfSensors = 11
  NumberOfObstacles = 11
  FieldHeight = 9
  FieldWidth = 6
  PlayerSensorRange = 12
  PlayerSensorFOV = 56.3
  PlayerSize = 0.1555
  Optimizer = SPSO-2006
  </configuration>
<iteration i="0">
<sensors>[[0.886495321523398,4.69319544034079,352.444442259148], [8.63908591959625,0.518237999640405,144.555327370763], [7.86408163444139,3.70051608234644,95.9779604338109], [3.45897197420709,4.46413914207369,93.9003242645413], [0.295260372105986,5.41670788452029,106.837822655216], [2.7467207245063,0.620504559483379,332.135626478121], [3.45910922158509,1.63607452483848,67.3633650876582], [0.149673224659637,1.23413084400818,338.647060096264], [1.22811029409058,5.65056950133294,174.361776290461], [3.87383347121067,1.72364375274628,240.824267249554], [8.94924898026511,4.54853407479823,198.872886383906]]</sensors>
<obstacles>[[8.75570616940968, 3.57213107775897], [0.603330691577867, 2.57803723867983], [4.65205534687266, 5.09199874056503], [1.29226442752406, 2.35623182589188], [7.58147225948051, 0.5000423155725], [2.14118360797875, 2.87861523963511], [3.90218046843074, 5.100261580199], [7.41763980221003, 4.46887475950643], [2.71379559254274, 4.2376217097044], [7.95144366309978, 1.39932101871818], [7.78651549411006, 5.73948259837925]]</obstacles>
<global-best>6.83555119440274</global-best>
</iteration>
<iteration i="600">
<sensors>[[5.91233558833576,2.87399798814098,135.283391833567], [0.515790833309929,4.90520969029749,355.619227865353], [4.19526531336529,3.92504783587587,132.019105578483], [5.69129240391772,1.06148024563788,173.199647303187], [5.1313783700715,1.7531487863968,0.271424594055304], [6.99799368414048,0.609318262127278,91.4433586944574], [3.00062402218581,5.97155269377279,218.747463018483], [0.814176962676213,1.92482399833285,359.966291440648], [8.87451026384329,1.26556656451519,198.654988429667], [0.019225461124161,5.78292723037954,310.618637886214], [3.05809907582672,4.12980348039422,205.284909052847]]</sensors>
<obstacles>[[8.75570616940968, 3.57213107775897], [0.603330691577867, 2.57803723867983], [4.65205534687266, 5.09199874056503], [1.29226442752406, 2.35623182589188], [7.58147225948051, 0.5000423155725], [2.14118360797875, 2.87861523963511], [3.90218046843074, 5.100261580199], [7.41763980221003, 4.46887475950643], [2.71379559254274, 4.2376217097044], [7.95144366309978, 1.39932101871818], [7.78651549411006, 5.73948259837925]]</obstacles>
<global-best>0.842742959351443</global-best>
</iteration>
<iterations>600</iterations>
<elapsed-time>149948</elapsed-time>
<average-time>0</average-time>
</simulation>