<?xml version="1.0" encoding="UTF-8"?>
<simulation>
<software>charlie-simulation-framework; v1.0.0; Jakob Rieke</software>
<system>Unix; Unix 18.2.0.0; 18.2.0.0</system>
<datetime>7/10/2019 8:27:30 AM</datetime>
<title>Static Sensor Positioning</title>
<meta>Author: Jakob Rieke; Version v1.4.0; Deterministic: No</meta>
<configuration>
  Zoom = 40
  NumberOfSensors = 11
  NumberOfObstacles = 11
  FieldHeight = 9
  FieldWidth = 6
  PlayerSensorRange = 12
  PlayerSensorFOV = 56.3
  PlayerSize = 0.1555
  Optimizer = SPSO-2006
  </configuration>
<iteration i="0">
<sensors>[[8.17836859775707,3.71414318075404,169.373038010672], [6.11180057027377,5.75339955277741,327.175041921437], [4.45693878550082,0.669361358508468,42.5449502002448], [7.54052267898805,4.7296824012883,103.007759274915], [6.51733909850009,5.93656652234495,236.307663051412], [7.13657580292784,0.58620084123686,6.78906991146505], [2.82425007037818,5.5855325460434,258.111253548414], [8.33749924530275,5.19991936767474,342.685213023797], [1.92990920366719,5.9447268540971,69.0096891392022], [5.87534085614607,3.09801661362872,299.902287349105], [5.11833549896255,0.144318375270814,53.9483176544309]]</sensors>
<obstacles>[[1.66452525579371, 5.58798339776695], [7.95108567620628, 2.15655503422022], [2.55924720154144, 0.636747635900974], [3.59473057114519, 0.434731586370617], [7.89921192359179, 0.888134378939867], [8.49832754256204, 1.86129770195112], [7.96068050363101, 4.2941601248458], [0.938924538670108, 3.03294366504997], [2.77922954410315E-05, 0.27726514544338], [7.84342891839333, 5.48442182689905], [3.59956515859813, 2.31530432822183]]</obstacles>
<global-best>3.927670267332</global-best>
</iteration>
<iteration i="600">
<sensors>[[8.52278414866073,5.71492704875852,260.970699348351], [6.82691701172053,5.67354158826455,346.882068588021], [4.65281836394981,0.452866117357643,0], [1.77500793344206,4.32185664651182,338.116108229393], [6.97962748574861,1.59845822113973,359.771202153924], [2.86828979804804,0.671585371067436,111.875831358567], [4.0075360690015,0.0233843457399244,178.43675496161], [7.81620139738855,1.3325831475993,170.159752530961], [6.24318197409351,0.0185484840272221,97.7051000918053], [7.55954731445034,4.61052481302802,207.21892606334], [0.77547902978728,2.10258393524537,0]]</sensors>
<obstacles>[[1.66452525579371, 5.58798339776695], [7.95108567620628, 2.15655503422022], [2.55924720154144, 0.636747635900974], [3.59473057114519, 0.434731586370617], [7.89921192359179, 0.888134378939867], [8.49832754256204, 1.86129770195112], [7.96068050363101, 4.2941601248458], [0.938924538670108, 3.03294366504997], [2.77922954410315E-05, 0.27726514544338], [7.84342891839333, 5.48442182689905], [3.59956515859813, 2.31530432822183]]</obstacles>
<global-best>1.42029956230886</global-best>
</iteration>
<iterations>600</iterations>
<elapsed-time>140416</elapsed-time>
<average-time>0</average-time>
</simulation>