<?xml version="1.0" encoding="UTF-8"?>
<simulation>
<software>charlie-simulation-framework; v1.0.0; Jakob Rieke</software>
<system>Unix; Unix 18.2.0.0; 18.2.0.0</system>
<datetime>7/10/2019 8:30:10 AM</datetime>
<title>Static Sensor Positioning</title>
<meta>Author: Jakob Rieke; Version v1.4.0; Deterministic: No</meta>
<configuration>
  Zoom = 40
  NumberOfSensors = 11
  NumberOfObstacles = 11
  FieldHeight = 9
  FieldWidth = 6
  PlayerSensorRange = 12
  PlayerSensorFOV = 56.3
  PlayerSize = 0.1555
  Optimizer = SPSO-2006
  </configuration>
<iteration i="0">
<sensors>[[5.64984174817801,5.50815677829087,176.932477913797], [7.60968497651629,1.06307259807363,16.5058711264282], [1.56787573895417,0.420796042308211,40.3532769810408], [2.27345752925612,5.70984487049282,349.68878371641], [5.07354367082007,3.67332730069757,343.964533098042], [0.349367786664516,4.59803052060306,58.4507386665791], [2.7558326725848,5.88238633330911,251.625323127955], [1.19065082073212,4.94126966921613,308.38016666472], [1.39336335822009,2.25821563275531,262.977428790182], [4.09739576024003,4.15524904802442,301.822738023475], [1.25488936831243,4.01230523362756,149.613986648619]]</sensors>
<obstacles>[[1.29394163796678, 1.82352808210999], [8.78335627214983, 2.11754217557609], [0.766220241319388, 4.82253125449643], [8.09628474991769, 4.30031860526651], [6.20427163713612, 1.97326507000253], [0.706052735913545, 1.89764606533572], [6.16819309908897, 3.40344994654879], [7.0569897769019, 3.05331461783499], [6.80483231088147, 0.699649441055954], [1.74620853038505, 3.47893271455541], [4.28503258991987, 0.239115537609905]]</obstacles>
<global-best>6.25304652705178</global-best>
</iteration>
<iteration i="600">
<sensors>[[1.94598045216987,5.91791414118566,257.694537631339], [4.58924699046476,5.90181295930112,333.395333452609], [4.04583657192531,5.37375167484241,308.2927874276], [3.76051620984527,5.86231045372163,258.375074913681], [7.80126854414742E-05,1.7137389201473,348.44667093232], [0.969973638415,0.000513199927803899,125.316668467193], [5.87003145690052,2.13874037823318,7.44794863229755], [0.836253930349074,0.722476657319825,46.9707814466359], [3.36138605233159,2.33444166546971,111.831416180624], [0.176438780678219,5.99790618197024,284.940618254319], [3.24115939130864,0.730114605409897,11.9071706259265]]</sensors>
<obstacles>[[1.29394163796678, 1.82352808210999], [8.78335627214983, 2.11754217557609], [0.766220241319388, 4.82253125449643], [8.09628474991769, 4.30031860526651], [6.20427163713612, 1.97326507000253], [0.706052735913545, 1.89764606533572], [6.16819309908897, 3.40344994654879], [7.0569897769019, 3.05331461783499], [6.80483231088147, 0.699649441055954], [1.74620853038505, 3.47893271455541], [4.28503258991987, 0.239115537609905]]</obstacles>
<global-best>1.03501804055928</global-best>
</iteration>
<iterations>600</iterations>
<elapsed-time>128477</elapsed-time>
<average-time>0</average-time>
</simulation>