<?xml version="1.0" encoding="UTF-8"?>
<simulation>
<software>charlie-simulation-framework; v1.0.0; Jakob Rieke</software>
<system>Unix; Unix 18.2.0.0; 18.2.0.0</system>
<datetime>7/10/2019 7:16:00 AM</datetime>
<title>Static Sensor Positioning</title>
<meta>Author: Jakob Rieke; Version v1.4.0; Deterministic: No</meta>
<configuration>
  Zoom = 40
  NumberOfSensors = 11
  NumberOfObstacles = 11
  FieldHeight = 9
  FieldWidth = 6
  PlayerSensorRange = 12
  PlayerSensorFOV = 56.3
  PlayerSize = 0.1555
  Optimizer = SPSO-2006
  </configuration>
<iteration i="0">
<sensors>[[6.76342432200909,0.547752806916833,244.164114352316], [4.03127879253589,0.83712718449533,11.7325062677264], [2.12950140167959,0.44331768527627,211.013746233657], [2.18664561538026,1.03546565165743,336.494877794757], [8.36662129405886,0.488186235073954,84.6948849409819], [7.04830024740659,1.44955156836659,155.892901243642], [1.28099053096958,3.66908446652815,58.677991759032], [1.04519322188571,2.42899558134377,64.0333433356136], [8.67625905456953,4.6392651326023,330.641120821238], [1.17592092929408,5.68997255293652,233.284677788615], [0.720714557915926,0.446658836212009,41.4094711281359]]</sensors>
<obstacles>[[8.51917167613283, 5.48835519142449], [4.01477093389258, 5.49040229804814], [1.74066254566424, 4.07166882930323], [1.62759559834376, 3.34489606507123], [0.869067662162706, 5.13200754811987], [1.95624578464776, 4.52183570014313], [0.160863287514076, 2.9463222711347], [3.13437076890841, 4.83144742716104], [2.49454011186026, 4.66031700745225], [5.13165120198391, 5.44957756670192], [4.92481135879643, 5.74155402788892]]</obstacles>
<global-best>6.42635118765925</global-best>
</iteration>
<iteration i="600">
<sensors>[[7.56071899171065,0.000552416830430607,135.948906152511], [0.00361303145810403,0.999464260854703,0], [8.99789286005805,2.5572197248803,167.552062728429], [4.67475199765371,3.82305850594085,38.7260886542232], [2.59031294485098,0.529516394290998,358.138483046013], [5.87104484802922,2.38365007537164,175.476351097021], [3.55422735757159,1.68100032029524,219.76948766381], [6.71706153224798,4.10459499947465,54.2830262681744], [8.51025741799028,3.89114764880269,358.822908037001], [0.453875700268395,5.9353557198873,331.585887583084], [0.117924407792182,5.47663283674004,0.113342667250344]]</sensors>
<obstacles>[[8.51917167613283, 5.48835519142449], [4.01477093389258, 5.49040229804814], [1.74066254566424, 4.07166882930323], [1.62759559834376, 3.34489606507123], [0.869067662162706, 5.13200754811987], [1.95624578464776, 4.52183570014313], [0.160863287514076, 2.9463222711347], [3.13437076890841, 4.83144742716104], [2.49454011186026, 4.66031700745225], [5.13165120198391, 5.44957756670192], [4.92481135879643, 5.74155402788892]]</obstacles>
<global-best>0.998446320245096</global-best>
</iteration>
<iterations>600</iterations>
<elapsed-time>141824</elapsed-time>
<average-time>0</average-time>
</simulation>