<?xml version="1.0" encoding="UTF-8"?>
<simulation>
<software>charlie-simulation-framework; v1.0.0; Jakob Rieke</software>
<system>Unix; Unix 18.2.0.0; 18.2.0.0</system>
<datetime>7/10/2019 8:11:52 AM</datetime>
<title>Static Sensor Positioning</title>
<meta>Author: Jakob Rieke; Version v1.4.0; Deterministic: No</meta>
<configuration>
  Zoom = 40
  NumberOfSensors = 11
  NumberOfObstacles = 11
  FieldHeight = 9
  FieldWidth = 6
  PlayerSensorRange = 12
  PlayerSensorFOV = 56.3
  PlayerSize = 0.1555
  Optimizer = SPSO-2006
  </configuration>
<iteration i="0">
<sensors>[[6.88591658114456,2.80738086998463,173.604884063825], [5.54348090384156,3.63949000602588,316.890479754657], [4.05499885766767,5.77062216633931,192.745837541297], [3.91601124568842,1.86962025705725,348.234367612749], [1.60841044876724,3.79336017463356,25.824042186141], [2.84009020775557,3.34873081091791,67.1068381145597], [5.45343735557981,1.17830987088382,209.727301876992], [7.93026335025206,2.34131201868877,56.4722368586808], [1.40899666585028,1.31386502226815,247.159111099318], [8.46113687683828,5.2574483351782,338.027780279517], [7.20108487433754,2.35269008623436,198.486100025475]]</sensors>
<obstacles>[[8.43530977517366, 4.7345645846799], [8.21645049448125, 2.82479277066886], [0.379759792238474, 0.450277933850884], [3.84509620210156, 3.43520705681294], [8.08512795902789, 5.44334608549252], [0.565338996704668, 3.63137671072036], [7.08079355838709, 4.07630587276071], [6.14849231787957, 1.33642997033894], [0.27872648765333, 4.06851889612153], [0.348187985597178, 4.59701939485967], [2.74136786721647, 5.46839171927422]]</obstacles>
<global-best>7.69831338789603</global-best>
</iteration>
<iteration i="600">
<sensors>[[4.22604728654756,5.31963320343703,331.922298548702], [0.00272762864617541,5.99814046121792,359.137180889883], [0.531443739190554,5.11126392828836,121.063801527678], [1.76598781135889,4.55017530697783,329.599943606246], [4.98106710889814E-05,2.46651031754234,45.2014840079295], [8.15405993188309,4.37359353967913,199.045219138017], [7.20054316476338,0.0179059963416204,125.001365911159], [6.54602290336715,1.70767421255705,64.7362102928589], [4.90958787427131,1.48920223242476E-05,153.934884872666], [2.39566078466884,2.49218219760998,333.886302492788], [1.39762891596816,0.509070269572204,55.0538483120501]]</sensors>
<obstacles>[[8.43530977517366, 4.7345645846799], [8.21645049448125, 2.82479277066886], [0.379759792238474, 0.450277933850884], [3.84509620210156, 3.43520705681294], [8.08512795902789, 5.44334608549252], [0.565338996704668, 3.63137671072036], [7.08079355838709, 4.07630587276071], [6.14849231787957, 1.33642997033894], [0.27872648765333, 4.06851889612153], [0.348187985597178, 4.59701939485967], [2.74136786721647, 5.46839171927422]]</obstacles>
<global-best>0.808593542497175</global-best>
</iteration>
<iterations>600</iterations>
<elapsed-time>155155</elapsed-time>
<average-time>0</average-time>
</simulation>