<?xml version="1.0" encoding="UTF-8"?>
<simulation>
<software>charlie-simulation-framework; v1.0.0; Jakob Rieke</software>
<system>Unix; Unix 18.2.0.0; 18.2.0.0</system>
<datetime>7/10/2019 8:01:50 AM</datetime>
<title>Static Sensor Positioning</title>
<meta>Author: Jakob Rieke; Version v1.4.0; Deterministic: No</meta>
<configuration>
  Zoom = 40
  NumberOfSensors = 11
  NumberOfObstacles = 11
  FieldHeight = 9
  FieldWidth = 6
  PlayerSensorRange = 12
  PlayerSensorFOV = 56.3
  PlayerSize = 0.1555
  Optimizer = SPSO-2006
  </configuration>
<iteration i="0">
<sensors>[[3.89679672382772,5.03742303326726,331.249751765281], [8.49580337014049,2.25421635014936,134.576614899561], [1.21381820202805,2.75305496575311,216.640878338367], [7.28170282579958,2.01188180968165,51.2895311973989], [4.66772177768871,0.18839000724256,117.988652586937], [6.63509602867998,4.06710888817906,197.803704813123], [4.4226985455025,1.57078973064199,336.303641237319], [0.815632704645395,0.479608675930649,52.2409697435796], [3.12295695743524,4.45276169199497,195.113969100639], [1.73889200901613,0.520694755017757,14.3389005493373], [1.3283597859554,2.42436468601227,146.584439948201]]</sensors>
<obstacles>[[1.57384589826688, 1.37838762626052], [2.79091134178452, 5.80232958868146], [7.37575842859223, 4.26633456721902], [0.940470132278278, 5.56148836249486], [8.8555301874876, 0.254764935001731], [6.80604010960087, 2.82418355438858], [5.53718782751821, 1.96243822993711], [6.99482837179676, 0.737107529304922], [1.7344704628922, 1.87527886452153], [2.95668402733281, 3.58364591840655], [8.79496671888046, 5.83553704619408]]</obstacles>
<global-best>4.0648398465429</global-best>
</iteration>
<iteration i="600">
<sensors>[[8.45482512113961,5.59304721268619,200.4794135698], [8.88352959168259,5.41479799193167,252.699294552825], [0.276181053448619,0.557762396751932,0.865664506020987], [0.0265966420898901,4.18006770479809,0], [5.01029254736819,4.10033646170561,5.62392599409419], [5.12510284940671,4.64172397079147,245.158834582742], [5.30775542990088,5.87306861512018,301.699751686804], [1.15238331659159,0.353963765083053,102.026661482836], [0.342086506191712,5.47198872104949,106.617132186172], [0.0225112019167027,1.28608232293613,357.045575852897], [7.60993521364998,3.62914798773365,178.190179056356]]</sensors>
<obstacles>[[1.57384589826688, 1.37838762626052], [2.79091134178452, 5.80232958868146], [7.37575842859223, 4.26633456721902], [0.940470132278278, 5.56148836249486], [8.8555301874876, 0.254764935001731], [6.80604010960087, 2.82418355438858], [5.53718782751821, 1.96243822993711], [6.99482837179676, 0.737107529304922], [1.7344704628922, 1.87527886452153], [2.95668402733281, 3.58364591840655], [8.79496671888046, 5.83553704619408]]</obstacles>
<global-best>0.999406415717647</global-best>
</iteration>
<iterations>600</iterations>
<elapsed-time>153367</elapsed-time>
<average-time>0</average-time>
</simulation>