<?xml version="1.0" encoding="UTF-8"?>
<simulation>
<software>charlie-simulation-framework; v1.0.0; Jakob Rieke</software>
<system>Unix; Unix 18.2.0.0; 18.2.0.0</system>
<datetime>7/10/2019 9:52:14 AM</datetime>
<title>Static Sensor Positioning</title>
<meta>Author: Jakob Rieke; Version v1.4.0; Deterministic: No</meta>
<configuration>
  Zoom = 40
  NumberOfSensors = 11
  NumberOfObstacles = 11
  FieldHeight = 9
  FieldWidth = 6
  PlayerSensorRange = 12
  PlayerSensorFOV = 56.3
  PlayerSize = 0.1555
  Optimizer = SPSO-2006
  </configuration>
<iteration i="0">
<sensors>[[7.04324348713271,3.98184901848435,48.1116962246597], [3.55259683728218,1.44476334331557,127.634829645976], [4.28058429504745,0.760178103111684,141.085590776056], [8.86331071215682,5.73482877574861,237.497828509659], [6.6363314227201,4.85155386384577,168.430120591074], [4.94367325189523,4.59133294411004,318.658884633332], [4.13293612143025,3.4716914431192,4.94860975071788], [6.26604584860615,0.650711155962199,315.475394474342], [3.4784535644576,5.41529091540724,6.24095748178661], [8.3486992532853,2.74058192549273,20.8241463359445], [3.87825467996299,5.0550111788325,235.930381603539]]</sensors>
<obstacles>[[3.70977189880796, 3.64491079235449], [0.707117451354861, 3.96536129107699], [6.62258843751624, 2.04424195038155], [2.44851878844202, 2.87679296638817], [6.75213717366569, 4.12812587432563], [4.60336294770241, 1.0388024286367], [2.17518497840501, 1.11579339997843], [6.46922127041034, 1.4197012251243], [4.49655231996439, 1.45607173489407], [5.27127001527697, 2.56562748318538], [6.36361897154711, 4.42662339331582]]</obstacles>
<global-best>10.2967132240242</global-best>
</iteration>
<iteration i="600">
<sensors>[[2.90093231889509,5.99997156951459,224.508072458984], [2.81106760989912,5.20821664764617,8.99693338686609], [3.59419869802082,0.573060972910771,120.817122669335], [6.81553879132751,5.62049703846899,205.590622693883], [8.35066552857521,1.34057295389064,177.148684853704], [8.63469002752796,3.68342024071832,189.771252707054], [7.98344068542289,5.99842004054735,250.769604148576], [8.9619266865477,1.0759277869237,111.205515976564], [1.15668787708683,4.81098273097219,98.3161323455749], [1.69264756607037,0.0562619163287321,356.281838638158], [0.374714246581764,2.80222185729784,355.165369410995]]</sensors>
<obstacles>[[3.70977189880796, 3.64491079235449], [0.707117451354861, 3.96536129107699], [6.62258843751624, 2.04424195038155], [2.44851878844202, 2.87679296638817], [6.75213717366569, 4.12812587432563], [4.60336294770241, 1.0388024286367], [2.17518497840501, 1.11579339997843], [6.46922127041034, 1.4197012251243], [4.49655231996439, 1.45607173489407], [5.27127001527697, 2.56562748318538], [6.36361897154711, 4.42662339331582]]</obstacles>
<global-best>0.463632750646471</global-best>
</iteration>
<iterations>600</iterations>
<elapsed-time>143421</elapsed-time>
<average-time>0</average-time>
</simulation>