<?xml version="1.0" encoding="UTF-8"?>
<simulation>
<software>charlie-simulation-framework; v1.0.0; Jakob Rieke</software>
<system>Unix; Unix 18.2.0.0; 18.2.0.0</system>
<datetime>7/10/2019 12:55:29 AM</datetime>
<title>Static Sensor Positioning</title>
<meta>Author: Jakob Rieke; Version v1.4.0; Deterministic: No</meta>
<configuration>
  Zoom = 40
  NumberOfSensors = 11
  NumberOfObstacles = 11
  FieldHeight = 9
  FieldWidth = 6
  PlayerSensorRange = 12
  PlayerSensorFOV = 56.3
  PlayerSize = 0.1555
  Optimizer = SPSO-2006
  </configuration>
<iteration i="0">
<sensors>[[3.20893699047156,1.54336701566353,116.487329676747], [1.2508023690898,1.65560728311539,317.72359826602], [0.853285663761199,1.91162512823939,31.0184665024281], [0.522639245493338,4.88819121709093,289.288809495047], [0.170054486487061,2.9368195286952,116.61846078001], [2.32848003180698,3.61727423965931,308.344976501539], [3.63077479787171,3.98893768480048,296.1761726439], [6.42448169505224,3.73327552853152,288.4540430177], [8.4641871645581,0.497870402410626,93.560286462307], [1.60906703677028,5.97396446624771,3.43931078910828], [4.40350172203034,3.26050974195823,174.383336389437]]</sensors>
<obstacles>[[5.10594261623919, 5.51659498829395], [5.62156268837862, 3.03999018575996], [7.00835024029948, 3.83421712182462], [3.83192334137857, 5.44483740907162], [7.23448046157137, 5.09768759971485], [0.8657027031295, 4.97702843695879], [3.18801093008369, 3.3832856984809], [1.89757025172003, 5.0591510636732], [2.26347593357787, 0.938485989812762], [0.704097395064309, 3.51936231181026], [3.094918014016, 2.61614524712786]]</obstacles>
<global-best>8.50074058848422</global-best>
</iteration>
<iteration i="600">
<sensors>[[5.37240622207901,2.33901229348501,141.056362951912], [1.17825437016519,5.20442868524128,39.9618130224811], [0.137062885262527,4.2653033091999,60.8650461369281], [3.11532441191283,4.59800081909679,13.4863852516193], [1.96540061682762,4.21143517544522,6.30289036967527], [8.90470407626265,5.61152809192853,204.414057017032], [3.78675485856196,2.08864528144973,0], [8.99314497715721,2.75190269513076,183.657265956635], [7.46241926890884,0.0709795247074723,156.36869595538], [2.32528273883078,5.99116093816796,251.28694539328], [0.047164210728038,5.45469954023815,336.858624318026]]</sensors>
<obstacles>[[5.10594261623919, 5.51659498829395], [5.62156268837862, 3.03999018575996], [7.00835024029948, 3.83421712182462], [3.83192334137857, 5.44483740907162], [7.23448046157137, 5.09768759971485], [0.8657027031295, 4.97702843695879], [3.18801093008369, 3.3832856984809], [1.89757025172003, 5.0591510636732], [2.26347593357787, 0.938485989812762], [0.704097395064309, 3.51936231181026], [3.094918014016, 2.61614524712786]]</obstacles>
<global-best>0.848841129594281</global-best>
</iteration>
<iterations>600</iterations>
<elapsed-time>147606</elapsed-time>
<average-time>0</average-time>
</simulation>