<?xml version="1.0" encoding="UTF-8"?>
<simulation>
<software>charlie-simulation-framework; v1.0.0; Jakob Rieke</software>
<system>Unix; Unix 18.2.0.0; 18.2.0.0</system>
<datetime>7/10/2019 7:30:20 AM</datetime>
<title>Static Sensor Positioning</title>
<meta>Author: Jakob Rieke; Version v1.4.0; Deterministic: No</meta>
<configuration>
  Zoom = 40
  NumberOfSensors = 11
  NumberOfObstacles = 11
  FieldHeight = 9
  FieldWidth = 6
  PlayerSensorRange = 12
  PlayerSensorFOV = 56.3
  PlayerSize = 0.1555
  Optimizer = SPSO-2006
  </configuration>
<iteration i="0">
<sensors>[[4.83181673521176,2.95688853738829,75.7751313876361], [5.40988320764154,2.25842311838642,335.355300558731], [3.02278116974048,4.83044765470549,28.5591588634998], [4.47387124411762,0.278262612875551,325.792779251933], [8.16273503866978,2.45878238137811,173.486184999347], [4.03330767829902,2.40399645734578,238.024419145659], [0.362821598304436,5.49100972898304,192.807630356401], [7.25876647699624,5.50121583603323,220.546732479706], [5.09927823836915,3.21024879673496,37.8252364788204], [0.0938520776107907,4.66834000032395,339.919791910797], [6.56430826638825,2.73869584361091,93.9808815624565]]</sensors>
<obstacles>[[2.08172802580521, 2.88038682611659], [7.90807249839418, 0.941107998602092], [7.98396811075509, 4.43385729147121], [0.566323499428108, 1.47580002062023], [4.12912973994389, 1.63522884948179], [1.98868549964391, 0.685473304241896], [5.80403314973228, 1.11030337773263], [7.62167386407964, 1.57029304280877], [8.33897103415802, 5.21578689152375], [1.90939153474756, 2.14543609041721], [1.57991332537495, 3.61806813580915]]</obstacles>
<global-best>7.62102853135036</global-best>
</iteration>
<iteration i="600">
<sensors>[[7.65086459033013,0.108215211940122,160.146215417943], [1.85709450934516,4.39159794244763,2.07457125016636], [2.79451281996293,5.01798139360381,248.81177879609], [0.00079574339132089,5.12602831769191,344.344639239661], [0.729922847649552,5.99863516448715,258.870988434353], [0.183897813426993,0.45259829612533,16.5468780655844], [8.9416391696711,4.03849885606673,128.518621497387], [1.24612950491184,1.31753868778448,359.801783445423], [5.10172389359653,5.02854276598745,268.216352628861], [8.32826998469636,2.55745104399565,160.895307097793], [0.731723268470798,2.71672616894862,360]]</sensors>
<obstacles>[[2.08172802580521, 2.88038682611659], [7.90807249839418, 0.941107998602092], [7.98396811075509, 4.43385729147121], [0.566323499428108, 1.47580002062023], [4.12912973994389, 1.63522884948179], [1.98868549964391, 0.685473304241896], [5.80403314973228, 1.11030337773263], [7.62167386407964, 1.57029304280877], [8.33897103415802, 5.21578689152375], [1.90939153474756, 2.14543609041721], [1.57991332537495, 3.61806813580915]]</obstacles>
<global-best>0.680209048970601</global-best>
</iteration>
<iterations>600</iterations>
<elapsed-time>144877</elapsed-time>
<average-time>0</average-time>
</simulation>