<?xml version="1.0" encoding="UTF-8"?>
<simulation>
<software>charlie-simulation-framework; v1.0.0; Jakob Rieke</software>
<system>Unix; Unix 18.2.0.0; 18.2.0.0</system>
<datetime>7/10/2019 7:20:30 AM</datetime>
<title>Static Sensor Positioning</title>
<meta>Author: Jakob Rieke; Version v1.4.0; Deterministic: No</meta>
<configuration>
  Zoom = 40
  NumberOfSensors = 11
  NumberOfObstacles = 11
  FieldHeight = 9
  FieldWidth = 6
  PlayerSensorRange = 12
  PlayerSensorFOV = 56.3
  PlayerSize = 0.1555
  Optimizer = SPSO-2006
  </configuration>
<iteration i="0">
<sensors>[[3.24250962864608,2.72819164954126,113.856410700828], [6.27760280622169,4.87884776294231,217.353843189776], [2.50085055967793,4.07194501161575,233.09279255569], [8.60733915749006,1.01074290694669,191.371649578214], [8.82110391743481,0.182262187823653,95.4366101045161], [1.17878626193851,2.13151677791029,28.2615966908634], [6.4139023271855,1.18426252249628,192.288839751855], [7.55720279202797,4.4517306368798,56.9242900796235], [6.9637114929501,5.56744270166382,126.087515316904], [8.72787305200472,3.28590045589954,220.647467030212], [6.25162139371969,0.24859791342169,141.460146680474]]</sensors>
<obstacles>[[4.16652554017492, 4.91798153473064], [8.01800579577684, 3.3491221438162], [5.99356569559313, 1.8821332664229], [3.39589921105653, 5.14214981580153], [6.53589553618804, 3.75169532932341], [6.36450338386931, 2.69616351323202], [3.02608409430832, 3.23678358877078], [6.57626435137354, 5.78841022448614], [2.57286125002429, 5.54222110798582], [2.69268597476184, 1.02309243986383], [5.76959544047713, 0.334301952738315]]</obstacles>
<global-best>9.24416955288687</global-best>
</iteration>
<iteration i="600">
<sensors>[[0.658370820913713,3.46771186054761,348.800251323393], [0.0143247531434537,0.926018116656249,356.830246435567], [0.187523629323898,5.81372400069816,344.228778105886], [6.01317886824946,0.748756765787995,179.179376615583], [7.83984990172934,0.00276088562429999,152.090108620514], [8.63441333047544,3.30283137377747,127.969017054498], [7.54365107731329,3.96560001756648,165.198713943984], [1.70317870902577,0.66189931932219,235.582917624541], [8.75290413251195,4.52262065705588,296.228230344021], [1.93129517870964,2.3258849956911,3.58394974645672], [2.63983848612425,3.4461026309285,206.303534802232]]</sensors>
<obstacles>[[4.16652554017492, 4.91798153473064], [8.01800579577684, 3.3491221438162], [5.99356569559313, 1.8821332664229], [3.39589921105653, 5.14214981580153], [6.53589553618804, 3.75169532932341], [6.36450338386931, 2.69616351323202], [3.02608409430832, 3.23678358877078], [6.57626435137354, 5.78841022448614], [2.57286125002429, 5.54222110798582], [2.69268597476184, 1.02309243986383], [5.76959544047713, 0.334301952738315]]</obstacles>
<global-best>0.972384053869378</global-best>
</iteration>
<iterations>600</iterations>
<elapsed-time>151209</elapsed-time>
<average-time>0</average-time>
</simulation>