<?xml version="1.0" encoding="UTF-8"?>
<simulation>
<software>charlie-simulation-framework; v1.0.0; Jakob Rieke</software>
<system>Unix; Unix 18.2.0.0; 18.2.0.0</system>
<datetime>7/10/2019 9:24:08 AM</datetime>
<title>Static Sensor Positioning</title>
<meta>Author: Jakob Rieke; Version v1.4.0; Deterministic: No</meta>
<configuration>
  Zoom = 40
  NumberOfSensors = 11
  NumberOfObstacles = 11
  FieldHeight = 9
  FieldWidth = 6
  PlayerSensorRange = 12
  PlayerSensorFOV = 56.3
  PlayerSize = 0.1555
  Optimizer = SPSO-2006
  </configuration>
<iteration i="0">
<sensors>[[8.46663084137253,2.73376395134255,36.9353925995529], [6.30594455637038,1.65684223361313,321.428039297462], [8.79561540274881,0.966372578870505,136.378370281309], [2.3676131113898,4.66858710162342,309.997583962977], [8.83744402066804,0.113368552643806,311.186249731109], [4.24662517360412,0.315051516517997,111.757865874097], [4.23872059048153,2.41921025840566,42.3676441982389], [5.95131288841367,1.20108265243471,172.256681760773], [4.00037577794865,4.02415890572593,94.3220971897244], [1.89870255254209,1.21150576137006,78.645155383274], [2.74129563407041,2.2169054816477,70.1567347347736]]</sensors>
<obstacles>[[5.74730623955838, 2.65034942189232], [8.18890416808426, 3.06079652393237], [3.07670283713378, 3.3798704710789], [5.00190678611398, 4.97567685088143], [3.52596872951835, 0.607702185865492], [2.33964653732255, 1.94120998308063], [7.01771395769902, 0.411113660316914], [7.66163286496885, 3.01577583141625], [2.70620075846091, 3.55826880270615], [3.75823896517977, 1.15121529903263], [4.96090315910988, 0.739075995516032]]</obstacles>
<global-best>10.3895921066276</global-best>
</iteration>
<iteration i="600">
<sensors>[[8.72763264679514,3.9092960980398,360], [0.401501429272684,4.21146550061755,293.638429869021], [7.40604541539316,0.681874620006031,147.087266436233], [0.0474518556747252,1.70122368462158,4.08018366382585], [7.51386844231288,2.73704456347667,312.581214314552], [8.75065673566251,4.43441366592062,170.909604157643], [2.59850446163649,5.45135155340667,290.960371798863], [6.12742765828524,5.99563713339163,307.917652368665], [4.08924731146466,0.460362521487624,240.719240622042], [6.15246651783062,0.000464548421660429,65.9017894400565], [8.99037615489048,1.40174634186926,164.366314739968]]</sensors>
<obstacles>[[5.74730623955838, 2.65034942189232], [8.18890416808426, 3.06079652393237], [3.07670283713378, 3.3798704710789], [5.00190678611398, 4.97567685088143], [3.52596872951835, 0.607702185865492], [2.33964653732255, 1.94120998308063], [7.01771395769902, 0.411113660316914], [7.66163286496885, 3.01577583141625], [2.70620075846091, 3.55826880270615], [3.75823896517977, 1.15121529903263], [4.96090315910988, 0.739075995516032]]</obstacles>
<global-best>0.996069901288331</global-best>
</iteration>
<iterations>600</iterations>
<elapsed-time>156139</elapsed-time>
<average-time>0</average-time>
</simulation>