<?xml version="1.0" encoding="UTF-8"?>
<simulation>
<software>charlie-simulation-framework; v1.0.0; Jakob Rieke</software>
<system>Unix; Unix 18.2.0.0; 18.2.0.0</system>
<datetime>7/10/2019 9:03:26 AM</datetime>
<title>Static Sensor Positioning</title>
<meta>Author: Jakob Rieke; Version v1.4.0; Deterministic: No</meta>
<configuration>
  Zoom = 40
  NumberOfSensors = 11
  NumberOfObstacles = 11
  FieldHeight = 9
  FieldWidth = 6
  PlayerSensorRange = 12
  PlayerSensorFOV = 56.3
  PlayerSize = 0.1555
  Optimizer = SPSO-2006
  </configuration>
<iteration i="0">
<sensors>[[6.9104899931699,5.28528293967247,20.9612943045795], [0.930969873676077,1.73142143106088,328.514087414369], [4.06798243196681,0.542634285986423,119.012777153403], [0.815057006198913,3.22327314829454,28.7575761135668], [8.67407661653124,5.60826929938048,189.72929963842], [6.10200006351806,3.44422927731648,187.377272648737], [3.28558351448737,1.64783680485561,16.9909611158073], [3.53692559106275,3.91039769724011,197.184848953038], [2.19282957818359,4.87607837794349,120.900092320517], [7.09736011968926,1.26234287442639,350.349263437092], [6.47927356115542,0.729058155789971,62.3963486775756]]</sensors>
<obstacles>[[3.84889364847913, 3.51348721794784], [3.69549223501235, 5.51219127047807], [8.92729097558185, 0.200624390970916], [4.66788579476997, 5.04567800369114], [6.70640534651466, 4.77000569365919], [4.53258740203455, 3.61788874212652], [2.4846068629995, 0.200057330075651], [7.77654413692653, 2.53828216809779], [0.754392189905047, 5.15236146887764], [1.56998357176781, 2.38008725456893], [6.63043947704136, 1.3791705253534]]</obstacles>
<global-best>6.05348693830516</global-best>
</iteration>
<iteration i="600">
<sensors>[[1.23209254049257,4.43112397190265,343.492440567975], [5.10504586612516,0.601512147006374,130.947845512448], [0.687174013591946,5.63414888932478,0], [7.17688452589054,3.96178131844784,201.408384811426], [3.36518338733565,3.12150884151603,335.67478463603], [3.20087483663291,5.95302888689143,350.350895256872], [0.0344870529884787,0.933828065470558,0.00421088301783082], [6.02814447811309,1.40065356798624,318.478416601929], [3.97668478685896,4.10745833153837,33.7441410469513], [0.00101550428550608,1.26626915964149,61.9355276665912], [3.87244711075757,3.06889717671286,1.67671661811343]]</sensors>
<obstacles>[[3.84889364847913, 3.51348721794784], [3.69549223501235, 5.51219127047807], [8.92729097558185, 0.200624390970916], [4.66788579476997, 5.04567800369114], [6.70640534651466, 4.77000569365919], [4.53258740203455, 3.61788874212652], [2.4846068629995, 0.200057330075651], [7.77654413692653, 2.53828216809779], [0.754392189905047, 5.15236146887764], [1.56998357176781, 2.38008725456893], [6.63043947704136, 1.3791705253534]]</obstacles>
<global-best>0.734280253811304</global-best>
</iteration>
<iterations>600</iterations>
<elapsed-time>135659</elapsed-time>
<average-time>0</average-time>
</simulation>