<?xml version="1.0" encoding="UTF-8"?>
<simulation>
<software>charlie-simulation-framework; v1.0.0; Jakob Rieke</software>
<system>Unix; Unix 18.2.0.0; 18.2.0.0</system>
<datetime>7/10/2019 7:23:01 AM</datetime>
<title>Static Sensor Positioning</title>
<meta>Author: Jakob Rieke; Version v1.4.0; Deterministic: No</meta>
<configuration>
  Zoom = 40
  NumberOfSensors = 11
  NumberOfObstacles = 11
  FieldHeight = 9
  FieldWidth = 6
  PlayerSensorRange = 12
  PlayerSensorFOV = 56.3
  PlayerSize = 0.1555
  Optimizer = SPSO-2006
  </configuration>
<iteration i="0">
<sensors>[[4.45165528845973,5.32451934367418,311.943337423727], [2.98703254340217,5.85503066517413,193.593623712659], [7.38095981650986,5.08760805660859,77.0780052803457], [8.85803151503205,2.29396441206336,72.9586002789438], [3.5641388038639,5.29244283121079,225.283217802644], [4.92743805446662,5.3995251157321,331.354328244925], [5.75557806319557,4.55153272999451,241.189967673272], [1.87527037854306,0.836908240802586,155.680081117898], [7.40660609747283,3.97975085908547,289.680678891018], [3.15515491529368,4.25211512390524,348.275432568043], [3.40496729663573,0.193438173271716,165.461771674454]]</sensors>
<obstacles>[[0.0580207156017423, 0.801918621640652], [3.57058812724426, 4.83599232695997], [3.43962993007153, 3.34551374986768], [6.40857480838895, 5.53156020585448], [4.18035252671689, 2.6731733973138], [4.10003564693034, 3.50771105429158], [7.65874674730003, 1.98311314964667], [1.09348549204879, 5.02659496385604], [1.00635933433659, 4.63958819350228], [2.8259412618354, 0.85555178951472], [7.96553415153176, 0.808612757362425]]</obstacles>
<global-best>9.68724971971766</global-best>
</iteration>
<iteration i="600">
<sensors>[[1.40479341779655,5.07759226089333,326.546751096157], [8.14393263633281,5.18931489098395,189.721501970368], [8.38241555203336,3.04031260845524,225.251993580794], [0.0867854886657567,5.21767547437805,358.861189043239], [1.96656759438476,3.20507300698499,10.8583328186724], [8.64998618078678,2.3375009569214,174.920845222311], [0.00235679848928143,4.15827835015604,40.1579431486295], [6.95913060770036,1.51965696165523,359.329351670498], [3.9061911288991,0.983491721817778,19.2482503829366], [8.94715929236027,0.126938911212636,159.221283658355], [6.20133325568709,4.40504988037594,229.035467198929]]</sensors>
<obstacles>[[0.0580207156017423, 0.801918621640652], [3.57058812724426, 4.83599232695997], [3.43962993007153, 3.34551374986768], [6.40857480838895, 5.53156020585448], [4.18035252671689, 2.6731733973138], [4.10003564693034, 3.50771105429158], [7.65874674730003, 1.98311314964667], [1.09348549204879, 5.02659496385604], [1.00635933433659, 4.63958819350228], [2.8259412618354, 0.85555178951472], [7.96553415153176, 0.808612757362425]]</obstacles>
<global-best>0.761646564032073</global-best>
</iteration>
<iterations>600</iterations>
<elapsed-time>144110</elapsed-time>
<average-time>0</average-time>
</simulation>