<?xml version="1.0" encoding="UTF-8"?>
<simulation>
<software>charlie-simulation-framework; v1.0.0; Jakob Rieke</software>
<system>Unix; Unix 18.2.0.0; 18.2.0.0</system>
<datetime>7/10/2019 10:02:10 AM</datetime>
<title>Static Sensor Positioning</title>
<meta>Author: Jakob Rieke; Version v1.4.0; Deterministic: No</meta>
<configuration>
  Zoom = 40
  NumberOfSensors = 11
  NumberOfObstacles = 11
  FieldHeight = 9
  FieldWidth = 6
  PlayerSensorRange = 12
  PlayerSensorFOV = 56.3
  PlayerSize = 0.1555
  Optimizer = SPSO-2006
  </configuration>
<iteration i="0">
<sensors>[[3.33789677848108,2.50372691312805,16.762559870258], [7.67881794157438,0.155144543386996,157.822911059484], [4.44034547335468,0.489289262797683,187.371837235987], [7.91089091962203,5.6500225905329,237.693531364203], [2.40852154931054,0.16621200973168,259.853570004925], [6.44209598796442,3.06563365738839,245.822844374925], [0.0196395199745893,5.58816349413246,224.933878518641], [4.44129936746322,2.25165794743225,146.132895005867], [7.33442669408396,5.65157381258905,55.2188695035875], [8.29381761699915,4.55985808325931,245.1698960457], [3.04595772083849,5.08796938089654,31.0880252346396]]</sensors>
<obstacles>[[3.55297753284685, 3.65474541205913], [0.843735275091603, 1.95440758718178], [3.66543927951716, 0.860541685950011], [3.68546062451787, 2.19836210086942], [4.16870283172466, 4.15828176168725], [3.01768970419653, 1.91616277489811], [6.40697270818055, 3.39000843744725], [5.70048228395171, 2.89782303851098], [2.07278610672802, 3.25832343287766], [4.10264253197238, 2.16803932422772], [7.51527153560892, 0.929497883655131]]</obstacles>
<global-best>10.5755573514227</global-best>
</iteration>
<iteration i="600">
<sensors>[[8.49231154215203,1.22382113267442,151.850677817875], [5.40004124796186,5.91392638940238,268.295933883638], [4.18335692735017,5.99622842845305,287.242496996617], [8.02657259171084,4.26905524136927,191.190929736753], [0.978738421214585,4.60330128579326,0], [8.92024489313056,5.11200062085368,246.018281821242], [0.0432088775468491,4.9617759197644,287.124098433857], [7.88370596112628,2.17505198113483,108.720775985424], [6.62974896313081,5.58033882221027,17.5973105036939], [2.26354598362766,2.73615755945729,140.665786694932], [3.97249327613655,0.413146599048793,161.538637203573]]</sensors>
<obstacles>[[3.55297753284685, 3.65474541205913], [0.843735275091603, 1.95440758718178], [3.66543927951716, 0.860541685950011], [3.68546062451787, 2.19836210086942], [4.16870283172466, 4.15828176168725], [3.01768970419653, 1.91616277489811], [6.40697270818055, 3.39000843744725], [5.70048228395171, 2.89782303851098], [2.07278610672802, 3.25832343287766], [4.10264253197238, 2.16803932422772], [7.51527153560892, 0.929497883655131]]</obstacles>
<global-best>0.630265674718783</global-best>
</iteration>
<iterations>600</iterations>
<elapsed-time>150461</elapsed-time>
<average-time>0</average-time>
</simulation>