<?xml version="1.0" encoding="UTF-8"?>
<simulation>
<software>charlie-simulation-framework; v1.0.0; Jakob Rieke</software>
<system>Unix; Unix 18.2.0.0; 18.2.0.0</system>
<datetime>7/10/2019 9:59:46 AM</datetime>
<title>Static Sensor Positioning</title>
<meta>Author: Jakob Rieke; Version v1.4.0; Deterministic: No</meta>
<configuration>
  Zoom = 40
  NumberOfSensors = 11
  NumberOfObstacles = 11
  FieldHeight = 9
  FieldWidth = 6
  PlayerSensorRange = 12
  PlayerSensorFOV = 56.3
  PlayerSize = 0.1555
  Optimizer = SPSO-2006
  </configuration>
<iteration i="0">
<sensors>[[8.17437879927456,1.13771215640008,340.261059338227], [7.85243970318697,3.913915946614,3.33995690569282], [8.06697508692741,4.67526407819241,15.8826985023916], [4.22577359480783,0.926625243388116,272.518588230014], [6.66599843138829,3.51100373687223,67.0576321519911], [7.92145069898106,2.6512968535535,165.034552859142], [5.5431465622969,3.0169373662211,278.593023531139], [7.5816774694249,5.23380639916286,214.299042150378], [1.36969470558688,0.325224903412163,47.2470221109688], [8.72369981557131,0.419186248909682,137.049922076985], [0.543629936641082,3.14625799097121,28.910944070667]]</sensors>
<obstacles>[[7.11318846372887, 0.655898465774953], [0.09541583689861, 1.47676018439233], [4.35969738475978, 3.55719906371087], [5.69250207510777, 5.2283800332807], [3.03813616884872, 0.4346480704844], [8.55338980467059, 1.53870308445767], [1.39616969903, 2.23527489043772], [1.6955826964695, 3.43342465208843], [0.437712421640754, 4.20470317499712], [6.08657566225156, 3.03357004746795], [7.50748152052984, 2.42585068428889]]</obstacles>
<global-best>7.64094995438687</global-best>
</iteration>
<iteration i="600">
<sensors>[[1.41276049223933,5.42467064117811,350.862190373408], [4.79925807470498,1.0134625718062,130.712556501683], [6.95737098492703,4.91427516260792,210.896889949087], [8.53435227042928,4.72027131957704,234.903556367302], [2.27384585103382,2.13148324772201,134.609308935045], [0.0188043612936821,3.40791297915454,327.95468479901], [2.99795182187163,1.97716571400507,260.360616468396], [3.79629071680742,5.9935522890172,351.286610959814], [4.24868049805063,0.535506700550133,148.246899084288], [8.92086729148287,5.4245700969523,202.025514951336], [8.99888486505821,0.0152625976560472,169.581845969327]]</sensors>
<obstacles>[[7.11318846372887, 0.655898465774953], [0.09541583689861, 1.47676018439233], [4.35969738475978, 3.55719906371087], [5.69250207510777, 5.2283800332807], [3.03813616884872, 0.4346480704844], [8.55338980467059, 1.53870308445767], [1.39616969903, 2.23527489043772], [1.6955826964695, 3.43342465208843], [0.437712421640754, 4.20470317499712], [6.08657566225156, 3.03357004746795], [7.50748152052984, 2.42585068428889]]</obstacles>
<global-best>0.655559718119456</global-best>
</iteration>
<iterations>600</iterations>
<elapsed-time>144387</elapsed-time>
<average-time>0</average-time>
</simulation>