<?xml version="1.0" encoding="UTF-8"?>
<simulation>
<software>charlie-simulation-framework; v1.0.0; Jakob Rieke</software>
<system>Unix; Unix 18.2.0.0; 18.2.0.0</system>
<datetime>7/10/2019 8:34:40 AM</datetime>
<title>Static Sensor Positioning</title>
<meta>Author: Jakob Rieke; Version v1.4.0; Deterministic: No</meta>
<configuration>
  Zoom = 40
  NumberOfSensors = 11
  NumberOfObstacles = 11
  FieldHeight = 9
  FieldWidth = 6
  PlayerSensorRange = 12
  PlayerSensorFOV = 56.3
  PlayerSize = 0.1555
  Optimizer = SPSO-2006
  </configuration>
<iteration i="0">
<sensors>[[1.01078973803669,0.347279237117618,101.848131101578], [4.09976735687815,3.22550005512312,233.379806773737], [0.555710666812956,5.7781916745007,190.021918918937], [4.27468031505123,2.03989777062088,347.615426424891], [7.23583121784031,5.4335728646256,184.663364030421], [7.97143056476489,0.122205214574933,108.51399843581], [6.91012763930485,4.30001976387575,133.169437944889], [2.98578349733725,3.66300995182246,338.370351344347], [0.0968271314632148,2.1755485679023,315.170144755393], [0.59241723571904,0.256500964052975,96.1345590278506], [7.51967178750783,1.24277117941529,23.2180716097355]]</sensors>
<obstacles>[[1.66534072067589, 5.96830669278279], [6.15588829340413, 5.85126529773697], [5.47953405906446, 1.49670146685094], [2.05494813853875, 2.52704226085916], [3.6020741534885, 0.748472034931183], [3.13235454610549, 2.37312525836751], [3.08360101561993, 2.90135627472773], [4.56905299751088, 4.20225482946262], [7.91885515046306, 4.74467361392453], [7.31759115331806, 5.01746871415526], [5.22333247144707, 5.77232326660305]]</obstacles>
<global-best>8.85317777341911</global-best>
</iteration>
<iteration i="600">
<sensors>[[0.00020675928938295,0.2015359645714,359.979605106631], [3.18789397175322,4.12448006612488,30.3259420722736], [8.30971921341255,3.50527135423204,193.24865158484], [5.72518336972287,0.912990171271697,173.686486521981], [7.79454612077105,0.415631518401513,118.166194646135], [0.00960330943983407,5.87913238923353,360], [0.00077735541309764,4.72044464729475,0], [4.31023423851153,5.91439376503898,204.452240505856], [8.99935113482011,5.74801721151248,235.052658099865], [0.738140222981207,3.83748818247737,45.3100428371588], [0.000234343542424648,3.78458673471394,350.313379766063]]</sensors>
<obstacles>[[1.66534072067589, 5.96830669278279], [6.15588829340413, 5.85126529773697], [5.47953405906446, 1.49670146685094], [2.05494813853875, 2.52704226085916], [3.6020741534885, 0.748472034931183], [3.13235454610549, 2.37312525836751], [3.08360101561993, 2.90135627472773], [4.56905299751088, 4.20225482946262], [7.91885515046306, 4.74467361392453], [7.31759115331806, 5.01746871415526], [5.22333247144707, 5.77232326660305]]</obstacles>
<global-best>0.196574467927209</global-best>
</iteration>
<iterations>600</iterations>
<elapsed-time>139296</elapsed-time>
<average-time>0</average-time>
</simulation>