<?xml version="1.0" encoding="UTF-8"?>
<simulation>
<software>charlie-simulation-framework; v1.0.0; Jakob Rieke</software>
<system>Unix; Unix 18.2.0.0; 18.2.0.0</system>
<datetime>7/10/2019 8:39:25 AM</datetime>
<title>Static Sensor Positioning</title>
<meta>Author: Jakob Rieke; Version v1.4.0; Deterministic: No</meta>
<configuration>
  Zoom = 40
  NumberOfSensors = 11
  NumberOfObstacles = 11
  FieldHeight = 9
  FieldWidth = 6
  PlayerSensorRange = 12
  PlayerSensorFOV = 56.3
  PlayerSize = 0.1555
  Optimizer = SPSO-2006
  </configuration>
<iteration i="0">
<sensors>[[2.35707821790129,2.10148082580417,202.511755870655], [6.93591769086197,2.06128354696557,62.6153185218573], [4.43608154472895,4.18674084171653,221.536830877885], [6.38925959472544,1.30482862656936,6.66266662068665], [3.90374964033253,1.54980088071898,326.967426957563], [4.20719330222346,5.51023207884282,294.889014651999], [8.76000038604252,1.23060348210856,181.472177943215], [3.52052111690864,0.447683501522988,214.324610643089], [1.93646447220817,3.45415284717456,79.6721525955945], [0.359543626662344,5.87029127357528,73.1878738291562], [1.91687750467099,2.41319354111329,31.8794585298747]]</sensors>
<obstacles>[[8.58453050698154, 3.13636673334986], [6.87397035118192, 5.99453094648197], [2.46004632138647, 3.76915584784001], [2.14086300646886, 5.93984553404152], [1.76599384937435, 1.96476283343509], [7.38361383299343, 0.681175375822932], [6.30703822080977, 3.09284159447998], [6.22693177708425, 5.55886036064476], [0.620320958085358, 1.0479010893032], [6.01860994636081, 1.20418352354318], [3.07655950658955, 1.09801304200664]]</obstacles>
<global-best>8.95408843342242</global-best>
</iteration>
<iteration i="600">
<sensors>[[5.34700249262153,4.00188191687455,5.82609542056755], [6.97807627340536,2.98129254952251,314.735089764778], [0.0126909977015359,5.82532362456447,317.957728515864], [5.44570797219099,5.80689280893054,231.53724003708], [8.87090595961623,5.56865638898397,218.741909565208], [8.9483428002018,4.76845397415439,149.566603776258], [2.53515644077336,0.000484112109779199,27.1920663591172], [8.56424251411479,3.9829667057876,276.299009348679], [1.92233304068388,5.13628226534769,359.861654633424], [0.036359585720461,0.769100045278704,18.1529585200719], [4.38450524561445,0.129459907027332,137.313201624301]]</sensors>
<obstacles>[[8.58453050698154, 3.13636673334986], [6.87397035118192, 5.99453094648197], [2.46004632138647, 3.76915584784001], [2.14086300646886, 5.93984553404152], [1.76599384937435, 1.96476283343509], [7.38361383299343, 0.681175375822932], [6.30703822080977, 3.09284159447998], [6.22693177708425, 5.55886036064476], [0.620320958085358, 1.0479010893032], [6.01860994636081, 1.20418352354318], [3.07655950658955, 1.09801304200664]]</obstacles>
<global-best>0.542329814280706</global-best>
</iteration>
<iterations>600</iterations>
<elapsed-time>146835</elapsed-time>
<average-time>0</average-time>
</simulation>