<?xml version="1.0" encoding="UTF-8"?>
<simulation>
<software>charlie-simulation-framework; v1.0.0; Jakob Rieke</software>
<system>Unix; Unix 18.2.0.0; 18.2.0.0</system>
<datetime>7/10/2019 1:00:03 AM</datetime>
<title>Static Sensor Positioning</title>
<meta>Author: Jakob Rieke; Version v1.4.0; Deterministic: No</meta>
<configuration>
  Zoom = 40
  NumberOfSensors = 11
  NumberOfObstacles = 11
  FieldHeight = 9
  FieldWidth = 6
  PlayerSensorRange = 12
  PlayerSensorFOV = 56.3
  PlayerSize = 0.1555
  Optimizer = SPSO-2006
  </configuration>
<iteration i="0">
<sensors>[[5.5777992233634,1.82188391592354,231.198579417542], [2.63949712878093,5.67824951559305,182.497549820691], [8.87659039604478,4.54509363463148,330.403552539647], [4.81908101169392,2.41360957128927,126.155752893537], [6.76507213921286,5.20353554282337,244.926003115252], [2.59937376296148,3.91572320647538,6.57911656424403], [5.42808901984245,3.5301148686558,168.744504405186], [8.69091116404161,2.16676433337852,110.725934905931], [2.51223796396516,2.20237365039065,288.852974250913], [0.787189520895481,5.51938104769215,291.215185420588], [5.85411816858687,3.86267763096839,135.639270488173]]</sensors>
<obstacles>[[1.11403833562508, 2.99544139858335], [8.82109358673915, 1.80372554529458], [2.13520457432605, 2.57209818391129], [4.37759504048154, 0.926324200350791], [8.76988564850762, 1.47169166849926], [5.36539701512083, 2.22662306344137], [3.25647904677317, 1.63946569198743], [3.81106263678521, 0.352244932204485], [6.9057538092602, 5.9575565722771], [3.39361688168719, 4.77028760919347], [8.8937915826682, 1.03789958590642]]</obstacles>
<global-best>8.44328448931786</global-best>
</iteration>
<iteration i="600">
<sensors>[[0.000746042930857437,4.86410689454146,0], [7.83258397348219,5.99955583360093,204.128866567006], [1.56734573047391,2.17438729782016,333.59445219914], [8.82101782415628,4.62580993129257,172.370324383057], [4.57871173247685,0.499526346384467,359.830645529327], [8.99921281811298,3.50678510557825,145.159172605687], [0.0281173954588073,3.71602714183049,297.447077782876], [1.38715623038981,5.46695124294066,183.874689228065], [8.91657506534633,0.277882530543338,155.481578684252], [3.92658005771419,5.8059965736023,282.713369247706], [5.4783448998205,5.33508388855943,346.832478343402]]</sensors>
<obstacles>[[1.11403833562508, 2.99544139858335], [8.82109358673915, 1.80372554529458], [2.13520457432605, 2.57209818391129], [4.37759504048154, 0.926324200350791], [8.76988564850762, 1.47169166849926], [5.36539701512083, 2.22662306344137], [3.25647904677317, 1.63946569198743], [3.81106263678521, 0.352244932204485], [6.9057538092602, 5.9575565722771], [3.39361688168719, 4.77028760919347], [8.8937915826682, 1.03789958590642]]</obstacles>
<global-best>0.462575035876704</global-best>
</iteration>
<iterations>600</iterations>
<elapsed-time>121742</elapsed-time>
<average-time>0</average-time>
</simulation>