<?xml version="1.0" encoding="UTF-8"?>
<simulation>
<software>charlie-simulation-framework; v1.0.0; Jakob Rieke</software>
<system>Unix; Unix 18.2.0.0; 18.2.0.0</system>
<datetime>6/18/2019 7:29:46 AM</datetime>
<title>Static Sensor Positioning</title>
<meta>Author: Jakob Rieke; Version v1.3.0</meta>
<configuration>
  Zoom = 40
  SizeTeamA = 4
  SizeTeamB = 4
  FieldHeight = 9
  FieldWidth = 6
  PlayerSensorRange = 12
  PlayerSensorFOV = 56.3
  PlayerSize = 0.1555
  Optimizer = Adaptive-Differential-Evolution
  </configuration>
<iteration i="0">
<sensors>[[9,4.94955207685697,1.87184270165671], [4.87830404422206,2.57482820599685,0.785189120980256], [9,0.580726951728744,360], [9,1.43821863374631,2.68515594715373]]</sensors>
<obstacles>[[0.539406280964613, 4.57378906616941], [5.22379043349065, 2.9621342215687], [6.58250400144607, 3.29395626811311], [2.39088718802668, 4.33685197960585]]</obstacles>
<global-best>9.81064559207133</global-best>
</iteration>
<iteration i="200">
<sensors>[[9,5.1621815659214,195.122970170989], [9,0.818116226610609,0], [0,0,6.32976608971106], [0,6,360]]</sensors>
<obstacles>[[0.539406280964613, 4.57378906616941], [5.22379043349065, 2.9621342215687], [6.58250400144607, 3.29395626811311], [2.39088718802668, 4.33685197960585]]</obstacles>
<global-best>1.45228603418957</global-best>
</iteration>
<iterations>200</iterations>
<elapsed-time>19619</elapsed-time>
<average-time>0</average-time>
</simulation>