<?xml version="1.0" encoding="UTF-8"?>
<simulation>
<software>charlie-simulation-framework; v1.0.0; Jakob Rieke</software>
<system>Unix; Unix 18.2.0.0; 18.2.0.0</system>
<datetime>6/18/2019 7:31:06 AM</datetime>
<title>Static Sensor Positioning</title>
<meta>Author: Jakob Rieke; Version v1.3.0</meta>
<configuration>
  Zoom = 40
  SizeTeamA = 4
  SizeTeamB = 4
  FieldHeight = 9
  FieldWidth = 6
  PlayerSensorRange = 12
  PlayerSensorFOV = 56.3
  PlayerSize = 0.1555
  Optimizer = Adaptive-Differential-Evolution
  </configuration>
<iteration i="0">
<sensors>[[1.30679516967079,6,360], [9,6,360], [9,2.12001181606204,360], [3.52540541173085,0.878619634518079,360]]</sensors>
<obstacles>[[8.50232849107124, 1.55473288055509], [2.73781124968082, 2.68818877916783], [8.79853789578192, 3.89147703722119], [5.69931734818965, 0.800908987876028]]</obstacles>
<global-best>13.9781715451752</global-best>
</iteration>
<iteration i="200">
<sensors>[[6.89423281231371,5.68450567712062,203.424968446171], [0.652152269406501,2.7722797601259,360], [9,6,233.104231140802], [0,0,352.045503677434]]</sensors>
<obstacles>[[8.50232849107124, 1.55473288055509], [2.73781124968082, 2.68818877916783], [8.79853789578192, 3.89147703722119], [5.69931734818965, 0.800908987876028]]</obstacles>
<global-best>1.47492471854195</global-best>
</iteration>
<iterations>200</iterations>
<elapsed-time>19130</elapsed-time>
<average-time>0</average-time>
</simulation>