<?xml version="1.0" encoding="UTF-8"?>
<simulation>
<software>charlie-simulation-framework; v1.0.0; Jakob Rieke</software>
<system>Unix; Unix 18.2.0.0; 18.2.0.0</system>
<datetime>6/18/2019 7:30:27 AM</datetime>
<title>Static Sensor Positioning</title>
<meta>Author: Jakob Rieke; Version v1.3.0</meta>
<configuration>
  Zoom = 40
  SizeTeamA = 4
  SizeTeamB = 4
  FieldHeight = 9
  FieldWidth = 6
  PlayerSensorRange = 12
  PlayerSensorFOV = 56.3
  PlayerSize = 0.1555
  Optimizer = Adaptive-Differential-Evolution
  </configuration>
<iteration i="0">
<sensors>[[9,1.75570357981038,4.2875205886754], [9,6,360], [1.65940404791837,6,360], [9,6,4.65959251151876]]</sensors>
<obstacles>[[7.87012402480468, 0.371841465588659], [1.54452908132225, 3.20086869690567], [7.78017778205685, 1.8483865018934], [2.52213303535245, 4.43328347476199]]</obstacles>
<global-best>14.5287233620512</global-best>
</iteration>
<iteration i="200">
<sensors>[[0.736270693445542,3.54622145535227,6], [6.63501214144343,0,162.784521777987], [0.437832353725101,2.22021285612607,360], [0,6,332.086134213875]]</sensors>
<obstacles>[[7.87012402480468, 0.371841465588659], [1.54452908132225, 3.20086869690567], [7.78017778205685, 1.8483865018934], [2.52213303535245, 4.43328347476199]]</obstacles>
<global-best>1.29039961445852</global-best>
</iteration>
<iterations>200</iterations>
<elapsed-time>20165</elapsed-time>
<average-time>0</average-time>
</simulation>