<?xml version="1.0" encoding="UTF-8"?>
<simulation>
<software>charlie-simulation-framework; v1.0.0; Jakob Rieke</software>
<system>Unix; Unix 18.2.0.0; 18.2.0.0</system>
<datetime>6/18/2019 7:28:29 AM</datetime>
<title>Static Sensor Positioning</title>
<meta>Author: Jakob Rieke; Version v1.3.0</meta>
<configuration>
  Zoom = 40
  SizeTeamA = 4
  SizeTeamB = 4
  FieldHeight = 9
  FieldWidth = 6
  PlayerSensorRange = 12
  PlayerSensorFOV = 56.3
  PlayerSize = 0.1555
  Optimizer = Adaptive-Differential-Evolution
  </configuration>
<iteration i="0">
<sensors>[[9,6,4.45690667476899], [2.40051087629993,6,3.4066109914348], [3.88151087306475,2.57495542233227,3.74868448561725], [1.41599710947275,1.62514336328608,360]]</sensors>
<obstacles>[[4.62753774994053, 3.14448146894574], [8.79789951746352, 0.945983732119203], [1.5412418958731, 3.9292031605728], [5.40746871661395, 4.52903443342075]]</obstacles>
<global-best>14.5274460786134</global-best>
</iteration>
<iteration i="200">
<sensors>[[0,6,3.43146521445535], [0,3.33644684981188,4.82829965181376], [9,6,4.32892629088756], [9,0,161.872108038526]]</sensors>
<obstacles>[[4.62753774994053, 3.14448146894574], [8.79789951746352, 0.945983732119203], [1.5412418958731, 3.9292031605728], [5.40746871661395, 4.52903443342075]]</obstacles>
<global-best>1.4806340212333</global-best>
</iteration>
<iterations>200</iterations>
<elapsed-time>19754</elapsed-time>
<average-time>0</average-time>
</simulation>