<?xml version="1.0" encoding="UTF-8"?>
<simulation>
<software>charlie-simulation-framework; v1.0.0; Jakob Rieke</software>
<system>Unix; Unix 18.2.0.0; 18.2.0.0</system>
<datetime>6/18/2019 7:31:46 AM</datetime>
<title>Static Sensor Positioning</title>
<meta>Author: Jakob Rieke; Version v1.3.0</meta>
<configuration>
  Zoom = 40
  SizeTeamA = 4
  SizeTeamB = 4
  FieldHeight = 9
  FieldWidth = 6
  PlayerSensorRange = 12
  PlayerSensorFOV = 56.3
  PlayerSize = 0.1555
  Optimizer = Adaptive-Differential-Evolution
  </configuration>
<iteration i="0">
<sensors>[[3.16676965639153,3.80512353470668,0.593401921352697], [9,6,0.92639226604402], [1.2436513361157,6,3.7403642662662], [4.45242164643771,3.63834541724956,360]]</sensors>
<obstacles>[[6.64071347541176, 2.70938723813742], [2.75089638750069, 0.759913979563862], [4.81349860760383, 3.608882015571], [2.09602880151942, 3.03975080279633]]</obstacles>
<global-best>14.1669788553345</global-best>
</iteration>
<iteration i="200">
<sensors>[[8.2780886481239,6,193.738776324158], [4.24073457153241,3.92130070608481,4.58807627607635], [7.40004069895897,0,168.736895512907], [0,2.6890198561176,9]]</sensors>
<obstacles>[[6.64071347541176, 2.70938723813742], [2.75089638750069, 0.759913979563862], [4.81349860760383, 3.608882015571], [2.09602880151942, 3.03975080279633]]</obstacles>
<global-best>2.04404447179914</global-best>
</iteration>
<iterations>200</iterations>
<elapsed-time>20986</elapsed-time>
<average-time>0</average-time>
</simulation>