<?xml version="1.0" encoding="UTF-8"?>
<simulation>
<software>charlie-simulation-framework; v1.0.0; Jakob Rieke</software>
<system>Unix; Unix 18.2.0.0; 18.2.0.0</system>
<datetime>6/18/2019 7:29:28 AM</datetime>
<title>Static Sensor Positioning</title>
<meta>Author: Jakob Rieke; Version v1.3.0</meta>
<configuration>
  Zoom = 40
  SizeTeamA = 4
  SizeTeamB = 4
  FieldHeight = 9
  FieldWidth = 6
  PlayerSensorRange = 12
  PlayerSensorFOV = 56.3
  PlayerSize = 0.1555
  Optimizer = Adaptive-Differential-Evolution
  </configuration>
<iteration i="0">
<sensors>[[9,2.30343175057867,4.43978763405229], [0.284966187385136,0.671602353842836,0.856318805798963], [9,4.83235171526492,3.82087063249686], [9,6,360]]</sensors>
<obstacles>[[1.90757975494489, 3.76491852477193], [4.37051123846322, 3.98195740906522], [3.59926545317285, 0.00551646435633302], [7.37219274812378, 0.238551772199571]]</obstacles>
<global-best>16.5854772491509</global-best>
</iteration>
<iteration i="200">
<sensors>[[9,0,135.727650272385], [0,6,2.6063746022339], [9,4.80214946203505,203.828813319168], [0,2.08274467172725,360]]</sensors>
<obstacles>[[1.90757975494489, 3.76491852477193], [4.37051123846322, 3.98195740906522], [3.59926545317285, 0.00551646435633302], [7.37219274812378, 0.238551772199571]]</obstacles>
<global-best>0.429769343989163</global-best>
</iteration>
<iterations>200</iterations>
<elapsed-time>18119</elapsed-time>
<average-time>0</average-time>
</simulation>