<?xml version="1.0" encoding="UTF-8"?>
<simulation>
<software>charlie-simulation-framework; v1.0.0; Jakob Rieke</software>
<system>Unix; Unix 18.2.0.0; 18.2.0.0</system>
<datetime>6/18/2019 7:28:11 AM</datetime>
<title>Static Sensor Positioning</title>
<meta>Author: Jakob Rieke; Version v1.3.0</meta>
<configuration>
  Zoom = 40
  SizeTeamA = 4
  SizeTeamB = 4
  FieldHeight = 9
  FieldWidth = 6
  PlayerSensorRange = 12
  PlayerSensorFOV = 56.3
  PlayerSize = 0.1555
  Optimizer = Adaptive-Differential-Evolution
  </configuration>
<iteration i="0">
<sensors>[[9,6,360], [9,6,2.02241160371863], [0.799817381380084,3.51189868955684,360], [1.31985298970711,4.71165986026443,360]]</sensors>
<obstacles>[[6.19493918423541, 1.78060600021854], [3.92129847896285, 4.9772194060497], [2.62567346775904, 0.162366572767496], [8.9520863215439, 1.81496125459671]]</obstacles>
<global-best>14.511524556145</global-best>
</iteration>
<iteration i="200">
<sensors>[[7.68866795930713,4.13003413452069,182.551644010863], [0,0.274523590180971,1.93288504589201], [3.68122399028397,0,5.82185694340333], [0,6,360]]</sensors>
<obstacles>[[6.19493918423541, 1.78060600021854], [3.92129847896285, 4.9772194060497], [2.62567346775904, 0.162366572767496], [8.9520863215439, 1.81496125459671]]</obstacles>
<global-best>1.00576481412194</global-best>
</iteration>
<iterations>200</iterations>
<elapsed-time>17871</elapsed-time>
<average-time>0</average-time>
</simulation>