<?xml version="1.0" encoding="UTF-8"?>
<simulation>
<software>charlie-simulation-framework; v1.0.0; Jakob Rieke</software>
<system>Unix; Unix 18.2.0.0; 18.2.0.0</system>
<datetime>6/18/2019 7:30:06 AM</datetime>
<title>Static Sensor Positioning</title>
<meta>Author: Jakob Rieke; Version v1.3.0</meta>
<configuration>
  Zoom = 40
  SizeTeamA = 4
  SizeTeamB = 4
  FieldHeight = 9
  FieldWidth = 6
  PlayerSensorRange = 12
  PlayerSensorFOV = 56.3
  PlayerSize = 0.1555
  Optimizer = Adaptive-Differential-Evolution
  </configuration>
<iteration i="0">
<sensors>[[9,3.15794893264723,0.844188371171287], [1.76223902654886,6,360], [9,6,1.75883840228404], [9,3.0509405508756,360]]</sensors>
<obstacles>[[6.74032103293575, 0.445765653625131], [5.76800009817816, 2.83956553833559], [7.13371219695546, 3.24402641924098], [7.57072973158211, 3.4766236259602]]</obstacles>
<global-best>15.9093243913448</global-best>
</iteration>
<iteration i="200">
<sensors>[[0,1.6219658597152,2.09091516544646], [0,3.00200793148617,2.43751727814199], [0,0,2.10686245211744], [9,6,190.880596450285]]</sensors>
<obstacles>[[6.74032103293575, 0.445765653625131], [5.76800009817816, 2.83956553833559], [7.13371219695546, 3.24402641924098], [7.57072973158211, 3.4766236259602]]</obstacles>
<global-best>0.545864005267768</global-best>
</iteration>
<iterations>200</iterations>
<elapsed-time>20671</elapsed-time>
<average-time>0</average-time>
</simulation>