<?xml version="1.0" encoding="UTF-8"?>
<simulation>
<software>charlie-simulation-framework; v1.0.0; Jakob Rieke</software>
<system>Unix; Unix 18.2.0.0; 18.2.0.0</system>
<datetime>6/17/2019 11:43:35 PM</datetime>
<title>Static Sensor Positioning</title>
<meta>Author: Jakob Rieke; Version v1.3.0</meta>
<configuration>
  Zoom = 40
  SizeTeamA = 2
  SizeTeamB = 2
  FieldHeight = 9
  FieldWidth = 6
  PlayerSensorRange = 12
  PlayerSensorFOV = 56.3
  PlayerSize = 0.1555
  # The function used to optimize the problem,
  # possible values are:
  # Simplex, PSO, SPSO-2006, SPSO-2011, PSO-A-IW,
  # PSO-LD-IW, PSO-Chaotic-IW, PSO-LD-IW,
  # Evolution-Strategy, Differential-Evolution,
  # Adaptive-Differential-Evolution
  Optimizer = PSO
  </configuration>
<iteration i="0">
<sensors>[[10.788243433262,2.05394608747128,350.631112245365], [10.4093049120857,4.01696978266025,242.611446497183]]</sensors>
<obstacles>[[2.55664930609055, 1.37234611529857], [0.207478399621323, 1.14403073117137]]</obstacles>
<global-best>30.3866527560131</global-best>
</iteration>
<iteration i="200">
<sensors>[[4.6159107560318E-05,5.99906919285092,334.943483173476], [8.99988625319599,5.99999097862164,205.267785538605]]</sensors>
<obstacles>[[2.55664930609055, 1.37234611529857], [0.207478399621323, 1.14403073117137]]</obstacles>
<global-best>0.919088174178309</global-best>
</iteration>
<iterations>200</iterations>
<elapsed-time>1622</elapsed-time>
<average-time>0</average-time>
</simulation>