<?xml version="1.0" encoding="UTF-8"?>
<simulation>
<software>charlie-simulation-framework; v1.0.0; Jakob Rieke</software>
<system>Unix; Unix 18.2.0.0; 18.2.0.0</system>
<datetime>6/17/2019 11:43:46 PM</datetime>
<title>Static Sensor Positioning</title>
<meta>Author: Jakob Rieke; Version v1.3.0</meta>
<configuration>
  Zoom = 40
  SizeTeamA = 2
  SizeTeamB = 2
  FieldHeight = 9
  FieldWidth = 6
  PlayerSensorRange = 12
  PlayerSensorFOV = 56.3
  PlayerSize = 0.1555
  # The function used to optimize the problem,
  # possible values are:
  # Simplex, PSO, SPSO-2006, SPSO-2011, PSO-A-IW,
  # PSO-LD-IW, PSO-Chaotic-IW, PSO-LD-IW,
  # Evolution-Strategy, Differential-Evolution,
  # Adaptive-Differential-Evolution
  Optimizer = PSO
  </configuration>
<iteration i="0">
<sensors>[[1.7294286797741,9.33031889456406,335.383312664517], [6.51364445926933,8.33482218065644,108.967482077243]]</sensors>
<obstacles>[[2.44372674124315, 5.14551399322227], [8.71831342438236, 3.27851789351553]]</obstacles>
<global-best>19.4435345510022</global-best>
</iteration>
<iteration i="200">
<sensors>[[3.72355412531208E-05,5.87168273215198,335.829686671487], [8.99999044250545,3.71062390022377,191.168255088592]]</sensors>
<obstacles>[[2.44372674124315, 5.14551399322227], [8.71831342438236, 3.27851789351553]]</obstacles>
<global-best>0.658240742164626</global-best>
</iteration>
<iterations>200</iterations>
<elapsed-time>2036</elapsed-time>
<average-time>0</average-time>
</simulation>