<?xml version="1.0" encoding="UTF-8"?>
<simulation>
<software>charlie-simulation-framework; v1.0.0; Jakob Rieke</software>
<system>Unix; Unix 18.2.0.0; 18.2.0.0</system>
<datetime>6/17/2019 11:44:16 PM</datetime>
<title>Static Sensor Positioning</title>
<meta>Author: Jakob Rieke; Version v1.3.0</meta>
<configuration>
  Zoom = 40
  SizeTeamA = 2
  SizeTeamB = 2
  FieldHeight = 9
  FieldWidth = 6
  PlayerSensorRange = 12
  PlayerSensorFOV = 56.3
  PlayerSize = 0.1555
  # The function used to optimize the problem,
  # possible values are:
  # Simplex, PSO, SPSO-2006, SPSO-2011, PSO-A-IW,
  # PSO-LD-IW, PSO-Chaotic-IW, PSO-LD-IW,
  # Evolution-Strategy, Differential-Evolution,
  # Adaptive-Differential-Evolution
  Optimizer = PSO
  </configuration>
<iteration i="0">
<sensors>[[4.14781740544533,2.37972015395455,27.9606913641297], [7.18172451612017,6.30781236228567,241.877881209974]]</sensors>
<obstacles>[[5.63316446612589, 4.59332452900708], [7.81732817483135, 0.370577453635633]]</obstacles>
<global-best>18.1254601851761</global-best>
</iteration>
<iteration i="200">
<sensors>[[1.99777033531655E-05,8.76577461713846E-05,28.1421507698961], [7.12218523384409,5.99996505596996,208.147616768057]]</sensors>
<obstacles>[[5.63316446612589, 4.59332452900708], [7.81732817483135, 0.370577453635633]]</obstacles>
<global-best>0.700871337074752</global-best>
</iteration>
<iterations>200</iterations>
<elapsed-time>2126</elapsed-time>
<average-time>0</average-time>
</simulation>