<?xml version="1.0" encoding="UTF-8"?>
<simulation>
<software>charlie-simulation-framework; v1.0.0; Jakob Rieke</software>
<system>Unix; Unix 18.2.0.0; 18.2.0.0</system>
<datetime>6/17/2019 11:44:28 PM</datetime>
<title>Static Sensor Positioning</title>
<meta>Author: Jakob Rieke; Version v1.3.0</meta>
<configuration>
  Zoom = 40
  SizeTeamA = 2
  SizeTeamB = 2
  FieldHeight = 9
  FieldWidth = 6
  PlayerSensorRange = 12
  PlayerSensorFOV = 56.3
  PlayerSize = 0.1555
  # The function used to optimize the problem,
  # possible values are:
  # Simplex, PSO, SPSO-2006, SPSO-2011, PSO-A-IW,
  # PSO-LD-IW, PSO-Chaotic-IW, PSO-LD-IW,
  # Evolution-Strategy, Differential-Evolution,
  # Adaptive-Differential-Evolution
  Optimizer = PSO
  </configuration>
<iteration i="0">
<sensors>[[4.52327906709182,-0.637085213991482,104.875777966409], [-0.298875937299799,4.57580854012226,134.006385098819]]</sensors>
<obstacles>[[2.9598446355667, 4.73337974399328], [1.38651062641293, 0.16826885053888]]</obstacles>
<global-best>19.8161563862574</global-best>
</iteration>
<iteration i="200">
<sensors>[[8.99998397509894,0.311054876075281,118.149106857486], [8.99999386689457,1.23038321737174E-05,151.851388286803]]</sensors>
<obstacles>[[2.9598446355667, 4.73337974399328], [1.38651062641293, 0.16826885053888]]</obstacles>
<global-best>1.20101518537405</global-best>
</iteration>
<iterations>200</iterations>
<elapsed-time>1373</elapsed-time>
<average-time>0</average-time>
</simulation>