<?xml version="1.0" encoding="UTF-8"?>
<simulation>
<software>charlie-simulation-framework; v1.0.0; Jakob Rieke</software>
<system>Unix; Unix 18.2.0.0; 18.2.0.0</system>
<datetime>6/17/2019 11:44:08 PM</datetime>
<title>Static Sensor Positioning</title>
<meta>Author: Jakob Rieke; Version v1.3.0</meta>
<configuration>
  Zoom = 40
  SizeTeamA = 2
  SizeTeamB = 2
  FieldHeight = 9
  FieldWidth = 6
  PlayerSensorRange = 12
  PlayerSensorFOV = 56.3
  PlayerSize = 0.1555
  # The function used to optimize the problem,
  # possible values are:
  # Simplex, PSO, SPSO-2006, SPSO-2011, PSO-A-IW,
  # PSO-LD-IW, PSO-Chaotic-IW, PSO-LD-IW,
  # Evolution-Strategy, Differential-Evolution,
  # Adaptive-Differential-Evolution
  Optimizer = PSO
  </configuration>
<iteration i="0">
<sensors>[[2.69046562956111,5.69312793058415,132.833014461392], [7.56586873476355,-0.314991286650447,39.4405403563901]]</sensors>
<obstacles>[[4.13832415756769, 3.001382347662], [3.61606763815507, 5.04571085097268]]</obstacles>
<global-best>16.9254770171707</global-best>
</iteration>
<iteration i="200">
<sensors>[[8.99740986306456,0.0249109991586534,152.068421437514], [0.0105799404838018,5.73873672616285,-23.0254257470862]]</sensors>
<obstacles>[[4.13832415756769, 3.001382347662], [3.61606763815507, 5.04571085097268]]</obstacles>
<global-best>2.32831803865123</global-best>
</iteration>
<iterations>200</iterations>
<elapsed-time>1976</elapsed-time>
<average-time>0</average-time>
</simulation>