<?xml version="1.0" encoding="UTF-8"?>
<simulation>
<software>charlie-simulation-framework; v1.0.0; Jakob Rieke</software>
<system>Unix; Unix 18.2.0.0; 18.2.0.0</system>
<datetime>6/17/2019 11:44:20 PM</datetime>
<title>Static Sensor Positioning</title>
<meta>Author: Jakob Rieke; Version v1.3.0</meta>
<configuration>
  Zoom = 40
  SizeTeamA = 2
  SizeTeamB = 2
  FieldHeight = 9
  FieldWidth = 6
  PlayerSensorRange = 12
  PlayerSensorFOV = 56.3
  PlayerSize = 0.1555
  # The function used to optimize the problem,
  # possible values are:
  # Simplex, PSO, SPSO-2006, SPSO-2011, PSO-A-IW,
  # PSO-LD-IW, PSO-Chaotic-IW, PSO-LD-IW,
  # Evolution-Strategy, Differential-Evolution,
  # Adaptive-Differential-Evolution
  Optimizer = PSO
  </configuration>
<iteration i="0">
<sensors>[[8.78201799270651,3.5075285524705,234.034459220606], [2.23449452840497,1.00182030754789,355.149131184588]]</sensors>
<obstacles>[[4.61902417754754, 4.61564450198784], [1.6980946501717, 4.48316390812397]]</obstacles>
<global-best>15.4932427500887</global-best>
</iteration>
<iteration i="200">
<sensors>[[8.99999980534934,5.9999967080686,208.149859567006], [1.61844630249288E-06,3.3591640563051,354.559214204527]]</sensors>
<obstacles>[[4.61902417754754, 4.61564450198784], [1.6980946501717, 4.48316390812397]]</obstacles>
<global-best>0.911525878683941</global-best>
</iteration>
<iterations>200</iterations>
<elapsed-time>2098</elapsed-time>
<average-time>0</average-time>
</simulation>