<?xml version="1.0" encoding="UTF-8"?>
<simulation>
<software>charlie-simulation-framework; v1.0.0; Jakob Rieke</software>
<system>Unix; Unix 18.2.0.0; 18.2.0.0</system>
<datetime>6/17/2019 11:44:35 PM</datetime>
<title>Static Sensor Positioning</title>
<meta>Author: Jakob Rieke; Version v1.3.0</meta>
<configuration>
  Zoom = 40
  SizeTeamA = 2
  SizeTeamB = 2
  FieldHeight = 9
  FieldWidth = 6
  PlayerSensorRange = 12
  PlayerSensorFOV = 56.3
  PlayerSize = 0.1555
  # The function used to optimize the problem,
  # possible values are:
  # Simplex, PSO, SPSO-2006, SPSO-2011, PSO-A-IW,
  # PSO-LD-IW, PSO-Chaotic-IW, PSO-LD-IW,
  # Evolution-Strategy, Differential-Evolution,
  # Adaptive-Differential-Evolution
  Optimizer = PSO
  </configuration>
<iteration i="0">
<sensors>[[7.63700303293397,-3.95522177338916,217.809735787716], [9.81450831767967,-0.600428014059985,76.2702719308672]]</sensors>
<obstacles>[[2.02817329089157, 3.29638797277585], [5.23614683188498, 5.50215897336602]]</obstacles>
<global-best>30.2039968528927</global-best>
</iteration>
<iteration i="200">
<sensors>[[8.99996471111555,5.99924650705244,218.05195785488], [8.99982440391497,4.88016767004638E-05,121.696851429111]]</sensors>
<obstacles>[[2.02817329089157, 3.29638797277585], [5.23614683188498, 5.50215897336602]]</obstacles>
<global-best>4.00699130598668</global-best>
</iteration>
<iterations>200</iterations>
<elapsed-time>2026</elapsed-time>
<average-time>0</average-time>
</simulation>