<?xml version="1.0" encoding="UTF-8"?>
<simulation>
<software>charlie-simulation-framework; v1.0.0; Jakob Rieke</software>
<system>Unix; Unix 18.2.0.0; 18.2.0.0</system>
<datetime>6/17/2019 11:43:16 PM</datetime>
<title>Static Sensor Positioning</title>
<meta>Author: Jakob Rieke; Version v1.3.0</meta>
<configuration>
  Zoom = 40
  SizeTeamA = 2
  SizeTeamB = 2
  FieldHeight = 9
  FieldWidth = 6
  PlayerSensorRange = 12
  PlayerSensorFOV = 56.3
  PlayerSize = 0.1555
  # The function used to optimize the problem,
  # possible values are:
  # Simplex, PSO, SPSO-2006, SPSO-2011, PSO-A-IW,
  # PSO-LD-IW, PSO-Chaotic-IW, PSO-LD-IW,
  # Evolution-Strategy, Differential-Evolution,
  # Adaptive-Differential-Evolution
  Optimizer = PSO
  </configuration>
<iteration i="0">
<sensors>[[-2.54774668123543,3.35284611772625,103.265770892387], [8.11394227671629,7.58952191603674,294.298339847736]]</sensors>
<obstacles>[[4.76267780014314, 4.75105009367689], [1.17420154321007, 3.61778040463105]]</obstacles>
<global-best>22.2307908669822</global-best>
</iteration>
<iteration i="200">
<sensors>[[8.99998507323756,0.00123904655270617,151.863807952972], [0.000193511001730084,5.9991863719381,337.683986030937]]</sensors>
<obstacles>[[4.76267780014314, 4.75105009367689], [1.17420154321007, 3.61778040463105]]</obstacles>
<global-best>1.93754032576816</global-best>
</iteration>
<iterations>200</iterations>
<elapsed-time>2044</elapsed-time>
<average-time>0</average-time>
</simulation>