<?xml version="1.0" encoding="UTF-8"?>
<simulation>
<software>charlie-simulation-framework; v1.0.0; Jakob Rieke</software>
<system>Unix; Unix 18.2.0.0; 18.2.0.0</system>
<datetime>6/17/2019 11:44:04 PM</datetime>
<title>Static Sensor Positioning</title>
<meta>Author: Jakob Rieke; Version v1.3.0</meta>
<configuration>
  Zoom = 40
  SizeTeamA = 2
  SizeTeamB = 2
  FieldHeight = 9
  FieldWidth = 6
  PlayerSensorRange = 12
  PlayerSensorFOV = 56.3
  PlayerSize = 0.1555
  # The function used to optimize the problem,
  # possible values are:
  # Simplex, PSO, SPSO-2006, SPSO-2011, PSO-A-IW,
  # PSO-LD-IW, PSO-Chaotic-IW, PSO-LD-IW,
  # Evolution-Strategy, Differential-Evolution,
  # Adaptive-Differential-Evolution
  Optimizer = PSO
  </configuration>
<iteration i="0">
<sensors>[[7.86569791136279,2.01273254015118,114.769084694825], [7.91730196475028,6.52797367565685,215.680370858583]]</sensors>
<obstacles>[[3.13767304387875, 0.852149493992329], [6.57981626037508, 0.560651150532067]]</obstacles>
<global-best>23.2471181961661</global-best>
</iteration>
<iteration i="200">
<sensors>[[8.99998762458436,9.38099137414922E-07,120.037820065215], [8.99999668354618,5.99996251647621,215.904533655759]]</sensors>
<obstacles>[[3.13767304387875, 0.852149493992329], [6.57981626037508, 0.560651150532067]]</obstacles>
<global-best>3.45764594004169</global-best>
</iteration>
<iterations>200</iterations>
<elapsed-time>1598</elapsed-time>
<average-time>0</average-time>
</simulation>