<?xml version="1.0" encoding="UTF-8"?>
<simulation>
<software>charlie-simulation-framework; v1.0.0; Jakob Rieke</software>
<system>Unix; Unix 18.2.0.0; 18.2.0.0</system>
<datetime>6/17/2019 11:44:07 PM</datetime>
<title>Static Sensor Positioning</title>
<meta>Author: Jakob Rieke; Version v1.3.0</meta>
<configuration>
  Zoom = 40
  SizeTeamA = 2
  SizeTeamB = 2
  FieldHeight = 9
  FieldWidth = 6
  PlayerSensorRange = 12
  PlayerSensorFOV = 56.3
  PlayerSize = 0.1555
  # The function used to optimize the problem,
  # possible values are:
  # Simplex, PSO, SPSO-2006, SPSO-2011, PSO-A-IW,
  # PSO-LD-IW, PSO-Chaotic-IW, PSO-LD-IW,
  # Evolution-Strategy, Differential-Evolution,
  # Adaptive-Differential-Evolution
  Optimizer = PSO
  </configuration>
<iteration i="0">
<sensors>[[8.79845003966483,4.96045886059169,12.7382127403869], [8.41849343169677,7.83916930504758,74.3384273310513]]</sensors>
<obstacles>[[6.60522255278192, 5.67245518416166], [7.47768966341391, 0.269507583696395]]</obstacles>
<global-best>23.890955489822</global-best>
</iteration>
<iteration i="200">
<sensors>[[0.000118513563930677,8.28893981029465E-05,28.1458899328241], [5.88549323011255E-05,0.311141513420857,61.8588384976375]]</sensors>
<obstacles>[[6.60522255278192, 5.67245518416166], [7.47768966341391, 0.269507583696395]]</obstacles>
<global-best>0.742024035087148</global-best>
</iteration>
<iterations>200</iterations>
<elapsed-time>1401</elapsed-time>
<average-time>0</average-time>
</simulation>