<?xml version="1.0" encoding="UTF-8"?>
<simulation>
<software>charlie-simulation-framework; v1.0.0; Jakob Rieke</software>
<system>Unix; Unix 18.2.0.0; 18.2.0.0</system>
<datetime>6/17/2019 11:44:18 PM</datetime>
<title>Static Sensor Positioning</title>
<meta>Author: Jakob Rieke; Version v1.3.0</meta>
<configuration>
  Zoom = 40
  SizeTeamA = 2
  SizeTeamB = 2
  FieldHeight = 9
  FieldWidth = 6
  PlayerSensorRange = 12
  PlayerSensorFOV = 56.3
  PlayerSize = 0.1555
  # The function used to optimize the problem,
  # possible values are:
  # Simplex, PSO, SPSO-2006, SPSO-2011, PSO-A-IW,
  # PSO-LD-IW, PSO-Chaotic-IW, PSO-LD-IW,
  # Evolution-Strategy, Differential-Evolution,
  # Adaptive-Differential-Evolution
  Optimizer = PSO
  </configuration>
<iteration i="0">
<sensors>[[4.87608991442978,7.97933260369092,188.560589501911], [10.2159019912443,-0.0199337190357083,182.968101017568]]</sensors>
<obstacles>[[8.97867416264489, 4.80060477834195], [6.02225134265609, 5.7033020099625]]</obstacles>
<global-best>16.5582358168148</global-best>
</iteration>
<iteration i="200">
<sensors>[[8.9999051398818,4.49032885771994,180.46023658448], [8.74736465660286,5.99996140159682,245.452292153774]]</sensors>
<obstacles>[[8.97867416264489, 4.80060477834195], [6.02225134265609, 5.7033020099625]]</obstacles>
<global-best>1.86239444505459</global-best>
</iteration>
<iterations>200</iterations>
<elapsed-time>1507</elapsed-time>
<average-time>0</average-time>
</simulation>