<?xml version="1.0" encoding="UTF-8"?>
<simulation>
<software>charlie-simulation-framework; v1.0.0; Jakob Rieke</software>
<system>Unix; Unix 18.2.0.0; 18.2.0.0</system>
<datetime>6/17/2019 11:44:05 PM</datetime>
<title>Static Sensor Positioning</title>
<meta>Author: Jakob Rieke; Version v1.3.0</meta>
<configuration>
  Zoom = 40
  SizeTeamA = 2
  SizeTeamB = 2
  FieldHeight = 9
  FieldWidth = 6
  PlayerSensorRange = 12
  PlayerSensorFOV = 56.3
  PlayerSize = 0.1555
  # The function used to optimize the problem,
  # possible values are:
  # Simplex, PSO, SPSO-2006, SPSO-2011, PSO-A-IW,
  # PSO-LD-IW, PSO-Chaotic-IW, PSO-LD-IW,
  # Evolution-Strategy, Differential-Evolution,
  # Adaptive-Differential-Evolution
  Optimizer = PSO
  </configuration>
<iteration i="0">
<sensors>[[1.16633513109258,6.3507017701395,241.698793311837], [12.0121777707303,7.94873470376988,207.43429954676]]</sensors>
<obstacles>[[3.80728358239867, 3.51428603706881], [4.77865188242868, 1.15678802551702]]</obstacles>
<global-best>16.887451378597</global-best>
</iteration>
<iteration i="200">
<sensors>[[8.99998799102717,5.6888523193627,241.860116028013], [8.99999153520898,5.99990880554676,208.132749967034]]</sensors>
<obstacles>[[3.80728358239867, 3.51428603706881], [4.77865188242868, 1.15678802551702]]</obstacles>
<global-best>2.35942303176094</global-best>
</iteration>
<iterations>200</iterations>
<elapsed-time>1472</elapsed-time>
<average-time>0</average-time>
</simulation>