<?xml version="1.0" encoding="UTF-8"?>
<simulation>
<software>charlie-simulation-framework; v1.0.0; Jakob Rieke</software>
<system>Unix; Unix 18.2.0.0; 18.2.0.0</system>
<datetime>6/17/2019 11:43:20 PM</datetime>
<title>Static Sensor Positioning</title>
<meta>Author: Jakob Rieke; Version v1.3.0</meta>
<configuration>
  Zoom = 40
  SizeTeamA = 2
  SizeTeamB = 2
  FieldHeight = 9
  FieldWidth = 6
  PlayerSensorRange = 12
  PlayerSensorFOV = 56.3
  PlayerSize = 0.1555
  # The function used to optimize the problem,
  # possible values are:
  # Simplex, PSO, SPSO-2006, SPSO-2011, PSO-A-IW,
  # PSO-LD-IW, PSO-Chaotic-IW, PSO-LD-IW,
  # Evolution-Strategy, Differential-Evolution,
  # Adaptive-Differential-Evolution
  Optimizer = PSO
  </configuration>
<iteration i="0">
<sensors>[[7.1323885489581,1.44969838019675,255.024205667993], [5.52325994549343,5.40342478198608,53.0757041917939]]</sensors>
<obstacles>[[8.35286639188416, 2.10044334596023], [5.50523818144575, 3.01322063198313]]</obstacles>
<global-best>33.702497598343</global-best>
</iteration>
<iteration i="200">
<sensors>[[8.99996644954104,5.99997478151191,241.840053557403], [1.08150656138606E-05,5.26842669904893E-06,61.8401002312099]]</sensors>
<obstacles>[[8.35286639188416, 2.10044334596023], [5.50523818144575, 3.01322063198313]]</obstacles>
<global-best>3.02703592479729</global-best>
</iteration>
<iterations>200</iterations>
<elapsed-time>1867</elapsed-time>
<average-time>0</average-time>
</simulation>