<?xml version="1.0" encoding="UTF-8"?>
<simulation>
<software>charlie-simulation-framework; v1.0.0; Jakob Rieke</software>
<system>Unix; Unix 18.2.0.0; 18.2.0.0</system>
<datetime>6/17/2019 11:44:12 PM</datetime>
<title>Static Sensor Positioning</title>
<meta>Author: Jakob Rieke; Version v1.3.0</meta>
<configuration>
  Zoom = 40
  SizeTeamA = 2
  SizeTeamB = 2
  FieldHeight = 9
  FieldWidth = 6
  PlayerSensorRange = 12
  PlayerSensorFOV = 56.3
  PlayerSize = 0.1555
  # The function used to optimize the problem,
  # possible values are:
  # Simplex, PSO, SPSO-2006, SPSO-2011, PSO-A-IW,
  # PSO-LD-IW, PSO-Chaotic-IW, PSO-LD-IW,
  # Evolution-Strategy, Differential-Evolution,
  # Adaptive-Differential-Evolution
  Optimizer = PSO
  </configuration>
<iteration i="0">
<sensors>[[4.49876241952524,2.67135152018121,36.6569394501911], [4.6606548810979,1.48464166830801,233.125034394276]]</sensors>
<obstacles>[[3.23578053619713, 1.97231877269223], [6.40436272392981, 5.89757009223104]]</obstacles>
<global-best>14.6049931018453</global-best>
</iteration>
<iteration i="200">
<sensors>[[1.87072843707759E-06,0.001211967908189,61.850093799205], [8.999987813416,5.99999354324701,241.822631660032]]</sensors>
<obstacles>[[3.23578053619713, 1.97231877269223], [6.40436272392981, 5.89757009223104]]</obstacles>
<global-best>1.40045467348581</global-best>
</iteration>
<iterations>200</iterations>
<elapsed-time>1816</elapsed-time>
<average-time>0</average-time>
</simulation>