<?xml version="1.0" encoding="UTF-8"?>
<simulation>
<software>charlie-simulation-framework; v1.0.0; Jakob Rieke</software>
<system>Unix; Unix 18.2.0.0; 18.2.0.0</system>
<datetime>6/17/2019 11:44:33 PM</datetime>
<title>Static Sensor Positioning</title>
<meta>Author: Jakob Rieke; Version v1.3.0</meta>
<configuration>
  Zoom = 40
  SizeTeamA = 2
  SizeTeamB = 2
  FieldHeight = 9
  FieldWidth = 6
  PlayerSensorRange = 12
  PlayerSensorFOV = 56.3
  PlayerSize = 0.1555
  # The function used to optimize the problem,
  # possible values are:
  # Simplex, PSO, SPSO-2006, SPSO-2011, PSO-A-IW,
  # PSO-LD-IW, PSO-Chaotic-IW, PSO-LD-IW,
  # Evolution-Strategy, Differential-Evolution,
  # Adaptive-Differential-Evolution
  Optimizer = PSO
  </configuration>
<iteration i="0">
<sensors>[[1.22507600342013,1.61244968764291,203.507809214052], [3.73072744703186,2.06401702942851,13.0185718905138]]</sensors>
<obstacles>[[0.916888852603734, 4.18490082956851], [6.44989560451359, 4.29354305751622]]</obstacles>
<global-best>27.5047527141485</global-best>
</iteration>
<iteration i="200">
<sensors>[[8.82926298104402,5.99996551648975,208.149711061946], [3.88788240055691E-05,4.67957218487954E-05,28.147531733021]]</sensors>
<obstacles>[[0.916888852603734, 4.18490082956851], [6.44989560451359, 4.29354305751622]]</obstacles>
<global-best>0.522741658740662</global-best>
</iteration>
<iterations>200</iterations>
<elapsed-time>1964</elapsed-time>
<average-time>0</average-time>
</simulation>