<?xml version="1.0" encoding="UTF-8"?>
<simulation>
<software>charlie-simulation-framework; v1.0.0; Jakob Rieke</software>
<system>Unix; Unix 18.2.0.0; 18.2.0.0</system>
<datetime>6/17/2019 11:43:24 PM</datetime>
<title>Static Sensor Positioning</title>
<meta>Author: Jakob Rieke; Version v1.3.0</meta>
<configuration>
  Zoom = 40
  SizeTeamA = 2
  SizeTeamB = 2
  FieldHeight = 9
  FieldWidth = 6
  PlayerSensorRange = 12
  PlayerSensorFOV = 56.3
  PlayerSize = 0.1555
  # The function used to optimize the problem,
  # possible values are:
  # Simplex, PSO, SPSO-2006, SPSO-2011, PSO-A-IW,
  # PSO-LD-IW, PSO-Chaotic-IW, PSO-LD-IW,
  # Evolution-Strategy, Differential-Evolution,
  # Adaptive-Differential-Evolution
  Optimizer = PSO
  </configuration>
<iteration i="0">
<sensors>[[4.71455927450971,8.00743693702067,87.7962429086296], [8.75214715728065,0.810428143145726,179.246198474846]]</sensors>
<obstacles>[[0.582436735974625, 4.58304341090843], [6.99484857008792, 1.44050112459809]]</obstacles>
<global-best>11.1698877879253</global-best>
</iteration>
<iteration i="200">
<sensors>[[8.70477514375347,0.000172814951262865,110.533372245831], [8.99998361563447,2.88071696543474,183.927690316787]]</sensors>
<obstacles>[[0.582436735974625, 4.58304341090843], [6.99484857008792, 1.44050112459809]]</obstacles>
<global-best>4.24663906190236</global-best>
</iteration>
<iterations>200</iterations>
<elapsed-time>2151</elapsed-time>
<average-time>0</average-time>
</simulation>