<?xml version="1.0" encoding="UTF-8"?>
<simulation>
<software>charlie-simulation-framework; v1.0.0; Jakob Rieke</software>
<system>Unix; Unix 18.2.0.0; 18.2.0.0</system>
<datetime>6/17/2019 11:43:32 PM</datetime>
<title>Static Sensor Positioning</title>
<meta>Author: Jakob Rieke; Version v1.3.0</meta>
<configuration>
  Zoom = 40
  SizeTeamA = 2
  SizeTeamB = 2
  FieldHeight = 9
  FieldWidth = 6
  PlayerSensorRange = 12
  PlayerSensorFOV = 56.3
  PlayerSize = 0.1555
  # The function used to optimize the problem,
  # possible values are:
  # Simplex, PSO, SPSO-2006, SPSO-2011, PSO-A-IW,
  # PSO-LD-IW, PSO-Chaotic-IW, PSO-LD-IW,
  # Evolution-Strategy, Differential-Evolution,
  # Adaptive-Differential-Evolution
  Optimizer = PSO
  </configuration>
<iteration i="0">
<sensors>[[4.58757009030419,2.01047610193118,321.656849460119], [12.0875606919491,1.80922572163509,157.175443717066]]</sensors>
<obstacles>[[7.24795973324217, 0.685845935717225], [0.931510615395382, 0.276977565139532]]</obstacles>
<global-best>21.0542638529084</global-best>
</iteration>
<iteration i="200">
<sensors>[[7.01542374856165E-05,5.99924018653447,332.102541433083], [7.90479325828936,1.26692632873747E-05,151.851227388896]]</sensors>
<obstacles>[[7.24795973324217, 0.685845935717225], [0.931510615395382, 0.276977565139532]]</obstacles>
<global-best>0.55111993468744</global-best>
</iteration>
<iterations>200</iterations>
<elapsed-time>1900</elapsed-time>
<average-time>0</average-time>
</simulation>