<?xml version="1.0" encoding="UTF-8"?>
<simulation>
<software>charlie-simulation-framework; v1.0.0; Jakob Rieke</software>
<system>Unix; Unix 18.2.0.0; 18.2.0.0</system>
<datetime>6/17/2019 11:43:13 PM</datetime>
<title>Static Sensor Positioning</title>
<meta>Author: Jakob Rieke; Version v1.3.0</meta>
<configuration>
  Zoom = 40
  SizeTeamA = 2
  SizeTeamB = 2
  FieldHeight = 9
  FieldWidth = 6
  PlayerSensorRange = 12
  PlayerSensorFOV = 56.3
  PlayerSize = 0.1555
  # The function used to optimize the problem,
  # possible values are:
  # Simplex, PSO, SPSO-2006, SPSO-2011, PSO-A-IW,
  # PSO-LD-IW, PSO-Chaotic-IW, PSO-LD-IW,
  # Evolution-Strategy, Differential-Evolution,
  # Adaptive-Differential-Evolution
  Optimizer = PSO
  </configuration>
<iteration i="0">
<sensors>[[5.67853197537778,5.97020402159482,213.621148405599], [2.59508229865823,3.29933334239003,320.099707597934]]</sensors>
<obstacles>[[2.74896391038783, 5.8541009654291], [4.95431279763579, 2.31153690023348]]</obstacles>
<global-best>21.6467809854746</global-best>
</iteration>
<iteration i="200">
<sensors>[[8.99999112843845,5.99999198259802,208.149512783528], [2.14450791299496E-06,5.9999999443702,331.848497315454]]</sensors>
<obstacles>[[2.74896391038783, 5.8541009654291], [4.95431279763579, 2.31153690023348]]</obstacles>
<global-best>2.14631692588634</global-best>
</iteration>
<iterations>200</iterations>
<elapsed-time>1774</elapsed-time>
<average-time>0</average-time>
</simulation>