<?xml version="1.0" encoding="UTF-8"?>
<simulation>
<software>charlie-simulation-framework; v1.0.0; Jakob Rieke</software>
<system>Unix; Unix 18.2.0.0; 18.2.0.0</system>
<datetime>6/17/2019 11:44:14 PM</datetime>
<title>Static Sensor Positioning</title>
<meta>Author: Jakob Rieke; Version v1.3.0</meta>
<configuration>
  Zoom = 40
  SizeTeamA = 2
  SizeTeamB = 2
  FieldHeight = 9
  FieldWidth = 6
  PlayerSensorRange = 12
  PlayerSensorFOV = 56.3
  PlayerSize = 0.1555
  # The function used to optimize the problem,
  # possible values are:
  # Simplex, PSO, SPSO-2006, SPSO-2011, PSO-A-IW,
  # PSO-LD-IW, PSO-Chaotic-IW, PSO-LD-IW,
  # Evolution-Strategy, Differential-Evolution,
  # Adaptive-Differential-Evolution
  Optimizer = PSO
  </configuration>
<iteration i="0">
<sensors>[[3.69220685209797,7.35965823872801,120.565932966295], [4.12069491977254,1.17780642471862,164.708465389262]]</sensors>
<obstacles>[[4.41175157041289, 3.07762395171449], [8.46904866211116, 1.62824416067451]]</obstacles>
<global-best>22.2110729712785</global-best>
</iteration>
<iteration i="200">
<sensors>[[8.9999791100924,1.59242124014586,130.999226350634], [8.99996405102958,5.63955608636665E-05,151.851453784418]]</sensors>
<obstacles>[[4.41175157041289, 3.07762395171449], [8.46904866211116, 1.62824416067451]]</obstacles>
<global-best>3.74180622086774</global-best>
</iteration>
<iterations>200</iterations>
<elapsed-time>1874</elapsed-time>
<average-time>0</average-time>
</simulation>