<?xml version="1.0" encoding="UTF-8"?>
<simulation>
<software>charlie-simulation-framework; v1.0.0; Jakob Rieke</software>
<system>Unix; Unix 18.2.0.0; 18.2.0.0</system>
<datetime>6/17/2019 11:43:14 PM</datetime>
<title>Static Sensor Positioning</title>
<meta>Author: Jakob Rieke; Version v1.3.0</meta>
<configuration>
  Zoom = 40
  SizeTeamA = 2
  SizeTeamB = 2
  FieldHeight = 9
  FieldWidth = 6
  PlayerSensorRange = 12
  PlayerSensorFOV = 56.3
  PlayerSize = 0.1555
  # The function used to optimize the problem,
  # possible values are:
  # Simplex, PSO, SPSO-2006, SPSO-2011, PSO-A-IW,
  # PSO-LD-IW, PSO-Chaotic-IW, PSO-LD-IW,
  # Evolution-Strategy, Differential-Evolution,
  # Adaptive-Differential-Evolution
  Optimizer = PSO
  </configuration>
<iteration i="0">
<sensors>[[-0.553616715494318,0.178201864800753,63.660760857588], [1.13844168802338,-0.481935729027875,330.139120103474]]</sensors>
<obstacles>[[1.69072872796096, 0.734166368376464], [4.1182498682756, 0.881643755827099]]</obstacles>
<global-best>18.6968941152763</global-best>
</iteration>
<iteration i="200">
<sensors>[[3.00209495987161E-07,2.2035563532291E-06,60.1016962733752], [2.99842696826277E-06,5.9999903360994,324.270091637624]]</sensors>
<obstacles>[[1.69072872796096, 0.734166368376464], [4.1182498682756, 0.881643755827099]]</obstacles>
<global-best>3.40493503841705</global-best>
</iteration>
<iterations>200</iterations>
<elapsed-time>1680</elapsed-time>
<average-time>0</average-time>
</simulation>