<?xml version="1.0" encoding="UTF-8"?>
<simulation>
<software>charlie-simulation-framework; v1.0.0; Jakob Rieke</software>
<system>Unix; Unix 18.2.0.0; 18.2.0.0</system>
<datetime>6/17/2019 11:44:31 PM</datetime>
<title>Static Sensor Positioning</title>
<meta>Author: Jakob Rieke; Version v1.3.0</meta>
<configuration>
  Zoom = 40
  SizeTeamA = 2
  SizeTeamB = 2
  FieldHeight = 9
  FieldWidth = 6
  PlayerSensorRange = 12
  PlayerSensorFOV = 56.3
  PlayerSize = 0.1555
  # The function used to optimize the problem,
  # possible values are:
  # Simplex, PSO, SPSO-2006, SPSO-2011, PSO-A-IW,
  # PSO-LD-IW, PSO-Chaotic-IW, PSO-LD-IW,
  # Evolution-Strategy, Differential-Evolution,
  # Adaptive-Differential-Evolution
  Optimizer = PSO
  </configuration>
<iteration i="0">
<sensors>[[6.56799739127608,6.53056660176312,343.877473046329], [6.78301964648563,-1.4824674523967,356.847944243265]]</sensors>
<obstacles>[[6.08334721927531, 5.07183770136908], [3.88994845328853, 1.65640249103308]]</obstacles>
<global-best>18.613166681137</global-best>
</iteration>
<iteration i="200">
<sensors>[[1.77722343114759E-05,5.99993780761664,321.63747354602], [2.39088325627232E-06,4.68143467543791E-05,417.688393166942]]</sensors>
<obstacles>[[6.08334721927531, 5.07183770136908], [3.88994845328853, 1.65640249103308]]</obstacles>
<global-best>4.35284520469646</global-best>
</iteration>
<iterations>200</iterations>
<elapsed-time>1833</elapsed-time>
<average-time>0</average-time>
</simulation>