<?xml version="1.0" encoding="UTF-8"?>
<simulation>
<software>charlie-simulation-framework; v1.0.0; Jakob Rieke</software>
<system>Unix; Unix 18.2.0.0; 18.2.0.0</system>
<datetime>6/12/2019 4:03:37 PM</datetime>
<title>Static SP with GA</title>
<meta>Author: Jakob Rieke; Version v1.3.0</meta>
<configuration>
  Zoom = 40
  SizeTeamA = 4
  SizeTeamB = 4
  FieldHeight = 9
  FieldWidth = 6
  PlayerSensorRange = 12
  PlayerSensorFOV = 56.3
  PlayerSize = 0.1555
  # The function used to optimize the problem,
  # possible values are:
  # Simplex, PSO, SPSO-2006, SPSO-2011, PSO-A-IW,
  # PSO-LD-IW, PSO-Chaotic-IW, PSO-LD-IW,
  # Evolution-Strategy, Differential-Evolution,
  # Adaptive-Differential-Evolution
  Optimizer = PSO
  
</configuration>
<iteration i="0">
<sensors>[[9.92553413569434,4.9946269434898,346.919177917899], [3.00152541652593,6.71993546332997,58.4250909594146], [-4.82843896815838,-0.135761017354295,206.254296635273], [-2.59401851540644,4.5615047470102,183.470709925859]]</sensors>
<obstacles>[[7.90395353687927, 0.925516795367002], [0.756603283574805, 0.766450982540846], [5.19170758640394, 0.441534632351249], [3.17196070868522, 3.56624955218285]]</obstacles>
<global-best>21.3550510814773</global-best>

</iteration>
<iteration i="200">
<sensors>[[0.000204658430632045,3.10280835960562,343.742193612978], [3.45089534848451,0.0334464965038598,61.2248510778159], [8.99763060443469,0.794213341142653,183.840354048313], [8.99740278350848,4.27182182632234,190.88871228769]]</sensors>
<obstacles>[[7.90395353687927, 0.925516795367002], [0.756603283574805, 0.766450982540846], [5.19170758640394, 0.441534632351249], [3.17196070868522, 3.56624955218285]]</obstacles>
<global-best>0.269625107814733</global-best>

</iteration>
<iterations>200</iterations>
<elapsed-time>9144</elapsed-time>
<average-time>0</average-time>
</simulation>