<?xml version="1.0" encoding="UTF-8"?>
<simulation>
<software>charlie-simulation-framework; v1.0.0; Jakob Rieke</software>
<system>Unix; Unix 18.2.0.0; 18.2.0.0</system>
<datetime>6/12/2019 4:05:30 PM</datetime>
<title>Static SP with GA</title>
<meta>Author: Jakob Rieke; Version v1.3.0</meta>
<configuration>
  Zoom = 40
  SizeTeamA = 4
  SizeTeamB = 4
  FieldHeight = 9
  FieldWidth = 6
  PlayerSensorRange = 12
  PlayerSensorFOV = 56.3
  PlayerSize = 0.1555
  # The function used to optimize the problem,
  # possible values are:
  # Simplex, PSO, SPSO-2006, SPSO-2011, PSO-A-IW,
  # PSO-LD-IW, PSO-Chaotic-IW, PSO-LD-IW,
  # Evolution-Strategy, Differential-Evolution,
  # Adaptive-Differential-Evolution
  Optimizer = PSO
  
</configuration>
<iteration i="0">
<sensors>[[5.28667461391578,4.05987399389453,243.99675714396], [4.46758847821992,7.29420298972276,205.769319075058], [-1.57253419359033,9.06399355460965,201.643295903787], [7.44383556389605,5.67763032586834,45.5796381841774]]</sensors>
<obstacles>[[7.53717054845765, 2.35963673936203], [1.30246273521334, 0.0967583530582488], [8.3660264199134, 5.62546219490469], [7.43782936781645, 0.243859158363193]]</obstacles>
<global-best>21.2593866308099</global-best>

</iteration>
<iteration i="200">
<sensors>[[8.99990440062872,3.53569356069677,242.157969929738], [8.99834389110913,5.27207719515051,191.40230117512], [3.04164962540418,6.35860402711663,98.809491910678], [2.61606033046607,6.91141718830877E-06,28.133288574279]]</sensors>
<obstacles>[[7.53717054845765, 2.35963673936203], [1.30246273521334, 0.0967583530582488], [8.3660264199134, 5.62546219490469], [7.43782936781645, 0.243859158363193]]</obstacles>
<global-best>0.287542249739144</global-best>

</iteration>
<iterations>200</iterations>
<elapsed-time>6708</elapsed-time>
<average-time>0</average-time>
</simulation>