<?xml version="1.0" encoding="UTF-8"?>
<simulation>
<software>charlie-simulation-framework; v1.0.0; Jakob Rieke</software>
<system>Unix; Unix 18.2.0.0; 18.2.0.0</system>
<datetime>6/12/2019 4:03:28 PM</datetime>
<title>Static SP with GA</title>
<meta>Author: Jakob Rieke; Version v1.3.0</meta>
<configuration>
  Zoom = 40
  SizeTeamA = 4
  SizeTeamB = 4
  FieldHeight = 9
  FieldWidth = 6
  PlayerSensorRange = 12
  PlayerSensorFOV = 56.3
  PlayerSize = 0.1555
  # The function used to optimize the problem,
  # possible values are:
  # Simplex, PSO, SPSO-2006, SPSO-2011, PSO-A-IW,
  # PSO-LD-IW, PSO-Chaotic-IW, PSO-LD-IW,
  # Evolution-Strategy, Differential-Evolution,
  # Adaptive-Differential-Evolution
  Optimizer = PSO
  
</configuration>
<iteration i="0">
<sensors>[[2.33229804179811,1.31129773483065,151.909640789328], [4.87218230641221,2.90611554949967,14.7691259582388], [-1.60798442478907,-2.8660140636332,194.481163646862], [6.64470113655199,0.513340279970256,43.6385130409434]]</sensors>
<obstacles>[[7.47326540155336, 5.6078486465849], [8.34968471154571, 0.968690325971693], [0.781621900387108, 0.600404134020209], [6.03099008230492, 4.4204350495711]]</obstacles>
<global-best>8.41301804054471</global-best>

</iteration>
<iteration i="200">
<sensors>[[-14.2844107443841,16.616160504107,218.459921621998], [0.994835068074311,8.85379832504838E-06,28.126756191899], [7.54788275439952,5.9999916311435,208.149543409527], [140.579143646277,-5.20002799150924,-126.136368947821]]</sensors>
<obstacles>[[7.47326540155336, 5.6078486465849], [8.34968471154571, 0.968690325971693], [0.781621900387108, 0.600404134020209], [6.03099008230492, 4.4204350495711]]</obstacles>
<global-best>0.90002957442596</global-best>

</iteration>
<iterations>200</iterations>
<elapsed-time>3654</elapsed-time>
<average-time>0</average-time>
</simulation>