<?xml version="1.0" encoding="UTF-8"?>
<simulation>
<software>charlie-simulation-framework; v1.0.0; Jakob Rieke</software>
<system>Unix; Unix 18.2.0.0; 18.2.0.0</system>
<datetime>6/12/2019 4:04:23 PM</datetime>
<title>Static SP with GA</title>
<meta>Author: Jakob Rieke; Version v1.3.0</meta>
<configuration>
  Zoom = 40
  SizeTeamA = 4
  SizeTeamB = 4
  FieldHeight = 9
  FieldWidth = 6
  PlayerSensorRange = 12
  PlayerSensorFOV = 56.3
  PlayerSize = 0.1555
  # The function used to optimize the problem,
  # possible values are:
  # Simplex, PSO, SPSO-2006, SPSO-2011, PSO-A-IW,
  # PSO-LD-IW, PSO-Chaotic-IW, PSO-LD-IW,
  # Evolution-Strategy, Differential-Evolution,
  # Adaptive-Differential-Evolution
  Optimizer = PSO
  
</configuration>
<iteration i="0">
<sensors>[[1.70712368480087,4.36704959631059,43.2455323509865], [9.13414437092159,6.14954947577104,299.704799544805], [6.30565408909877,1.4140387416632,324.855141541065], [3.4749919257505,1.30198540244674,86.980327395099]]</sensors>
<obstacles>[[5.54928879369982, 5.79164731688797], [8.82620507455431, 5.3760032420978], [4.0773417132441, 0.86206641420722], [4.55346564156935, 3.15283808810636]]</obstacles>
<global-best>25.7339806791996</global-best>

</iteration>
<iteration i="200">
<sensors>[[4.20584190759384,0.00033037331689289,74.2556280918389], [1.40495862364656,5.99900079498105,284.843254166644], [3.27312040994059,5.99981980718236,321.731447320186], [0.000338235456675214,0.00104412242884311,62.0284890103088]]</sensors>
<obstacles>[[5.54928879369982, 5.79164731688797], [8.82620507455431, 5.3760032420978], [4.0773417132441, 0.86206641420722], [4.55346564156935, 3.15283808810636]]</obstacles>
<global-best>0.276622110202863</global-best>

</iteration>
<iterations>200</iterations>
<elapsed-time>8257</elapsed-time>
<average-time>0</average-time>
</simulation>