<?xml version="1.0" encoding="UTF-8"?>
<simulation>
<software>charlie-simulation-framework; v1.0.0; Jakob Rieke</software>
<system>Unix; Unix 18.2.0.0; 18.2.0.0</system>
<datetime>6/12/2019 4:06:25 PM</datetime>
<title>Static SP with GA</title>
<meta>Author: Jakob Rieke; Version v1.3.0</meta>
<configuration>
  Zoom = 40
  SizeTeamA = 4
  SizeTeamB = 4
  FieldHeight = 9
  FieldWidth = 6
  PlayerSensorRange = 12
  PlayerSensorFOV = 56.3
  PlayerSize = 0.1555
  # The function used to optimize the problem,
  # possible values are:
  # Simplex, PSO, SPSO-2006, SPSO-2011, PSO-A-IW,
  # PSO-LD-IW, PSO-Chaotic-IW, PSO-LD-IW,
  # Evolution-Strategy, Differential-Evolution,
  # Adaptive-Differential-Evolution
  Optimizer = PSO
  
</configuration>
<iteration i="0">
<sensors>[[6.54991273293714,-1.11227564108798,83.2866121465497], [8.68189830742498,4.1654279881938,338.162397114883], [7.41618284345669,7.65312263859779,214.625104408892], [-1.51804645000397,-4.31256805073254,220.279815826685]]</sensors>
<obstacles>[[3.32835791492835, 0.699691968038678], [0.458198612323031, 3.29422238795087], [3.38260610564612, 4.99797476269305], [2.05568394809961, 3.81010253867134]]</obstacles>
<global-best>20.1125663706618</global-best>

</iteration>
<iteration i="200">
<sensors>[[0.0127921542213008,0.0912490545687962,23.5868581681543], [0.00634088007095638,5.97266380676507,332.139925592056], [8.97098284872599,3.48316884192009,187.937105125936], [7.50339703916446,5.87719110479986,222.54546663601]]</sensors>
<obstacles>[[3.32835791492835, 0.699691968038678], [0.458198612323031, 3.29422238795087], [3.38260610564612, 4.99797476269305], [2.05568394809961, 3.81010253867134]]</obstacles>
<global-best>0.349089516979377</global-best>

</iteration>
<iterations>200</iterations>
<elapsed-time>6326</elapsed-time>
<average-time>0</average-time>
</simulation>