<?xml version="1.0" encoding="UTF-8"?>
<simulation>
<software>charlie-simulation-framework; v1.0.0; Jakob Rieke</software>
<system>Unix; Unix 18.2.0.0; 18.2.0.0</system>
<datetime>6/12/2019 4:07:46 PM</datetime>
<title>Static SP with GA</title>
<meta>Author: Jakob Rieke; Version v1.3.0</meta>
<configuration>
  Zoom = 40
  SizeTeamA = 4
  SizeTeamB = 4
  FieldHeight = 9
  FieldWidth = 6
  PlayerSensorRange = 12
  PlayerSensorFOV = 56.3
  PlayerSize = 0.1555
  # The function used to optimize the problem,
  # possible values are:
  # Simplex, PSO, SPSO-2006, SPSO-2011, PSO-A-IW,
  # PSO-LD-IW, PSO-Chaotic-IW, PSO-LD-IW,
  # Evolution-Strategy, Differential-Evolution,
  # Adaptive-Differential-Evolution
  Optimizer = PSO
  
</configuration>
<iteration i="0">
<sensors>[[9.87661886480072,1.17355307357432,312.828349637986], [1.24946590128917,10.2752713765716,333.888648820929], [8.94356127605611,5.98583909857366,307.825247359568], [3.91328412204332,3.59083229189762,349.211533306338]]</sensors>
<obstacles>[[5.80713509931229, 1.10535000124946], [3.81417866586708, 0.584381761495024], [1.42524372576736, 0.837591958232224], [5.48698227480054, 1.69782458245754]]</obstacles>
<global-best>18.9114174969956</global-best>

</iteration>
<iteration i="200">
<sensors>[[-730.102577631414,30.8337228741708,313.751349997805], [0.00109714211502425,5.99955343754304,332.051466911453], [0.0225078175698452,5.689273831574,295.786457191736], [0.000298324197268144,1.56201167789695,333.280992579269]]</sensors>
<obstacles>[[5.80713509931229, 1.10535000124946], [3.81417866586708, 0.584381761495024], [1.42524372576736, 0.837591958232224], [5.48698227480054, 1.69782458245754]]</obstacles>
<global-best>0.836817532906727</global-best>

</iteration>
<iterations>200</iterations>
<elapsed-time>4659</elapsed-time>
<average-time>0</average-time>
</simulation>