<?xml version="1.0" encoding="UTF-8"?>
<simulation>
<software>charlie-simulation-framework; v1.0.0; Jakob Rieke</software>
<system>Unix; Unix 18.2.0.0; 18.2.0.0</system>
<datetime>6/12/2019 4:08:35 PM</datetime>
<title>Static SP with GA</title>
<meta>Author: Jakob Rieke; Version v1.3.0</meta>
<configuration>
  Zoom = 40
  SizeTeamA = 4
  SizeTeamB = 4
  FieldHeight = 9
  FieldWidth = 6
  PlayerSensorRange = 12
  PlayerSensorFOV = 56.3
  PlayerSize = 0.1555
  # The function used to optimize the problem,
  # possible values are:
  # Simplex, PSO, SPSO-2006, SPSO-2011, PSO-A-IW,
  # PSO-LD-IW, PSO-Chaotic-IW, PSO-LD-IW,
  # Evolution-Strategy, Differential-Evolution,
  # Adaptive-Differential-Evolution
  Optimizer = PSO
  
</configuration>
<iteration i="0">
<sensors>[[-2.97614305536931,8.5458259741982,32.3649759360125], [8.4799505363213,0.66056723297565,17.9592878624628], [0.689470301371493,8.63363754702922,200.417434206472], [-1.04149615132512,0.172986704582177,81.7936373171078]]</sensors>
<obstacles>[[7.31851914944127, 3.77113161049783], [0.0695299089420587, 1.94487289572135], [0.591845667455345, 1.49176233960316], [4.89129513292573, 0.544607983902097]]</obstacles>
<global-best>9.07874518728073</global-best>

</iteration>
<iteration i="200">
<sensors>[[-1.25067560966632,48.872024051018,46.4013798310329], [0.00102843030409462,5.99201734289183,-32.5776615106918], [8.99891330537822,5.99975885448285,208.060198096557], [4.98086455860918,0.000473628859325178,63.5388840500586]]</sensors>
<obstacles>[[7.31851914944127, 3.77113161049783], [0.0695299089420587, 1.94487289572135], [0.591845667455345, 1.49176233960316], [4.89129513292573, 0.544607983902097]]</obstacles>
<global-best>0.378227001716638</global-best>

</iteration>
<iterations>200</iterations>
<elapsed-time>5514</elapsed-time>
<average-time>0</average-time>
</simulation>