<?xml version="1.0" encoding="UTF-8"?>
<simulation>
<software>charlie-simulation-framework; v1.0.0; Jakob Rieke</software>
<system>Unix; Unix 18.2.0.0; 18.2.0.0</system>
<datetime>6/12/2019 4:05:00 PM</datetime>
<title>Static SP with GA</title>
<meta>Author: Jakob Rieke; Version v1.3.0</meta>
<configuration>
  Zoom = 40
  SizeTeamA = 4
  SizeTeamB = 4
  FieldHeight = 9
  FieldWidth = 6
  PlayerSensorRange = 12
  PlayerSensorFOV = 56.3
  PlayerSize = 0.1555
  # The function used to optimize the problem,
  # possible values are:
  # Simplex, PSO, SPSO-2006, SPSO-2011, PSO-A-IW,
  # PSO-LD-IW, PSO-Chaotic-IW, PSO-LD-IW,
  # Evolution-Strategy, Differential-Evolution,
  # Adaptive-Differential-Evolution
  Optimizer = PSO
  
</configuration>
<iteration i="0">
<sensors>[[7.93383714216625,0.843817716351183,235.693077724437], [2.89869874063802,7.70678541571759,94.7886593505886], [12.032962385995,-1.00973090123621,216.477476576657], [6.67804253955622,3.5254923508147,109.119775293978]]</sensors>
<obstacles>[[3.75580606330186, 5.97526916954666], [4.30954009504057, 5.31803549733013], [8.43021887121722, 1.89859842415899], [2.07781406049617, 3.57452525245026]]</obstacles>
<global-best>17.314532780001</global-best>

</iteration>
<iteration i="200">
<sensors>[[8.99421345611376,5.99854460766237,244.771068817668], [7.95794297824854,0.000218397225362902,57.8044400851681], [8.68300014735876,5.97093968577803,203.699620566697], [3.5844060808314,0.000213639287568313,112.082137814375]]</sensors>
<obstacles>[[3.75580606330186, 5.97526916954666], [4.30954009504057, 5.31803549733013], [8.43021887121722, 1.89859842415899], [2.07781406049617, 3.57452525245026]]</obstacles>
<global-best>0.605998095498261</global-best>

</iteration>
<iterations>200</iterations>
<elapsed-time>8946</elapsed-time>
<average-time>0</average-time>
</simulation>