<?xml version="1.0" encoding="UTF-8"?>
<simulation>
<software>charlie-simulation-framework; v1.0.0; Jakob Rieke</software>
<system>Unix; Unix 18.2.0.0; 18.2.0.0</system>
<datetime>6/12/2019 4:07:33 PM</datetime>
<title>Static SP with GA</title>
<meta>Author: Jakob Rieke; Version v1.3.0</meta>
<configuration>
  Zoom = 40
  SizeTeamA = 4
  SizeTeamB = 4
  FieldHeight = 9
  FieldWidth = 6
  PlayerSensorRange = 12
  PlayerSensorFOV = 56.3
  PlayerSize = 0.1555
  # The function used to optimize the problem,
  # possible values are:
  # Simplex, PSO, SPSO-2006, SPSO-2011, PSO-A-IW,
  # PSO-LD-IW, PSO-Chaotic-IW, PSO-LD-IW,
  # Evolution-Strategy, Differential-Evolution,
  # Adaptive-Differential-Evolution
  Optimizer = PSO
  
</configuration>
<iteration i="0">
<sensors>[[8.13347894614271,-0.744929441032525,280.350736072207], [8.30548660902045,5.56692104830674,167.093704802702], [9.24725529197837,3.08630841048741,356.47030655347], [10.0400886029144,2.79555594417012,17.6123239091924]]</sensors>
<obstacles>[[2.61472983914427, 2.97372903255746], [7.30560298659839, 2.59287740243599], [2.95428603817709, 3.69682413339615], [8.79088346846402, 4.84646560158581]]</obstacles>
<global-best>10.9285141377859</global-best>

</iteration>
<iteration i="200">
<sensors>[[-21.8300545663027,34.4597176713864,278.707637696256], [8.99993450550153,1.05453899074996,158.25342684576], [0.00237995113099426,0.00680701518523253,384.217867696649], [5.78540329705756E-05,3.53281184395114,12.7342768008603]]</sensors>
<obstacles>[[2.61472983914427, 2.97372903255746], [7.30560298659839, 2.59287740243599], [2.95428603817709, 3.69682413339615], [8.79088346846402, 4.84646560158581]]</obstacles>
<global-best>0.730904679059872</global-best>

</iteration>
<iterations>200</iterations>
<elapsed-time>8078</elapsed-time>
<average-time>0</average-time>
</simulation>