<?xml version="1.0" encoding="UTF-8"?>
<simulation>
<software>charlie-simulation-framework; v1.0.0; Jakob Rieke</software>
<system>Unix; Unix 18.2.0.0; 18.2.0.0</system>
<datetime>6/12/2019 4:06:39 PM</datetime>
<title>Static SP with GA</title>
<meta>Author: Jakob Rieke; Version v1.3.0</meta>
<configuration>
  Zoom = 40
  SizeTeamA = 4
  SizeTeamB = 4
  FieldHeight = 9
  FieldWidth = 6
  PlayerSensorRange = 12
  PlayerSensorFOV = 56.3
  PlayerSize = 0.1555
  # The function used to optimize the problem,
  # possible values are:
  # Simplex, PSO, SPSO-2006, SPSO-2011, PSO-A-IW,
  # PSO-LD-IW, PSO-Chaotic-IW, PSO-LD-IW,
  # Evolution-Strategy, Differential-Evolution,
  # Adaptive-Differential-Evolution
  Optimizer = PSO
  
</configuration>
<iteration i="0">
<sensors>[[1.25950204105663,1.19449721212656,81.6080374848486], [3.35532622379617,2.49703585190131,221.532201497933], [4.05229700608291,0.817428977564735,147.64583754886], [0.894333225717134,7.65059484652203,129.444058357238]]</sensors>
<obstacles>[[0.175892651779577, 4.70815034396946], [5.69127193023451, 3.70185487763956], [0.549959646072239, 0.0248759519308805], [5.64747436344624, 0.16360562061891]]</obstacles>
<global-best>16.6765807639347</global-best>

</iteration>
<iteration i="200">
<sensors>[[8.26148327425419,0.000208279642264344,81.057762595208], [8.99964930566673,3.81155273432169,223.649202513551], [8.99980995166915,0.0510959527122244,143.683237776297], [6.07420228357737,3.79555648054568,142.369248714476]]</sensors>
<obstacles>[[0.175892651779577, 4.70815034396946], [5.69127193023451, 3.70185487763956], [0.549959646072239, 0.0248759519308805], [5.64747436344624, 0.16360562061891]]</obstacles>
<global-best>0.681043630279058</global-best>

</iteration>
<iterations>200</iterations>
<elapsed-time>7218</elapsed-time>
<average-time>0</average-time>
</simulation>