<?xml version="1.0" encoding="UTF-8"?>
<simulation>
<software>charlie-simulation-framework; v1.0.0; Jakob Rieke</software>
<system>Unix; Unix 18.2.0.0; 18.2.0.0</system>
<datetime>6/12/2019 4:03:32 PM</datetime>
<title>Static SP with GA</title>
<meta>Author: Jakob Rieke; Version v1.3.0</meta>
<configuration>
  Zoom = 40
  SizeTeamA = 4
  SizeTeamB = 4
  FieldHeight = 9
  FieldWidth = 6
  PlayerSensorRange = 12
  PlayerSensorFOV = 56.3
  PlayerSize = 0.1555
  # The function used to optimize the problem,
  # possible values are:
  # Simplex, PSO, SPSO-2006, SPSO-2011, PSO-A-IW,
  # PSO-LD-IW, PSO-Chaotic-IW, PSO-LD-IW,
  # Evolution-Strategy, Differential-Evolution,
  # Adaptive-Differential-Evolution
  Optimizer = PSO
  
</configuration>
<iteration i="0">
<sensors>[[3.79991139094577,2.60124411386961,299.284012120422], [-4.11260940959133,1.62133707885894,156.914717085798], [0.856334418007447,9.23896757164952,172.805529259983], [11.7617231209982,5.44410513511981,149.906338247006]]</sensors>
<obstacles>[[1.96394106955267, 0.489576410036534], [1.20410123560578, 0.0310332672670484], [1.45158219477162, 3.44760750979185], [7.00168276741169, 5.82406762987375]]</obstacles>
<global-best>18.7813036099871</global-best>

</iteration>
<iteration i="200">
<sensors>[[0.00624487222420623,4.311674288193,350.095239395738], [8.99731142494477,0.000644956599794539,151.935892282989], [-496.086059991172,18.1385592670126,174.886194557299], [8.99118909926045,5.99579472994923,192.68485591294]]</sensors>
<obstacles>[[1.96394106955267, 0.489576410036534], [1.20410123560578, 0.0310332672670484], [1.45158219477162, 3.44760750979185], [7.00168276741169, 5.82406762987375]]</obstacles>
<global-best>0.110973282975381</global-best>

</iteration>
<iterations>200</iterations>
<elapsed-time>5338</elapsed-time>
<average-time>0</average-time>
</simulation>