<?xml version="1.0" encoding="UTF-8"?>
<simulation>
<software>charlie-simulation-framework; v1.0.0; Jakob Rieke</software>
<system>Unix; Unix 18.2.0.0; 18.2.0.0</system>
<datetime>6/12/2019 4:03:12 PM</datetime>
<title>Static SP with GA</title>
<meta>Author: Jakob Rieke; Version v1.3.0</meta>
<configuration>
  Zoom = 40
  SizeTeamA = 4
  SizeTeamB = 4
  FieldHeight = 9
  FieldWidth = 6
  PlayerSensorRange = 12
  PlayerSensorFOV = 56.3
  PlayerSize = 0.1555
  # The function used to optimize the problem,
  # possible values are:
  # Simplex, PSO, SPSO-2006, SPSO-2011, PSO-A-IW,
  # PSO-LD-IW, PSO-Chaotic-IW, PSO-LD-IW,
  # Evolution-Strategy, Differential-Evolution,
  # Adaptive-Differential-Evolution
  Optimizer = PSO
  
</configuration>
<iteration i="0">
<sensors>[[2.41664623793587,6.95611860206296,210.795693059929], [3.47059570186982,1.62053898451102,93.095158847866], [9.8047826545061,5.45218294850267,308.16336248132], [0.896952103412541,6.95191564378945,92.902752061552]]</sensors>
<obstacles>[[5.6731271026656, 3.07297689886764], [1.35135332029313, 0.755316368769854], [8.25736764539033, 2.47384536126629], [6.1054234423209, 2.49917896650732]]</obstacles>
<global-best>26.7651165791447</global-best>

</iteration>
<iteration i="200">
<sensors>[[6.21592878491784,5.9932794675049,228.253480698343], [7.05512576586077,0.00302542777964255,88.8470378384337], [4.01670696336848,5.99970415268629,308.305016725811], [5.04776336921269,0.000244638745911295,115.813454285217]]</sensors>
<obstacles>[[5.6731271026656, 3.07297689886764], [1.35135332029313, 0.755316368769854], [8.25736764539033, 2.47384536126629], [6.1054234423209, 2.49917896650732]]</obstacles>
<global-best>1.25653673016781</global-best>

</iteration>
<iterations>200</iterations>
<elapsed-time>10615</elapsed-time>
<average-time>0</average-time>
</simulation>