<?xml version="1.0" encoding="UTF-8"?>
<simulation>
<software>charlie-simulation-framework; v1.0.0; Jakob Rieke</software>
<system>Unix; Unix 18.2.0.0; 18.2.0.0</system>
<datetime>6/12/2019 4:06:46 PM</datetime>
<title>Static SP with GA</title>
<meta>Author: Jakob Rieke; Version v1.3.0</meta>
<configuration>
  Zoom = 40
  SizeTeamA = 4
  SizeTeamB = 4
  FieldHeight = 9
  FieldWidth = 6
  PlayerSensorRange = 12
  PlayerSensorFOV = 56.3
  PlayerSize = 0.1555
  # The function used to optimize the problem,
  # possible values are:
  # Simplex, PSO, SPSO-2006, SPSO-2011, PSO-A-IW,
  # PSO-LD-IW, PSO-Chaotic-IW, PSO-LD-IW,
  # Evolution-Strategy, Differential-Evolution,
  # Adaptive-Differential-Evolution
  Optimizer = PSO
  
</configuration>
<iteration i="0">
<sensors>[[13.0122230991154,-4.11975883922811,230.264055453964], [-3.71136518520687,10.2285053664511,268.317684230413], [-0.57293999224187,9.34410455054366,227.481369331732], [0.729184226606709,1.86277787280737,90.0232989454359]]</sensors>
<obstacles>[[3.05963087431155, 1.6814165529795], [0.804893732769415, 4.71064966404811], [5.02193992235698, 3.32340518245474], [5.82461229152977, 4.43944432586432]]</obstacles>
<global-best>23.7120647245373</global-best>

</iteration>
<iteration i="200">
<sensors>[[8.68880451215704,5.97263573246065,204.987097692887], [8.99988574576479,5.99229085475656,241.864947811402], [6.68343587001514,5.99955200196698,208.022612086204], [23.2843417584783,-2851.68668876247,321.501645603126]]</sensors>
<obstacles>[[3.05963087431155, 1.6814165529795], [0.804893732769415, 4.71064966404811], [5.02193992235698, 3.32340518245474], [5.82461229152977, 4.43944432586432]]</obstacles>
<global-best>0.834604573234279</global-best>

</iteration>
<iterations>200</iterations>
<elapsed-time>4865</elapsed-time>
<average-time>0</average-time>
</simulation>