<?xml version="1.0" encoding="UTF-8"?>
<simulation>
<software>charlie-simulation-framework; v1.0.0; Jakob Rieke</software>
<system>Unix; Unix 18.2.0.0; 18.2.0.0</system>
<datetime>6/12/2019 4:04:38 PM</datetime>
<title>Static SP with GA</title>
<meta>Author: Jakob Rieke; Version v1.3.0</meta>
<configuration>
  Zoom = 40
  SizeTeamA = 4
  SizeTeamB = 4
  FieldHeight = 9
  FieldWidth = 6
  PlayerSensorRange = 12
  PlayerSensorFOV = 56.3
  PlayerSize = 0.1555
  # The function used to optimize the problem,
  # possible values are:
  # Simplex, PSO, SPSO-2006, SPSO-2011, PSO-A-IW,
  # PSO-LD-IW, PSO-Chaotic-IW, PSO-LD-IW,
  # Evolution-Strategy, Differential-Evolution,
  # Adaptive-Differential-Evolution
  Optimizer = PSO
  
</configuration>
<iteration i="0">
<sensors>[[7.01141764626533,-1.01949511641373,80.2554137351445], [8.843731573347,2.95814982911886,283.620484295452], [5.24421121096885,9.0605319997988,121.144963779663], [4.8538174901198,0.263556119160993,205.430404785468]]</sensors>
<obstacles>[[8.27855807938613, 3.04599571041763], [6.32391569414176, 1.30383606813848], [5.73709622235037, 3.80907030869275], [2.46129492949694, 5.84794080303982]]</obstacles>
<global-best>14.8838948453987</global-best>

</iteration>
<iteration i="200">
<sensors>[[0.00218048718749391,0.000556099579636731,61.8932341970655], [7.5219488497345,5.99954615700773,273.540184504053], [8.99927913496081,0.00130198352693291,118.08225833223], [8.2215249209983,3.35172369365668,212.510017892349]]</sensors>
<obstacles>[[8.27855807938613, 3.04599571041763], [6.32391569414176, 1.30383606813848], [5.73709622235037, 3.80907030869275], [2.46129492949694, 5.84794080303982]]</obstacles>
<global-best>0.330964821973618</global-best>

</iteration>
<iterations>200</iterations>
<elapsed-time>8141</elapsed-time>
<average-time>0</average-time>
</simulation>