<?xml version="1.0" encoding="UTF-8"?>
<simulation>
<software>charlie-simulation-framework; v1.0.0; Jakob Rieke</software>
<system>Unix; Unix 18.2.0.0; 18.2.0.0</system>
<datetime>6/12/2019 4:03:56 PM</datetime>
<title>Static SP with GA</title>
<meta>Author: Jakob Rieke; Version v1.3.0</meta>
<configuration>
  Zoom = 40
  SizeTeamA = 4
  SizeTeamB = 4
  FieldHeight = 9
  FieldWidth = 6
  PlayerSensorRange = 12
  PlayerSensorFOV = 56.3
  PlayerSize = 0.1555
  # The function used to optimize the problem,
  # possible values are:
  # Simplex, PSO, SPSO-2006, SPSO-2011, PSO-A-IW,
  # PSO-LD-IW, PSO-Chaotic-IW, PSO-LD-IW,
  # Evolution-Strategy, Differential-Evolution,
  # Adaptive-Differential-Evolution
  Optimizer = PSO
  
</configuration>
<iteration i="0">
<sensors>[[2.92659735252649,4.01558208434401,129.713779006945], [-1.24035285490336,5.65831818655651,67.0986551836274], [5.0532110685764,1.36595533068594,240.051774559168], [8.39295592313611,3.60145162739643,353.89073479899]]</sensors>
<obstacles>[[7.83778620860539, 2.93437913199887], [6.46521331463009, 2.99456481076777], [3.39060217305087, 3.10089930798858], [2.33942590886727, 2.64316815370694]]</obstacles>
<global-best>19.6775125124864</global-best>

</iteration>
<iteration i="200">
<sensors>[[8.99982422603221,0.62129763431205,140.101793535802], [2.0312341093375,1.5408212830733E-05,51.909525580371], [3.10975754856926,5.99989998019942,231.37871684136], [3.09487625205327E-05,0.803031167196915,362.266966040189]]</sensors>
<obstacles>[[7.83778620860539, 2.93437913199887], [6.46521331463009, 2.99456481076777], [3.39060217305087, 3.10089930798858], [2.33942590886727, 2.64316815370694]]</obstacles>
<global-best>0.766970745962981</global-best>

</iteration>
<iterations>200</iterations>
<elapsed-time>11713</elapsed-time>
<average-time>0</average-time>
</simulation>