<?xml version="1.0" encoding="UTF-8"?>
<simulation>
<software>charlie-simulation-framework; v1.0.0; Jakob Rieke</software>
<system>Unix; Unix 18.2.0.0; 18.2.0.0</system>
<datetime>6/12/2019 4:03:47 PM</datetime>
<title>Static SP with GA</title>
<meta>Author: Jakob Rieke; Version v1.3.0</meta>
<configuration>
  Zoom = 40
  SizeTeamA = 4
  SizeTeamB = 4
  FieldHeight = 9
  FieldWidth = 6
  PlayerSensorRange = 12
  PlayerSensorFOV = 56.3
  PlayerSize = 0.1555
  # The function used to optimize the problem,
  # possible values are:
  # Simplex, PSO, SPSO-2006, SPSO-2011, PSO-A-IW,
  # PSO-LD-IW, PSO-Chaotic-IW, PSO-LD-IW,
  # Evolution-Strategy, Differential-Evolution,
  # Adaptive-Differential-Evolution
  Optimizer = PSO
  
</configuration>
<iteration i="0">
<sensors>[[8.88493579017977,6.38710378699461,273.744020298676], [7.73192087673426,7.20932265857614,270.074223493022], [-0.0359769514137769,4.04388334078274,225.178645543299], [8.25336315011371,-2.83022331691968,219.261595665514]]</sensors>
<obstacles>[[3.39787093224004, 1.90562397334725], [0.0609618730377406, 3.9586022417061], [2.08453038730659, 1.65349807776511], [0.287695297971368, 2.67495311284438]]</obstacles>
<global-best>18.8515641642673</global-best>

</iteration>
<iteration i="200">
<sensors>[[8.99836567329707,5.68412170707881,243.775752039792], [25.0853051170159,23.3212200758132,304.874876432994], [8.78169736688366,0.046309389737801,184.080447987846], [8.99376406434721,5.99726950768181,207.81506935763]]</sensors>
<obstacles>[[3.39787093224004, 1.90562397334725], [0.0609618730377406, 3.9586022417061], [2.08453038730659, 1.65349807776511], [0.287695297971368, 2.67495311284438]]</obstacles>
<global-best>0.259811156036101</global-best>

</iteration>
<iterations>200</iterations>
<elapsed-time>5534</elapsed-time>
<average-time>0</average-time>
</simulation>