<?xml version="1.0" encoding="UTF-8"?>
<simulation>
<software>charlie-simulation-framework; v1.0.0; Jakob Rieke</software>
<system>Unix; Unix 18.2.0.0; 18.2.0.0</system>
<datetime>6/12/2019 4:04:08 PM</datetime>
<title>Static SP with GA</title>
<meta>Author: Jakob Rieke; Version v1.3.0</meta>
<configuration>
  Zoom = 40
  SizeTeamA = 4
  SizeTeamB = 4
  FieldHeight = 9
  FieldWidth = 6
  PlayerSensorRange = 12
  PlayerSensorFOV = 56.3
  PlayerSize = 0.1555
  # The function used to optimize the problem,
  # possible values are:
  # Simplex, PSO, SPSO-2006, SPSO-2011, PSO-A-IW,
  # PSO-LD-IW, PSO-Chaotic-IW, PSO-LD-IW,
  # Evolution-Strategy, Differential-Evolution,
  # Adaptive-Differential-Evolution
  Optimizer = PSO
  
</configuration>
<iteration i="0">
<sensors>[[0.74198972580484,2.9958232597206,218.53122633751], [3.04839437549277,6.99347040493234,340.191797945573], [-2.77066202059337,1.85036424205183,236.98276684269], [5.20357712818073,1.89164284304057,149.072833471491]]</sensors>
<obstacles>[[2.94153431570157, 0.121027044486254], [3.59125208342448, 1.66232850914821], [5.7423680392094, 1.45574628515169], [1.31036430923268, 0.299363489728421]]</obstacles>
<global-best>17.5596328814212</global-best>

</iteration>
<iteration i="200">
<sensors>[[240.064778766927,-12.4997861996847,230.231252055288], [1.47786344522321E-05,4.45754040904236,348.672906202154], [4.48273316673893,5.99998691698343,228.222845237578], [8.99997807372218,4.61571752828259E-05,151.855759931693]]</sensors>
<obstacles>[[2.94153431570157, 0.121027044486254], [3.59125208342448, 1.66232850914821], [5.7423680392094, 1.45574628515169], [1.31036430923268, 0.299363489728421]]</obstacles>
<global-best>0.173547955399977</global-best>

</iteration>
<iterations>200</iterations>
<elapsed-time>6049</elapsed-time>
<average-time>0</average-time>
</simulation>