<?xml version="1.0" encoding="UTF-8"?>
<simulation>
<software>charlie-simulation-framework; v1.0.0; Jakob Rieke</software>
<system>Unix; Unix 18.2.0.0; 18.2.0.0</system>
<datetime>6/12/2019 4:08:41 PM</datetime>
<title>Static SP with GA</title>
<meta>Author: Jakob Rieke; Version v1.3.0</meta>
<configuration>
  Zoom = 40
  SizeTeamA = 4
  SizeTeamB = 4
  FieldHeight = 9
  FieldWidth = 6
  PlayerSensorRange = 12
  PlayerSensorFOV = 56.3
  PlayerSize = 0.1555
  # The function used to optimize the problem,
  # possible values are:
  # Simplex, PSO, SPSO-2006, SPSO-2011, PSO-A-IW,
  # PSO-LD-IW, PSO-Chaotic-IW, PSO-LD-IW,
  # Evolution-Strategy, Differential-Evolution,
  # Adaptive-Differential-Evolution
  Optimizer = PSO
  
</configuration>
<iteration i="0">
<sensors>[[7.23392631843214,1.12588484655834,276.027468885131], [8.32591171739887,2.03613876423264,170.269845134101], [1.65675260683903,1.5951225051386,274.495493890993], [4.0588950695247,0.300416338500563,159.833159885894]]</sensors>
<obstacles>[[6.69499094830826, 3.34793832991272], [4.99852256546728, 1.42971216933802], [3.23697149776854, 1.40059406496584], [5.79512487351894, 4.48682953231037]]</obstacles>
<global-best>16.4935295757161</global-best>

</iteration>
<iteration i="200">
<sensors>[[8.7912068155282,5.99980896912613,247.27385249253], [8.99680565322595,0.978545332545122,164.138685135769], [30.3626809798468,42.0939416449857,280.034816291135], [8.99904196490609,5.50994884741907,186.899146629368]]</sensors>
<obstacles>[[6.69499094830826, 3.34793832991272], [4.99852256546728, 1.42971216933802], [3.23697149776854, 1.40059406496584], [5.79512487351894, 4.48682953231037]]</obstacles>
<global-best>0.859815784007558</global-best>

</iteration>
<iterations>200</iterations>
<elapsed-time>6854</elapsed-time>
<average-time>0</average-time>
</simulation>