<?xml version="1.0" encoding="UTF-8"?>
<simulation>
<software>charlie-simulation-framework; v1.0.0; Jakob Rieke</software>
<system>Unix; Unix 18.2.0.0; 18.2.0.0</system>
<datetime>6/12/2019 4:05:55 PM</datetime>
<title>Static SP with GA</title>
<meta>Author: Jakob Rieke; Version v1.3.0</meta>
<configuration>
  Zoom = 40
  SizeTeamA = 4
  SizeTeamB = 4
  FieldHeight = 9
  FieldWidth = 6
  PlayerSensorRange = 12
  PlayerSensorFOV = 56.3
  PlayerSize = 0.1555
  # The function used to optimize the problem,
  # possible values are:
  # Simplex, PSO, SPSO-2006, SPSO-2011, PSO-A-IW,
  # PSO-LD-IW, PSO-Chaotic-IW, PSO-LD-IW,
  # Evolution-Strategy, Differential-Evolution,
  # Adaptive-Differential-Evolution
  Optimizer = PSO
  
</configuration>
<iteration i="0">
<sensors>[[0.313551754048854,2.94916948780446,210.300309106568], [13.6646273105152,1.77488336356729,292.560479215644], [5.7817147304431,2.85350310882678,142.128468399605], [4.35261747551208,3.66074303820415,96.9181969143281]]</sensors>
<obstacles>[[0.431036252528429, 2.834118953906], [0.504016165388748, 5.16204521572217], [8.84611652861349, 4.63182299304754], [4.16965792234987, 0.95724188676104]]</obstacles>
<global-best>26.153468484285</global-best>

</iteration>
<iteration i="200">
<sensors>[[8.99580934832447,3.26393846569303,196.844148961661], [1.41811189940609,5.9566335624916,293.293654977206], [8.998397849105,0.00262610229244405,120.874731490949], [4.07382181673155,-4.94437861448725,94.6179346019872]]</sensors>
<obstacles>[[0.431036252528429, 2.834118953906], [0.504016165388748, 5.16204521572217], [8.84611652861349, 4.63182299304754], [4.16965792234987, 0.95724188676104]]</obstacles>
<global-best>1.48306564541272</global-best>

</iteration>
<iterations>200</iterations>
<elapsed-time>4994</elapsed-time>
<average-time>0</average-time>
</simulation>