<?xml version="1.0" encoding="UTF-8"?>
<simulation>
<software>charlie-simulation-framework; v1.0.0; Jakob Rieke</software>
<system>Unix; Unix 18.2.0.0; 18.2.0.0</system>
<datetime>6/17/2019 11:42:50 PM</datetime>
<title>Static Sensor Positioning</title>
<meta>Author: Jakob Rieke; Version v1.3.0</meta>
<configuration>
  Zoom = 40
  SizeTeamA = 1
  SizeTeamB = 1
  FieldHeight = 9
  FieldWidth = 6
  PlayerSensorRange = 12
  PlayerSensorFOV = 56.3
  PlayerSize = 0.1555
  # The function used to optimize the problem,
  # possible values are:
  # Simplex, PSO, SPSO-2006, SPSO-2011, PSO-A-IW,
  # PSO-LD-IW, PSO-Chaotic-IW, PSO-LD-IW,
  # Evolution-Strategy, Differential-Evolution,
  # Adaptive-Differential-Evolution
  Optimizer = PSO
  </configuration>
<iteration i="0">
<sensors>[[5.30642652449899,3.21877310045093,60.9562169995995]]</sensors>
<obstacles>[[3.39221792528406, 3.01913115475327]]</obstacles>
<global-best>31.3844021751429</global-best>
</iteration>
<iteration i="200">
<sensors>[[5.86450558797132E-10,1.09851609406058E-08,28.1499995411356]]</sensors>
<obstacles>[[3.39221792528406, 3.01913115475327]]</obstacles>
<global-best>14.0943035257928</global-best>
</iteration>
<iterations>200</iterations>
<elapsed-time>679</elapsed-time>
<average-time>0</average-time>
</simulation>