<?xml version="1.0" encoding="UTF-8"?>
<simulation>
<software>charlie-simulation-framework; v1.0.0; Jakob Rieke</software>
<system>Unix; Unix 18.2.0.0; 18.2.0.0</system>
<datetime>6/17/2019 11:43:00 PM</datetime>
<title>Static Sensor Positioning</title>
<meta>Author: Jakob Rieke; Version v1.3.0</meta>
<configuration>
  Zoom = 40
  SizeTeamA = 1
  SizeTeamB = 1
  FieldHeight = 9
  FieldWidth = 6
  PlayerSensorRange = 12
  PlayerSensorFOV = 56.3
  PlayerSize = 0.1555
  # The function used to optimize the problem,
  # possible values are:
  # Simplex, PSO, SPSO-2006, SPSO-2011, PSO-A-IW,
  # PSO-LD-IW, PSO-Chaotic-IW, PSO-LD-IW,
  # Evolution-Strategy, Differential-Evolution,
  # Adaptive-Differential-Evolution
  Optimizer = PSO
  </configuration>
<iteration i="0">
<sensors>[[11.5005290514427,2.90834582851363,345.850108687453]]</sensors>
<obstacles>[[5.95986775844358, 2.04610852198675]]</obstacles>
<global-best>42.3407496923497</global-best>
</iteration>
<iteration i="200">
<sensors>[[3.40179063949577E-09,5.99999996620843,331.850000252643]]</sensors>
<obstacles>[[5.95986775844358, 2.04610852198675]]</obstacles>
<global-best>13.3830215308647</global-best>
</iteration>
<iterations>200</iterations>
<elapsed-time>525</elapsed-time>
<average-time>0</average-time>
</simulation>