<?xml version="1.0" encoding="UTF-8"?>
<simulation>
<software>charlie-simulation-framework; v1.0.0; Jakob Rieke</software>
<system>Unix; Unix 18.2.0.0; 18.2.0.0</system>
<datetime>6/17/2019 11:42:43 PM</datetime>
<title>Static Sensor Positioning</title>
<meta>Author: Jakob Rieke; Version v1.3.0</meta>
<configuration>
  Zoom = 40
  SizeTeamA = 1
  SizeTeamB = 1
  FieldHeight = 9
  FieldWidth = 6
  PlayerSensorRange = 12
  PlayerSensorFOV = 56.3
  PlayerSize = 0.1555
  # The function used to optimize the problem,
  # possible values are:
  # Simplex, PSO, SPSO-2006, SPSO-2011, PSO-A-IW,
  # PSO-LD-IW, PSO-Chaotic-IW, PSO-LD-IW,
  # Evolution-Strategy, Differential-Evolution,
  # Adaptive-Differential-Evolution
  Optimizer = PSO
  </configuration>
<iteration i="0">
<sensors>[[6.46005416039043,1.77250331928524,88.4021356102154]]</sensors>
<obstacles>[[3.55144049087539, 0.540700082201511]]</obstacles>
<global-best>35.9505114024994</global-best>
</iteration>
<iteration i="200">
<sensors>[[8.99999999775708,3.65689008518091E-08,151.850000792194]]</sensors>
<obstacles>[[3.55144049087539, 0.540700082201511]]</obstacles>
<global-best>13.4781482377996</global-best>
</iteration>
<iterations>200</iterations>
<elapsed-time>301</elapsed-time>
<average-time>0</average-time>
</simulation>