<?xml version="1.0" encoding="UTF-8"?>
<simulation>
<software>charlie-simulation-framework; v1.0.0; Jakob Rieke</software>
<system>Unix; Unix 18.2.0.0; 18.2.0.0</system>
<datetime>6/17/2019 11:42:58 PM</datetime>
<title>Static Sensor Positioning</title>
<meta>Author: Jakob Rieke; Version v1.3.0</meta>
<configuration>
  Zoom = 40
  SizeTeamA = 1
  SizeTeamB = 1
  FieldHeight = 9
  FieldWidth = 6
  PlayerSensorRange = 12
  PlayerSensorFOV = 56.3
  PlayerSize = 0.1555
  # The function used to optimize the problem,
  # possible values are:
  # Simplex, PSO, SPSO-2006, SPSO-2011, PSO-A-IW,
  # PSO-LD-IW, PSO-Chaotic-IW, PSO-LD-IW,
  # Evolution-Strategy, Differential-Evolution,
  # Adaptive-Differential-Evolution
  Optimizer = PSO
  </configuration>
<iteration i="0">
<sensors>[[13.7161493196596,4.03975238047288,1.05236004424309]]</sensors>
<obstacles>[[7.37484665773809, 4.21504414267838]]</obstacles>
<global-best>41.3748322554653</global-best>
</iteration>
<iteration i="200">
<sensors>[[3.05153938300708E-08,2.5107758315953E-08,28.1499994553385]]</sensors>
<obstacles>[[7.37484665773809, 4.21504414267838]]</obstacles>
<global-best>12.6520098745573</global-best>
</iteration>
<iterations>200</iterations>
<elapsed-time>716</elapsed-time>
<average-time>0</average-time>
</simulation>