<?xml version="1.0" encoding="UTF-8"?>
<simulation>
<software>charlie-simulation-framework; v1.0.0; Jakob Rieke</software>
<system>Unix; Unix 18.2.0.0; 18.2.0.0</system>
<datetime>6/17/2019 11:42:54 PM</datetime>
<title>Static Sensor Positioning</title>
<meta>Author: Jakob Rieke; Version v1.3.0</meta>
<configuration>
  Zoom = 40
  SizeTeamA = 1
  SizeTeamB = 1
  FieldHeight = 9
  FieldWidth = 6
  PlayerSensorRange = 12
  PlayerSensorFOV = 56.3
  PlayerSize = 0.1555
  # The function used to optimize the problem,
  # possible values are:
  # Simplex, PSO, SPSO-2006, SPSO-2011, PSO-A-IW,
  # PSO-LD-IW, PSO-Chaotic-IW, PSO-LD-IW,
  # Evolution-Strategy, Differential-Evolution,
  # Adaptive-Differential-Evolution
  Optimizer = PSO
  </configuration>
<iteration i="0">
<sensors>[[1.3345436132735,4.3957033907659,342.793394795466]]</sensors>
<obstacles>[[5.08485720539466, 0.509995621629059]]</obstacles>
<global-best>19.5599094458069</global-best>
</iteration>
<iteration i="200">
<sensors>[[1.42719197733686E-09,5.99999999077206,331.85000042333]]</sensors>
<obstacles>[[5.08485720539466, 0.509995621629059]]</obstacles>
<global-best>12.2323071214681</global-best>
</iteration>
<iterations>200</iterations>
<elapsed-time>340</elapsed-time>
<average-time>0</average-time>
</simulation>