<?xml version="1.0" encoding="UTF-8"?>
<simulation>
<software>charlie-simulation-framework; v1.0.0; Jakob Rieke</software>
<system>Unix; Unix 18.2.0.0; 18.2.0.0</system>
<datetime>6/17/2019 11:42:52 PM</datetime>
<title>Static Sensor Positioning</title>
<meta>Author: Jakob Rieke; Version v1.3.0</meta>
<configuration>
  Zoom = 40
  SizeTeamA = 1
  SizeTeamB = 1
  FieldHeight = 9
  FieldWidth = 6
  PlayerSensorRange = 12
  PlayerSensorFOV = 56.3
  PlayerSize = 0.1555
  # The function used to optimize the problem,
  # possible values are:
  # Simplex, PSO, SPSO-2006, SPSO-2011, PSO-A-IW,
  # PSO-LD-IW, PSO-Chaotic-IW, PSO-LD-IW,
  # Evolution-Strategy, Differential-Evolution,
  # Adaptive-Differential-Evolution
  Optimizer = PSO
  </configuration>
<iteration i="0">
<sensors>[[1.85765251756444,2.82611536007873,315.087171199437]]</sensors>
<obstacles>[[4.76273309555836, 2.41862240899354]]</obstacles>
<global-best>27.1846044538938</global-best>
</iteration>
<iteration i="200">
<sensors>[[5.5595866056397E-09,5.99999999199202,331.850000538837]]</sensors>
<obstacles>[[4.76273309555836, 2.41862240899354]]</obstacles>
<global-best>13.6836545061381</global-best>
</iteration>
<iterations>200</iterations>
<elapsed-time>470</elapsed-time>
<average-time>0</average-time>
</simulation>