<?xml version="1.0" encoding="UTF-8"?>
<simulation>
<software>charlie-simulation-framework; v1.0.0; Jakob Rieke</software>
<system>Unix; Unix 18.2.0.0; 18.2.0.0</system>
<datetime>6/17/2019 11:42:48 PM</datetime>
<title>Static Sensor Positioning</title>
<meta>Author: Jakob Rieke; Version v1.3.0</meta>
<configuration>
  Zoom = 40
  SizeTeamA = 1
  SizeTeamB = 1
  FieldHeight = 9
  FieldWidth = 6
  PlayerSensorRange = 12
  PlayerSensorFOV = 56.3
  PlayerSize = 0.1555
  # The function used to optimize the problem,
  # possible values are:
  # Simplex, PSO, SPSO-2006, SPSO-2011, PSO-A-IW,
  # PSO-LD-IW, PSO-Chaotic-IW, PSO-LD-IW,
  # Evolution-Strategy, Differential-Evolution,
  # Adaptive-Differential-Evolution
  Optimizer = PSO
  </configuration>
<iteration i="0">
<sensors>[[0.756769092514713,8.97522839925669,304.51995781984]]</sensors>
<obstacles>[[6.71087452489883, 2.41266262019053]]</obstacles>
<global-best>30.4210403834295</global-best>
</iteration>
<iteration i="200">
<sensors>[[9.44562572192943E-10,5.99999997076027,331.850000890557]]</sensors>
<obstacles>[[6.71087452489883, 2.41266262019053]]</obstacles>
<global-best>12.9508776467387</global-best>
</iteration>
<iterations>200</iterations>
<elapsed-time>368</elapsed-time>
<average-time>0</average-time>
</simulation>