<?xml version="1.0" encoding="UTF-8"?>
<simulation>
<software>charlie-simulation-framework; v1.0.0; Jakob Rieke</software>
<system>Unix; Unix 18.2.0.0; 18.2.0.0</system>
<datetime>6/17/2019 11:42:45 PM</datetime>
<title>Static Sensor Positioning</title>
<meta>Author: Jakob Rieke; Version v1.3.0</meta>
<configuration>
  Zoom = 40
  SizeTeamA = 1
  SizeTeamB = 1
  FieldHeight = 9
  FieldWidth = 6
  PlayerSensorRange = 12
  PlayerSensorFOV = 56.3
  PlayerSize = 0.1555
  # The function used to optimize the problem,
  # possible values are:
  # Simplex, PSO, SPSO-2006, SPSO-2011, PSO-A-IW,
  # PSO-LD-IW, PSO-Chaotic-IW, PSO-LD-IW,
  # Evolution-Strategy, Differential-Evolution,
  # Adaptive-Differential-Evolution
  Optimizer = PSO
  </configuration>
<iteration i="0">
<sensors>[[8.15970202471422,3.32073611615799,86.8563125798423]]</sensors>
<obstacles>[[6.96713075623848, 3.59192845551297]]</obstacles>
<global-best>36.8028654487947</global-best>
</iteration>
<iteration i="200">
<sensors>[[1.86517476577026E-08,2.60937410012686E-08,28.1499994370337]]</sensors>
<obstacles>[[6.96713075623848, 3.59192845551297]]</obstacles>
<global-best>12.8209102078555</global-best>
</iteration>
<iterations>200</iterations>
<elapsed-time>393</elapsed-time>
<average-time>0</average-time>
</simulation>