<?xml version="1.0" encoding="UTF-8"?>
<simulation>
<software>charlie-simulation-framework; v1.0.0; Jakob Rieke</software>
<system>Unix; Unix 18.2.0.0; 18.2.0.0</system>
<datetime>6/17/2019 11:42:57 PM</datetime>
<title>Static Sensor Positioning</title>
<meta>Author: Jakob Rieke; Version v1.3.0</meta>
<configuration>
  Zoom = 40
  SizeTeamA = 1
  SizeTeamB = 1
  FieldHeight = 9
  FieldWidth = 6
  PlayerSensorRange = 12
  PlayerSensorFOV = 56.3
  PlayerSize = 0.1555
  # The function used to optimize the problem,
  # possible values are:
  # Simplex, PSO, SPSO-2006, SPSO-2011, PSO-A-IW,
  # PSO-LD-IW, PSO-Chaotic-IW, PSO-LD-IW,
  # Evolution-Strategy, Differential-Evolution,
  # Adaptive-Differential-Evolution
  Optimizer = PSO
  </configuration>
<iteration i="0">
<sensors>[[1.69703666973132,7.97960111389972,309.094287126177]]</sensors>
<obstacles>[[4.40243837912567, 0.544479022733867]]</obstacles>
<global-best>31.4376494152905</global-best>
</iteration>
<iteration i="200">
<sensors>[[5.84899017198777E-09,5.99999999779931,331.850000433223]]</sensors>
<obstacles>[[4.40243837912567, 0.544479022733867]]</obstacles>
<global-best>12.2345093455863</global-best>
</iteration>
<iterations>200</iterations>
<elapsed-time>309</elapsed-time>
<average-time>0</average-time>
</simulation>