<?xml version="1.0" encoding="UTF-8"?>
<simulation>
<software>charlie-simulation-framework; v1.0.0; Jakob Rieke</software>
<system>Unix; Unix 18.2.0.0; 18.2.0.0</system>
<datetime>6/17/2019 11:42:48 PM</datetime>
<title>Static Sensor Positioning</title>
<meta>Author: Jakob Rieke; Version v1.3.0</meta>
<configuration>
  Zoom = 40
  SizeTeamA = 1
  SizeTeamB = 1
  FieldHeight = 9
  FieldWidth = 6
  PlayerSensorRange = 12
  PlayerSensorFOV = 56.3
  PlayerSize = 0.1555
  # The function used to optimize the problem,
  # possible values are:
  # Simplex, PSO, SPSO-2006, SPSO-2011, PSO-A-IW,
  # PSO-LD-IW, PSO-Chaotic-IW, PSO-LD-IW,
  # Evolution-Strategy, Differential-Evolution,
  # Adaptive-Differential-Evolution
  Optimizer = PSO
  </configuration>
<iteration i="0">
<sensors>[[2.55810078010346,0.0592549505233064,96.7880732842093]]</sensors>
<obstacles>[[8.1034166389145, 3.39274131087586]]</obstacles>
<global-best>35.5531323620366</global-best>
</iteration>
<iteration i="200">
<sensors>[[8.99999992398801,1.62269176163587E-08,151.850000515444]]</sensors>
<obstacles>[[8.1034166389145, 3.39274131087586]]</obstacles>
<global-best>12.0045085892849</global-best>
</iteration>
<iterations>200</iterations>
<elapsed-time>513</elapsed-time>
<average-time>0</average-time>
</simulation>