<?xml version="1.0" encoding="UTF-8"?>
<simulation>
<software>charlie-simulation-framework; v1.0.0; Jakob Rieke</software>
<system>Unix; Unix 18.2.0.0; 18.2.0.0</system>
<datetime>6/17/2019 11:42:55 PM</datetime>
<title>Static Sensor Positioning</title>
<meta>Author: Jakob Rieke; Version v1.3.0</meta>
<configuration>
  Zoom = 40
  SizeTeamA = 1
  SizeTeamB = 1
  FieldHeight = 9
  FieldWidth = 6
  PlayerSensorRange = 12
  PlayerSensorFOV = 56.3
  PlayerSize = 0.1555
  # The function used to optimize the problem,
  # possible values are:
  # Simplex, PSO, SPSO-2006, SPSO-2011, PSO-A-IW,
  # PSO-LD-IW, PSO-Chaotic-IW, PSO-LD-IW,
  # Evolution-Strategy, Differential-Evolution,
  # Adaptive-Differential-Evolution
  Optimizer = PSO
  </configuration>
<iteration i="0">
<sensors>[[9.68303805557816,1.14807747651388,271.631815940693]]</sensors>
<obstacles>[[4.63366352347657, 4.15844295127317]]</obstacles>
<global-best>35.728969955325</global-best>
</iteration>
<iteration i="200">
<sensors>[[1.75139701774068E-09,5.9999999841068,331.850000677322]]</sensors>
<obstacles>[[4.63366352347657, 4.15844295127317]]</obstacles>
<global-best>14.1572265349005</global-best>
</iteration>
<iterations>200</iterations>
<elapsed-time>407</elapsed-time>
<average-time>0</average-time>
</simulation>