<?xml version="1.0" encoding="UTF-8"?>
<simulation>
<software>charlie-simulation-framework; v1.0.0; Jakob Rieke</software>
<system>Unix; Unix 18.2.0.0; 18.2.0.0</system>
<datetime>6/17/2019 11:42:47 PM</datetime>
<title>Static Sensor Positioning</title>
<meta>Author: Jakob Rieke; Version v1.3.0</meta>
<configuration>
  Zoom = 40
  SizeTeamA = 1
  SizeTeamB = 1
  FieldHeight = 9
  FieldWidth = 6
  PlayerSensorRange = 12
  PlayerSensorFOV = 56.3
  PlayerSize = 0.1555
  # The function used to optimize the problem,
  # possible values are:
  # Simplex, PSO, SPSO-2006, SPSO-2011, PSO-A-IW,
  # PSO-LD-IW, PSO-Chaotic-IW, PSO-LD-IW,
  # Evolution-Strategy, Differential-Evolution,
  # Adaptive-Differential-Evolution
  Optimizer = PSO
  </configuration>
<iteration i="0">
<sensors>[[5.59627869645872,4.75781630784647,183.50183026402]]</sensors>
<obstacles>[[6.07362715573981, 3.68458932358772]]</obstacles>
<global-best>23.6704872991891</global-best>
</iteration>
<iteration i="200">
<sensors>[[8.99999998048626,3.4550238198797E-08,151.850000882122]]</sensors>
<obstacles>[[6.07362715573981, 3.68458932358772]]</obstacles>
<global-best>13.2166128764422</global-best>
</iteration>
<iterations>200</iterations>
<elapsed-time>363</elapsed-time>
<average-time>0</average-time>
</simulation>