<?xml version="1.0" encoding="UTF-8"?>
<simulation>
<software>charlie-simulation-framework; v1.0.0; Jakob Rieke</software>
<system>Unix; Unix 18.2.0.0; 18.2.0.0</system>
<datetime>6/17/2019 11:42:49 PM</datetime>
<title>Static Sensor Positioning</title>
<meta>Author: Jakob Rieke; Version v1.3.0</meta>
<configuration>
  Zoom = 40
  SizeTeamA = 1
  SizeTeamB = 1
  FieldHeight = 9
  FieldWidth = 6
  PlayerSensorRange = 12
  PlayerSensorFOV = 56.3
  PlayerSize = 0.1555
  # The function used to optimize the problem,
  # possible values are:
  # Simplex, PSO, SPSO-2006, SPSO-2011, PSO-A-IW,
  # PSO-LD-IW, PSO-Chaotic-IW, PSO-LD-IW,
  # Evolution-Strategy, Differential-Evolution,
  # Adaptive-Differential-Evolution
  Optimizer = PSO
  </configuration>
<iteration i="0">
<sensors>[[-2.5456985621274,1.02561233592444,179.858573834175]]</sensors>
<obstacles>[[3.45326807023957, 1.38130111154169]]</obstacles>
<global-best>30.9228692123042</global-best>
</iteration>
<iteration i="200">
<sensors>[[8.99999999064095,5.99999999799025,208.149999604595]]</sensors>
<obstacles>[[3.45326807023957, 1.38130111154169]]</obstacles>
<global-best>12.7787260052125</global-best>
</iteration>
<iterations>200</iterations>
<elapsed-time>342</elapsed-time>
<average-time>0</average-time>
</simulation>