<?xml version="1.0" encoding="UTF-8"?>
<simulation>
<software>charlie-simulation-framework; v1.0.0; Jakob Rieke</software>
<system>Unix; Unix 18.2.0.0; 18.2.0.0</system>
<datetime>6/17/2019 11:42:41 PM</datetime>
<title>Static Sensor Positioning</title>
<meta>Author: Jakob Rieke; Version v1.3.0</meta>
<configuration>
  Zoom = 40
  SizeTeamA = 1
  SizeTeamB = 1
  FieldHeight = 9
  FieldWidth = 6
  PlayerSensorRange = 12
  PlayerSensorFOV = 56.3
  PlayerSize = 0.1555
  # The function used to optimize the problem,
  # possible values are:
  # Simplex, PSO, SPSO-2006, SPSO-2011, PSO-A-IW,
  # PSO-LD-IW, PSO-Chaotic-IW, PSO-LD-IW,
  # Evolution-Strategy, Differential-Evolution,
  # Adaptive-Differential-Evolution
  Optimizer = PSO
  </configuration>
<iteration i="0">
<sensors>[[9.66989285645932,-1.56929170840832,135.107515253202]]</sensors>
<obstacles>[[3.78583567310125, 1.61081388127059]]</obstacles>
<global-best>23.4794635223784</global-best>
</iteration>
<iteration i="200">
<sensors>[[8.99999999589213,6.04151760793401E-09,151.85000029605]]</sensors>
<obstacles>[[3.78583567310125, 1.61081388127059]]</obstacles>
<global-best>13.6864295076916</global-best>
</iteration>
<iterations>200</iterations>
<elapsed-time>402</elapsed-time>
<average-time>0</average-time>
</simulation>