<?xml version="1.0" encoding="UTF-8"?>
<simulation>
<software>charlie-simulation-framework; v1.0.0; Jakob Rieke</software>
<system>Unix; Unix 18.2.0.0; 18.2.0.0</system>
<datetime>6/17/2019 11:42:44 PM</datetime>
<title>Static Sensor Positioning</title>
<meta>Author: Jakob Rieke; Version v1.3.0</meta>
<configuration>
  Zoom = 40
  SizeTeamA = 1
  SizeTeamB = 1
  FieldHeight = 9
  FieldWidth = 6
  PlayerSensorRange = 12
  PlayerSensorFOV = 56.3
  PlayerSize = 0.1555
  # The function used to optimize the problem,
  # possible values are:
  # Simplex, PSO, SPSO-2006, SPSO-2011, PSO-A-IW,
  # PSO-LD-IW, PSO-Chaotic-IW, PSO-LD-IW,
  # Evolution-Strategy, Differential-Evolution,
  # Adaptive-Differential-Evolution
  Optimizer = PSO
  </configuration>
<iteration i="0">
<sensors>[[4.68391850013548,2.68418195547562,123.909852463092]]</sensors>
<obstacles>[[6.12743833707646, 5.38984940713272]]</obstacles>
<global-best>29.2011934805135</global-best>
</iteration>
<iteration i="200">
<sensors>[[8.9999999995688,9.61223957698686E-09,151.850000419642]]</sensors>
<obstacles>[[6.12743833707646, 5.38984940713272]]</obstacles>
<global-best>12.0045081220084</global-best>
</iteration>
<iterations>200</iterations>
<elapsed-time>283</elapsed-time>
<average-time>0</average-time>
</simulation>