<?xml version="1.0" encoding="UTF-8"?>
<simulation>
<software>charlie-simulation-framework; v1.0.0; Jakob Rieke</software>
<system>Unix; Unix 18.2.0.0; 18.2.0.0</system>
<datetime>6/17/2019 11:42:43 PM</datetime>
<title>Static Sensor Positioning</title>
<meta>Author: Jakob Rieke; Version v1.3.0</meta>
<configuration>
  Zoom = 40
  SizeTeamA = 1
  SizeTeamB = 1
  FieldHeight = 9
  FieldWidth = 6
  PlayerSensorRange = 12
  PlayerSensorFOV = 56.3
  PlayerSize = 0.1555
  # The function used to optimize the problem,
  # possible values are:
  # Simplex, PSO, SPSO-2006, SPSO-2011, PSO-A-IW,
  # PSO-LD-IW, PSO-Chaotic-IW, PSO-LD-IW,
  # Evolution-Strategy, Differential-Evolution,
  # Adaptive-Differential-Evolution
  Optimizer = PSO
  </configuration>
<iteration i="0">
<sensors>[[9.2767056484698,1.82362957349389,334.647426911082]]</sensors>
<obstacles>[[1.77156907436438, 5.29781242646277]]</obstacles>
<global-best>19.4555292915462</global-best>
</iteration>
<iteration i="200">
<sensors>[[1.94642738296133E-08,4.86296499881836,340.750995142497]]</sensors>
<obstacles>[[1.77156907436438, 5.29781242646277]]</obstacles>
<global-best>15.0008120886433</global-best>
</iteration>
<iterations>200</iterations>
<elapsed-time>389</elapsed-time>
<average-time>0</average-time>
</simulation>