<?xml version="1.0" encoding="UTF-8"?>
<simulation>
<software>charlie-simulation-framework; v1.0.0; Jakob Rieke</software>
<system>Unix; Unix 18.2.0.0; 18.2.0.0</system>
<datetime>6/17/2019 11:42:55 PM</datetime>
<title>Static Sensor Positioning</title>
<meta>Author: Jakob Rieke; Version v1.3.0</meta>
<configuration>
  Zoom = 40
  SizeTeamA = 1
  SizeTeamB = 1
  FieldHeight = 9
  FieldWidth = 6
  PlayerSensorRange = 12
  PlayerSensorFOV = 56.3
  PlayerSize = 0.1555
  # The function used to optimize the problem,
  # possible values are:
  # Simplex, PSO, SPSO-2006, SPSO-2011, PSO-A-IW,
  # PSO-LD-IW, PSO-Chaotic-IW, PSO-LD-IW,
  # Evolution-Strategy, Differential-Evolution,
  # Adaptive-Differential-Evolution
  Optimizer = PSO
  </configuration>
<iteration i="0">
<sensors>[[2.54851160539865,-1.95018157632077,329.446066868448]]</sensors>
<obstacles>[[8.49161993293092, 1.93938577082008]]</obstacles>
<global-best>18.2653234565524</global-best>
</iteration>
<iteration i="200">
<sensors>[[1.45940146581056E-09,5.99999997429664,331.850000332811]]</sensors>
<obstacles>[[8.49161993293092, 1.93938577082008]]</obstacles>
<global-best>12.18593370095</global-best>
</iteration>
<iterations>200</iterations>
<elapsed-time>392</elapsed-time>
<average-time>0</average-time>
</simulation>