<?xml version="1.0" encoding="UTF-8"?>
<simulation>
<software>charlie-simulation-framework; v1.0.0; Jakob Rieke</software>
<system>Unix; Unix 18.2.0.0; 18.2.0.0</system>
<datetime>6/17/2019 11:43:01 PM</datetime>
<title>Static Sensor Positioning</title>
<meta>Author: Jakob Rieke; Version v1.3.0</meta>
<configuration>
  Zoom = 40
  SizeTeamA = 1
  SizeTeamB = 1
  FieldHeight = 9
  FieldWidth = 6
  PlayerSensorRange = 12
  PlayerSensorFOV = 56.3
  PlayerSize = 0.1555
  # The function used to optimize the problem,
  # possible values are:
  # Simplex, PSO, SPSO-2006, SPSO-2011, PSO-A-IW,
  # PSO-LD-IW, PSO-Chaotic-IW, PSO-LD-IW,
  # Evolution-Strategy, Differential-Evolution,
  # Adaptive-Differential-Evolution
  Optimizer = PSO
  </configuration>
<iteration i="0">
<sensors>[[1.55127949779099,6.57330574724547,273.174995467179]]</sensors>
<obstacles>[[5.07767654419877, 2.84050675621256]]</obstacles>
<global-best>35.0106000628913</global-best>
</iteration>
<iteration i="200">
<sensors>[[1.14416115548741E-08,5.99999999657872,331.850000376691]]</sensors>
<obstacles>[[5.07767654419877, 2.84050675621256]]</obstacles>
<global-best>13.9988182046539</global-best>
</iteration>
<iterations>200</iterations>
<elapsed-time>553</elapsed-time>
<average-time>0</average-time>
</simulation>