<?xml version="1.0" encoding="UTF-8"?>
<simulation>
<software>charlie-simulation-framework; v1.0.0; Jakob Rieke</software>
<system>Unix; Unix 18.2.0.0; 18.2.0.0</system>
<datetime>6/17/2019 11:42:53 PM</datetime>
<title>Static Sensor Positioning</title>
<meta>Author: Jakob Rieke; Version v1.3.0</meta>
<configuration>
  Zoom = 40
  SizeTeamA = 1
  SizeTeamB = 1
  FieldHeight = 9
  FieldWidth = 6
  PlayerSensorRange = 12
  PlayerSensorFOV = 56.3
  PlayerSize = 0.1555
  # The function used to optimize the problem,
  # possible values are:
  # Simplex, PSO, SPSO-2006, SPSO-2011, PSO-A-IW,
  # PSO-LD-IW, PSO-Chaotic-IW, PSO-LD-IW,
  # Evolution-Strategy, Differential-Evolution,
  # Adaptive-Differential-Evolution
  Optimizer = PSO
  </configuration>
<iteration i="0">
<sensors>[[0.709561208064125,0.597132022711302,193.768322636414]]</sensors>
<obstacles>[[0.210824174573645, 1.8784035849385]]</obstacles>
<global-best>21.6307490723656</global-best>
</iteration>
<iteration i="200">
<sensors>[[8.99999999928693,5.99999999932495,208.149999582335]]</sensors>
<obstacles>[[0.210824174573645, 1.8784035849385]]</obstacles>
<global-best>12.0786675801232</global-best>
</iteration>
<iterations>200</iterations>
<elapsed-time>453</elapsed-time>
<average-time>0</average-time>
</simulation>