<?xml version="1.0" encoding="UTF-8"?>
<simulation>
<software>charlie-simulation-framework; v1.0.0; Jakob Rieke</software>
<system>Unix; Unix 18.2.0.0; 18.2.0.0</system>
<datetime>6/17/2019 11:42:53 PM</datetime>
<title>Static Sensor Positioning</title>
<meta>Author: Jakob Rieke; Version v1.3.0</meta>
<configuration>
  Zoom = 40
  SizeTeamA = 1
  SizeTeamB = 1
  FieldHeight = 9
  FieldWidth = 6
  PlayerSensorRange = 12
  PlayerSensorFOV = 56.3
  PlayerSize = 0.1555
  # The function used to optimize the problem,
  # possible values are:
  # Simplex, PSO, SPSO-2006, SPSO-2011, PSO-A-IW,
  # PSO-LD-IW, PSO-Chaotic-IW, PSO-LD-IW,
  # Evolution-Strategy, Differential-Evolution,
  # Adaptive-Differential-Evolution
  Optimizer = PSO
  </configuration>
<iteration i="0">
<sensors>[[7.92785207452294,0.663025781995862,32.5338618790572]]</sensors>
<obstacles>[[0.676740256603807, 1.72427257429808]]</obstacles>
<global-best>36.8637202339596</global-best>
</iteration>
<iteration i="200">
<sensors>[[1.61233701808636E-08,3.66600038521367E-08,28.1499993302975]]</sensors>
<obstacles>[[0.676740256603807, 1.72427257429808]]</obstacles>
<global-best>12.0045082954798</global-best>
</iteration>
<iterations>200</iterations>
<elapsed-time>302</elapsed-time>
<average-time>0</average-time>
</simulation>