<?xml version="1.0" encoding="UTF-8"?>
<simulation>
<software>charlie-simulation-framework; v1.0.0; Jakob Rieke</software>
<system>Unix; Unix 18.2.0.0; 18.2.0.0</system>
<datetime>6/17/2019 11:42:42 PM</datetime>
<title>Static Sensor Positioning</title>
<meta>Author: Jakob Rieke; Version v1.3.0</meta>
<configuration>
  Zoom = 40
  SizeTeamA = 1
  SizeTeamB = 1
  FieldHeight = 9
  FieldWidth = 6
  PlayerSensorRange = 12
  PlayerSensorFOV = 56.3
  PlayerSize = 0.1555
  # The function used to optimize the problem,
  # possible values are:
  # Simplex, PSO, SPSO-2006, SPSO-2011, PSO-A-IW,
  # PSO-LD-IW, PSO-Chaotic-IW, PSO-LD-IW,
  # Evolution-Strategy, Differential-Evolution,
  # Adaptive-Differential-Evolution
  Optimizer = PSO
  </configuration>
<iteration i="0">
<sensors>[[7.37493251129171,5.53547159302163,267.10331492029]]</sensors>
<obstacles>[[6.25963967945427, 1.06698350887746]]</obstacles>
<global-best>37.767888916579</global-best>
</iteration>
<iteration i="200">
<sensors>[[8.99999999795661,5.99999995772379,208.149999569872]]</sensors>
<obstacles>[[6.25963967945427, 1.06698350887746]]</obstacles>
<global-best>12.0045082922997</global-best>
</iteration>
<iterations>200</iterations>
<elapsed-time>280</elapsed-time>
<average-time>0</average-time>
</simulation>