<?xml version="1.0" encoding="UTF-8"?>
<simulation>
<software>charlie-simulation-framework; v1.0.0; Jakob Rieke</software>
<system>Unix; Unix 18.2.0.0; 18.2.0.0</system>
<datetime>6/17/2019 11:42:46 PM</datetime>
<title>Static Sensor Positioning</title>
<meta>Author: Jakob Rieke; Version v1.3.0</meta>
<configuration>
  Zoom = 40
  SizeTeamA = 1
  SizeTeamB = 1
  FieldHeight = 9
  FieldWidth = 6
  PlayerSensorRange = 12
  PlayerSensorFOV = 56.3
  PlayerSize = 0.1555
  # The function used to optimize the problem,
  # possible values are:
  # Simplex, PSO, SPSO-2006, SPSO-2011, PSO-A-IW,
  # PSO-LD-IW, PSO-Chaotic-IW, PSO-LD-IW,
  # Evolution-Strategy, Differential-Evolution,
  # Adaptive-Differential-Evolution
  Optimizer = PSO
  </configuration>
<iteration i="0">
<sensors>[[5.24114718480548,6.8376929979969,264.30700359921]]</sensors>
<obstacles>[[4.52027927711606, 5.14965663431212]]</obstacles>
<global-best>40.5305439152082</global-best>
</iteration>
<iteration i="200">
<sensors>[[2.61596883457473E-09,5.99999998494016,331.850000656389]]</sensors>
<obstacles>[[4.52027927711606, 5.14965663431212]]</obstacles>
<global-best>14.1275558227629</global-best>
</iteration>
<iterations>200</iterations>
<elapsed-time>452</elapsed-time>
<average-time>0</average-time>
</simulation>