<?xml version="1.0" encoding="UTF-8"?>
<simulation>
<software>charlie-simulation-framework; v1.0.0; Jakob Rieke</software>
<system>Unix; Unix 18.2.0.0; 18.2.0.0</system>
<datetime>6/17/2019 11:42:42 PM</datetime>
<title>Static Sensor Positioning</title>
<meta>Author: Jakob Rieke; Version v1.3.0</meta>
<configuration>
  Zoom = 40
  SizeTeamA = 1
  SizeTeamB = 1
  FieldHeight = 9
  FieldWidth = 6
  PlayerSensorRange = 12
  PlayerSensorFOV = 56.3
  PlayerSize = 0.1555
  # The function used to optimize the problem,
  # possible values are:
  # Simplex, PSO, SPSO-2006, SPSO-2011, PSO-A-IW,
  # PSO-LD-IW, PSO-Chaotic-IW, PSO-LD-IW,
  # Evolution-Strategy, Differential-Evolution,
  # Adaptive-Differential-Evolution
  Optimizer = PSO
  </configuration>
<iteration i="0">
<sensors>[[5.90239145023635,-2.67292012586308,291.289348294803]]</sensors>
<obstacles>[[0.726373126264662, 4.27915402874351]]</obstacles>
<global-best>32.9075705931004</global-best>
</iteration>
<iteration i="200">
<sensors>[[3.88262888840212E-08,5.99999998786851,331.850000673791]]</sensors>
<obstacles>[[0.726373126264662, 4.27915402874351]]</obstacles>
<global-best>12.0045084125494</global-best>
</iteration>
<iterations>200</iterations>
<elapsed-time>294</elapsed-time>
<average-time>0</average-time>
</simulation>