<?xml version="1.0" encoding="UTF-8"?>
<simulation>
<software>charlie-simulation-framework; v1.0.0; Jakob Rieke</software>
<system>Unix; Unix 18.2.0.0; 18.2.0.0</system>
<datetime>6/17/2019 11:42:55 PM</datetime>
<title>Static Sensor Positioning</title>
<meta>Author: Jakob Rieke; Version v1.3.0</meta>
<configuration>
  Zoom = 40
  SizeTeamA = 1
  SizeTeamB = 1
  FieldHeight = 9
  FieldWidth = 6
  PlayerSensorRange = 12
  PlayerSensorFOV = 56.3
  PlayerSize = 0.1555
  # The function used to optimize the problem,
  # possible values are:
  # Simplex, PSO, SPSO-2006, SPSO-2011, PSO-A-IW,
  # PSO-LD-IW, PSO-Chaotic-IW, PSO-LD-IW,
  # Evolution-Strategy, Differential-Evolution,
  # Adaptive-Differential-Evolution
  Optimizer = PSO
  </configuration>
<iteration i="0">
<sensors>[[6.70469037137487,7.8204141045167,195.727036211503]]</sensors>
<obstacles>[[2.85016240761615, 1.44855705834925]]</obstacles>
<global-best>28.9320677281278</global-best>
</iteration>
<iteration i="200">
<sensors>[[8.99999999711,5.9999999795472,208.149999400515]]</sensors>
<obstacles>[[2.85016240761615, 1.44855705834925]]</obstacles>
<global-best>12.8850258913729</global-best>
</iteration>
<iterations>200</iterations>
<elapsed-time>324</elapsed-time>
<average-time>0</average-time>
</simulation>