<?xml version="1.0" encoding="UTF-8"?>
<simulation>
<software>charlie-simulation-framework; v1.0.0; Jakob Rieke</software>
<system>Unix; Unix 18.2.0.0; 18.2.0.0</system>
<datetime>6/17/2019 11:42:56 PM</datetime>
<title>Static Sensor Positioning</title>
<meta>Author: Jakob Rieke; Version v1.3.0</meta>
<configuration>
  Zoom = 40
  SizeTeamA = 1
  SizeTeamB = 1
  FieldHeight = 9
  FieldWidth = 6
  PlayerSensorRange = 12
  PlayerSensorFOV = 56.3
  PlayerSize = 0.1555
  # The function used to optimize the problem,
  # possible values are:
  # Simplex, PSO, SPSO-2006, SPSO-2011, PSO-A-IW,
  # PSO-LD-IW, PSO-Chaotic-IW, PSO-LD-IW,
  # Evolution-Strategy, Differential-Evolution,
  # Adaptive-Differential-Evolution
  Optimizer = PSO
  </configuration>
<iteration i="0">
<sensors>[[6.52827989274972,3.40838740500351,225.657683697691]]</sensors>
<obstacles>[[5.35337208537385, 4.22759928647429]]</obstacles>
<global-best>29.3953391400729</global-best>
</iteration>
<iteration i="200">
<sensors>[[8.99999999986897,5.99999993719632,208.149999201701]]</sensors>
<obstacles>[[5.35337208537385, 4.22759928647429]]</obstacles>
<global-best>15.2199626163576</global-best>
</iteration>
<iterations>200</iterations>
<elapsed-time>460</elapsed-time>
<average-time>0</average-time>
</simulation>