<?xml version="1.0" encoding="UTF-8"?>
<simulation>
<software>charlie-simulation-framework; v1.0.0; Jakob Rieke</software>
<system>Unix; Unix 18.2.0.0; 18.2.0.0</system>
<datetime>6/18/2019 7:13:07 AM</datetime>
<title>Static Sensor Positioning</title>
<meta>Author: Jakob Rieke; Version v1.3.0</meta>
<configuration>
  Zoom = 40
  SizeTeamA = 2
  SizeTeamB = 2
  FieldHeight = 9
  FieldWidth = 6
  PlayerSensorRange = 12
  PlayerSensorFOV = 56.3
  PlayerSize = 0.1555
  Optimizer = Adaptive-Differential-Evolution
  </configuration>
<iteration i="0">
<sensors>[[9,6,360], [3.83468739894095,1.85625939789607,360]]</sensors>
<obstacles>[[5.72274062060751, 3.17354676034302], [3.45735045941547, 4.57510196696967]]</obstacles>
<global-best>19.3339912393265</global-best>
</iteration>
<iteration i="200">
<sensors>[[0,0,30.8126048373954], [9,0,156.67743412863]]</sensors>
<obstacles>[[5.72274062060751, 3.17354676034302], [3.45735045941547, 4.57510196696967]]</obstacles>
<global-best>2.70399514518527</global-best>
</iteration>
<iterations>200</iterations>
<elapsed-time>5457</elapsed-time>
<average-time>0</average-time>
</simulation>