<?xml version="1.0" encoding="UTF-8"?>
<simulation>
<software>charlie-simulation-framework; v1.0.0; Jakob Rieke</software>
<system>Unix; Unix 18.2.0.0; 18.2.0.0</system>
<datetime>6/18/2019 7:14:33 AM</datetime>
<title>Static Sensor Positioning</title>
<meta>Author: Jakob Rieke; Version v1.3.0</meta>
<configuration>
  Zoom = 40
  SizeTeamA = 2
  SizeTeamB = 2
  FieldHeight = 9
  FieldWidth = 6
  PlayerSensorRange = 12
  PlayerSensorFOV = 56.3
  PlayerSize = 0.1555
  Optimizer = Adaptive-Differential-Evolution
  </configuration>
<iteration i="0">
<sensors>[[9,6,2.7921998286136], [9,2.00340626691547,4.70093864474933]]</sensors>
<obstacles>[[4.7795711341314, 3.29495198931545], [6.7313265404664, 2.59778668452054]]</obstacles>
<global-best>19.0236292897822</global-best>
</iteration>
<iteration i="200">
<sensors>[[0,4.9758005750771,360], [9,0,166.823445172294]]</sensors>
<obstacles>[[4.7795711341314, 3.29495198931545], [6.7313265404664, 2.59778668452054]]</obstacles>
<global-best>1.94475665803137</global-best>
</iteration>
<iterations>200</iterations>
<elapsed-time>5854</elapsed-time>
<average-time>0</average-time>
</simulation>