<?xml version="1.0" encoding="UTF-8"?>
<simulation>
<software>charlie-simulation-framework; v1.0.0; Jakob Rieke</software>
<system>Unix; Unix 18.2.0.0; 18.2.0.0</system>
<datetime>6/18/2019 7:16:28 AM</datetime>
<title>Static Sensor Positioning</title>
<meta>Author: Jakob Rieke; Version v1.3.0</meta>
<configuration>
  Zoom = 40
  SizeTeamA = 2
  SizeTeamB = 2
  FieldHeight = 9
  FieldWidth = 6
  PlayerSensorRange = 12
  PlayerSensorFOV = 56.3
  PlayerSize = 0.1555
  Optimizer = Adaptive-Differential-Evolution
  </configuration>
<iteration i="0">
<sensors>[[9,2.6702139102086,360], [9,4.49373873870208,4.19274839786644]]</sensors>
<obstacles>[[5.49436116381548, 5.18980876402929], [3.17069204058498, 0.409513883292675]]</obstacles>
<global-best>18.491178275885</global-best>
</iteration>
<iteration i="200">
<sensors>[[0.557060446158237,0,25.7821421530843], [8.4603591418508,0.0897450103674444,148.426551053272]]</sensors>
<obstacles>[[5.49436116381548, 5.18980876402929], [3.17069204058498, 0.409513883292675]]</obstacles>
<global-best>2.37137105655357</global-best>
</iteration>
<iterations>200</iterations>
<elapsed-time>5145</elapsed-time>
<average-time>0</average-time>
</simulation>