<?xml version="1.0" encoding="UTF-8"?>
<simulation>
<software>charlie-simulation-framework; v1.0.0; Jakob Rieke</software>
<system>Unix; Unix 18.2.0.0; 18.2.0.0</system>
<datetime>6/18/2019 7:15:35 AM</datetime>
<title>Static Sensor Positioning</title>
<meta>Author: Jakob Rieke; Version v1.3.0</meta>
<configuration>
  Zoom = 40
  SizeTeamA = 2
  SizeTeamB = 2
  FieldHeight = 9
  FieldWidth = 6
  PlayerSensorRange = 12
  PlayerSensorFOV = 56.3
  PlayerSize = 0.1555
  Optimizer = Adaptive-Differential-Evolution
  </configuration>
<iteration i="0">
<sensors>[[4.13620287765195,2.12504034562154,360], [3.20476328912302,6,1.27106551459782]]</sensors>
<obstacles>[[5.6910894184839, 0.628242624923587], [2.38070854847319, 2.14789572218433]]</obstacles>
<global-best>19.9755770994176</global-best>
</iteration>
<iteration i="200">
<sensors>[[9,5.49225689003375,188.985066648602], [0.506919059703335,0.992111836038532,360]]</sensors>
<obstacles>[[5.6910894184839, 0.628242624923587], [2.38070854847319, 2.14789572218433]]</obstacles>
<global-best>2.83179898003074</global-best>
</iteration>
<iterations>200</iterations>
<elapsed-time>5230</elapsed-time>
<average-time>0</average-time>
</simulation>