<?xml version="1.0" encoding="UTF-8"?>
<simulation>
<software>charlie-simulation-framework; v1.0.0; Jakob Rieke</software>
<system>Unix; Unix 18.2.0.0; 18.2.0.0</system>
<datetime>6/18/2019 7:16:49 AM</datetime>
<title>Static Sensor Positioning</title>
<meta>Author: Jakob Rieke; Version v1.3.0</meta>
<configuration>
  Zoom = 40
  SizeTeamA = 2
  SizeTeamB = 2
  FieldHeight = 9
  FieldWidth = 6
  PlayerSensorRange = 12
  PlayerSensorFOV = 56.3
  PlayerSize = 0.1555
  Optimizer = Adaptive-Differential-Evolution
  </configuration>
<iteration i="0">
<sensors>[[9,6,360], [9,1.35962219125582,4.98901300132019]]</sensors>
<obstacles>[[1.41808566637337, 5.78586527751759], [7.5535166321788, 1.29413704248145]]</obstacles>
<global-best>21.523334853996</global-best>
</iteration>
<iteration i="200">
<sensors>[[0,3.81314144084926,360], [7.96944178788219,0.561187648076993,161.02168707091]]</sensors>
<obstacles>[[1.41808566637337, 5.78586527751759], [7.5535166321788, 1.29413704248145]]</obstacles>
<global-best>1.67655857828338</global-best>
</iteration>
<iterations>200</iterations>
<elapsed-time>5552</elapsed-time>
<average-time>0</average-time>
</simulation>