<?xml version="1.0" encoding="UTF-8"?>
<simulation>
<software>charlie-simulation-framework; v1.0.0; Jakob Rieke</software>
<system>Unix; Unix 18.2.0.0; 18.2.0.0</system>
<datetime>6/18/2019 7:13:13 AM</datetime>
<title>Static Sensor Positioning</title>
<meta>Author: Jakob Rieke; Version v1.3.0</meta>
<configuration>
  Zoom = 40
  SizeTeamA = 2
  SizeTeamB = 2
  FieldHeight = 9
  FieldWidth = 6
  PlayerSensorRange = 12
  PlayerSensorFOV = 56.3
  PlayerSize = 0.1555
  Optimizer = Adaptive-Differential-Evolution
  </configuration>
<iteration i="0">
<sensors>[[9,2.17068385034117,360], [3.11294489030562,6,360]]</sensors>
<obstacles>[[0.715080854482949, 4.84245917620137], [3.91295274789445, 0.751980474684387]]</obstacles>
<global-best>16.7163693629997</global-best>
</iteration>
<iteration i="200">
<sensors>[[0,2.28817874502581,360], [9,3.80460582833499,184.536270699849]]</sensors>
<obstacles>[[0.715080854482949, 4.84245917620137], [3.91295274789445, 0.751980474684387]]</obstacles>
<global-best>2.58447313407728</global-best>
</iteration>
<iterations>200</iterations>
<elapsed-time>5023</elapsed-time>
<average-time>0</average-time>
</simulation>