<?xml version="1.0" encoding="UTF-8"?>
<simulation>
<software>charlie-simulation-framework; v1.0.0; Jakob Rieke</software>
<system>Unix; Unix 18.2.0.0; 18.2.0.0</system>
<datetime>6/18/2019 7:13:28 AM</datetime>
<title>Static Sensor Positioning</title>
<meta>Author: Jakob Rieke; Version v1.3.0</meta>
<configuration>
  Zoom = 40
  SizeTeamA = 2
  SizeTeamB = 2
  FieldHeight = 9
  FieldWidth = 6
  PlayerSensorRange = 12
  PlayerSensorFOV = 56.3
  PlayerSize = 0.1555
  Optimizer = Adaptive-Differential-Evolution
  </configuration>
<iteration i="0">
<sensors>[[9,6,360], [9,6,360]]</sensors>
<obstacles>[[4.14308556471951, 1.43436280125752], [3.67208819487132, 0.246116223279387]]</obstacles>
<global-best>17.3572473399632</global-best>
</iteration>
<iteration i="200">
<sensors>[[0.837937171582058,2.29279831846426,4.87257156648335], [9,0,152.128424853425]]</sensors>
<obstacles>[[4.14308556471951, 1.43436280125752], [3.67208819487132, 0.246116223279387]]</obstacles>
<global-best>2.87188449510292</global-best>
</iteration>
<iterations>200</iterations>
<elapsed-time>5048</elapsed-time>
<average-time>0</average-time>
</simulation>