<?xml version="1.0" encoding="UTF-8"?>
<simulation>
<software>charlie-simulation-framework; v1.0.0; Jakob Rieke</software>
<system>Unix; Unix 18.2.0.0; 18.2.0.0</system>
<datetime>6/18/2019 7:17:02 AM</datetime>
<title>Static Sensor Positioning</title>
<meta>Author: Jakob Rieke; Version v1.3.0</meta>
<configuration>
  Zoom = 40
  SizeTeamA = 2
  SizeTeamB = 2
  FieldHeight = 9
  FieldWidth = 6
  PlayerSensorRange = 12
  PlayerSensorFOV = 56.3
  PlayerSize = 0.1555
  Optimizer = Adaptive-Differential-Evolution
  </configuration>
<iteration i="0">
<sensors>[[0.750077093427554,6,360], [3.88152971372044,4.28780628584507,2.14122901836904]]</sensors>
<obstacles>[[6.93634548434056, 3.34639265667647], [5.98221461428329, 1.18867011414841]]</obstacles>
<global-best>13.6844810976491</global-best>
</iteration>
<iteration i="200">
<sensors>[[9,6,207.565629886719], [0,1.34290920068836,2.81115627883839]]</sensors>
<obstacles>[[6.93634548434056, 3.34639265667647], [5.98221461428329, 1.18867011414841]]</obstacles>
<global-best>1.85551849235978</global-best>
</iteration>
<iterations>200</iterations>
<elapsed-time>6655</elapsed-time>
<average-time>0</average-time>
</simulation>