<?xml version="1.0" encoding="UTF-8"?>
<simulation>
<software>charlie-simulation-framework; v1.0.0; Jakob Rieke</software>
<system>Unix; Unix 18.2.0.0; 18.2.0.0</system>
<datetime>6/18/2019 7:14:11 AM</datetime>
<title>Static Sensor Positioning</title>
<meta>Author: Jakob Rieke; Version v1.3.0</meta>
<configuration>
  Zoom = 40
  SizeTeamA = 2
  SizeTeamB = 2
  FieldHeight = 9
  FieldWidth = 6
  PlayerSensorRange = 12
  PlayerSensorFOV = 56.3
  PlayerSize = 0.1555
  Optimizer = Adaptive-Differential-Evolution
  </configuration>
<iteration i="0">
<sensors>[[9,1.79439703626428,0.908722117521968], [4.78811417701377,6,0.860577715993993]]</sensors>
<obstacles>[[1.02487014094368, 5.91624694224447], [6.69685914041474, 2.9796085562557]]</obstacles>
<global-best>19.2437672791297</global-best>
</iteration>
<iteration i="200">
<sensors>[[0,4.91501683802636,360], [8.89049776021999,0.213151646405962,157.615022553838]]</sensors>
<obstacles>[[1.02487014094368, 5.91624694224447], [6.69685914041474, 2.9796085562557]]</obstacles>
<global-best>1.18198756127661</global-best>
</iteration>
<iterations>200</iterations>
<elapsed-time>5203</elapsed-time>
<average-time>0</average-time>
</simulation>