<?xml version="1.0" encoding="UTF-8"?>
<simulation>
<software>charlie-simulation-framework; v1.0.0; Jakob Rieke</software>
<system>Unix; Unix 18.2.0.0; 18.2.0.0</system>
<datetime>6/18/2019 7:14:51 AM</datetime>
<title>Static Sensor Positioning</title>
<meta>Author: Jakob Rieke; Version v1.3.0</meta>
<configuration>
  Zoom = 40
  SizeTeamA = 2
  SizeTeamB = 2
  FieldHeight = 9
  FieldWidth = 6
  PlayerSensorRange = 12
  PlayerSensorFOV = 56.3
  PlayerSize = 0.1555
  Optimizer = Adaptive-Differential-Evolution
  </configuration>
<iteration i="0">
<sensors>[[9,0.560771037256524,360], [9,3.84762442643932,2.07021779312524]]</sensors>
<obstacles>[[0.840210489928722, 0.965692405588925], [6.17441562912427, 0.246367152314633]]</obstacles>
<global-best>19.7915685968664</global-best>
</iteration>
<iteration i="200">
<sensors>[[0.34370195099909,1.57691474270927,1.66648408448804], [9,5.87034855304321,202.229213750749]]</sensors>
<obstacles>[[0.840210489928722, 0.965692405588925], [6.17441562912427, 0.246367152314633]]</obstacles>
<global-best>0.847828259986378</global-best>
</iteration>
<iterations>200</iterations>
<elapsed-time>5157</elapsed-time>
<average-time>0</average-time>
</simulation>