<?xml version="1.0" encoding="UTF-8"?>
<simulation>
<software>charlie-simulation-framework; v1.0.0; Jakob Rieke</software>
<system>Unix; Unix 18.2.0.0; 18.2.0.0</system>
<datetime>6/18/2019 7:13:33 AM</datetime>
<title>Static Sensor Positioning</title>
<meta>Author: Jakob Rieke; Version v1.3.0</meta>
<configuration>
  Zoom = 40
  SizeTeamA = 2
  SizeTeamB = 2
  FieldHeight = 9
  FieldWidth = 6
  PlayerSensorRange = 12
  PlayerSensorFOV = 56.3
  PlayerSize = 0.1555
  Optimizer = Adaptive-Differential-Evolution
  </configuration>
<iteration i="0">
<sensors>[[9,6,4.36469393301864], [9,6,360]]</sensors>
<obstacles>[[1.08151181554422, 5.20854170434177], [4.70310150808655, 2.61718095839024]]</obstacles>
<global-best>22.4716371162787</global-best>
</iteration>
<iteration i="200">
<sensors>[[8.88900031320576,6,202.777158138666], [0.102412334849285,0,0]]</sensors>
<obstacles>[[1.08151181554422, 5.20854170434177], [4.70310150808655, 2.61718095839024]]</obstacles>
<global-best>2.06309755536115</global-best>
</iteration>
<iterations>200</iterations>
<elapsed-time>5344</elapsed-time>
<average-time>0</average-time>
</simulation>