<?xml version="1.0" encoding="UTF-8"?>
<simulation>
<software>charlie-simulation-framework; v1.0.0; Jakob Rieke</software>
<system>Unix; Unix 18.2.0.0; 18.2.0.0</system>
<datetime>6/18/2019 7:14:16 AM</datetime>
<title>Static Sensor Positioning</title>
<meta>Author: Jakob Rieke; Version v1.3.0</meta>
<configuration>
  Zoom = 40
  SizeTeamA = 2
  SizeTeamB = 2
  FieldHeight = 9
  FieldWidth = 6
  PlayerSensorRange = 12
  PlayerSensorFOV = 56.3
  PlayerSize = 0.1555
  Optimizer = Adaptive-Differential-Evolution
  </configuration>
<iteration i="0">
<sensors>[[9,4.30978832284682,360], [9,3.70182907178575,0.853890596389279]]</sensors>
<obstacles>[[2.14284565346316, 2.00359254470095], [6.3980314177461, 5.80660711834207]]</obstacles>
<global-best>17.3742392419656</global-best>
</iteration>
<iteration i="200">
<sensors>[[9,0.0940945011317016,163.193853226091], [0.175361583283022,4.38674372140941,0.614394966276187]]</sensors>
<obstacles>[[2.14284565346316, 2.00359254470095], [6.3980314177461, 5.80660711834207]]</obstacles>
<global-best>1.17094888769871</global-best>
</iteration>
<iterations>200</iterations>
<elapsed-time>5277</elapsed-time>
<average-time>0</average-time>
</simulation>