<?xml version="1.0" encoding="UTF-8"?>
<simulation>
<software>charlie-simulation-framework; v1.0.0; Jakob Rieke</software>
<system>Unix; Unix 18.2.0.0; 18.2.0.0</system>
<datetime>6/18/2019 7:17:08 AM</datetime>
<title>Static Sensor Positioning</title>
<meta>Author: Jakob Rieke; Version v1.3.0</meta>
<configuration>
  Zoom = 40
  SizeTeamA = 2
  SizeTeamB = 2
  FieldHeight = 9
  FieldWidth = 6
  PlayerSensorRange = 12
  PlayerSensorFOV = 56.3
  PlayerSize = 0.1555
  Optimizer = Adaptive-Differential-Evolution
  </configuration>
<iteration i="0">
<sensors>[[9,6,360], [9,6,360]]</sensors>
<obstacles>[[2.42221654183231, 0.717045205179602], [8.71334846061654, 5.86685027880594]]</obstacles>
<global-best>17.7575738621636</global-best>
</iteration>
<iteration i="200">
<sensors>[[0,5.62227800222548,339.983567473878], [9,0.521995321956986,164.741669285068]]</sensors>
<obstacles>[[2.42221654183231, 0.717045205179602], [8.71334846061654, 5.86685027880594]]</obstacles>
<global-best>0.9913833327969</global-best>
</iteration>
<iterations>200</iterations>
<elapsed-time>6107</elapsed-time>
<average-time>0</average-time>
</simulation>