<?xml version="1.0" encoding="UTF-8"?>
<simulation>
<software>charlie-simulation-framework; v1.0.0; Jakob Rieke</software>
<system>Unix; Unix 18.2.0.0; 18.2.0.0</system>
<datetime>6/18/2019 7:15:40 AM</datetime>
<title>Static Sensor Positioning</title>
<meta>Author: Jakob Rieke; Version v1.3.0</meta>
<configuration>
  Zoom = 40
  SizeTeamA = 2
  SizeTeamB = 2
  FieldHeight = 9
  FieldWidth = 6
  PlayerSensorRange = 12
  PlayerSensorFOV = 56.3
  PlayerSize = 0.1555
  Optimizer = Adaptive-Differential-Evolution
  </configuration>
<iteration i="0">
<sensors>[[3.63144416097352,6,0.478586916690364], [0.43133974667437,4.36935921650598,0.575715509610184]]</sensors>
<obstacles>[[0.667673248099163, 3.43255628971383], [8.09438254195265, 4.03834631899372]]</obstacles>
<global-best>18.0204853305202</global-best>
</iteration>
<iteration i="200">
<sensors>[[0,4.23638799920037,1.68522857295387], [9,0.18012125553806,167.598487481579]]</sensors>
<obstacles>[[0.667673248099163, 3.43255628971383], [8.09438254195265, 4.03834631899372]]</obstacles>
<global-best>0.677004322813224</global-best>
</iteration>
<iterations>200</iterations>
<elapsed-time>5365</elapsed-time>
<average-time>0</average-time>
</simulation>