<?xml version="1.0" encoding="UTF-8"?>
<simulation>
<software>charlie-simulation-framework; v1.0.0; Jakob Rieke</software>
<system>Unix; Unix 18.2.0.0; 18.2.0.0</system>
<datetime>6/18/2019 7:15:56 AM</datetime>
<title>Static Sensor Positioning</title>
<meta>Author: Jakob Rieke; Version v1.3.0</meta>
<configuration>
  Zoom = 40
  SizeTeamA = 2
  SizeTeamB = 2
  FieldHeight = 9
  FieldWidth = 6
  PlayerSensorRange = 12
  PlayerSensorFOV = 56.3
  PlayerSize = 0.1555
  Optimizer = Adaptive-Differential-Evolution
  </configuration>
<iteration i="0">
<sensors>[[9,4.92483064763361,3.43598266328591], [2.40721760490146,3.39175395164447,1.96618294738377]]</sensors>
<obstacles>[[1.76051281811669, 4.41747288638726], [6.09607717813924, 1.07810317212716]]</obstacles>
<global-best>19.1007498916765</global-best>
</iteration>
<iteration i="200">
<sensors>[[0.0563727965897169,3.42529154902635,3.44919886396937], [8.49702025685827,0,157.616222427132]]</sensors>
<obstacles>[[1.76051281811669, 4.41747288638726], [6.09607717813924, 1.07810317212716]]</obstacles>
<global-best>2.34190508737722</global-best>
</iteration>
<iterations>200</iterations>
<elapsed-time>5399</elapsed-time>
<average-time>0</average-time>
</simulation>