<?xml version="1.0" encoding="UTF-8"?>
<simulation>
<software>charlie-simulation-framework; v1.0.0; Jakob Rieke</software>
<system>Unix; Unix 18.2.0.0; 18.2.0.0</system>
<datetime>6/18/2019 7:15:24 AM</datetime>
<title>Static Sensor Positioning</title>
<meta>Author: Jakob Rieke; Version v1.3.0</meta>
<configuration>
  Zoom = 40
  SizeTeamA = 2
  SizeTeamB = 2
  FieldHeight = 9
  FieldWidth = 6
  PlayerSensorRange = 12
  PlayerSensorFOV = 56.3
  PlayerSize = 0.1555
  Optimizer = Adaptive-Differential-Evolution
  </configuration>
<iteration i="0">
<sensors>[[9,2.33180746141165,2.10560141995214], [9,6,360]]</sensors>
<obstacles>[[8.06075784796849, 2.78219146281481], [4.93847130658105, 5.21025630785152]]</obstacles>
<global-best>19.6347331645151</global-best>
</iteration>
<iteration i="200">
<sensors>[[9,0,156.452409508081], [0.293466577846913,3.84224627044216,3.24421129355157]]</sensors>
<obstacles>[[8.06075784796849, 2.78219146281481], [4.93847130658105, 5.21025630785152]]</obstacles>
<global-best>1.56040282112484</global-best>
</iteration>
<iterations>200</iterations>
<elapsed-time>5503</elapsed-time>
<average-time>0</average-time>
</simulation>