<?xml version="1.0" encoding="UTF-8"?>
<simulation>
<software>charlie-simulation-framework; v1.0.0; Jakob Rieke</software>
<system>Unix; Unix 18.2.0.0; 18.2.0.0</system>
<datetime>6/18/2019 7:13:02 AM</datetime>
<title>Static Sensor Positioning</title>
<meta>Author: Jakob Rieke; Version v1.3.0</meta>
<configuration>
  Zoom = 40
  SizeTeamA = 2
  SizeTeamB = 2
  FieldHeight = 9
  FieldWidth = 6
  PlayerSensorRange = 12
  PlayerSensorFOV = 56.3
  PlayerSize = 0.1555
  Optimizer = Adaptive-Differential-Evolution
  </configuration>
<iteration i="0">
<sensors>[[0.470125923275512,6,360], [3.7984214534048,6,4.4433538777389]]</sensors>
<obstacles>[[7.43440988240764, 0.0180167136713862], [6.05000848020427, 1.67768615903333]]</obstacles>
<global-best>12.7387831931948</global-best>
</iteration>
<iteration i="200">
<sensors>[[0.0336157530426717,6,331.96097773662], [7.21449430600814,0.351903132237117,170.837608713248]]</sensors>
<obstacles>[[7.43440988240764, 0.0180167136713862], [6.05000848020427, 1.67768615903333]]</obstacles>
<global-best>1.28155977417814</global-best>
</iteration>
<iterations>200</iterations>
<elapsed-time>5209</elapsed-time>
<average-time>0</average-time>
</simulation>