<?xml version="1.0" encoding="UTF-8"?>
<simulation>
<software>charlie-simulation-framework; v1.0.0; Jakob Rieke</software>
<system>Unix; Unix 18.2.0.0; 18.2.0.0</system>
<datetime>6/18/2019 7:13:55 AM</datetime>
<title>Static Sensor Positioning</title>
<meta>Author: Jakob Rieke; Version v1.3.0</meta>
<configuration>
  Zoom = 40
  SizeTeamA = 2
  SizeTeamB = 2
  FieldHeight = 9
  FieldWidth = 6
  PlayerSensorRange = 12
  PlayerSensorFOV = 56.3
  PlayerSize = 0.1555
  Optimizer = Adaptive-Differential-Evolution
  </configuration>
<iteration i="0">
<sensors>[[4.15762902683523,2.75168622791574,3.13475863033318], [1.41396928727952,6,360]]</sensors>
<obstacles>[[7.97856857045554, 4.62483595171943], [2.0031418770086, 4.91765833413228]]</obstacles>
<global-best>15.2481761780495</global-best>
</iteration>
<iteration i="200">
<sensors>[[0,3.49003081684616,6], [9,0,159.6716369145]]</sensors>
<obstacles>[[7.97856857045554, 4.62483595171943], [2.0031418770086, 4.91765833413228]]</obstacles>
<global-best>1.02451065114129</global-best>
</iteration>
<iterations>200</iterations>
<elapsed-time>5357</elapsed-time>
<average-time>0</average-time>
</simulation>