<?xml version="1.0" encoding="UTF-8"?>
<simulation>
<software>charlie-simulation-framework; v1.0.0; Jakob Rieke</software>
<system>Unix; Unix 18.2.0.0; 18.2.0.0</system>
<datetime>6/18/2019 7:14:56 AM</datetime>
<title>Static Sensor Positioning</title>
<meta>Author: Jakob Rieke; Version v1.3.0</meta>
<configuration>
  Zoom = 40
  SizeTeamA = 2
  SizeTeamB = 2
  FieldHeight = 9
  FieldWidth = 6
  PlayerSensorRange = 12
  PlayerSensorFOV = 56.3
  PlayerSize = 0.1555
  Optimizer = Adaptive-Differential-Evolution
  </configuration>
<iteration i="0">
<sensors>[[9,6,360], [9,0.714673159111914,360]]</sensors>
<obstacles>[[3.85212258179672, 5.39573445450515], [5.92561909463257, 5.53670179797336]]</obstacles>
<global-best>16.323256208549</global-best>
</iteration>
<iteration i="200">
<sensors>[[9,0.243703555832302,169.053577745411], [0.115562690034285,3.61702370540359,3.62838368363837]]</sensors>
<obstacles>[[3.85212258179672, 5.39573445450515], [5.92561909463257, 5.53670179797336]]</obstacles>
<global-best>1.82618027795072</global-best>
</iteration>
<iterations>200</iterations>
<elapsed-time>5224</elapsed-time>
<average-time>0</average-time>
</simulation>