<?xml version="1.0" encoding="UTF-8"?>
<simulation>
<software>charlie-simulation-framework; v1.0.0; Jakob Rieke</software>
<system>Unix; Unix 18.2.0.0; 18.2.0.0</system>
<datetime>6/12/2019 2:24:07 PM</datetime>
<title>Static SP with GA</title>
<meta>Author: Jakob Rieke; Version v1.3.0</meta>
<configuration>
  Zoom = 40
  SizeTeamA = 2
  SizeTeamB = 2
  FieldHeight = 9
  FieldWidth = 6
  PlayerSensorRange = 12
  PlayerSensorFOV = 56.3
  PlayerSize = 0.1555
  # The function used to optimize the problem,
  # possible values are:
  # Simplex, PSO, SPSO-2006, SPSO-2011, PSO-A-IW,
  # PSO-LD-IW, PSO-Chaotic-IW, PSO-LD-IW,
  # Evolution-Strategy, Differential-Evolution,
  # Adaptive-Differential-Evolution
  Optimizer = PSO
  
</configuration>
<iteration i="0">
<sensors>[[1.73834535020021,7.55793096516176,158.444256721966], [0.925110790707313,6.26591713139526,280.421188943968]]</sensors>
<obstacles>[[2.00974895199761, 2.88143021939322], [4.76261607161723, 3.57141279475763]]</obstacles>
<global-best>19.1282163922966</global-best>

</iteration>
<iteration i="200">
<sensors>[[8.99992538747384,0.0001571406173933,144.13874950182], [8.99997499680047,5.99999770309366,239.964248607945]]</sensors>
<obstacles>[[2.00974895199761, 2.88143021939322], [4.76261607161723, 3.57141279475763]]</obstacles>
<global-best>5.37077806286743</global-best>

</iteration>
<iterations>200</iterations>
<elapsed-time>2039</elapsed-time>
<average-time>0</average-time>
</simulation>