<?xml version="1.0" encoding="UTF-8"?>
<simulation>
<software>charlie-simulation-framework; v1.0.0; Jakob Rieke</software>
<system>Unix; Unix 18.2.0.0; 18.2.0.0</system>
<datetime>6/12/2019 2:24:11 PM</datetime>
<title>Static SP with GA</title>
<meta>Author: Jakob Rieke; Version v1.3.0</meta>
<configuration>
  Zoom = 40
  SizeTeamA = 2
  SizeTeamB = 2
  FieldHeight = 9
  FieldWidth = 6
  PlayerSensorRange = 12
  PlayerSensorFOV = 56.3
  PlayerSize = 0.1555
  # The function used to optimize the problem,
  # possible values are:
  # Simplex, PSO, SPSO-2006, SPSO-2011, PSO-A-IW,
  # PSO-LD-IW, PSO-Chaotic-IW, PSO-LD-IW,
  # Evolution-Strategy, Differential-Evolution,
  # Adaptive-Differential-Evolution
  Optimizer = PSO
  
</configuration>
<iteration i="0">
<sensors>[[5.33776034699521,1.31401012486863,29.0135783963036], [8.86095806202698,2.00469184705732,148.394461776658]]</sensors>
<obstacles>[[6.78042381280102, 5.94816088629887], [7.71374498005025, 3.22709876066074]]</obstacles>
<global-best>9.69295122269337</global-best>

</iteration>
<iteration i="200">
<sensors>[[2.35600231212292E-08,1.8367668027601,14.577138206297], [8.99999980181809,1.31171752666705E-05,152.110085618491]]</sensors>
<obstacles>[[6.78042381280102, 5.94816088629887], [7.71374498005025, 3.22709876066074]]</obstacles>
<global-best>0.484816201956901</global-best>

</iteration>
<iterations>200</iterations>
<elapsed-time>1780</elapsed-time>
<average-time>0</average-time>
</simulation>