<?xml version="1.0" encoding="UTF-8"?>
<simulation>
<software>charlie-simulation-framework; v1.0.0; Jakob Rieke</software>
<system>Unix; Unix 18.2.0.0; 18.2.0.0</system>
<datetime>6/12/2019 2:24:48 PM</datetime>
<title>Static SP with GA</title>
<meta>Author: Jakob Rieke; Version v1.3.0</meta>
<configuration>
  Zoom = 40
  SizeTeamA = 2
  SizeTeamB = 2
  FieldHeight = 9
  FieldWidth = 6
  PlayerSensorRange = 12
  PlayerSensorFOV = 56.3
  PlayerSize = 0.1555
  # The function used to optimize the problem,
  # possible values are:
  # Simplex, PSO, SPSO-2006, SPSO-2011, PSO-A-IW,
  # PSO-LD-IW, PSO-Chaotic-IW, PSO-LD-IW,
  # Evolution-Strategy, Differential-Evolution,
  # Adaptive-Differential-Evolution
  Optimizer = PSO
  
</configuration>
<iteration i="0">
<sensors>[[3.38969699424909,5.68776861144452,191.446946982707], [8.96060761110075,6.48104171863326,192.582734212984]]</sensors>
<obstacles>[[3.73081618803553, 2.90379518503323], [0.564064019126818, 2.22489426098764]]</obstacles>
<global-best>16.0321502793327</global-best>

</iteration>
<iteration i="200">
<sensors>[[8.99999031933599,5.99979544988908,208.132290322294], [8.99982670459832,5.68878787156876,241.873811751374]]</sensors>
<obstacles>[[3.73081618803553, 2.90379518503323], [0.564064019126818, 2.22489426098764]]</obstacles>
<global-best>2.08243021269742</global-best>

</iteration>
<iterations>200</iterations>
<elapsed-time>1617</elapsed-time>
<average-time>0</average-time>
</simulation>