<?xml version="1.0" encoding="UTF-8"?>
<simulation>
<software>charlie-simulation-framework; v1.0.0; Jakob Rieke</software>
<system>Unix; Unix 18.2.0.0; 18.2.0.0</system>
<datetime>6/12/2019 2:25:06 PM</datetime>
<title>Static SP with GA</title>
<meta>Author: Jakob Rieke; Version v1.3.0</meta>
<configuration>
  Zoom = 40
  SizeTeamA = 2
  SizeTeamB = 2
  FieldHeight = 9
  FieldWidth = 6
  PlayerSensorRange = 12
  PlayerSensorFOV = 56.3
  PlayerSize = 0.1555
  # The function used to optimize the problem,
  # possible values are:
  # Simplex, PSO, SPSO-2006, SPSO-2011, PSO-A-IW,
  # PSO-LD-IW, PSO-Chaotic-IW, PSO-LD-IW,
  # Evolution-Strategy, Differential-Evolution,
  # Adaptive-Differential-Evolution
  Optimizer = PSO
  
</configuration>
<iteration i="0">
<sensors>[[11.1006033140818,7.81113559366081,211.125733118842], [5.51045635895069,5.60532148531322,311.878153454265]]</sensors>
<obstacles>[[5.20855848072097, 1.73247986286879], [4.62441635853611, 4.02984625892714]]</obstacles>
<global-best>21.3048574795501</global-best>

</iteration>
<iteration i="200">
<sensors>[[8.99999795518193,5.99999438287209,208.149719519298], [8.38914861648516E-06,5.25245411307632,333.247288922238]]</sensors>
<obstacles>[[5.20855848072097, 1.73247986286879], [4.62441635853611, 4.02984625892714]]</obstacles>
<global-best>3.22179560358037</global-best>

</iteration>
<iterations>200</iterations>
<elapsed-time>3413</elapsed-time>
<average-time>0</average-time>
</simulation>