<?xml version="1.0" encoding="UTF-8"?>
<simulation>
<software>charlie-simulation-framework; v1.0.0; Jakob Rieke</software>
<system>Unix; Unix 18.2.0.0; 18.2.0.0</system>
<datetime>6/12/2019 2:25:00 PM</datetime>
<title>Static SP with GA</title>
<meta>Author: Jakob Rieke; Version v1.3.0</meta>
<configuration>
  Zoom = 40
  SizeTeamA = 2
  SizeTeamB = 2
  FieldHeight = 9
  FieldWidth = 6
  PlayerSensorRange = 12
  PlayerSensorFOV = 56.3
  PlayerSize = 0.1555
  # The function used to optimize the problem,
  # possible values are:
  # Simplex, PSO, SPSO-2006, SPSO-2011, PSO-A-IW,
  # PSO-LD-IW, PSO-Chaotic-IW, PSO-LD-IW,
  # Evolution-Strategy, Differential-Evolution,
  # Adaptive-Differential-Evolution
  Optimizer = PSO
  
</configuration>
<iteration i="0">
<sensors>[[5.15609349279309,7.46552971764957,263.461866810753], [0.597525285823769,3.94857490121281,28.9907567532509]]</sensors>
<obstacles>[[3.71527167828754, 5.40967455133796], [1.08447714429349, 2.49486492807046]]</obstacles>
<global-best>15.809440818601</global-best>

</iteration>
<iteration i="200">
<sensors>[[1.04210136377707E-05,5.99999188695112,299.300766675599], [5.88676240962897E-06,2.68787840511359E-06,35.0772347721727]]</sensors>
<obstacles>[[3.71527167828754, 5.40967455133796], [1.08447714429349, 2.49486492807046]]</obstacles>
<global-best>3.45401851513775</global-best>

</iteration>
<iterations>200</iterations>
<elapsed-time>1665</elapsed-time>
<average-time>0</average-time>
</simulation>