<?xml version="1.0" encoding="UTF-8"?>
<simulation>
<software>charlie-simulation-framework; v1.0.0; Jakob Rieke</software>
<system>Unix; Unix 18.2.0.0; 18.2.0.0</system>
<datetime>6/12/2019 2:24:39 PM</datetime>
<title>Static SP with GA</title>
<meta>Author: Jakob Rieke; Version v1.3.0</meta>
<configuration>
  Zoom = 40
  SizeTeamA = 2
  SizeTeamB = 2
  FieldHeight = 9
  FieldWidth = 6
  PlayerSensorRange = 12
  PlayerSensorFOV = 56.3
  PlayerSize = 0.1555
  # The function used to optimize the problem,
  # possible values are:
  # Simplex, PSO, SPSO-2006, SPSO-2011, PSO-A-IW,
  # PSO-LD-IW, PSO-Chaotic-IW, PSO-LD-IW,
  # Evolution-Strategy, Differential-Evolution,
  # Adaptive-Differential-Evolution
  Optimizer = PSO
  
</configuration>
<iteration i="0">
<sensors>[[7.49032969256205,8.80365946872309,64.9452652074533], [4.61241857332592,6.93020191497638,314.641957401674]]</sensors>
<obstacles>[[2.9385082537774, 1.35018907813355], [3.73480847175233, 2.6019573295489]]</obstacles>
<global-best>22.1934898310205</global-best>

</iteration>
<iteration i="200">
<sensors>[[1.71167997268464E-05,1.25474191797609E-06,61.8503228911228], [0.0243120320838059,5.999959743912,331.850369753976]]</sensors>
<obstacles>[[2.9385082537774, 1.35018907813355], [3.73480847175233, 2.6019573295489]]</obstacles>
<global-best>5.39174659851943</global-best>

</iteration>
<iterations>200</iterations>
<elapsed-time>1914</elapsed-time>
<average-time>0</average-time>
</simulation>