<?xml version="1.0" encoding="UTF-8"?>
<simulation>
<software>charlie-simulation-framework; v1.0.0; Jakob Rieke</software>
<system>Unix; Unix 18.2.0.0; 18.2.0.0</system>
<datetime>6/12/2019 2:24:58 PM</datetime>
<title>Static SP with GA</title>
<meta>Author: Jakob Rieke; Version v1.3.0</meta>
<configuration>
  Zoom = 40
  SizeTeamA = 2
  SizeTeamB = 2
  FieldHeight = 9
  FieldWidth = 6
  PlayerSensorRange = 12
  PlayerSensorFOV = 56.3
  PlayerSize = 0.1555
  # The function used to optimize the problem,
  # possible values are:
  # Simplex, PSO, SPSO-2006, SPSO-2011, PSO-A-IW,
  # PSO-LD-IW, PSO-Chaotic-IW, PSO-LD-IW,
  # Evolution-Strategy, Differential-Evolution,
  # Adaptive-Differential-Evolution
  Optimizer = PSO
  
</configuration>
<iteration i="0">
<sensors>[[8.28411117065939,9.33802251225785,175.586567024674], [4.23731483631864,5.21893159250392,312.091388497956]]</sensors>
<obstacles>[[5.37928917305544, 0.0587081671692431], [4.67125453613698, 3.71950434939936]]</obstacles>
<global-best>15.3274652118421</global-best>

</iteration>
<iteration i="200">
<sensors>[[8.99998773390237,1.62841394602326,169.512002682549], [3.17281101894606E-05,5.99999419767481,331.852302607225]]</sensors>
<obstacles>[[5.37928917305544, 0.0587081671692431], [4.67125453613698, 3.71950434939936]]</obstacles>
<global-best>0.312491017909289</global-best>

</iteration>
<iterations>200</iterations>
<elapsed-time>1922</elapsed-time>
<average-time>0</average-time>
</simulation>