<?xml version="1.0" encoding="UTF-8"?>
<simulation>
<software>charlie-simulation-framework; v1.0.0; Jakob Rieke</software>
<system>Unix; Unix 18.2.0.0; 18.2.0.0</system>
<datetime>6/12/2019 2:24:23 PM</datetime>
<title>Static SP with GA</title>
<meta>Author: Jakob Rieke; Version v1.3.0</meta>
<configuration>
  Zoom = 40
  SizeTeamA = 2
  SizeTeamB = 2
  FieldHeight = 9
  FieldWidth = 6
  PlayerSensorRange = 12
  PlayerSensorFOV = 56.3
  PlayerSize = 0.1555
  # The function used to optimize the problem,
  # possible values are:
  # Simplex, PSO, SPSO-2006, SPSO-2011, PSO-A-IW,
  # PSO-LD-IW, PSO-Chaotic-IW, PSO-LD-IW,
  # Evolution-Strategy, Differential-Evolution,
  # Adaptive-Differential-Evolution
  Optimizer = PSO
  
</configuration>
<iteration i="0">
<sensors>[[4.33184132590493,7.80135006085851,64.3147774953395], [3.90811778151981,6.02051639764815,151.689836929193]]</sensors>
<obstacles>[[0.783908456331119, 3.85737432539463], [5.87484341114759, 4.81201883498579]]</obstacles>
<global-best>14.6355116075768</global-best>

</iteration>
<iteration i="200">
<sensors>[[8.75669431511034,0.000161235810186849,101.948552334886], [8.99972718731028,0.194500149374889,160.517391566885]]</sensors>
<obstacles>[[0.783908456331119, 3.85737432539463], [5.87484341114759, 4.81201883498579]]</obstacles>
<global-best>0.923118006333551</global-best>

</iteration>
<iterations>200</iterations>
<elapsed-time>1783</elapsed-time>
<average-time>0</average-time>
</simulation>