<?xml version="1.0" encoding="UTF-8"?>
<simulation>
<software>charlie-simulation-framework; v1.0.0; Jakob Rieke</software>
<system>Unix; Unix 18.2.0.0; 18.2.0.0</system>
<datetime>6/12/2019 2:24:32 PM</datetime>
<title>Static SP with GA</title>
<meta>Author: Jakob Rieke; Version v1.3.0</meta>
<configuration>
  Zoom = 40
  SizeTeamA = 2
  SizeTeamB = 2
  FieldHeight = 9
  FieldWidth = 6
  PlayerSensorRange = 12
  PlayerSensorFOV = 56.3
  PlayerSize = 0.1555
  # The function used to optimize the problem,
  # possible values are:
  # Simplex, PSO, SPSO-2006, SPSO-2011, PSO-A-IW,
  # PSO-LD-IW, PSO-Chaotic-IW, PSO-LD-IW,
  # Evolution-Strategy, Differential-Evolution,
  # Adaptive-Differential-Evolution
  Optimizer = PSO
  
</configuration>
<iteration i="0">
<sensors>[[1.50246430723096,-1.67184998765961,305.524380888233], [7.80038184447596,4.12731324683519,297.379088545937]]</sensors>
<obstacles>[[7.57132158405147, 4.45881607197225], [0.321130028693005, 3.57005642540753]]</obstacles>
<global-best>28.3557075578906</global-best>

</iteration>
<iteration i="200">
<sensors>[[0.00125648195219044,5.75950129021258,336.349288109268], [1.02959220899825,5.99954386893249,271.999171395861]]</sensors>
<obstacles>[[7.57132158405147, 4.45881607197225], [0.321130028693005, 3.57005642540753]]</obstacles>
<global-best>1.85208113671482</global-best>

</iteration>
<iterations>200</iterations>
<elapsed-time>1459</elapsed-time>
<average-time>0</average-time>
</simulation>