<?xml version="1.0" encoding="UTF-8"?>
<simulation>
<software>charlie-simulation-framework; v1.0.0; Jakob Rieke</software>
<system>Unix; Unix 18.2.0.0; 18.2.0.0</system>
<datetime>6/12/2019 2:24:17 PM</datetime>
<title>Static SP with GA</title>
<meta>Author: Jakob Rieke; Version v1.3.0</meta>
<configuration>
  Zoom = 40
  SizeTeamA = 2
  SizeTeamB = 2
  FieldHeight = 9
  FieldWidth = 6
  PlayerSensorRange = 12
  PlayerSensorFOV = 56.3
  PlayerSize = 0.1555
  # The function used to optimize the problem,
  # possible values are:
  # Simplex, PSO, SPSO-2006, SPSO-2011, PSO-A-IW,
  # PSO-LD-IW, PSO-Chaotic-IW, PSO-LD-IW,
  # Evolution-Strategy, Differential-Evolution,
  # Adaptive-Differential-Evolution
  Optimizer = PSO
  
</configuration>
<iteration i="0">
<sensors>[[-2.62050194442242,4.21510808732239,314.812669618761], [4.52007914244389,6.85476786588623,33.7610554865374]]</sensors>
<obstacles>[[1.18765334528871, 0.937389596365392], [1.25183336203918, 5.45900347502902]]</obstacles>
<global-best>22.0849763356451</global-best>

</iteration>
<iteration i="200">
<sensors>[[4.25160680399547E-06,5.99999853465699,299.968534852607], [3.96918956936416E-06,1.09984014241032,27.8164500217877]]</sensors>
<obstacles>[[1.18765334528871, 0.937389596365392], [1.25183336203918, 5.45900347502902]]</obstacles>
<global-best>3.61967623410025</global-best>

</iteration>
<iterations>200</iterations>
<elapsed-time>1686</elapsed-time>
<average-time>0</average-time>
</simulation>