<?xml version="1.0" encoding="UTF-8"?>
<simulation>
<software>charlie-simulation-framework; v1.0.0; Jakob Rieke</software>
<system>Unix; Unix 18.2.0.0; 18.2.0.0</system>
<datetime>6/12/2019 2:24:53 PM</datetime>
<title>Static SP with GA</title>
<meta>Author: Jakob Rieke; Version v1.3.0</meta>
<configuration>
  Zoom = 40
  SizeTeamA = 2
  SizeTeamB = 2
  FieldHeight = 9
  FieldWidth = 6
  PlayerSensorRange = 12
  PlayerSensorFOV = 56.3
  PlayerSize = 0.1555
  # The function used to optimize the problem,
  # possible values are:
  # Simplex, PSO, SPSO-2006, SPSO-2011, PSO-A-IW,
  # PSO-LD-IW, PSO-Chaotic-IW, PSO-LD-IW,
  # Evolution-Strategy, Differential-Evolution,
  # Adaptive-Differential-Evolution
  Optimizer = PSO
  
</configuration>
<iteration i="0">
<sensors>[[9.98086077117501,2.02315368695137,344.119599861619], [-1.27720807812805,2.90865206050959,246.431857981389]]</sensors>
<obstacles>[[6.38587317592464, 0.395755656994879], [0.0252318566199392, 2.09717481164262]]</obstacles>
<global-best>30.9875859884143</global-best>

</iteration>
<iteration i="200">
<sensors>[[0.00403672609736087,5.79796032039924,339.119711748168], [8.77895524416321,5.9699797762259,208.200518361286]]</sensors>
<obstacles>[[6.38587317592464, 0.395755656994879], [0.0252318566199392, 2.09717481164262]]</obstacles>
<global-best>0.325042945932406</global-best>

</iteration>
<iterations>200</iterations>
<elapsed-time>1708</elapsed-time>
<average-time>0</average-time>
</simulation>