<?xml version="1.0" encoding="UTF-8"?>
<simulation>
<software>charlie-simulation-framework; v1.0.0; Jakob Rieke</software>
<system>Unix; Unix 18.2.0.0; 18.2.0.0</system>
<datetime>6/12/2019 2:24:09 PM</datetime>
<title>Static SP with GA</title>
<meta>Author: Jakob Rieke; Version v1.3.0</meta>
<configuration>
  Zoom = 40
  SizeTeamA = 2
  SizeTeamB = 2
  FieldHeight = 9
  FieldWidth = 6
  PlayerSensorRange = 12
  PlayerSensorFOV = 56.3
  PlayerSize = 0.1555
  # The function used to optimize the problem,
  # possible values are:
  # Simplex, PSO, SPSO-2006, SPSO-2011, PSO-A-IW,
  # PSO-LD-IW, PSO-Chaotic-IW, PSO-LD-IW,
  # Evolution-Strategy, Differential-Evolution,
  # Adaptive-Differential-Evolution
  Optimizer = PSO
  
</configuration>
<iteration i="0">
<sensors>[[8.48756349337682,2.66403470923302,273.537549114611], [-2.7097586404727,2.66831665642006,75.3968010728112]]</sensors>
<obstacles>[[3.8030284086708, 2.27098462544382], [0.437511993572116, 2.55720364255831]]</obstacles>
<global-best>29.8179519746799</global-best>

</iteration>
<iteration i="200">
<sensors>[[0.00281297924137078,5.9936793445898,332.037856328541], [8.99332043738878,0.0568730219144742,163.231045880965]]</sensors>
<obstacles>[[3.8030284086708, 2.27098462544382], [0.437511993572116, 2.55720364255831]]</obstacles>
<global-best>1.18480604146296</global-best>

</iteration>
<iterations>200</iterations>
<elapsed-time>1891</elapsed-time>
<average-time>0</average-time>
</simulation>