<?xml version="1.0" encoding="UTF-8"?>
<simulation>
<software>charlie-simulation-framework; v1.0.0; Jakob Rieke</software>
<system>Unix; Unix 18.2.0.0; 18.2.0.0</system>
<datetime>6/12/2019 2:24:46 PM</datetime>
<title>Static SP with GA</title>
<meta>Author: Jakob Rieke; Version v1.3.0</meta>
<configuration>
  Zoom = 40
  SizeTeamA = 2
  SizeTeamB = 2
  FieldHeight = 9
  FieldWidth = 6
  PlayerSensorRange = 12
  PlayerSensorFOV = 56.3
  PlayerSize = 0.1555
  # The function used to optimize the problem,
  # possible values are:
  # Simplex, PSO, SPSO-2006, SPSO-2011, PSO-A-IW,
  # PSO-LD-IW, PSO-Chaotic-IW, PSO-LD-IW,
  # Evolution-Strategy, Differential-Evolution,
  # Adaptive-Differential-Evolution
  Optimizer = PSO
  
</configuration>
<iteration i="0">
<sensors>[[-0.0629499234738251,9.3089293673177,184.956568572261], [3.28674708291269,3.64349376873458,283.138152232679]]</sensors>
<obstacles>[[4.48009834857658, 0.772413558326662], [3.70180877228267, 5.86837176047266]]</obstacles>
<global-best>35.2170367369549</global-best>

</iteration>
<iteration i="200">
<sensors>[[8.99996308844054,5.27153226100341,186.266360460432], [8.77684340981008,5.99961708360096,247.070002428981]]</sensors>
<obstacles>[[4.48009834857658, 0.772413558326662], [3.70180877228267, 5.86837176047266]]</obstacles>
<global-best>1.43674373405787</global-best>

</iteration>
<iterations>200</iterations>
<elapsed-time>1858</elapsed-time>
<average-time>0</average-time>
</simulation>