<?xml version="1.0" encoding="UTF-8"?>
<simulation>
<software>charlie-simulation-framework; v1.0.0; Jakob Rieke</software>
<system>Unix; Unix 18.2.0.0; 18.2.0.0</system>
<datetime>6/12/2019 2:24:28 PM</datetime>
<title>Static SP with GA</title>
<meta>Author: Jakob Rieke; Version v1.3.0</meta>
<configuration>
  Zoom = 40
  SizeTeamA = 2
  SizeTeamB = 2
  FieldHeight = 9
  FieldWidth = 6
  PlayerSensorRange = 12
  PlayerSensorFOV = 56.3
  PlayerSize = 0.1555
  # The function used to optimize the problem,
  # possible values are:
  # Simplex, PSO, SPSO-2006, SPSO-2011, PSO-A-IW,
  # PSO-LD-IW, PSO-Chaotic-IW, PSO-LD-IW,
  # Evolution-Strategy, Differential-Evolution,
  # Adaptive-Differential-Evolution
  Optimizer = PSO
  
</configuration>
<iteration i="0">
<sensors>[[5.91082134980785,-0.233763105064004,106.678844257261], [11.7530168478123,-1.51547431616665,265.234496945863]]</sensors>
<obstacles>[[7.17536274134181, 5.3308775885962], [3.9410848331172, 4.4310393081978]]</obstacles>
<global-best>31.4619015563499</global-best>

</iteration>
<iteration i="200">
<sensors>[[8.99770407240303,0.00072846576842983,118.188771958667], [0.000773255306903817,5.99716675515815,298.160460271722]]</sensors>
<obstacles>[[7.17536274134181, 5.3308775885962], [3.9410848331172, 4.4310393081978]]</obstacles>
<global-best>1.14475189782224</global-best>

</iteration>
<iterations>200</iterations>
<elapsed-time>1930</elapsed-time>
<average-time>0</average-time>
</simulation>