<?xml version="1.0" encoding="UTF-8"?>
<simulation>
<software>charlie-simulation-framework; v1.0.0; Jakob Rieke</software>
<system>Unix; Unix 18.2.0.0; 18.2.0.0</system>
<datetime>6/12/2019 2:25:31 PM</datetime>
<title>Static SP with GA</title>
<meta>Author: Jakob Rieke; Version v1.3.0</meta>
<configuration>
  Zoom = 40
  SizeTeamA = 2
  SizeTeamB = 2
  FieldHeight = 9
  FieldWidth = 6
  PlayerSensorRange = 12
  PlayerSensorFOV = 56.3
  PlayerSize = 0.1555
  # The function used to optimize the problem,
  # possible values are:
  # Simplex, PSO, SPSO-2006, SPSO-2011, PSO-A-IW,
  # PSO-LD-IW, PSO-Chaotic-IW, PSO-LD-IW,
  # Evolution-Strategy, Differential-Evolution,
  # Adaptive-Differential-Evolution
  Optimizer = PSO
  
</configuration>
<iteration i="0">
<sensors>[[-1.15867526127815,3.15025988644211,268.533390261845], [6.33036525278871,3.98560222573811,62.845043204641]]</sensors>
<obstacles>[[5.3133717009332, 0.907974954228848], [6.41122891707346, 4.00442676432431]]</obstacles>
<global-best>25.0611685280697</global-best>

</iteration>
<iteration i="200">
<sensors>[[8.99998501284439,5.95965953187878,207.720456941404], [0.00192961676153809,7.76366479181946E-05,27.5623165641508]]</sensors>
<obstacles>[[5.3133717009332, 0.907974954228848], [6.41122891707346, 4.00442676432431]]</obstacles>
<global-best>1.68244343611425</global-best>

</iteration>
<iterations>200</iterations>
<elapsed-time>4363</elapsed-time>
<average-time>0</average-time>
</simulation>