<?xml version="1.0" encoding="UTF-8"?>
<simulation>
<software>charlie-simulation-framework; v1.0.0; Jakob Rieke</software>
<system>Unix; Unix 18.2.0.0; 18.2.0.0</system>
<datetime>6/12/2019 2:25:03 PM</datetime>
<title>Static SP with GA</title>
<meta>Author: Jakob Rieke; Version v1.3.0</meta>
<configuration>
  Zoom = 40
  SizeTeamA = 2
  SizeTeamB = 2
  FieldHeight = 9
  FieldWidth = 6
  PlayerSensorRange = 12
  PlayerSensorFOV = 56.3
  PlayerSize = 0.1555
  # The function used to optimize the problem,
  # possible values are:
  # Simplex, PSO, SPSO-2006, SPSO-2011, PSO-A-IW,
  # PSO-LD-IW, PSO-Chaotic-IW, PSO-LD-IW,
  # Evolution-Strategy, Differential-Evolution,
  # Adaptive-Differential-Evolution
  Optimizer = PSO
  
</configuration>
<iteration i="0">
<sensors>[[6.6897180122832,6.81057685599627,205.865711252439], [4.39577049110658,7.67378810031151,187.153918785509]]</sensors>
<obstacles>[[8.77437645639293, 3.69225715147331], [5.65641222777776, 1.70743178855628]]</obstacles>
<global-best>16.9220635232666</global-best>

</iteration>
<iteration i="200">
<sensors>[[8.99985253808517,5.99985246215234,208.144796673092], [8.37651377610199,4.7851723159747,256.648361212011]]</sensors>
<obstacles>[[8.77437645639293, 3.69225715147331], [5.65641222777776, 1.70743178855628]]</obstacles>
<global-best>2.13310813021954</global-best>

</iteration>
<iterations>200</iterations>
<elapsed-time>3140</elapsed-time>
<average-time>0</average-time>
</simulation>