<?xml version="1.0" encoding="UTF-8"?>
<simulation>
<software>charlie-simulation-framework; v1.0.0; Jakob Rieke</software>
<system>Unix; Unix 18.2.0.0; 18.2.0.0</system>
<datetime>6/12/2019 2:24:34 PM</datetime>
<title>Static SP with GA</title>
<meta>Author: Jakob Rieke; Version v1.3.0</meta>
<configuration>
  Zoom = 40
  SizeTeamA = 2
  SizeTeamB = 2
  FieldHeight = 9
  FieldWidth = 6
  PlayerSensorRange = 12
  PlayerSensorFOV = 56.3
  PlayerSize = 0.1555
  # The function used to optimize the problem,
  # possible values are:
  # Simplex, PSO, SPSO-2006, SPSO-2011, PSO-A-IW,
  # PSO-LD-IW, PSO-Chaotic-IW, PSO-LD-IW,
  # Evolution-Strategy, Differential-Evolution,
  # Adaptive-Differential-Evolution
  Optimizer = PSO
  
</configuration>
<iteration i="0">
<sensors>[[4.64457480146069,-2.47333236510425,143.198095477523], [-0.993819198321034,9.06127594704503,7.39492108775111]]</sensors>
<obstacles>[[1.54286579112522, 3.41153124533594], [0.567559781949967, 1.28699595015496]]</obstacles>
<global-best>16.1519592649586</global-best>

</iteration>
<iteration i="200">
<sensors>[[8.9999872166877,4.41332349285895E-07,151.850105468516], [1.18558894797562E-06,4.28202005792595,-9.84760402797751]]</sensors>
<obstacles>[[1.54286579112522, 3.41153124533594], [0.567559781949967, 1.28699595015496]]</obstacles>
<global-best>0.418683951227887</global-best>

</iteration>
<iterations>200</iterations>
<elapsed-time>1834</elapsed-time>
<average-time>0</average-time>
</simulation>