<?xml version="1.0" encoding="UTF-8"?>
<simulation>
<software>charlie-simulation-framework; v1.0.0; Jakob Rieke</software>
<system>Unix; Unix 18.2.0.0; 18.2.0.0</system>
<datetime>6/12/2019 2:24:05 PM</datetime>
<title>Static SP with GA</title>
<meta>Author: Jakob Rieke; Version v1.3.0</meta>
<configuration>
  Zoom = 40
  SizeTeamA = 2
  SizeTeamB = 2
  FieldHeight = 9
  FieldWidth = 6
  PlayerSensorRange = 12
  PlayerSensorFOV = 56.3
  PlayerSize = 0.1555
  # The function used to optimize the problem,
  # possible values are:
  # Simplex, PSO, SPSO-2006, SPSO-2011, PSO-A-IW,
  # PSO-LD-IW, PSO-Chaotic-IW, PSO-LD-IW,
  # Evolution-Strategy, Differential-Evolution,
  # Adaptive-Differential-Evolution
  Optimizer = PSO
  
</configuration>
<iteration i="0">
<sensors>[[-0.616495637378113,3.3770257275451,155.010870778751], [-2.39528154936244,6.17561811487629,43.0177515807539]]</sensors>
<obstacles>[[5.98218338540755, 0.379168922547251], [3.82819822663441, 4.80825980845839]]</obstacles>
<global-best>23.121745039364</global-best>

</iteration>
<iteration i="200">
<sensors>[[8.99999027599736,0.000450255311195175,151.877502037161], [2.59314064183107E-06,0.664600001527551,23.930764868427]]</sensors>
<obstacles>[[5.98218338540755, 0.379168922547251], [3.82819822663441, 4.80825980845839]]</obstacles>
<global-best>0.878537529341001</global-best>

</iteration>
<iterations>200</iterations>
<elapsed-time>2238</elapsed-time>
<average-time>0</average-time>
</simulation>