<?xml version="1.0" encoding="UTF-8"?>
<simulation>
<software>charlie-simulation-framework; v1.0.0; Jakob Rieke</software>
<system>Unix; Unix 18.2.0.0; 18.2.0.0</system>
<datetime>6/12/2019 2:25:36 PM</datetime>
<title>Static SP with GA</title>
<meta>Author: Jakob Rieke; Version v1.3.0</meta>
<configuration>
  Zoom = 40
  SizeTeamA = 2
  SizeTeamB = 2
  FieldHeight = 9
  FieldWidth = 6
  PlayerSensorRange = 12
  PlayerSensorFOV = 56.3
  PlayerSize = 0.1555
  # The function used to optimize the problem,
  # possible values are:
  # Simplex, PSO, SPSO-2006, SPSO-2011, PSO-A-IW,
  # PSO-LD-IW, PSO-Chaotic-IW, PSO-LD-IW,
  # Evolution-Strategy, Differential-Evolution,
  # Adaptive-Differential-Evolution
  Optimizer = PSO
  
</configuration>
<iteration i="0">
<sensors>[[8.50593224920109,6.85339340579726,102.180211229482], [13.6090806137586,8.77178516385444,168.069966123406]]</sensors>
<obstacles>[[0.88479105848819, 1.54440133972093], [8.33410033746623, 5.42825753241777]]</obstacles>
<global-best>19.996732430167</global-best>

</iteration>
<iteration i="200">
<sensors>[[8.76385472321533,1.5926824008433E-05,103.930500379846], [8.99997351190792,0.202423783892652,162.441378448208]]</sensors>
<obstacles>[[0.88479105848819, 1.54440133972093], [8.33410033746623, 5.42825753241777]]</obstacles>
<global-best>0.634442499905774</global-best>

</iteration>
<iterations>200</iterations>
<elapsed-time>1996</elapsed-time>
<average-time>0</average-time>
</simulation>