<?xml version="1.0" encoding="UTF-8"?>
<simulation>
<software>charlie-simulation-framework; v1.0.0; Jakob Rieke</software>
<system>Unix; Unix 18.2.0.0; 18.2.0.0</system>
<datetime>6/12/2019 2:24:37 PM</datetime>
<title>Static SP with GA</title>
<meta>Author: Jakob Rieke; Version v1.3.0</meta>
<configuration>
  Zoom = 40
  SizeTeamA = 2
  SizeTeamB = 2
  FieldHeight = 9
  FieldWidth = 6
  PlayerSensorRange = 12
  PlayerSensorFOV = 56.3
  PlayerSize = 0.1555
  # The function used to optimize the problem,
  # possible values are:
  # Simplex, PSO, SPSO-2006, SPSO-2011, PSO-A-IW,
  # PSO-LD-IW, PSO-Chaotic-IW, PSO-LD-IW,
  # Evolution-Strategy, Differential-Evolution,
  # Adaptive-Differential-Evolution
  Optimizer = PSO
  
</configuration>
<iteration i="0">
<sensors>[[-0.217924154037335,6.44659129586639,260.307382339864], [0.196877482687227,-0.485541224674737,360.974130818176]]</sensors>
<obstacles>[[4.90708286664449, 3.20911518065259], [6.01762530952692, 4.77582312561572]]</obstacles>
<global-best>22.2819416588033</global-best>

</iteration>
<iteration i="200">
<sensors>[[6.7636977967283E-05,5.99988413827316,298.141200538711], [0.310480435782554,5.98009134056928,334.346310439521]]</sensors>
<obstacles>[[4.90708286664449, 3.20911518065259], [6.01762530952692, 4.77582312561572]]</obstacles>
<global-best>3.41045245229623</global-best>

</iteration>
<iterations>200</iterations>
<elapsed-time>1744</elapsed-time>
<average-time>0</average-time>
</simulation>