<?xml version="1.0" encoding="UTF-8"?>
<simulation>
<software>charlie-simulation-framework; v1.0.0; Jakob Rieke</software>
<system>Unix; Unix 18.2.0.0; 18.2.0.0</system>
<datetime>6/12/2019 2:25:02 PM</datetime>
<title>Static SP with GA</title>
<meta>Author: Jakob Rieke; Version v1.3.0</meta>
<configuration>
  Zoom = 40
  SizeTeamA = 2
  SizeTeamB = 2
  FieldHeight = 9
  FieldWidth = 6
  PlayerSensorRange = 12
  PlayerSensorFOV = 56.3
  PlayerSize = 0.1555
  # The function used to optimize the problem,
  # possible values are:
  # Simplex, PSO, SPSO-2006, SPSO-2011, PSO-A-IW,
  # PSO-LD-IW, PSO-Chaotic-IW, PSO-LD-IW,
  # Evolution-Strategy, Differential-Evolution,
  # Adaptive-Differential-Evolution
  Optimizer = PSO
  
</configuration>
<iteration i="0">
<sensors>[[0.381128209996659,0.241895340742614,42.5036325203551], [12.0703760024996,7.6120653865149,98.8626772693274]]</sensors>
<obstacles>[[6.87374282022938, 1.92425291799009], [1.21616476611234, 3.67289192369208]]</obstacles>
<global-best>20.1522571852083</global-best>

</iteration>
<iteration i="200">
<sensors>[[4.99365060939895E-09,4.70220955090023E-10,28.1499996023697], [28.5629078015723,-116.189339314073,107.036794692718]]</sensors>
<obstacles>[[6.87374282022938, 1.92425291799009], [1.21616476611234, 3.67289192369208]]</obstacles>
<global-best>12.7987156990146</global-best>

</iteration>
<iterations>200</iterations>
<elapsed-time>1227</elapsed-time>
<average-time>0</average-time>
</simulation>