<?xml version="1.0" encoding="UTF-8"?>
<simulation>
<software>charlie-simulation-framework; v1.0.0; Jakob Rieke</software>
<system>Unix; Unix 18.2.0.0; 18.2.0.0</system>
<datetime>6/12/2019 2:24:21 PM</datetime>
<title>Static SP with GA</title>
<meta>Author: Jakob Rieke; Version v1.3.0</meta>
<configuration>
  Zoom = 40
  SizeTeamA = 2
  SizeTeamB = 2
  FieldHeight = 9
  FieldWidth = 6
  PlayerSensorRange = 12
  PlayerSensorFOV = 56.3
  PlayerSize = 0.1555
  # The function used to optimize the problem,
  # possible values are:
  # Simplex, PSO, SPSO-2006, SPSO-2011, PSO-A-IW,
  # PSO-LD-IW, PSO-Chaotic-IW, PSO-LD-IW,
  # Evolution-Strategy, Differential-Evolution,
  # Adaptive-Differential-Evolution
  Optimizer = PSO
  
</configuration>
<iteration i="0">
<sensors>[[5.71819448497611,0.397048775108814,127.688929315751], [4.8429202796428,4.407381593023,223.554259742593]]</sensors>
<obstacles>[[1.49255984416232, 1.41033554915339], [2.92881384934299, 1.03193545667455]]</obstacles>
<global-best>16.3250380435622</global-best>

</iteration>
<iteration i="200">
<sensors>[[8.99998726822329,1.77252541728078E-05,120.267514582482], [8.99998272915702,5.99998735634217,216.143989821538]]</sensors>
<obstacles>[[1.49255984416232, 1.41033554915339], [2.92881384934299, 1.03193545667455]]</obstacles>
<global-best>4.18180462589071</global-best>

</iteration>
<iterations>200</iterations>
<elapsed-time>1840</elapsed-time>
<average-time>0</average-time>
</simulation>