<?xml version="1.0" encoding="UTF-8"?>
<simulation>
<software>charlie-simulation-framework; v1.0.0; Jakob Rieke</software>
<system>Unix; Unix 18.2.0.0; 18.2.0.0</system>
<datetime>6/12/2019 2:24:30 PM</datetime>
<title>Static SP with GA</title>
<meta>Author: Jakob Rieke; Version v1.3.0</meta>
<configuration>
  Zoom = 40
  SizeTeamA = 2
  SizeTeamB = 2
  FieldHeight = 9
  FieldWidth = 6
  PlayerSensorRange = 12
  PlayerSensorFOV = 56.3
  PlayerSize = 0.1555
  # The function used to optimize the problem,
  # possible values are:
  # Simplex, PSO, SPSO-2006, SPSO-2011, PSO-A-IW,
  # PSO-LD-IW, PSO-Chaotic-IW, PSO-LD-IW,
  # Evolution-Strategy, Differential-Evolution,
  # Adaptive-Differential-Evolution
  Optimizer = PSO
  
</configuration>
<iteration i="0">
<sensors>[[2.24362578232669,6.31139604276074,85.441843275755], [0.056745527885568,5.36414766667092,232.368941726942]]</sensors>
<obstacles>[[1.12143041985109, 1.6168348188512], [2.99472504551522, 4.06627364829183]]</obstacles>
<global-best>31.6782760440973</global-best>

</iteration>
<iteration i="200">
<sensors>[[4.38790915548066,0.000288420964579801,27.9126654655528], [8.99988316707049,5.95899661030912,204.196446091532]]</sensors>
<obstacles>[[1.12143041985109, 1.6168348188512], [2.99472504551522, 4.06627364829183]]</obstacles>
<global-best>1.66075161167801</global-best>

</iteration>
<iterations>200</iterations>
<elapsed-time>2094</elapsed-time>
<average-time>0</average-time>
</simulation>