<?xml version="1.0" encoding="UTF-8"?>
<simulation>
<software>charlie-simulation-framework; v1.0.0; Jakob Rieke</software>
<system>Unix; Unix 18.2.0.0; 18.2.0.0</system>
<datetime>6/12/2019 2:25:43 PM</datetime>
<title>Static SP with GA</title>
<meta>Author: Jakob Rieke; Version v1.3.0</meta>
<configuration>
  Zoom = 40
  SizeTeamA = 2
  SizeTeamB = 2
  FieldHeight = 9
  FieldWidth = 6
  PlayerSensorRange = 12
  PlayerSensorFOV = 56.3
  PlayerSize = 0.1555
  # The function used to optimize the problem,
  # possible values are:
  # Simplex, PSO, SPSO-2006, SPSO-2011, PSO-A-IW,
  # PSO-LD-IW, PSO-Chaotic-IW, PSO-LD-IW,
  # Evolution-Strategy, Differential-Evolution,
  # Adaptive-Differential-Evolution
  Optimizer = PSO
  
</configuration>
<iteration i="0">
<sensors>[[-1.1771705409503,0.433838414696912,33.9397962333076], [-1.61512331145549,1.54680429859611,302.39655754305]]</sensors>
<obstacles>[[8.51886636950076, 0.0888506602495909], [1.71261852909811, 0.294874298851937]]</obstacles>
<global-best>21.0190831111682</global-best>

</iteration>
<iteration i="200">
<sensors>[[4.00150382531903E-09,6.97083806208036E-07,47.6213128718392], [1.15168517848136E-06,5.99999959814894,311.624790270313]]</sensors>
<obstacles>[[8.51886636950076, 0.0888506602495909], [1.71261852909811, 0.294874298851937]]</obstacles>
<global-best>3.26743265627268</global-best>

</iteration>
<iterations>200</iterations>
<elapsed-time>1500</elapsed-time>
<average-time>0</average-time>
</simulation>