<?xml version="1.0" encoding="UTF-8"?>
<simulation>
<software>charlie-simulation-framework; v1.0.0; Jakob Rieke</software>
<system>Unix; Unix 18.2.0.0; 18.2.0.0</system>
<datetime>6/12/2019 2:23:48 PM</datetime>
<title>Static SP with GA</title>
<meta>Author: Jakob Rieke; Version v1.3.0</meta>
<configuration>
  Zoom = 40
  SizeTeamA = 2
  SizeTeamB = 2
  FieldHeight = 9
  FieldWidth = 6
  PlayerSensorRange = 12
  PlayerSensorFOV = 56.3
  PlayerSize = 0.1555
  # The function used to optimize the problem,
  # possible values are:
  # Simplex, PSO, SPSO-2006, SPSO-2011, PSO-A-IW,
  # PSO-LD-IW, PSO-Chaotic-IW, PSO-LD-IW,
  # Evolution-Strategy, Differential-Evolution,
  # Adaptive-Differential-Evolution
  Optimizer = PSO
  
</configuration>
<iteration i="0">
<sensors>[[-0.907224634295376,-2.22168589672432,128.846669480449], [7.9585721950617,-0.847395327677519,166.752529921711]]</sensors>
<obstacles>[[4.30812156270258, 4.60075249057263], [2.47605146071874, 2.2823357633315]]</obstacles>
<global-best>15.370721348552</global-best>

</iteration>
<iteration i="200">
<sensors>[[8.80051988958844,1.88391815625411E-06,108.262444589526], [8.99999823267556,0.238618894168408,163.274575613596]]</sensors>
<obstacles>[[4.30812156270258, 4.60075249057263], [2.47605146071874, 2.2823357633315]]</obstacles>
<global-best>1.76698109352244</global-best>

</iteration>
<iterations>200</iterations>
<elapsed-time>1534</elapsed-time>
<average-time>0</average-time>
</simulation>