<?xml version="1.0" encoding="UTF-8"?>
<simulation>
<software>charlie-simulation-framework; v1.0.0; Jakob Rieke</software>
<system>Unix; Unix 18.2.0.0; 18.2.0.0</system>
<datetime>6/12/2019 2:24:57 PM</datetime>
<title>Static SP with GA</title>
<meta>Author: Jakob Rieke; Version v1.3.0</meta>
<configuration>
  Zoom = 40
  SizeTeamA = 2
  SizeTeamB = 2
  FieldHeight = 9
  FieldWidth = 6
  PlayerSensorRange = 12
  PlayerSensorFOV = 56.3
  PlayerSize = 0.1555
  # The function used to optimize the problem,
  # possible values are:
  # Simplex, PSO, SPSO-2006, SPSO-2011, PSO-A-IW,
  # PSO-LD-IW, PSO-Chaotic-IW, PSO-LD-IW,
  # Evolution-Strategy, Differential-Evolution,
  # Adaptive-Differential-Evolution
  Optimizer = PSO
  
</configuration>
<iteration i="0">
<sensors>[[8.00069429007793,2.55509853096523,42.3392283089872], [3.79176170087417,2.92574472374084,13.2617458043171]]</sensors>
<obstacles>[[3.37112750206143, 5.58354381239042], [0.0778131172992289, 1.26517454255372]]</obstacles>
<global-best>19.606392118155</global-best>

</iteration>
<iteration i="200">
<sensors>[[0.331474398261741,0.777053248110788,72.8894232137748], [4.18460729805762E-06,8.96533107445162E-05,28.1414282689868]]</sensors>
<obstacles>[[3.37112750206143, 5.58354381239042], [0.0778131172992289, 1.26517454255372]]</obstacles>
<global-best>0.695675241724923</global-best>

</iteration>
<iterations>200</iterations>
<elapsed-time>1725</elapsed-time>
<average-time>0</average-time>
</simulation>