<?xml version="1.0" encoding="UTF-8"?>
<simulation>
<software>charlie-simulation-framework; v1.0.0; Jakob Rieke</software>
<system>Unix; Unix 18.2.0.0; 18.2.0.0</system>
<datetime>6/12/2019 2:25:27 PM</datetime>
<title>Static SP with GA</title>
<meta>Author: Jakob Rieke; Version v1.3.0</meta>
<configuration>
  Zoom = 40
  SizeTeamA = 2
  SizeTeamB = 2
  FieldHeight = 9
  FieldWidth = 6
  PlayerSensorRange = 12
  PlayerSensorFOV = 56.3
  PlayerSize = 0.1555
  # The function used to optimize the problem,
  # possible values are:
  # Simplex, PSO, SPSO-2006, SPSO-2011, PSO-A-IW,
  # PSO-LD-IW, PSO-Chaotic-IW, PSO-LD-IW,
  # Evolution-Strategy, Differential-Evolution,
  # Adaptive-Differential-Evolution
  Optimizer = PSO
  
</configuration>
<iteration i="0">
<sensors>[[10.5896420917842,1.55755207516416,37.7518070604531], [1.49304706058239,0.784652365694489,124.988752398784]]</sensors>
<obstacles>[[7.86986145540141, 0.897460029926151], [5.87617729464546, 4.38923377264291]]</obstacles>
<global-best>32.159635581275</global-best>

</iteration>
<iteration i="200">
<sensors>[[1.61913008866555E-06,8.98845381100407E-06,28.4478347698249], [8.33725900031264,6.36385488625658E-07,151.89681953093]]</sensors>
<obstacles>[[7.86986145540141, 0.897460029926151], [5.87617729464546, 4.38923377264291]]</obstacles>
<global-best>1.48284756320531</global-best>

</iteration>
<iterations>200</iterations>
<elapsed-time>2010</elapsed-time>
<average-time>0</average-time>
</simulation>