<?xml version="1.0" encoding="UTF-8"?>
<simulation>
<software>charlie-simulation-framework; v1.0.0; Jakob Rieke</software>
<system>Unix; Unix 18.2.0.0; 18.2.0.0</system>
<datetime>6/18/2019 1:04:48 AM</datetime>
<title>Static Sensor Positioning</title>
<meta>Author: Jakob Rieke; Version v1.3.0</meta>
<configuration>
  Zoom = 40
  SizeTeamA = 7
  SizeTeamB = 7
  FieldHeight = 9
  FieldWidth = 6
  PlayerSensorRange = 12
  PlayerSensorFOV = 56.3
  PlayerSize = 0.1555
  # The function used to optimize the problem,
  # possible values are:
  # Simplex, PSO, SPSO-2006, SPSO-2011, PSO-A-IW,
  # PSO-LD-IW, PSO-Chaotic-IW, PSO-LD-IW,
  # Evolution-Strategy, Differential-Evolution,
  # Adaptive-Differential-Evolution
  Optimizer = PSO
  </configuration>
<iteration i="0">
<sensors>[[6.92761864778726,6.93474850125083,46.8143850748518], [-4.3074460717491,4.47132725648435,178.893577482333], [10.9422694223009,5.34736642783253,6.1359807122556], [3.5539340483671,-0.196691472313763,81.3151863456387], [12.9114781359733,7.08622191889298,171.571477169703], [7.36750162030849,-0.0729118407590956,234.157112109601], [12.3717939929065,6.07767184351936,300.646045932454]]</sensors>
<obstacles>[[4.61701372778043, 1.31659220019355], [1.59142457018606, 4.72996846307069], [7.19481566757895, 4.26325632864609], [7.10749592771754, 5.89144936669618], [3.14163523865864, 2.54578754771501], [0.870099633699283, 4.06635683448985], [4.18295372463763, 3.39076635008678]]</obstacles>
<global-best>18.5364931316069</global-best>
</iteration>
<iteration i="200">
<sensors>[[0.570668217161348,0.000216005900364159,26.0818886119502], [-29.4985301020845,-11.0884047380249,173.864412923129], [0.0738489078739814,5.99826073872556,-27.7370199742223], [0.00305694906319978,0.157705001654665,67.4350358345823], [8.99841139781524,0.708172868324871,174.194781760233], [8.99851740425351,5.9925617446173,205.828698085121], [49.5870558604233,12.2286799378472,-285.189762635299]]</sensors>
<obstacles>[[4.61701372778043, 1.31659220019355], [1.59142457018606, 4.72996846307069], [7.19481566757895, 4.26325632864609], [7.10749592771754, 5.89144936669618], [3.14163523865864, 2.54578754771501], [0.870099633699283, 4.06635683448985], [4.18295372463763, 3.39076635008678]]</obstacles>
<global-best>0.0546664068604802</global-best>
</iteration>
<iterations>200</iterations>
<elapsed-time>15650</elapsed-time>
<average-time>0</average-time>
</simulation>