<?xml version="1.0" encoding="UTF-8"?>
<simulation>
<software>charlie-simulation-framework; v1.0.0; Jakob Rieke</software>
<system>Unix; Unix 18.2.0.0; 18.2.0.0</system>
<datetime>6/18/2019 1:08:49 AM</datetime>
<title>Static Sensor Positioning</title>
<meta>Author: Jakob Rieke; Version v1.3.0</meta>
<configuration>
  Zoom = 40
  SizeTeamA = 7
  SizeTeamB = 7
  FieldHeight = 9
  FieldWidth = 6
  PlayerSensorRange = 12
  PlayerSensorFOV = 56.3
  PlayerSize = 0.1555
  # The function used to optimize the problem,
  # possible values are:
  # Simplex, PSO, SPSO-2006, SPSO-2011, PSO-A-IW,
  # PSO-LD-IW, PSO-Chaotic-IW, PSO-LD-IW,
  # Evolution-Strategy, Differential-Evolution,
  # Adaptive-Differential-Evolution
  Optimizer = PSO
  </configuration>
<iteration i="0">
<sensors>[[-0.399239406106472,1.54587863426765,304.559986287499], [5.02202922156787,-3.61227955280447,117.89063389436], [9.58540915107077,4.3213918506005,55.4362306631743], [7.33130771619798,5.86558701408504,267.536093046088], [3.6442347563913,1.21985287963597,221.785946434482], [-1.56402403942248,4.40931744532131,119.229223323763], [6.45439053414627,3.52991573664606,195.653364535507]]</sensors>
<obstacles>[[2.25707112229429, 0.974954313598573], [8.65821652184241, 1.86505491519347], [1.40369514981285, 0.249181094113737], [5.48587749386206, 0.72314221970737], [7.38541892194189, 2.46615960728377], [3.21368618309498, 0.784084347076714], [0.775385322282091, 5.57507466897368]]</obstacles>
<global-best>10.6002651180907</global-best>
</iteration>
<iteration i="200">
<sensors>[[0.0984795712048641,4.02849738204236,312.871622665373], [8.10778082424769,0.0253075048712994,101.117370243038], [-14.7359137872684,8.77321710185543,52.6680482116568], [4.12887311966678,5.98532268001897,282.166688933464], [-2.27485653018491,-3.29316656614349,218.367412969619], [8.98002686142146,0.667364732034254,116.434756012207], [8.02541859855527,5.61540656638011,199.432759356419]]</sensors>
<obstacles>[[2.25707112229429, 0.974954313598573], [8.65821652184241, 1.86505491519347], [1.40369514981285, 0.249181094113737], [5.48587749386206, 0.72314221970737], [7.38541892194189, 2.46615960728377], [3.21368618309498, 0.784084347076714], [0.775385322282091, 5.57507466897368]]</obstacles>
<global-best>1.00895044800143</global-best>
</iteration>
<iterations>200</iterations>
<elapsed-time>18669</elapsed-time>
<average-time>0</average-time>
</simulation>