<?xml version="1.0" encoding="UTF-8"?>
<simulation>
<software>charlie-simulation-framework; v1.0.0; Jakob Rieke</software>
<system>Unix; Unix 18.2.0.0; 18.2.0.0</system>
<datetime>6/18/2019 3:36:20 AM</datetime>
<title>Static Sensor Positioning</title>
<meta>Author: Jakob Rieke; Version v1.3.0</meta>
<configuration>
  Zoom = 40
  SizeTeamA = 7
  SizeTeamB = 7
  FieldHeight = 9
  FieldWidth = 6
  PlayerSensorRange = 12
  PlayerSensorFOV = 56.3
  PlayerSize = 0.1555
  # The function used to optimize the problem,
  # possible values are:
  # Simplex, PSO, SPSO-2006, SPSO-2011, PSO-A-IW,
  # PSO-LD-IW, PSO-Chaotic-IW, PSO-LD-IW,
  # Evolution-Strategy, Differential-Evolution,
  # Adaptive-Differential-Evolution
  Optimizer = PSO
  </configuration>
<iteration i="0">
<sensors>[[9.80430926870669,8.14566560934875,77.57583094302], [-2.30826221263051,6.17216889230019,62.3955243965323], [1.09738798464452,-1.64353729807359,13.0799502421254], [0.795573084411568,2.02821795615826,152.36626611754], [3.82507556361701,4.15791519365887,95.3552629235826], [-2.08846864636628,5.78190674765219,218.305044723053], [5.96346283264848,1.49634006185478,201.104563561159]]</sensors>
<obstacles>[[8.64963757270016, 1.44315321743488], [7.47508186474442, 2.19595894217491], [0.251428934046999, 1.86774022411555], [5.68384592235088, 3.84586133854464], [5.79247289174236, 3.04195330152288], [1.89647896564566, 0.560649574734271], [8.548250696389, 0.196531933732331]]</obstacles>
<global-best>10.3962874512021</global-best>
</iteration>
<iteration i="200">
<sensors>[[7.95588316050957,0.000319073626049029,74.627113659045], [0.000141719255983223,0.592188388249101,52.6607846061382], [2.35296916249957,0.00135948836038247,24.6533593527968], [8.78009902334342,-3.85112346669488,150.631103344343], [112.974627838687,8.17377484029376,91.3041709871004], [5.00039299268681,5.06906015485261,216.490286481883], [8.99911937153081,5.98030760114549,202.792224318768]]</sensors>
<obstacles>[[8.64963757270016, 1.44315321743488], [7.47508186474442, 2.19595894217491], [0.251428934046999, 1.86774022411555], [5.68384592235088, 3.84586133854464], [5.79247289174236, 3.04195330152288], [1.89647896564566, 0.560649574734271], [8.548250696389, 0.196531933732331]]</obstacles>
<global-best>0.615456217542874</global-best>
</iteration>
<iterations>200</iterations>
<elapsed-time>22314</elapsed-time>
<average-time>0</average-time>
</simulation>