<?xml version="1.0" encoding="UTF-8"?>
<simulation>
<software>charlie-simulation-framework; v1.0.0; Jakob Rieke</software>
<system>Unix; Unix 18.2.0.0; 18.2.0.0</system>
<datetime>6/18/2019 2:57:03 AM</datetime>
<title>Static Sensor Positioning</title>
<meta>Author: Jakob Rieke; Version v1.3.0</meta>
<configuration>
  Zoom = 40
  SizeTeamA = 7
  SizeTeamB = 7
  FieldHeight = 9
  FieldWidth = 6
  PlayerSensorRange = 12
  PlayerSensorFOV = 56.3
  PlayerSize = 0.1555
  # The function used to optimize the problem,
  # possible values are:
  # Simplex, PSO, SPSO-2006, SPSO-2011, PSO-A-IW,
  # PSO-LD-IW, PSO-Chaotic-IW, PSO-LD-IW,
  # Evolution-Strategy, Differential-Evolution,
  # Adaptive-Differential-Evolution
  Optimizer = PSO
  </configuration>
<iteration i="0">
<sensors>[[5.03476807243274,8.07917329065569,225.23551166843], [1.70094893696436,3.40713861399559,160.680546945373], [3.04548968972631,4.7270905238968,103.103944281846], [5.56451309663044,6.71675089735474,38.2507666257978], [1.47693236756744,7.53083160795049,159.303608153729], [7.21689854531686,0.696123520407516,282.284055792377], [7.20476481395116,-2.68136217415738,253.745148590367]]</sensors>
<obstacles>[[0.00385968829505146, 0.66188622219488], [3.36206032382324, 4.24926028121263], [4.05711441650055, 3.09242222411558], [1.358265806688, 1.05673704575747], [4.44012207887135, 1.30589031334966], [7.86416975338943, 1.86762822931632], [1.38971217605285, 0.520134518388659]]</obstacles>
<global-best>19.4890459728871</global-best>
</iteration>
<iteration i="200">
<sensors>[[7.946502695673,3.80376778379904,224.60519312642], [8.99897637553935,0.51034986697406,168.615613623953], [8.6770271375649,0.00174478190338813,100.981239270787], [3.5850919634913,1.32201835112269,35.962289379369], [8.34145063386527,4.42897664283697,167.999450541271], [4.2511124780451,5.99957103201771,286.564141056675], [6.6806987195278,5.99039243755688,218.334638123701]]</sensors>
<obstacles>[[0.00385968829505146, 0.66188622219488], [3.36206032382324, 4.24926028121263], [4.05711441650055, 3.09242222411558], [1.358265806688, 1.05673704575747], [4.44012207887135, 1.30589031334966], [7.86416975338943, 1.86762822931632], [1.38971217605285, 0.520134518388659]]</obstacles>
<global-best>0.442914619623002</global-best>
</iteration>
<iterations>200</iterations>
<elapsed-time>34301</elapsed-time>
<average-time>0</average-time>
</simulation>