<?xml version="1.0" encoding="UTF-8"?>
<simulation>
<software>charlie-simulation-framework; v1.0.0; Jakob Rieke</software>
<system>Unix; Unix 18.2.0.0; 18.2.0.0</system>
<datetime>6/18/2019 1:05:04 AM</datetime>
<title>Static Sensor Positioning</title>
<meta>Author: Jakob Rieke; Version v1.3.0</meta>
<configuration>
  Zoom = 40
  SizeTeamA = 7
  SizeTeamB = 7
  FieldHeight = 9
  FieldWidth = 6
  PlayerSensorRange = 12
  PlayerSensorFOV = 56.3
  PlayerSize = 0.1555
  # The function used to optimize the problem,
  # possible values are:
  # Simplex, PSO, SPSO-2006, SPSO-2011, PSO-A-IW,
  # PSO-LD-IW, PSO-Chaotic-IW, PSO-LD-IW,
  # Evolution-Strategy, Differential-Evolution,
  # Adaptive-Differential-Evolution
  Optimizer = PSO
  </configuration>
<iteration i="0">
<sensors>[[7.47492777620007,1.78780875179139,220.262704089198], [7.45170964873847,9.47272727575424,190.099086442596], [5.111223380756,0.839418269986205,275.914578915841], [-0.827022568796909,0.154880074118591,220.579942419566], [5.02961317433128,-1.15199915767201,300.211539749514], [2.36337012631855,2.70859276256469,323.751255721384], [3.6894825290428,7.80234023695573,210.019189676936]]</sensors>
<obstacles>[[7.59729080926627, 0.0952168987132609], [0.97241456899792, 5.46631154743955], [5.87742942315526, 5.97993722045794], [0.135125495027751, 5.51596470410004], [4.05668924655765, 0.472993574570864], [2.90018507558852, 0.29119508061558], [3.61644244124182, 2.52428737375885]]</obstacles>
<global-best>14.8118131463039</global-best>
</iteration>
<iteration i="200">
<sensors>[[1.15962578492048,-18.0014083501581,233.739023185671], [8.9923363900646,5.54799281729397,196.680987410806], [-3.76893654759314,51.3764745726655,240.923285823479], [10.1132203171171,15.09940442006,229.520054138833], [0.114407728675677,5.99931342516731,317.822191778681], [1.26236047644743,5.28663283479096,345.847583354514], [8.98967878689281,1.09368646328585,179.247576925663]]</sensors>
<obstacles>[[7.59729080926627, 0.0952168987132609], [0.97241456899792, 5.46631154743955], [5.87742942315526, 5.97993722045794], [0.135125495027751, 5.51596470410004], [4.05668924655765, 0.472993574570864], [2.90018507558852, 0.29119508061558], [3.61644244124182, 2.52428737375885]]</obstacles>
<global-best>0.269366633898297</global-best>
</iteration>
<iterations>200</iterations>
<elapsed-time>11086</elapsed-time>
<average-time>0</average-time>
</simulation>