<?xml version="1.0" encoding="UTF-8"?>
<simulation>
<software>charlie-simulation-framework; v1.0.0; Jakob Rieke</software>
<system>Unix; Unix 18.2.0.0; 18.2.0.0</system>
<datetime>6/18/2019 1:02:55 AM</datetime>
<title>Static Sensor Positioning</title>
<meta>Author: Jakob Rieke; Version v1.3.0</meta>
<configuration>
  Zoom = 40
  SizeTeamA = 7
  SizeTeamB = 7
  FieldHeight = 9
  FieldWidth = 6
  PlayerSensorRange = 12
  PlayerSensorFOV = 56.3
  PlayerSize = 0.1555
  # The function used to optimize the problem,
  # possible values are:
  # Simplex, PSO, SPSO-2006, SPSO-2011, PSO-A-IW,
  # PSO-LD-IW, PSO-Chaotic-IW, PSO-LD-IW,
  # Evolution-Strategy, Differential-Evolution,
  # Adaptive-Differential-Evolution
  Optimizer = PSO
  </configuration>
<iteration i="0">
<sensors>[[6.10048033575745,-0.0216236223229762,61.2890558919138], [8.98271152127008,5.87023149106153,353.249476229921], [5.1619484580082,-0.407789322658482,303.117885831613], [9.87802088589991,1.13890651541811,223.849080654065], [-1.01068959016056,7.81537003872877,73.8359909599916], [7.86884995717339,2.529177438832,66.1284224150472], [-1.67945969570504,7.22959030953868,311.12730661115]]</sensors>
<obstacles>[[3.37174523575231, 3.1820050785318], [6.21625528810546, 3.4782269122079], [1.11412054533139, 4.02720378432423], [6.76515802228823, 1.91279022675008], [2.23211266240105, 2.63477331306785], [4.95717389741912, 3.31307883979753], [6.16165615338832, 0.150781294796616]]</obstacles>
<global-best>14.9035154261578</global-best>
</iteration>
<iteration i="200">
<sensors>[[2.10201275462841,0.00276358578291472,43.8289053398552], [-92.2873234482275,-6.45471045640314,364.547602495051], [5.72907413515461,5.99518700121599,288.812882907991], [8.99325952920753,5.62593363712578,201.502223406467], [179.052908966276,18.4323466447922,85.3885254291797], [5.80407071390943E-06,0.012569989866935,61.8915078203614], [1.36095796121795,5.98988390030955,292.643594164084]]</sensors>
<obstacles>[[3.37174523575231, 3.1820050785318], [6.21625528810546, 3.4782269122079], [1.11412054533139, 4.02720378432423], [6.76515802228823, 1.91279022675008], [2.23211266240105, 2.63477331306785], [4.95717389741912, 3.31307883979753], [6.16165615338832, 0.150781294796616]]</obstacles>
<global-best>0.325292116849501</global-best>
</iteration>
<iterations>200</iterations>
<elapsed-time>22549</elapsed-time>
<average-time>0</average-time>
</simulation>