<?xml version="1.0" encoding="UTF-8"?>
<simulation>
<software>charlie-simulation-framework; v1.0.0; Jakob Rieke</software>
<system>Unix; Unix 18.2.0.0; 18.2.0.0</system>
<datetime>6/18/2019 1:06:29 AM</datetime>
<title>Static Sensor Positioning</title>
<meta>Author: Jakob Rieke; Version v1.3.0</meta>
<configuration>
  Zoom = 40
  SizeTeamA = 7
  SizeTeamB = 7
  FieldHeight = 9
  FieldWidth = 6
  PlayerSensorRange = 12
  PlayerSensorFOV = 56.3
  PlayerSize = 0.1555
  # The function used to optimize the problem,
  # possible values are:
  # Simplex, PSO, SPSO-2006, SPSO-2011, PSO-A-IW,
  # PSO-LD-IW, PSO-Chaotic-IW, PSO-LD-IW,
  # Evolution-Strategy, Differential-Evolution,
  # Adaptive-Differential-Evolution
  Optimizer = PSO
  </configuration>
<iteration i="0">
<sensors>[[6.03695801991376,-1.21360631983033,333.464208462053], [2.14677964397967,3.97760392371435,346.429001282335], [6.04238628333891,7.58968126305195,79.0421818089399], [0.543501435288423,6.88167574495731,282.812598726194], [9.74593095806312,5.60845045500035,246.877541704149], [9.80722731813979,-0.489655134802131,216.78939118379], [5.40526623708979,-1.28453168495554,281.179639188073]]</sensors>
<obstacles>[[6.66690799361095, 5.91059122234583], [2.63663589488715, 3.57405287632719], [2.62724886741489, 5.06110451789573], [1.24493009992875, 5.17216585250571], [4.37427586968988, 2.18232830800116], [0.970619739498943, 0.731657965108752], [5.89438460301608, 1.12121939565986]]</obstacles>
<global-best>13.0348621021661</global-best>
</iteration>
<iteration i="200">
<sensors>[[0.558675716732857,5.97749780135456,334.120974459053], [8.36471472187816E-05,3.02920821397395,335.16125187155], [0.331319509048524,0.042994527363392,69.9279208296758], [11.6194839054666,-0.5729920337499,294.569099377503], [-2.01059910791988,-78.8252012151106,257.473300557256], [8.9992833350259,5.99771148808785,208.029921956378], [64.6857842056147,81.683833737984,281.882226546628]]</sensors>
<obstacles>[[6.66690799361095, 5.91059122234583], [2.63663589488715, 3.57405287632719], [2.62724886741489, 5.06110451789573], [1.24493009992875, 5.17216585250571], [4.37427586968988, 2.18232830800116], [0.970619739498943, 0.731657965108752], [5.89438460301608, 1.12121939565986]]</obstacles>
<global-best>0.647976928400507</global-best>
</iteration>
<iterations>200</iterations>
<elapsed-time>16005</elapsed-time>
<average-time>0</average-time>
</simulation>