<?xml version="1.0" encoding="UTF-8"?>
<simulation>
<software>charlie-simulation-framework; v1.0.0; Jakob Rieke</software>
<system>Unix; Unix 18.2.0.0; 18.2.0.0</system>
<datetime>6/18/2019 2:18:24 AM</datetime>
<title>Static Sensor Positioning</title>
<meta>Author: Jakob Rieke; Version v1.3.0</meta>
<configuration>
  Zoom = 40
  SizeTeamA = 7
  SizeTeamB = 7
  FieldHeight = 9
  FieldWidth = 6
  PlayerSensorRange = 12
  PlayerSensorFOV = 56.3
  PlayerSize = 0.1555
  # The function used to optimize the problem,
  # possible values are:
  # Simplex, PSO, SPSO-2006, SPSO-2011, PSO-A-IW,
  # PSO-LD-IW, PSO-Chaotic-IW, PSO-LD-IW,
  # Evolution-Strategy, Differential-Evolution,
  # Adaptive-Differential-Evolution
  Optimizer = PSO
  </configuration>
<iteration i="0">
<sensors>[[-1.03706859693621,-1.77272793580322,16.4939449988944], [-1.43019132784859,0.0539481734715874,13.6438176354328], [-0.273606862277567,3.85753554318734,335.433137194559], [9.51786720210648,6.42920214115734,276.512853324318], [6.7254197884335,6.71966340851632,130.858195440732], [6.5451504047848,-0.890328313844591,141.823431161511], [0.487068647731369,2.60311031647272,294.78851423579]]</sensors>
<obstacles>[[3.28222911246121, 0.396607590839267], [2.72847310965881, 2.92035277979448], [2.29255528701469, 2.32257710304111], [5.49064618279226, 0.846221888903528], [0.235694863367826, 5.47684822557494], [1.72332584671676, 4.7570983520709], [1.36352737457491, 5.60440411465243]]</obstacles>
<global-best>7.93936558146318</global-best>
</iteration>
<iteration i="200">
<sensors>[[1.22507018543115,0.0096394828986593,32.4627431708937], [2.87442341011883,0.0201499212356333,6.12900757966438], [2.44239726799529,2.74541978244326,331.899863750732], [5.39709701861461,-10.0981066835,277.004800399966], [19.8081309606348,18.0519895951519,134.631688992821], [8.99966794503977,0.74744421211102,156.748670861475], [0.50900006383239,5.99659850560734,285.875151383503]]</sensors>
<obstacles>[[3.28222911246121, 0.396607590839267], [2.72847310965881, 2.92035277979448], [2.29255528701469, 2.32257710304111], [5.49064618279226, 0.846221888903528], [0.235694863367826, 5.47684822557494], [1.72332584671676, 4.7570983520709], [1.36352737457491, 5.60440411465243]]</obstacles>
<global-best>0.563499678312173</global-best>
</iteration>
<iterations>200</iterations>
<elapsed-time>17590</elapsed-time>
<average-time>0</average-time>
</simulation>