<?xml version="1.0" encoding="UTF-8"?>
<simulation>
<software>charlie-simulation-framework; v1.0.0; Jakob Rieke</software>
<system>Unix; Unix 18.2.0.0; 18.2.0.0</system>
<datetime>6/18/2019 1:07:08 AM</datetime>
<title>Static Sensor Positioning</title>
<meta>Author: Jakob Rieke; Version v1.3.0</meta>
<configuration>
  Zoom = 40
  SizeTeamA = 7
  SizeTeamB = 7
  FieldHeight = 9
  FieldWidth = 6
  PlayerSensorRange = 12
  PlayerSensorFOV = 56.3
  PlayerSize = 0.1555
  # The function used to optimize the problem,
  # possible values are:
  # Simplex, PSO, SPSO-2006, SPSO-2011, PSO-A-IW,
  # PSO-LD-IW, PSO-Chaotic-IW, PSO-LD-IW,
  # Evolution-Strategy, Differential-Evolution,
  # Adaptive-Differential-Evolution
  Optimizer = PSO
  </configuration>
<iteration i="0">
<sensors>[[5.22931315026455,8.95493775536146,357.491349919412], [3.27171950594262,-3.25023830101054,185.269395211259], [9.07725772065655,4.44004094394416,162.272133381594], [7.92979519458538,-1.10548767133579,56.0456759748876], [8.6409212523063,4.03496635118474,162.486197361134], [4.89233047033966,8.00077778145382,268.701500685703], [7.20118704726629,-1.14311989281845,68.599673798228]]</sensors>
<obstacles>[[1.34297431097366, 5.37605835171416], [4.23963629873469, 5.3476124717854], [3.09334170492366, 5.95281316107139], [5.42684093140997, 2.26779600279406], [5.15605182317086, 5.54313706280664], [0.351836936082691, 1.4344001300633], [2.20847012358718, 1.58165787532926]]</obstacles>
<global-best>12.1975867507202</global-best>
</iteration>
<iteration i="200">
<sensors>[[1.20579250908757,2.75098121172415,363.586140642503], [7.51470986615952,0.0150866249700159,156.139728514925], [8.99853300190406,1.12972612568116,145.777378972625], [0.402474341421604,0.00123768287721603,67.8359755272914], [8.3737110332354,4.28999004632541,180.209746754196], [8.98992294272467,5.99925387014505,268.113797583908], [10.0483534041117,3.4483504235133,61.7729876416327]]</sensors>
<obstacles>[[1.34297431097366, 5.37605835171416], [4.23963629873469, 5.3476124717854], [3.09334170492366, 5.95281316107139], [5.42684093140997, 2.26779600279406], [5.15605182317086, 5.54313706280664], [0.351836936082691, 1.4344001300633], [2.20847012358718, 1.58165787532926]]</obstacles>
<global-best>0.225087634553082</global-best>
</iteration>
<iterations>200</iterations>
<elapsed-time>26590</elapsed-time>
<average-time>0</average-time>
</simulation>