<?xml version="1.0" encoding="UTF-8"?>
<simulation>
<software>charlie-simulation-framework; v1.0.0; Jakob Rieke</software>
<system>Unix; Unix 18.2.0.0; 18.2.0.0</system>
<datetime>6/18/2019 1:42:31 AM</datetime>
<title>Static Sensor Positioning</title>
<meta>Author: Jakob Rieke; Version v1.3.0</meta>
<configuration>
  Zoom = 40
  SizeTeamA = 7
  SizeTeamB = 7
  FieldHeight = 9
  FieldWidth = 6
  PlayerSensorRange = 12
  PlayerSensorFOV = 56.3
  PlayerSize = 0.1555
  # The function used to optimize the problem,
  # possible values are:
  # Simplex, PSO, SPSO-2006, SPSO-2011, PSO-A-IW,
  # PSO-LD-IW, PSO-Chaotic-IW, PSO-LD-IW,
  # Evolution-Strategy, Differential-Evolution,
  # Adaptive-Differential-Evolution
  Optimizer = PSO
  </configuration>
<iteration i="0">
<sensors>[[0.400243138718956,7.22825670778744,313.931008608188], [0.841247560985025,5.02106832061673,5.02894804484696], [8.00915578647817,1.87244971368087,303.116895649115], [3.74601598119946,3.31458488955607,308.032490702452], [8.94197101877018,4.39010683153162,12.8595320029295], [-1.95275479286887,9.59621387548027,266.544008855342], [2.31941551124641,2.94020384476903,343.197385565704]]</sensors>
<obstacles>[[3.30061356606893, 2.50067672738805], [3.87116138334386, 4.32596334675327], [8.21742162597366, 0.442481456324458], [4.27173438412137, 3.78355341637507], [2.02203228115104, 1.98752887872979], [6.73981391103007, 2.2505909926258], [2.9108748016879, 5.19032830791548]]</obstacles>
<global-best>20.0492322353312</global-best>
</iteration>
<iteration i="200">
<sensors>[[1.20817799817573,5.97092677479955,293.73254697655], [0.0791724820931482,5.5183934509762,-4.19340605340446], [7.92818474494879,0.18736035313553,156.206272640962], [2.85666104002659,5.98443730392671,319.434624518859], [10.5742966902204,31.0163438964277,-14.5212654622221], [0.298148222927573,5.15800082211565,274.683923571149], [0.017669758257892,4.93690719744073,339.052967241919]]</sensors>
<obstacles>[[3.30061356606893, 2.50067672738805], [3.87116138334386, 4.32596334675327], [8.21742162597366, 0.442481456324458], [4.27173438412137, 3.78355341637507], [2.02203228115104, 1.98752887872979], [6.73981391103007, 2.2505909926258], [2.9108748016879, 5.19032830791548]]</obstacles>
<global-best>0.825641945201696</global-best>
</iteration>
<iterations>200</iterations>
<elapsed-time>20388</elapsed-time>
<average-time>0</average-time>
</simulation>