<?xml version="1.0" encoding="UTF-8"?>
<simulation>
<software>charlie-simulation-framework; v1.0.0; Jakob Rieke</software>
<system>Unix; Unix 18.2.0.0; 18.2.0.0</system>
<datetime>6/18/2019 1:01:34 AM</datetime>
<title>Static Sensor Positioning</title>
<meta>Author: Jakob Rieke; Version v1.3.0</meta>
<configuration>
  Zoom = 40
  SizeTeamA = 7
  SizeTeamB = 7
  FieldHeight = 9
  FieldWidth = 6
  PlayerSensorRange = 12
  PlayerSensorFOV = 56.3
  PlayerSize = 0.1555
  # The function used to optimize the problem,
  # possible values are:
  # Simplex, PSO, SPSO-2006, SPSO-2011, PSO-A-IW,
  # PSO-LD-IW, PSO-Chaotic-IW, PSO-LD-IW,
  # Evolution-Strategy, Differential-Evolution,
  # Adaptive-Differential-Evolution
  Optimizer = PSO
  </configuration>
<iteration i="0">
<sensors>[[5.07112223547751,6.08592920416913,111.83514298449], [8.50283612610372,-0.698307916127982,323.042468790285], [2.65122691977255,-0.171874549202096,103.244998025318], [0.534414844016786,6.52164331082596,103.180737360234], [4.65147609257941,4.47590397752147,176.953151993545], [3.16593506923903,5.47240103367646,256.320766088298], [10.9477244590082,2.3770035533616,326.448111788691]]</sensors>
<obstacles>[[2.43968147551641, 5.16123929433525], [6.27403158741072, 4.33743079891428], [1.72569585498422, 1.94669124903157], [5.78103357204236, 0.15757841616869], [0.0495968945324421, 5.35717909131199], [2.66010366473347, 0.344643880147487], [2.16946549876593, 3.67429411550984]]</obstacles>
<global-best>17.6115486365722</global-best>
</iteration>
<iteration i="200">
<sensors>[[8.53465158950311,0.00711791353610802,106.534611853111], [-26.5262816811414,23.8597315332256,318.614377684826], [8.2885280708892,6.71445932468618,74.8083072632583], [-4.11360853599228,-6.93158984640686,102.723605922595], [8.99965331942805,1.12017427172829,172.44763930662], [0.00181984511598291,5.04417454926804,297.74347599724], [0.0201194109716574,5.99687487445275,333.139337600559]]</sensors>
<obstacles>[[2.43968147551641, 5.16123929433525], [6.27403158741072, 4.33743079891428], [1.72569585498422, 1.94669124903157], [5.78103357204236, 0.15757841616869], [0.0495968945324421, 5.35717909131199], [2.66010366473347, 0.344643880147487], [2.16946549876593, 3.67429411550984]]</obstacles>
<global-best>0.201393212149512</global-best>
</iteration>
<iterations>200</iterations>
<elapsed-time>11978</elapsed-time>
<average-time>0</average-time>
</simulation>