<?xml version="1.0" encoding="UTF-8"?>
<simulation>
<software>charlie-simulation-framework; v1.0.0; Jakob Rieke</software>
<system>Unix; Unix 18.2.0.0; 18.2.0.0</system>
<datetime>6/18/2019 1:02:18 AM</datetime>
<title>Static Sensor Positioning</title>
<meta>Author: Jakob Rieke; Version v1.3.0</meta>
<configuration>
  Zoom = 40
  SizeTeamA = 7
  SizeTeamB = 7
  FieldHeight = 9
  FieldWidth = 6
  PlayerSensorRange = 12
  PlayerSensorFOV = 56.3
  PlayerSize = 0.1555
  # The function used to optimize the problem,
  # possible values are:
  # Simplex, PSO, SPSO-2006, SPSO-2011, PSO-A-IW,
  # PSO-LD-IW, PSO-Chaotic-IW, PSO-LD-IW,
  # Evolution-Strategy, Differential-Evolution,
  # Adaptive-Differential-Evolution
  Optimizer = PSO
  </configuration>
<iteration i="0">
<sensors>[[2.89967285048759,9.99356312720904,221.307239636119], [2.92356206848825,10.4146602684574,232.568775325215], [5.49256444130173,2.68142016040311,200.256946968088], [0.500935094680504,4.88619424535745,18.5842244508101], [1.5950017060711,2.07525545125998,322.065643742147], [7.710327807295,-2.23318875542103,121.337046732658], [5.65903935201472,-0.979517404704421,286.167794553074]]</sensors>
<obstacles>[[2.76037256699055, 1.15758076217026], [1.30773875140585, 0.108309439849108], [0.021158050512895, 2.73005479294807], [3.19280946906656, 2.95508690318093], [0.634071612730622, 4.10591480601579], [6.34811624977738, 4.51040139840916], [7.41794468974695, 1.57635584380478]]</obstacles>
<global-best>9.45966285170468</global-best>
</iteration>
<iteration i="200">
<sensors>[[8.43253936896961,3.97687299233616,222.918155610163], [7.44224241816267,2.15701290877333,180.186375633174], [8.83550167962793,5.99445551150991,195.830394502105], [0.00223060703917827,0.336320289118506,14.8665690462548], [-129.496746354525,11.5347392114456,321.59561143231], [8.99668276235801,0.00567831007270959,108.934973446325], [5.44243642102551,20.8246863195838,309.063135162898]]</sensors>
<obstacles>[[2.76037256699055, 1.15758076217026], [1.30773875140585, 0.108309439849108], [0.021158050512895, 2.73005479294807], [3.19280946906656, 2.95508690318093], [0.634071612730622, 4.10591480601579], [6.34811624977738, 4.51040139840916], [7.41794468974695, 1.57635584380478]]</obstacles>
<global-best>0.191661410594729</global-best>
</iteration>
<iterations>200</iterations>
<elapsed-time>20344</elapsed-time>
<average-time>0</average-time>
</simulation>