<?xml version="1.0" encoding="UTF-8"?>
<simulation>
<software>charlie-simulation-framework; v1.0.0; Jakob Rieke</software>
<system>Unix; Unix 18.2.0.0; 18.2.0.0</system>
<datetime>6/18/2019 3:37:05 AM</datetime>
<title>Static Sensor Positioning</title>
<meta>Author: Jakob Rieke; Version v1.3.0</meta>
<configuration>
  Zoom = 40
  SizeTeamA = 7
  SizeTeamB = 7
  FieldHeight = 9
  FieldWidth = 6
  PlayerSensorRange = 12
  PlayerSensorFOV = 56.3
  PlayerSize = 0.1555
  # The function used to optimize the problem,
  # possible values are:
  # Simplex, PSO, SPSO-2006, SPSO-2011, PSO-A-IW,
  # PSO-LD-IW, PSO-Chaotic-IW, PSO-LD-IW,
  # Evolution-Strategy, Differential-Evolution,
  # Adaptive-Differential-Evolution
  Optimizer = PSO
  </configuration>
<iteration i="0">
<sensors>[[0.527882034488981,4.33565137842023,213.275752081757], [11.9184559321157,3.54846134188121,100.737990518328], [7.0167197305046,-4.36892009105224,356.959744947793], [12.3870606854521,-3.0865374400688,323.927511908129], [5.71021591746422,7.59567284023702,186.479295248226], [5.87834095517193,6.51453777295258,242.294082450609], [6.3210341840463,-2.40959465141731,228.177792542839]]</sensors>
<obstacles>[[5.58951599663123, 2.19747388735414], [6.18060842016712, 5.29558114288375], [4.9807902071625, 1.1629700884223], [1.84148778836243, 0.732852727174759], [6.35631248331629, 3.81275858078152], [8.59240620816126, 1.19429144868627], [0.119641714263707, 3.40095928078517]]</obstacles>
<global-best>17.1177818884328</global-best>
</iteration>
<iteration i="200">
<sensors>[[6.34704191461088,5.99557125185962,203.88473241088], [7.85249260140235,0.000485688154877499,92.1433078050139], [0.00129397605228113,4.64194616088005,342.391880794907], [0.000227242416862485,2.4327481730573,328.375356323305], [-1.44517534582755,-0.72415355347636,183.610133825841], [27.8337255188729,-2.28980615436806,249.870845494168], [6.41708124347587,3.14056248153366,236.433330957951]]</sensors>
<obstacles>[[5.58951599663123, 2.19747388735414], [6.18060842016712, 5.29558114288375], [4.9807902071625, 1.1629700884223], [1.84148778836243, 0.732852727174759], [6.35631248331629, 3.81275858078152], [8.59240620816126, 1.19429144868627], [0.119641714263707, 3.40095928078517]]</obstacles>
<global-best>0.330600417865145</global-best>
</iteration>
<iterations>200</iterations>
<elapsed-time>23322</elapsed-time>
<average-time>0</average-time>
</simulation>