<?xml version="1.0" encoding="UTF-8"?>
<simulation>
<software>charlie-simulation-framework; v1.0.0; Jakob Rieke</software>
<system>Unix; Unix 18.2.0.0; 18.2.0.0</system>
<datetime>6/18/2019 1:04:31 AM</datetime>
<title>Static Sensor Positioning</title>
<meta>Author: Jakob Rieke; Version v1.3.0</meta>
<configuration>
  Zoom = 40
  SizeTeamA = 7
  SizeTeamB = 7
  FieldHeight = 9
  FieldWidth = 6
  PlayerSensorRange = 12
  PlayerSensorFOV = 56.3
  PlayerSize = 0.1555
  # The function used to optimize the problem,
  # possible values are:
  # Simplex, PSO, SPSO-2006, SPSO-2011, PSO-A-IW,
  # PSO-LD-IW, PSO-Chaotic-IW, PSO-LD-IW,
  # Evolution-Strategy, Differential-Evolution,
  # Adaptive-Differential-Evolution
  Optimizer = PSO
  </configuration>
<iteration i="0">
<sensors>[[4.02035565247097,4.78066803760744,123.985139509214], [-1.07161813006474,3.04075528164617,95.6678734342311], [4.09791540371519,4.75115744333297,43.3694847111405], [5.17508968610739,6.20171552173478,52.8242289428766], [5.45125022553789,-3.38346254627941,294.477128030542], [5.06103782191743,3.432926803809,68.2382184063381], [2.65340044755957,1.77497025520873,150.249680151173]]</sensors>
<obstacles>[[5.6520367464982, 3.22686386620626], [6.9358151005581, 2.32644808944315], [0.214289091993123, 0.459860898088664], [4.43078709463589, 4.64588729850948], [6.57481209444813, 4.59811079828069], [7.13443767162971, 5.08047445071861], [1.94254972133785, 1.82138489512727]]</obstacles>
<global-best>16.5570499004574</global-best>
</iteration>
<iteration i="200">
<sensors>[[2.78188611227546,-675.703772442839,119.333392093296], [30.2218910556053,4.71199900807047,86.2270656011641], [3.87465554031217,9.22926464837031E-05,30.5864635489547], [1.83795631485839,0.916250151417699,45.2735433702984], [0.000520961169346138,5.99803769551643,298.144398444602], [2.85319873644946,2.8929066862358,65.4859879890893], [8.1934962122686,0.0259233091006668,150.132820979721]]</sensors>
<obstacles>[[5.6520367464982, 3.22686386620626], [6.9358151005581, 2.32644808944315], [0.214289091993123, 0.459860898088664], [4.43078709463589, 4.64588729850948], [6.57481209444813, 4.59811079828069], [7.13443767162971, 5.08047445071861], [1.94254972133785, 1.82138489512727]]</obstacles>
<global-best>1.29239246245874</global-best>
</iteration>
<iterations>200</iterations>
<elapsed-time>17004</elapsed-time>
<average-time>0</average-time>
</simulation>