<?xml version="1.0" encoding="UTF-8"?>
<simulation>
<software>charlie-simulation-framework; v1.0.0; Jakob Rieke</software>
<system>Unix; Unix 18.2.0.0; 18.2.0.0</system>
<datetime>6/18/2019 1:06:45 AM</datetime>
<title>Static Sensor Positioning</title>
<meta>Author: Jakob Rieke; Version v1.3.0</meta>
<configuration>
  Zoom = 40
  SizeTeamA = 7
  SizeTeamB = 7
  FieldHeight = 9
  FieldWidth = 6
  PlayerSensorRange = 12
  PlayerSensorFOV = 56.3
  PlayerSize = 0.1555
  # The function used to optimize the problem,
  # possible values are:
  # Simplex, PSO, SPSO-2006, SPSO-2011, PSO-A-IW,
  # PSO-LD-IW, PSO-Chaotic-IW, PSO-LD-IW,
  # Evolution-Strategy, Differential-Evolution,
  # Adaptive-Differential-Evolution
  Optimizer = PSO
  </configuration>
<iteration i="0">
<sensors>[[7.55430351569589,1.97655384499172,178.471938304452], [3.51332922026162,0.330279316997174,315.236945472697], [5.72516848280792,1.42049428014653,141.13954843036], [8.77728922791779,-3.73319570565003,227.189220575163], [9.66016384056692,7.95284178613894,54.6974815116819], [10.8916859851644,-3.84034715474775,341.783852635974], [-1.83925412616511,-0.790811196274191,94.2360382328283]]</sensors>
<obstacles>[[5.63598262541927, 0.40093867527321], [5.2535837427713, 5.05919449450448], [0.895390165736899, 4.29819493414834], [8.61574304429814, 3.99399314308539], [7.54868120653555, 5.54251889325678], [2.83987379120663, 4.56230533495545], [4.7302758875303, 4.25069954618812]]</obstacles>
<global-best>12.3410859524641</global-best>
</iteration>
<iteration i="200">
<sensors>[[8.74414090236414,3.25262104564569,186.474355210808], [0.00640366301999361,5.72652830997023,322.83678248196], [8.45736976460082,0.00465310541447678,160.938012446594], [6.62777038502656,5.98816104623757,203.997905630259], [0.0163858900207447,0.0293068491320479,20.7309505772065], [9.45916271302374,0.906495672757511,335.490042713687], [8.98419053659191,1.04691104292692,116.87291646405]]</sensors>
<obstacles>[[5.63598262541927, 0.40093867527321], [5.2535837427713, 5.05919449450448], [0.895390165736899, 4.29819493414834], [8.61574304429814, 3.99399314308539], [7.54868120653555, 5.54251889325678], [2.83987379120663, 4.56230533495545], [4.7302758875303, 4.25069954618812]]</obstacles>
<global-best>0.20875063252745</global-best>
</iteration>
<iterations>200</iterations>
<elapsed-time>22870</elapsed-time>
<average-time>0</average-time>
</simulation>