<?xml version="1.0" encoding="UTF-8"?>
<simulation>
<software>charlie-simulation-framework; v1.0.0; Jakob Rieke</software>
<system>Unix; Unix 18.2.0.0; 18.2.0.0</system>
<datetime>6/18/2019 6:31:33 AM</datetime>
<title>Static Sensor Positioning</title>
<meta>Author: Jakob Rieke; Version v1.3.0</meta>
<configuration>
  Zoom = 40
  SizeTeamA = 7
  SizeTeamB = 7
  FieldHeight = 9
  FieldWidth = 6
  PlayerSensorRange = 12
  PlayerSensorFOV = 56.3
  PlayerSize = 0.1555
  # The function used to optimize the problem,
  # possible values are:
  # Simplex, PSO, SPSO-2006, SPSO-2011, PSO-A-IW,
  # PSO-LD-IW, PSO-Chaotic-IW, PSO-LD-IW,
  # Evolution-Strategy, Differential-Evolution,
  # Adaptive-Differential-Evolution
  Optimizer = PSO
  </configuration>
<iteration i="0">
<sensors>[[-0.159902304470219,8.86460215795735,324.269045431991], [9.22167101723169,3.65427127219927,220.942487069084], [4.49257510879772,5.27026183076352,214.304834667105], [4.36781674048019,5.49997581837032,50.5699487000354], [8.50746303748221,4.99038895746491,78.5597162059716], [7.83870892234356,-1.50814880074072,217.730991701028], [2.08958830551328,-3.31874435888315,326.599943324815]]</sensors>
<obstacles>[[7.17250177357346, 4.93779181921855], [5.77435958641581, 2.04653275804594], [5.07391825807281, 2.44681862415746], [8.87477885722183, 2.27344222879037], [4.41798191238195, 1.85809328500181], [7.82312135654502, 1.15607054717839], [7.81945844180882, 4.4051980599761]]</obstacles>
<global-best>13.9705160124301</global-best>
</iteration>
<iteration i="200">
<sensors>[[0.0154909320133112,5.03172065359203,341.057020403645], [8.64540025569956,5.9169050814635,250.797285100321], [6.05159649607584,5.9943121581412,204.886815248982], [3.64236708136922,1.96838660208934E-05,48.7525043676835], [6.13634080878893,0.00894194905371785,75.9983038268269], [9.24605611083736,1.65906700057343,222.302994135937], [0.00452611373078633,2.36076379347975,329.149532349219]]</sensors>
<obstacles>[[7.17250177357346, 4.93779181921855], [5.77435958641581, 2.04653275804594], [5.07391825807281, 2.44681862415746], [8.87477885722183, 2.27344222879037], [4.41798191238195, 1.85809328500181], [7.82312135654502, 1.15607054717839], [7.81945844180882, 4.4051980599761]]</obstacles>
<global-best>0.139924632395664</global-best>
</iteration>
<iterations>200</iterations>
<elapsed-time>22242</elapsed-time>
<average-time>0</average-time>
</simulation>