<?xml version="1.0" encoding="UTF-8"?>
<simulation>
<software>charlie-simulation-framework; v1.0.0; Jakob Rieke</software>
<system>Unix; Unix 18.2.0.0; 18.2.0.0</system>
<datetime>6/18/2019 4:11:22 AM</datetime>
<title>Static Sensor Positioning</title>
<meta>Author: Jakob Rieke; Version v1.3.0</meta>
<configuration>
  Zoom = 40
  SizeTeamA = 7
  SizeTeamB = 7
  FieldHeight = 9
  FieldWidth = 6
  PlayerSensorRange = 12
  PlayerSensorFOV = 56.3
  PlayerSize = 0.1555
  # The function used to optimize the problem,
  # possible values are:
  # Simplex, PSO, SPSO-2006, SPSO-2011, PSO-A-IW,
  # PSO-LD-IW, PSO-Chaotic-IW, PSO-LD-IW,
  # Evolution-Strategy, Differential-Evolution,
  # Adaptive-Differential-Evolution
  Optimizer = PSO
  </configuration>
<iteration i="0">
<sensors>[[5.20294226093994,6.59222401285279,277.002495538639], [-1.60817525463763,0.432872306171246,10.7199859348308], [1.96672146726983,-0.952820028805089,148.674688630705], [2.65630691156066,4.3757718696301,124.047379537161], [0.983386261327317,3.05020683544103,281.09843663637], [9.95657799855879,3.85141420995383,49.6540718675573], [0.573917037592865,4.47201376579081,240.117883802577]]</sensors>
<obstacles>[[7.86223975522444, 4.91907459357753], [2.49326494778506, 3.80856630345806], [8.82676168950275, 0.619172876235098], [8.22765035158955, 1.37344725290313], [2.48611445305869, 0.368990087416023], [8.94169385964051, 5.95435549831018], [8.51250156294554, 2.69207789003849]]</obstacles>
<global-best>17.5639732790568</global-best>
</iteration>
<iteration i="200">
<sensors>[[-5.96712277638023,-156.93739626198,642.283730864569], [0.010337452876625,1.10745555165468,1.80674874188471], [-13.8867118846815,46.2412240981817,153.097073764832], [3.59139105126747,0.00778283880822415,130.811292047713], [8.98218783594448,5.64569958121881,241.847128425838], [13.5428032439357,-9.51725866817418,26.0496340357959], [8.49915364020188,5.98712148756381,205.505139080563]]</sensors>
<obstacles>[[7.86223975522444, 4.91907459357753], [2.49326494778506, 3.80856630345806], [8.82676168950275, 0.619172876235098], [8.22765035158955, 1.37344725290313], [2.48611445305869, 0.368990087416023], [8.94169385964051, 5.95435549831018], [8.51250156294554, 2.69207789003849]]</obstacles>
<global-best>0.423308320142112</global-best>
</iteration>
<iterations>200</iterations>
<elapsed-time>12785</elapsed-time>
<average-time>0</average-time>
</simulation>