<?xml version="1.0" encoding="UTF-8"?>
<simulation>
<software>charlie-simulation-framework; v1.0.0; Jakob Rieke</software>
<system>Unix; Unix 18.2.0.0; 18.2.0.0</system>
<datetime>6/18/2019 1:07:35 AM</datetime>
<title>Static Sensor Positioning</title>
<meta>Author: Jakob Rieke; Version v1.3.0</meta>
<configuration>
  Zoom = 40
  SizeTeamA = 7
  SizeTeamB = 7
  FieldHeight = 9
  FieldWidth = 6
  PlayerSensorRange = 12
  PlayerSensorFOV = 56.3
  PlayerSize = 0.1555
  # The function used to optimize the problem,
  # possible values are:
  # Simplex, PSO, SPSO-2006, SPSO-2011, PSO-A-IW,
  # PSO-LD-IW, PSO-Chaotic-IW, PSO-LD-IW,
  # Evolution-Strategy, Differential-Evolution,
  # Adaptive-Differential-Evolution
  Optimizer = PSO
  </configuration>
<iteration i="0">
<sensors>[[3.97879901804478,9.00740280177233,313.726067385773], [7.12890472642551,9.19511688649453,143.486507576747], [7.60514511625103,4.23317320374167,323.287518970225], [1.89820816990905,-4.89679389864077,101.569969411129], [4.55825706243396,-2.56039561128477,264.303500297437], [9.66519771881579,-0.737415418731044,126.922942049403], [2.5234260959567,2.87243539495566,326.451052029513]]</sensors>
<obstacles>[[2.30930513748899, 3.13575422717258], [8.9779747556895, 4.69747749483213], [7.66658396506682, 5.75580195290968], [5.17895696824417, 3.15590476663783], [1.0703660196159, 4.13944065291435], [2.57134401029907, 0.286552502308041], [5.41930584982038, 2.94911644980311]]</obstacles>
<global-best>14.1384769930223</global-best>
</iteration>
<iteration i="200">
<sensors>[[0.00256833585245468,0.927878444104609,322.435170354632], [4.98716321048574,0.0139638709456535,152.239282651483], [0.0139539841328546,4.83344903130128,331.325107088484], [6.15607873060277,-5.23978535099095,108.015721800021], [-31.0896854994416,12.1399169900589,277.682411648292], [8.99928259756313,0.0719172489857354,123.837693230458], [0.00500855369193993,5.97196576107314,332.707867042852]]</sensors>
<obstacles>[[2.30930513748899, 3.13575422717258], [8.9779747556895, 4.69747749483213], [7.66658396506682, 5.75580195290968], [5.17895696824417, 3.15590476663783], [1.0703660196159, 4.13944065291435], [2.57134401029907, 0.286552502308041], [5.41930584982038, 2.94911644980311]]</obstacles>
<global-best>0.496529373356395</global-best>
</iteration>
<iterations>200</iterations>
<elapsed-time>18373</elapsed-time>
<average-time>0</average-time>
</simulation>