<?xml version="1.0" encoding="UTF-8"?>
<simulation>
<software>charlie-simulation-framework; v1.0.0; Jakob Rieke</software>
<system>Unix; Unix 18.2.0.0; 18.2.0.0</system>
<datetime>6/18/2019 1:03:18 AM</datetime>
<title>Static Sensor Positioning</title>
<meta>Author: Jakob Rieke; Version v1.3.0</meta>
<configuration>
  Zoom = 40
  SizeTeamA = 7
  SizeTeamB = 7
  FieldHeight = 9
  FieldWidth = 6
  PlayerSensorRange = 12
  PlayerSensorFOV = 56.3
  PlayerSize = 0.1555
  # The function used to optimize the problem,
  # possible values are:
  # Simplex, PSO, SPSO-2006, SPSO-2011, PSO-A-IW,
  # PSO-LD-IW, PSO-Chaotic-IW, PSO-LD-IW,
  # Evolution-Strategy, Differential-Evolution,
  # Adaptive-Differential-Evolution
  Optimizer = PSO
  </configuration>
<iteration i="0">
<sensors>[[3.37539251004582,3.89305190226367,75.5823350280994], [6.32864483615167,-2.19570247807476,157.585385179133], [-2.55124056802046,3.9501627748838,65.5107360600029], [5.83356731614372,0.748651061602914,109.598727162432], [4.59001325343485,5.59884738665984,305.88540362177], [11.4077750507927,4.4196033411234,104.90677373776], [4.28170120335565,8.36177086832118,143.922556921787]]</sensors>
<obstacles>[[8.82137591438368, 0.233370011206716], [8.63098838925362, 1.27437908900902], [8.84863709681667, 4.09435176523402], [6.07215386233293, 1.2096986300312], [0.677831081673503, 0.24862612131983], [2.61664969101548, 4.24041935289279], [5.78429719177075, 1.38457241468132]]</obstacles>
<global-best>14.2960410397101</global-best>
</iteration>
<iteration i="200">
<sensors>[[6.57052926132462,0.00202271796594232,79.5859960157395], [8.97504859727888,2.56569264316147,169.856006693059], [0.932040054126288,0.0585661203627785,10.0755701589225], [8.95191284921246,33.6270357402899,103.053593875553], [2.83887521385389,5.9942043725222,301.830981888357], [3.26251076748857,0.00159146031446427,101.394429606575], [1.27235104573792,-33.7667835861416,127.471817954406]]</sensors>
<obstacles>[[8.82137591438368, 0.233370011206716], [8.63098838925362, 1.27437908900902], [8.84863709681667, 4.09435176523402], [6.07215386233293, 1.2096986300312], [0.677831081673503, 0.24862612131983], [2.61664969101548, 4.24041935289279], [5.78429719177075, 1.38457241468132]]</obstacles>
<global-best>0.711629747863797</global-best>
</iteration>
<iterations>200</iterations>
<elapsed-time>15639</elapsed-time>
<average-time>0</average-time>
</simulation>