<?xml version="1.0" encoding="UTF-8"?>
<simulation>
<software>charlie-simulation-framework; v1.0.0; Jakob Rieke</software>
<system>Unix; Unix 18.2.0.0; 18.2.0.0</system>
<datetime>6/18/2019 1:06:07 AM</datetime>
<title>Static Sensor Positioning</title>
<meta>Author: Jakob Rieke; Version v1.3.0</meta>
<configuration>
  Zoom = 40
  SizeTeamA = 7
  SizeTeamB = 7
  FieldHeight = 9
  FieldWidth = 6
  PlayerSensorRange = 12
  PlayerSensorFOV = 56.3
  PlayerSize = 0.1555
  # The function used to optimize the problem,
  # possible values are:
  # Simplex, PSO, SPSO-2006, SPSO-2011, PSO-A-IW,
  # PSO-LD-IW, PSO-Chaotic-IW, PSO-LD-IW,
  # Evolution-Strategy, Differential-Evolution,
  # Adaptive-Differential-Evolution
  Optimizer = PSO
  </configuration>
<iteration i="0">
<sensors>[[7.07119522828246,0.946640153631226,354.879526828433], [4.29592581181126,5.05486204597632,116.989781323821], [3.45805740191166,6.49748990879912,45.8152924331946], [1.71117831478373,0.32413081397659,41.3271889396521], [8.4191721239735,5.42014322873739,334.256503436357], [8.4437105768292,-0.341497309610197,236.618916365727], [3.37592944161934,5.31825695936738,79.0128467603669]]</sensors>
<obstacles>[[1.68852361477911, 1.48191913962364], [4.85970609099604, 2.6469034650363], [3.0383519672323, 0.624929183162749], [3.60194905358367, 4.13425469538197], [1.66392713785172, 0.991903632413596], [5.69796289550141, 1.38454875396565], [3.11488299071789, 4.4470139038749]]</obstacles>
<global-best>12.6651590285458</global-best>
</iteration>
<iteration i="200">
<sensors>[[0.00883657744990102,2.47011954096299,361.253981742214], [4.15385445413144,0.690550137300829,130.183178032464], [0.000135396794734038,0.000960905165761306,28.0924331442909], [11.1067982363456,-2.12311881678696,34.7211618686827], [-5.93920055115004,-9.35659115006624,293.766770887102], [8.98653264343764,5.99963357018786,225.60576961315], [8.99766655162652,0.360433394857289,128.870617247844]]</sensors>
<obstacles>[[1.68852361477911, 1.48191913962364], [4.85970609099604, 2.6469034650363], [3.0383519672323, 0.624929183162749], [3.60194905358367, 4.13425469538197], [1.66392713785172, 0.991903632413596], [5.69796289550141, 1.38454875396565], [3.11488299071789, 4.4470139038749]]</obstacles>
<global-best>0.368758498653664</global-best>
</iteration>
<iterations>200</iterations>
<elapsed-time>22035</elapsed-time>
<average-time>0</average-time>
</simulation>