<?xml version="1.0" encoding="UTF-8"?>
<simulation>
<software>charlie-simulation-framework; v1.0.0; Jakob Rieke</software>
<system>Unix; Unix 18.2.0.0; 18.2.0.0</system>
<datetime>6/18/2019 1:05:15 AM</datetime>
<title>Static Sensor Positioning</title>
<meta>Author: Jakob Rieke; Version v1.3.0</meta>
<configuration>
  Zoom = 40
  SizeTeamA = 7
  SizeTeamB = 7
  FieldHeight = 9
  FieldWidth = 6
  PlayerSensorRange = 12
  PlayerSensorFOV = 56.3
  PlayerSize = 0.1555
  # The function used to optimize the problem,
  # possible values are:
  # Simplex, PSO, SPSO-2006, SPSO-2011, PSO-A-IW,
  # PSO-LD-IW, PSO-Chaotic-IW, PSO-LD-IW,
  # Evolution-Strategy, Differential-Evolution,
  # Adaptive-Differential-Evolution
  Optimizer = PSO
  </configuration>
<iteration i="0">
<sensors>[[5.2926755883466,3.88474385359525,239.691297770088], [8.14907832512929,9.77272995909581,183.35432296756], [8.60743409497755,-3.76364427501924,347.648807547086], [2.96976330730767,3.94515094779678,217.77629436632], [-0.120122744259924,6.64738931142076,77.0313904217426], [-1.71857746839567,4.96038910900691,339.611096352767], [-1.24989409467385,1.28816840238354,219.582646040947]]</sensors>
<obstacles>[[7.82326623145491, 2.58811529539526], [8.02504253969528, 1.98164212703705], [2.2729961599689, 5.77339391224086], [2.80802403227426, 0.779857727698982], [8.4093803493306, 4.57614128664136], [6.96438447386026, 0.657130979932845], [6.50989245646633, 0.73460993450135]]</obstacles>
<global-best>13.2938265917406</global-best>
</iteration>
<iteration i="200">
<sensors>[[8.98466583782397,5.5295862437668,238.580146878428], [8.99934551661534,3.46796199029414,180.599550927453], [0.0823134481843581,0.000123995944310282,387.628071000151], [44.3893410724382,10.1520530672032,217.391638313765], [-202.425356008686,-2.43604145224185,61.8791036112555], [0.00282878519039017,5.79451371935182,348.224920634897], [146.46539625055,-0.240723589862326,198.616862828016]]</sensors>
<obstacles>[[7.82326623145491, 2.58811529539526], [8.02504253969528, 1.98164212703705], [2.2729961599689, 5.77339391224086], [2.80802403227426, 0.779857727698982], [8.4093803493306, 4.57614128664136], [6.96438447386026, 0.657130979932845], [6.50989245646633, 0.73460993450135]]</obstacles>
<global-best>0.305176288017391</global-best>
</iteration>
<iterations>200</iterations>
<elapsed-time>16172</elapsed-time>
<average-time>0</average-time>
</simulation>