<?xml version="1.0" encoding="UTF-8"?>
<simulation>
<software>charlie-simulation-framework; v1.0.0; Jakob Rieke</software>
<system>Unix; Unix 18.2.0.0; 18.2.0.0</system>
<datetime>6/18/2019 1:09:08 AM</datetime>
<title>Static Sensor Positioning</title>
<meta>Author: Jakob Rieke; Version v1.3.0</meta>
<configuration>
  Zoom = 40
  SizeTeamA = 7
  SizeTeamB = 7
  FieldHeight = 9
  FieldWidth = 6
  PlayerSensorRange = 12
  PlayerSensorFOV = 56.3
  PlayerSize = 0.1555
  # The function used to optimize the problem,
  # possible values are:
  # Simplex, PSO, SPSO-2006, SPSO-2011, PSO-A-IW,
  # PSO-LD-IW, PSO-Chaotic-IW, PSO-LD-IW,
  # Evolution-Strategy, Differential-Evolution,
  # Adaptive-Differential-Evolution
  Optimizer = PSO
  </configuration>
<iteration i="0">
<sensors>[[5.34962767739389,3.6111951683008,256.217980940683], [3.03973191613994,2.62305284488807,122.549061873111], [13.1644416548592,4.71246435311205,164.796655666044], [-0.492736455848318,-3.5809575349393,114.556502111706], [2.81184028007776,4.90118882823797,54.2385946020062], [9.93769526061206,5.09050134122563,0.374507176043802], [6.43601654543566,-2.47529713027256,256.286106731092]]</sensors>
<obstacles>[[4.01432336121798, 1.7269554650411], [2.49085420765914, 0.108615580480546], [2.49176115263253, 0.770798886660486], [7.60926427831873, 5.435489194002], [1.02690151822753, 3.4018436819315], [0.931453142780811, 5.46141252061352], [7.6365664775949, 3.59426448075101]]</obstacles>
<global-best>13.0575572329861</global-best>
</iteration>
<iteration i="200">
<sensors>[[8.99927740794653,5.92983806661271,254.385266199114], [8.03498928759872,1.50158662931526,166.082890068665], [8.00050771677672,0.0230362934881392,170.752732241794], [0.347996619999134,0.00676666944426775,109.05712245089], [0.00283651100470026,0.0195207329240995,50.8269863115491], [0.0148406042767327,1.36768770275402,-12.0052400831243], [9.89994445972061,0.575667394326642,238.969119764658]]</sensors>
<obstacles>[[4.01432336121798, 1.7269554650411], [2.49085420765914, 0.108615580480546], [2.49176115263253, 0.770798886660486], [7.60926427831873, 5.435489194002], [1.02690151822753, 3.4018436819315], [0.931453142780811, 5.46141252061352], [7.6365664775949, 3.59426448075101]]</obstacles>
<global-best>0.477696539160144</global-best>
</iteration>
<iterations>200</iterations>
<elapsed-time>24686</elapsed-time>
<average-time>0</average-time>
</simulation>