<?xml version="1.0" encoding="UTF-8"?>
<simulation>
<software>charlie-simulation-framework; v1.0.0; Jakob Rieke</software>
<system>Unix; Unix 18.2.0.0; 18.2.0.0</system>
<datetime>6/18/2019 2:18:41 AM</datetime>
<title>Static Sensor Positioning</title>
<meta>Author: Jakob Rieke; Version v1.3.0</meta>
<configuration>
  Zoom = 40
  SizeTeamA = 7
  SizeTeamB = 7
  FieldHeight = 9
  FieldWidth = 6
  PlayerSensorRange = 12
  PlayerSensorFOV = 56.3
  PlayerSize = 0.1555
  # The function used to optimize the problem,
  # possible values are:
  # Simplex, PSO, SPSO-2006, SPSO-2011, PSO-A-IW,
  # PSO-LD-IW, PSO-Chaotic-IW, PSO-LD-IW,
  # Evolution-Strategy, Differential-Evolution,
  # Adaptive-Differential-Evolution
  Optimizer = PSO
  </configuration>
<iteration i="0">
<sensors>[[2.63503566163529,5.55090203408906,276.966837021041], [1.10402596882862,6.28937775991335,53.1903317501494], [5.44856183309446,7.08154961032187,71.4467578422528], [-3.91408165024545,6.4028866681646,330.117948969272], [3.80330950043512,6.13307387103691,324.762687439002], [4.95933743935715,3.13453114680454,251.705347815457], [2.60913376334759,3.18945547648751,1.37899157936313]]</sensors>
<obstacles>[[6.59409822081216, 0.0473859845660627], [5.46994716720656, 5.30946067208424], [2.6160767795518, 0.255404597148299], [2.22294704290107, 0.891085695941001], [6.12627906119451, 0.142546012066305], [4.07840187521651, 2.18199675902724], [2.61424545943737, 0.826005547307432]]</obstacles>
<global-best>11.6379335633389</global-best>
</iteration>
<iteration i="200">
<sensors>[[0.313982599262477,5.9984862834159,274.00469234556], [0.0765168348404036,0.0049490230366002,59.7473088786636], [1.27156249542277,43.3638130093342,68.5256035322555], [0.0022379529537312,2.02762087889154,344.060185598356], [33.7318597448468,22.1731242560465,335.719597167258], [5.27794450593005,5.99711349036122,241.775702959986], [0.000185186579404853,4.62856398221729,-7.40430878058657]]</sensors>
<obstacles>[[6.59409822081216, 0.0473859845660627], [5.46994716720656, 5.30946067208424], [2.6160767795518, 0.255404597148299], [2.22294704290107, 0.891085695941001], [6.12627906119451, 0.142546012066305], [4.07840187521651, 2.18199675902724], [2.61424545943737, 0.826005547307432]]</obstacles>
<global-best>0.587504080711994</global-best>
</iteration>
<iterations>200</iterations>
<elapsed-time>20645</elapsed-time>
<average-time>0</average-time>
</simulation>