<?xml version="1.0" encoding="UTF-8"?>
<simulation>
<software>charlie-simulation-framework; v1.0.0; Jakob Rieke</software>
<system>Unix; Unix 18.2.0.0; 18.2.0.0</system>
<datetime>6/18/2019 6:31:09 AM</datetime>
<title>Static Sensor Positioning</title>
<meta>Author: Jakob Rieke; Version v1.3.0</meta>
<configuration>
  Zoom = 40
  SizeTeamA = 7
  SizeTeamB = 7
  FieldHeight = 9
  FieldWidth = 6
  PlayerSensorRange = 12
  PlayerSensorFOV = 56.3
  PlayerSize = 0.1555
  # The function used to optimize the problem,
  # possible values are:
  # Simplex, PSO, SPSO-2006, SPSO-2011, PSO-A-IW,
  # PSO-LD-IW, PSO-Chaotic-IW, PSO-LD-IW,
  # Evolution-Strategy, Differential-Evolution,
  # Adaptive-Differential-Evolution
  Optimizer = PSO
  </configuration>
<iteration i="0">
<sensors>[[0.0361515040118308,-1.46969839035886,6.13044532646858], [0.985960898402553,6.82644374345254,34.4682520055821], [1.2867440741377,3.23869476575426,155.761734232863], [2.79341786045969,-0.206920344464509,296.67985300852], [2.97665736066743,6.80622891291451,14.2226431367943], [0.142203372457951,-2.33330858350568,294.403342024731], [7.38383143247139,-0.257278232034174,83.1066117563097]]</sensors>
<obstacles>[[3.74741005757824, 0.273132316768169], [5.71644634776749, 5.70624793600291], [7.62487624981441, 4.18302453914657], [4.73395693441853, 2.23919934779406], [2.21850903471932, 2.22492560790852], [6.09705127053894, 0.187693701591343], [2.4123101758305, 3.53646893939003]]</obstacles>
<global-best>9.49985529642889</global-best>
</iteration>
<iteration i="200">
<sensors>[[0.00920523639430226,4.33530417703087,2.89380682669587], [2.39719962833089,0.00465259015437958,31.8239137188012], [8.99806064663832,0.834230421671589,168.589766409817], [0.00684670671121017,4.79461066765293,302.048454477853], [2.39089839478594,1.54649096775753,12.0182468709424], [0.996040973903811,5.99839928062488,264.694858359581], [5.37707325353972,7.3197364766752,100.783089281633]]</sensors>
<obstacles>[[3.74741005757824, 0.273132316768169], [5.71644634776749, 5.70624793600291], [7.62487624981441, 4.18302453914657], [4.73395693441853, 2.23919934779406], [2.21850903471932, 2.22492560790852], [6.09705127053894, 0.187693701591343], [2.4123101758305, 3.53646893939003]]</obstacles>
<global-best>0.262089011059819</global-best>
</iteration>
<iterations>200</iterations>
<elapsed-time>24741</elapsed-time>
<average-time>0</average-time>
</simulation>