<?xml version="1.0" encoding="UTF-8"?>
<simulation>
<software>charlie-simulation-framework; v1.0.0; Jakob Rieke</software>
<system>Unix; Unix 18.2.0.0; 18.2.0.0</system>
<datetime>6/18/2019 3:35:35 AM</datetime>
<title>Static Sensor Positioning</title>
<meta>Author: Jakob Rieke; Version v1.3.0</meta>
<configuration>
  Zoom = 40
  SizeTeamA = 7
  SizeTeamB = 7
  FieldHeight = 9
  FieldWidth = 6
  PlayerSensorRange = 12
  PlayerSensorFOV = 56.3
  PlayerSize = 0.1555
  # The function used to optimize the problem,
  # possible values are:
  # Simplex, PSO, SPSO-2006, SPSO-2011, PSO-A-IW,
  # PSO-LD-IW, PSO-Chaotic-IW, PSO-LD-IW,
  # Evolution-Strategy, Differential-Evolution,
  # Adaptive-Differential-Evolution
  Optimizer = PSO
  </configuration>
<iteration i="0">
<sensors>[[4.81047591366791,4.17389123613729,20.8502413330449], [2.25379621139916,-0.219388090103286,82.6170264840159], [4.62819901276114,0.410143774594181,27.0841632707738], [2.43416027273269,5.45128748866303,253.739110284398], [7.94333543433932,0.888040202196184,277.375817982428], [7.53825197160246,2.25184200328889,303.081341911094], [12.0536356572411,0.169237990560791,238.739971302702]]</sensors>
<obstacles>[[0.886692939558998, 2.45141232339665], [2.66268648742698, 5.37665539467707], [7.14339090208523, 5.49105981504545], [7.26206357195042, 0.630466162227094], [4.30557115282863, 5.99657804053277], [2.59009975916706, 0.479834977537394], [8.1343485773541, 3.99546782718971]]</obstacles>
<global-best>14.4383970116299</global-best>
</iteration>
<iteration i="200">
<sensors>[[0.0230798266201303,0.978845003382697,20.0313390503595], [8.97223977193683,3.04793175732573,96.5448952915838], [0.0236718172799073,2.01024860586898,65.0062676700726], [9.27769853739114,14.8067828179283,268.266476674976], [7.61272456505081,258.360353169007,180.539488115626], [0.0184707308689805,5.97947636190992,301.077251419412], [8.99472861671727,5.95993261602888,229.717125266363]]</sensors>
<obstacles>[[0.886692939558998, 2.45141232339665], [2.66268648742698, 5.37665539467707], [7.14339090208523, 5.49105981504545], [7.26206357195042, 0.630466162227094], [4.30557115282863, 5.99657804053277], [2.59009975916706, 0.479834977537394], [8.1343485773541, 3.99546782718971]]</obstacles>
<global-best>0.499400225822003</global-best>
</iteration>
<iterations>200</iterations>
<elapsed-time>16801</elapsed-time>
<average-time>0</average-time>
</simulation>