<?xml version="1.0" encoding="UTF-8"?>
<simulation>
<software>charlie-simulation-framework; v1.0.0; Jakob Rieke</software>
<system>Unix; Unix 18.2.0.0; 18.2.0.0</system>
<datetime>6/18/2019 6:33:02 AM</datetime>
<title>Static Sensor Positioning</title>
<meta>Author: Jakob Rieke; Version v1.3.0</meta>
<configuration>
  Zoom = 40
  SizeTeamA = 7
  SizeTeamB = 7
  FieldHeight = 9
  FieldWidth = 6
  PlayerSensorRange = 12
  PlayerSensorFOV = 56.3
  PlayerSize = 0.1555
  # The function used to optimize the problem,
  # possible values are:
  # Simplex, PSO, SPSO-2006, SPSO-2011, PSO-A-IW,
  # PSO-LD-IW, PSO-Chaotic-IW, PSO-LD-IW,
  # Evolution-Strategy, Differential-Evolution,
  # Adaptive-Differential-Evolution
  Optimizer = PSO
  </configuration>
<iteration i="0">
<sensors>[[9.43093519417032,4.7464623678816,63.7537557235199], [10.3795130301822,-1.22076887490853,204.160408261878], [4.09610719247814,8.2427706017574,138.954428606472], [5.25845273804329,6.47913247926812,117.178057359401], [6.7736928513553,5.09902264861461,185.584938754349], [3.4200431640844,1.4394855417179,90.1835194727301], [2.01638513977851,1.76823214433582,340.17545351773]]</sensors>
<obstacles>[[0.379229896701872, 2.0254838350229], [0.378292755922303, 1.05115660373122], [5.83985238522291, 5.01161145837978], [8.29954379168339, 0.00934313284233212], [7.21505640470423, 3.02994764456525], [6.56348765501753, 3.69780178600922], [5.87425672821701, 5.93981210002676]]</obstacles>
<global-best>13.7100335320496</global-best>
</iteration>
<iteration i="200">
<sensors>[[2.36072232786704E-05,0.0340539413314882,75.2758042597027], [7.28810454960414,2.6186165631847,210.041786878699], [5.30915218418262,0.00258277727332616,141.124779275593], [8.99888923007105,1.29690642055776,117.908574683128], [-27.4368754308702,0.971349421387006,204.3097473225], [0.724992616623115,7.6757285737986,88.5268922246779], [0.000444106969624643,5.37217048911268,344.694583723556]]</sensors>
<obstacles>[[0.379229896701872, 2.0254838350229], [0.378292755922303, 1.05115660373122], [5.83985238522291, 5.01161145837978], [8.29954379168339, 0.00934313284233212], [7.21505640470423, 3.02994764456525], [6.56348765501753, 3.69780178600922], [5.87425672821701, 5.93981210002676]]</obstacles>
<global-best>0.229478893536809</global-best>
</iteration>
<iterations>200</iterations>
<elapsed-time>16137</elapsed-time>
<average-time>0</average-time>
</simulation>