<?xml version="1.0" encoding="UTF-8"?>
<simulation>
<software>charlie-simulation-framework; v1.0.0; Jakob Rieke</software>
<system>Unix; Unix 18.2.0.0; 18.2.0.0</system>
<datetime>6/18/2019 1:03:34 AM</datetime>
<title>Static Sensor Positioning</title>
<meta>Author: Jakob Rieke; Version v1.3.0</meta>
<configuration>
  Zoom = 40
  SizeTeamA = 7
  SizeTeamB = 7
  FieldHeight = 9
  FieldWidth = 6
  PlayerSensorRange = 12
  PlayerSensorFOV = 56.3
  PlayerSize = 0.1555
  # The function used to optimize the problem,
  # possible values are:
  # Simplex, PSO, SPSO-2006, SPSO-2011, PSO-A-IW,
  # PSO-LD-IW, PSO-Chaotic-IW, PSO-LD-IW,
  # Evolution-Strategy, Differential-Evolution,
  # Adaptive-Differential-Evolution
  Optimizer = PSO
  </configuration>
<iteration i="0">
<sensors>[[0.540505221339557,4.90153830375541,76.5827330341083], [4.29188727683586,1.31914589186686,181.949252376533], [5.18458878405179,3.08244440307987,291.298848768611], [4.58856524083487,5.02637284979547,274.490673572115], [8.3177360981438,2.25411029038495,345.752842560237], [10.8322191669487,-1.14900804601122,93.4498990307749], [6.02660672974411,-0.601044337911597,349.22556959718]]</sensors>
<obstacles>[[8.40172998514026, 2.32816821802408], [3.4888622474391, 5.98397124465555], [6.41083304816857, 3.24861737480387], [6.15181158506311, 1.09908046061173], [1.4574540972244, 2.63726962963119], [0.616187347099185, 5.77149300975725], [4.29477445478551, 1.55950022349134]]</obstacles>
<global-best>19.0622319882559</global-best>
</iteration>
<iteration i="200">
<sensors>[[157.976302094482,-2.83499792654572,73.2574750328013], [8.56205291877517,4.87842097124243,184.358677704534], [5.17360949333133,5.99678372765653,285.773493151982], [0.0047440099803214,5.99998472703129,298.008272044017], [0.000608012443596384,0.791525065265627,351.193800967918], [8.99301241134053,0.000998142574659635,116.358454243455], [1.0561520540592,4.12309289845707,349.930344998478]]</sensors>
<obstacles>[[8.40172998514026, 2.32816821802408], [3.4888622474391, 5.98397124465555], [6.41083304816857, 3.24861737480387], [6.15181158506311, 1.09908046061173], [1.4574540972244, 2.63726962963119], [0.616187347099185, 5.77149300975725], [4.29477445478551, 1.55950022349134]]</obstacles>
<global-best>0.265769937109411</global-best>
</iteration>
<iterations>200</iterations>
<elapsed-time>20526</elapsed-time>
<average-time>0</average-time>
</simulation>