<?xml version="1.0" encoding="UTF-8"?>
<simulation>
<software>charlie-simulation-framework; v1.0.0; Jakob Rieke</software>
<system>Unix; Unix 18.2.0.0; 18.2.0.0</system>
<datetime>6/18/2019 1:02:39 AM</datetime>
<title>Static Sensor Positioning</title>
<meta>Author: Jakob Rieke; Version v1.3.0</meta>
<configuration>
  Zoom = 40
  SizeTeamA = 7
  SizeTeamB = 7
  FieldHeight = 9
  FieldWidth = 6
  PlayerSensorRange = 12
  PlayerSensorFOV = 56.3
  PlayerSize = 0.1555
  # The function used to optimize the problem,
  # possible values are:
  # Simplex, PSO, SPSO-2006, SPSO-2011, PSO-A-IW,
  # PSO-LD-IW, PSO-Chaotic-IW, PSO-LD-IW,
  # Evolution-Strategy, Differential-Evolution,
  # Adaptive-Differential-Evolution
  Optimizer = PSO
  </configuration>
<iteration i="0">
<sensors>[[-0.921013234661667,-3.61388992860941,141.019902679934], [10.4395140769051,4.57229305929933,182.410576384245], [7.76213970991064,-1.98664162233529,203.548990590298], [5.5085130959221,3.780713362413,187.968465124883], [-3.39997115794317,1.27054755212959,110.15859665511], [5.99217640348964,-1.14195937576356,226.0053936091], [8.13903087526459,3.50622196872742,304.433807747345]]</sensors>
<obstacles>[[6.17465268401429, 3.63533182628453], [7.16290974570438, 1.77632653294131], [3.25431033829227, 3.57547936029732], [3.63484231755137, 3.31965602980927], [5.04626917582937, 5.12977895652875], [0.244353805202991, 5.40571642108262], [5.68315105210058, 5.66686218045652]]</obstacles>
<global-best>14.9836002491714</global-best>
</iteration>
<iteration i="200">
<sensors>[[243.030184677976,13.5162254702446,146.323936808626], [8.99700002896833,2.93814663053772,184.604747982897], [8.96505806886228,5.98323099029981,206.259541412155], [5.35928584997185,5.99887148326683,207.834687810675], [-21.691998053618,39.1969203825975,-73.6757209518543], [8.89798256103792,5.62198672019554,245.799687239915], [1.89240280796301,5.99369435342563,330.700753953937]]</sensors>
<obstacles>[[6.17465268401429, 3.63533182628453], [7.16290974570438, 1.77632653294131], [3.25431033829227, 3.57547936029732], [3.63484231755137, 3.31965602980927], [5.04626917582937, 5.12977895652875], [0.244353805202991, 5.40571642108262], [5.68315105210058, 5.66686218045652]]</obstacles>
<global-best>0.707307391391965</global-best>
</iteration>
<iterations>200</iterations>
<elapsed-time>16402</elapsed-time>
<average-time>0</average-time>
</simulation>