<?xml version="1.0" encoding="UTF-8"?>
<simulation>
<software>charlie-simulation-framework; v1.0.0; Jakob Rieke</software>
<system>Unix; Unix 18.2.0.0; 18.2.0.0</system>
<datetime>6/18/2019 1:05:31 AM</datetime>
<title>Static Sensor Positioning</title>
<meta>Author: Jakob Rieke; Version v1.3.0</meta>
<configuration>
  Zoom = 40
  SizeTeamA = 7
  SizeTeamB = 7
  FieldHeight = 9
  FieldWidth = 6
  PlayerSensorRange = 12
  PlayerSensorFOV = 56.3
  PlayerSize = 0.1555
  # The function used to optimize the problem,
  # possible values are:
  # Simplex, PSO, SPSO-2006, SPSO-2011, PSO-A-IW,
  # PSO-LD-IW, PSO-Chaotic-IW, PSO-LD-IW,
  # Evolution-Strategy, Differential-Evolution,
  # Adaptive-Differential-Evolution
  Optimizer = PSO
  </configuration>
<iteration i="0">
<sensors>[[7.67911416275048,4.91065352106379,321.793858627352], [-0.12360377863777,2.05359072848064,306.390991597707], [7.06168884608208,-2.09294909968558,329.729957249298], [10.9149958543241,0.766627269625847,262.903685609249], [2.00078133247875,3.4041060779991,113.889937746431], [11.1354411532057,0.285729145206163,236.548227230681], [7.1993970447864,4.79196123045121,305.760791575986]]</sensors>
<obstacles>[[5.1466514558997, 0.107114401180297], [8.12834018818103, 4.46008509071544], [6.29729011561722, 5.2877765125595], [7.56077789794654, 4.17359502939507], [8.99504066468216, 3.25163860805333], [7.59120677760802, 5.69220355711877], [7.80081019713543, 3.96934025315568]]</obstacles>
<global-best>16.1940700702247</global-best>
</iteration>
<iteration i="200">
<sensors>[[5.81053082086282,5.99957038869344,332.090184599899], [-27.8940400164095,12.8202051203325,290.178357809948], [0.0112350568111423,5.99915745245875,331.930918600927], [-13.1004935657135,-9.16712281190156,251.513232281867], [7.64132391828729,0.000529910052119536,128.49094695031], [3.90057341019826,5.99967499244768,242.981712230998], [24.1606524979957,-7.60702206610185,307.260092326126]]</sensors>
<obstacles>[[5.1466514558997, 0.107114401180297], [8.12834018818103, 4.46008509071544], [6.29729011561722, 5.2877765125595], [7.56077789794654, 4.17359502939507], [8.99504066468216, 3.25163860805333], [7.59120677760802, 5.69220355711877], [7.80081019713543, 3.96934025315568]]</obstacles>
<global-best>0.979705656168</global-best>
</iteration>
<iterations>200</iterations>
<elapsed-time>13960</elapsed-time>
<average-time>0</average-time>
</simulation>