<?xml version="1.0" encoding="UTF-8"?>
<simulation>
<software>charlie-simulation-framework; v1.0.0; Jakob Rieke</software>
<system>Unix; Unix 18.2.0.0; 18.2.0.0</system>
<datetime>6/18/2019 1:08:27 AM</datetime>
<title>Static Sensor Positioning</title>
<meta>Author: Jakob Rieke; Version v1.3.0</meta>
<configuration>
  Zoom = 40
  SizeTeamA = 7
  SizeTeamB = 7
  FieldHeight = 9
  FieldWidth = 6
  PlayerSensorRange = 12
  PlayerSensorFOV = 56.3
  PlayerSize = 0.1555
  # The function used to optimize the problem,
  # possible values are:
  # Simplex, PSO, SPSO-2006, SPSO-2011, PSO-A-IW,
  # PSO-LD-IW, PSO-Chaotic-IW, PSO-LD-IW,
  # Evolution-Strategy, Differential-Evolution,
  # Adaptive-Differential-Evolution
  Optimizer = PSO
  </configuration>
<iteration i="0">
<sensors>[[9.48464461246598,3.24129275312688,3.45911441874318], [-1.20848513970964,-1.36797663909594,287.53353899534], [0.785799153569545,3.58035053261969,39.0977762393024], [1.87546119962868,-0.635963017223226,249.340607944857], [-0.242528917417185,1.97342914749211,21.3796551759166], [7.25489235249923,2.56859784773231,116.552702643211], [-1.02935240797091,-1.77539320305014,319.15303088909]]</sensors>
<obstacles>[[7.27322429395281, 2.5221205833368], [7.75345238973387, 0.112421857193112], [0.834319390822202, 5.35399924730882], [3.99531012028456, 1.19961271109059], [0.171284310752526, 5.17388554103673], [3.1530826552771, 5.10567308776081], [7.40879117371514, 0.467751127202064]]</obstacles>
<global-best>11.7894281111443</global-best>
</iteration>
<iteration i="200">
<sensors>[[0.000392083935275809,4.73668649750642,-0.981459176834067], [5.15327363619863,5.9995597122085,283.039899811328], [9.75793183934351,-1.86804964929728,40.5206518790922], [3.35414034953492,5.99628667337345,242.453552497567], [0.00173247476171588,1.17085854957423,19.0347072876424], [3.82720203948056,0.0047260932961925,113.88790412512], [0.00512213947554944,3.27560467891457,304.830520976943]]</sensors>
<obstacles>[[7.27322429395281, 2.5221205833368], [7.75345238973387, 0.112421857193112], [0.834319390822202, 5.35399924730882], [3.99531012028456, 1.19961271109059], [0.171284310752526, 5.17388554103673], [3.1530826552771, 5.10567308776081], [7.40879117371514, 0.467751127202064]]</obstacles>
<global-best>0.53386789230779</global-best>
</iteration>
<iterations>200</iterations>
<elapsed-time>22120</elapsed-time>
<average-time>0</average-time>
</simulation>