<?xml version="1.0" encoding="UTF-8"?>
<simulation>
<software>charlie-simulation-framework; v1.0.0; Jakob Rieke</software>
<system>Unix; Unix 18.2.0.0; 18.2.0.0</system>
<datetime>6/18/2019 6:32:43 AM</datetime>
<title>Static Sensor Positioning</title>
<meta>Author: Jakob Rieke; Version v1.3.0</meta>
<configuration>
  Zoom = 40
  SizeTeamA = 7
  SizeTeamB = 7
  FieldHeight = 9
  FieldWidth = 6
  PlayerSensorRange = 12
  PlayerSensorFOV = 56.3
  PlayerSize = 0.1555
  # The function used to optimize the problem,
  # possible values are:
  # Simplex, PSO, SPSO-2006, SPSO-2011, PSO-A-IW,
  # PSO-LD-IW, PSO-Chaotic-IW, PSO-LD-IW,
  # Evolution-Strategy, Differential-Evolution,
  # Adaptive-Differential-Evolution
  Optimizer = PSO
  </configuration>
<iteration i="0">
<sensors>[[4.99671039673762,2.66945901327561,305.170847984009], [3.49858093519883,-1.09744638613278,117.709521201313], [6.52607794751399,6.98095409148064,131.616372644411], [1.12806325241813,6.41700225138335,72.7428993191391], [5.20987899872796,0.696552485843537,350.58318930661], [-0.40155497912014,3.79515115218716,149.226098862795], [9.89270260894839,1.4464153114424,293.184912847603]]</sensors>
<obstacles>[[1.65301870903932, 2.39859287207946], [1.0517781204544, 5.06414539692923], [3.83198532136157, 0.877141588367522], [6.92069398798049, 5.9930964759551], [5.62517756433226, 4.33810320915654], [8.32952010934241, 0.414169748313725], [3.66463960404508, 5.29455751553178]]</obstacles>
<global-best>18.5403315396756</global-best>
</iteration>
<iteration i="200">
<sensors>[[1.24272072301716,5.99815028808972,312.078269455676], [4.91703936169579,0.000701124148906456,110.827449433249], [38.3122578056194,5.59766134679099,114.839959365974], [6.80416225788909,0.000811630550871965,75.579910713079], [115.680845651616,27.1380328268723,344.568579431233], [8.99963934124579,0.940882006375482,157.893005929288], [0.000211268974333251,4.40229572006117,290.48347902534]]</sensors>
<obstacles>[[1.65301870903932, 2.39859287207946], [1.0517781204544, 5.06414539692923], [3.83198532136157, 0.877141588367522], [6.92069398798049, 5.9930964759551], [5.62517756433226, 4.33810320915654], [8.32952010934241, 0.414169748313725], [3.66463960404508, 5.29455751553178]]</obstacles>
<global-best>0.555960762322229</global-best>
</iteration>
<iterations>200</iterations>
<elapsed-time>18790</elapsed-time>
<average-time>0</average-time>
</simulation>