<?xml version="1.0" encoding="UTF-8"?>
<simulation>
<software>charlie-simulation-framework; v1.0.0; Jakob Rieke</software>
<system>Unix; Unix 18.2.0.0; 18.2.0.0</system>
<datetime>6/18/2019 1:03:54 AM</datetime>
<title>Static Sensor Positioning</title>
<meta>Author: Jakob Rieke; Version v1.3.0</meta>
<configuration>
  Zoom = 40
  SizeTeamA = 7
  SizeTeamB = 7
  FieldHeight = 9
  FieldWidth = 6
  PlayerSensorRange = 12
  PlayerSensorFOV = 56.3
  PlayerSize = 0.1555
  # The function used to optimize the problem,
  # possible values are:
  # Simplex, PSO, SPSO-2006, SPSO-2011, PSO-A-IW,
  # PSO-LD-IW, PSO-Chaotic-IW, PSO-LD-IW,
  # Evolution-Strategy, Differential-Evolution,
  # Adaptive-Differential-Evolution
  Optimizer = PSO
  </configuration>
<iteration i="0">
<sensors>[[3.17183485449975,-0.275753418293958,274.214749399746], [6.70404465935345,4.39416080990569,201.534198311225], [3.6265291507983,7.33137377671339,60.130130844238], [7.22698492181464,7.36987709363406,12.6850902620306], [9.80791682197147,1.50696712444528,29.5031070760545], [2.65062145696364,2.00889735417692,305.216098064526], [-3.62106506963792,9.89866343684152,284.697839857605]]</sensors>
<obstacles>[[5.86006537405774, 1.22789267543703], [6.53883420629427, 3.1121897706762], [0.595112828537822, 0.279607863631099], [5.03367838799022, 1.98415844840929], [4.51566942525096, 3.714868680574], [7.91499599022791, 0.0232390738092363], [4.74148305994459, 1.56957703689113]]</obstacles>
<global-best>16.071139449141</global-best>
</iteration>
<iteration i="200">
<sensors>[[8.44909433281268,5.99855265708811,225.098267918511], [1.59188785375251,-10.1990263273957,213.221550748467], [-1.80438858468629,11.0228709690535,113.790161924025], [0.000136355497753087,5.73119327854526,-6.26812982802959], [0.989118952383002,0.0114137543857077,33.5105327377307], [4.19276089784374,5.99980708380651,309.654625322181], [0.18900631772475,5.98616173698515,290.966445379701]]</sensors>
<obstacles>[[5.86006537405774, 1.22789267543703], [6.53883420629427, 3.1121897706762], [0.595112828537822, 0.279607863631099], [5.03367838799022, 1.98415844840929], [4.51566942525096, 3.714868680574], [7.91499599022791, 0.0232390738092363], [4.74148305994459, 1.56957703689113]]</obstacles>
<global-best>0.386414905700325</global-best>
</iteration>
<iterations>200</iterations>
<elapsed-time>17397</elapsed-time>
<average-time>0</average-time>
</simulation>