<?xml version="1.0" encoding="UTF-8"?>
<simulation>
<software>charlie-simulation-framework; v1.0.0; Jakob Rieke</software>
<system>Unix; Unix 18.2.0.0; 18.2.0.0</system>
<datetime>6/18/2019 2:56:41 AM</datetime>
<title>Static Sensor Positioning</title>
<meta>Author: Jakob Rieke; Version v1.3.0</meta>
<configuration>
  Zoom = 40
  SizeTeamA = 7
  SizeTeamB = 7
  FieldHeight = 9
  FieldWidth = 6
  PlayerSensorRange = 12
  PlayerSensorFOV = 56.3
  PlayerSize = 0.1555
  # The function used to optimize the problem,
  # possible values are:
  # Simplex, PSO, SPSO-2006, SPSO-2011, PSO-A-IW,
  # PSO-LD-IW, PSO-Chaotic-IW, PSO-LD-IW,
  # Evolution-Strategy, Differential-Evolution,
  # Adaptive-Differential-Evolution
  Optimizer = PSO
  </configuration>
<iteration i="0">
<sensors>[[-0.0224182890280691,-0.19737903846265,57.3831327700625], [3.35196513031958,9.37254825832085,110.811378420971], [4.54710272070473,5.13404213227938,297.105035229819], [10.5150672359239,4.71172829637881,61.7645482921012], [-1.44008934762705,3.58870613320326,199.004501126584], [4.79891838000599,3.27742429402584,189.810577105452], [-1.23377682334263,-0.795357386155181,163.112376488876]]</sensors>
<obstacles>[[6.32221413007937, 5.88737708050758], [0.0179874154273421, 1.78243126859888], [1.22623387305066, 0.181138993240893], [5.65589709486812, 1.09191157389432], [7.43153178622015, 2.39314328692853], [5.0871157804504, 0.52979397168383], [6.80410692421719, 5.2240864620544]]</obstacles>
<global-best>12.2931574005093</global-best>
</iteration>
<iteration i="200">
<sensors>[[0.0132420868172242,0.00478298274391661,27.7435498857307], [8.99721104115014,0.00191039115552129,114.888812082908], [2.97340356398491,5.99950624806913,295.981904055826], [-7.15463587111988,-3.72082908099563,-11.413460865921], [7.9085571199138,1.32099011044821,202.114353740786], [8.99869425928485,3.79348211399735,183.432888756454], [7.39721960180448,17.6856092463769,165.490624458633]]</sensors>
<obstacles>[[6.32221413007937, 5.88737708050758], [0.0179874154273421, 1.78243126859888], [1.22623387305066, 0.181138993240893], [5.65589709486812, 1.09191157389432], [7.43153178622015, 2.39314328692853], [5.0871157804504, 0.52979397168383], [6.80410692421719, 5.2240864620544]]</obstacles>
<global-best>0.169564641790343</global-best>
</iteration>
<iterations>200</iterations>
<elapsed-time>21900</elapsed-time>
<average-time>0</average-time>
</simulation>