<?xml version="1.0" encoding="UTF-8"?>
<simulation>
<software>charlie-simulation-framework; v1.0.0; Jakob Rieke</software>
<system>Unix; Unix 18.2.0.0; 18.2.0.0</system>
<datetime>6/18/2019 1:42:51 AM</datetime>
<title>Static Sensor Positioning</title>
<meta>Author: Jakob Rieke; Version v1.3.0</meta>
<configuration>
  Zoom = 40
  SizeTeamA = 7
  SizeTeamB = 7
  FieldHeight = 9
  FieldWidth = 6
  PlayerSensorRange = 12
  PlayerSensorFOV = 56.3
  PlayerSize = 0.1555
  # The function used to optimize the problem,
  # possible values are:
  # Simplex, PSO, SPSO-2006, SPSO-2011, PSO-A-IW,
  # PSO-LD-IW, PSO-Chaotic-IW, PSO-LD-IW,
  # Evolution-Strategy, Differential-Evolution,
  # Adaptive-Differential-Evolution
  Optimizer = PSO
  </configuration>
<iteration i="0">
<sensors>[[4.43578913634635,-1.54524494924215,230.427545687097], [8.07012569476544,9.35431687695811,214.9319459282], [0.677890112477278,6.93493852175362,264.254852624338], [7.97506688317737,4.31747448371348,170.515493962183], [4.96363127441837,-2.21455984327615,112.929349479587], [2.34225497546322,5.22520955395612,324.303466711087], [8.71562305645916,2.60002363514307,246.192609715916]]</sensors>
<obstacles>[[5.09649483254179, 2.45469084335491], [6.11932083475403, 1.80226620286703], [1.66544123226777, 3.15212984243408], [0.415189309045672, 1.8143749027513], [2.95981598622166, 2.43954852875322], [5.63209757767618, 2.46305036405101], [8.54502822970971, 0.879974042996764]]</obstacles>
<global-best>13.7695028012618</global-best>
</iteration>
<iteration i="200">
<sensors>[[8.99101508280258,5.98981258016714,221.099617737102], [8.1697782670717,11.6165531707078,335.273598557147], [2.42615527033953,5.98950806875866,262.669783961347], [8.99497718541491,2.6421958842584,171.379995267958], [6.15603263809669,0.00283695252793345,118.501903906872], [2.74374316646744,5.97790540792821,335.932918662435], [8.98687206926632,4.07067387304374,236.093963377533]]</sensors>
<obstacles>[[5.09649483254179, 2.45469084335491], [6.11932083475403, 1.80226620286703], [1.66544123226777, 3.15212984243408], [0.415189309045672, 1.8143749027513], [2.95981598622166, 2.43954852875322], [5.63209757767618, 2.46305036405101], [8.54502822970971, 0.879974042996764]]</obstacles>
<global-best>0.380894517312706</global-best>
</iteration>
<iterations>200</iterations>
<elapsed-time>25982</elapsed-time>
<average-time>0</average-time>
</simulation>