<?xml version="1.0" encoding="UTF-8"?>
<simulation>
<software>charlie-simulation-framework; v1.0.0; Jakob Rieke</software>
<system>Unix; Unix 18.2.0.0; 18.2.0.0</system>
<datetime>6/18/2019 6:30:35 AM</datetime>
<title>Static Sensor Positioning</title>
<meta>Author: Jakob Rieke; Version v1.3.0</meta>
<configuration>
  Zoom = 40
  SizeTeamA = 7
  SizeTeamB = 7
  FieldHeight = 9
  FieldWidth = 6
  PlayerSensorRange = 12
  PlayerSensorFOV = 56.3
  PlayerSize = 0.1555
  # The function used to optimize the problem,
  # possible values are:
  # Simplex, PSO, SPSO-2006, SPSO-2011, PSO-A-IW,
  # PSO-LD-IW, PSO-Chaotic-IW, PSO-LD-IW,
  # Evolution-Strategy, Differential-Evolution,
  # Adaptive-Differential-Evolution
  Optimizer = PSO
  </configuration>
<iteration i="0">
<sensors>[[4.0540400268603,4.44352137784557,38.9378516760328], [5.00488077999609,-1.12184488508052,213.085195707113], [5.29989938839733,6.0300497951964,224.696667458273], [6.73150985919751,4.57516545027818,29.7345095747888], [-0.365201896439201,4.05897029099537,324.256174043983], [8.98971538338647,-2.63234874154743,135.305886770954], [0.816156851905543,2.14255125309819,90.1717976139174]]</sensors>
<obstacles>[[3.64018481061794, 4.3214178881608], [7.90785739780404, 5.92957666469738], [8.13826403254643, 5.14160961890593], [2.22654789173976, 4.18522874079645], [4.76399121922441, 5.76926180440933], [8.23233532416634, 1.80927111580968], [5.45289577776566, 3.68615714181215]]</obstacles>
<global-best>10.8333775515394</global-best>
</iteration>
<iteration i="200">
<sensors>[[0.00671544808877752,2.30878587356513,25.1308888594066], [8.96728855210797,5.8779994646997,212.044836437412], [3.70006452194724,2.97479466310644,226.561129332524], [1.95232729750559,0.00529807303919079,38.6394745504603], [1.76404021673329,2.76702197441904,320.154278408609], [2.89184144985791,-7.66768671228574,130.82528894289], [0.522515213684091,0.0245333844851724,75.1868927284768]]</sensors>
<obstacles>[[3.64018481061794, 4.3214178881608], [7.90785739780404, 5.92957666469738], [8.13826403254643, 5.14160961890593], [2.22654789173976, 4.18522874079645], [4.76399121922441, 5.76926180440933], [8.23233532416634, 1.80927111580968], [5.45289577776566, 3.68615714181215]]</obstacles>
<global-best>0.402995874273279</global-best>
</iteration>
<iterations>200</iterations>
<elapsed-time>32432</elapsed-time>
<average-time>0</average-time>
</simulation>