<?xml version="1.0" encoding="UTF-8"?>
<simulation>
<software>charlie-simulation-framework; v1.0.0; Jakob Rieke</software>
<system>Unix; Unix 18.2.0.0; 18.2.0.0</system>
<datetime>6/18/2019 1:05:45 AM</datetime>
<title>Static Sensor Positioning</title>
<meta>Author: Jakob Rieke; Version v1.3.0</meta>
<configuration>
  Zoom = 40
  SizeTeamA = 7
  SizeTeamB = 7
  FieldHeight = 9
  FieldWidth = 6
  PlayerSensorRange = 12
  PlayerSensorFOV = 56.3
  PlayerSize = 0.1555
  # The function used to optimize the problem,
  # possible values are:
  # Simplex, PSO, SPSO-2006, SPSO-2011, PSO-A-IW,
  # PSO-LD-IW, PSO-Chaotic-IW, PSO-LD-IW,
  # Evolution-Strategy, Differential-Evolution,
  # Adaptive-Differential-Evolution
  Optimizer = PSO
  </configuration>
<iteration i="0">
<sensors>[[9.10366693607176,2.0646103729638,219.500750883523], [4.35508441482564,0.21582507589125,107.302849137588], [3.60776942292371,5.53027465270651,186.620529730426], [6.15558860096329,7.73795268349236,12.5229640936792], [8.98774468490364,1.64927617075906,79.5287580645602], [4.34913255830758,0.867096213924484,137.358399692811], [1.47519180145661,0.514832228712448,282.422334581652]]</sensors>
<obstacles>[[1.22461085580289, 2.98999533383176], [2.28695264481939, 5.87116397498176], [2.4262136912439, 5.34961988171563], [8.51272067218088, 3.84790603257716], [0.597655288176611, 2.29065923485905], [0.662014864152297, 4.04023036267608], [7.20518683525734, 3.74857417261228]]</obstacles>
<global-best>14.0130990619211</global-best>
</iteration>
<iteration i="200">
<sensors>[[6.56970747596559,5.99367334973716,219.737375947356], [8.99260233877785,0.000274053097586865,95.3594740968652], [-79.0501539573459,-24.2756514704353,186.420476705719], [0.00199448211629541,4.22693609785152,14.9930840790738], [0.000499111227423302,1.43779508288177,78.5845192945603], [8.39213059627606,0.00602947102608917,145.243570477533], [5.08894801704932,5.9988342886035,288.773368056075]]</sensors>
<obstacles>[[1.22461085580289, 2.98999533383176], [2.28695264481939, 5.87116397498176], [2.4262136912439, 5.34961988171563], [8.51272067218088, 3.84790603257716], [0.597655288176611, 2.29065923485905], [0.662014864152297, 4.04023036267608], [7.20518683525734, 3.74857417261228]]</obstacles>
<global-best>0.148108631563959</global-best>
</iteration>
<iterations>200</iterations>
<elapsed-time>21772</elapsed-time>
<average-time>0</average-time>
</simulation>