<?xml version="1.0" encoding="UTF-8"?>
<simulation>
<software>charlie-simulation-framework; v1.0.0; Jakob Rieke</software>
<system>Unix; Unix 18.2.0.0; 18.2.0.0</system>
<datetime>6/18/2019 6:32:24 AM</datetime>
<title>Static Sensor Positioning</title>
<meta>Author: Jakob Rieke; Version v1.3.0</meta>
<configuration>
  Zoom = 40
  SizeTeamA = 7
  SizeTeamB = 7
  FieldHeight = 9
  FieldWidth = 6
  PlayerSensorRange = 12
  PlayerSensorFOV = 56.3
  PlayerSize = 0.1555
  # The function used to optimize the problem,
  # possible values are:
  # Simplex, PSO, SPSO-2006, SPSO-2011, PSO-A-IW,
  # PSO-LD-IW, PSO-Chaotic-IW, PSO-LD-IW,
  # Evolution-Strategy, Differential-Evolution,
  # Adaptive-Differential-Evolution
  Optimizer = PSO
  </configuration>
<iteration i="0">
<sensors>[[1.80631073580655,1.11764413206817,83.0286994965121], [9.40320497727396,1.81463362498306,116.73846392986], [2.11858451001403,7.89632265712012,158.098002983005], [4.09976879872551,10.547223298796,50.4550403962565], [7.64396932353408,9.16697613373066,119.774374033704], [4.34931342858345,-0.360946166392788,231.537507330056], [1.02481429706851,2.25355830710073,70.7496376081344]]</sensors>
<obstacles>[[0.965053158346564, 0.114391174167395], [0.688492684392259, 0.95744163589552], [0.435864865779877, 2.04026547353715], [7.30653093243018, 3.33003561710939], [5.41332184989005, 0.451893271878362], [6.02543909777887, 2.85547923948616], [3.3163011171855, 1.09122200449929]]</obstacles>
<global-best>10.0409728805772</global-best>
</iteration>
<iteration i="200">
<sensors>[[8.63374124685925,9.87832967360258E-05,92.3335201099979], [8.11983299776757,0.0248168244293794,120.923383955271], [7.91611971543213,0.917293181261091,160.806937229244], [1.04732564685553,0.94016791204175,46.585008666599], [45.4844773967972,7.91170420624323,122.456396680484], [8.99513099206171,3.39074676760784,218.6630685348], [0.558996228284813,0.000113894948812678,93.2275940318723]]</sensors>
<obstacles>[[0.965053158346564, 0.114391174167395], [0.688492684392259, 0.95744163589552], [0.435864865779877, 2.04026547353715], [7.30653093243018, 3.33003561710939], [5.41332184989005, 0.451893271878362], [6.02543909777887, 2.85547923948616], [3.3163011171855, 1.09122200449929]]</obstacles>
<global-best>1.42065230109299</global-best>
</iteration>
<iterations>200</iterations>
<elapsed-time>18598</elapsed-time>
<average-time>0</average-time>
</simulation>