<?xml version="1.0" encoding="UTF-8"?>
<simulation>
<software>charlie-simulation-framework; v1.0.0; Jakob Rieke</software>
<system>Unix; Unix 18.2.0.0; 18.2.0.0</system>
<datetime>6/18/2019 6:31:56 AM</datetime>
<title>Static Sensor Positioning</title>
<meta>Author: Jakob Rieke; Version v1.3.0</meta>
<configuration>
  Zoom = 40
  SizeTeamA = 7
  SizeTeamB = 7
  FieldHeight = 9
  FieldWidth = 6
  PlayerSensorRange = 12
  PlayerSensorFOV = 56.3
  PlayerSize = 0.1555
  # The function used to optimize the problem,
  # possible values are:
  # Simplex, PSO, SPSO-2006, SPSO-2011, PSO-A-IW,
  # PSO-LD-IW, PSO-Chaotic-IW, PSO-LD-IW,
  # Evolution-Strategy, Differential-Evolution,
  # Adaptive-Differential-Evolution
  Optimizer = PSO
  </configuration>
<iteration i="0">
<sensors>[[-2.08387560598396,7.42311876088541,293.244399328039], [8.555696987583,-3.51226165460711,114.068397804014], [1.51926858623189,0.483932599073501,289.039112708387], [1.18259046636649,-0.202731950541163,354.358093920899], [2.9212247966637,4.45400080760149,210.153176928405], [1.54542321528553,3.54243956630966,323.785612501725], [2.22512607598211,4.88594892095101,296.730635317114]]</sensors>
<obstacles>[[4.1737733236514, 4.98885425319895], [6.13416511192918, 0.93465750105679], [1.26299540209584, 5.43614575546235], [2.6457165889442, 0.0698795118369162], [6.93710041511804, 1.25717050116509], [4.46785914385691, 2.22101671434939], [5.67471684375778, 2.16617947770283]]</obstacles>
<global-best>8.12159027086172</global-best>
</iteration>
<iteration i="200">
<sensors>[[0.00553025001853028,5.97144553421598,297.034644763998], [8.99320975307554,0.29265665602265,144.162331103831], [5.74945188152674,-2.5732896726926,210.582074598182], [0.0186676456803965,0.427907905152703,370.056270945199], [8.992132103905,5.14571830538328,198.416837623538], [0.479584439248351,4.57703940492203,393.196596700674], [5.41852749323204,5.99314148227492,309.709132325668]]</sensors>
<obstacles>[[4.1737733236514, 4.98885425319895], [6.13416511192918, 0.93465750105679], [1.26299540209584, 5.43614575546235], [2.6457165889442, 0.0698795118369162], [6.93710041511804, 1.25717050116509], [4.46785914385691, 2.22101671434939], [5.67471684375778, 2.16617947770283]]</obstacles>
<global-best>0.113262287247913</global-best>
</iteration>
<iterations>200</iterations>
<elapsed-time>27992</elapsed-time>
<average-time>0</average-time>
</simulation>