<?xml version="1.0" encoding="UTF-8"?>
<simulation>
<software>charlie-simulation-framework; v1.0.0; Jakob Rieke</software>
<system>Unix; Unix 18.2.0.0; 18.2.0.0</system>
<datetime>6/18/2019 2:18:00 AM</datetime>
<title>Static Sensor Positioning</title>
<meta>Author: Jakob Rieke; Version v1.3.0</meta>
<configuration>
  Zoom = 40
  SizeTeamA = 7
  SizeTeamB = 7
  FieldHeight = 9
  FieldWidth = 6
  PlayerSensorRange = 12
  PlayerSensorFOV = 56.3
  PlayerSize = 0.1555
  # The function used to optimize the problem,
  # possible values are:
  # Simplex, PSO, SPSO-2006, SPSO-2011, PSO-A-IW,
  # PSO-LD-IW, PSO-Chaotic-IW, PSO-LD-IW,
  # Evolution-Strategy, Differential-Evolution,
  # Adaptive-Differential-Evolution
  Optimizer = PSO
  </configuration>
<iteration i="0">
<sensors>[[3.99280689012458,2.36441917645042,233.030210745714], [5.08048616864334,-0.430112032508604,114.839248113183], [4.61709269650251,2.00599547261162,26.0125014972437], [5.83604981105794,9.33285217627866,346.70020383453], [6.21242474971207,5.0291101144084,28.0456342402975], [3.40182442173327,3.8800630953319,291.733842724191], [9.92943901203439,3.32507878579716,271.081199425957]]</sensors>
<obstacles>[[5.58819281472825, 2.32394112925977], [8.33490390423685, 4.31858721887693], [7.89292289991863, 2.03106402559206], [0.691732813837007, 2.68323746044189], [7.53429163503461, 3.91930390940979], [8.36568494117819, 5.90893568890169], [1.13946871133521, 4.69874996272847]]</obstacles>
<global-best>10.749656193371</global-best>
</iteration>
<iteration i="200">
<sensors>[[7.85310290490846,5.99794311868301,207.18330675651], [2.33213026332705,0.000630306057457449,109.85124257997], [0.00479666147606704,0.535589519810981,10.5012800417901], [0.728372991527926,5.56701540420774,336.407167713234], [5.94109437585187,0.00316087141159409,44.7953602409735], [-372.473585010628,15.491663912074,287.195368672545], [-381.441266668191,3.03993161167585,268.232563398782]]</sensors>
<obstacles>[[5.58819281472825, 2.32394112925977], [8.33490390423685, 4.31858721887693], [7.89292289991863, 2.03106402559206], [0.691732813837007, 2.68323746044189], [7.53429163503461, 3.91930390940979], [8.36568494117819, 5.90893568890169], [1.13946871133521, 4.69874996272847]]</obstacles>
<global-best>0.326049770386198</global-best>
</iteration>
<iterations>200</iterations>
<elapsed-time>23258</elapsed-time>
<average-time>0</average-time>
</simulation>