<?xml version="1.0" encoding="UTF-8"?>
<simulation>
<software>charlie-simulation-framework; v1.0.0; Jakob Rieke</software>
<system>Unix; Unix 18.2.0.0; 18.2.0.0</system>
<datetime>6/18/2019 7:12:29 AM</datetime>
<title>Static Sensor Positioning</title>
<meta>Author: Jakob Rieke; Version v1.3.0</meta>
<configuration>
  Zoom = 40
  SizeTeamA = 1
  SizeTeamB = 1
  FieldHeight = 9
  FieldWidth = 6
  PlayerSensorRange = 12
  PlayerSensorFOV = 56.3
  PlayerSize = 0.1555
  Optimizer = Adaptive-Differential-Evolution
  </configuration>
<iteration i="0">
<sensors>[[3.5288988958413,4.68931487055712,1.19923485121672]]</sensors>
<obstacles>[[4.32527092611417, 4.96111348690465]]</obstacles>
<global-best>20.2462759292847</global-best>
</iteration>
<iteration i="200">
<sensors>[[5.55889400200339E-05,0.000111499941311208,28.1490041083897]]</sensors>
<obstacles>[[4.32527092611417, 4.96111348690465]]</obstacles>
<global-best>12.4806429318313</global-best>
</iteration>
<iterations>200</iterations>
<elapsed-time>2003</elapsed-time>
<average-time>0</average-time>
</simulation>