<?xml version="1.0" encoding="UTF-8"?>
<simulation>
<software>charlie-simulation-framework; v1.0.0; Jakob Rieke</software>
<system>Unix; Unix 18.2.0.0; 18.2.0.0</system>
<datetime>6/18/2019 7:12:22 AM</datetime>
<title>Static Sensor Positioning</title>
<meta>Author: Jakob Rieke; Version v1.3.0</meta>
<configuration>
  Zoom = 40
  SizeTeamA = 1
  SizeTeamB = 1
  FieldHeight = 9
  FieldWidth = 6
  PlayerSensorRange = 12
  PlayerSensorFOV = 56.3
  PlayerSize = 0.1555
  Optimizer = Adaptive-Differential-Evolution
  </configuration>
<iteration i="0">
<sensors>[[9,6,1.36607405644983]]</sensors>
<obstacles>[[3.39561745757237, 1.01288287807256]]</obstacles>
<global-best>20.2044596323854</global-best>
</iteration>
<iteration i="200">
<sensors>[[0.0106581216637771,5.97905938255518,331.668187876108]]</sensors>
<obstacles>[[3.39561745757237, 1.01288287807256]]</obstacles>
<global-best>12.5473361984547</global-best>
</iteration>
<iterations>200</iterations>
<elapsed-time>2210</elapsed-time>
<average-time>0</average-time>
</simulation>