<?xml version="1.0" encoding="UTF-8"?>
<simulation>
<software>charlie-simulation-framework; v1.0.0; Jakob Rieke</software>
<system>Unix; Unix 18.2.0.0; 18.2.0.0</system>
<datetime>6/18/2019 7:12:31 AM</datetime>
<title>Static Sensor Positioning</title>
<meta>Author: Jakob Rieke; Version v1.3.0</meta>
<configuration>
  Zoom = 40
  SizeTeamA = 1
  SizeTeamB = 1
  FieldHeight = 9
  FieldWidth = 6
  PlayerSensorRange = 12
  PlayerSensorFOV = 56.3
  PlayerSize = 0.1555
  Optimizer = Adaptive-Differential-Evolution
  </configuration>
<iteration i="0">
<sensors>[[0.762405990567618,6,4.55878734811181]]</sensors>
<obstacles>[[3.62050362420268, 4.70406383927912]]</obstacles>
<global-best>19.1934133344151</global-best>
</iteration>
<iteration i="200">
<sensors>[[5.61231132328609E-06,4.33450260491981E-06,28.1499984053791]]</sensors>
<obstacles>[[3.62050362420268, 4.70406383927912]]</obstacles>
<global-best>12.5852835033173</global-best>
</iteration>
<iterations>200</iterations>
<elapsed-time>1987</elapsed-time>
<average-time>0</average-time>
</simulation>