<?xml version="1.0" encoding="UTF-8"?>
<simulation>
<software>charlie-simulation-framework; v1.0.0; Jakob Rieke</software>
<system>Unix; Unix 18.2.0.0; 18.2.0.0</system>
<datetime>6/18/2019 7:12:55 AM</datetime>
<title>Static Sensor Positioning</title>
<meta>Author: Jakob Rieke; Version v1.3.0</meta>
<configuration>
  Zoom = 40
  SizeTeamA = 1
  SizeTeamB = 1
  FieldHeight = 9
  FieldWidth = 6
  PlayerSensorRange = 12
  PlayerSensorFOV = 56.3
  PlayerSize = 0.1555
  Optimizer = Adaptive-Differential-Evolution
  </configuration>
<iteration i="0">
<sensors>[[9,6,360]]</sensors>
<obstacles>[[6.74169228505343, 2.88555962685496]]</obstacles>
<global-best>18.5243994969348</global-best>
</iteration>
<iteration i="200">
<sensors>[[0.00634448374428769,0.0140110866743625,28.2200909959937]]</sensors>
<obstacles>[[6.74169228505343, 2.88555962685496]]</obstacles>
<global-best>13.0233139624763</global-best>
</iteration>
<iterations>200</iterations>
<elapsed-time>2277</elapsed-time>
<average-time>0</average-time>
</simulation>