<?xml version="1.0" encoding="UTF-8"?>
<simulation>
<software>charlie-simulation-framework; v1.0.0; Jakob Rieke</software>
<system>Unix; Unix 18.2.0.0; 18.2.0.0</system>
<datetime>6/18/2019 7:12:18 AM</datetime>
<title>Static Sensor Positioning</title>
<meta>Author: Jakob Rieke; Version v1.3.0</meta>
<configuration>
  Zoom = 40
  SizeTeamA = 1
  SizeTeamB = 1
  FieldHeight = 9
  FieldWidth = 6
  PlayerSensorRange = 12
  PlayerSensorFOV = 56.3
  PlayerSize = 0.1555
  Optimizer = Adaptive-Differential-Evolution
  </configuration>
<iteration i="0">
<sensors>[[9,6,360]]</sensors>
<obstacles>[[5.49345770361833, 5.59522141423076]]</obstacles>
<global-best>17.9192735808891</global-best>
</iteration>
<iteration i="200">
<sensors>[[8.99292579124424,0.0506167550066132,152.292688517718]]</sensors>
<obstacles>[[5.49345770361833, 5.59522141423076]]</obstacles>
<global-best>12.2096441444142</global-best>
</iteration>
<iterations>200</iterations>
<elapsed-time>1967</elapsed-time>
<average-time>0</average-time>
</simulation>