<?xml version="1.0" encoding="UTF-8"?>
<simulation>
<software>charlie-simulation-framework; v1.0.0; Jakob Rieke</software>
<system>Unix; Unix 18.2.0.0; 18.2.0.0</system>
<datetime>6/18/2019 7:12:57 AM</datetime>
<title>Static Sensor Positioning</title>
<meta>Author: Jakob Rieke; Version v1.3.0</meta>
<configuration>
  Zoom = 40
  SizeTeamA = 1
  SizeTeamB = 1
  FieldHeight = 9
  FieldWidth = 6
  PlayerSensorRange = 12
  PlayerSensorFOV = 56.3
  PlayerSize = 0.1555
  Optimizer = Adaptive-Differential-Evolution
  </configuration>
<iteration i="0">
<sensors>[[9,4.13639182903254,4.31404330286059]]</sensors>
<obstacles>[[3.66079038265161, 3.69360357569531]]</obstacles>
<global-best>22.7560945427791</global-best>
</iteration>
<iteration i="200">
<sensors>[[0.0161189665370986,0.0602255537856403,27.6313748270568]]</sensors>
<obstacles>[[3.66079038265161, 3.69360357569531]]</obstacles>
<global-best>13.636374106084</global-best>
</iteration>
<iterations>200</iterations>
<elapsed-time>2078</elapsed-time>
<average-time>0</average-time>
</simulation>