<?xml version="1.0" encoding="UTF-8"?>
<simulation>
<software>charlie-simulation-framework; v1.0.0; Jakob Rieke</software>
<system>Unix; Unix 18.2.0.0; 18.2.0.0</system>
<datetime>6/18/2019 7:12:25 AM</datetime>
<title>Static Sensor Positioning</title>
<meta>Author: Jakob Rieke; Version v1.3.0</meta>
<configuration>
  Zoom = 40
  SizeTeamA = 1
  SizeTeamB = 1
  FieldHeight = 9
  FieldWidth = 6
  PlayerSensorRange = 12
  PlayerSensorFOV = 56.3
  PlayerSize = 0.1555
  Optimizer = Adaptive-Differential-Evolution
  </configuration>
<iteration i="0">
<sensors>[[9,2.9716427992032,3.02917169593954]]</sensors>
<obstacles>[[2.2026728997007, 2.28735118266195]]</obstacles>
<global-best>20.88688069285</global-best>
</iteration>
<iteration i="200">
<sensors>[[0.0259031877991143,5.96924195441266,332.177003826585]]</sensors>
<obstacles>[[2.2026728997007, 2.28735118266195]]</obstacles>
<global-best>12.267513747435</global-best>
</iteration>
<iterations>200</iterations>
<elapsed-time>2072</elapsed-time>
<average-time>0</average-time>
</simulation>