<?xml version="1.0" encoding="UTF-8"?>
<simulation>
<software>charlie-simulation-framework; v1.0.0; Jakob Rieke</software>
<system>Unix; Unix 18.2.0.0; 18.2.0.0</system>
<datetime>6/18/2019 7:12:01 AM</datetime>
<title>Static Sensor Positioning</title>
<meta>Author: Jakob Rieke; Version v1.3.0</meta>
<configuration>
  Zoom = 40
  SizeTeamA = 1
  SizeTeamB = 1
  FieldHeight = 9
  FieldWidth = 6
  PlayerSensorRange = 12
  PlayerSensorFOV = 56.3
  PlayerSize = 0.1555
  Optimizer = Adaptive-Differential-Evolution
  </configuration>
<iteration i="0">
<sensors>[[9,0.725700728531391,360]]</sensors>
<obstacles>[[6.57428121613339, 1.91415790189058]]</obstacles>
<global-best>20.2793943692037</global-best>
</iteration>
<iteration i="200">
<sensors>[[7.04833548853655E-05,2.49063517335777E-06,28.15211643973]]</sensors>
<obstacles>[[6.57428121613339, 1.91415790189058]]</obstacles>
<global-best>12.9375861280688</global-best>
</iteration>
<iterations>200</iterations>
<elapsed-time>2267</elapsed-time>
<average-time>0</average-time>
</simulation>