<?xml version="1.0" encoding="UTF-8"?>
<simulation>
<software>charlie-simulation-framework; v1.0.0; Jakob Rieke</software>
<system>Unix; Unix 18.2.0.0; 18.2.0.0</system>
<datetime>6/18/2019 7:11:40 AM</datetime>
<title>Static Sensor Positioning</title>
<meta>Author: Jakob Rieke; Version v1.3.0</meta>
<configuration>
  Zoom = 40
  SizeTeamA = 1
  SizeTeamB = 1
  FieldHeight = 9
  FieldWidth = 6
  PlayerSensorRange = 12
  PlayerSensorFOV = 56.3
  PlayerSize = 0.1555
  Optimizer = Adaptive-Differential-Evolution
  </configuration>
<iteration i="0">
<sensors>[[9,6,0.501925115357601]]</sensors>
<obstacles>[[1.26078715827316, 1.44724978599697]]</obstacles>
<global-best>17.6698014948185</global-best>
</iteration>
<iteration i="200">
<sensors>[[0.00018662320839069,6,328.22554981789]]</sensors>
<obstacles>[[1.26078715827316, 1.44724978599697]]</obstacles>
<global-best>12.9903847030699</global-best>
</iteration>
<iterations>200</iterations>
<elapsed-time>2020</elapsed-time>
<average-time>0</average-time>
</simulation>