<?xml version="1.0" encoding="UTF-8"?>
<simulation>
<software>charlie-simulation-framework; v1.0.0; Jakob Rieke</software>
<system>Unix; Unix 18.2.0.0; 18.2.0.0</system>
<datetime>6/18/2019 7:12:46 AM</datetime>
<title>Static Sensor Positioning</title>
<meta>Author: Jakob Rieke; Version v1.3.0</meta>
<configuration>
  Zoom = 40
  SizeTeamA = 1
  SizeTeamB = 1
  FieldHeight = 9
  FieldWidth = 6
  PlayerSensorRange = 12
  PlayerSensorFOV = 56.3
  PlayerSize = 0.1555
  Optimizer = Adaptive-Differential-Evolution
  </configuration>
<iteration i="0">
<sensors>[[9,4.06812482491791,360]]</sensors>
<obstacles>[[5.55074104433879, 1.00175138795748]]</obstacles>
<global-best>21.300676092967</global-best>
</iteration>
<iteration i="200">
<sensors>[[0.00160469794587858,5.98956724478643,332.161760963773]]</sensors>
<obstacles>[[5.55074104433879, 1.00175138795748]]</obstacles>
<global-best>12.6388177995115</global-best>
</iteration>
<iterations>200</iterations>
<elapsed-time>2234</elapsed-time>
<average-time>0</average-time>
</simulation>