<?xml version="1.0" encoding="UTF-8"?>
<simulation>
<software>charlie-simulation-framework; v1.0.0; Jakob Rieke</software>
<system>Unix; Unix 18.2.0.0; 18.2.0.0</system>
<datetime>6/18/2019 7:11:44 AM</datetime>
<title>Static Sensor Positioning</title>
<meta>Author: Jakob Rieke; Version v1.3.0</meta>
<configuration>
  Zoom = 40
  SizeTeamA = 1
  SizeTeamB = 1
  FieldHeight = 9
  FieldWidth = 6
  PlayerSensorRange = 12
  PlayerSensorFOV = 56.3
  PlayerSize = 0.1555
  Optimizer = Adaptive-Differential-Evolution
  </configuration>
<iteration i="0">
<sensors>[[9,6,3.8992166842565]]</sensors>
<obstacles>[[7.95198322925717, 0.331563738640398]]</obstacles>
<global-best>20.1617289120739</global-best>
</iteration>
<iteration i="200">
<sensors>[[8.99654328796507,5.99383044105442,208.298156968016]]</sensors>
<obstacles>[[7.95198322925717, 0.331563738640398]]</obstacles>
<global-best>12.0937306941332</global-best>
</iteration>
<iterations>200</iterations>
<elapsed-time>2018</elapsed-time>
<average-time>0</average-time>
</simulation>