<?xml version="1.0" encoding="UTF-8"?>
<simulation>
<software>charlie-simulation-framework; v1.0.0; Jakob Rieke</software>
<system>Unix; Unix 18.2.0.0; 18.2.0.0</system>
<datetime>6/18/2019 7:11:49 AM</datetime>
<title>Static Sensor Positioning</title>
<meta>Author: Jakob Rieke; Version v1.3.0</meta>
<configuration>
  Zoom = 40
  SizeTeamA = 1
  SizeTeamB = 1
  FieldHeight = 9
  FieldWidth = 6
  PlayerSensorRange = 12
  PlayerSensorFOV = 56.3
  PlayerSize = 0.1555
  Optimizer = Adaptive-Differential-Evolution
  </configuration>
<iteration i="0">
<sensors>[[4.01809527515855,6,360]]</sensors>
<obstacles>[[0.524828900350258, 1.87290349183604]]</obstacles>
<global-best>19.9917246097188</global-best>
</iteration>
<iteration i="200">
<sensors>[[9,6,208.150305874404]]</sensors>
<obstacles>[[0.524828900350258, 1.87290349183604]]</obstacles>
<global-best>12.19268249631</global-best>
</iteration>
<iterations>200</iterations>
<elapsed-time>2122</elapsed-time>
<average-time>0</average-time>
</simulation>