<?xml version="1.0" encoding="UTF-8"?>
<simulation>
<software>charlie-simulation-framework; v1.0.0; Jakob Rieke</software>
<system>Unix; Unix 18.2.0.0; 18.2.0.0</system>
<datetime>6/18/2019 7:12:48 AM</datetime>
<title>Static Sensor Positioning</title>
<meta>Author: Jakob Rieke; Version v1.3.0</meta>
<configuration>
  Zoom = 40
  SizeTeamA = 1
  SizeTeamB = 1
  FieldHeight = 9
  FieldWidth = 6
  PlayerSensorRange = 12
  PlayerSensorFOV = 56.3
  PlayerSize = 0.1555
  Optimizer = Adaptive-Differential-Evolution
  </configuration>
<iteration i="0">
<sensors>[[0.593076696524647,4.67404213959212,360]]</sensors>
<obstacles>[[7.36128251929767, 1.33924944559112]]</obstacles>
<global-best>17.4323078786685</global-best>
</iteration>
<iteration i="200">
<sensors>[[8.99933524054156,5.99852968801542,208.132070033808]]</sensors>
<obstacles>[[7.36128251929767, 1.33924944559112]]</obstacles>
<global-best>12.0142038317717</global-best>
</iteration>
<iterations>200</iterations>
<elapsed-time>2000</elapsed-time>
<average-time>0</average-time>
</simulation>