<?xml version="1.0" encoding="UTF-8"?>
<simulation>
<software>charlie-simulation-framework; v1.0.0; Jakob Rieke</software>
<system>Unix; Unix 18.2.0.0; 18.2.0.0</system>
<datetime>6/18/2019 7:12:37 AM</datetime>
<title>Static Sensor Positioning</title>
<meta>Author: Jakob Rieke; Version v1.3.0</meta>
<configuration>
  Zoom = 40
  SizeTeamA = 1
  SizeTeamB = 1
  FieldHeight = 9
  FieldWidth = 6
  PlayerSensorRange = 12
  PlayerSensorFOV = 56.3
  PlayerSize = 0.1555
  Optimizer = Adaptive-Differential-Evolution
  </configuration>
<iteration i="0">
<sensors>[[4.4745725787884,3.19818745092447,360]]</sensors>
<obstacles>[[8.83290677075274, 3.45910121127963]]</obstacles>
<global-best>18.132157749837</global-best>
</iteration>
<iteration i="200">
<sensors>[[0,5.96773204585094,331.987206353741]]</sensors>
<obstacles>[[8.83290677075274, 3.45910121127963]]</obstacles>
<global-best>12.186261560637</global-best>
</iteration>
<iterations>200</iterations>
<elapsed-time>2376</elapsed-time>
<average-time>0</average-time>
</simulation>