<?xml version="1.0" encoding="UTF-8"?>
<simulation>
<software>charlie-simulation-framework; v1.0.0; Jakob Rieke</software>
<system>Unix; Unix 18.2.0.0; 18.2.0.0</system>
<datetime>6/18/2019 7:11:26 AM</datetime>
<title>Static Sensor Positioning</title>
<meta>Author: Jakob Rieke; Version v1.3.0</meta>
<configuration>
  Zoom = 40
  SizeTeamA = 1
  SizeTeamB = 1
  FieldHeight = 9
  FieldWidth = 6
  PlayerSensorRange = 12
  PlayerSensorFOV = 56.3
  PlayerSize = 0.1555
  Optimizer = Adaptive-Differential-Evolution
  </configuration>
<iteration i="0">
<sensors>[[4.49975924787572,6,3.97573753236228]]</sensors>
<obstacles>[[8.00392779847607, 0.596584475599229]]</obstacles>
<global-best>24.9012887969019</global-best>
</iteration>
<iteration i="200">
<sensors>[[8.9771378681689,6,207.774121019476]]</sensors>
<obstacles>[[8.00392779847607, 0.596584475599229]]</obstacles>
<global-best>12.3130408001153</global-best>
</iteration>
<iterations>200</iterations>
<elapsed-time>1979</elapsed-time>
<average-time>0</average-time>
</simulation>