<?xml version="1.0" encoding="UTF-8"?>
<simulation>
<software>charlie-simulation-framework; v1.0.0; Jakob Rieke</software>
<system>Unix; Unix 18.2.0.0; 18.2.0.0</system>
<datetime>6/18/2019 7:11:32 AM</datetime>
<title>Static Sensor Positioning</title>
<meta>Author: Jakob Rieke; Version v1.3.0</meta>
<configuration>
  Zoom = 40
  SizeTeamA = 1
  SizeTeamB = 1
  FieldHeight = 9
  FieldWidth = 6
  PlayerSensorRange = 12
  PlayerSensorFOV = 56.3
  PlayerSize = 0.1555
  Optimizer = Adaptive-Differential-Evolution
  </configuration>
<iteration i="0">
<sensors>[[9,2.56619592839065,0.469946913763403]]</sensors>
<obstacles>[[7.10987664805725, 0.695510432124138]]</obstacles>
<global-best>21.9370625888118</global-best>
</iteration>
<iteration i="200">
<sensors>[[9,6,207.940606252761]]</sensors>
<obstacles>[[7.10987664805725, 0.695510432124138]]</obstacles>
<global-best>12.0997823853506</global-best>
</iteration>
<iterations>200</iterations>
<elapsed-time>1921</elapsed-time>
<average-time>0</average-time>
</simulation>