<?xml version="1.0" encoding="UTF-8"?>
<simulation>
<software>charlie-simulation-framework; v1.0.0; Jakob Rieke</software>
<system>Unix; Unix 18.2.0.0; 18.2.0.0</system>
<datetime>6/18/2019 7:12:27 AM</datetime>
<title>Static Sensor Positioning</title>
<meta>Author: Jakob Rieke; Version v1.3.0</meta>
<configuration>
  Zoom = 40
  SizeTeamA = 1
  SizeTeamB = 1
  FieldHeight = 9
  FieldWidth = 6
  PlayerSensorRange = 12
  PlayerSensorFOV = 56.3
  PlayerSize = 0.1555
  Optimizer = Adaptive-Differential-Evolution
  </configuration>
<iteration i="0">
<sensors>[[9,6,0.181801902405407]]</sensors>
<obstacles>[[6.85002778633498, 0.14080676715821]]</obstacles>
<global-best>26.2582459202588</global-best>
</iteration>
<iteration i="200">
<sensors>[[9,6,209.171046295493]]</sensors>
<obstacles>[[6.85002778633498, 0.14080676715821]]</obstacles>
<global-best>12.2682717956619</global-best>
</iteration>
<iterations>200</iterations>
<elapsed-time>1895</elapsed-time>
<average-time>0</average-time>
</simulation>