<?xml version="1.0" encoding="UTF-8"?>
<simulation>
<software>charlie-simulation-framework; v1.0.0; Jakob Rieke</software>
<system>Unix; Unix 18.2.0.0; 18.2.0.0</system>
<datetime>6/18/2019 7:12:40 AM</datetime>
<title>Static Sensor Positioning</title>
<meta>Author: Jakob Rieke; Version v1.3.0</meta>
<configuration>
  Zoom = 40
  SizeTeamA = 1
  SizeTeamB = 1
  FieldHeight = 9
  FieldWidth = 6
  PlayerSensorRange = 12
  PlayerSensorFOV = 56.3
  PlayerSize = 0.1555
  Optimizer = Adaptive-Differential-Evolution
  </configuration>
<iteration i="0">
<sensors>[[9,0.024884693563191,4.79615385406561]]</sensors>
<obstacles>[[4.89504971005954, 2.13489570887759]]</obstacles>
<global-best>18.7012016904814</global-best>
</iteration>
<iteration i="200">
<sensors>[[0.0393871746968133,5.99513823331744,331.917461021924]]</sensors>
<obstacles>[[4.89504971005954, 2.13489570887759]]</obstacles>
<global-best>13.627929594848</global-best>
</iteration>
<iterations>200</iterations>
<elapsed-time>2310</elapsed-time>
<average-time>0</average-time>
</simulation>