<?xml version="1.0" encoding="UTF-8"?>
<simulation>
<software>charlie-simulation-framework; v1.0.0; Jakob Rieke</software>
<system>Unix; Unix 18.2.0.0; 18.2.0.0</system>
<datetime>7/9/2019 3:03:03 PM</datetime>
<title>Static Sensor Positioning</title>
<meta>Author: Jakob Rieke; Version v1.3.4; Deterministic: No</meta>
<configuration>
  Zoom = 40
  SizeTeamA = 1
  SizeTeamB = 1
  FieldHeight = 9
  FieldWidth = 6
  PlayerSensorRange = 12
  PlayerSensorFOV = 56.3
  PlayerSize = 0.1555
  Optimizer = SPSO-2006
  </configuration>
<iteration i="0">
<sensors>[[1.39827729295939,5.89212724473327,309.665895709768]]</sensors>
<obstacles>[[5.11584549746476, 3.38306345930323]]</obstacles>
<global-best>26.751343573547</global-best>
</iteration>
<iteration i="600">
<sensors>[[9,1.16390381144242E-15,151.85000038147]]</sensors>
<obstacles>[[5.11584549746476, 3.38306345930323]]</obstacles>
<global-best>13.7282130599383</global-best>
</iteration>
<iterations>600</iterations>
<elapsed-time>2953</elapsed-time>
<average-time>0</average-time>
</simulation>