<?xml version="1.0" encoding="UTF-8"?>
<simulation>
<software>charlie-simulation-framework; v1.0.0; Jakob Rieke</software>
<system>Unix; Unix 18.2.0.0; 18.2.0.0</system>
<datetime>7/9/2019 3:03:59 PM</datetime>
<title>Static Sensor Positioning</title>
<meta>Author: Jakob Rieke; Version v1.3.4; Deterministic: No</meta>
<configuration>
  Zoom = 40
  SizeTeamA = 1
  SizeTeamB = 1
  FieldHeight = 9
  FieldWidth = 6
  PlayerSensorRange = 12
  PlayerSensorFOV = 56.3
  PlayerSize = 0.1555
  Optimizer = SPSO-2006
  </configuration>
<iteration i="0">
<sensors>[[1.60077916807495,0.0558947771787643,41.3990287855268]]</sensors>
<obstacles>[[6.6589195097331, 0.606290780939162]]</obstacles>
<global-best>23.0514341309576</global-best>
</iteration>
<iteration i="600">
<sensors>[[8.99999999997628,5.99999994902729,208.149998872666]]</sensors>
<obstacles>[[6.6589195097331, 0.606290780939162]]</obstacles>
<global-best>12.0045083155413</global-best>
</iteration>
<iterations>600</iterations>
<elapsed-time>2838</elapsed-time>
<average-time>0</average-time>
</simulation>