<?xml version="1.0" encoding="UTF-8"?>
<simulation>
<software>charlie-simulation-framework; v1.0.0; Jakob Rieke</software>
<system>Unix; Unix 18.2.0.0; 18.2.0.0</system>
<datetime>7/9/2019 3:01:30 PM</datetime>
<title>Static Sensor Positioning</title>
<meta>Author: Jakob Rieke; Version v1.3.4; Deterministic: No</meta>
<configuration>
  Zoom = 40
  SizeTeamA = 1
  SizeTeamB = 1
  FieldHeight = 9
  FieldWidth = 6
  PlayerSensorRange = 12
  PlayerSensorFOV = 56.3
  PlayerSize = 0.1555
  Optimizer = SPSO-2006
  </configuration>
<iteration i="0">
<sensors>[[8.02557818521746,4.97733796946704,192.08226531744]]</sensors>
<obstacles>[[3.38548014918342, 5.84534597117454]]</obstacles>
<global-best>22.6225863425167</global-best>
</iteration>
<iteration i="600">
<sensors>[[3.96536503249757E-14,2.5198359015873E-13,28.1499996185258]]</sensors>
<obstacles>[[3.38548014918342, 5.84534597117454]]</obstacles>
<global-best>12.0045080810324</global-best>
</iteration>
<iterations>600</iterations>
<elapsed-time>2720</elapsed-time>
<average-time>0</average-time>
</simulation>