<?xml version="1.0" encoding="UTF-8"?>
<simulation>
<software>charlie-simulation-framework; v1.0.0; Jakob Rieke</software>
<system>Unix; Unix 18.2.0.0; 18.2.0.0</system>
<datetime>7/9/2019 3:02:06 PM</datetime>
<title>Static Sensor Positioning</title>
<meta>Author: Jakob Rieke; Version v1.3.4; Deterministic: No</meta>
<configuration>
  Zoom = 40
  SizeTeamA = 1
  SizeTeamB = 1
  FieldHeight = 9
  FieldWidth = 6
  PlayerSensorRange = 12
  PlayerSensorFOV = 56.3
  PlayerSize = 0.1555
  Optimizer = SPSO-2006
  </configuration>
<iteration i="0">
<sensors>[[7.60780416755006,2.93717765808105,176.720901243389]]</sensors>
<obstacles>[[0.26638704794459, 5.37689680885524]]</obstacles>
<global-best>25.4235400058038</global-best>
</iteration>
<iteration i="600">
<sensors>[[5.83301018454704E-13,4.53584248164629E-15,28.1499996185332]]</sensors>
<obstacles>[[0.26638704794459, 5.37689680885524]]</obstacles>
<global-best>12.004508081035</global-best>
</iteration>
<iterations>600</iterations>
<elapsed-time>2758</elapsed-time>
<average-time>0</average-time>
</simulation>