<?xml version="1.0" encoding="UTF-8"?>
<simulation>
<software>charlie-simulation-framework; v1.0.0; Jakob Rieke</software>
<system>Unix; Unix 18.2.0.0; 18.2.0.0</system>
<datetime>7/9/2019 3:02:51 PM</datetime>
<title>Static Sensor Positioning</title>
<meta>Author: Jakob Rieke; Version v1.3.4; Deterministic: No</meta>
<configuration>
  Zoom = 40
  SizeTeamA = 1
  SizeTeamB = 1
  FieldHeight = 9
  FieldWidth = 6
  PlayerSensorRange = 12
  PlayerSensorFOV = 56.3
  PlayerSize = 0.1555
  Optimizer = SPSO-2006
  </configuration>
<iteration i="0">
<sensors>[[8.9535643318668,4.78643589047715,211.333403773606]]</sensors>
<obstacles>[[0.383066272828728, 4.91072536585853]]</obstacles>
<global-best>20.1256600276106</global-best>
</iteration>
<iteration i="600">
<sensors>[[1.1663867616121E-14,4.23288439935189E-15,28.1499996185302]]</sensors>
<obstacles>[[0.383066272828728, 4.91072536585853]]</obstacles>
<global-best>12.0045080810308</global-best>
</iteration>
<iterations>600</iterations>
<elapsed-time>2854</elapsed-time>
<average-time>0</average-time>
</simulation>