<?xml version="1.0" encoding="UTF-8"?>
<simulation>
<software>charlie-simulation-framework; v1.0.0; Jakob Rieke</software>
<system>Unix; Unix 18.2.0.0; 18.2.0.0</system>
<datetime>7/9/2019 3:01:05 PM</datetime>
<title>Static Sensor Positioning</title>
<meta>Author: Jakob Rieke; Version v1.3.4; Deterministic: No</meta>
<configuration>
  Zoom = 40
  SizeTeamA = 1
  SizeTeamB = 1
  FieldHeight = 9
  FieldWidth = 6
  PlayerSensorRange = 12
  PlayerSensorFOV = 56.3
  PlayerSize = 0.1555
  Optimizer = SPSO-2006
  </configuration>
<iteration i="0">
<sensors>[[7.86494334228337,2.4459122903645,182.56328699179]]</sensors>
<obstacles>[[7.65219172812067, 1.19218374509364]]</obstacles>
<global-best>25.0353852116138</global-best>
</iteration>
<iteration i="600">
<sensors>[[8.99999999999999,6,208.14999961853]]</sensors>
<obstacles>[[7.65219172812067, 1.19218374509364]]</obstacles>
<global-best>12.0045080810307</global-best>
</iteration>
<iterations>600</iterations>
<elapsed-time>3124</elapsed-time>
<average-time>0</average-time>
</simulation>