<?xml version="1.0" encoding="UTF-8"?>
<simulation>
<software>charlie-simulation-framework; v1.0.0; Jakob Rieke</software>
<system>Unix; Unix 18.2.0.0; 18.2.0.0</system>
<datetime>7/9/2019 3:01:08 PM</datetime>
<title>Static Sensor Positioning</title>
<meta>Author: Jakob Rieke; Version v1.3.4; Deterministic: No</meta>
<configuration>
  Zoom = 40
  SizeTeamA = 1
  SizeTeamB = 1
  FieldHeight = 9
  FieldWidth = 6
  PlayerSensorRange = 12
  PlayerSensorFOV = 56.3
  PlayerSize = 0.1555
  Optimizer = SPSO-2006
  </configuration>
<iteration i="0">
<sensors>[[1.99512556311674,0.351963150780648,54.7277520038188]]</sensors>
<obstacles>[[6.50297367945313, 1.12614756636322]]</obstacles>
<global-best>28.7030640478859</global-best>
</iteration>
<iteration i="600">
<sensors>[[1.1166405866358E-15,5.99999999999996,331.85000038147]]</sensors>
<obstacles>[[6.50297367945313, 1.12614756636322]]</obstacles>
<global-best>12.6582480335912</global-best>
</iteration>
<iterations>600</iterations>
<elapsed-time>3219</elapsed-time>
<average-time>0</average-time>
</simulation>