<?xml version="1.0" encoding="UTF-8"?>
<simulation>
<software>charlie-simulation-framework; v1.0.0; Jakob Rieke</software>
<system>Unix; Unix 18.2.0.0; 18.2.0.0</system>
<datetime>7/9/2019 2:59:54 PM</datetime>
<title>Static Sensor Positioning</title>
<meta>Author: Jakob Rieke; Version v1.3.4; Deterministic: No</meta>
<configuration>
  Zoom = 40
  SizeTeamA = 1
  SizeTeamB = 1
  FieldHeight = 9
  FieldWidth = 6
  PlayerSensorRange = 12
  PlayerSensorFOV = 56.3
  PlayerSize = 0.1555
  Optimizer = SPSO-2006
  </configuration>
<iteration i="0">
<sensors>[[1.22606733511202,0.376037685200572,35.4599976819009]]</sensors>
<obstacles>[[2.59659896115772, 3.65335226571187]]</obstacles>
<global-best>22.002879007642</global-best>
</iteration>
<iteration i="600">
<sensors>[[8.99999999999947,5.99999999999862,208.149999618519]]</sensors>
<obstacles>[[2.59659896115772, 3.65335226571187]]</obstacles>
<global-best>13.0404655382322</global-best>
</iteration>
<iterations>600</iterations>
<elapsed-time>2805</elapsed-time>
<average-time>0</average-time>
</simulation>