<?xml version="1.0" encoding="UTF-8"?>
<simulation>
<software>charlie-simulation-framework; v1.0.0; Jakob Rieke</software>
<system>Unix; Unix 18.2.0.0; 18.2.0.0</system>
<datetime>7/9/2019 3:03:21 PM</datetime>
<title>Static Sensor Positioning</title>
<meta>Author: Jakob Rieke; Version v1.3.4; Deterministic: No</meta>
<configuration>
  Zoom = 40
  SizeTeamA = 1
  SizeTeamB = 1
  FieldHeight = 9
  FieldWidth = 6
  PlayerSensorRange = 12
  PlayerSensorFOV = 56.3
  PlayerSize = 0.1555
  Optimizer = SPSO-2006
  </configuration>
<iteration i="0">
<sensors>[[7.9274072565604,4.85200988547876,211.984643116593]]</sensors>
<obstacles>[[6.48399935779162, 0.746840985026211]]</obstacles>
<global-best>24.4014231431169</global-best>
</iteration>
<iteration i="600">
<sensors>[[8.99999999999998,6,208.14999961853]]</sensors>
<obstacles>[[6.48399935779162, 0.746840985026211]]</obstacles>
<global-best>12.0045080810308</global-best>
</iteration>
<iterations>600</iterations>
<elapsed-time>2837</elapsed-time>
<average-time>0</average-time>
</simulation>