<?xml version="1.0" encoding="UTF-8"?>
<simulation>
<software>charlie-simulation-framework; v1.0.0; Jakob Rieke</software>
<system>Unix; Unix 18.2.0.0; 18.2.0.0</system>
<datetime>7/9/2019 3:01:18 PM</datetime>
<title>Static Sensor Positioning</title>
<meta>Author: Jakob Rieke; Version v1.3.4; Deterministic: No</meta>
<configuration>
  Zoom = 40
  SizeTeamA = 1
  SizeTeamB = 1
  FieldHeight = 9
  FieldWidth = 6
  PlayerSensorRange = 12
  PlayerSensorFOV = 56.3
  PlayerSize = 0.1555
  Optimizer = SPSO-2006
  </configuration>
<iteration i="0">
<sensors>[[8.49929852318019,2.90832928894088,169.509034473449]]</sensors>
<obstacles>[[2.51226666779257, 2.92880365485325]]</obstacles>
<global-best>23.1492299776716</global-best>
</iteration>
<iteration i="600">
<sensors>[[8.99999999999974,5.5204791522512E-14,151.850000381465]]</sensors>
<obstacles>[[2.51226666779257, 2.92880365485325]]</obstacles>
<global-best>13.029232150496</global-best>
</iteration>
<iterations>600</iterations>
<elapsed-time>3019</elapsed-time>
<average-time>0</average-time>
</simulation>