<?xml version="1.0" encoding="UTF-8"?>
<simulation>
<software>charlie-simulation-framework; v1.0.0; Jakob Rieke</software>
<system>Unix; Unix 18.2.0.0; 18.2.0.0</system>
<datetime>7/9/2019 3:00:39 PM</datetime>
<title>Static Sensor Positioning</title>
<meta>Author: Jakob Rieke; Version v1.3.4; Deterministic: No</meta>
<configuration>
  Zoom = 40
  SizeTeamA = 1
  SizeTeamB = 1
  FieldHeight = 9
  FieldWidth = 6
  PlayerSensorRange = 12
  PlayerSensorFOV = 56.3
  PlayerSize = 0.1555
  Optimizer = SPSO-2006
  </configuration>
<iteration i="0">
<sensors>[[0.412765924818814,0.269503619056195,49.9667232111096]]</sensors>
<obstacles>[[4.55811392236501, 3.59418497141451]]</obstacles>
<global-best>24.6394629240331</global-best>
</iteration>
<iteration i="600">
<sensors>[[9,1.5451517675849E-16,151.85000038147]]</sensors>
<obstacles>[[4.55811392236501, 3.59418497141451]]</obstacles>
<global-best>13.596784830892</global-best>
</iteration>
<iterations>600</iterations>
<elapsed-time>2918</elapsed-time>
<average-time>0</average-time>
</simulation>