<?xml version="1.0" encoding="UTF-8"?>
<simulation>
<software>charlie-simulation-framework; v1.0.0; Jakob Rieke</software>
<system>Unix; Unix 18.2.0.0; 18.2.0.0</system>
<datetime>7/9/2019 3:04:29 PM</datetime>
<title>Static Sensor Positioning</title>
<meta>Author: Jakob Rieke; Version v1.3.4; Deterministic: No</meta>
<configuration>
  Zoom = 40
  SizeTeamA = 1
  SizeTeamB = 1
  FieldHeight = 9
  FieldWidth = 6
  PlayerSensorRange = 12
  PlayerSensorFOV = 56.3
  PlayerSize = 0.1555
  Optimizer = SPSO-2006
  </configuration>
<iteration i="0">
<sensors>[[7.98770450544544,3.65619978681207,190.212121903896]]</sensors>
<obstacles>[[2.52817996451631, 3.59839410753921]]</obstacles>
<global-best>23.97311919428</global-best>
</iteration>
<iteration i="600">
<sensors>[[9,6,208.14999961853]]</sensors>
<obstacles>[[2.52817996451631, 3.59839410753921]]</obstacles>
<global-best>13.0084597825235</global-best>
</iteration>
<iterations>600</iterations>
<elapsed-time>2955</elapsed-time>
<average-time>0</average-time>
</simulation>