<?xml version="1.0" encoding="UTF-8"?>
<simulation>
<software>charlie-simulation-framework; v1.0.0; Jakob Rieke</software>
<system>Unix; Unix 18.2.0.0; 18.2.0.0</system>
<datetime>7/9/2019 3:01:12 PM</datetime>
<title>Static Sensor Positioning</title>
<meta>Author: Jakob Rieke; Version v1.3.4; Deterministic: No</meta>
<configuration>
  Zoom = 40
  SizeTeamA = 1
  SizeTeamB = 1
  FieldHeight = 9
  FieldWidth = 6
  PlayerSensorRange = 12
  PlayerSensorFOV = 56.3
  PlayerSize = 0.1555
  Optimizer = SPSO-2006
  </configuration>
<iteration i="0">
<sensors>[[1.17091388208792,1.33188867196441,2.41085370071232]]</sensors>
<obstacles>[[5.52698646462522, 1.59195449016988]]</obstacles>
<global-best>28.8318440226347</global-best>
</iteration>
<iteration i="600">
<sensors>[[9,5.99999999999997,208.149999618541]]</sensors>
<obstacles>[[5.52698646462522, 1.59195449016988]]</obstacles>
<global-best>12.7510257176617</global-best>
</iteration>
<iterations>600</iterations>
<elapsed-time>2958</elapsed-time>
<average-time>0</average-time>
</simulation>