<?xml version="1.0" encoding="UTF-8"?>
<simulation>
<software>charlie-simulation-framework; v1.0.0; Jakob Rieke</software>
<system>Unix; Unix 18.2.0.0; 18.2.0.0</system>
<datetime>7/9/2019 3:04:23 PM</datetime>
<title>Static Sensor Positioning</title>
<meta>Author: Jakob Rieke; Version v1.3.4; Deterministic: No</meta>
<configuration>
  Zoom = 40
  SizeTeamA = 1
  SizeTeamB = 1
  FieldHeight = 9
  FieldWidth = 6
  PlayerSensorRange = 12
  PlayerSensorFOV = 56.3
  PlayerSize = 0.1555
  Optimizer = SPSO-2006
  </configuration>
<iteration i="0">
<sensors>[[0.574835749575868,0.728372977115214,17.0636830944568]]</sensors>
<obstacles>[[8.18743710033596, 1.82638408010826]]</obstacles>
<global-best>18.8645476967617</global-best>
</iteration>
<iteration i="600">
<sensors>[[8.99999999999003,5.99999999999297,208.149999618472]]</sensors>
<obstacles>[[8.18743710033596, 1.82638408010826]]</obstacles>
<global-best>12.0045080811132</global-best>
</iteration>
<iterations>600</iterations>
<elapsed-time>2897</elapsed-time>
<average-time>0</average-time>
</simulation>