<?xml version="1.0" encoding="UTF-8"?>
<simulation>
<software>charlie-simulation-framework; v1.0.0; Jakob Rieke</software>
<system>Unix; Unix 18.2.0.0; 18.2.0.0</system>
<datetime>7/9/2019 3:04:20 PM</datetime>
<title>Static Sensor Positioning</title>
<meta>Author: Jakob Rieke; Version v1.3.4; Deterministic: No</meta>
<configuration>
  Zoom = 40
  SizeTeamA = 1
  SizeTeamB = 1
  FieldHeight = 9
  FieldWidth = 6
  PlayerSensorRange = 12
  PlayerSensorFOV = 56.3
  PlayerSize = 0.1555
  Optimizer = SPSO-2006
  </configuration>
<iteration i="0">
<sensors>[[8.99628166202456,5.8592626908794,203.376014577225]]</sensors>
<obstacles>[[3.74908457952552, 3.39419959997758]]</obstacles>
<global-best>15.5329915050149</global-best>
</iteration>
<iteration i="600">
<sensors>[[8.9999999999996,5.99999999999894,208.149999618522]]</sensors>
<obstacles>[[3.74908457952552, 3.39419959997758]]</obstacles>
<global-best>13.7731978331987</global-best>
</iteration>
<iterations>600</iterations>
<elapsed-time>2922</elapsed-time>
<average-time>0</average-time>
</simulation>