<?xml version="1.0" encoding="UTF-8"?>
<simulation>
<software>charlie-simulation-framework; v1.0.0; Jakob Rieke</software>
<system>Unix; Unix 18.2.0.0; 18.2.0.0</system>
<datetime>7/9/2019 3:00:15 PM</datetime>
<title>Static Sensor Positioning</title>
<meta>Author: Jakob Rieke; Version v1.3.4; Deterministic: No</meta>
<configuration>
  Zoom = 40
  SizeTeamA = 1
  SizeTeamB = 1
  FieldHeight = 9
  FieldWidth = 6
  PlayerSensorRange = 12
  PlayerSensorFOV = 56.3
  PlayerSize = 0.1555
  Optimizer = SPSO-2006
  </configuration>
<iteration i="0">
<sensors>[[8.84603543579578,3.9683305551298,223.63672669977]]</sensors>
<obstacles>[[3.00901962281205, 3.82036925945431]]</obstacles>
<global-best>32.3276976462434</global-best>
</iteration>
<iteration i="600">
<sensors>[[2.74606318606156E-15,1.97094622890154E-14,28.1499996185302]]</sensors>
<obstacles>[[3.00901962281205, 3.82036925945431]]</obstacles>
<global-best>13.1168308239644</global-best>
</iteration>
<iterations>600</iterations>
<elapsed-time>2841</elapsed-time>
<average-time>0</average-time>
</simulation>