<?xml version="1.0" encoding="UTF-8"?>
<simulation>
<software>charlie-simulation-framework; v1.0.0; Jakob Rieke</software>
<system>Unix; Unix 18.2.0.0; 18.2.0.0</system>
<datetime>7/9/2019 3:01:02 PM</datetime>
<title>Static Sensor Positioning</title>
<meta>Author: Jakob Rieke; Version v1.3.4; Deterministic: No</meta>
<configuration>
  Zoom = 40
  SizeTeamA = 1
  SizeTeamB = 1
  FieldHeight = 9
  FieldWidth = 6
  PlayerSensorRange = 12
  PlayerSensorFOV = 56.3
  PlayerSize = 0.1555
  Optimizer = SPSO-2006
  </configuration>
<iteration i="0">
<sensors>[[6.86512926849537,5.92727171257138,215.95381340012]]</sensors>
<obstacles>[[3.19369435706176, 3.86681046942249]]</obstacles>
<global-best>26.704626973722</global-best>
</iteration>
<iteration i="600">
<sensors>[[4.29360681112436E-15,2.88952899207094E-15,28.1499996185303]]</sensors>
<obstacles>[[3.19369435706176, 3.86681046942249]]</obstacles>
<global-best>13.1055520325431</global-best>
</iteration>
<iterations>600</iterations>
<elapsed-time>2888</elapsed-time>
<average-time>0</average-time>
</simulation>