<?xml version="1.0" encoding="UTF-8"?>
<simulation>
<software>charlie-simulation-framework; v1.0.0; Jakob Rieke</software>
<system>Unix; Unix 18.2.0.0; 18.2.0.0</system>
<datetime>7/9/2019 3:01:24 PM</datetime>
<title>Static Sensor Positioning</title>
<meta>Author: Jakob Rieke; Version v1.3.4; Deterministic: No</meta>
<configuration>
  Zoom = 40
  SizeTeamA = 1
  SizeTeamB = 1
  FieldHeight = 9
  FieldWidth = 6
  PlayerSensorRange = 12
  PlayerSensorFOV = 56.3
  PlayerSize = 0.1555
  Optimizer = SPSO-2006
  </configuration>
<iteration i="0">
<sensors>[[0.920848025707528,5.28571800095961,346.300800265744]]</sensors>
<obstacles>[[3.36316412617452, 0.782546526286751]]</obstacles>
<global-best>22.1119474891052</global-best>
</iteration>
<iteration i="600">
<sensors>[[4.79528756595306E-15,5.99999999999999,331.85000038147]]</sensors>
<obstacles>[[3.36316412617452, 0.782546526286751]]</obstacles>
<global-best>12.0698872575513</global-best>
</iteration>
<iterations>600</iterations>
<elapsed-time>3060</elapsed-time>
<average-time>0</average-time>
</simulation>