<?xml version="1.0" encoding="UTF-8"?>
<simulation>
<software>charlie-simulation-framework; v1.0.0; Jakob Rieke</software>
<system>Unix; Unix 18.2.0.0; 18.2.0.0</system>
<datetime>7/9/2019 3:02:41 PM</datetime>
<title>Static Sensor Positioning</title>
<meta>Author: Jakob Rieke; Version v1.3.4; Deterministic: No</meta>
<configuration>
  Zoom = 40
  SizeTeamA = 1
  SizeTeamB = 1
  FieldHeight = 9
  FieldWidth = 6
  PlayerSensorRange = 12
  PlayerSensorFOV = 56.3
  PlayerSize = 0.1555
  Optimizer = SPSO-2006
  </configuration>
<iteration i="0">
<sensors>[[8.54099364881404,1.96391595387831,174.046519668773]]</sensors>
<obstacles>[[6.87137440033257, 3.57929178094491]]</obstacles>
<global-best>19.5089841292073</global-best>
</iteration>
<iteration i="600">
<sensors>[[9,1.03774603330392E-14,151.85000038147]]</sensors>
<obstacles>[[6.87137440033257, 3.57929178094491]]</obstacles>
<global-best>12.0045080810308</global-best>
</iteration>
<iterations>600</iterations>
<elapsed-time>2891</elapsed-time>
<average-time>0</average-time>
</simulation>