<?xml version="1.0" encoding="UTF-8"?>
<simulation>
<software>charlie-simulation-framework; v1.0.0; Jakob Rieke</software>
<system>Unix; Unix 18.2.0.0; 18.2.0.0</system>
<datetime>7/9/2019 3:02:00 PM</datetime>
<title>Static Sensor Positioning</title>
<meta>Author: Jakob Rieke; Version v1.3.4; Deterministic: No</meta>
<configuration>
  Zoom = 40
  SizeTeamA = 1
  SizeTeamB = 1
  FieldHeight = 9
  FieldWidth = 6
  PlayerSensorRange = 12
  PlayerSensorFOV = 56.3
  PlayerSize = 0.1555
  Optimizer = SPSO-2006
  </configuration>
<iteration i="0">
<sensors>[[7.58517506578937,0.849167184904218,162.140353275463]]</sensors>
<obstacles>[[6.0343446393963, 4.21406780881807]]</obstacles>
<global-best>23.2808541534158</global-best>
</iteration>
<iteration i="600">
<sensors>[[5.63124096602721E-09,3.09298120138962E-12,28.1499996185535]]</sensors>
<obstacles>[[6.0343446393963, 4.21406780881807]]</obstacles>
<global-best>13.183566944961</global-best>
</iteration>
<iterations>600</iterations>
<elapsed-time>3037</elapsed-time>
<average-time>0</average-time>
</simulation>