<?xml version="1.0" encoding="UTF-8"?>
<simulation>
<software>charlie-simulation-framework; v1.0.0; Jakob Rieke</software>
<system>Unix; Unix 18.2.0.0; 18.2.0.0</system>
<datetime>7/9/2019 3:00:00 PM</datetime>
<title>Static Sensor Positioning</title>
<meta>Author: Jakob Rieke; Version v1.3.4; Deterministic: No</meta>
<configuration>
  Zoom = 40
  SizeTeamA = 1
  SizeTeamB = 1
  FieldHeight = 9
  FieldWidth = 6
  PlayerSensorRange = 12
  PlayerSensorFOV = 56.3
  PlayerSize = 0.1555
  Optimizer = SPSO-2006
  </configuration>
<iteration i="0">
<sensors>[[0.0773089625872672,4.32336797984317,326.669021062553]]</sensors>
<obstacles>[[6.32139323581941, 4.54591561574489]]</obstacles>
<global-best>24.1116881758741</global-best>
</iteration>
<iteration i="600">
<sensors>[[9,1.51894933950298E-15,151.85000038147]]</sensors>
<obstacles>[[6.32139323581941, 4.54591561574489]]</obstacles>
<global-best>12.0045080810307</global-best>
</iteration>
<iterations>600</iterations>
<elapsed-time>2892</elapsed-time>
<average-time>0</average-time>
</simulation>