<?xml version="1.0" encoding="UTF-8"?>
<simulation>
<software>charlie-simulation-framework; v1.0.0; Jakob Rieke</software>
<system>Unix; Unix 18.2.0.0; 18.2.0.0</system>
<datetime>7/9/2019 3:00:08 PM</datetime>
<title>Static Sensor Positioning</title>
<meta>Author: Jakob Rieke; Version v1.3.4; Deterministic: No</meta>
<configuration>
  Zoom = 40
  SizeTeamA = 1
  SizeTeamB = 1
  FieldHeight = 9
  FieldWidth = 6
  PlayerSensorRange = 12
  PlayerSensorFOV = 56.3
  PlayerSize = 0.1555
  Optimizer = SPSO-2006
  </configuration>
<iteration i="0">
<sensors>[[1.29520593909547,0.844007318839431,8.05986399762332]]</sensors>
<obstacles>[[4.79886358464137, 2.58999456558377]]</obstacles>
<global-best>29.2398027028302</global-best>
</iteration>
<iteration i="600">
<sensors>[[8.99999883772519,5.99992008817763,208.149014291927]]</sensors>
<obstacles>[[4.79886358464137, 2.58999456558377]]</obstacles>
<global-best>13.7737640829094</global-best>
</iteration>
<iterations>600</iterations>
<elapsed-time>3228</elapsed-time>
<average-time>0</average-time>
</simulation>