<?xml version="1.0" encoding="UTF-8"?>
<simulation>
<software>charlie-simulation-framework; v1.0.0; Jakob Rieke</software>
<system>Unix; Unix 18.2.0.0; 18.2.0.0</system>
<datetime>7/9/2019 3:03:26 PM</datetime>
<title>Static Sensor Positioning</title>
<meta>Author: Jakob Rieke; Version v1.3.4; Deterministic: No</meta>
<configuration>
  Zoom = 40
  SizeTeamA = 1
  SizeTeamB = 1
  FieldHeight = 9
  FieldWidth = 6
  PlayerSensorRange = 12
  PlayerSensorFOV = 56.3
  PlayerSize = 0.1555
  Optimizer = SPSO-2006
  </configuration>
<iteration i="0">
<sensors>[[0.521569373086095,1.27011371869594,18.2319823466241]]</sensors>
<obstacles>[[4.32375444495119, 2.65750132966787]]</obstacles>
<global-best>20.9057613410124</global-best>
</iteration>
<iteration i="600">
<sensors>[[9,5.9999999999595,208.14999961821]]</sensors>
<obstacles>[[4.32375444495119, 2.65750132966787]]</obstacles>
<global-best>13.9969649216209</global-best>
</iteration>
<iterations>600</iterations>
<elapsed-time>3462</elapsed-time>
<average-time>0</average-time>
</simulation>