<?xml version="1.0" encoding="UTF-8"?>
<simulation>
<software>charlie-simulation-framework; v1.0.0; Jakob Rieke</software>
<system>Unix; Unix 18.2.0.0; 18.2.0.0</system>
<datetime>7/9/2019 3:04:17 PM</datetime>
<title>Static Sensor Positioning</title>
<meta>Author: Jakob Rieke; Version v1.3.4; Deterministic: No</meta>
<configuration>
  Zoom = 40
  SizeTeamA = 1
  SizeTeamB = 1
  FieldHeight = 9
  FieldWidth = 6
  PlayerSensorRange = 12
  PlayerSensorFOV = 56.3
  PlayerSize = 0.1555
  Optimizer = SPSO-2006
  </configuration>
<iteration i="0">
<sensors>[[8.96311189373955,1.20473885815591,160.876031108201]]</sensors>
<obstacles>[[5.62401021667756, 4.39398667914793]]</obstacles>
<global-best>16.3182025548264</global-best>
</iteration>
<iteration i="600">
<sensors>[[9,2.71335878258836E-15,151.85000038147]]</sensors>
<obstacles>[[5.62401021667756, 4.39398667914793]]</obstacles>
<global-best>12.7518869947432</global-best>
</iteration>
<iterations>600</iterations>
<elapsed-time>3018</elapsed-time>
<average-time>0</average-time>
</simulation>