<?xml version="1.0" encoding="UTF-8"?>
<simulation>
<software>charlie-simulation-framework; v1.0.0; Jakob Rieke</software>
<system>Unix; Unix 18.2.0.0; 18.2.0.0</system>
<datetime>7/9/2019 3:03:50 PM</datetime>
<title>Static Sensor Positioning</title>
<meta>Author: Jakob Rieke; Version v1.3.4; Deterministic: No</meta>
<configuration>
  Zoom = 40
  SizeTeamA = 1
  SizeTeamB = 1
  FieldHeight = 9
  FieldWidth = 6
  PlayerSensorRange = 12
  PlayerSensorFOV = 56.3
  PlayerSize = 0.1555
  Optimizer = SPSO-2006
  </configuration>
<iteration i="0">
<sensors>[[0.380418836139143,0.781331488396972,26.9099756609648]]</sensors>
<obstacles>[[6.70866175484844, 3.37483840389177]]</obstacles>
<global-best>18.6378840199522</global-best>
</iteration>
<iteration i="600">
<sensors>[[8.99999999999998,5.80962343352887E-14,151.850000381473]]</sensors>
<obstacles>[[6.70866175484844, 3.37483840389177]]</obstacles>
<global-best>12.8657658934388</global-best>
</iteration>
<iterations>600</iterations>
<elapsed-time>2975</elapsed-time>
<average-time>0</average-time>
</simulation>