<?xml version="1.0" encoding="UTF-8"?>
<simulation>
<software>charlie-simulation-framework; v1.0.0; Jakob Rieke</software>
<system>Unix; Unix 18.2.0.0; 18.2.0.0</system>
<datetime>7/9/2019 3:04:05 PM</datetime>
<title>Static Sensor Positioning</title>
<meta>Author: Jakob Rieke; Version v1.3.4; Deterministic: No</meta>
<configuration>
  Zoom = 40
  SizeTeamA = 1
  SizeTeamB = 1
  FieldHeight = 9
  FieldWidth = 6
  PlayerSensorRange = 12
  PlayerSensorFOV = 56.3
  PlayerSize = 0.1555
  Optimizer = SPSO-2006
  </configuration>
<iteration i="0">
<sensors>[[8.76866832794622,5.36051129177213,229.709385121241]]</sensors>
<obstacles>[[2.86246702889912, 4.84446107642725]]</obstacles>
<global-best>25.2760897764671</global-best>
</iteration>
<iteration i="600">
<sensors>[[2.85680295033964E-14,5.63062179162554E-15,28.1499996185303]]</sensors>
<obstacles>[[2.86246702889912, 4.84446107642725]]</obstacles>
<global-best>12.0045080810309</global-best>
</iteration>
<iterations>600</iterations>
<elapsed-time>2838</elapsed-time>
<average-time>0</average-time>
</simulation>