<?xml version="1.0" encoding="UTF-8"?>
<simulation>
<software>charlie-simulation-framework; v1.0.0; Jakob Rieke</software>
<system>Unix; Unix 18.2.0.0; 18.2.0.0</system>
<datetime>7/9/2019 2:59:57 PM</datetime>
<title>Static Sensor Positioning</title>
<meta>Author: Jakob Rieke; Version v1.3.4; Deterministic: No</meta>
<configuration>
  Zoom = 40
  SizeTeamA = 1
  SizeTeamB = 1
  FieldHeight = 9
  FieldWidth = 6
  PlayerSensorRange = 12
  PlayerSensorFOV = 56.3
  PlayerSize = 0.1555
  Optimizer = SPSO-2006
  </configuration>
<iteration i="0">
<sensors>[[0.521376306423917,0.637435656040907,32.4746349267662]]</sensors>
<obstacles>[[5.20518142241053, 5.51164970174432]]</obstacles>
<global-best>19.5677156038097</global-best>
</iteration>
<iteration i="600">
<sensors>[[9,1.55082459722379E-15,151.85000038147]]</sensors>
<obstacles>[[5.20518142241053, 5.51164970174432]]</obstacles>
<global-best>12.1691152794045</global-best>
</iteration>
<iterations>600</iterations>
<elapsed-time>2761</elapsed-time>
<average-time>0</average-time>
</simulation>