<?xml version="1.0" encoding="UTF-8"?>
<simulation>
<software>charlie-simulation-framework; v1.0.0; Jakob Rieke</software>
<system>Unix; Unix 18.2.0.0; 18.2.0.0</system>
<datetime>7/9/2019 3:00:45 PM</datetime>
<title>Static Sensor Positioning</title>
<meta>Author: Jakob Rieke; Version v1.3.4; Deterministic: No</meta>
<configuration>
  Zoom = 40
  SizeTeamA = 1
  SizeTeamB = 1
  FieldHeight = 9
  FieldWidth = 6
  PlayerSensorRange = 12
  PlayerSensorFOV = 56.3
  PlayerSize = 0.1555
  Optimizer = SPSO-2006
  </configuration>
<iteration i="0">
<sensors>[[8.8799081670586,5.71244073612615,192.998401634395]]</sensors>
<obstacles>[[3.88144773244858, 2.77276922995225]]</obstacles>
<global-best>21.4915954834621</global-best>
</iteration>
<iteration i="600">
<sensors>[[9,1.50684750359086E-15,151.85000038147]]</sensors>
<obstacles>[[3.88144773244858, 2.77276922995225]]</obstacles>
<global-best>13.9004602683823</global-best>
</iteration>
<iterations>600</iterations>
<elapsed-time>3016</elapsed-time>
<average-time>0</average-time>
</simulation>