<?xml version="1.0" encoding="UTF-8"?>
<simulation>
<software>charlie-simulation-framework; v1.0.0; Jakob Rieke</software>
<system>Unix; Unix 18.2.0.0; 18.2.0.0</system>
<datetime>7/9/2019 3:02:15 PM</datetime>
<title>Static Sensor Positioning</title>
<meta>Author: Jakob Rieke; Version v1.3.4; Deterministic: No</meta>
<configuration>
  Zoom = 40
  SizeTeamA = 1
  SizeTeamB = 1
  FieldHeight = 9
  FieldWidth = 6
  PlayerSensorRange = 12
  PlayerSensorFOV = 56.3
  PlayerSize = 0.1555
  Optimizer = SPSO-2006
  </configuration>
<iteration i="0">
<sensors>[[7.2184150647372,0.0367696196772158,155.308641605079]]</sensors>
<obstacles>[[4.08543208125047, 4.93324702838436]]</obstacles>
<global-best>24.1762758994735</global-best>
</iteration>
<iteration i="600">
<sensors>[[1.3995635286817E-13,2.30501311269927E-13,28.1499996185263]]</sensors>
<obstacles>[[4.08543208125047, 4.93324702838436]]</obstacles>
<global-best>12.4837463128922</global-best>
</iteration>
<iterations>600</iterations>
<elapsed-time>2942</elapsed-time>
<average-time>0</average-time>
</simulation>