<?xml version="1.0" encoding="UTF-8"?>
<simulation>
<software>charlie-simulation-framework; v1.0.0; Jakob Rieke</software>
<system>Unix; Unix 18.2.0.0; 18.2.0.0</system>
<datetime>7/9/2019 3:02:54 PM</datetime>
<title>Static Sensor Positioning</title>
<meta>Author: Jakob Rieke; Version v1.3.4; Deterministic: No</meta>
<configuration>
  Zoom = 40
  SizeTeamA = 1
  SizeTeamB = 1
  FieldHeight = 9
  FieldWidth = 6
  PlayerSensorRange = 12
  PlayerSensorFOV = 56.3
  PlayerSize = 0.1555
  Optimizer = SPSO-2006
  </configuration>
<iteration i="0">
<sensors>[[0.0924237028229982,5.76965230191126,297.739043449983]]</sensors>
<obstacles>[[3.38593663810752, 1.91030016448349]]</obstacles>
<global-best>30.2844728562286</global-best>
</iteration>
<iteration i="600">
<sensors>[[2.92998744611461E-14,5.99999999999962,331.850000381471]]</sensors>
<obstacles>[[3.38593663810752, 1.91030016448349]]</obstacles>
<global-best>12.9588088502425</global-best>
</iteration>
<iterations>600</iterations>
<elapsed-time>2965</elapsed-time>
<average-time>0</average-time>
</simulation>