<?xml version="1.0" encoding="UTF-8"?>
<simulation>
<software>charlie-simulation-framework; v1.0.0; Jakob Rieke</software>
<system>Unix; Unix 18.2.0.0; 18.2.0.0</system>
<datetime>7/9/2019 3:01:33 PM</datetime>
<title>Static Sensor Positioning</title>
<meta>Author: Jakob Rieke; Version v1.3.4; Deterministic: No</meta>
<configuration>
  Zoom = 40
  SizeTeamA = 1
  SizeTeamB = 1
  FieldHeight = 9
  FieldWidth = 6
  PlayerSensorRange = 12
  PlayerSensorFOV = 56.3
  PlayerSize = 0.1555
  Optimizer = SPSO-2006
  </configuration>
<iteration i="0">
<sensors>[[8.35012455401011,4.81432561855763,205.287136780098]]</sensors>
<obstacles>[[7.91827316768467, 4.05978500610217]]</obstacles>
<global-best>21.7885501770744</global-best>
</iteration>
<iteration i="600">
<sensors>[[9,2.38785609872227E-14,151.85000038147]]</sensors>
<obstacles>[[7.91827316768467, 4.05978500610217]]</obstacles>
<global-best>12.0045080810308</global-best>
</iteration>
<iterations>600</iterations>
<elapsed-time>2834</elapsed-time>
<average-time>0</average-time>
</simulation>