<?xml version="1.0" encoding="UTF-8"?>
<simulation>
<software>charlie-simulation-framework; v1.0.0; Jakob Rieke</software>
<system>Unix; Unix 18.2.0.0; 18.2.0.0</system>
<datetime>7/9/2019 3:01:15 PM</datetime>
<title>Static Sensor Positioning</title>
<meta>Author: Jakob Rieke; Version v1.3.4; Deterministic: No</meta>
<configuration>
  Zoom = 40
  SizeTeamA = 1
  SizeTeamB = 1
  FieldHeight = 9
  FieldWidth = 6
  PlayerSensorRange = 12
  PlayerSensorFOV = 56.3
  PlayerSize = 0.1555
  Optimizer = SPSO-2006
  </configuration>
<iteration i="0">
<sensors>[[7.42564758332446,5.94831207627431,224.941645776853]]</sensors>
<obstacles>[[7.09951410954818, 4.56009986065328]]</obstacles>
<global-best>24.3627495513072</global-best>
</iteration>
<iteration i="600">
<sensors>[[8.99999999999999,4.98114558864071E-14,151.85000038147]]</sensors>
<obstacles>[[7.09951410954818, 4.56009986065328]]</obstacles>
<global-best>12.004508081031</global-best>
</iteration>
<iterations>600</iterations>
<elapsed-time>3014</elapsed-time>
<average-time>0</average-time>
</simulation>