<?xml version="1.0" encoding="UTF-8"?>
<simulation>
<software>charlie-simulation-framework; v1.0.0; Jakob Rieke</software>
<system>Unix; Unix 18.2.0.0; 18.2.0.0</system>
<datetime>7/9/2019 3:02:44 PM</datetime>
<title>Static Sensor Positioning</title>
<meta>Author: Jakob Rieke; Version v1.3.4; Deterministic: No</meta>
<configuration>
  Zoom = 40
  SizeTeamA = 1
  SizeTeamB = 1
  FieldHeight = 9
  FieldWidth = 6
  PlayerSensorRange = 12
  PlayerSensorFOV = 56.3
  PlayerSize = 0.1555
  Optimizer = SPSO-2006
  </configuration>
<iteration i="0">
<sensors>[[0.826012000674382,0.500990050379187,40.3845907654613]]</sensors>
<obstacles>[[5.64072283683345, 2.9512933222577]]</obstacles>
<global-best>23.8240993851107</global-best>
</iteration>
<iteration i="600">
<sensors>[[2.48342890896886E-15,5.5051310728683E-16,28.1499996185303]]</sensors>
<obstacles>[[5.64072283683345, 2.9512933222577]]</obstacles>
<global-best>13.5367509996542</global-best>
</iteration>
<iterations>600</iterations>
<elapsed-time>3090</elapsed-time>
<average-time>0</average-time>
</simulation>