<?xml version="1.0" encoding="UTF-8"?>
<simulation>
<software>charlie-simulation-framework; v1.0.0; Jakob Rieke</software>
<system>Unix; Unix 18.2.0.0; 18.2.0.0</system>
<datetime>7/9/2019 3:03:30 PM</datetime>
<title>Static Sensor Positioning</title>
<meta>Author: Jakob Rieke; Version v1.3.4; Deterministic: No</meta>
<configuration>
  Zoom = 40
  SizeTeamA = 1
  SizeTeamB = 1
  FieldHeight = 9
  FieldWidth = 6
  PlayerSensorRange = 12
  PlayerSensorFOV = 56.3
  PlayerSize = 0.1555
  Optimizer = SPSO-2006
  </configuration>
<iteration i="0">
<sensors>[[8.67382080084644,1.83698607981205,161.763736177236]]</sensors>
<obstacles>[[6.29968030122109, 0.091107901185751]]</obstacles>
<global-best>19.5720070760334</global-best>
</iteration>
<iteration i="600">
<sensors>[[9,5.99999999999999,208.14999961853]]</sensors>
<obstacles>[[6.29968030122109, 0.091107901185751]]</obstacles>
<global-best>12.0045080810307</global-best>
</iteration>
<iterations>600</iterations>
<elapsed-time>3521</elapsed-time>
<average-time>0</average-time>
</simulation>