<?xml version="1.0" encoding="UTF-8"?>
<simulation>
<software>charlie-simulation-framework; v1.0.0; Jakob Rieke</software>
<system>Unix; Unix 18.2.0.0; 18.2.0.0</system>
<datetime>7/9/2019 2:59:48 PM</datetime>
<title>Static Sensor Positioning</title>
<meta>Author: Jakob Rieke; Version v1.3.4; Deterministic: No</meta>
<configuration>
  Zoom = 40
  SizeTeamA = 1
  SizeTeamB = 1
  FieldHeight = 9
  FieldWidth = 6
  PlayerSensorRange = 12
  PlayerSensorFOV = 56.3
  PlayerSize = 0.1555
  Optimizer = SPSO-2006
  </configuration>
<iteration i="0">
<sensors>[[1.84353475808166,0.115434288047254,62.3350131791085]]</sensors>
<obstacles>[[5.31021067779511, 3.76470868242905]]</obstacles>
<global-best>30.3901454982783</global-best>
</iteration>
<iteration i="600">
<sensors>[[9,4.57251180719023E-15,151.85000038147]]</sensors>
<obstacles>[[5.31021067779511, 3.76470868242905]]</obstacles>
<global-best>13.2705975772101</global-best>
</iteration>
<iterations>600</iterations>
<elapsed-time>2773</elapsed-time>
<average-time>0</average-time>
</simulation>