<?xml version="1.0" encoding="UTF-8"?>
<simulation>
<software>charlie-simulation-framework; v1.0.0; Jakob Rieke</software>
<system>Unix; Unix 18.2.0.0; 18.2.0.0</system>
<datetime>7/9/2019 3:03:33 PM</datetime>
<title>Static Sensor Positioning</title>
<meta>Author: Jakob Rieke; Version v1.3.4; Deterministic: No</meta>
<configuration>
  Zoom = 40
  SizeTeamA = 1
  SizeTeamB = 1
  FieldHeight = 9
  FieldWidth = 6
  PlayerSensorRange = 12
  PlayerSensorFOV = 56.3
  PlayerSize = 0.1555
  Optimizer = SPSO-2006
  </configuration>
<iteration i="0">
<sensors>[[1.94304052577354,0.357370218727738,62.5677092280239]]</sensors>
<obstacles>[[6.9711416750215, 4.61981298727915]]</obstacles>
<global-best>31.8157052322466</global-best>
</iteration>
<iteration i="600">
<sensors>[[8.99999999997252,4.2258409645584E-11,151.850000381825]]</sensors>
<obstacles>[[6.9711416750215, 4.61981298727915]]</obstacles>
<global-best>12.0045080813318</global-best>
</iteration>
<iterations>600</iterations>
<elapsed-time>4246</elapsed-time>
<average-time>0</average-time>
</simulation>