<?xml version="1.0" encoding="UTF-8"?>
<simulation>
<software>charlie-simulation-framework; v1.0.0; Jakob Rieke</software>
<system>Unix; Unix 18.2.0.0; 18.2.0.0</system>
<datetime>7/9/2019 3:00:59 PM</datetime>
<title>Static Sensor Positioning</title>
<meta>Author: Jakob Rieke; Version v1.3.4; Deterministic: No</meta>
<configuration>
  Zoom = 40
  SizeTeamA = 1
  SizeTeamB = 1
  FieldHeight = 9
  FieldWidth = 6
  PlayerSensorRange = 12
  PlayerSensorFOV = 56.3
  PlayerSize = 0.1555
  Optimizer = SPSO-2006
  </configuration>
<iteration i="0">
<sensors>[[7.77936829347163,5.56968772457913,203.033136818558]]</sensors>
<obstacles>[[1.8102724913042, 1.18909935001284]]</obstacles>
<global-best>21.5404349600367</global-best>
</iteration>
<iteration i="600">
<sensors>[[9,3.16185908361448E-15,151.85000038147]]</sensors>
<obstacles>[[1.8102724913042, 1.18909935001284]]</obstacles>
<global-best>12.6481910572485</global-best>
</iteration>
<iterations>600</iterations>
<elapsed-time>2781</elapsed-time>
<average-time>0</average-time>
</simulation>