<?xml version="1.0" encoding="UTF-8"?>
<simulation>
<software>charlie-simulation-framework; v1.0.0; Jakob Rieke</software>
<system>Unix; Unix 18.2.0.0; 18.2.0.0</system>
<datetime>7/9/2019 3:04:41 PM</datetime>
<title>Static Sensor Positioning</title>
<meta>Author: Jakob Rieke; Version v1.3.4; Deterministic: No</meta>
<configuration>
  Zoom = 40
  SizeTeamA = 1
  SizeTeamB = 1
  FieldHeight = 9
  FieldWidth = 6
  PlayerSensorRange = 12
  PlayerSensorFOV = 56.3
  PlayerSize = 0.1555
  Optimizer = SPSO-2006
  </configuration>
<iteration i="0">
<sensors>[[6.46767770103179,5.3498685839586,204.299434348941]]</sensors>
<obstacles>[[2.91486525395885, 0.0354181523434818]]</obstacles>
<global-best>28.9919804764875</global-best>
</iteration>
<iteration i="600">
<sensors>[[3.27915977567914E-15,6,331.85000038147]]</sensors>
<obstacles>[[2.91486525395885, 0.0354181523434818]]</obstacles>
<global-best>12.0045080810307</global-best>
</iteration>
<iterations>600</iterations>
<elapsed-time>2816</elapsed-time>
<average-time>0</average-time>
</simulation>