<?xml version="1.0" encoding="UTF-8"?>
<simulation>
<software>charlie-simulation-framework; v1.0.0; Jakob Rieke</software>
<system>Unix; Unix 18.2.0.0; 18.2.0.0</system>
<datetime>7/9/2019 3:00:12 PM</datetime>
<title>Static Sensor Positioning</title>
<meta>Author: Jakob Rieke; Version v1.3.4; Deterministic: No</meta>
<configuration>
  Zoom = 40
  SizeTeamA = 1
  SizeTeamB = 1
  FieldHeight = 9
  FieldWidth = 6
  PlayerSensorRange = 12
  PlayerSensorFOV = 56.3
  PlayerSize = 0.1555
  Optimizer = SPSO-2006
  </configuration>
<iteration i="0">
<sensors>[[0.774972970364615,5.91370095033199,332.081883056089]]</sensors>
<obstacles>[[0.0625800266861916, 4.33632771670818]]</obstacles>
<global-best>16.9869396225109</global-best>
</iteration>
<iteration i="600">
<sensors>[[8.85022531927403E-16,5.99999999999919,331.850000381475]]</sensors>
<obstacles>[[0.0625800266861916, 4.33632771670818]]</obstacles>
<global-best>12.0045080810335</global-best>
</iteration>
<iterations>600</iterations>
<elapsed-time>2739</elapsed-time>
<average-time>0</average-time>
</simulation>