<?xml version="1.0" encoding="UTF-8"?>
<simulation>
<software>charlie-simulation-framework; v1.0.0; Jakob Rieke</software>
<system>Unix; Unix 18.2.0.0; 18.2.0.0</system>
<datetime>7/9/2019 3:04:26 PM</datetime>
<title>Static Sensor Positioning</title>
<meta>Author: Jakob Rieke; Version v1.3.4; Deterministic: No</meta>
<configuration>
  Zoom = 40
  SizeTeamA = 1
  SizeTeamB = 1
  FieldHeight = 9
  FieldWidth = 6
  PlayerSensorRange = 12
  PlayerSensorFOV = 56.3
  PlayerSize = 0.1555
  Optimizer = SPSO-2006
  </configuration>
<iteration i="0">
<sensors>[[0.0774828640278429,0.514930003322661,12.8236371092498]]</sensors>
<obstacles>[[7.65571871772408, 4.23203850444406]]</obstacles>
<global-best>18.7777995959794</global-best>
</iteration>
<iteration i="600">
<sensors>[[9,7.83163313553287E-15,151.85000038147]]</sensors>
<obstacles>[[7.65571871772408, 4.23203850444406]]</obstacles>
<global-best>12.0045080810308</global-best>
</iteration>
<iterations>600</iterations>
<elapsed-time>2882</elapsed-time>
<average-time>0</average-time>
</simulation>