<?xml version="1.0" encoding="UTF-8"?>
<simulation>
<software>charlie-simulation-framework; v1.0.0; Jakob Rieke</software>
<system>Unix; Unix 18.2.0.0; 18.2.0.0</system>
<datetime>7/9/2019 3:04:35 PM</datetime>
<title>Static Sensor Positioning</title>
<meta>Author: Jakob Rieke; Version v1.3.4; Deterministic: No</meta>
<configuration>
  Zoom = 40
  SizeTeamA = 1
  SizeTeamB = 1
  FieldHeight = 9
  FieldWidth = 6
  PlayerSensorRange = 12
  PlayerSensorFOV = 56.3
  PlayerSize = 0.1555
  Optimizer = SPSO-2006
  </configuration>
<iteration i="0">
<sensors>[[6.82272742898203,0.194907498545945,148.511658003554]]</sensors>
<obstacles>[[1.32014208007604, 2.406945603434]]</obstacles>
<global-best>26.1186753531338</global-best>
</iteration>
<iteration i="600">
<sensors>[[2.16513059797179E-15,6,331.85000038147]]</sensors>
<obstacles>[[1.32014208007604, 2.406945603434]]</obstacles>
<global-best>12.0045080810307</global-best>
</iteration>
<iterations>600</iterations>
<elapsed-time>2929</elapsed-time>
<average-time>0</average-time>
</simulation>