<?xml version="1.0" encoding="UTF-8"?>
<simulation>
<software>charlie-simulation-framework; v1.0.0; Jakob Rieke</software>
<system>Unix; Unix 18.2.0.0; 18.2.0.0</system>
<datetime>7/9/2019 3:02:39 PM</datetime>
<title>Static Sensor Positioning</title>
<meta>Author: Jakob Rieke; Version v1.3.4; Deterministic: No</meta>
<configuration>
  Zoom = 40
  SizeTeamA = 1
  SizeTeamB = 1
  FieldHeight = 9
  FieldWidth = 6
  PlayerSensorRange = 12
  PlayerSensorFOV = 56.3
  PlayerSize = 0.1555
  Optimizer = SPSO-2006
  </configuration>
<iteration i="0">
<sensors>[[8.84582205140032,0.657199978362769,158.611474893987]]</sensors>
<obstacles>[[8.27736471430399, 3.62840883806348]]</obstacles>
<global-best>14.9200422606211</global-best>
</iteration>
<iteration i="600">
<sensors>[[9,7.78429632142323E-15,151.85000038147]]</sensors>
<obstacles>[[8.27736471430399, 3.62840883806348]]</obstacles>
<global-best>12.0045080810308</global-best>
</iteration>
<iterations>600</iterations>
<elapsed-time>2755</elapsed-time>
<average-time>0</average-time>
</simulation>