<?xml version="1.0" encoding="UTF-8"?>
<simulation>
<software>charlie-simulation-framework; v1.0.0; Jakob Rieke</software>
<system>Unix; Unix 18.2.0.0; 18.2.0.0</system>
<datetime>7/9/2019 3:00:42 PM</datetime>
<title>Static Sensor Positioning</title>
<meta>Author: Jakob Rieke; Version v1.3.4; Deterministic: No</meta>
<configuration>
  Zoom = 40
  SizeTeamA = 1
  SizeTeamB = 1
  FieldHeight = 9
  FieldWidth = 6
  PlayerSensorRange = 12
  PlayerSensorFOV = 56.3
  PlayerSize = 0.1555
  Optimizer = SPSO-2006
  </configuration>
<iteration i="0">
<sensors>[[0.575711920391768,1.15932431258261,53.1150647811592]]</sensors>
<obstacles>[[5.86487319390289, 0.842548762913793]]</obstacles>
<global-best>31.5411508725546</global-best>
</iteration>
<iteration i="600">
<sensors>[[8.99999999999999,6,208.14999961853]]</sensors>
<obstacles>[[5.86487319390289, 0.842548762913793]]</obstacles>
<global-best>12.0045080810307</global-best>
</iteration>
<iterations>600</iterations>
<elapsed-time>3052</elapsed-time>
<average-time>0</average-time>
</simulation>