<?xml version="1.0" encoding="UTF-8"?>
<simulation>
<software>charlie-simulation-framework; v1.0.0; Jakob Rieke</software>
<system>Unix; Unix 18.2.0.0; 18.2.0.0</system>
<datetime>7/9/2019 3:01:36 PM</datetime>
<title>Static Sensor Positioning</title>
<meta>Author: Jakob Rieke; Version v1.3.4; Deterministic: No</meta>
<configuration>
  Zoom = 40
  SizeTeamA = 1
  SizeTeamB = 1
  FieldHeight = 9
  FieldWidth = 6
  PlayerSensorRange = 12
  PlayerSensorFOV = 56.3
  PlayerSize = 0.1555
  Optimizer = SPSO-2006
  </configuration>
<iteration i="0">
<sensors>[[0.85718064615503,0.688483903650194,13.709261957556]]</sensors>
<obstacles>[[4.85416238405742, 2.67093107197434]]</obstacles>
<global-best>23.9969843308725</global-best>
</iteration>
<iteration i="600">
<sensors>[[3.7197762418112E-15,6,331.85000038147]]</sensors>
<obstacles>[[4.85416238405742, 2.67093107197434]]</obstacles>
<global-best>14.04614749144</global-best>
</iteration>
<iterations>600</iterations>
<elapsed-time>2874</elapsed-time>
<average-time>0</average-time>
</simulation>