<?xml version="1.0" encoding="UTF-8"?>
<simulation>
<software>charlie-simulation-framework; v1.0.0; Jakob Rieke</software>
<system>Unix; Unix 18.2.0.0; 18.2.0.0</system>
<datetime>7/9/2019 3:04:14 PM</datetime>
<title>Static Sensor Positioning</title>
<meta>Author: Jakob Rieke; Version v1.3.4; Deterministic: No</meta>
<configuration>
  Zoom = 40
  SizeTeamA = 1
  SizeTeamB = 1
  FieldHeight = 9
  FieldWidth = 6
  PlayerSensorRange = 12
  PlayerSensorFOV = 56.3
  PlayerSize = 0.1555
  Optimizer = SPSO-2006
  </configuration>
<iteration i="0">
<sensors>[[7.96638945559971,0.126930613070726,152.615703083575]]</sensors>
<obstacles>[[4.5961819596123, 5.9258955870755]]</obstacles>
<global-best>18.6267316592829</global-best>
</iteration>
<iteration i="600">
<sensors>[[3.50054446216056E-15,5.69188400962304E-15,28.1499996185303]]</sensors>
<obstacles>[[4.5961819596123, 5.9258955870755]]</obstacles>
<global-best>12.0355276640602</global-best>
</iteration>
<iterations>600</iterations>
<elapsed-time>2775</elapsed-time>
<average-time>0</average-time>
</simulation>