<?xml version="1.0" encoding="UTF-8"?>
<simulation>
<software>charlie-simulation-framework; v1.0.0; Jakob Rieke</software>
<system>Unix; Unix 18.2.0.0; 18.2.0.0</system>
<datetime>7/9/2019 3:03:06 PM</datetime>
<title>Static Sensor Positioning</title>
<meta>Author: Jakob Rieke; Version v1.3.4; Deterministic: No</meta>
<configuration>
  Zoom = 40
  SizeTeamA = 1
  SizeTeamB = 1
  FieldHeight = 9
  FieldWidth = 6
  PlayerSensorRange = 12
  PlayerSensorFOV = 56.3
  PlayerSize = 0.1555
  Optimizer = SPSO-2006
  </configuration>
<iteration i="0">
<sensors>[[0.210621902486309,1.20240883855149,355.212452374399]]</sensors>
<obstacles>[[5.73912135302089, 5.70844298042357]]</obstacles>
<global-best>27.8622230682456</global-best>
</iteration>
<iteration i="600">
<sensors>[[8.99999999999992,1.43977619598742E-14,151.85000038147]]</sensors>
<obstacles>[[5.73912135302089, 5.70844298042357]]</obstacles>
<global-best>12.0045080810313</global-best>
</iteration>
<iterations>600</iterations>
<elapsed-time>2875</elapsed-time>
<average-time>0</average-time>
</simulation>