<?xml version="1.0" encoding="UTF-8"?>
<simulation>
<software>charlie-simulation-framework; v1.0.0; Jakob Rieke</software>
<system>Unix; Unix 18.2.0.0; 18.2.0.0</system>
<datetime>7/9/2019 3:02:18 PM</datetime>
<title>Static Sensor Positioning</title>
<meta>Author: Jakob Rieke; Version v1.3.4; Deterministic: No</meta>
<configuration>
  Zoom = 40
  SizeTeamA = 1
  SizeTeamB = 1
  FieldHeight = 9
  FieldWidth = 6
  PlayerSensorRange = 12
  PlayerSensorFOV = 56.3
  PlayerSize = 0.1555
  Optimizer = SPSO-2006
  </configuration>
<iteration i="0">
<sensors>[[6.72891601826996,4.52808393258601,205.640883687884]]</sensors>
<obstacles>[[2.4030531286262, 0.833561631850898]]</obstacles>
<global-best>30.4915721506734</global-best>
</iteration>
<iteration i="600">
<sensors>[[1.26073517342803E-15,5.99999999999956,331.850000381472]]</sensors>
<obstacles>[[2.4030531286262, 0.833561631850898]]</obstacles>
<global-best>12.0045080810324</global-best>
</iteration>
<iterations>600</iterations>
<elapsed-time>2889</elapsed-time>
<average-time>0</average-time>
</simulation>