<?xml version="1.0" encoding="UTF-8"?>
<simulation>
<software>charlie-simulation-framework; v1.0.0; Jakob Rieke</software>
<system>Unix; Unix 18.2.0.0; 18.2.0.0</system>
<datetime>7/9/2019 3:03:24 PM</datetime>
<title>Static Sensor Positioning</title>
<meta>Author: Jakob Rieke; Version v1.3.4; Deterministic: No</meta>
<configuration>
  Zoom = 40
  SizeTeamA = 1
  SizeTeamB = 1
  FieldHeight = 9
  FieldWidth = 6
  PlayerSensorRange = 12
  PlayerSensorFOV = 56.3
  PlayerSize = 0.1555
  Optimizer = SPSO-2006
  </configuration>
<iteration i="0">
<sensors>[[7.77194952545688,3.9769866806455,188.390851020813]]</sensors>
<obstacles>[[5.73080119933002, 5.30749190971255]]</obstacles>
<global-best>23.7362502952706</global-best>
</iteration>
<iteration i="600">
<sensors>[[8.99999999995902,2.02597903084601E-08,151.850000560339]]</sensors>
<obstacles>[[5.73080119933002, 5.30749190971255]]</obstacles>
<global-best>12.0045081471337</global-best>
</iteration>
<iterations>600</iterations>
<elapsed-time>2717</elapsed-time>
<average-time>0</average-time>
</simulation>