<?xml version="1.0" encoding="UTF-8"?>
<simulation>
<software>charlie-simulation-framework; v1.0.0; Jakob Rieke</software>
<system>Unix; Unix 18.2.0.0; 18.2.0.0</system>
<datetime>7/9/2019 3:03:57 PM</datetime>
<title>Static Sensor Positioning</title>
<meta>Author: Jakob Rieke; Version v1.3.4; Deterministic: No</meta>
<configuration>
  Zoom = 40
  SizeTeamA = 1
  SizeTeamB = 1
  FieldHeight = 9
  FieldWidth = 6
  PlayerSensorRange = 12
  PlayerSensorFOV = 56.3
  PlayerSize = 0.1555
  Optimizer = SPSO-2006
  </configuration>
<iteration i="0">
<sensors>[[1.90176058933139,5.78666872205213,337.356182802469]]</sensors>
<obstacles>[[8.99740173784085, 5.68427395680919]]</obstacles>
<global-best>25.3065626520341</global-best>
</iteration>
<iteration i="600">
<sensors>[[9,8.6178664902008E-15,151.85000038147]]</sensors>
<obstacles>[[8.99740173784085, 5.68427395680919]]</obstacles>
<global-best>12.0045080810308</global-best>
</iteration>
<iterations>600</iterations>
<elapsed-time>2757</elapsed-time>
<average-time>0</average-time>
</simulation>