<?xml version="1.0" encoding="UTF-8"?>
<simulation>
<software>charlie-simulation-framework; v1.0.0; Jakob Rieke</software>
<system>Unix; Unix 18.2.0.0; 18.2.0.0</system>
<datetime>7/9/2019 3:02:09 PM</datetime>
<title>Static Sensor Positioning</title>
<meta>Author: Jakob Rieke; Version v1.3.4; Deterministic: No</meta>
<configuration>
  Zoom = 40
  SizeTeamA = 1
  SizeTeamB = 1
  FieldHeight = 9
  FieldWidth = 6
  PlayerSensorRange = 12
  PlayerSensorFOV = 56.3
  PlayerSize = 0.1555
  Optimizer = SPSO-2006
  </configuration>
<iteration i="0">
<sensors>[[8.91218772274442,3.61490240273997,169.695888636634]]</sensors>
<obstacles>[[0.460219908272848, 3.01945690345019]]</obstacles>
<global-best>23.6878646523146</global-best>
</iteration>
<iteration i="600">
<sensors>[[3.49661304955348E-15,6,331.85000038147]]</sensors>
<obstacles>[[0.460219908272848, 3.01945690345019]]</obstacles>
<global-best>12.0045080810307</global-best>
</iteration>
<iterations>600</iterations>
<elapsed-time>2834</elapsed-time>
<average-time>0</average-time>
</simulation>