<?xml version="1.0" encoding="UTF-8"?>
<simulation>
<software>charlie-simulation-framework; v1.0.0; Jakob Rieke</software>
<system>Unix; Unix 18.2.0.0; 18.2.0.0</system>
<datetime>7/9/2019 3:00:36 PM</datetime>
<title>Static Sensor Positioning</title>
<meta>Author: Jakob Rieke; Version v1.3.4; Deterministic: No</meta>
<configuration>
  Zoom = 40
  SizeTeamA = 1
  SizeTeamB = 1
  FieldHeight = 9
  FieldWidth = 6
  PlayerSensorRange = 12
  PlayerSensorFOV = 56.3
  PlayerSize = 0.1555
  Optimizer = SPSO-2006
  </configuration>
<iteration i="0">
<sensors>[[2.34251677966677,0.170975821092725,50.7113507855684]]</sensors>
<obstacles>[[8.97249193280004, 5.27404471579939]]</obstacles>
<global-best>27.7618522361894</global-best>
</iteration>
<iteration i="600">
<sensors>[[8.99999999999999,3.35518180307846E-15,151.85000038147]]</sensors>
<obstacles>[[8.97249193280004, 5.27404471579939]]</obstacles>
<global-best>12.0045080810308</global-best>
</iteration>
<iterations>600</iterations>
<elapsed-time>3051</elapsed-time>
<average-time>0</average-time>
</simulation>