<?xml version="1.0" encoding="UTF-8"?>
<simulation>
<software>charlie-simulation-framework; v1.0.0; Jakob Rieke</software>
<system>Unix; Unix 18.2.0.0; 18.2.0.0</system>
<datetime>7/9/2019 3:01:27 PM</datetime>
<title>Static Sensor Positioning</title>
<meta>Author: Jakob Rieke; Version v1.3.4; Deterministic: No</meta>
<configuration>
  Zoom = 40
  SizeTeamA = 1
  SizeTeamB = 1
  FieldHeight = 9
  FieldWidth = 6
  PlayerSensorRange = 12
  PlayerSensorFOV = 56.3
  PlayerSize = 0.1555
  Optimizer = SPSO-2006
  </configuration>
<iteration i="0">
<sensors>[[0.840183820808306,1.88032360095531,14.2880467884243]]</sensors>
<obstacles>[[0.405388741521165, 1.90043162601069]]</obstacles>
<global-best>21.4857077082294</global-best>
</iteration>
<iteration i="600">
<sensors>[[3.13676930810125E-15,1.63782774913347E-15,28.1499996185302]]</sensors>
<obstacles>[[0.405388741521165, 1.90043162601069]]</obstacles>
<global-best>12.0045080810308</global-best>
</iteration>
<iterations>600</iterations>
<elapsed-time>2754</elapsed-time>
<average-time>0</average-time>
</simulation>