<?xml version="1.0" encoding="UTF-8"?>
<simulation>
<software>charlie-simulation-framework; v1.0.0; Jakob Rieke</software>
<system>Unix; Unix 18.2.0.0; 18.2.0.0</system>
<datetime>7/9/2019 3:02:57 PM</datetime>
<title>Static Sensor Positioning</title>
<meta>Author: Jakob Rieke; Version v1.3.4; Deterministic: No</meta>
<configuration>
  Zoom = 40
  SizeTeamA = 1
  SizeTeamB = 1
  FieldHeight = 9
  FieldWidth = 6
  PlayerSensorRange = 12
  PlayerSensorFOV = 56.3
  PlayerSize = 0.1555
  Optimizer = SPSO-2006
  </configuration>
<iteration i="0">
<sensors>[[0.513178997905925,0.729339361656457,357.004396906123]]</sensors>
<obstacles>[[4.9245826061815, 4.16182038327679]]</obstacles>
<global-best>31.3388707924431</global-best>
</iteration>
<iteration i="600">
<sensors>[[8.99999999999999,1.58796223090004E-15,151.85000038147]]</sensors>
<obstacles>[[4.9245826061815, 4.16182038327679]]</obstacles>
<global-best>12.9842541505915</global-best>
</iteration>
<iterations>600</iterations>
<elapsed-time>3115</elapsed-time>
<average-time>0</average-time>
</simulation>