<?xml version="1.0" encoding="UTF-8"?>
<simulation>
<software>charlie-simulation-framework; v1.0.0; Jakob Rieke</software>
<system>Unix; Unix 18.2.0.0; 18.2.0.0</system>
<datetime>7/9/2019 3:01:44 PM</datetime>
<title>Static Sensor Positioning</title>
<meta>Author: Jakob Rieke; Version v1.3.4; Deterministic: No</meta>
<configuration>
  Zoom = 40
  SizeTeamA = 1
  SizeTeamB = 1
  FieldHeight = 9
  FieldWidth = 6
  PlayerSensorRange = 12
  PlayerSensorFOV = 56.3
  PlayerSize = 0.1555
  Optimizer = SPSO-2006
  </configuration>
<iteration i="0">
<sensors>[[8.8089398376178,2.3690468268469,159.630944319069]]</sensors>
<obstacles>[[4.76603101613, 1.17552758334205]]</obstacles>
<global-best>22.541657896609</global-best>
</iteration>
<iteration i="600">
<sensors>[[8.99999999999991,5.99999999999996,208.14999961853]]</sensors>
<obstacles>[[4.76603101613, 1.17552758334205]]</obstacles>
<global-best>12.5522079262622</global-best>
</iteration>
<iterations>600</iterations>
<elapsed-time>3430</elapsed-time>
<average-time>0</average-time>
</simulation>