<?xml version="1.0" encoding="UTF-8"?>
<simulation>
<software>charlie-simulation-framework; v1.0.0; Jakob Rieke</software>
<system>Unix; Unix 18.2.0.0; 18.2.0.0</system>
<datetime>7/9/2019 3:02:12 PM</datetime>
<title>Static Sensor Positioning</title>
<meta>Author: Jakob Rieke; Version v1.3.4; Deterministic: No</meta>
<configuration>
  Zoom = 40
  SizeTeamA = 1
  SizeTeamB = 1
  FieldHeight = 9
  FieldWidth = 6
  PlayerSensorRange = 12
  PlayerSensorFOV = 56.3
  PlayerSize = 0.1555
  Optimizer = SPSO-2006
  </configuration>
<iteration i="0">
<sensors>[[6.92655922891572,4.10435521183535,191.33993530646]]</sensors>
<obstacles>[[2.56810241402127, 0.218992453068495]]</obstacles>
<global-best>28.6093521159859</global-best>
</iteration>
<iteration i="600">
<sensors>[[1.31250080593105E-14,5.99999999962957,331.850000397815]]</sensors>
<obstacles>[[2.56810241402127, 0.218992453068495]]</obstacles>
<global-best>12.0045080872082</global-best>
</iteration>
<iterations>600</iterations>
<elapsed-time>2899</elapsed-time>
<average-time>0</average-time>
</simulation>