<?xml version="1.0" encoding="UTF-8"?>
<simulation>
<software>charlie-simulation-framework; v1.0.0; Jakob Rieke</software>
<system>Unix; Unix 18.2.0.0; 18.2.0.0</system>
<datetime>7/9/2019 3:00:56 PM</datetime>
<title>Static Sensor Positioning</title>
<meta>Author: Jakob Rieke; Version v1.3.4; Deterministic: No</meta>
<configuration>
  Zoom = 40
  SizeTeamA = 1
  SizeTeamB = 1
  FieldHeight = 9
  FieldWidth = 6
  PlayerSensorRange = 12
  PlayerSensorFOV = 56.3
  PlayerSize = 0.1555
  Optimizer = SPSO-2006
  </configuration>
<iteration i="0">
<sensors>[[8.50475726905279,0.67078811628744,154.504265813157]]</sensors>
<obstacles>[[1.98132902593352, 4.41912319790572]]</obstacles>
<global-best>18.271650936244</global-best>
</iteration>
<iteration i="600">
<sensors>[[1.21783870273545E-13,2.86485502690858E-15,28.1499996185303]]</sensors>
<obstacles>[[1.98132902593352, 4.41912319790572]]</obstacles>
<global-best>12.0045080810315</global-best>
</iteration>
<iterations>600</iterations>
<elapsed-time>2974</elapsed-time>
<average-time>0</average-time>
</simulation>