<?xml version="1.0" encoding="UTF-8"?>
<simulation>
<software>charlie-simulation-framework; v1.0.0; Jakob Rieke</software>
<system>Unix; Unix 18.2.0.0; 18.2.0.0</system>
<datetime>7/9/2019 3:03:44 PM</datetime>
<title>Static Sensor Positioning</title>
<meta>Author: Jakob Rieke; Version v1.3.4; Deterministic: No</meta>
<configuration>
  Zoom = 40
  SizeTeamA = 1
  SizeTeamB = 1
  FieldHeight = 9
  FieldWidth = 6
  PlayerSensorRange = 12
  PlayerSensorFOV = 56.3
  PlayerSize = 0.1555
  Optimizer = SPSO-2006
  </configuration>
<iteration i="0">
<sensors>[[0.133644574088976,3.20251431595534,345.633854912594]]</sensors>
<obstacles>[[5.97206804389134, 0.190930267330259]]</obstacles>
<global-best>21.6929768023806</global-best>
</iteration>
<iteration i="600">
<sensors>[[8.99999999961855,5.99999999998717,208.149999618414]]</sensors>
<obstacles>[[5.97206804389134, 0.190930267330259]]</obstacles>
<global-best>12.0045080833614</global-best>
</iteration>
<iterations>600</iterations>
<elapsed-time>2883</elapsed-time>
<average-time>0</average-time>
</simulation>