<?xml version="1.0" encoding="UTF-8"?>
<simulation>
<software>charlie-simulation-framework; v1.0.0; Jakob Rieke</software>
<system>Unix; Unix 18.2.0.0; 18.2.0.0</system>
<datetime>6/18/2019 9:35:08 AM</datetime>
<title>Static Sensor Positioning</title>
<meta>Author: Jakob Rieke; Version v1.3.0</meta>
<configuration>
  Zoom = 40
  SizeTeamA = 2
  SizeTeamB = 2
  FieldHeight = 9
  FieldWidth = 6
  PlayerSensorRange = 12
  PlayerSensorFOV = 56.3
  PlayerSize = 0.1555
  Optimizer = Adaptive-Differential-Evolution
  </configuration>
<iteration i="0">
<sensors>[[9,6,360], [2.17838777629155,4.3548421234253,3.93909643612315]]</sensors>
<obstacles>[[5.35306922416203, 1.54049556842074], [2.63387815654278, 4.95895437151194]]</obstacles>
<global-best>14.8924837731378</global-best>
</iteration>
<iteration i="1200">
<sensors>[[0,2.97184192528293,4.24285881902158], [9,0,156.216490857392]]</sensors>
<obstacles>[[5.35306922416203, 1.54049556842074], [2.63387815654278, 4.95895437151194]]</obstacles>
<global-best>1.55544733956571</global-best>
</iteration>
<iterations>1200</iterations>
<elapsed-time>31064</elapsed-time>
<average-time>0</average-time>
</simulation>