<?xml version="1.0" encoding="UTF-8"?>
<simulation>
<software>charlie-simulation-framework; v1.0.0; Jakob Rieke</software>
<system>Unix; Unix 18.2.0.0; 18.2.0.0</system>
<datetime>6/18/2019 9:37:12 AM</datetime>
<title>Static Sensor Positioning</title>
<meta>Author: Jakob Rieke; Version v1.3.0</meta>
<configuration>
  Zoom = 40
  SizeTeamA = 2
  SizeTeamB = 2
  FieldHeight = 9
  FieldWidth = 6
  PlayerSensorRange = 12
  PlayerSensorFOV = 56.3
  PlayerSize = 0.1555
  Optimizer = Adaptive-Differential-Evolution
  </configuration>
<iteration i="0">
<sensors>[[0.0467098585904369,6,3.37440392430276], [9,6,360]]</sensors>
<obstacles>[[4.88252288871445, 5.27419205289334], [6.53862514486536, 0.259090949781239]]</obstacles>
<global-best>19.9037403466165</global-best>
</iteration>
<iteration i="1200">
<sensors>[[0,0.26079750224067,22.2103405018194], [9,0.224470808536045,147.717112597247]]</sensors>
<obstacles>[[4.88252288871445, 5.27419205289334], [6.53862514486536, 0.259090949781239]]</obstacles>
<global-best>1.26499754565888</global-best>
</iteration>
<iterations>1200</iterations>
<elapsed-time>30178</elapsed-time>
<average-time>0</average-time>
</simulation>