<?xml version="1.0" encoding="UTF-8"?>
<simulation>
<software>charlie-simulation-framework; v1.0.0; Jakob Rieke</software>
<system>Unix; Unix 18.2.0.0; 18.2.0.0</system>
<datetime>6/18/2019 9:34:01 AM</datetime>
<title>Static Sensor Positioning</title>
<meta>Author: Jakob Rieke; Version v1.3.0</meta>
<configuration>
  Zoom = 40
  SizeTeamA = 2
  SizeTeamB = 2
  FieldHeight = 9
  FieldWidth = 6
  PlayerSensorRange = 12
  PlayerSensorFOV = 56.3
  PlayerSize = 0.1555
  Optimizer = Adaptive-Differential-Evolution
  </configuration>
<iteration i="0">
<sensors>[[3.75859656575103,4.4902670196002,360], [9,6,360]]</sensors>
<obstacles>[[2.88483435963281, 4.37927128002048], [0.947692623361945, 4.50898762000725]]</obstacles>
<global-best>16.1247375727388</global-best>
</iteration>
<iteration i="1200">
<sensors>[[9,6,201.837821591831], [0,0,18.4488478651183]]</sensors>
<obstacles>[[2.88483435963281, 4.37927128002048], [0.947692623361945, 4.50898762000725]]</obstacles>
<global-best>1.4670975865109</global-best>
</iteration>
<iterations>1200</iterations>
<elapsed-time>33053</elapsed-time>
<average-time>0</average-time>
</simulation>