<?xml version="1.0" encoding="UTF-8"?>
<simulation>
<software>charlie-simulation-framework; v1.0.0; Jakob Rieke</software>
<system>Unix; Unix 18.2.0.0; 18.2.0.0</system>
<datetime>6/12/2019 2:46:29 PM</datetime>
<title>Static SP with GA</title>
<meta>Author: Jakob Rieke; Version v1.3.0</meta>
<configuration>
  Zoom = 40
  SizeTeamA = 3
  SizeTeamB = 3
  FieldHeight = 9
  FieldWidth = 6
  PlayerSensorRange = 12
  PlayerSensorFOV = 56.3
  PlayerSize = 0.1555
  # The function used to optimize the problem,
  # possible values are:
  # Simplex, PSO, SPSO-2006, SPSO-2011, PSO-A-IW,
  # PSO-LD-IW, PSO-Chaotic-IW, PSO-LD-IW,
  # Evolution-Strategy, Differential-Evolution,
  # Adaptive-Differential-Evolution
  Optimizer = PSO
  
</configuration>
<iteration i="0">
<sensors>[[2.46037630033326,2.15768074742114,68.7073510504328], [6.1595560273781,-2.86314448698025,41.147994334126], [4.68258297464263,4.69546665955613,72.3403289355932]]</sensors>
<obstacles>[[3.58103286707774, 4.12987599056214], [1.72530599380843, 4.97354594198987], [0.204325251281261, 2.13497246196494]]</obstacles>
<global-best>27.0152025521714</global-best>

</iteration>
<iteration i="200">
<sensors>[[0.606243242573733,0.403644753784061,69.8976034952732], [0.523621174842582,0.0121594070526009,27.2036524704073], [0.00042607762148819,0.0205789639524311,61.8656168571234]]</sensors>
<obstacles>[[3.58103286707774, 4.12987599056214], [1.72530599380843, 4.97354594198987], [0.204325251281261, 2.13497246196494]]</obstacles>
<global-best>1.52067560619354</global-best>

</iteration>
<iterations>200</iterations>
<elapsed-time>3627</elapsed-time>
<average-time>0</average-time>
</simulation>