<?xml version="1.0" encoding="UTF-8"?>
<simulation>
<software>charlie-simulation-framework; v1.0.0; Jakob Rieke</software>
<system>Unix; Unix 18.2.0.0; 18.2.0.0</system>
<datetime>6/12/2019 2:46:01 PM</datetime>
<title>Static SP with GA</title>
<meta>Author: Jakob Rieke; Version v1.3.0</meta>
<configuration>
  Zoom = 40
  SizeTeamA = 3
  SizeTeamB = 3
  FieldHeight = 9
  FieldWidth = 6
  PlayerSensorRange = 12
  PlayerSensorFOV = 56.3
  PlayerSize = 0.1555
  # The function used to optimize the problem,
  # possible values are:
  # Simplex, PSO, SPSO-2006, SPSO-2011, PSO-A-IW,
  # PSO-LD-IW, PSO-Chaotic-IW, PSO-LD-IW,
  # Evolution-Strategy, Differential-Evolution,
  # Adaptive-Differential-Evolution
  Optimizer = PSO
  
</configuration>
<iteration i="0">
<sensors>[[10.1120361402245,6.79337031389974,81.8545011720258], [9.99139651653298,-0.241953869624679,355.419233768735], [5.49177854914256,0.994039508577878,300.8966404784]]</sensors>
<obstacles>[[7.25273517589085, 0.752253414597362], [6.74371710768901, 5.11573119275272], [8.30517777381465, 3.75001728348434]]</obstacles>
<global-best>20.8645168471912</global-best>

</iteration>
<iteration i="200">
<sensors>[[3.33528896051108,0.000309385274488427,28.0556830340339], [0.000418777469961224,5.76351852258817,347.358683211479], [0.209944134183464,5.99667843260217,288.149733218924]]</sensors>
<obstacles>[[7.25273517589085, 0.752253414597362], [6.74371710768901, 5.11573119275272], [8.30517777381465, 3.75001728348434]]</obstacles>
<global-best>0.31719588242051</global-best>

</iteration>
<iterations>200</iterations>
<elapsed-time>3752</elapsed-time>
<average-time>0</average-time>
</simulation>