<?xml version="1.0" encoding="UTF-8"?>
<simulation>
<software>charlie-simulation-framework; v1.0.0; Jakob Rieke</software>
<system>Unix; Unix 18.2.0.0; 18.2.0.0</system>
<datetime>6/12/2019 2:46:23 PM</datetime>
<title>Static SP with GA</title>
<meta>Author: Jakob Rieke; Version v1.3.0</meta>
<configuration>
  Zoom = 40
  SizeTeamA = 3
  SizeTeamB = 3
  FieldHeight = 9
  FieldWidth = 6
  PlayerSensorRange = 12
  PlayerSensorFOV = 56.3
  PlayerSize = 0.1555
  # The function used to optimize the problem,
  # possible values are:
  # Simplex, PSO, SPSO-2006, SPSO-2011, PSO-A-IW,
  # PSO-LD-IW, PSO-Chaotic-IW, PSO-LD-IW,
  # Evolution-Strategy, Differential-Evolution,
  # Adaptive-Differential-Evolution
  Optimizer = PSO
  
</configuration>
<iteration i="0">
<sensors>[[4.00371916643,3.36637970110214,70.3901047249376], [6.7427475904145,7.40404818946917,299.441372651027], [7.95815984240862,1.17614846613489,287.964274010017]]</sensors>
<obstacles>[[7.94979188544676, 2.04159995354712], [0.216250042431057, 2.55511475494131], [5.97149880370125, 1.72067474434152]]</obstacles>
<global-best>21.2747232893896</global-best>

</iteration>
<iteration i="200">
<sensors>[[0.112930996247666,0.000358954544768072,63.5679023144775], [2.50734927635846,5.99162657950832,331.93189636333], [3.58049106817641E-05,5.9992936421851,298.107636281444]]</sensors>
<obstacles>[[7.94979188544676, 2.04159995354712], [0.216250042431057, 2.55511475494131], [5.97149880370125, 1.72067474434152]]</obstacles>
<global-best>0.937068017265476</global-best>

</iteration>
<iterations>200</iterations>
<elapsed-time>5566</elapsed-time>
<average-time>0</average-time>
</simulation>