<?xml version="1.0" encoding="UTF-8"?>
<simulation>
<software>charlie-simulation-framework; v1.0.0; Jakob Rieke</software>
<system>Unix; Unix 18.2.0.0; 18.2.0.0</system>
<datetime>6/12/2019 2:45:52 PM</datetime>
<title>Static SP with GA</title>
<meta>Author: Jakob Rieke; Version v1.3.0</meta>
<configuration>
  Zoom = 40
  SizeTeamA = 3
  SizeTeamB = 3
  FieldHeight = 9
  FieldWidth = 6
  PlayerSensorRange = 12
  PlayerSensorFOV = 56.3
  PlayerSize = 0.1555
  # The function used to optimize the problem,
  # possible values are:
  # Simplex, PSO, SPSO-2006, SPSO-2011, PSO-A-IW,
  # PSO-LD-IW, PSO-Chaotic-IW, PSO-LD-IW,
  # Evolution-Strategy, Differential-Evolution,
  # Adaptive-Differential-Evolution
  Optimizer = PSO
  
</configuration>
<iteration i="0">
<sensors>[[4.23332108112234,3.12327022111868,54.1673388372893], [3.6621885070425,1.65624805476176,328.230288079262], [7.63504022554794,2.19798873325999,224.356808067348]]</sensors>
<obstacles>[[2.30858581932262, 1.27011855784804], [7.52128800703213, 4.19639450730756], [8.96176759363152, 3.67412375751883]]</obstacles>
<global-best>15.6607268540549</global-best>

</iteration>
<iteration i="200">
<sensors>[[0.364052101899231,0.000264963406161811,28.1095064534335], [2.56219995268788E-05,5.99952768369501,332.089283852196], [8.99999697190597,5.99489167434547,208.467403814126]]</sensors>
<obstacles>[[2.30858581932262, 1.27011855784804], [7.52128800703213, 4.19639450730756], [8.96176759363152, 3.67412375751883]]</obstacles>
<global-best>0.0760829772878828</global-best>

</iteration>
<iterations>200</iterations>
<elapsed-time>5099</elapsed-time>
<average-time>0</average-time>
</simulation>