<?xml version="1.0" encoding="UTF-8"?>
<simulation>
<software>charlie-simulation-framework; v1.0.0; Jakob Rieke</software>
<system>Unix; Unix 18.2.0.0; 18.2.0.0</system>
<datetime>6/12/2019 2:46:15 PM</datetime>
<title>Static SP with GA</title>
<meta>Author: Jakob Rieke; Version v1.3.0</meta>
<configuration>
  Zoom = 40
  SizeTeamA = 3
  SizeTeamB = 3
  FieldHeight = 9
  FieldWidth = 6
  PlayerSensorRange = 12
  PlayerSensorFOV = 56.3
  PlayerSize = 0.1555
  # The function used to optimize the problem,
  # possible values are:
  # Simplex, PSO, SPSO-2006, SPSO-2011, PSO-A-IW,
  # PSO-LD-IW, PSO-Chaotic-IW, PSO-LD-IW,
  # Evolution-Strategy, Differential-Evolution,
  # Adaptive-Differential-Evolution
  Optimizer = PSO
  
</configuration>
<iteration i="0">
<sensors>[[3.26233153398433,-3.52767675321091,214.090724946877], [4.19440009061998,-0.259642922525596,289.038156995447], [3.96775265912491,3.92340429244264,330.270586628692]]</sensors>
<obstacles>[[7.3650801605545, 1.98077840264887], [2.51506721670739, 4.8594437004067], [3.87916541355662, 2.40062760701403]]</obstacles>
<global-best>15.5803543654477</global-best>

</iteration>
<iteration i="200">
<sensors>[[8.99996893609381,3.30654893331399,184.877464448063], [0.777025696672849,5.99917557814898,288.681416428024], [0.00031382564455824,5.60107412709624,339.791300238471]]</sensors>
<obstacles>[[7.3650801605545, 1.98077840264887], [2.51506721670739, 4.8594437004067], [3.87916541355662, 2.40062760701403]]</obstacles>
<global-best>1.41366543529656</global-best>

</iteration>
<iterations>200</iterations>
<elapsed-time>4338</elapsed-time>
<average-time>0</average-time>
</simulation>