<?xml version="1.0" encoding="UTF-8"?>
<simulation>
<software>charlie-simulation-framework; v1.0.0; Jakob Rieke</software>
<system>Unix; Unix 18.2.0.0; 18.2.0.0</system>
<datetime>6/12/2019 2:46:19 PM</datetime>
<title>Static SP with GA</title>
<meta>Author: Jakob Rieke; Version v1.3.0</meta>
<configuration>
  Zoom = 40
  SizeTeamA = 3
  SizeTeamB = 3
  FieldHeight = 9
  FieldWidth = 6
  PlayerSensorRange = 12
  PlayerSensorFOV = 56.3
  PlayerSize = 0.1555
  # The function used to optimize the problem,
  # possible values are:
  # Simplex, PSO, SPSO-2006, SPSO-2011, PSO-A-IW,
  # PSO-LD-IW, PSO-Chaotic-IW, PSO-LD-IW,
  # Evolution-Strategy, Differential-Evolution,
  # Adaptive-Differential-Evolution
  Optimizer = PSO
  
</configuration>
<iteration i="0">
<sensors>[[4.76667437063987,2.49877878938911,341.257677438724], [7.00010313417573,6.016613990369,110.790801612181], [7.34217705774857,-1.34614746782914,138.565942234329]]</sensors>
<obstacles>[[8.46762066450901, 0.533750825095922], [6.10313335969113, 4.98820047173649], [2.2049427148886, 5.94233835814521]]</obstacles>
<global-best>18.6469343523272</global-best>

</iteration>
<iteration i="200">
<sensors>[[6.21254491614248E-05,5.30740892539443,351.670205236025], [8.99994248959971,8.0298122164906E-05,118.104054070759], [7.35138959686201,8.83398305777696E-05,152.768856655773]]</sensors>
<obstacles>[[8.46762066450901, 0.533750825095922], [6.10313335969113, 4.98820047173649], [2.2049427148886, 5.94233835814521]]</obstacles>
<global-best>0.0561859980225111</global-best>

</iteration>
<iterations>200</iterations>
<elapsed-time>4116</elapsed-time>
<average-time>0</average-time>
</simulation>