<?xml version="1.0" encoding="UTF-8"?>
<simulation>
<software>charlie-simulation-framework; v1.0.0; Jakob Rieke</software>
<system>Unix; Unix 18.2.0.0; 18.2.0.0</system>
<datetime>6/12/2019 2:45:02 PM</datetime>
<title>Static SP with GA</title>
<meta>Author: Jakob Rieke; Version v1.3.0</meta>
<configuration>
  Zoom = 40
  SizeTeamA = 3
  SizeTeamB = 3
  FieldHeight = 9
  FieldWidth = 6
  PlayerSensorRange = 12
  PlayerSensorFOV = 56.3
  PlayerSize = 0.1555
  # The function used to optimize the problem,
  # possible values are:
  # Simplex, PSO, SPSO-2006, SPSO-2011, PSO-A-IW,
  # PSO-LD-IW, PSO-Chaotic-IW, PSO-LD-IW,
  # Evolution-Strategy, Differential-Evolution,
  # Adaptive-Differential-Evolution
  Optimizer = PSO
  
</configuration>
<iteration i="0">
<sensors>[[7.37297978874456,-3.6549124398033,294.09753389092], [1.81364504608556,2.97567248102481,233.030484355085], [3.26830967980833,4.4123400621589,51.5293799854755]]</sensors>
<obstacles>[[8.08896341733634, 0.552581849042326], [6.65071901399642, 1.65945073356852], [6.36026907688938, 5.07953879563138]]</obstacles>
<global-best>22.434700344739</global-best>

</iteration>
<iteration i="200">
<sensors>[[6.70588802823354,5.99777733745265,276.297516180919], [6.37079466879641,5.99648118279027,205.965795599543], [2.02058497932997,0.0100566012895339,26.4916534776917]]</sensors>
<obstacles>[[8.08896341733634, 0.552581849042326], [6.65071901399642, 1.65945073356852], [6.36026907688938, 5.07953879563138]]</obstacles>
<global-best>0.260226490657115</global-best>

</iteration>
<iterations>200</iterations>
<elapsed-time>5017</elapsed-time>
<average-time>0</average-time>
</simulation>