<?xml version="1.0" encoding="UTF-8"?>
<simulation>
<software>charlie-simulation-framework; v1.0.0; Jakob Rieke</software>
<system>Unix; Unix 18.2.0.0; 18.2.0.0</system>
<datetime>6/12/2019 2:45:07 PM</datetime>
<title>Static SP with GA</title>
<meta>Author: Jakob Rieke; Version v1.3.0</meta>
<configuration>
  Zoom = 40
  SizeTeamA = 3
  SizeTeamB = 3
  FieldHeight = 9
  FieldWidth = 6
  PlayerSensorRange = 12
  PlayerSensorFOV = 56.3
  PlayerSize = 0.1555
  # The function used to optimize the problem,
  # possible values are:
  # Simplex, PSO, SPSO-2006, SPSO-2011, PSO-A-IW,
  # PSO-LD-IW, PSO-Chaotic-IW, PSO-LD-IW,
  # Evolution-Strategy, Differential-Evolution,
  # Adaptive-Differential-Evolution
  Optimizer = PSO
  
</configuration>
<iteration i="0">
<sensors>[[10.9235555174923,-1.99627034182928,352.297651530161], [7.18644277993407,4.9653914017287,307.528983171432], [-0.110042375405838,2.76642885703097,41.5739592188498]]</sensors>
<obstacles>[[6.69586962112226, 3.98063211003318], [8.20265684695914, 1.629334051162], [6.08810759545304, 4.16357601201162]]</obstacles>
<global-best>15.801403722491</global-best>

</iteration>
<iteration i="200">
<sensors>[[0.321122285398838,5.99595426868107,332.233500339767], [0.000214179723837105,5.99702526213269,298.005712261384], [1.94669332129448,0.00466706246022955,19.1350915957015]]</sensors>
<obstacles>[[6.69586962112226, 3.98063211003318], [8.20265684695914, 1.629334051162], [6.08810759545304, 4.16357601201162]]</obstacles>
<global-best>0.236140341799097</global-best>

</iteration>
<iterations>200</iterations>
<elapsed-time>4046</elapsed-time>
<average-time>0</average-time>
</simulation>