<?xml version="1.0" encoding="UTF-8"?>
<simulation>
<software>charlie-simulation-framework; v1.0.0; Jakob Rieke</software>
<system>Unix; Unix 18.2.0.0; 18.2.0.0</system>
<datetime>6/12/2019 2:43:34 PM</datetime>
<title>Static SP with GA</title>
<meta>Author: Jakob Rieke; Version v1.3.0</meta>
<configuration>
  Zoom = 40
  SizeTeamA = 3
  SizeTeamB = 3
  FieldHeight = 9
  FieldWidth = 6
  PlayerSensorRange = 12
  PlayerSensorFOV = 56.3
  PlayerSize = 0.1555
  # The function used to optimize the problem,
  # possible values are:
  # Simplex, PSO, SPSO-2006, SPSO-2011, PSO-A-IW,
  # PSO-LD-IW, PSO-Chaotic-IW, PSO-LD-IW,
  # Evolution-Strategy, Differential-Evolution,
  # Adaptive-Differential-Evolution
  Optimizer = PSO
  
</configuration>
<iteration i="0">
<sensors>[[10.8418940904882,2.33982818297504,118.630282230996], [0.852412440226288,4.94844555959019,227.2168904969], [-0.750312596430178,8.23001164611457,115.116454497754]]</sensors>
<obstacles>[[6.8101027677767, 1.7197208837606], [8.0613806087058, 1.0918393288739], [8.86402266891673, 0.7589390873909]]</obstacles>
<global-best>29.0762936588834</global-best>

</iteration>
<iteration i="200">
<sensors>[[8.01862720208663,0.0040432768845212,132.404976953195], [8.97547649032818,5.99377078471058,228.27489884681], [8.59868149776494,0.0625841205925758,109.025220386542]]</sensors>
<obstacles>[[6.8101027677767, 1.7197208837606], [8.0613806087058, 1.0918393288739], [8.86402266891673, 0.7589390873909]]</obstacles>
<global-best>1.35537575565481</global-best>

</iteration>
<iterations>200</iterations>
<elapsed-time>3937</elapsed-time>
<average-time>0</average-time>
</simulation>