<?xml version="1.0" encoding="UTF-8"?>
<simulation>
<software>charlie-simulation-framework; v1.0.0; Jakob Rieke</software>
<system>Unix; Unix 18.2.0.0; 18.2.0.0</system>
<datetime>6/12/2019 2:44:48 PM</datetime>
<title>Static SP with GA</title>
<meta>Author: Jakob Rieke; Version v1.3.0</meta>
<configuration>
  Zoom = 40
  SizeTeamA = 3
  SizeTeamB = 3
  FieldHeight = 9
  FieldWidth = 6
  PlayerSensorRange = 12
  PlayerSensorFOV = 56.3
  PlayerSize = 0.1555
  # The function used to optimize the problem,
  # possible values are:
  # Simplex, PSO, SPSO-2006, SPSO-2011, PSO-A-IW,
  # PSO-LD-IW, PSO-Chaotic-IW, PSO-LD-IW,
  # Evolution-Strategy, Differential-Evolution,
  # Adaptive-Differential-Evolution
  Optimizer = PSO
  
</configuration>
<iteration i="0">
<sensors>[[4.62120525165595,3.54654311078816,170.416465467207], [-4.08000723651176,5.33168848960872,26.919212503411], [0.485890158107194,0.0988181535024903,37.4334762888326]]</sensors>
<obstacles>[[7.6518271069508, 5.06128808995709], [2.356494236039, 4.05312402080745], [5.19303203606978, 5.35462418105453]]</obstacles>
<global-best>13.6797755250669</global-best>

</iteration>
<iteration i="200">
<sensors>[[8.99998020764991,3.82051886001718,175.649650425493], [0.00141056045821916,0.00175222728604473,27.7515798051768], [1.00395040675205E-06,3.92502857589259,27.4723404846079]]</sensors>
<obstacles>[[7.6518271069508, 5.06128808995709], [2.356494236039, 4.05312402080745], [5.19303203606978, 5.35462418105453]]</obstacles>
<global-best>0.198366126206334</global-best>

</iteration>
<iterations>200</iterations>
<elapsed-time>8465</elapsed-time>
<average-time>0</average-time>
</simulation>