<?xml version="1.0" encoding="UTF-8"?>
<simulation>
<software>charlie-simulation-framework; v1.0.0; Jakob Rieke</software>
<system>Unix; Unix 18.2.0.0; 18.2.0.0</system>
<datetime>6/12/2019 2:45:47 PM</datetime>
<title>Static SP with GA</title>
<meta>Author: Jakob Rieke; Version v1.3.0</meta>
<configuration>
  Zoom = 40
  SizeTeamA = 3
  SizeTeamB = 3
  FieldHeight = 9
  FieldWidth = 6
  PlayerSensorRange = 12
  PlayerSensorFOV = 56.3
  PlayerSize = 0.1555
  # The function used to optimize the problem,
  # possible values are:
  # Simplex, PSO, SPSO-2006, SPSO-2011, PSO-A-IW,
  # PSO-LD-IW, PSO-Chaotic-IW, PSO-LD-IW,
  # Evolution-Strategy, Differential-Evolution,
  # Adaptive-Differential-Evolution
  Optimizer = PSO
  
</configuration>
<iteration i="0">
<sensors>[[4.88933130393822,3.14942255335274,10.3726612189895], [6.81848025913403,3.67724647674992,165.755336029254], [3.20327255060035,1.99345385655564,230.20820283847]]</sensors>
<obstacles>[[3.67430895287544, 3.73526840144768], [0.310476040933281, 4.58922091545537], [3.34224940440618, 1.70479924650863]]</obstacles>
<global-best>16.4932797652428</global-best>

</iteration>
<iteration i="200">
<sensors>[[4.08787526960705E-06,4.25077254971004,1.2120881042221], [8.9999627083486,2.76147526475108,171.923341378156], [8.99985743340095,5.99978378446547,235.756789683178]]</sensors>
<obstacles>[[3.67430895287544, 3.73526840144768], [0.310476040933281, 4.58922091545537], [3.34224940440618, 1.70479924650863]]</obstacles>
<global-best>0.48171097983279</global-best>

</iteration>
<iterations>200</iterations>
<elapsed-time>4947</elapsed-time>
<average-time>0</average-time>
</simulation>