<?xml version="1.0" encoding="UTF-8"?>
<simulation>
<software>charlie-simulation-framework; v1.0.0; Jakob Rieke</software>
<system>Unix; Unix 18.2.0.0; 18.2.0.0</system>
<datetime>6/12/2019 2:46:09 PM</datetime>
<title>Static SP with GA</title>
<meta>Author: Jakob Rieke; Version v1.3.0</meta>
<configuration>
  Zoom = 40
  SizeTeamA = 3
  SizeTeamB = 3
  FieldHeight = 9
  FieldWidth = 6
  PlayerSensorRange = 12
  PlayerSensorFOV = 56.3
  PlayerSize = 0.1555
  # The function used to optimize the problem,
  # possible values are:
  # Simplex, PSO, SPSO-2006, SPSO-2011, PSO-A-IW,
  # PSO-LD-IW, PSO-Chaotic-IW, PSO-LD-IW,
  # Evolution-Strategy, Differential-Evolution,
  # Adaptive-Differential-Evolution
  Optimizer = PSO
  
</configuration>
<iteration i="0">
<sensors>[[9.58388233642377,8.17465581381681,20.1027723688261], [10.5271785754022,-0.903646730392542,305.337115902929], [4.98518033218076,1.53403513031578,28.5278198039445]]</sensors>
<obstacles>[[0.511687779799104, 1.43193790689111], [0.241423592437059, 3.82227025832981], [6.87750943796709, 3.31554776709527]]</obstacles>
<global-best>28.1407641089328</global-best>

</iteration>
<iteration i="200">
<sensors>[[0.000574018879040291,0.00175262455080763,28.0572977491314], [1.3483353165057,5.99949993182189,240.793574606237], [9.68662215188195E-06,1.87523420021665,41.233233316376]]</sensors>
<obstacles>[[0.511687779799104, 1.43193790689111], [0.241423592437059, 3.82227025832981], [6.87750943796709, 3.31554776709527]]</obstacles>
<global-best>1.47958085321583</global-best>

</iteration>
<iterations>200</iterations>
<elapsed-time>5522</elapsed-time>
<average-time>0</average-time>
</simulation>