<?xml version="1.0" encoding="UTF-8"?>
<simulation>
<software>charlie-simulation-framework; v1.0.0; Jakob Rieke</software>
<system>Unix; Unix 18.2.0.0; 18.2.0.0</system>
<datetime>6/12/2019 2:43:18 PM</datetime>
<title>Static SP with GA</title>
<meta>Author: Jakob Rieke; Version v1.3.0</meta>
<configuration>
  Zoom = 40
  SizeTeamA = 3
  SizeTeamB = 3
  FieldHeight = 9
  FieldWidth = 6
  PlayerSensorRange = 12
  PlayerSensorFOV = 56.3
  PlayerSize = 0.1555
  # The function used to optimize the problem,
  # possible values are:
  # Simplex, PSO, SPSO-2006, SPSO-2011, PSO-A-IW,
  # PSO-LD-IW, PSO-Chaotic-IW, PSO-LD-IW,
  # Evolution-Strategy, Differential-Evolution,
  # Adaptive-Differential-Evolution
  Optimizer = PSO
  
</configuration>
<iteration i="0">
<sensors>[[12.8777987422536,0.919555663625011,320.877726489615], [0.188737923327292,8.72954256945364,103.766553154465], [-1.7758572888811,6.47355139183141,299.61189859612]]</sensors>
<obstacles>[[0.982272158609703, 1.39037577621639], [0.488909786101431, 4.6972173191607], [5.04447713121772, 0.329515239223838]]</obstacles>
<global-best>28.1562631817694</global-best>

</iteration>
<iteration i="200">
<sensors>[[0.014318831048195,5.98732123886914,332.09749675105], [8.98373477722769,1.50284199588014,175.117382164652], [0.00220536732994365,5.05126354630029,298.100463648181]]</sensors>
<obstacles>[[0.982272158609703, 1.39037577621639], [0.488909786101431, 4.6972173191607], [5.04447713121772, 0.329515239223838]]</obstacles>
<global-best>0.107782852250621</global-best>

</iteration>
<iterations>200</iterations>
<elapsed-time>4383</elapsed-time>
<average-time>0</average-time>
</simulation>