<?xml version="1.0" encoding="UTF-8"?>
<simulation>
<software>charlie-simulation-framework; v1.0.0; Jakob Rieke</software>
<system>Unix; Unix 18.2.0.0; 18.2.0.0</system>
<datetime>6/12/2019 2:44:42 PM</datetime>
<title>Static SP with GA</title>
<meta>Author: Jakob Rieke; Version v1.3.0</meta>
<configuration>
  Zoom = 40
  SizeTeamA = 3
  SizeTeamB = 3
  FieldHeight = 9
  FieldWidth = 6
  PlayerSensorRange = 12
  PlayerSensorFOV = 56.3
  PlayerSize = 0.1555
  # The function used to optimize the problem,
  # possible values are:
  # Simplex, PSO, SPSO-2006, SPSO-2011, PSO-A-IW,
  # PSO-LD-IW, PSO-Chaotic-IW, PSO-LD-IW,
  # Evolution-Strategy, Differential-Evolution,
  # Adaptive-Differential-Evolution
  Optimizer = PSO
  
</configuration>
<iteration i="0">
<sensors>[[1.51503264223906,5.79395512150839,301.811164118381], [10.5879843653637,5.85695990323102,248.382552173679], [1.58894607836077,9.24844442105719,159.247238240057]]</sensors>
<obstacles>[[5.86234509875067, 3.00125412968919], [6.94966485025361, 2.09497536113486], [4.99249986209907, 4.05081940954551]]</obstacles>
<global-best>20.3443557397947</global-best>

</iteration>
<iteration i="200">
<sensors>[[0.000150633563596504,5.99910380992419,305.002607376877], [8.80515339030155,5.99840590044436,250.545226305045], [8.99975351765225,5.75391245164383,189.890133179751]]</sensors>
<obstacles>[[5.86234509875067, 3.00125412968919], [6.94966485025361, 2.09497536113486], [4.99249986209907, 4.05081940954551]]</obstacles>
<global-best>0.772375205533419</global-best>

</iteration>
<iterations>200</iterations>
<elapsed-time>6200</elapsed-time>
<average-time>0</average-time>
</simulation>