<?xml version="1.0" encoding="UTF-8"?>
<simulation>
<software>charlie-simulation-framework; v1.0.0; Jakob Rieke</software>
<system>Unix; Unix 18.2.0.0; 18.2.0.0</system>
<datetime>6/12/2019 2:45:27 PM</datetime>
<title>Static SP with GA</title>
<meta>Author: Jakob Rieke; Version v1.3.0</meta>
<configuration>
  Zoom = 40
  SizeTeamA = 3
  SizeTeamB = 3
  FieldHeight = 9
  FieldWidth = 6
  PlayerSensorRange = 12
  PlayerSensorFOV = 56.3
  PlayerSize = 0.1555
  # The function used to optimize the problem,
  # possible values are:
  # Simplex, PSO, SPSO-2006, SPSO-2011, PSO-A-IW,
  # PSO-LD-IW, PSO-Chaotic-IW, PSO-LD-IW,
  # Evolution-Strategy, Differential-Evolution,
  # Adaptive-Differential-Evolution
  Optimizer = PSO
  
</configuration>
<iteration i="0">
<sensors>[[1.74020617616995,4.16036557517319,53.3229190448065], [8.4939104091177,-0.256355683556501,25.5103929649403], [6.23761520210808,-0.966447746782253,210.939861079226]]</sensors>
<obstacles>[[0.850611549569294, 0.994332457892597], [4.89990993984975, 4.62533895252272], [0.0615636811126024, 2.20952392369509]]</obstacles>
<global-best>14.3638691524582</global-best>

</iteration>
<iteration i="200">
<sensors>[[0.000757986620542831,3.24638256514384,42.4267412028675], [4.0076804370709E-05,0.0218680529349975,27.7042050988455], [8.99991949443737,2.85328551594262,176.452739623451]]</sensors>
<obstacles>[[0.850611549569294, 0.994332457892597], [4.89990993984975, 4.62533895252272], [0.0615636811126024, 2.20952392369509]]</obstacles>
<global-best>0.259746683597258</global-best>

</iteration>
<iterations>200</iterations>
<elapsed-time>4157</elapsed-time>
<average-time>0</average-time>
</simulation>