<?xml version="1.0" encoding="UTF-8"?>
<simulation>
<software>charlie-simulation-framework; v1.0.0; Jakob Rieke</software>
<system>Unix; Unix 18.2.0.0; 18.2.0.0</system>
<datetime>6/12/2019 2:43:09 PM</datetime>
<title>Static SP with GA</title>
<meta>Author: Jakob Rieke; Version v1.3.0</meta>
<configuration>
  Zoom = 40
  SizeTeamA = 3
  SizeTeamB = 3
  FieldHeight = 9
  FieldWidth = 6
  PlayerSensorRange = 12
  PlayerSensorFOV = 56.3
  PlayerSize = 0.1555
  # The function used to optimize the problem,
  # possible values are:
  # Simplex, PSO, SPSO-2006, SPSO-2011, PSO-A-IW,
  # PSO-LD-IW, PSO-Chaotic-IW, PSO-LD-IW,
  # Evolution-Strategy, Differential-Evolution,
  # Adaptive-Differential-Evolution
  Optimizer = PSO
  
</configuration>
<iteration i="0">
<sensors>[[-2.09896872144807,-0.396010304610393,24.9763179457043], [7.74536160896178,3.27535749510669,112.673672772227], [3.57165539230636,3.35985794085949,253.827484840529]]</sensors>
<obstacles>[[1.77888668957166, 1.49693659879267], [6.54199391556904, 3.85315282735974], [3.10850568045862, 4.3257598048076]]</obstacles>
<global-best>20.5123432484967</global-best>

</iteration>
<iteration i="200">
<sensors>[[1.84790996278987,0.000230648105636791,27.3211738288864], [0.000408394795612619,0.0780227070092783,59.3039785234563], [8.85246541471334,5.99978558872459,208.13629745331]]</sensors>
<obstacles>[[1.77888668957166, 1.49693659879267], [6.54199391556904, 3.85315282735974], [3.10850568045862, 4.3257598048076]]</obstacles>
<global-best>0.167668103020574</global-best>

</iteration>
<iterations>200</iterations>
<elapsed-time>4770</elapsed-time>
<average-time>0</average-time>
</simulation>