<?xml version="1.0" encoding="UTF-8"?>
<simulation>
<software>charlie-simulation-framework; v1.0.0; Jakob Rieke</software>
<system>Unix; Unix 18.2.0.0; 18.2.0.0</system>
<datetime>6/17/2019 11:47:06 PM</datetime>
<title>Static Sensor Positioning</title>
<meta>Author: Jakob Rieke; Version v1.3.0</meta>
<configuration>
  Zoom = 40
  SizeTeamA = 3
  SizeTeamB = 3
  FieldHeight = 9
  FieldWidth = 6
  PlayerSensorRange = 12
  PlayerSensorFOV = 56.3
  PlayerSize = 0.1555
  # The function used to optimize the problem,
  # possible values are:
  # Simplex, PSO, SPSO-2006, SPSO-2011, PSO-A-IW,
  # PSO-LD-IW, PSO-Chaotic-IW, PSO-LD-IW,
  # Evolution-Strategy, Differential-Evolution,
  # Adaptive-Differential-Evolution
  Optimizer = PSO
  </configuration>
<iteration i="0">
<sensors>[[9.18847355764227,8.06527712284975,348.656243189295], [4.81676952212058,-2.9582651046055,25.8520246776974], [7.82169491225891,-1.14285710587308,92.0617924376852]]</sensors>
<obstacles>[[6.35333159985021, 1.47344701783732], [8.26474193064496, 0.627628016285598], [7.64247130625881, 3.1318438583985]]</obstacles>
<global-best>13.4219707075416</global-best>
</iteration>
<iteration i="200">
<sensors>[[0.000116091377183986,0.227424648392017,378.520788271012], [1.56276142183431E-05,2.66317207743451,10.4531237239965], [0.410861321862833,1.6981655272359E-05,85.9771391636562]]</sensors>
<obstacles>[[6.35333159985021, 1.47344701783732], [8.26474193064496, 0.627628016285598], [7.64247130625881, 3.1318438583985]]</obstacles>
<global-best>0.832585193932707</global-best>
</iteration>
<iterations>200</iterations>
<elapsed-time>4614</elapsed-time>
<average-time>0</average-time>
</simulation>