<?xml version="1.0" encoding="UTF-8"?>
<simulation>
<software>charlie-simulation-framework; v1.0.0; Jakob Rieke</software>
<system>Unix; Unix 18.2.0.0; 18.2.0.0</system>
<datetime>6/17/2019 11:48:10 PM</datetime>
<title>Static Sensor Positioning</title>
<meta>Author: Jakob Rieke; Version v1.3.0</meta>
<configuration>
  Zoom = 40
  SizeTeamA = 3
  SizeTeamB = 3
  FieldHeight = 9
  FieldWidth = 6
  PlayerSensorRange = 12
  PlayerSensorFOV = 56.3
  PlayerSize = 0.1555
  # The function used to optimize the problem,
  # possible values are:
  # Simplex, PSO, SPSO-2006, SPSO-2011, PSO-A-IW,
  # PSO-LD-IW, PSO-Chaotic-IW, PSO-LD-IW,
  # Evolution-Strategy, Differential-Evolution,
  # Adaptive-Differential-Evolution
  Optimizer = PSO
  </configuration>
<iteration i="0">
<sensors>[[4.65383134565866,5.71504346345744,280.281415802245], [-3.08043478803862,0.356826509247319,286.530423235765], [6.85243316484976,0.517639202756276,58.4336361257722]]</sensors>
<obstacles>[[0.408844424178824, 5.26791796786711], [7.49618148710579, 2.75705426093191], [5.47383813466877, 1.00591135723516]]</obstacles>
<global-best>22.1250107703801</global-best>
</iteration>
<iteration i="200">
<sensors>[[0.883469840706671,5.99994843146338,275.43705714763], [0.133493319842948,5.72472091710187,346.130064792991], [0.0305619165135713,0.0141858603416099,27.4712459427652]]</sensors>
<obstacles>[[0.408844424178824, 5.26791796786711], [7.49618148710579, 2.75705426093191], [5.47383813466877, 1.00591135723516]]</obstacles>
<global-best>0.938540254724287</global-best>
</iteration>
<iterations>200</iterations>
<elapsed-time>4828</elapsed-time>
<average-time>0</average-time>
</simulation>