<?xml version="1.0" encoding="UTF-8"?>
<simulation>
<software>charlie-simulation-framework; v1.0.0; Jakob Rieke</software>
<system>Unix; Unix 18.2.0.0; 18.2.0.0</system>
<datetime>6/17/2019 11:45:07 PM</datetime>
<title>Static Sensor Positioning</title>
<meta>Author: Jakob Rieke; Version v1.3.0</meta>
<configuration>
  Zoom = 40
  SizeTeamA = 3
  SizeTeamB = 3
  FieldHeight = 9
  FieldWidth = 6
  PlayerSensorRange = 12
  PlayerSensorFOV = 56.3
  PlayerSize = 0.1555
  # The function used to optimize the problem,
  # possible values are:
  # Simplex, PSO, SPSO-2006, SPSO-2011, PSO-A-IW,
  # PSO-LD-IW, PSO-Chaotic-IW, PSO-LD-IW,
  # Evolution-Strategy, Differential-Evolution,
  # Adaptive-Differential-Evolution
  Optimizer = PSO
  </configuration>
<iteration i="0">
<sensors>[[2.88633192080726,2.79932824091545,213.901577192834], [4.61082367220659,0.0484877711751808,182.672216494604], [-2.29022528741679,8.46235182492206,56.0813856786667]]</sensors>
<obstacles>[[4.16093595488928, 3.25809118151665], [8.95425690338016, 3.98391246283427], [5.67319509875961, 5.33399665402249]]</obstacles>
<global-best>24.8410908224013</global-best>
</iteration>
<iteration i="200">
<sensors>[[8.99998045017054,3.67297074811384,241.825052817212], [8.9933958375784,4.57130837243832,194.933119770233], [0.0031941165802221,0.00317358105013634,44.7507510326013]]</sensors>
<obstacles>[[4.16093595488928, 3.25809118151665], [8.95425690338016, 3.98391246283427], [5.67319509875961, 5.33399665402249]]</obstacles>
<global-best>1.58513373661815</global-best>
</iteration>
<iterations>200</iterations>
<elapsed-time>3873</elapsed-time>
<average-time>0</average-time>
</simulation>