<?xml version="1.0" encoding="UTF-8"?>
<simulation>
<software>charlie-simulation-framework; v1.0.0; Jakob Rieke</software>
<system>Unix; Unix 18.2.0.0; 18.2.0.0</system>
<datetime>6/17/2019 11:47:11 PM</datetime>
<title>Static Sensor Positioning</title>
<meta>Author: Jakob Rieke; Version v1.3.0</meta>
<configuration>
  Zoom = 40
  SizeTeamA = 3
  SizeTeamB = 3
  FieldHeight = 9
  FieldWidth = 6
  PlayerSensorRange = 12
  PlayerSensorFOV = 56.3
  PlayerSize = 0.1555
  # The function used to optimize the problem,
  # possible values are:
  # Simplex, PSO, SPSO-2006, SPSO-2011, PSO-A-IW,
  # PSO-LD-IW, PSO-Chaotic-IW, PSO-LD-IW,
  # Evolution-Strategy, Differential-Evolution,
  # Adaptive-Differential-Evolution
  Optimizer = PSO
  </configuration>
<iteration i="0">
<sensors>[[11.7124173604304,5.73045432406167,316.109546599327], [7.18294677627969,2.12245054544723,226.127798333197], [1.99353819222385,-1.69404662574306,27.8516756392138]]</sensors>
<obstacles>[[2.72693090024404, 3.3231196613051], [5.55607449333183, 1.69539958611131], [5.22270976938307, 1.46263128798455]]</obstacles>
<global-best>19.5140138242446</global-best>
</iteration>
<iteration i="200">
<sensors>[[5.2797446519999E-05,5.99982358576984,309.437931816474], [8.99866142560665,5.9996435909687,208.140431173278], [0.000709161117225242,1.01546368267646,17.9560984384467]]</sensors>
<obstacles>[[2.72693090024404, 3.3231196613051], [5.55607449333183, 1.69539958611131], [5.22270976938307, 1.46263128798455]]</obstacles>
<global-best>0.459607923411683</global-best>
</iteration>
<iterations>200</iterations>
<elapsed-time>5306</elapsed-time>
<average-time>0</average-time>
</simulation>