<?xml version="1.0" encoding="UTF-8"?>
<simulation>
<software>charlie-simulation-framework; v1.0.0; Jakob Rieke</software>
<system>Unix; Unix 18.2.0.0; 18.2.0.0</system>
<datetime>6/17/2019 11:45:31 PM</datetime>
<title>Static Sensor Positioning</title>
<meta>Author: Jakob Rieke; Version v1.3.0</meta>
<configuration>
  Zoom = 40
  SizeTeamA = 3
  SizeTeamB = 3
  FieldHeight = 9
  FieldWidth = 6
  PlayerSensorRange = 12
  PlayerSensorFOV = 56.3
  PlayerSize = 0.1555
  # The function used to optimize the problem,
  # possible values are:
  # Simplex, PSO, SPSO-2006, SPSO-2011, PSO-A-IW,
  # PSO-LD-IW, PSO-Chaotic-IW, PSO-LD-IW,
  # Evolution-Strategy, Differential-Evolution,
  # Adaptive-Differential-Evolution
  Optimizer = PSO
  </configuration>
<iteration i="0">
<sensors>[[4.09209722097516,-3.90476697333632,344.918324578938], [13.2583606161472,4.28143057628049,321.162276555383], [6.02996225642364,8.03754480662096,346.91952770366]]</sensors>
<obstacles>[[7.62441849312745, 2.10040052281693], [0.463065488962457, 0.959340398199856], [2.04463286139071, 2.8389742760919]]</obstacles>
<global-best>24.3400309579436</global-best>
</iteration>
<iteration i="200">
<sensors>[[0.15258224359276,0.902101941625387,429.423860531341], [0.000468205133995286,2.86412035435969,325.027695704554], [0.0559429901458683,5.92011405190542,332.813921879831]]</sensors>
<obstacles>[[7.62441849312745, 2.10040052281693], [0.463065488962457, 0.959340398199856], [2.04463286139071, 2.8389742760919]]</obstacles>
<global-best>2.12673556756936</global-best>
</iteration>
<iterations>200</iterations>
<elapsed-time>3297</elapsed-time>
<average-time>0</average-time>
</simulation>