<?xml version="1.0" encoding="UTF-8"?>
<simulation>
<software>charlie-simulation-framework; v1.0.0; Jakob Rieke</software>
<system>Unix; Unix 18.2.0.0; 18.2.0.0</system>
<datetime>6/17/2019 11:47:33 PM</datetime>
<title>Static Sensor Positioning</title>
<meta>Author: Jakob Rieke; Version v1.3.0</meta>
<configuration>
  Zoom = 40
  SizeTeamA = 3
  SizeTeamB = 3
  FieldHeight = 9
  FieldWidth = 6
  PlayerSensorRange = 12
  PlayerSensorFOV = 56.3
  PlayerSize = 0.1555
  # The function used to optimize the problem,
  # possible values are:
  # Simplex, PSO, SPSO-2006, SPSO-2011, PSO-A-IW,
  # PSO-LD-IW, PSO-Chaotic-IW, PSO-LD-IW,
  # Evolution-Strategy, Differential-Evolution,
  # Adaptive-Differential-Evolution
  Optimizer = PSO
  </configuration>
<iteration i="0">
<sensors>[[1.31850327569638,-3.12502285573104,150.421559558343], [-2.25530563190845,0.493368345475083,169.075060542921], [4.19339724790689,6.2959416811941,10.1531649008987]]</sensors>
<obstacles>[[4.71255155280232, 0.326492279302329], [6.60328787961043, 0.135774380061775], [3.44785280548967, 3.78105806233361]]</obstacles>
<global-best>23.5769746418305</global-best>
</iteration>
<iteration i="200">
<sensors>[[8.99962589326355,5.99713260939492,204.274953456935], [8.99676742168378,1.36767034250713,192.726223559662], [0.0167058167199346,2.19898435765705,3.3151833022539]]</sensors>
<obstacles>[[4.71255155280232, 0.326492279302329], [6.60328787961043, 0.135774380061775], [3.44785280548967, 3.78105806233361]]</obstacles>
<global-best>0.0574807623079117</global-best>
</iteration>
<iterations>200</iterations>
<elapsed-time>4917</elapsed-time>
<average-time>0</average-time>
</simulation>