<?xml version="1.0" encoding="UTF-8"?>
<simulation>
<software>charlie-simulation-framework; v1.0.0; Jakob Rieke</software>
<system>Unix; Unix 18.2.0.0; 18.2.0.0</system>
<datetime>6/17/2019 11:45:03 PM</datetime>
<title>Static Sensor Positioning</title>
<meta>Author: Jakob Rieke; Version v1.3.0</meta>
<configuration>
  Zoom = 40
  SizeTeamA = 3
  SizeTeamB = 3
  FieldHeight = 9
  FieldWidth = 6
  PlayerSensorRange = 12
  PlayerSensorFOV = 56.3
  PlayerSize = 0.1555
  # The function used to optimize the problem,
  # possible values are:
  # Simplex, PSO, SPSO-2006, SPSO-2011, PSO-A-IW,
  # PSO-LD-IW, PSO-Chaotic-IW, PSO-LD-IW,
  # Evolution-Strategy, Differential-Evolution,
  # Adaptive-Differential-Evolution
  Optimizer = PSO
  </configuration>
<iteration i="0">
<sensors>[[4.30974039254406,7.8462133906041,77.6913175745964], [-0.885497108686519,3.0661120056371,287.263728609661], [5.22744452407651,5.95518686106106,106.913907350594]]</sensors>
<obstacles>[[8.56703818123788, 1.6843410548754], [6.95189084694721, 5.53533878317103], [1.56758101447485, 0.0445296443067491]]</obstacles>
<global-best>24.723479685744</global-best>
</iteration>
<iteration i="200">
<sensors>[[0.000181200784128559,0.00232312067902864,61.8673090856525], [0.0139601016080477,5.99893008101911,298.447443643409], [2.56388858015322,1.5124058596599E-05,28.8090879575814]]</sensors>
<obstacles>[[8.56703818123788, 1.6843410548754], [6.95189084694721, 5.53533878317103], [1.56758101447485, 0.0445296443067491]]</obstacles>
<global-best>0.326337791468775</global-best>
</iteration>
<iterations>200</iterations>
<elapsed-time>4086</elapsed-time>
<average-time>0</average-time>
</simulation>