<?xml version="1.0" encoding="UTF-8"?>
<simulation>
<software>charlie-simulation-framework; v1.0.0; Jakob Rieke</software>
<system>Unix; Unix 18.2.0.0; 18.2.0.0</system>
<datetime>6/17/2019 11:46:11 PM</datetime>
<title>Static Sensor Positioning</title>
<meta>Author: Jakob Rieke; Version v1.3.0</meta>
<configuration>
  Zoom = 40
  SizeTeamA = 3
  SizeTeamB = 3
  FieldHeight = 9
  FieldWidth = 6
  PlayerSensorRange = 12
  PlayerSensorFOV = 56.3
  PlayerSize = 0.1555
  # The function used to optimize the problem,
  # possible values are:
  # Simplex, PSO, SPSO-2006, SPSO-2011, PSO-A-IW,
  # PSO-LD-IW, PSO-Chaotic-IW, PSO-LD-IW,
  # Evolution-Strategy, Differential-Evolution,
  # Adaptive-Differential-Evolution
  Optimizer = PSO
  </configuration>
<iteration i="0">
<sensors>[[4.89285063690666,-0.21918948383507,149.398603731709], [6.55622221890136,8.39351507267187,143.99633633814], [6.57390071753809,3.33183469944706,220.491602900618]]</sensors>
<obstacles>[[7.67978139314801, 0.412887019570917], [3.60051198257133, 4.38857243070379], [5.29725207109004, 2.73279602313414]]</obstacles>
<global-best>10.5117236439024</global-best>
</iteration>
<iteration i="200">
<sensors>[[6.93335143636888,0.000351574008525697,151.860518486971], [8.99979264550108,0.0170952775437172,118.098309887372], [8.98738055368192,5.99980203283278,241.010149158247]]</sensors>
<obstacles>[[7.67978139314801, 0.412887019570917], [3.60051198257133, 4.38857243070379], [5.29725207109004, 2.73279602313414]]</obstacles>
<global-best>0.435876041456977</global-best>
</iteration>
<iterations>200</iterations>
<elapsed-time>4562</elapsed-time>
<average-time>0</average-time>
</simulation>