<?xml version="1.0" encoding="UTF-8"?>
<simulation>
<software>charlie-simulation-framework; v1.0.0; Jakob Rieke</software>
<system>Unix; Unix 18.2.0.0; 18.2.0.0</system>
<datetime>6/17/2019 11:45:49 PM</datetime>
<title>Static Sensor Positioning</title>
<meta>Author: Jakob Rieke; Version v1.3.0</meta>
<configuration>
  Zoom = 40
  SizeTeamA = 3
  SizeTeamB = 3
  FieldHeight = 9
  FieldWidth = 6
  PlayerSensorRange = 12
  PlayerSensorFOV = 56.3
  PlayerSize = 0.1555
  # The function used to optimize the problem,
  # possible values are:
  # Simplex, PSO, SPSO-2006, SPSO-2011, PSO-A-IW,
  # PSO-LD-IW, PSO-Chaotic-IW, PSO-LD-IW,
  # Evolution-Strategy, Differential-Evolution,
  # Adaptive-Differential-Evolution
  Optimizer = PSO
  </configuration>
<iteration i="0">
<sensors>[[3.56674018053866,6.16604571571862,186.695585658254], [5.45875606867904,4.70662043000539,278.121603792554], [0.666253573185428,4.8696720790536,176.816942401524]]</sensors>
<obstacles>[[8.13260759739205, 4.03050163155422], [2.05353179178201, 5.34007317759097], [5.61913840100169, 1.52296888595447]]</obstacles>
<global-best>20.0620905046859</global-best>
</iteration>
<iteration i="200">
<sensors>[[8.9999656224911,3.68451077994102,195.988843457713], [7.18454116372065,5.99994618962228,263.475933663384], [8.99999879022477,5.21007248372471,172.69557748435]]</sensors>
<obstacles>[[8.13260759739205, 4.03050163155422], [2.05353179178201, 5.34007317759097], [5.61913840100169, 1.52296888595447]]</obstacles>
<global-best>2.98902504962342</global-best>
</iteration>
<iterations>200</iterations>
<elapsed-time>4701</elapsed-time>
<average-time>0</average-time>
</simulation>