<?xml version="1.0" encoding="UTF-8"?>
<simulation>
<software>charlie-simulation-framework; v1.0.0; Jakob Rieke</software>
<system>Unix; Unix 18.2.0.0; 18.2.0.0</system>
<datetime>6/17/2019 11:45:27 PM</datetime>
<title>Static Sensor Positioning</title>
<meta>Author: Jakob Rieke; Version v1.3.0</meta>
<configuration>
  Zoom = 40
  SizeTeamA = 3
  SizeTeamB = 3
  FieldHeight = 9
  FieldWidth = 6
  PlayerSensorRange = 12
  PlayerSensorFOV = 56.3
  PlayerSize = 0.1555
  # The function used to optimize the problem,
  # possible values are:
  # Simplex, PSO, SPSO-2006, SPSO-2011, PSO-A-IW,
  # PSO-LD-IW, PSO-Chaotic-IW, PSO-LD-IW,
  # Evolution-Strategy, Differential-Evolution,
  # Adaptive-Differential-Evolution
  Optimizer = PSO
  </configuration>
<iteration i="0">
<sensors>[[-0.376332469688882,4.39199729309865,225.380546777718], [4.84547587481565,0.323345390898973,121.664284040997], [8.56279780617713,3.55559000770941,163.307941865197]]</sensors>
<obstacles>[[3.90492872265168, 2.71255887765437], [3.87681448459625, 4.79134055413306], [5.60062491637655, 5.58383164694533]]</obstacles>
<global-best>22.7942772871039</global-best>
</iteration>
<iteration i="200">
<sensors>[[4.16763004107969,5.99979175091859,221.146544777968], [8.99963666096743,0.312502820667947,118.04933023071], [8.99992402629149,0.000647986303220613,152.232255400781]]</sensors>
<obstacles>[[3.90492872265168, 2.71255887765437], [3.87681448459625, 4.79134055413306], [5.60062491637655, 5.58383164694533]]</obstacles>
<global-best>0.740603462032887</global-best>
</iteration>
<iterations>200</iterations>
<elapsed-time>3883</elapsed-time>
<average-time>0</average-time>
</simulation>