<?xml version="1.0" encoding="UTF-8"?>
<simulation>
<software>charlie-simulation-framework; v1.0.0; Jakob Rieke</software>
<system>Unix; Unix 18.2.0.0; 18.2.0.0</system>
<datetime>6/17/2019 11:46:39 PM</datetime>
<title>Static Sensor Positioning</title>
<meta>Author: Jakob Rieke; Version v1.3.0</meta>
<configuration>
  Zoom = 40
  SizeTeamA = 3
  SizeTeamB = 3
  FieldHeight = 9
  FieldWidth = 6
  PlayerSensorRange = 12
  PlayerSensorFOV = 56.3
  PlayerSize = 0.1555
  # The function used to optimize the problem,
  # possible values are:
  # Simplex, PSO, SPSO-2006, SPSO-2011, PSO-A-IW,
  # PSO-LD-IW, PSO-Chaotic-IW, PSO-LD-IW,
  # Evolution-Strategy, Differential-Evolution,
  # Adaptive-Differential-Evolution
  Optimizer = PSO
  </configuration>
<iteration i="0">
<sensors>[[3.01563722640056,1.59985294037292,240.532588286079], [7.41879065279138,2.56078311038718,137.805004462046], [4.03483274539709,3.32913283829607,52.4369057195717]]</sensors>
<obstacles>[[3.76553318859078, 4.29336642986164], [4.89865824929439, 3.03486240282655], [0.671592892147601, 5.18214382231236]]</obstacles>
<global-best>22.3629373679549</global-best>
</iteration>
<iteration i="200">
<sensors>[[8.99990609228444,5.57172996867926,201.231562551457], [8.99891924590313,0.00383378404805917,160.217468998583], [0.000755317421618749,0.00206211046941885,28.2682436261098]]</sensors>
<obstacles>[[3.76553318859078, 4.29336642986164], [4.89865824929439, 3.03486240282655], [0.671592892147601, 5.18214382231236]]</obstacles>
<global-best>0.263908583748811</global-best>
</iteration>
<iterations>200</iterations>
<elapsed-time>5215</elapsed-time>
<average-time>0</average-time>
</simulation>