<?xml version="1.0" encoding="UTF-8"?>
<simulation>
<software>charlie-simulation-framework; v1.0.0; Jakob Rieke</software>
<system>Unix; Unix 18.2.0.0; 18.2.0.0</system>
<datetime>6/17/2019 11:47:56 PM</datetime>
<title>Static Sensor Positioning</title>
<meta>Author: Jakob Rieke; Version v1.3.0</meta>
<configuration>
  Zoom = 40
  SizeTeamA = 3
  SizeTeamB = 3
  FieldHeight = 9
  FieldWidth = 6
  PlayerSensorRange = 12
  PlayerSensorFOV = 56.3
  PlayerSize = 0.1555
  # The function used to optimize the problem,
  # possible values are:
  # Simplex, PSO, SPSO-2006, SPSO-2011, PSO-A-IW,
  # PSO-LD-IW, PSO-Chaotic-IW, PSO-LD-IW,
  # Evolution-Strategy, Differential-Evolution,
  # Adaptive-Differential-Evolution
  Optimizer = PSO
  </configuration>
<iteration i="0">
<sensors>[[2.43487439204907,8.82050405249864,56.6228875285963], [6.86917350463221,4.35562782838602,128.45177416036], [2.58631913965015,3.79911022974393,210.238962766598]]</sensors>
<obstacles>[[1.57314423657954, 2.48212751979008], [5.74763532355428, 1.85365949152038], [0.180132186971605, 4.66368551133201]]</obstacles>
<global-best>21.1704990045981</global-best>
</iteration>
<iteration i="200">
<sensors>[[4.57978147879579,0.000177032960291214,27.2462202318174], [8.99910228640652,0.00121583451029221,161.667812533072], [8.97931776224208,5.99646293907288,206.081425878829]]</sensors>
<obstacles>[[1.57314423657954, 2.48212751979008], [5.74763532355428, 1.85365949152038], [0.180132186971605, 4.66368551133201]]</obstacles>
<global-best>0.225359824656038</global-best>
</iteration>
<iterations>200</iterations>
<elapsed-time>4295</elapsed-time>
<average-time>0</average-time>
</simulation>