<?xml version="1.0" encoding="UTF-8"?>
<simulation>
<software>charlie-simulation-framework; v1.0.0; Jakob Rieke</software>
<system>Unix; Unix 18.2.0.0; 18.2.0.0</system>
<datetime>6/17/2019 11:46:44 PM</datetime>
<title>Static Sensor Positioning</title>
<meta>Author: Jakob Rieke; Version v1.3.0</meta>
<configuration>
  Zoom = 40
  SizeTeamA = 3
  SizeTeamB = 3
  FieldHeight = 9
  FieldWidth = 6
  PlayerSensorRange = 12
  PlayerSensorFOV = 56.3
  PlayerSize = 0.1555
  # The function used to optimize the problem,
  # possible values are:
  # Simplex, PSO, SPSO-2006, SPSO-2011, PSO-A-IW,
  # PSO-LD-IW, PSO-Chaotic-IW, PSO-LD-IW,
  # Evolution-Strategy, Differential-Evolution,
  # Adaptive-Differential-Evolution
  Optimizer = PSO
  </configuration>
<iteration i="0">
<sensors>[[-0.521762326116035,0.564050400330665,275.752240865637], [4.00493217166299,6.75145633720472,168.390253009306], [6.05688478182478,6.03228325470279,25.1451252169578]]</sensors>
<obstacles>[[2.2245551047381, 1.35037592053413], [1.1620935278479, 2.43608265649527], [1.93890705518425, 5.41842896305025]]</obstacles>
<global-best>16.8925328070972</global-best>
</iteration>
<iteration i="200">
<sensors>[[5.10582149888702E-05,5.99998894170084,298.144718621817], [8.99655235414749,5.99936276236645,194.129495971256], [0.734846744929974,0.000362089920921304,28.1014920051308]]</sensors>
<obstacles>[[2.2245551047381, 1.35037592053413], [1.1620935278479, 2.43608265649527], [1.93890705518425, 5.41842896305025]]</obstacles>
<global-best>0.349062847755632</global-best>
</iteration>
<iterations>200</iterations>
<elapsed-time>4821</elapsed-time>
<average-time>0</average-time>
</simulation>