<?xml version="1.0" encoding="UTF-8"?>
<simulation>
<software>charlie-simulation-framework; v1.0.0; Jakob Rieke</software>
<system>Unix; Unix 18.2.0.0; 18.2.0.0</system>
<datetime>6/17/2019 11:44:37 PM</datetime>
<title>Static Sensor Positioning</title>
<meta>Author: Jakob Rieke; Version v1.3.0</meta>
<configuration>
  Zoom = 40
  SizeTeamA = 3
  SizeTeamB = 3
  FieldHeight = 9
  FieldWidth = 6
  PlayerSensorRange = 12
  PlayerSensorFOV = 56.3
  PlayerSize = 0.1555
  # The function used to optimize the problem,
  # possible values are:
  # Simplex, PSO, SPSO-2006, SPSO-2011, PSO-A-IW,
  # PSO-LD-IW, PSO-Chaotic-IW, PSO-LD-IW,
  # Evolution-Strategy, Differential-Evolution,
  # Adaptive-Differential-Evolution
  Optimizer = PSO
  </configuration>
<iteration i="0">
<sensors>[[2.34482926152437,-2.65170492462435,85.3887299584561], [-0.676125372055697,-2.2535244886141,324.714747936128], [4.06022842589375,3.16685311766722,0.00374202667107459]]</sensors>
<obstacles>[[7.68344430369325, 3.83417101157829], [2.35001879674383, 1.82687124470249], [4.30520187970251, 5.16631455067545]]</obstacles>
<global-best>18.028415755331</global-best>
</iteration>
<iteration i="200">
<sensors>[[9.48824538980338E-05,1.89142999473551E-05,61.8528027230157], [0.0683216711579399,5.99977227311728,289.072391063077], [0.000151296812568775,3.40613803888592,0.464099473588521]]</sensors>
<obstacles>[[7.68344430369325, 3.83417101157829], [2.35001879674383, 1.82687124470249], [4.30520187970251, 5.16631455067545]]</obstacles>
<global-best>1.36109881014986</global-best>
</iteration>
<iterations>200</iterations>
<elapsed-time>4688</elapsed-time>
<average-time>0</average-time>
</simulation>