<?xml version="1.0" encoding="UTF-8"?>
<simulation>
<software>charlie-simulation-framework; v1.0.0; Jakob Rieke</software>
<system>Unix; Unix 18.2.0.0; 18.2.0.0</system>
<datetime>6/17/2019 11:47:47 PM</datetime>
<title>Static Sensor Positioning</title>
<meta>Author: Jakob Rieke; Version v1.3.0</meta>
<configuration>
  Zoom = 40
  SizeTeamA = 3
  SizeTeamB = 3
  FieldHeight = 9
  FieldWidth = 6
  PlayerSensorRange = 12
  PlayerSensorFOV = 56.3
  PlayerSize = 0.1555
  # The function used to optimize the problem,
  # possible values are:
  # Simplex, PSO, SPSO-2006, SPSO-2011, PSO-A-IW,
  # PSO-LD-IW, PSO-Chaotic-IW, PSO-LD-IW,
  # Evolution-Strategy, Differential-Evolution,
  # Adaptive-Differential-Evolution
  Optimizer = PSO
  </configuration>
<iteration i="0">
<sensors>[[3.90856114893136,4.55181816157378,127.157455702305], [8.79875772184532,5.25263683071825,308.741075651067], [5.80176063165416,2.12588984162224,165.028497572518]]</sensors>
<obstacles>[[0.634230682393536, 3.38242378877476], [1.48775451164693, 2.73165994416922], [7.63539914251305, 1.61488719563931]]</obstacles>
<global-best>23.9116234592449</global-best>
</iteration>
<iteration i="200">
<sensors>[[8.99999963439508,1.57912690458364,118.11867324268], [4.88480764154967,5.99980858995185,285.883351193874], [8.99291291653871,0.000198710702777425,152.26850938898]]</sensors>
<obstacles>[[0.634230682393536, 3.38242378877476], [1.48775451164693, 2.73165994416922], [7.63539914251305, 1.61488719563931]]</obstacles>
<global-best>0.784923474002418</global-best>
</iteration>
<iterations>200</iterations>
<elapsed-time>4527</elapsed-time>
<average-time>0</average-time>
</simulation>