<?xml version="1.0" encoding="UTF-8"?>
<simulation>
<software>charlie-simulation-framework; v1.0.0; Jakob Rieke</software>
<system>Unix; Unix 18.2.0.0; 18.2.0.0</system>
<datetime>6/17/2019 11:47:38 PM</datetime>
<title>Static Sensor Positioning</title>
<meta>Author: Jakob Rieke; Version v1.3.0</meta>
<configuration>
  Zoom = 40
  SizeTeamA = 3
  SizeTeamB = 3
  FieldHeight = 9
  FieldWidth = 6
  PlayerSensorRange = 12
  PlayerSensorFOV = 56.3
  PlayerSize = 0.1555
  # The function used to optimize the problem,
  # possible values are:
  # Simplex, PSO, SPSO-2006, SPSO-2011, PSO-A-IW,
  # PSO-LD-IW, PSO-Chaotic-IW, PSO-LD-IW,
  # Evolution-Strategy, Differential-Evolution,
  # Adaptive-Differential-Evolution
  Optimizer = PSO
  </configuration>
<iteration i="0">
<sensors>[[6.04624165010443,2.88330642873966,117.892988867279], [3.11215740489687,-0.192956316502023,94.4461687091599], [7.44081878930538,-2.30348776786612,186.113873959]]</sensors>
<obstacles>[[1.62211929028854, 3.0460054250434], [3.72287245304324, 3.45052251778543], [6.62973501579836, 3.35528268339112]]</obstacles>
<global-best>25.7214123467312</global-best>
</iteration>
<iteration i="200">
<sensors>[[6.94231852353527,2.24860190927894,141.67513199327], [8.9956745888121,0.020717726367731,117.006662753084], [8.6782439062029,0.047620634982708,159.129691921365]]</sensors>
<obstacles>[[1.62211929028854, 3.0460054250434], [3.72287245304324, 3.45052251778543], [6.62973501579836, 3.35528268339112]]</obstacles>
<global-best>0.96113146364345</global-best>
</iteration>
<iterations>200</iterations>
<elapsed-time>3574</elapsed-time>
<average-time>0</average-time>
</simulation>