<?xml version="1.0" encoding="UTF-8"?>
<simulation>
<software>charlie-simulation-framework; v1.0.0; Jakob Rieke</software>
<system>Unix; Unix 18.2.0.0; 18.2.0.0</system>
<datetime>6/17/2019 11:46:26 PM</datetime>
<title>Static Sensor Positioning</title>
<meta>Author: Jakob Rieke; Version v1.3.0</meta>
<configuration>
  Zoom = 40
  SizeTeamA = 3
  SizeTeamB = 3
  FieldHeight = 9
  FieldWidth = 6
  PlayerSensorRange = 12
  PlayerSensorFOV = 56.3
  PlayerSize = 0.1555
  # The function used to optimize the problem,
  # possible values are:
  # Simplex, PSO, SPSO-2006, SPSO-2011, PSO-A-IW,
  # PSO-LD-IW, PSO-Chaotic-IW, PSO-LD-IW,
  # Evolution-Strategy, Differential-Evolution,
  # Adaptive-Differential-Evolution
  Optimizer = PSO
  </configuration>
<iteration i="0">
<sensors>[[-1.6136833249883,5.38463270668323,268.229261834498], [3.87435821322585,4.12589421852685,347.939707094173], [-0.0235583704237197,1.73899897432705,229.393942021102]]</sensors>
<obstacles>[[3.48759448877536, 1.05717689311132], [8.85538252559491, 2.56226374441758], [6.00721842446364, 5.9901417712681]]</obstacles>
<global-best>15.0259204567469</global-best>
</iteration>
<iteration i="200">
<sensors>[[4.16566411308883,5.99997673133988,277.052258844247], [0.000192560590031784,4.72525177636255,358.791324675734], [8.99914452003322,5.47958738665325,196.668405419011]]</sensors>
<obstacles>[[3.48759448877536, 1.05717689311132], [8.85538252559491, 2.56226374441758], [6.00721842446364, 5.9901417712681]]</obstacles>
<global-best>0.136596571883543</global-best>
</iteration>
<iterations>200</iterations>
<elapsed-time>4598</elapsed-time>
<average-time>0</average-time>
</simulation>