<?xml version="1.0" encoding="UTF-8"?>
<simulation>
<software>charlie-simulation-framework; v1.0.0; Jakob Rieke</software>
<system>Unix; Unix 18.2.0.0; 18.2.0.0</system>
<datetime>6/17/2019 11:47:51 PM</datetime>
<title>Static Sensor Positioning</title>
<meta>Author: Jakob Rieke; Version v1.3.0</meta>
<configuration>
  Zoom = 40
  SizeTeamA = 3
  SizeTeamB = 3
  FieldHeight = 9
  FieldWidth = 6
  PlayerSensorRange = 12
  PlayerSensorFOV = 56.3
  PlayerSize = 0.1555
  # The function used to optimize the problem,
  # possible values are:
  # Simplex, PSO, SPSO-2006, SPSO-2011, PSO-A-IW,
  # PSO-LD-IW, PSO-Chaotic-IW, PSO-LD-IW,
  # Evolution-Strategy, Differential-Evolution,
  # Adaptive-Differential-Evolution
  Optimizer = PSO
  </configuration>
<iteration i="0">
<sensors>[[1.68314398195259,10.6030707819463,225.510352303446], [-0.484792020164014,-0.449010409482333,49.9815225393562], [-0.657336279954041,4.85408469250378,71.3775618286566]]</sensors>
<obstacles>[[3.20525038428605, 5.84759998368099], [7.77643545088358, 4.95036621345207], [4.76136537641287, 1.78561173845083]]</obstacles>
<global-best>24.7130471274171</global-best>
</iteration>
<iteration i="200">
<sensors>[[8.99955031766408,5.93143916368314,241.859395571634], [0.00021499605577358,0.20169073163006,18.819816887448], [0.237714266211931,6.74095991316754E-05,77.2337539872048]]</sensors>
<obstacles>[[3.20525038428605, 5.84759998368099], [7.77643545088358, 4.95036621345207], [4.76136537641287, 1.78561173845083]]</obstacles>
<global-best>0.262923994027552</global-best>
</iteration>
<iterations>200</iterations>
<elapsed-time>4296</elapsed-time>
<average-time>0</average-time>
</simulation>