<?xml version="1.0" encoding="UTF-8"?>
<simulation>
<software>charlie-simulation-framework; v1.0.0; Jakob Rieke</software>
<system>Unix; Unix 18.2.0.0; 18.2.0.0</system>
<datetime>6/17/2019 11:45:39 PM</datetime>
<title>Static Sensor Positioning</title>
<meta>Author: Jakob Rieke; Version v1.3.0</meta>
<configuration>
  Zoom = 40
  SizeTeamA = 3
  SizeTeamB = 3
  FieldHeight = 9
  FieldWidth = 6
  PlayerSensorRange = 12
  PlayerSensorFOV = 56.3
  PlayerSize = 0.1555
  # The function used to optimize the problem,
  # possible values are:
  # Simplex, PSO, SPSO-2006, SPSO-2011, PSO-A-IW,
  # PSO-LD-IW, PSO-Chaotic-IW, PSO-LD-IW,
  # Evolution-Strategy, Differential-Evolution,
  # Adaptive-Differential-Evolution
  Optimizer = PSO
  </configuration>
<iteration i="0">
<sensors>[[4.6592900765843,-1.67454645257326,162.636563170841], [4.3537784476418,2.39419809068897,78.4254535168809], [1.40644200295075,5.46890669209033,31.7936996273334]]</sensors>
<obstacles>[[5.08092254516669, 3.61051078420132], [6.4418719606474, 5.6083527803421], [0.313838816480711, 4.56517738290131]]</obstacles>
<global-best>17.5212189332724</global-best>
</iteration>
<iteration i="200">
<sensors>[[-36.349699334995,13.7487467465544,179.096956481756], [2.19641147828342E-05,6.76219545244609E-05,61.8517258922401], [0.775354583074011,4.19092325893633E-06,28.1499293147793]]</sensors>
<obstacles>[[5.08092254516669, 3.61051078420132], [6.4418719606474, 5.6083527803421], [0.313838816480711, 4.56517738290131]]</obstacles>
<global-best>2.06318354600846</global-best>
</iteration>
<iterations>200</iterations>
<elapsed-time>2373</elapsed-time>
<average-time>0</average-time>
</simulation>