<?xml version="1.0" encoding="UTF-8"?>
<simulation>
<software>charlie-simulation-framework; v1.0.0; Jakob Rieke</software>
<system>Unix; Unix 18.2.0.0; 18.2.0.0</system>
<datetime>6/17/2019 11:48:00 PM</datetime>
<title>Static Sensor Positioning</title>
<meta>Author: Jakob Rieke; Version v1.3.0</meta>
<configuration>
  Zoom = 40
  SizeTeamA = 3
  SizeTeamB = 3
  FieldHeight = 9
  FieldWidth = 6
  PlayerSensorRange = 12
  PlayerSensorFOV = 56.3
  PlayerSize = 0.1555
  # The function used to optimize the problem,
  # possible values are:
  # Simplex, PSO, SPSO-2006, SPSO-2011, PSO-A-IW,
  # PSO-LD-IW, PSO-Chaotic-IW, PSO-LD-IW,
  # Evolution-Strategy, Differential-Evolution,
  # Adaptive-Differential-Evolution
  Optimizer = PSO
  </configuration>
<iteration i="0">
<sensors>[[1.21483836512557,3.60921672228098,193.418512509765], [12.4312764964291,3.26485452161958,181.350947911254], [-1.25038861711658,4.63783723076324,139.398416951988]]</sensors>
<obstacles>[[1.78003158420324, 3.27047575917095], [3.07474353373982, 0.216166636906564], [5.07884927932173, 1.40642342856154]]</obstacles>
<global-best>20.1369850798478</global-best>
</iteration>
<iteration i="200">
<sensors>[[8.99555413970317,4.13138666680975,242.903874255598], [8.97031161863942,5.99793237143965,206.616697496851], [0.0500437719105806,0.00240746838763243,23.0104234874453]]</sensors>
<obstacles>[[1.78003158420324, 3.27047575917095], [3.07474353373982, 0.216166636906564], [5.07884927932173, 1.40642342856154]]</obstacles>
<global-best>0.697019430133673</global-best>
</iteration>
<iterations>200</iterations>
<elapsed-time>4299</elapsed-time>
<average-time>0</average-time>
</simulation>