<?xml version="1.0" encoding="UTF-8"?>
<simulation>
<software>charlie-simulation-framework; v1.0.0; Jakob Rieke</software>
<system>Unix; Unix 18.2.0.0; 18.2.0.0</system>
<datetime>7/9/2019 4:17:06 PM</datetime>
<title>Static Sensor Positioning</title>
<meta>Author: Jakob Rieke; Version v1.4.0; Deterministic: No</meta>
<configuration>
  Zoom = 40
  NumberOfSensors = 3
  NumberOfObstacles = 3
  FieldHeight = 9
  FieldWidth = 6
  PlayerSensorRange = 12
  PlayerSensorFOV = 56.3
  PlayerSize = 0.1555
  Optimizer = SPSO-2006
  </configuration>
<iteration i="0">
<sensors>[[7.4570520222187,4.48652724036947,197.637449679896], [8.58504235418513,0.614919968415052,134.502300862223], [4.27434489224106,0.160570356063545,0.0906748417764902]]</sensors>
<obstacles>[[4.07825885899365, 0.490429221186787], [1.06588713708334, 3.87114796042442], [2.64397436846048, 2.81047807401046]]</obstacles>
<global-best>9.38379376586698</global-best>
</iteration>
<iteration i="600">
<sensors>[[0.00210999934341667,1.25144218134955,0], [8.99948839081946,5.97919860838818,187.119979112177], [8.8479929364499,0.000523054689746746,166.358440567956]]</sensors>
<obstacles>[[4.07825885899365, 0.490429221186787], [1.06588713708334, 3.87114796042442], [2.64397436846048, 2.81047807401046]]</obstacles>
<global-best>0.358354120343838</global-best>
</iteration>
<iterations>600</iterations>
<elapsed-time>18948</elapsed-time>
<average-time>0</average-time>
</simulation>