<?xml version="1.0" encoding="UTF-8"?>
<simulation>
<software>charlie-simulation-framework; v1.0.0; Jakob Rieke</software>
<system>Unix; Unix 18.2.0.0; 18.2.0.0</system>
<datetime>7/9/2019 3:45:02 PM</datetime>
<title>Static Sensor Positioning</title>
<meta>Author: Jakob Rieke; Version v1.4.0; Deterministic: No</meta>
<configuration>
  Zoom = 40
  NumberOfSensors = 3
  NumberOfObstacles = 3
  FieldHeight = 9
  FieldWidth = 6
  PlayerSensorRange = 12
  PlayerSensorFOV = 56.3
  PlayerSize = 0.1555
  Optimizer = SPSO-2006
  </configuration>
<iteration i="0">
<sensors>[[7.9912132686004,3.90384158492088,114.709516279399], [8.89920970774256,1.03661213815212,172.418775949627], [6.45856444328092,5.99728946154937,300.797285595909]]</sensors>
<obstacles>[[2.76304408279248, 4.1452172244899], [1.05756322620437, 0.613037304952741], [6.82489859964699, 5.89713701605797]]</obstacles>
<global-best>10.8281915877992</global-best>
</iteration>
<iteration i="600">
<sensors>[[0.00148923477225602,2.27578162012408,359.501604457126], [8.9418775871077,4.91055288771191,184.60989293768], [0.0731091609503347,5.984815131245,296.1080814237]]</sensors>
<obstacles>[[2.76304408279248, 4.1452172244899], [1.05756322620437, 0.613037304952741], [6.82489859964699, 5.89713701605797]]</obstacles>
<global-best>0.33163237099322</global-best>
</iteration>
<iterations>600</iterations>
<elapsed-time>14865</elapsed-time>
<average-time>0</average-time>
</simulation>