<?xml version="1.0" encoding="UTF-8"?>
<simulation>
<software>charlie-simulation-framework; v1.0.0; Jakob Rieke</software>
<system>Unix; Unix 18.2.0.0; 18.2.0.0</system>
<datetime>7/9/2019 4:02:37 PM</datetime>
<title>Static Sensor Positioning</title>
<meta>Author: Jakob Rieke; Version v1.4.0; Deterministic: No</meta>
<configuration>
  Zoom = 40
  NumberOfSensors = 3
  NumberOfObstacles = 3
  FieldHeight = 9
  FieldWidth = 6
  PlayerSensorRange = 12
  PlayerSensorFOV = 56.3
  PlayerSize = 0.1555
  Optimizer = SPSO-2006
  </configuration>
<iteration i="0">
<sensors>[[6.09194130613469,3.7670069206506,207.204164201394], [8.06167220044881,5.38000533403829,273.231462892145], [0.748235533246771,2.92942387796938,335.40068814531]]</sensors>
<obstacles>[[6.08134894422255, 0.669598196167499], [8.17110341135412, 3.74570164131001], [2.79696246609092, 4.37289287522435]]</obstacles>
<global-best>19.4392207538223</global-best>
</iteration>
<iteration i="600">
<sensors>[[8.99987055702585,0.000218339552792316,159.653577881922], [3.56063511313689E-05,3.24168908382806,360], [8.99988682781154,5.999575084925,202.011606866525]]</sensors>
<obstacles>[[6.08134894422255, 0.669598196167499], [8.17110341135412, 3.74570164131001], [2.79696246609092, 4.37289287522435]]</obstacles>
<global-best>0.280184481491523</global-best>
</iteration>
<iterations>600</iterations>
<elapsed-time>15482</elapsed-time>
<average-time>0</average-time>
</simulation>