<?xml version="1.0" encoding="UTF-8"?>
<simulation>
<software>charlie-simulation-framework; v1.0.0; Jakob Rieke</software>
<system>Unix; Unix 18.2.0.0; 18.2.0.0</system>
<datetime>7/9/2019 3:44:46 PM</datetime>
<title>Static Sensor Positioning</title>
<meta>Author: Jakob Rieke; Version v1.4.0; Deterministic: No</meta>
<configuration>
  Zoom = 40
  NumberOfSensors = 3
  NumberOfObstacles = 3
  FieldHeight = 9
  FieldWidth = 6
  PlayerSensorRange = 12
  PlayerSensorFOV = 56.3
  PlayerSize = 0.1555
  Optimizer = SPSO-2006
  </configuration>
<iteration i="0">
<sensors>[[6.50572713254951,5.8579205526039,193.237330634147], [4.05015448643826,2.80212352517992,219.423448992893], [1.56965546635911,5.17011531069875,335.294155748561]]</sensors>
<obstacles>[[5.66202467260882, 3.33123280853033], [7.24264912283979, 4.41671346500516], [1.49203670234419, 2.70148440683261]]</obstacles>
<global-best>9.48320282142165</global-best>
</iteration>
<iteration i="600">
<sensors>[[1.69866405574328,5.99999999570676,346.177168984381], [2.57736282087931E-05,3.28476059370865,340.569540486127], [8.99994112436078,2.9427159154293E-05,158.219758616124]]</sensors>
<obstacles>[[5.66202467260882, 3.33123280853033], [7.24264912283979, 4.41671346500516], [1.49203670234419, 2.70148440683261]]</obstacles>
<global-best>0.211637596454993</global-best>
</iteration>
<iterations>600</iterations>
<elapsed-time>15543</elapsed-time>
<average-time>0</average-time>
</simulation>