<?xml version="1.0" encoding="UTF-8"?>
<simulation>
<software>charlie-simulation-framework; v1.0.0; Jakob Rieke</software>
<system>Unix; Unix 18.2.0.0; 18.2.0.0</system>
<datetime>7/9/2019 4:01:16 PM</datetime>
<title>Static Sensor Positioning</title>
<meta>Author: Jakob Rieke; Version v1.4.0; Deterministic: No</meta>
<configuration>
  Zoom = 40
  NumberOfSensors = 3
  NumberOfObstacles = 3
  FieldHeight = 9
  FieldWidth = 6
  PlayerSensorRange = 12
  PlayerSensorFOV = 56.3
  PlayerSize = 0.1555
  Optimizer = SPSO-2006
  </configuration>
<iteration i="0">
<sensors>[[1.14119220874272,3.36519395699725,339.050962552428], [0.330379785737023,5.7848202791065,342.004063278437], [2.58603369793855,1.59631510265172,256.547576235607]]</sensors>
<obstacles>[[5.48535520699807, 0.236632563639432], [8.90357599616982, 5.70554108452052], [5.83872170629911, 2.47475837543607]]</obstacles>
<global-best>11.557574600705</global-best>
</iteration>
<iteration i="600">
<sensors>[[8.99993876821402,4.36599885774122,196.642794157169], [3.9904496679936E-05,0.510846722866715,359.955811618784], [0.000103605182460302,5.9763762761584,340.024214970132]]</sensors>
<obstacles>[[5.48535520699807, 0.236632563639432], [8.90357599616982, 5.70554108452052], [5.83872170629911, 2.47475837543607]]</obstacles>
<global-best>0.107225042061941</global-best>
</iteration>
<iterations>600</iterations>
<elapsed-time>15864</elapsed-time>
<average-time>0</average-time>
</simulation>