<?xml version="1.0" encoding="UTF-8"?>
<simulation>
<software>charlie-simulation-framework; v1.0.0; Jakob Rieke</software>
<system>Unix; Unix 18.2.0.0; 18.2.0.0</system>
<datetime>7/9/2019 3:59:25 PM</datetime>
<title>Static Sensor Positioning</title>
<meta>Author: Jakob Rieke; Version v1.4.0; Deterministic: No</meta>
<configuration>
  Zoom = 40
  NumberOfSensors = 3
  NumberOfObstacles = 3
  FieldHeight = 9
  FieldWidth = 6
  PlayerSensorRange = 12
  PlayerSensorFOV = 56.3
  PlayerSize = 0.1555
  Optimizer = SPSO-2006
  </configuration>
<iteration i="0">
<sensors>[[8.92250314238481,5.671170105692,136.195750571787], [0.776847721310332,3.74571022158489,351.28194806166], [0.400798023445532,2.09932929463685,20.8722934126854]]</sensors>
<obstacles>[[5.92989262891933, 5.36019946401939], [3.43271685484797, 3.30525369336829], [3.12387935235165, 1.33799612475559]]</obstacles>
<global-best>16.81548125054</global-best>
</iteration>
<iteration i="600">
<sensors>[[0.000503092602580445,0.279998250068644,25.9016483262417], [4.7998234327337E-05,5.99975211979053,331.859784139136], [8.99981679564693,2.96136893763952,186.60152193858]]</sensors>
<obstacles>[[5.92989262891933, 5.36019946401939], [3.43271685484797, 3.30525369336829], [3.12387935235165, 1.33799612475559]]</obstacles>
<global-best>0.954609922134922</global-best>
</iteration>
<iterations>600</iterations>
<elapsed-time>15658</elapsed-time>
<average-time>0</average-time>
</simulation>