<?xml version="1.0" encoding="UTF-8"?>
<simulation>
<software>charlie-simulation-framework; v1.0.0; Jakob Rieke</software>
<system>Unix; Unix 18.2.0.0; 18.2.0.0</system>
<datetime>7/9/2019 3:53:36 PM</datetime>
<title>Static Sensor Positioning</title>
<meta>Author: Jakob Rieke; Version v1.4.0; Deterministic: No</meta>
<configuration>
  Zoom = 40
  NumberOfSensors = 3
  NumberOfObstacles = 3
  FieldHeight = 9
  FieldWidth = 6
  PlayerSensorRange = 12
  PlayerSensorFOV = 56.3
  PlayerSize = 0.1555
  Optimizer = SPSO-2006
  </configuration>
<iteration i="0">
<sensors>[[8.36603849614039,4.18517282232642,324.249624190852], [8.9511535896454,2.63214816665277,167.516670338809], [0.764337039319798,4.93760369578376,315.012430194765]]</sensors>
<obstacles>[[8.95570122683421, 4.00140826078132], [6.56441279500723, 1.49604037636891], [1.6565698615741, 5.91525080893189]]</obstacles>
<global-best>8.72679520922255</global-best>
</iteration>
<iteration i="600">
<sensors>[[0.000519536071684027,4.29242698128006,3.59063429270588], [8.99197556777016,2.36343918145091,177.876851382407], [0.0015349785284705,0.0160575367638357,0]]</sensors>
<obstacles>[[8.95570122683421, 4.00140826078132], [6.56441279500723, 1.49604037636891], [1.6565698615741, 5.91525080893189]]</obstacles>
<global-best>0.0865484839254984</global-best>
</iteration>
<iterations>600</iterations>
<elapsed-time>15757</elapsed-time>
<average-time>0</average-time>
</simulation>