<?xml version="1.0" encoding="UTF-8"?>
<simulation>
<software>charlie-simulation-framework; v1.0.0; Jakob Rieke</software>
<system>Unix; Unix 18.2.0.0; 18.2.0.0</system>
<datetime>7/9/2019 3:56:44 PM</datetime>
<title>Static Sensor Positioning</title>
<meta>Author: Jakob Rieke; Version v1.4.0; Deterministic: No</meta>
<configuration>
  Zoom = 40
  NumberOfSensors = 3
  NumberOfObstacles = 3
  FieldHeight = 9
  FieldWidth = 6
  PlayerSensorRange = 12
  PlayerSensorFOV = 56.3
  PlayerSize = 0.1555
  Optimizer = SPSO-2006
  </configuration>
<iteration i="0">
<sensors>[[8.13326818565838,1.81404096772894,62.9374040476978], [3.36796236969531,5.85843962850049,270.361687587574], [6.05266658496112,0.479907918255776,80.13019669801]]</sensors>
<obstacles>[[8.68110387842171, 5.0559761999175], [0.331280597252771, 0.711978538893163], [0.517996561713517, 5.88652743352577]]</obstacles>
<global-best>18.9555720306382</global-best>
</iteration>
<iteration i="600">
<sensors>[[6.34275704491308E-06,4.81773725038723,8.84019710820818E-05], [7.91164065971795E-06,0.000814500066580017,76.4919101305256], [8.99997397707173,0.000280671651305975,159.25098585149]]</sensors>
<obstacles>[[8.68110387842171, 5.0559761999175], [0.331280597252771, 0.711978538893163], [0.517996561713517, 5.88652743352577]]</obstacles>
<global-best>0.159412456208163</global-best>
</iteration>
<iterations>600</iterations>
<elapsed-time>14239</elapsed-time>
<average-time>0</average-time>
</simulation>