<?xml version="1.0" encoding="UTF-8"?>
<simulation>
<software>charlie-simulation-framework; v1.0.0; Jakob Rieke</software>
<system>Unix; Unix 18.2.0.0; 18.2.0.0</system>
<datetime>7/9/2019 3:48:44 PM</datetime>
<title>Static Sensor Positioning</title>
<meta>Author: Jakob Rieke; Version v1.4.0; Deterministic: No</meta>
<configuration>
  Zoom = 40
  NumberOfSensors = 3
  NumberOfObstacles = 3
  FieldHeight = 9
  FieldWidth = 6
  PlayerSensorRange = 12
  PlayerSensorFOV = 56.3
  PlayerSize = 0.1555
  Optimizer = SPSO-2006
  </configuration>
<iteration i="0">
<sensors>[[8.5598933736328,1.93200625386089,5.57309129275382], [8.71580706769601,0.580954813398421,161.690870365128], [8.48930379934609,4.67814418114722,211.441878508776]]</sensors>
<obstacles>[[2.48015644960105, 4.32710808701813], [0.158164197346196, 0.621914255898446], [5.36840649344958, 1.9364723735489]]</obstacles>
<global-best>13.992595046743</global-best>
</iteration>
<iteration i="600">
<sensors>[[8.99986840858269,4.44767964051653,188.260755828558], [2.42647013876619,5.99997308583025,331.854203798201], [7.36874720659881,0.000146409189202299,153.633449196417]]</sensors>
<obstacles>[[2.48015644960105, 4.32710808701813], [0.158164197346196, 0.621914255898446], [5.36840649344958, 1.9364723735489]]</obstacles>
<global-best>0.142106112649957</global-best>
</iteration>
<iterations>600</iterations>
<elapsed-time>17218</elapsed-time>
<average-time>0</average-time>
</simulation>