<?xml version="1.0" encoding="UTF-8"?>
<simulation>
<software>charlie-simulation-framework; v1.0.0; Jakob Rieke</software>
<system>Unix; Unix 18.2.0.0; 18.2.0.0</system>
<datetime>7/9/2019 3:49:53 PM</datetime>
<title>Static Sensor Positioning</title>
<meta>Author: Jakob Rieke; Version v1.4.0; Deterministic: No</meta>
<configuration>
  Zoom = 40
  NumberOfSensors = 3
  NumberOfObstacles = 3
  FieldHeight = 9
  FieldWidth = 6
  PlayerSensorRange = 12
  PlayerSensorFOV = 56.3
  PlayerSize = 0.1555
  Optimizer = SPSO-2006
  </configuration>
<iteration i="0">
<sensors>[[0.915645652916282,5.36453849868849,26.7881369031966], [6.32239970751107,1.3902249452658,220.354335531592], [8.81530225952156,1.84736505243927,158.88147611171]]</sensors>
<obstacles>[[5.51520671392791, 3.69983691768721], [1.14214716944844, 5.81946803117171], [3.29967096028849, 2.60099604260176]]</obstacles>
<global-best>16.704615051523</global-best>
</iteration>
<iteration i="600">
<sensors>[[4.50578640736249E-06,3.88207747013254,359.918967321272], [8.99978653413368,0.00039447096920736,151.874436475722], [4.16698385755489E-05,5.47624203178702,356.940610136709]]</sensors>
<obstacles>[[5.51520671392791, 3.69983691768721], [1.14214716944844, 5.81946803117171], [3.29967096028849, 2.60099604260176]]</obstacles>
<global-best>0.209458258650208</global-best>
</iteration>
<iterations>600</iterations>
<elapsed-time>17208</elapsed-time>
<average-time>0</average-time>
</simulation>