<?xml version="1.0" encoding="UTF-8"?>
<simulation>
<software>charlie-simulation-framework; v1.0.0; Jakob Rieke</software>
<system>Unix; Unix 18.2.0.0; 18.2.0.0</system>
<datetime>7/9/2019 4:17:54 PM</datetime>
<title>Static Sensor Positioning</title>
<meta>Author: Jakob Rieke; Version v1.4.0; Deterministic: No</meta>
<configuration>
  Zoom = 40
  NumberOfSensors = 3
  NumberOfObstacles = 3
  FieldHeight = 9
  FieldWidth = 6
  PlayerSensorRange = 12
  PlayerSensorFOV = 56.3
  PlayerSize = 0.1555
  Optimizer = SPSO-2006
  </configuration>
<iteration i="0">
<sensors>[[5.90626539336517,2.18275090260431,131.888061119244], [8.56844558869489,5.93648444814608,229.023575037718], [2.09598015923984,5.31322116125375,137.780600655824]]</sensors>
<obstacles>[[6.67296377196908, 2.65329476259649], [4.34222935396247, 4.93094088882208], [0.870873503386974, 2.61254899436608]]</obstacles>
<global-best>14.1513935197738</global-best>
</iteration>
<iteration i="600">
<sensors>[[3.77610678278319E-06,0.607935457188699,24.1765556067495], [8.99999804141932,3.1487640258546,167.627464252043], [8.99993845534005,8.64868851448933E-05,159.231335401413]]</sensors>
<obstacles>[[6.67296377196908, 2.65329476259649], [4.34222935396247, 4.93094088882208], [0.870873503386974, 2.61254899436608]]</obstacles>
<global-best>0.244608727616793</global-best>
</iteration>
<iterations>600</iterations>
<elapsed-time>14991</elapsed-time>
<average-time>0</average-time>
</simulation>