<?xml version="1.0" encoding="UTF-8"?>
<simulation>
<software>charlie-simulation-framework; v1.0.0; Jakob Rieke</software>
<system>Unix; Unix 18.2.0.0; 18.2.0.0</system>
<datetime>7/9/2019 4:00:11 PM</datetime>
<title>Static Sensor Positioning</title>
<meta>Author: Jakob Rieke; Version v1.4.0; Deterministic: No</meta>
<configuration>
  Zoom = 40
  NumberOfSensors = 3
  NumberOfObstacles = 3
  FieldHeight = 9
  FieldWidth = 6
  PlayerSensorRange = 12
  PlayerSensorFOV = 56.3
  PlayerSize = 0.1555
  Optimizer = SPSO-2006
  </configuration>
<iteration i="0">
<sensors>[[8.28222909104079,0.423886131495237,139.707764983177], [0.763295384589583,1.01342909457162,222.800786085427], [2.68543360428885,1.19453037902713,14.8461299110204]]</sensors>
<obstacles>[[3.49381575314328, 5.90046496968716], [2.38824826525524, 5.64374089892954], [2.44385051052086, 1.40506427362561]]</obstacles>
<global-best>9.24096548362383</global-best>
</iteration>
<iteration i="600">
<sensors>[[0.000102760343321222,4.9173016468887,337.674855908033], [8.99999086254652,3.53628739747501,186.919969628054], [0.000134597370489025,0.00295321508504846,55.257118985418]]</sensors>
<obstacles>[[3.49381575314328, 5.90046496968716], [2.38824826525524, 5.64374089892954], [2.44385051052086, 1.40506427362561]]</obstacles>
<global-best>0.108142598560885</global-best>
</iteration>
<iterations>600</iterations>
<elapsed-time>15340</elapsed-time>
<average-time>0</average-time>
</simulation>