<?xml version="1.0" encoding="UTF-8"?>
<simulation>
<software>charlie-simulation-framework; v1.0.0; Jakob Rieke</software>
<system>Unix; Unix 18.2.0.0; 18.2.0.0</system>
<datetime>7/9/2019 4:18:24 PM</datetime>
<title>Static Sensor Positioning</title>
<meta>Author: Jakob Rieke; Version v1.4.0; Deterministic: No</meta>
<configuration>
  Zoom = 40
  NumberOfSensors = 3
  NumberOfObstacles = 3
  FieldHeight = 9
  FieldWidth = 6
  PlayerSensorRange = 12
  PlayerSensorFOV = 56.3
  PlayerSize = 0.1555
  Optimizer = SPSO-2006
  </configuration>
<iteration i="0">
<sensors>[[1.56319538271055,1.57042278628796,29.1323924437165], [6.02027338324115,4.72443374991417,246.512180892751], [0.48787652165629,1.06123052537441,90.6612907536328]]</sensors>
<obstacles>[[2.16129846358672, 0.0623304764740169], [1.22036809567362, 5.26026977039874], [3.98921489249915, 5.48977958690375]]</obstacles>
<global-best>11.9596526806257</global-best>
</iteration>
<iteration i="600">
<sensors>[[8.99411365426672,5.99999965482358,199.439311418637], [0.00021255039584013,2.00979042472081,358.398642256556], [0.000226684889274865,2.34534324876275,64.4170552436105]]</sensors>
<obstacles>[[2.16129846358672, 0.0623304764740169], [1.22036809567362, 5.26026977039874], [3.98921489249915, 5.48977958690375]]</obstacles>
<global-best>0.124671862584909</global-best>
</iteration>
<iterations>600</iterations>
<elapsed-time>13835</elapsed-time>
<average-time>0</average-time>
</simulation>