<?xml version="1.0" encoding="UTF-8"?>
<simulation>
<software>charlie-simulation-framework; v1.0.0; Jakob Rieke</software>
<system>Unix; Unix 18.2.0.0; 18.2.0.0</system>
<datetime>7/9/2019 3:45:16 PM</datetime>
<title>Static Sensor Positioning</title>
<meta>Author: Jakob Rieke; Version v1.4.0; Deterministic: No</meta>
<configuration>
  Zoom = 40
  NumberOfSensors = 3
  NumberOfObstacles = 3
  FieldHeight = 9
  FieldWidth = 6
  PlayerSensorRange = 12
  PlayerSensorFOV = 56.3
  PlayerSize = 0.1555
  Optimizer = SPSO-2006
  </configuration>
<iteration i="0">
<sensors>[[8.13789069210179,3.4443845981732,96.5143689606339], [8.45756845548749,4.11566239921376,183.431945862249], [4.42062382958829,5.90912717487663,295.655819317326]]</sensors>
<obstacles>[[7.99082565587014, 2.06304387375712], [2.85096133500338, 4.92687188833952], [6.76590167521499, 3.74237105296925]]</obstacles>
<global-best>13.2680380782188</global-best>
</iteration>
<iteration i="600">
<sensors>[[0.0389155459624,0.0128729679395846,6.6724684154801], [8.97958010605892,5.92696858596594,201.99559721651], [0.0324330848146797,4.58451785948478,354.297981058354]]</sensors>
<obstacles>[[7.99082565587014, 2.06304387375712], [2.85096133500338, 4.92687188833952], [6.76590167521499, 3.74237105296925]]</obstacles>
<global-best>0.223342111330918</global-best>
</iteration>
<iterations>600</iterations>
<elapsed-time>15029</elapsed-time>
<average-time>0</average-time>
</simulation>