<?xml version="1.0" encoding="UTF-8"?>
<simulation>
<software>charlie-simulation-framework; v1.0.0; Jakob Rieke</software>
<system>Unix; Unix 18.2.0.0; 18.2.0.0</system>
<datetime>7/9/2019 3:54:52 PM</datetime>
<title>Static Sensor Positioning</title>
<meta>Author: Jakob Rieke; Version v1.4.0; Deterministic: No</meta>
<configuration>
  Zoom = 40
  NumberOfSensors = 3
  NumberOfObstacles = 3
  FieldHeight = 9
  FieldWidth = 6
  PlayerSensorRange = 12
  PlayerSensorFOV = 56.3
  PlayerSize = 0.1555
  Optimizer = SPSO-2006
  </configuration>
<iteration i="0">
<sensors>[[4.79749599960633,5.31742027262226,295.607318859547], [2.31407270743512,3.61625413829461,359.430582281202], [8.85362743679434,5.01468212110922,192.792608393356]]</sensors>
<obstacles>[[3.3973232251592, 4.54016055632383], [8.91783215710893, 4.42333299759775], [4.115973188309, 4.48578110290691]]</obstacles>
<global-best>7.40354717021383</global-best>
</iteration>
<iteration i="600">
<sensors>[[0.00199558785827019,2.75506035832482,9.78594035221113], [8.99984179421545,0.000488680939182159,155.401028498183], [8.99999770605702,5.99027882498379,194.185949438526]]</sensors>
<obstacles>[[3.3973232251592, 4.54016055632383], [8.91783215710893, 4.42333299759775], [4.115973188309, 4.48578110290691]]</obstacles>
<global-best>0.0344196455609947</global-best>
</iteration>
<iterations>600</iterations>
<elapsed-time>16221</elapsed-time>
<average-time>0</average-time>
</simulation>