<?xml version="1.0" encoding="UTF-8"?>
<simulation>
<software>charlie-simulation-framework; v1.0.0; Jakob Rieke</software>
<system>Unix; Unix 18.2.0.0; 18.2.0.0</system>
<datetime>7/9/2019 4:16:15 PM</datetime>
<title>Static Sensor Positioning</title>
<meta>Author: Jakob Rieke; Version v1.4.0; Deterministic: No</meta>
<configuration>
  Zoom = 40
  NumberOfSensors = 3
  NumberOfObstacles = 3
  FieldHeight = 9
  FieldWidth = 6
  PlayerSensorRange = 12
  PlayerSensorFOV = 56.3
  PlayerSize = 0.1555
  Optimizer = SPSO-2006
  </configuration>
<iteration i="0">
<sensors>[[0.423051006160676,5.16634368756786,335.153989288956], [4.78077701758593,3.23119917931035,148.005395410582], [8.89751463755965,4.94720560731366,41.8538651335984]]</sensors>
<obstacles>[[5.37776704039425, 5.25296043790877], [1.26019303640351, 3.41834785044193], [6.83583919820376, 2.03858552780002]]</obstacles>
<global-best>17.8143691787838</global-best>
</iteration>
<iteration i="600">
<sensors>[[8.99999993327279,5.95882190373595,204.999610796969], [1.2600532995656E-07,1.56494014027202,0], [8.99999924453799,1.98971559743452,155.638969127767]]</sensors>
<obstacles>[[5.37776704039425, 5.25296043790877], [1.26019303640351, 3.41834785044193], [6.83583919820376, 2.03858552780002]]</obstacles>
<global-best>0.225422629733911</global-best>
</iteration>
<iterations>600</iterations>
<elapsed-time>17326</elapsed-time>
<average-time>0</average-time>
</simulation>