<?xml version="1.0" encoding="UTF-8"?>
<simulation>
<software>charlie-simulation-framework; v1.0.0; Jakob Rieke</software>
<system>Unix; Unix 18.2.0.0; 18.2.0.0</system>
<datetime>7/9/2019 3:42:29 PM</datetime>
<title>Static Sensor Positioning</title>
<meta>Author: Jakob Rieke; Version v1.4.0; Deterministic: No</meta>
<configuration>
  Zoom = 40
  NumberOfSensors = 3
  NumberOfObstacles = 3
  FieldHeight = 9
  FieldWidth = 6
  PlayerSensorRange = 12
  PlayerSensorFOV = 56.3
  PlayerSize = 0.1555
  Optimizer = SPSO-2006
  </configuration>
<iteration i="0">
<sensors>[[0.146222818410024,1.729304746259,5.64397771842778], [6.17337953997776,1.96227194136009,315.937634054571], [8.42009027581662,3.50091347051784,190.754082016647]]</sensors>
<obstacles>[[2.81948542571627, 4.80430099228397], [7.15505613922141, 0.0534706385806203], [2.31931285955943, 5.494529097341]]</obstacles>
<global-best>6.8217757019822</global-best>
</iteration>
<iteration i="600">
<sensors>[[5.23057156085427E-05,1.62360731275028,48.6009254076201], [3.06663812900158,5.99985101515715,321.940261563853], [8.99998180630375,0.454944318275756,159.520657097852]]</sensors>
<obstacles>[[2.81948542571627, 4.80430099228397], [7.15505613922141, 0.0534706385806203], [2.31931285955943, 5.494529097341]]</obstacles>
<global-best>0.112150932538643</global-best>
</iteration>
<iterations>600</iterations>
<elapsed-time>14444</elapsed-time>
<average-time>0</average-time>
</simulation>