<?xml version="1.0" encoding="UTF-8"?>
<simulation>
<software>charlie-simulation-framework; v1.0.0; Jakob Rieke</software>
<system>Unix; Unix 18.2.0.0; 18.2.0.0</system>
<datetime>7/9/2019 4:15:44 PM</datetime>
<title>Static Sensor Positioning</title>
<meta>Author: Jakob Rieke; Version v1.4.0; Deterministic: No</meta>
<configuration>
  Zoom = 40
  NumberOfSensors = 3
  NumberOfObstacles = 3
  FieldHeight = 9
  FieldWidth = 6
  PlayerSensorRange = 12
  PlayerSensorFOV = 56.3
  PlayerSize = 0.1555
  Optimizer = SPSO-2006
  </configuration>
<iteration i="0">
<sensors>[[5.95043024048209,0.074343086220324,156.36511227116], [7.04191699437797,4.63611096795648,284.304015152156], [1.60736482730135,1.8917401721701,15.7556934747845]]</sensors>
<obstacles>[[2.7338625791017, 3.09920971468091], [8.76078520459123, 1.36948473611847], [3.66646854160354, 2.22827309416607]]</obstacles>
<global-best>12.6480993694066</global-best>
</iteration>
<iteration i="600">
<sensors>[[8.99997097211282,0.000276115421543144,154.192074216879], [7.60038999008328E-06,4.70186857956402,340.153340551802], [8.9999652219659,5.99924760209554,190.826175830268]]</sensors>
<obstacles>[[2.7338625791017, 3.09920971468091], [8.76078520459123, 1.36948473611847], [3.66646854160354, 2.22827309416607]]</obstacles>
<global-best>0.0903661109504913</global-best>
</iteration>
<iterations>600</iterations>
<elapsed-time>16361</elapsed-time>
<average-time>0</average-time>
</simulation>