<?xml version="1.0" encoding="UTF-8"?>
<simulation>
<software>charlie-simulation-framework; v1.0.0; Jakob Rieke</software>
<system>Unix; Unix 18.2.0.0; 18.2.0.0</system>
<datetime>7/9/2019 3:42:44 PM</datetime>
<title>Static Sensor Positioning</title>
<meta>Author: Jakob Rieke; Version v1.4.0; Deterministic: No</meta>
<configuration>
  Zoom = 40
  NumberOfSensors = 3
  NumberOfObstacles = 3
  FieldHeight = 9
  FieldWidth = 6
  PlayerSensorRange = 12
  PlayerSensorFOV = 56.3
  PlayerSize = 0.1555
  Optimizer = SPSO-2006
  </configuration>
<iteration i="0">
<sensors>[[7.72225832822733,1.64526502322406,191.616620589048], [0.88029037672095,1.2802131799981,47.6045185793191], [1.134803511668,2.49661844735965,0.21315012127161]]</sensors>
<obstacles>[[7.47234965977259, 2.55226203566417], [1.26359631330706, 0.0369495707564056], [6.36344990646467, 0.371517017483711]]</obstacles>
<global-best>6.95600569974942</global-best>
</iteration>
<iteration i="600">
<sensors>[[1.97361296034416E-05,0.238748515460811,0.204767361380995], [8.99999665673111,5.95511958377106,207.215925184675], [0.000436503402050609,5.99984929534356,337.305900745067]]</sensors>
<obstacles>[[7.47234965977259, 2.55226203566417], [1.26359631330706, 0.0369495707564056], [6.36344990646467, 0.371517017483711]]</obstacles>
<global-best>0.144724586448207</global-best>
</iteration>
<iterations>600</iterations>
<elapsed-time>15995</elapsed-time>
<average-time>0</average-time>
</simulation>