<?xml version="1.0" encoding="UTF-8"?>
<simulation>
<software>charlie-simulation-framework; v1.0.0; Jakob Rieke</software>
<system>Unix; Unix 18.2.0.0; 18.2.0.0</system>
<datetime>7/9/2019 3:44:31 PM</datetime>
<title>Static Sensor Positioning</title>
<meta>Author: Jakob Rieke; Version v1.4.0; Deterministic: No</meta>
<configuration>
  Zoom = 40
  NumberOfSensors = 3
  NumberOfObstacles = 3
  FieldHeight = 9
  FieldWidth = 6
  PlayerSensorRange = 12
  PlayerSensorFOV = 56.3
  PlayerSize = 0.1555
  Optimizer = SPSO-2006
  </configuration>
<iteration i="0">
<sensors>[[7.13335050735623,4.51987700304016,147.998508084565], [2.54018697794527,5.39527964266017,301.421468323097], [5.27169238985516,0.267039293423295,144.380911784247]]</sensors>
<obstacles>[[7.6839590028394, 2.90850761672482], [6.35245411307551, 4.6188396862708], [7.89005587203428, 0.938153158407658]]</obstacles>
<global-best>16.3916030753643</global-best>
</iteration>
<iteration i="600">
<sensors>[[0.00119682052886243,5.99999293745743,334.38216748583], [8.99998428782678,2.16898828275798,169.568136976642], [0.000274415299416334,0.628470104849112,12.4197697042032]]</sensors>
<obstacles>[[7.6839590028394, 2.90850761672482], [6.35245411307551, 4.6188396862708], [7.89005587203428, 0.938153158407658]]</obstacles>
<global-best>0.159049111008911</global-best>
</iteration>
<iterations>600</iterations>
<elapsed-time>14781</elapsed-time>
<average-time>0</average-time>
</simulation>