<?xml version="1.0" encoding="UTF-8"?>
<simulation>
<software>charlie-simulation-framework; v1.0.0; Jakob Rieke</software>
<system>Unix; Unix 18.2.0.0; 18.2.0.0</system>
<datetime>7/9/2019 3:47:23 PM</datetime>
<title>Static Sensor Positioning</title>
<meta>Author: Jakob Rieke; Version v1.4.0; Deterministic: No</meta>
<configuration>
  Zoom = 40
  NumberOfSensors = 3
  NumberOfObstacles = 3
  FieldHeight = 9
  FieldWidth = 6
  PlayerSensorRange = 12
  PlayerSensorFOV = 56.3
  PlayerSize = 0.1555
  Optimizer = SPSO-2006
  </configuration>
<iteration i="0">
<sensors>[[5.10221466841176,5.67924103187397,290.880344230682], [2.63625852903351,0.798307658638805,222.281286120415], [8.36553643271327,3.7376650753431,170.293362764642]]</sensors>
<obstacles>[[1.95680086151697, 2.03485177550465], [6.49930165149271, 2.28884072368965], [6.00430459831841, 0.245616044383496]]</obstacles>
<global-best>14.4725605723355</global-best>
</iteration>
<iteration i="600">
<sensors>[[0.00308750232509212,4.92591329053734,340.502675935268], [8.99913419031698,5.77078814566457,179.734296738138], [8.99881873068546,1.49812012936242,186.555898049349]]</sensors>
<obstacles>[[1.95680086151697, 2.03485177550465], [6.49930165149271, 2.28884072368965], [6.00430459831841, 0.245616044383496]]</obstacles>
<global-best>0.210427665664336</global-best>
</iteration>
<iterations>600</iterations>
<elapsed-time>17571</elapsed-time>
<average-time>0</average-time>
</simulation>