<?xml version="1.0" encoding="UTF-8"?>
<simulation>
<software>charlie-simulation-framework; v1.0.0; Jakob Rieke</software>
<system>Unix; Unix 18.2.0.0; 18.2.0.0</system>
<datetime>7/9/2019 3:43:47 PM</datetime>
<title>Static Sensor Positioning</title>
<meta>Author: Jakob Rieke; Version v1.4.0; Deterministic: No</meta>
<configuration>
  Zoom = 40
  NumberOfSensors = 3
  NumberOfObstacles = 3
  FieldHeight = 9
  FieldWidth = 6
  PlayerSensorRange = 12
  PlayerSensorFOV = 56.3
  PlayerSize = 0.1555
  Optimizer = SPSO-2006
  </configuration>
<iteration i="0">
<sensors>[[3.08363149221987,5.47674046782777,34.0098586119711], [7.89990718150511,2.37840217491612,167.643139595166], [2.51549948821776,2.99217746593058,20.5366253480315]]</sensors>
<obstacles>[[5.4091321430169, 0.262061240617186], [2.8151354631409, 4.56846208311617], [2.75298769329675, 4.25610908819363]]</obstacles>
<global-best>16.4888898015066</global-best>
</iteration>
<iteration i="600">
<sensors>[[8.99724993437365,0.304648843282991,173.412730053618], [0.00639160760018435,3.2801873805092,4.57644908961315], [8.99998465004386,5.9999837568383,208.149380584158]]</sensors>
<obstacles>[[5.4091321430169, 0.262061240617186], [2.8151354631409, 4.56846208311617], [2.75298769329675, 4.25610908819363]]</obstacles>
<global-best>0.10053159810293</global-best>
</iteration>
<iterations>600</iterations>
<elapsed-time>14849</elapsed-time>
<average-time>0</average-time>
</simulation>