<?xml version="1.0" encoding="UTF-8"?>
<simulation>
<software>charlie-simulation-framework; v1.0.0; Jakob Rieke</software>
<system>Unix; Unix 18.2.0.0; 18.2.0.0</system>
<datetime>7/9/2019 3:48:12 PM</datetime>
<title>Static Sensor Positioning</title>
<meta>Author: Jakob Rieke; Version v1.4.0; Deterministic: No</meta>
<configuration>
  Zoom = 40
  NumberOfSensors = 3
  NumberOfObstacles = 3
  FieldHeight = 9
  FieldWidth = 6
  PlayerSensorRange = 12
  PlayerSensorFOV = 56.3
  PlayerSize = 0.1555
  Optimizer = SPSO-2006
  </configuration>
<iteration i="0">
<sensors>[[4.41337769315578,0.623634944669902,54.4269915483892], [8.82701884838752,0.240514327771962,151.808071760461], [3.05131085892208,4.71701114997268,268.971114344895]]</sensors>
<obstacles>[[3.34504438564181, 1.33840161329135], [1.44323663972318, 1.85879948968068], [1.50373532879166, 0.470587899908423]]</obstacles>
<global-best>6.2315820846034</global-best>
</iteration>
<iteration i="600">
<sensors>[[0.00916667986144656,4.27594675140131,343.570933790333], [8.99822033260678,5.99994852050872,207.929773465113], [5.95263623493075,0.00011299711959397,172.400746213207]]</sensors>
<obstacles>[[3.34504438564181, 1.33840161329135], [1.44323663972318, 1.85879948968068], [1.50373532879166, 0.470587899908423]]</obstacles>
<global-best>0.14613116622676</global-best>
</iteration>
<iterations>600</iterations>
<elapsed-time>15446</elapsed-time>
<average-time>0</average-time>
</simulation>