<?xml version="1.0" encoding="UTF-8"?>
<simulation>
<software>charlie-simulation-framework; v1.0.0; Jakob Rieke</software>
<system>Unix; Unix 18.2.0.0; 18.2.0.0</system>
<datetime>7/9/2019 4:17:25 PM</datetime>
<title>Static Sensor Positioning</title>
<meta>Author: Jakob Rieke; Version v1.4.0; Deterministic: No</meta>
<configuration>
  Zoom = 40
  NumberOfSensors = 3
  NumberOfObstacles = 3
  FieldHeight = 9
  FieldWidth = 6
  PlayerSensorRange = 12
  PlayerSensorFOV = 56.3
  PlayerSize = 0.1555
  Optimizer = SPSO-2006
  </configuration>
<iteration i="0">
<sensors>[[8.07819110224955,1.35854368424043,130.438909018412], [6.85187312937342,5.18404676299542,233.727524746209], [4.97650834545493,4.53752602078021,172.676871763542]]</sensors>
<obstacles>[[5.18704691296443, 0.559747371822596], [4.42300769104622, 5.11825728183612], [0.803608552319929, 5.62238638848066]]</obstacles>
<global-best>14.0440659348344</global-best>
</iteration>
<iteration i="600">
<sensors>[[0.00847537868860817,0.613645896338076,360], [0.00175886387715495,5.25489711411262,341.070580523521], [8.9996831931572,5.2350261766306,198.471036061385]]</sensors>
<obstacles>[[5.18704691296443, 0.559747371822596], [4.42300769104622, 5.11825728183612], [0.803608552319929, 5.62238638848066]]</obstacles>
<global-best>0.493703888390464</global-best>
</iteration>
<iterations>600</iterations>
<elapsed-time>14182</elapsed-time>
<average-time>0</average-time>
</simulation>