<?xml version="1.0" encoding="UTF-8"?>
<simulation>
<software>charlie-simulation-framework; v1.0.0; Jakob Rieke</software>
<system>Unix; Unix 18.2.0.0; 18.2.0.0</system>
<datetime>7/9/2019 3:49:01 PM</datetime>
<title>Static Sensor Positioning</title>
<meta>Author: Jakob Rieke; Version v1.4.0; Deterministic: No</meta>
<configuration>
  Zoom = 40
  NumberOfSensors = 3
  NumberOfObstacles = 3
  FieldHeight = 9
  FieldWidth = 6
  PlayerSensorRange = 12
  PlayerSensorFOV = 56.3
  PlayerSize = 0.1555
  Optimizer = SPSO-2006
  </configuration>
<iteration i="0">
<sensors>[[8.86603446817026,2.78062732005492,179.50519236736], [2.06191653013229,5.61416055075824,264.914482925087], [2.09648120217025,4.22591712791473,89.8777303285897]]</sensors>
<obstacles>[[7.47738035023212, 0.474368027877063], [5.35224477597512, 2.83061355957761], [1.56875832402147, 3.29020990943536]]</obstacles>
<global-best>19.9968721266074</global-best>
</iteration>
<iteration i="600">
<sensors>[[8.99974761763378,0.941641052386769,177.791028533372], [8.98959738885349,4.60514288167142,161.963514353302], [0.0142108135050373,5.99939306037824,332.22810942002]]</sensors>
<obstacles>[[7.47738035023212, 0.474368027877063], [5.35224477597512, 2.83061355957761], [1.56875832402147, 3.29020990943536]]</obstacles>
<global-best>0.46920463704076</global-best>
</iteration>
<iterations>600</iterations>
<elapsed-time>16715</elapsed-time>
<average-time>0</average-time>
</simulation>