<?xml version="1.0" encoding="UTF-8"?>
<simulation>
<software>charlie-simulation-framework; v1.0.0; Jakob Rieke</software>
<system>Unix; Unix 18.2.0.0; 18.2.0.0</system>
<datetime>7/9/2019 3:55:59 PM</datetime>
<title>Static Sensor Positioning</title>
<meta>Author: Jakob Rieke; Version v1.4.0; Deterministic: No</meta>
<configuration>
  Zoom = 40
  NumberOfSensors = 3
  NumberOfObstacles = 3
  FieldHeight = 9
  FieldWidth = 6
  PlayerSensorRange = 12
  PlayerSensorFOV = 56.3
  PlayerSize = 0.1555
  Optimizer = SPSO-2006
  </configuration>
<iteration i="0">
<sensors>[[0.667003655573353,2.63827753812075,46.1522458959371], [6.3515229569748,5.48898304067552,222.432794049382], [2.58124395366758,4.98960135597736,300.387647990137]]</sensors>
<obstacles>[[6.38969987514429, 1.60987584292889], [0.317175073781982, 2.31894325045869], [0.800932374084368, 4.96752019738778]]</obstacles>
<global-best>13.7753486766977</global-best>
</iteration>
<iteration i="600">
<sensors>[[8.99999956837505,1.14852157901973,146.29344025863], [8.99998341285889,5.99904387838443,202.680140234518], [2.4230947869132E-05,2.0092601297194,0]]</sensors>
<obstacles>[[6.38969987514429, 1.60987584292889], [0.317175073781982, 2.31894325045869], [0.800932374084368, 4.96752019738778]]</obstacles>
<global-best>0.250993619847667</global-best>
</iteration>
<iterations>600</iterations>
<elapsed-time>14920</elapsed-time>
<average-time>0</average-time>
</simulation>