<?xml version="1.0" encoding="UTF-8"?>
<simulation>
<software>charlie-simulation-framework; v1.0.0; Jakob Rieke</software>
<system>Unix; Unix 18.2.0.0; 18.2.0.0</system>
<datetime>7/9/2019 3:42:15 PM</datetime>
<title>Static Sensor Positioning</title>
<meta>Author: Jakob Rieke; Version v1.4.0; Deterministic: No</meta>
<configuration>
  Zoom = 40
  NumberOfSensors = 3
  NumberOfObstacles = 3
  FieldHeight = 9
  FieldWidth = 6
  PlayerSensorRange = 12
  PlayerSensorFOV = 56.3
  PlayerSize = 0.1555
  Optimizer = SPSO-2006
  </configuration>
<iteration i="0">
<sensors>[[4.99907783512026,0.663505245465785,105.717532429844], [1.2649064110592,4.39971116138622,329.367765141651], [4.78670584363863,0.196462996769696,127.037388626486]]</sensors>
<obstacles>[[0.797026444924995, 2.48884998075664], [3.64544033515267, 2.46856934158131], [0.0399043404031545, 1.65065800538287]]</obstacles>
<global-best>14.199520630481</global-best>
</iteration>
<iteration i="600">
<sensors>[[8.83800001943218,0.00372896997054325,152.488307924193], [2.90983204669579E-05,4.50383654242907,304.807491292709], [0.00538666732931801,4.81534141147775,360]]</sensors>
<obstacles>[[0.797026444924995, 2.48884998075664], [3.64544033515267, 2.46856934158131], [0.0399043404031545, 1.65065800538287]]</obstacles>
<global-best>0.16475874237184</global-best>
</iteration>
<iterations>600</iterations>
<elapsed-time>14561</elapsed-time>
<average-time>0</average-time>
</simulation>