<?xml version="1.0" encoding="UTF-8"?>
<simulation>
<software>charlie-simulation-framework; v1.0.0; Jakob Rieke</software>
<system>Unix; Unix 18.2.0.0; 18.2.0.0</system>
<datetime>7/9/2019 4:03:10 PM</datetime>
<title>Static Sensor Positioning</title>
<meta>Author: Jakob Rieke; Version v1.4.0; Deterministic: No</meta>
<configuration>
  Zoom = 40
  NumberOfSensors = 3
  NumberOfObstacles = 3
  FieldHeight = 9
  FieldWidth = 6
  PlayerSensorRange = 12
  PlayerSensorFOV = 56.3
  PlayerSize = 0.1555
  Optimizer = SPSO-2006
  </configuration>
<iteration i="0">
<sensors>[[1.70729059539735,0.0890149204060435,345.292811701074], [6.75707000331022,0.0345839923247695,80.6238102447242], [8.22355860611424,0.418020919896662,138.057918772101]]</sensors>
<obstacles>[[5.47596773738042, 3.46248525101691], [0.264745177701116, 1.72134031634778], [7.45006060763262, 0.141552924178541]]</obstacles>
<global-best>10.5874338326805</global-best>
</iteration>
<iteration i="600">
<sensors>[[9.46625758371402E-05,5.58266182893567,350.533506734429], [8.99993332077062,5.99981676142232,242.354647901761], [8.33227322607766,1.44800507473807,168.327976804278]]</sensors>
<obstacles>[[5.47596773738042, 3.46248525101691], [0.264745177701116, 1.72134031634778], [7.45006060763262, 0.141552924178541]]</obstacles>
<global-best>0.152428099155928</global-best>
</iteration>
<iterations>600</iterations>
<elapsed-time>15139</elapsed-time>
<average-time>0</average-time>
</simulation>