<?xml version="1.0" encoding="UTF-8"?>
<simulation>
<software>charlie-simulation-framework; v1.0.0; Jakob Rieke</software>
<system>Unix; Unix 18.2.0.0; 18.2.0.0</system>
<datetime>7/9/2019 4:02:21 PM</datetime>
<title>Static Sensor Positioning</title>
<meta>Author: Jakob Rieke; Version v1.4.0; Deterministic: No</meta>
<configuration>
  Zoom = 40
  NumberOfSensors = 3
  NumberOfObstacles = 3
  FieldHeight = 9
  FieldWidth = 6
  PlayerSensorRange = 12
  PlayerSensorFOV = 56.3
  PlayerSize = 0.1555
  Optimizer = SPSO-2006
  </configuration>
<iteration i="0">
<sensors>[[7.05354957771488,3.54224527487531,145.167730674148], [2.847777483752,0.348344758618623,7.68631593324244], [1.03665058943443,5.81631993921474,297.758125355467]]</sensors>
<obstacles>[[3.36313810246065, 4.02557773143053], [5.98919775383547, 1.002949308604], [6.37903471430764, 1.98909703781828]]</obstacles>
<global-best>16.0266692501956</global-best>
</iteration>
<iteration i="600">
<sensors>[[4.44106229859619E-05,1.50701807812944,0], [3.7234094321039E-06,4.20726251064649,359.996541435967], [8.99691880714532,3.6859658370788,186.600053963189]]</sensors>
<obstacles>[[3.36313810246065, 4.02557773143053], [5.98919775383547, 1.002949308604], [6.37903471430764, 1.98909703781828]]</obstacles>
<global-best>0.396505794367425</global-best>
</iteration>
<iterations>600</iterations>
<elapsed-time>15966</elapsed-time>
<average-time>0</average-time>
</simulation>