<?xml version="1.0" encoding="UTF-8"?>
<simulation>
<software>charlie-simulation-framework; v1.0.0; Jakob Rieke</software>
<system>Unix; Unix 18.2.0.0; 18.2.0.0</system>
<datetime>7/9/2019 3:44:17 PM</datetime>
<title>Static Sensor Positioning</title>
<meta>Author: Jakob Rieke; Version v1.4.0; Deterministic: No</meta>
<configuration>
  Zoom = 40
  NumberOfSensors = 3
  NumberOfObstacles = 3
  FieldHeight = 9
  FieldWidth = 6
  PlayerSensorRange = 12
  PlayerSensorFOV = 56.3
  PlayerSize = 0.1555
  Optimizer = SPSO-2006
  </configuration>
<iteration i="0">
<sensors>[[5.62559803412296,1.86992679303512,60.6640700530261], [3.44951448217034,4.91149253770709,293.467518640682], [7.88446726324037,2.91021454520524,169.380973326042]]</sensors>
<obstacles>[[3.97138673951849, 1.28249564487487], [3.42588823987171, 5.44697640789673], [0.676481561735272, 3.65652604401112]]</obstacles>
<global-best>11.1235529218162</global-best>
</iteration>
<iteration i="600">
<sensors>[[8.99998969126878,1.60270982324468,174.217204560736], [4.65645121295278,1.11863018311024E-05,28.1478942606055], [8.67216956884728,5.99992248379359,207.969657717931]]</sensors>
<obstacles>[[3.97138673951849, 1.28249564487487], [3.42588823987171, 5.44697640789673], [0.676481561735272, 3.65652604401112]]</obstacles>
<global-best>0.264658128001468</global-best>
</iteration>
<iterations>600</iterations>
<elapsed-time>14194</elapsed-time>
<average-time>0</average-time>
</simulation>