<?xml version="1.0" encoding="UTF-8"?>
<simulation>
<software>charlie-simulation-framework; v1.0.0; Jakob Rieke</software>
<system>Unix; Unix 18.2.0.0; 18.2.0.0</system>
<datetime>7/9/2019 3:48:27 PM</datetime>
<title>Static Sensor Positioning</title>
<meta>Author: Jakob Rieke; Version v1.4.0; Deterministic: No</meta>
<configuration>
  Zoom = 40
  NumberOfSensors = 3
  NumberOfObstacles = 3
  FieldHeight = 9
  FieldWidth = 6
  PlayerSensorRange = 12
  PlayerSensorFOV = 56.3
  PlayerSize = 0.1555
  Optimizer = SPSO-2006
  </configuration>
<iteration i="0">
<sensors>[[4.01075910986401,5.05493301339448,6.69031768105924], [6.83240317739546,1.63914478803054,164.859330849722], [6.7613117324654,4.80947195598856,209.872421538457]]</sensors>
<obstacles>[[1.52510655415244, 0.237869400065392], [3.85660316795111, 0.0428844541311264], [0.778503813548014, 4.31493515660986]]</obstacles>
<global-best>16.6387598230961</global-best>
</iteration>
<iteration i="600">
<sensors>[[1.36783649201633E-05,5.99903184988909,298.140004042775], [8.99999843084439,5.07696774055902,197.372959699626], [9.07331092714872E-05,1.72282087503746,17.3110163690722]]</sensors>
<obstacles>[[1.52510655415244, 0.237869400065392], [3.85660316795111, 0.0428844541311264], [0.778503813548014, 4.31493515660986]]</obstacles>
<global-best>0.0695570523098255</global-best>
</iteration>
<iterations>600</iterations>
<elapsed-time>16469</elapsed-time>
<average-time>0</average-time>
</simulation>