<?xml version="1.0" encoding="UTF-8"?>
<simulation>
<software>charlie-simulation-framework; v1.0.0; Jakob Rieke</software>
<system>Unix; Unix 18.2.0.0; 18.2.0.0</system>
<datetime>7/9/2019 3:46:16 PM</datetime>
<title>Static Sensor Positioning</title>
<meta>Author: Jakob Rieke; Version v1.4.0; Deterministic: No</meta>
<configuration>
  Zoom = 40
  NumberOfSensors = 3
  NumberOfObstacles = 3
  FieldHeight = 9
  FieldWidth = 6
  PlayerSensorRange = 12
  PlayerSensorFOV = 56.3
  PlayerSize = 0.1555
  Optimizer = SPSO-2006
  </configuration>
<iteration i="0">
<sensors>[[1.29664827813394,0.90577083081007,26.2126196734607], [3.80604586657137,3.53445941861719,263.317129220814], [6.48354880744591,3.98192963283509,197.672028802335]]</sensors>
<obstacles>[[7.81194195128046, 3.42455748980865], [2.27300236467272, 3.5877220951952], [0.881013665813953, 2.60365030076355]]</obstacles>
<global-best>14.1402753217847</global-best>
</iteration>
<iteration i="600">
<sensors>[[8.99936487600913,3.73960747098327,200.119272293392], [8.99964544308617,0.0504628862142155,156.172095695865], [0.00199102042581794,5.96423691812365,333.734830999636]]</sensors>
<obstacles>[[7.81194195128046, 3.42455748980865], [2.27300236467272, 3.5877220951952], [0.881013665813953, 2.60365030076355]]</obstacles>
<global-best>0.318665387213288</global-best>
</iteration>
<iterations>600</iterations>
<elapsed-time>14871</elapsed-time>
<average-time>0</average-time>
</simulation>