<?xml version="1.0" encoding="UTF-8"?>
<simulation>
<software>charlie-simulation-framework; v1.0.0; Jakob Rieke</software>
<system>Unix; Unix 18.2.0.0; 18.2.0.0</system>
<datetime>7/9/2019 3:47:41 PM</datetime>
<title>Static Sensor Positioning</title>
<meta>Author: Jakob Rieke; Version v1.4.0; Deterministic: No</meta>
<configuration>
  Zoom = 40
  NumberOfSensors = 3
  NumberOfObstacles = 3
  FieldHeight = 9
  FieldWidth = 6
  PlayerSensorRange = 12
  PlayerSensorFOV = 56.3
  PlayerSize = 0.1555
  Optimizer = SPSO-2006
  </configuration>
<iteration i="0">
<sensors>[[0.920392115134746,0.290056467521936,32.6495381724089], [2.01683172513731,0.26150259654969,264.707042472437], [8.46289502293803,3.8964920444414,193.277605092153]]</sensors>
<obstacles>[[3.49024516297504, 3.95464649470523], [0.460219545755535, 0.0903059598058462], [5.28082411712967, 3.48852891800925]]</obstacles>
<global-best>11.3469223776318</global-best>
</iteration>
<iteration i="600">
<sensors>[[0.000866511803164311,5.82064434730252,357.182464003703], [8.99838783780334,0.00205001766848355,158.717515571872], [0.000355707920799266,0.258146096261545,2.2991328650395]]</sensors>
<obstacles>[[3.49024516297504, 3.95464649470523], [0.460219545755535, 0.0903059598058462], [5.28082411712967, 3.48852891800925]]</obstacles>
<global-best>0.0966580776335686</global-best>
</iteration>
<iterations>600</iterations>
<elapsed-time>15233</elapsed-time>
<average-time>0</average-time>
</simulation>