<?xml version="1.0" encoding="UTF-8"?>
<simulation>
<software>charlie-simulation-framework; v1.0.0; Jakob Rieke</software>
<system>Unix; Unix 18.2.0.0; 18.2.0.0</system>
<datetime>7/9/2019 4:14:56 PM</datetime>
<title>Static Sensor Positioning</title>
<meta>Author: Jakob Rieke; Version v1.4.0; Deterministic: No</meta>
<configuration>
  Zoom = 40
  NumberOfSensors = 3
  NumberOfObstacles = 3
  FieldHeight = 9
  FieldWidth = 6
  PlayerSensorRange = 12
  PlayerSensorFOV = 56.3
  PlayerSize = 0.1555
  Optimizer = SPSO-2006
  </configuration>
<iteration i="0">
<sensors>[[2.42066135723144,1.20753168314695,351.032371949404], [5.99369295593351,2.5056428569369,165.20979850553], [6.58395465114154,2.01424378668889,62.7121425792575]]</sensors>
<obstacles>[[0.977685417747125, 1.08101824996993], [1.44940650416538, 3.01093230955303], [6.87394434632733, 4.5893051228486]]</obstacles>
<global-best>15.9757705630069</global-best>
</iteration>
<iteration i="600">
<sensors>[[8.99999928813154,5.36953044591523,217.724876343484], [8.1335783710473,2.09112724816076E-07,155.393561434727], [2.60310243452118E-08,4.10521411979267,0.0125311987802945]]</sensors>
<obstacles>[[0.977685417747125, 1.08101824996993], [1.44940650416538, 3.01093230955303], [6.87394434632733, 4.5893051228486]]</obstacles>
<global-best>0.316584972349975</global-best>
</iteration>
<iterations>600</iterations>
<elapsed-time>16059</elapsed-time>
<average-time>0</average-time>
</simulation>