<?xml version="1.0" encoding="UTF-8"?>
<simulation>
<software>charlie-simulation-framework; v1.0.0; Jakob Rieke</software>
<system>Unix; Unix 18.2.0.0; 18.2.0.0</system>
<datetime>7/9/2019 3:45:32 PM</datetime>
<title>Static Sensor Positioning</title>
<meta>Author: Jakob Rieke; Version v1.4.0; Deterministic: No</meta>
<configuration>
  Zoom = 40
  NumberOfSensors = 3
  NumberOfObstacles = 3
  FieldHeight = 9
  FieldWidth = 6
  PlayerSensorRange = 12
  PlayerSensorFOV = 56.3
  PlayerSize = 0.1555
  Optimizer = SPSO-2006
  </configuration>
<iteration i="0">
<sensors>[[0.28078454034403,5.65947249624878,300.476010600105], [1.62193595920689,4.01920164003968,329.51946166344], [6.36140637542121,2.81925471452996,170.800164816901]]</sensors>
<obstacles>[[6.49935970245861, 4.97346052760258], [8.3400983645115, 2.14214447094128], [7.76279206573963, 1.59777239710093]]</obstacles>
<global-best>14.0305000966653</global-best>
</iteration>
<iteration i="600">
<sensors>[[0.000598338699803978,1.23270129292396,6.52172450062585], [8.99984273876617,0.647447226432925,158.112377278451], [0.000133305993405888,5.77930241617584,0.433448128538494]]</sensors>
<obstacles>[[6.49935970245861, 4.97346052760258], [8.3400983645115, 2.14214447094128], [7.76279206573963, 1.59777239710093]]</obstacles>
<global-best>0.222453203146616</global-best>
</iteration>
<iterations>600</iterations>
<elapsed-time>14824</elapsed-time>
<average-time>0</average-time>
</simulation>