<?xml version="1.0" encoding="UTF-8"?>
<simulation>
<software>charlie-simulation-framework; v1.0.0; Jakob Rieke</software>
<system>Unix; Unix 18.2.0.0; 18.2.0.0</system>
<datetime>7/9/2019 3:50:11 PM</datetime>
<title>Static Sensor Positioning</title>
<meta>Author: Jakob Rieke; Version v1.4.0; Deterministic: No</meta>
<configuration>
  Zoom = 40
  NumberOfSensors = 3
  NumberOfObstacles = 3
  FieldHeight = 9
  FieldWidth = 6
  PlayerSensorRange = 12
  PlayerSensorFOV = 56.3
  PlayerSize = 0.1555
  Optimizer = SPSO-2006
  </configuration>
<iteration i="0">
<sensors>[[6.84966044104658,0.360717162955552,45.9195179119706], [0.161294991150498,0.1790189165622,25.7579797133803], [5.99859390920028,4.96767152147368,198.320943927392]]</sensors>
<obstacles>[[5.69236014224589, 1.21592943510041], [7.17500229016878, 2.0495736929588], [6.11405552225187, 4.59876483259723]]</obstacles>
<global-best>4.45839839714847</global-best>
</iteration>
<iteration i="600">
<sensors>[[8.99999467993447,3.73738127837913,187.024619236605], [3.77422328911386,7.12800999867944E-07,28.1496989350595], [1.57884933189504E-05,5.99786567420219,333.09293380279]]</sensors>
<obstacles>[[5.69236014224589, 1.21592943510041], [7.17500229016878, 2.0495736929588], [6.11405552225187, 4.59876483259723]]</obstacles>
<global-best>0.152385394936216</global-best>
</iteration>
<iterations>600</iterations>
<elapsed-time>18715</elapsed-time>
<average-time>0</average-time>
</simulation>