<?xml version="1.0" encoding="UTF-8"?>
<simulation>
<software>charlie-simulation-framework; v1.0.0; Jakob Rieke</software>
<system>Unix; Unix 18.2.0.0; 18.2.0.0</system>
<datetime>7/9/2019 3:46:46 PM</datetime>
<title>Static Sensor Positioning</title>
<meta>Author: Jakob Rieke; Version v1.4.0; Deterministic: No</meta>
<configuration>
  Zoom = 40
  NumberOfSensors = 3
  NumberOfObstacles = 3
  FieldHeight = 9
  FieldWidth = 6
  PlayerSensorRange = 12
  PlayerSensorFOV = 56.3
  PlayerSize = 0.1555
  Optimizer = SPSO-2006
  </configuration>
<iteration i="0">
<sensors>[[3.92878452851437,0.606007951777428,106.200026208535], [6.67184577696025,0.993921117391437,164.381002290174], [0.0830786938313395,5.27551916660741,348.358026836067]]</sensors>
<obstacles>[[5.68076914362609, 4.40874627325684], [1.1620234278962, 3.89210625132546], [4.92734568589367, 3.54360982496291]]</obstacles>
<global-best>7.5806509730558</global-best>
</iteration>
<iteration i="600">
<sensors>[[8.99845724327739,5.99996160215529,189.93485640012], [0.000203734180860526,0.00682375174787743,27.4998901759295], [8.99998515941526,9.8010633577222E-05,154.170763238052]]</sensors>
<obstacles>[[5.68076914362609, 4.40874627325684], [1.1620234278962, 3.89210625132546], [4.92734568589367, 3.54360982496291]]</obstacles>
<global-best>0.0751083903781653</global-best>
</iteration>
<iterations>600</iterations>
<elapsed-time>16136</elapsed-time>
<average-time>0</average-time>
</simulation>