<?xml version="1.0" encoding="UTF-8"?>
<simulation>
<software>charlie-simulation-framework; v1.0.0; Jakob Rieke</software>
<system>Unix; Unix 18.2.0.0; 18.2.0.0</system>
<datetime>7/9/2019 3:43:31 PM</datetime>
<title>Static Sensor Positioning</title>
<meta>Author: Jakob Rieke; Version v1.4.0; Deterministic: No</meta>
<configuration>
  Zoom = 40
  NumberOfSensors = 3
  NumberOfObstacles = 3
  FieldHeight = 9
  FieldWidth = 6
  PlayerSensorRange = 12
  PlayerSensorFOV = 56.3
  PlayerSize = 0.1555
  Optimizer = SPSO-2006
  </configuration>
<iteration i="0">
<sensors>[[7.01777967181988,4.5891061546281,169.950167080387], [1.59245058847591,0.603417436592281,23.6064947862178], [1.73262874293141,1.6707361433655,189.97026225552]]</sensors>
<obstacles>[[8.572363659041, 1.55606204643846], [3.53365452820435, 5.1599797680974], [3.7541377460584, 2.16249709529802]]</obstacles>
<global-best>13.2866150174241</global-best>
</iteration>
<iteration i="600">
<sensors>[[3.32298792883877E-07,3.96555330173575,0], [8.99999029934082,0.0116601984677209,159.837932082459], [8.99885587544488,5.99998802114693,191.209094852828]]</sensors>
<obstacles>[[8.572363659041, 1.55606204643846], [3.53365452820435, 5.1599797680974], [3.7541377460584, 2.16249709529802]]</obstacles>
<global-best>0.153819415235324</global-best>
</iteration>
<iterations>600</iterations>
<elapsed-time>15901</elapsed-time>
<average-time>0</average-time>
</simulation>