<?xml version="1.0" encoding="UTF-8"?>
<simulation>
<software>charlie-simulation-framework; v1.0.0; Jakob Rieke</software>
<system>Unix; Unix 18.2.0.0; 18.2.0.0</system>
<datetime>7/9/2019 3:51:07 PM</datetime>
<title>Static Sensor Positioning</title>
<meta>Author: Jakob Rieke; Version v1.4.0; Deterministic: No</meta>
<configuration>
  Zoom = 40
  NumberOfSensors = 3
  NumberOfObstacles = 3
  FieldHeight = 9
  FieldWidth = 6
  PlayerSensorRange = 12
  PlayerSensorFOV = 56.3
  PlayerSize = 0.1555
  Optimizer = SPSO-2006
  </configuration>
<iteration i="0">
<sensors>[[8.63249216345139,2.5714047588408,174.297075876966], [4.37777451169677,2.68126468593255,10.8934618346393], [0.832609080243856,4.24202151875943,173.1468407996]]</sensors>
<obstacles>[[5.97955777309835, 1.58157045766711], [7.80097459559329, 1.97928338404745], [3.47536916239187, 5.12534724315628]]</obstacles>
<global-best>17.6192746610198</global-best>
</iteration>
<iteration i="600">
<sensors>[[8.99999983854133,5.99999806980806,208.149879959888], [1.39080966137886E-05,4.54610434262754,359.999663012964], [0.00359690738738455,1.39367301192653E-05,360]]</sensors>
<obstacles>[[5.97955777309835, 1.58157045766711], [7.80097459559329, 1.97928338404745], [3.47536916239187, 5.12534724315628]]</obstacles>
<global-best>0.33926005152877</global-best>
</iteration>
<iterations>600</iterations>
<elapsed-time>18185</elapsed-time>
<average-time>0</average-time>
</simulation>