<?xml version="1.0" encoding="UTF-8"?>
<simulation>
<software>charlie-simulation-framework; v1.0.0; Jakob Rieke</software>
<system>Unix; Unix 18.2.0.0; 18.2.0.0</system>
<datetime>7/9/2019 4:16:33 PM</datetime>
<title>Static Sensor Positioning</title>
<meta>Author: Jakob Rieke; Version v1.4.0; Deterministic: No</meta>
<configuration>
  Zoom = 40
  NumberOfSensors = 3
  NumberOfObstacles = 3
  FieldHeight = 9
  FieldWidth = 6
  PlayerSensorRange = 12
  PlayerSensorFOV = 56.3
  PlayerSize = 0.1555
  Optimizer = SPSO-2006
  </configuration>
<iteration i="0">
<sensors>[[8.85648393910378,4.31105663208291,16.5366040449589], [8.30206408328377,2.35158059606329,181.932552885264], [4.02684621373191,5.07708868011832,347.838301230222]]</sensors>
<obstacles>[[1.99845207855105, 5.78089184872806], [1.13907481636852, 1.16974897636101], [3.41888042818755, 0.839871323201805]]</obstacles>
<global-best>11.5863548099745</global-best>
</iteration>
<iteration i="600">
<sensors>[[8.99165752186808,5.99620285851133,199.40551810871], [0.00131129052529985,2.3875057927898,0.171280762762397], [6.21676539372264,0.00018788849995594,153.857939390222]]</sensors>
<obstacles>[[1.99845207855105, 5.78089184872806], [1.13907481636852, 1.16974897636101], [3.41888042818755, 0.839871323201805]]</obstacles>
<global-best>0.151196927262335</global-best>
</iteration>
<iterations>600</iterations>
<elapsed-time>17685</elapsed-time>
<average-time>0</average-time>
</simulation>