<?xml version="1.0" encoding="UTF-8"?>
<simulation>
<software>charlie-simulation-framework; v1.0.0; Jakob Rieke</software>
<system>Unix; Unix 18.2.0.0; 18.2.0.0</system>
<datetime>7/9/2019 3:47:56 PM</datetime>
<title>Static Sensor Positioning</title>
<meta>Author: Jakob Rieke; Version v1.4.0; Deterministic: No</meta>
<configuration>
  Zoom = 40
  NumberOfSensors = 3
  NumberOfObstacles = 3
  FieldHeight = 9
  FieldWidth = 6
  PlayerSensorRange = 12
  PlayerSensorFOV = 56.3
  PlayerSize = 0.1555
  Optimizer = SPSO-2006
  </configuration>
<iteration i="0">
<sensors>[[3.48888700129464,0.891029194928706,14.4636877253652], [1.47986092139035,1.54992181900889,241.244255164638], [8.85740862437524,5.74961798312142,206.823771223426]]</sensors>
<obstacles>[[5.33919708849862, 4.90617879666388], [3.6065963327419, 2.14019155455753], [4.65029655746184, 2.43550287326798]]</obstacles>
<global-best>8.35874873056493</global-best>
</iteration>
<iteration i="600">
<sensors>[[2.79318736029576E-08,3.50106241402509,360], [8.99999999619248,5.99999758218683,206.278475016009], [7.76860371175143E-08,0.110389571381502,5.04472416797852]]</sensors>
<obstacles>[[5.33919708849862, 4.90617879666388], [3.6065963327419, 2.14019155455753], [4.65029655746184, 2.43550287326798]]</obstacles>
<global-best>0.292107136526889</global-best>
</iteration>
<iterations>600</iterations>
<elapsed-time>15260</elapsed-time>
<average-time>0</average-time>
</simulation>