<?xml version="1.0" encoding="UTF-8"?>
<simulation>
<software>charlie-simulation-framework; v1.0.0; Jakob Rieke</software>
<system>Unix; Unix 18.2.0.0; 18.2.0.0</system>
<datetime>7/9/2019 3:44:02 PM</datetime>
<title>Static Sensor Positioning</title>
<meta>Author: Jakob Rieke; Version v1.4.0; Deterministic: No</meta>
<configuration>
  Zoom = 40
  NumberOfSensors = 3
  NumberOfObstacles = 3
  FieldHeight = 9
  FieldWidth = 6
  PlayerSensorRange = 12
  PlayerSensorFOV = 56.3
  PlayerSize = 0.1555
  Optimizer = SPSO-2006
  </configuration>
<iteration i="0">
<sensors>[[4.7814202636946,3.43779061362147,107.450327882543], [5.36483193445019,1.55785511014983,167.574854409322], [5.55865005310625,5.92934409203008,299.284196672961]]</sensors>
<obstacles>[[4.02132483618334, 5.18649731995538], [2.20647325878963, 5.90958195598796], [8.40488054556772, 3.70961779681966]]</obstacles>
<global-best>18.004255730349</global-best>
</iteration>
<iteration i="600">
<sensors>[[8.99644571524267,0.00699557764713451,152.420819192222], [0.00204180943810674,5.74277717486603,341.492057787745], [0.00412127355722662,0.00139476019794938,36.9237663094035]]</sensors>
<obstacles>[[4.02132483618334, 5.18649731995538], [2.20647325878963, 5.90958195598796], [8.40488054556772, 3.70961779681966]]</obstacles>
<global-best>0.101177974936127</global-best>
</iteration>
<iterations>600</iterations>
<elapsed-time>14451</elapsed-time>
<average-time>0</average-time>
</simulation>