<?xml version="1.0" encoding="UTF-8"?>
<simulation>
<software>charlie-simulation-framework; v1.0.0; Jakob Rieke</software>
<system>Unix; Unix 18.2.0.0; 18.2.0.0</system>
<datetime>7/9/2019 3:59:57 PM</datetime>
<title>Static Sensor Positioning</title>
<meta>Author: Jakob Rieke; Version v1.4.0; Deterministic: No</meta>
<configuration>
  Zoom = 40
  NumberOfSensors = 3
  NumberOfObstacles = 3
  FieldHeight = 9
  FieldWidth = 6
  PlayerSensorRange = 12
  PlayerSensorFOV = 56.3
  PlayerSize = 0.1555
  Optimizer = SPSO-2006
  </configuration>
<iteration i="0">
<sensors>[[4.64759249892086,2.87129490729421,342.316103093326], [8.31243746588007,0.795910223387182,168.948503416032], [5.41425559180789,3.00432367762551,151.207170439884]]</sensors>
<obstacles>[[0.0228445983957499, 4.59608521079645], [1.67495840555057, 1.14789491984993], [2.18344379961491, 1.06208786694333]]</obstacles>
<global-best>15.9968994958913</global-best>
</iteration>
<iteration i="600">
<sensors>[[4.25558026466041E-08,1.77310794527908,356.992885607358], [8.99999925053807,7.90727525774091E-07,152.139988269934], [8.9999879644061,5.99999978568006,208.106508262982]]</sensors>
<obstacles>[[0.0228445983957499, 4.59608521079645], [1.67495840555057, 1.14789491984993], [2.18344379961491, 1.06208786694333]]</obstacles>
<global-best>0.0810137562200213</global-best>
</iteration>
<iterations>600</iterations>
<elapsed-time>14597</elapsed-time>
<average-time>0</average-time>
</simulation>