<?xml version="1.0" encoding="UTF-8"?>
<simulation>
<software>charlie-simulation-framework; v1.0.0; Jakob Rieke</software>
<system>Unix; Unix 18.2.0.0; 18.2.0.0</system>
<datetime>7/9/2019 3:56:30 PM</datetime>
<title>Static Sensor Positioning</title>
<meta>Author: Jakob Rieke; Version v1.4.0; Deterministic: No</meta>
<configuration>
  Zoom = 40
  NumberOfSensors = 3
  NumberOfObstacles = 3
  FieldHeight = 9
  FieldWidth = 6
  PlayerSensorRange = 12
  PlayerSensorFOV = 56.3
  PlayerSize = 0.1555
  Optimizer = SPSO-2006
  </configuration>
<iteration i="0">
<sensors>[[7.20584122720174,0.0752689819782972,83.2072262931615], [8.72035904461518,0.882110212929547,176.957106459886], [2.66074609570205,1.05131431343034,80.468584774062]]</sensors>
<obstacles>[[4.67840305692516, 5.19003558112308], [8.46931606577709, 3.31938990298659], [8.59630588442087, 1.66191104287282]]</obstacles>
<global-best>5.59153724111627</global-best>
</iteration>
<iteration i="600">
<sensors>[[8.99999924641096,0.0015396439355379,152.067951248422], [8.99999127663779,0.44890526277949,105.301139487593], [6.63840368324322E-05,2.27755611220327,14.7360238769444]]</sensors>
<obstacles>[[4.67840305692516, 5.19003558112308], [8.46931606577709, 3.31938990298659], [8.59630588442087, 1.66191104287282]]</obstacles>
<global-best>0.0962964574530926</global-best>
</iteration>
<iterations>600</iterations>
<elapsed-time>14299</elapsed-time>
<average-time>0</average-time>
</simulation>