<?xml version="1.0" encoding="UTF-8"?>
<simulation>
<software>charlie-simulation-framework; v1.0.0; Jakob Rieke</software>
<system>Unix; Unix 18.2.0.0; 18.2.0.0</system>
<datetime>7/9/2019 4:03:25 PM</datetime>
<title>Static Sensor Positioning</title>
<meta>Author: Jakob Rieke; Version v1.4.0; Deterministic: No</meta>
<configuration>
  Zoom = 40
  NumberOfSensors = 3
  NumberOfObstacles = 3
  FieldHeight = 9
  FieldWidth = 6
  PlayerSensorRange = 12
  PlayerSensorFOV = 56.3
  PlayerSize = 0.1555
  Optimizer = SPSO-2006
  </configuration>
<iteration i="0">
<sensors>[[8.14043317688629,1.9371080850251,151.394412014633], [7.84590987162665,3.16127122985199,216.560120964423], [3.40997165744193,5.62157314410433,287.392494846135]]</sensors>
<obstacles>[[2.0460367295891, 5.76072954107076], [2.17051167972386, 2.36490262532607], [1.15547376894392, 3.94464032538235]]</obstacles>
<global-best>12.0876879492722</global-best>
</iteration>
<iteration i="600">
<sensors>[[2.31845089694357E-05,4.90246697722716,298.142358532446], [8.99999134596756,0.000917723336825774,144.191588192164], [0.000269752656466423,0.000482757104059521,20.8444534682063]]</sensors>
<obstacles>[[2.0460367295891, 5.76072954107076], [2.17051167972386, 2.36490262532607], [1.15547376894392, 3.94464032538235]]</obstacles>
<global-best>0.134721301665711</global-best>
</iteration>
<iterations>600</iterations>
<elapsed-time>15230</elapsed-time>
<average-time>0</average-time>
</simulation>