<?xml version="1.0" encoding="UTF-8"?>
<simulation>
<software>charlie-simulation-framework; v1.0.0; Jakob Rieke</software>
<system>Unix; Unix 18.2.0.0; 18.2.0.0</system>
<datetime>7/9/2019 3:45:47 PM</datetime>
<title>Static Sensor Positioning</title>
<meta>Author: Jakob Rieke; Version v1.4.0; Deterministic: No</meta>
<configuration>
  Zoom = 40
  NumberOfSensors = 3
  NumberOfObstacles = 3
  FieldHeight = 9
  FieldWidth = 6
  PlayerSensorRange = 12
  PlayerSensorFOV = 56.3
  PlayerSize = 0.1555
  Optimizer = SPSO-2006
  </configuration>
<iteration i="0">
<sensors>[[6.31080512143672,0.230550854466856,203.858190178871], [1.94045225693844,5.88554371101782,346.041333423927], [8.90045114932582,4.55662738485262,209.712695488706]]</sensors>
<obstacles>[[1.01311463280581, 4.67746295733377], [2.24393113330007, 3.6314358827658], [6.73374002147466, 2.75383289717138]]</obstacles>
<global-best>9.33488116792033</global-best>
</iteration>
<iteration i="600">
<sensors>[[6.15397120545603E-05,0.711640715849321,79.1073738494472], [0.0126158109593749,5.99554081527636,335.70780400161], [8.99978303199283,1.88959496780042,183.600625251359]]</sensors>
<obstacles>[[1.01311463280581, 4.67746295733377], [2.24393113330007, 3.6314358827658], [6.73374002147466, 2.75383289717138]]</obstacles>
<global-best>0.145700027063503</global-best>
</iteration>
<iterations>600</iterations>
<elapsed-time>15329</elapsed-time>
<average-time>0</average-time>
</simulation>