<?xml version="1.0" encoding="UTF-8"?>
<simulation>
<software>charlie-simulation-framework; v1.0.0; Jakob Rieke</software>
<system>Unix; Unix 18.2.0.0; 18.2.0.0</system>
<datetime>7/9/2019 3:54:07 PM</datetime>
<title>Static Sensor Positioning</title>
<meta>Author: Jakob Rieke; Version v1.4.0; Deterministic: No</meta>
<configuration>
  Zoom = 40
  NumberOfSensors = 3
  NumberOfObstacles = 3
  FieldHeight = 9
  FieldWidth = 6
  PlayerSensorRange = 12
  PlayerSensorFOV = 56.3
  PlayerSize = 0.1555
  Optimizer = SPSO-2006
  </configuration>
<iteration i="0">
<sensors>[[3.822689776076,5.02039742376655,239.263634160161], [3.22903734329157,5.54619489144534,303.248345861211], [1.76852832525037,2.87825689371675,356.421655314043]]</sensors>
<obstacles>[[0.476095006568357, 5.16774154035375], [0.745466741267592, 4.15494160959497], [1.61304914066568, 4.19752390868962]]</obstacles>
<global-best>13.9621255920904</global-best>
</iteration>
<iteration i="600">
<sensors>[[8.99858717049381,5.99924048323678,200.245087419881], [0.231937767318642,0.000107421628356965,98.8473067865494], [8.09739591242069E-05,1.18998139312621,359.999147863345]]</sensors>
<obstacles>[[0.476095006568357, 5.16774154035375], [0.745466741267592, 4.15494160959497], [1.61304914066568, 4.19752390868962]]</obstacles>
<global-best>0.0799554935766793</global-best>
</iteration>
<iterations>600</iterations>
<elapsed-time>14523</elapsed-time>
<average-time>0</average-time>
</simulation>