<?xml version="1.0" encoding="UTF-8"?>
<simulation>
<software>charlie-simulation-framework; v1.0.0; Jakob Rieke</software>
<system>Unix; Unix 18.2.0.0; 18.2.0.0</system>
<datetime>7/9/2019 3:54:36 PM</datetime>
<title>Static Sensor Positioning</title>
<meta>Author: Jakob Rieke; Version v1.4.0; Deterministic: No</meta>
<configuration>
  Zoom = 40
  NumberOfSensors = 3
  NumberOfObstacles = 3
  FieldHeight = 9
  FieldWidth = 6
  PlayerSensorRange = 12
  PlayerSensorFOV = 56.3
  PlayerSize = 0.1555
  Optimizer = SPSO-2006
  </configuration>
<iteration i="0">
<sensors>[[3.06272064708173,2.58499096054584,138.048075316474], [2.46850837441161,5.18901911471039,327.518978398293], [0.406207259511575,4.64510795054957,299.344145385548]]</sensors>
<obstacles>[[6.27610272844322, 5.64846433047205], [3.60770872025751, 5.42299337172881], [6.57777374144644, 5.33125857682899]]</obstacles>
<global-best>11.3266626831494</global-best>
</iteration>
<iteration i="600">
<sensors>[[8.9999352164347,0.000141041945228014,151.854306337171], [8.9942350103892,5.99998905797838,208.120351178468], [6.0211551436512E-07,2.94975788006085,359.999945433983]]</sensors>
<obstacles>[[6.27610272844322, 5.64846433047205], [3.60770872025751, 5.42299337172881], [6.57777374144644, 5.33125857682899]]</obstacles>
<global-best>0.0944750072036991</global-best>
</iteration>
<iterations>600</iterations>
<elapsed-time>15394</elapsed-time>
<average-time>0</average-time>
</simulation>