<?xml version="1.0" encoding="UTF-8"?>
<simulation>
<software>charlie-simulation-framework; v1.0.0; Jakob Rieke</software>
<system>Unix; Unix 18.2.0.0; 18.2.0.0</system>
<datetime>7/9/2019 3:53:20 PM</datetime>
<title>Static Sensor Positioning</title>
<meta>Author: Jakob Rieke; Version v1.4.0; Deterministic: No</meta>
<configuration>
  Zoom = 40
  NumberOfSensors = 3
  NumberOfObstacles = 3
  FieldHeight = 9
  FieldWidth = 6
  PlayerSensorRange = 12
  PlayerSensorFOV = 56.3
  PlayerSize = 0.1555
  Optimizer = SPSO-2006
  </configuration>
<iteration i="0">
<sensors>[[0.611207559937611,3.89991618040949,15.7979072537273], [2.29201079020277,0.560152775142342,40.5826591607183], [5.2776741203852,0.556549397762865,158.170553678647]]</sensors>
<obstacles>[[1.16293108533137, 5.13202934386209], [7.56053732684813, 0.219581428449601], [2.36792802577838, 4.95581976184621]]</obstacles>
<global-best>11.4143822890471</global-best>
</iteration>
<iteration i="600">
<sensors>[[8.99999824397852,0.484983961903843,175.288666270699], [2.7373602816256E-06,2.70591685486446,360], [8.99985274982626,5.99998428949401,208.130226784592]]</sensors>
<obstacles>[[1.16293108533137, 5.13202934386209], [7.56053732684813, 0.219581428449601], [2.36792802577838, 4.95581976184621]]</obstacles>
<global-best>0.244255748749642</global-best>
</iteration>
<iterations>600</iterations>
<elapsed-time>16414</elapsed-time>
<average-time>0</average-time>
</simulation>