<?xml version="1.0" encoding="UTF-8"?>
<simulation>
<software>charlie-simulation-framework; v1.0.0; Jakob Rieke</software>
<system>Unix; Unix 18.2.0.0; 18.2.0.0</system>
<datetime>7/9/2019 3:43:16 PM</datetime>
<title>Static Sensor Positioning</title>
<meta>Author: Jakob Rieke; Version v1.4.0; Deterministic: No</meta>
<configuration>
  Zoom = 40
  NumberOfSensors = 3
  NumberOfObstacles = 3
  FieldHeight = 9
  FieldWidth = 6
  PlayerSensorRange = 12
  PlayerSensorFOV = 56.3
  PlayerSize = 0.1555
  Optimizer = SPSO-2006
  </configuration>
<iteration i="0">
<sensors>[[0.640539860352874,5.40994988707826,352.824760219082], [7.42377995699644,2.6820495002903,182.01859228313], [4.99091730848886,4.26189059950411,33.1743252743036]]</sensors>
<obstacles>[[0.959738470148295, 0.707404538523406], [8.60857325652614, 0.658936370629817], [7.89782393490896, 0.89341597398743]]</obstacles>
<global-best>8.52668373261224</global-best>
</iteration>
<iteration i="600">
<sensors>[[1.13536254950366E-06,5.20199177559702,0], [0.000149246160835181,0.970782859113952,336.045830175618], [8.74741287393109,0.00560970976532111,153.345058924476]]</sensors>
<obstacles>[[0.959738470148295, 0.707404538523406], [8.60857325652614, 0.658936370629817], [7.89782393490896, 0.89341597398743]]</obstacles>
<global-best>0.251192470816097</global-best>
</iteration>
<iterations>600</iterations>
<elapsed-time>15372</elapsed-time>
<average-time>0</average-time>
</simulation>