<?xml version="1.0" encoding="UTF-8"?>
<simulation>
<software>charlie-simulation-framework; v1.0.0; Jakob Rieke</software>
<system>Unix; Unix 18.2.0.0; 18.2.0.0</system>
<datetime>7/9/2019 3:58:15 PM</datetime>
<title>Static Sensor Positioning</title>
<meta>Author: Jakob Rieke; Version v1.4.0; Deterministic: No</meta>
<configuration>
  Zoom = 40
  NumberOfSensors = 3
  NumberOfObstacles = 3
  FieldHeight = 9
  FieldWidth = 6
  PlayerSensorRange = 12
  PlayerSensorFOV = 56.3
  PlayerSize = 0.1555
  Optimizer = SPSO-2006
  </configuration>
<iteration i="0">
<sensors>[[7.33139905636199,0.654227706603706,154.364550132304], [1.48490958893672,2.89413376897573,7.33817190863192], [3.14835738879628,3.90684237889946,32.5275489594787]]</sensors>
<obstacles>[[4.71338390093297, 3.28142664022744], [2.50292834965512, 4.28661605296656], [1.40558251552284, 4.03929307870567]]</obstacles>
<global-best>10.7613812816949</global-best>
</iteration>
<iteration i="600">
<sensors>[[2.0201830448511E-10,2.16562511962279E-07,25.43443215849], [8.99999993006606,9.18961334516851E-06,153.246406630273], [8.99999923110756,5.99999457386741,208.148252474807]]</sensors>
<obstacles>[[4.71338390093297, 3.28142664022744], [2.50292834965512, 4.28661605296656], [1.40558251552284, 4.03929307870567]]</obstacles>
<global-best>0.140111471087148</global-best>
</iteration>
<iterations>600</iterations>
<elapsed-time>21475</elapsed-time>
<average-time>0</average-time>
</simulation>