<?xml version="1.0" encoding="UTF-8"?>
<simulation>
<software>charlie-simulation-framework; v1.0.0; Jakob Rieke</software>
<system>Unix; Unix 18.2.0.0; 18.2.0.0</system>
<datetime>7/10/2019 12:43:59 AM</datetime>
<title>Static Sensor Positioning</title>
<meta>Author: Jakob Rieke; Version v1.4.0; Deterministic: No</meta>
<configuration>
  Zoom = 40
  NumberOfSensors = 7
  NumberOfObstacles = 7
  FieldHeight = 9
  FieldWidth = 6
  PlayerSensorRange = 12
  PlayerSensorFOV = 56.3
  PlayerSize = 0.1555
  Optimizer = SPSO-2006
  </configuration>
<iteration i="0">
<sensors>[[4.70997649175115,4.73765800427645,13.7142824660987], [4.03456441056915,5.76794732920825,183.406393798068], [0.187587789259851,1.08123452262953,6.00514428690076], [4.3037355998531,2.00863748649135,301.366586051881], [8.80817230674438,2.17219039890915,324.293109504506], [8.95792508195154,2.72771878587082,197.81151750125], [0.337857545586303,0.70573793258518,251.263999147341]]</sensors>
<obstacles>[[7.44624815345742, 0.35154633410275], [0.683364520780742, 4.76898844912648], [7.38046181411482, 1.7844800404273], [4.69181749247946, 2.21110037108883], [1.37607220653445, 4.01743528107181], [5.23263701889664, 0.826683369465172], [5.17810430447571, 4.22920805728063]]</obstacles>
<global-best>9.71092574556042</global-best>
</iteration>
<iteration i="600">
<sensors>[[1.48423080946919,2.57034931378821,359.958415562154], [1.56090685792473,5.45508394152595,320.559013072851], [8.00275043810804,4.40097515168995,194.500090295436], [0.0138159365713959,5.95194746626277,1.00479418033662], [0.566902859397448,0.607886464565976,9.65263459364106], [8.99978393641993,2.52264795966228,187.669414995216], [0.00437389844906082,0.000173465144416737,65.7685500095938]]</sensors>
<obstacles>[[7.44624815345742, 0.35154633410275], [0.683364520780742, 4.76898844912648], [7.38046181411482, 1.7844800404273], [4.69181749247946, 2.21110037108883], [1.37607220653445, 4.01743528107181], [5.23263701889664, 0.826683369465172], [5.17810430447571, 4.22920805728063]]</obstacles>
<global-best>0.28024992579387</global-best>
</iteration>
<iterations>600</iterations>
<elapsed-time>62813</elapsed-time>
<average-time>0</average-time>
</simulation>