<?xml version="1.0" encoding="UTF-8"?>
<simulation>
<software>charlie-simulation-framework; v1.0.0; Jakob Rieke</software>
<system>Unix; Unix 18.2.0.0; 18.2.0.0</system>
<datetime>7/10/2019 12:03:42 AM</datetime>
<title>Static Sensor Positioning</title>
<meta>Author: Jakob Rieke; Version v1.4.0; Deterministic: No</meta>
<configuration>
  Zoom = 40
  NumberOfSensors = 7
  NumberOfObstacles = 7
  FieldHeight = 9
  FieldWidth = 6
  PlayerSensorRange = 12
  PlayerSensorFOV = 56.3
  PlayerSize = 0.1555
  Optimizer = SPSO-2006
  </configuration>
<iteration i="0">
<sensors>[[1.86953717353754,5.22283773031086,295.191448889673], [8.49793389067054,3.25999222509563,114.715267270803], [5.10298421303742,1.55175288487226,85.714266942814], [3.24178194114938,5.82351551111788,311.037994651124], [8.83123023924418,2.01312346849591,200.716854790226], [5.05335564748384,2.95574702136219,348.297098362818], [7.70641071419232,4.27844130434096,187.438615690917]]</sensors>
<obstacles>[[5.02539149788208, 5.31762348208576], [5.54162058024667, 3.62662512436509], [7.79126352374442, 2.55448187375441], [1.96468398906291, 1.90972989471629], [4.63047630060464, 0.87120717857033], [6.89998173317872, 1.57241330249235], [8.63376900390722, 3.94731231546029]]</obstacles>
<global-best>6.64100257821633</global-best>
</iteration>
<iteration i="600">
<sensors>[[8.999318844759,5.68290840103724,199.504201728248], [4.11372913722831,0.447655304508755,360], [0.158577050548702,1.84886194456266,86.1270007987411], [0.0169658695042443,5.63762362652448,329.628260818642], [1.94638436375066,3.74113077591345,0.498700995390274], [5.9894298327187,1.41505928870771,182.522741297082], [8.99990984643237,4.03282108321288,242.328854575525]]</sensors>
<obstacles>[[5.02539149788208, 5.31762348208576], [5.54162058024667, 3.62662512436509], [7.79126352374442, 2.55448187375441], [1.96468398906291, 1.90972989471629], [4.63047630060464, 0.87120717857033], [6.89998173317872, 1.57241330249235], [8.63376900390722, 3.94731231546029]]</obstacles>
<global-best>0.485481708281246</global-best>
</iteration>
<iterations>600</iterations>
<elapsed-time>60020</elapsed-time>
<average-time>0</average-time>
</simulation>