<?xml version="1.0" encoding="UTF-8"?>
<simulation>
<software>charlie-simulation-framework; v1.0.0; Jakob Rieke</software>
<system>Unix; Unix 18.2.0.0; 18.2.0.0</system>
<datetime>7/9/2019 10:46:34 PM</datetime>
<title>Static Sensor Positioning</title>
<meta>Author: Jakob Rieke; Version v1.4.0; Deterministic: No</meta>
<configuration>
  Zoom = 40
  NumberOfSensors = 7
  NumberOfObstacles = 7
  FieldHeight = 9
  FieldWidth = 6
  PlayerSensorRange = 12
  PlayerSensorFOV = 56.3
  PlayerSize = 0.1555
  Optimizer = SPSO-2006
  </configuration>
<iteration i="0">
<sensors>[[1.99242805293761,1.82023803982884,23.7628759536892], [3.45273281657137,5.51685500191525,163.413489181548], [3.12674522981979,3.64351225085557,75.2049531787634], [5.93241859506816,3.02914712391794,57.8859202656895], [1.45379747939296,5.99189339205623,276.997826322913], [7.56577697605826,3.188990467228,287.542424798012], [8.75833865068853,0.255575314164162,304.712612126023]]</sensors>
<obstacles>[[6.64182908576913, 3.28001825278625], [7.98508678050712, 5.23798221163452], [6.35589837958105, 0.984625804703683], [6.65960588702001, 2.85343557503074], [4.10867884755135, 2.95956400595605], [5.81220522872172, 5.6227967790328], [2.34856738639064, 1.46508058905602]]</obstacles>
<global-best>11.2807172168112</global-best>
</iteration>
<iteration i="600">
<sensors>[[0.0109111658344152,2.43186665217081,5.4825687231342], [7.72812747107719,5.06266701636277,199.954037802175], [2.36538520671351,2.88038852358893,224.726521453621], [0.00514359838430668,5.29180055788334,0.000457525122280053], [1.96654091228106,5.23161635762626,286.56382156239], [7.81020979715494,3.72491616199056,267.227585169258], [8.97079382927567,0.00168563251713038,114.820575284009]]</sensors>
<obstacles>[[6.64182908576913, 3.28001825278625], [7.98508678050712, 5.23798221163452], [6.35589837958105, 0.984625804703683], [6.65960588702001, 2.85343557503074], [4.10867884755135, 2.95956400595605], [5.81220522872172, 5.6227967790328], [2.34856738639064, 1.46508058905602]]</obstacles>
<global-best>0.289352412116791</global-best>
</iteration>
<iterations>600</iterations>
<elapsed-time>71073</elapsed-time>
<average-time>0</average-time>
</simulation>