<?xml version="1.0" encoding="UTF-8"?>
<simulation>
<software>charlie-simulation-framework; v1.0.0; Jakob Rieke</software>
<system>Unix; Unix 18.2.0.0; 18.2.0.0</system>
<datetime>7/9/2019 11:25:01 PM</datetime>
<title>Static Sensor Positioning</title>
<meta>Author: Jakob Rieke; Version v1.4.0; Deterministic: No</meta>
<configuration>
  Zoom = 40
  NumberOfSensors = 7
  NumberOfObstacles = 7
  FieldHeight = 9
  FieldWidth = 6
  PlayerSensorRange = 12
  PlayerSensorFOV = 56.3
  PlayerSize = 0.1555
  Optimizer = SPSO-2006
  </configuration>
<iteration i="0">
<sensors>[[2.23592360783368,1.01223060814664,158.65512390621], [8.61143658799119,5.58227625768632,97.6302142627537], [6.15311302430928,5.27028593514115,215.257254699245], [4.8812931063585,4.19001669762656,27.8968175221235], [4.58869127067737,1.9104482755065,180.352431200445], [5.48881729133427,5.50281359441578,283.487960267812], [1.20187997049652,2.71339506609365,342.350200759247]]</sensors>
<obstacles>[[2.44900544383563, 0.682888490147889], [2.73793116747402, 1.51177614508197], [4.90712477196939, 0.655541518237442], [5.17151083122008, 5.28017452871427], [7.66578759206459, 2.55586675554514], [6.19156609266065, 3.51060735108331], [1.21716075623408, 0.0985303865745664]]</obstacles>
<global-best>13.4856068992606</global-best>
</iteration>
<iteration i="600">
<sensors>[[8.19083697640411,1.63187263312029,94.8478869940007], [6.28672869462669,5.19229086183043,233.664835908622], [0.000218795223670874,0.678664095443795,360], [1.8829307458402,5.99999939093854,342.637488237379], [1.65597567915206E-05,3.95867220848529,348.355639284434], [6.49311982630197,3.9094855583232,186.465153044854], [8.99813256057159,2.36916789699071,149.475255170675]]</sensors>
<obstacles>[[2.44900544383563, 0.682888490147889], [2.73793116747402, 1.51177614508197], [4.90712477196939, 0.655541518237442], [5.17151083122008, 5.28017452871427], [7.66578759206459, 2.55586675554514], [6.19156609266065, 3.51060735108331], [1.21716075623408, 0.0985303865745664]]</obstacles>
<global-best>0.312552345263616</global-best>
</iteration>
<iterations>600</iterations>
<elapsed-time>65640</elapsed-time>
<average-time>0</average-time>
</simulation>