<?xml version="1.0" encoding="UTF-8"?>
<simulation>
<software>charlie-simulation-framework; v1.0.0; Jakob Rieke</software>
<system>Unix; Unix 18.2.0.0; 18.2.0.0</system>
<datetime>7/9/2019 11:32:26 PM</datetime>
<title>Static Sensor Positioning</title>
<meta>Author: Jakob Rieke; Version v1.4.0; Deterministic: No</meta>
<configuration>
  Zoom = 40
  NumberOfSensors = 7
  NumberOfObstacles = 7
  FieldHeight = 9
  FieldWidth = 6
  PlayerSensorRange = 12
  PlayerSensorFOV = 56.3
  PlayerSize = 0.1555
  Optimizer = SPSO-2006
  </configuration>
<iteration i="0">
<sensors>[[3.11777033633552,3.06156544899568,236.965873204172], [0.69800766161643,2.85986063349992,314.489214029163], [3.91521433624439,3.31032049376518,147.500696964562], [5.24258114327677,0.484258542302996,84.9034138675779], [4.79650774179026,5.31270691892132,249.072711328045], [4.29220079979859,4.75156650971621,333.585375538096], [0.761665894417092,2.39104141015559,194.84745961614]]</sensors>
<obstacles>[[7.27183145633899, 0.166031677275896], [2.67375416401774, 5.6987172444351], [5.88367217034101, 0.806806712877005], [2.75010378216393, 0.211089808959514], [8.72736873594113, 3.44211364444345], [5.55141501850449, 4.17258193250746], [3.09573009889573, 2.22100012796]]</obstacles>
<global-best>10.5865640573651</global-best>
</iteration>
<iteration i="600">
<sensors>[[8.99988157764944,1.15875958424703,166.119821583962], [5.09325903782494,5.1449839390373,354.001270170179], [6.49130842606751,5.99962857718864,264.017440745945], [8.99450770367129,4.41226778114937,190.204096371002], [8.46807786899828E-05,5.75317554760661,314.48493511552], [7.63129296865025,4.45486907737609,144.914765804586], [2.3160874015701,4.75710988818246,0]]</sensors>
<obstacles>[[7.27183145633899, 0.166031677275896], [2.67375416401774, 5.6987172444351], [5.88367217034101, 0.806806712877005], [2.75010378216393, 0.211089808959514], [8.72736873594113, 3.44211364444345], [5.55141501850449, 4.17258193250746], [3.09573009889573, 2.22100012796]]</obstacles>
<global-best>0.397779404867515</global-best>
</iteration>
<iterations>600</iterations>
<elapsed-time>62221</elapsed-time>
<average-time>0</average-time>
</simulation>