<?xml version="1.0" encoding="UTF-8"?>
<simulation>
<software>charlie-simulation-framework; v1.0.0; Jakob Rieke</software>
<system>Unix; Unix 18.2.0.0; 18.2.0.0</system>
<datetime>7/9/2019 10:51:08 PM</datetime>
<title>Static Sensor Positioning</title>
<meta>Author: Jakob Rieke; Version v1.4.0; Deterministic: No</meta>
<configuration>
  Zoom = 40
  NumberOfSensors = 7
  NumberOfObstacles = 7
  FieldHeight = 9
  FieldWidth = 6
  PlayerSensorRange = 12
  PlayerSensorFOV = 56.3
  PlayerSize = 0.1555
  Optimizer = SPSO-2006
  </configuration>
<iteration i="0">
<sensors>[[5.49908396182582,3.50968748470768,293.388459021226], [6.6749994198326,4.55132386414334,348.872882639989], [1.98284739721566,1.57777116727084,37.8422190528363], [8.83039563638158,0.426259333267808,146.825921824202], [6.89077213173732,5.76078741950914,191.611918425187], [7.36025645071641,2.62705295858905,204.866495244205], [8.34664613963105,2.2628860194236,123.688135687262]]</sensors>
<obstacles>[[2.53370474511757, 4.7410499593243], [5.29586798418313, 2.01996391732246], [8.395216378849, 1.31641630455852], [8.21567044523545, 4.78840324189514], [4.21138443402015, 1.48398960661143], [5.23213375895284, 0.772642268333584], [7.70259596756659, 2.09806132782251]]</obstacles>
<global-best>7.23909102674514</global-best>
</iteration>
<iteration i="600">
<sensors>[[7.00896635212204E-05,4.03461353473919,357.254873467282], [0.0018762903140295,0.759554126948228,360], [8.99997911609943,1.92610430229816,177.172661637964], [2.24562700319915,2.43282605188785,358.176381370728], [8.70927497510542,4.95643147242912,196.057165276481], [8.709395466082,3.79383797763084,202.877324758141], [1.69611191450615E-05,1.6376860174476,44.2851553114205]]</sensors>
<obstacles>[[2.53370474511757, 4.7410499593243], [5.29586798418313, 2.01996391732246], [8.395216378849, 1.31641630455852], [8.21567044523545, 4.78840324189514], [4.21138443402015, 1.48398960661143], [5.23213375895284, 0.772642268333584], [7.70259596756659, 2.09806132782251]]</obstacles>
<global-best>0.378855157042772</global-best>
</iteration>
<iterations>600</iterations>
<elapsed-time>71716</elapsed-time>
<average-time>0</average-time>
</simulation>