<?xml version="1.0" encoding="UTF-8"?>
<simulation>
<software>charlie-simulation-framework; v1.0.0; Jakob Rieke</software>
<system>Unix; Unix 18.2.0.0; 18.2.0.0</system>
<datetime>7/10/2019 12:47:18 AM</datetime>
<title>Static Sensor Positioning</title>
<meta>Author: Jakob Rieke; Version v1.4.0; Deterministic: No</meta>
<configuration>
  Zoom = 40
  NumberOfSensors = 7
  NumberOfObstacles = 7
  FieldHeight = 9
  FieldWidth = 6
  PlayerSensorRange = 12
  PlayerSensorFOV = 56.3
  PlayerSize = 0.1555
  Optimizer = SPSO-2006
  </configuration>
<iteration i="0">
<sensors>[[4.16353932581842,0.592352265492082,55.4368444997817], [7.73561010486446,5.13491847412661,228.451550714672], [4.41467179823667,1.31870815716684,46.3938020355999], [5.06385522801429,3.4381047016941,157.920260410756], [4.49914681655355,3.09929323475808,223.746204916388], [1.55257400055416,4.28277174197137,266.869420018047], [1.31721881171688,4.6143683209084,343.267827294767]]</sensors>
<obstacles>[[6.07784092077054, 0.408282374963164], [6.34878667630255, 5.98873812798411], [5.76752967643552, 4.7762133772485], [0.589366076281294, 0.694420892279595], [1.64241345576011, 2.03005310939625], [4.97299606609158, 4.94937785016373], [5.51056467345916, 3.0802065753378]]</obstacles>
<global-best>9.59703881717248</global-best>
</iteration>
<iteration i="600">
<sensors>[[1.20741857559615,3.23122646377659,351.091009448501], [6.21594002834173,0.034367862273124,155.899307744115], [3.81377540279935,5.38761709020756,0], [0.00134848402329227,3.20984323698248,22.5755092142687], [0.784945247249083,2.25446393915916,125.952938748639], [0.00447084383019753,5.89212673252394,3.5743985966345E-07], [8.9953130676682,5.48125781416051,204.469253747456]]</sensors>
<obstacles>[[6.07784092077054, 0.408282374963164], [6.34878667630255, 5.98873812798411], [5.76752967643552, 4.7762133772485], [0.589366076281294, 0.694420892279595], [1.64241345576011, 2.03005310939625], [4.97299606609158, 4.94937785016373], [5.51056467345916, 3.0802065753378]]</obstacles>
<global-best>0.539848810157048</global-best>
</iteration>
<iterations>600</iterations>
<elapsed-time>66719</elapsed-time>
<average-time>0</average-time>
</simulation>