<?xml version="1.0" encoding="UTF-8"?>
<simulation>
<software>charlie-simulation-framework; v1.0.0; Jakob Rieke</software>
<system>Unix; Unix 18.2.0.0; 18.2.0.0</system>
<datetime>7/9/2019 11:50:30 PM</datetime>
<title>Static Sensor Positioning</title>
<meta>Author: Jakob Rieke; Version v1.4.0; Deterministic: No</meta>
<configuration>
  Zoom = 40
  NumberOfSensors = 7
  NumberOfObstacles = 7
  FieldHeight = 9
  FieldWidth = 6
  PlayerSensorRange = 12
  PlayerSensorFOV = 56.3
  PlayerSize = 0.1555
  Optimizer = SPSO-2006
  </configuration>
<iteration i="0">
<sensors>[[8.78666162746958,1.10953119490296,111.48071472533], [7.09775760211051,1.87355655385181,193.357559312135], [6.68751776078716,0.25598645908758,84.388370141387], [6.72593175270595,3.35154756344855,97.2571391053498], [7.31073806528002,3.27440635766834,166.482745734975], [3.51140235015191,5.2224139678292,319.340249123052], [8.13783754664473,0.902437820099294,132.189559852704]]</sensors>
<obstacles>[[3.09190136077814, 0.960851631592959], [7.95679283235222, 1.6604554890655], [1.17039709165692, 5.19807600975037], [6.38073943834752, 5.51013585878536], [4.49823626945727, 5.47886528866366], [0.803631895920262, 4.84107654215768], [4.6810986539349, 4.75955736497417]]</obstacles>
<global-best>5.524067395683</global-best>
</iteration>
<iteration i="600">
<sensors>[[0.546995811989285,1.77472367104596,72.649617040016], [8.99998367678715,2.22021305641137,167.574303611247], [0.000216045397700505,0.270541709495089,20.6671008882703], [8.66941329652838,2.99152043547369,225.924145599478], [2.26942568126705,4.50285626274613,360], [8.12214067869896,5.99996890693617,196.829640737131], [5.49002859586227,2.24253698370445,146.022651782133]]</sensors>
<obstacles>[[3.09190136077814, 0.960851631592959], [7.95679283235222, 1.6604554890655], [1.17039709165692, 5.19807600975037], [6.38073943834752, 5.51013585878536], [4.49823626945727, 5.47886528866366], [0.803631895920262, 4.84107654215768], [4.6810986539349, 4.75955736497417]]</obstacles>
<global-best>0.38409440872824</global-best>
</iteration>
<iterations>600</iterations>
<elapsed-time>62390</elapsed-time>
<average-time>0</average-time>
</simulation>