<?xml version="1.0" encoding="UTF-8"?>
<simulation>
<software>charlie-simulation-framework; v1.0.0; Jakob Rieke</software>
<system>Unix; Unix 18.2.0.0; 18.2.0.0</system>
<datetime>7/9/2019 11:01:17 PM</datetime>
<title>Static Sensor Positioning</title>
<meta>Author: Jakob Rieke; Version v1.4.0; Deterministic: No</meta>
<configuration>
  Zoom = 40
  NumberOfSensors = 7
  NumberOfObstacles = 7
  FieldHeight = 9
  FieldWidth = 6
  PlayerSensorRange = 12
  PlayerSensorFOV = 56.3
  PlayerSize = 0.1555
  Optimizer = SPSO-2006
  </configuration>
<iteration i="0">
<sensors>[[6.18302745418623,4.54484260361642,175.87146576494], [1.31596447248012,4.30089219426736,54.370542280376], [8.39418916404247,3.23211935721338,170.006516436115], [5.64018150628544,5.70443413266912,341.844213847071], [4.48384474287741,1.28214068803936,137.745376043022], [2.41997799742967,0.892556546721607,158.129180269316], [1.71727965935133,1.70001120725647,347.434000968933]]</sensors>
<obstacles>[[0.886324697406963, 2.14756713202223], [1.93155585159548, 0.440644208807498], [2.62532058963552, 4.47052682144567], [3.18513996480033, 4.71382331941277], [1.46274618362077, 3.30428312625736], [8.31091534369625, 1.84109715046361], [1.56707874569111, 0.522400110494345]]</obstacles>
<global-best>7.21573692169975</global-best>
</iteration>
<iteration i="600">
<sensors>[[4.19013827629597,0.828160572418652,106.097582687174], [2.16860692336111,5.06534143873895,260.32933805587], [8.99368152608475,5.34081701410316,201.220493570731], [0.0338698356995058,0.957294079255917,360], [0.00225595671564559,3.17569687771344,346.177062438111], [3.78693727889948,5.98108826460863,332.26471588487], [6.51247574835969,2.09209062881064,158.781075539832]]</sensors>
<obstacles>[[0.886324697406963, 2.14756713202223], [1.93155585159548, 0.440644208807498], [2.62532058963552, 4.47052682144567], [3.18513996480033, 4.71382331941277], [1.46274618362077, 3.30428312625736], [8.31091534369625, 1.84109715046361], [1.56707874569111, 0.522400110494345]]</obstacles>
<global-best>0.471624815002249</global-best>
</iteration>
<iterations>600</iterations>
<elapsed-time>68656</elapsed-time>
<average-time>0</average-time>
</simulation>