<?xml version="1.0" encoding="UTF-8"?>
<simulation>
<software>charlie-simulation-framework; v1.0.0; Jakob Rieke</software>
<system>Unix; Unix 18.2.0.0; 18.2.0.0</system>
<datetime>7/9/2019 11:33:29 PM</datetime>
<title>Static Sensor Positioning</title>
<meta>Author: Jakob Rieke; Version v1.4.0; Deterministic: No</meta>
<configuration>
  Zoom = 40
  NumberOfSensors = 7
  NumberOfObstacles = 7
  FieldHeight = 9
  FieldWidth = 6
  PlayerSensorRange = 12
  PlayerSensorFOV = 56.3
  PlayerSize = 0.1555
  Optimizer = SPSO-2006
  </configuration>
<iteration i="0">
<sensors>[[4.6865208086092,2.10119496798143,314.156688759103], [7.68788536079228,5.6155892140232,194.926240956411], [3.83870724937879,2.88253647694364,122.497052662075], [6.29970818362199,0.546283135190606,62.3574846424162], [1.66925364662893,5.19178428081796,322.573075918481], [3.21679735276848,3.61768259201199,342.654822086915], [2.83371314057149,0.614809427876025,125.964317349717]]</sensors>
<obstacles>[[0.791012240806594, 0.205594370607287], [6.72980857570656, 4.8286484205164], [1.39769864827394, 3.3074035984464], [3.21496698819101, 0.498345107305795], [2.33955861115828, 0.0947666941210628], [0.140000967308879, 3.44159968290478], [3.94160384894349, 3.67616665083915]]</obstacles>
<global-best>6.49343932765103</global-best>
</iteration>
<iteration i="600">
<sensors>[[0.000520838214008314,0.752136328916622,0], [5.99587118640568,3.30378425089095,33.8106289642932], [5.63540988547766,1.25447872055113,276.919268823724], [8.99282349266392,0.329596629073651,161.060088476525], [8.99994431800916,2.68362390190342,171.100070951065], [4.61929959183355,0.766452616938652,2.32547554522564], [0.395083421796792,3.61955399529266,0]]</sensors>
<obstacles>[[0.791012240806594, 0.205594370607287], [6.72980857570656, 4.8286484205164], [1.39769864827394, 3.3074035984464], [3.21496698819101, 0.498345107305795], [2.33955861115828, 0.0947666941210628], [0.140000967308879, 3.44159968290478], [3.94160384894349, 3.67616665083915]]</obstacles>
<global-best>0.493138953640201</global-best>
</iteration>
<iterations>600</iterations>
<elapsed-time>63459</elapsed-time>
<average-time>0</average-time>
</simulation>