<?xml version="1.0" encoding="UTF-8"?>
<simulation>
<software>charlie-simulation-framework; v1.0.0; Jakob Rieke</software>
<system>Unix; Unix 18.2.0.0; 18.2.0.0</system>
<datetime>7/9/2019 11:38:47 PM</datetime>
<title>Static Sensor Positioning</title>
<meta>Author: Jakob Rieke; Version v1.4.0; Deterministic: No</meta>
<configuration>
  Zoom = 40
  NumberOfSensors = 7
  NumberOfObstacles = 7
  FieldHeight = 9
  FieldWidth = 6
  PlayerSensorRange = 12
  PlayerSensorFOV = 56.3
  PlayerSize = 0.1555
  Optimizer = SPSO-2006
  </configuration>
<iteration i="0">
<sensors>[[0.0109044704586267,3.07286648126319,6.65866895578802], [5.54470766242594,3.61982972268015,275.005468139425], [3.47340211621486,2.03601006232202,112.300933571532], [2.14784243912436,2.56520874006674,148.669137870893], [4.10511512635276,1.97542681731284,204.440465066582], [0.361970713594928,5.67327740555629,335.26425473392], [7.12889884086326,1.05749856960028,33.7912683840841]]</sensors>
<obstacles>[[8.19646511832252, 2.09534413833171], [6.22928750677966, 3.67559499526396], [6.17491124686785, 4.09049717942253], [2.91515083797276, 1.28043627971783], [0.768849975429475, 3.84941927203909], [3.31373992399313, 2.62959450948983], [6.5207111549098, 4.51284340582788]]</obstacles>
<global-best>9.47938870323792</global-best>
</iteration>
<iteration i="600">
<sensors>[[6.12518519107052,0.138920138959795,158.471646298529], [0.0027590887527593,3.60139938742484,0], [6.4775566161108,4.00591333322015,0], [8.95183660851267,5.98989360893929,202.927199160803], [8.47160152323648,5.12468320898108,0.453020348689666], [0.0118149660708234,2.26298654393739,354.478184188084], [0.00693967360656982,4.81954404163555,342.629554961925]]</sensors>
<obstacles>[[8.19646511832252, 2.09534413833171], [6.22928750677966, 3.67559499526396], [6.17491124686785, 4.09049717942253], [2.91515083797276, 1.28043627971783], [0.768849975429475, 3.84941927203909], [3.31373992399313, 2.62959450948983], [6.5207111549098, 4.51284340582788]]</obstacles>
<global-best>0.416851941638334</global-best>
</iteration>
<iterations>600</iterations>
<elapsed-time>67288</elapsed-time>
<average-time>0</average-time>
</simulation>