<?xml version="1.0" encoding="UTF-8"?>
<simulation>
<software>charlie-simulation-framework; v1.0.0; Jakob Rieke</software>
<system>Unix; Unix 18.2.0.0; 18.2.0.0</system>
<datetime>7/9/2019 11:07:53 PM</datetime>
<title>Static Sensor Positioning</title>
<meta>Author: Jakob Rieke; Version v1.4.0; Deterministic: No</meta>
<configuration>
  Zoom = 40
  NumberOfSensors = 7
  NumberOfObstacles = 7
  FieldHeight = 9
  FieldWidth = 6
  PlayerSensorRange = 12
  PlayerSensorFOV = 56.3
  PlayerSize = 0.1555
  Optimizer = SPSO-2006
  </configuration>
<iteration i="0">
<sensors>[[0.851411044830456,5.37569348188117,339.46539754048], [0.928018498700112,4.29594387346879,309.605764606968], [0.335836660349742,2.57056974386796,78.6004632432014], [6.40310739772394,4.99242754792795,188.639960596338], [8.61471913196146,1.67542905500159,353.815964274108], [3.8854402047582,3.63510154467076,160.90254323557], [0.435320622520521,1.73525754455477,344.13849061355]]</sensors>
<obstacles>[[4.41455296589993, 0.985650499351323], [6.25460193771869, 1.09933630703017], [6.2734572426416, 2.35277918726206], [6.79066103766672, 3.65045819012448], [0.266338145826012, 4.4204584043473], [4.5869107239414, 2.46226748172194], [2.17651607911102, 2.31384463654831]]</obstacles>
<global-best>6.73404214826176</global-best>
</iteration>
<iteration i="600">
<sensors>[[1.71928648352212,0.0170018430114096,14.3257264073103], [8.99834522589772,5.53154065250852,199.598763049621], [2.76832911672068,4.19890630631669,0.615738004556164], [0.197121332645611,4.91157506000653,318.658156546628], [5.18323955087763,5.99418950882131,228.068245455014], [7.34268953729789,3.83071285414437,342.165795276384], [8.98989994491363,0.673067387382243,149.440052133897]]</sensors>
<obstacles>[[4.41455296589993, 0.985650499351323], [6.25460193771869, 1.09933630703017], [6.2734572426416, 2.35277918726206], [6.79066103766672, 3.65045819012448], [0.266338145826012, 4.4204584043473], [4.5869107239414, 2.46226748172194], [2.17651607911102, 2.31384463654831]]</obstacles>
<global-best>0.250251996370601</global-best>
</iteration>
<iterations>600</iterations>
<elapsed-time>63909</elapsed-time>
<average-time>0</average-time>
</simulation>