<?xml version="1.0" encoding="UTF-8"?>
<simulation>
<software>charlie-simulation-framework; v1.0.0; Jakob Rieke</software>
<system>Unix; Unix 18.2.0.0; 18.2.0.0</system>
<datetime>7/10/2019 12:04:42 AM</datetime>
<title>Static Sensor Positioning</title>
<meta>Author: Jakob Rieke; Version v1.4.0; Deterministic: No</meta>
<configuration>
  Zoom = 40
  NumberOfSensors = 7
  NumberOfObstacles = 7
  FieldHeight = 9
  FieldWidth = 6
  PlayerSensorRange = 12
  PlayerSensorFOV = 56.3
  PlayerSize = 0.1555
  Optimizer = SPSO-2006
  </configuration>
<iteration i="0">
<sensors>[[4.70232883910649,3.69361287541687,109.638337539509], [1.28883451083675,0.00965327583253384,101.533470349386], [6.49583130888641,3.73652128363028,67.586709363386], [1.45596807589754,4.55218452075496,339.727548100054], [7.151362729026,3.92073131259531,125.714625986293], [4.61922542704269,5.78609929746017,72.6214610226452], [0.0531729978974909,2.03753490513191,336.860779384151]]</sensors>
<obstacles>[[4.88781737233512, 1.22519512334839], [3.58932397328317, 5.88056423189119], [6.0250951400958, 3.01842179568484], [5.47606859053485, 1.37803904945031], [7.82386755337939, 4.81131864851341], [8.89325952040963, 3.00434873811901], [5.17722158110701, 3.21359649952501]]</obstacles>
<global-best>7.94812342543614</global-best>
</iteration>
<iteration i="600">
<sensors>[[2.17219639679953,3.32553226135558,358.650757836508], [7.93966594511232E-05,0.262112563449383,359.153715693104], [4.41745212357464,3.75155657941863,354.680916962859], [2.37064675323669,2.12016707261638,198.159829541619], [8.77068738788101,2.2079418909555,168.987741373281], [0.00291360518472287,4.07823048598568,360], [8.99992470293668,5.59816842443517,207.83116247355]]</sensors>
<obstacles>[[4.88781737233512, 1.22519512334839], [3.58932397328317, 5.88056423189119], [6.0250951400958, 3.01842179568484], [5.47606859053485, 1.37803904945031], [7.82386755337939, 4.81131864851341], [8.89325952040963, 3.00434873811901], [5.17722158110701, 3.21359649952501]]</obstacles>
<global-best>0.422156094385428</global-best>
</iteration>
<iterations>600</iterations>
<elapsed-time>60681</elapsed-time>
<average-time>0</average-time>
</simulation>