<?xml version="1.0" encoding="UTF-8"?>
<simulation>
<software>charlie-simulation-framework; v1.0.0; Jakob Rieke</software>
<system>Unix; Unix 18.2.0.0; 18.2.0.0</system>
<datetime>7/9/2019 10:45:25 PM</datetime>
<title>Static Sensor Positioning</title>
<meta>Author: Jakob Rieke; Version v1.4.0; Deterministic: No</meta>
<configuration>
  Zoom = 40
  NumberOfSensors = 7
  NumberOfObstacles = 7
  FieldHeight = 9
  FieldWidth = 6
  PlayerSensorRange = 12
  PlayerSensorFOV = 56.3
  PlayerSize = 0.1555
  Optimizer = SPSO-2006
  </configuration>
<iteration i="0">
<sensors>[[4.04143382236362,4.98330533131957,183.44231092371], [1.95897632581182,0.77538144774735,12.9017620626837], [8.10084757511504,0.781426356174052,332.296338826418], [8.38689898070879,2.60524237900972,222.51438642852], [6.89507834496908,5.40773739712313,343.032515253872], [1.0931870082859,2.80401370720938,300.91567712836], [4.66981989587657,0.366253111045808,106.291392389685]]</sensors>
<obstacles>[[1.23060739925131, 0.856622361112386], [4.75354390824214, 3.83184481691569], [2.39176380308345, 0.370429953094572], [7.77677372144535, 5.52554852468893], [5.89909338438883, 5.8220081278123], [8.15276386798359, 3.97113940911368], [7.70022459304892, 0.776418046094477]]</obstacles>
<global-best>9.39510478635668</global-best>
</iteration>
<iteration i="600">
<sensors>[[7.19480561182697,3.81846816556201,203.777587250906], [6.86848155640966,1.08015401030687,77.6616376944797], [5.88319221229112,3.98862892472704,319.248830800317], [0.119149760788,2.38959802568972,360], [5.55183757288223,5.80046168662871,238.44929071005], [5.96751280623427E-05,4.99221489936317,359.999979186538], [4.3110578726934,3.06829714891971,150.832835682561]]</sensors>
<obstacles>[[1.23060739925131, 0.856622361112386], [4.75354390824214, 3.83184481691569], [2.39176380308345, 0.370429953094572], [7.77677372144535, 5.52554852468893], [5.89909338438883, 5.8220081278123], [8.15276386798359, 3.97113940911368], [7.70022459304892, 0.776418046094477]]</obstacles>
<global-best>0.628462467162207</global-best>
</iteration>
<iterations>600</iterations>
<elapsed-time>69405</elapsed-time>
<average-time>0</average-time>
</simulation>