<?xml version="1.0" encoding="UTF-8"?>
<simulation>
<software>charlie-simulation-framework; v1.0.0; Jakob Rieke</software>
<system>Unix; Unix 18.2.0.0; 18.2.0.0</system>
<datetime>7/9/2019 10:38:26 PM</datetime>
<title>Static Sensor Positioning</title>
<meta>Author: Jakob Rieke; Version v1.4.0; Deterministic: No</meta>
<configuration>
  Zoom = 40
  NumberOfSensors = 7
  NumberOfObstacles = 7
  FieldHeight = 9
  FieldWidth = 6
  PlayerSensorRange = 12
  PlayerSensorFOV = 56.3
  PlayerSize = 0.1555
  Optimizer = SPSO-2006
  </configuration>
<iteration i="0">
<sensors>[[0.47063698573038,2.50512183504179,52.8254514187574], [8.63618185627274,2.02018606569618,250.867759594694], [0.950567611958832,3.89350100280717,352.725134678185], [1.68285715277307,1.49477264843881,99.8825829382986], [0.688728417037055,2.14161559799686,117.802505772561], [5.75008658599108,2.59572298871353,17.4812319595367], [1.02521128230728,0.627626651432365,15.2049640472978]]</sensors>
<obstacles>[[0.266720260027796, 3.4511119206436], [4.68653597566299, 1.98969012731686], [5.23179360455833, 0.928151621483266], [7.15673856111243, 5.12234565708786], [0.259953459491953, 4.62803363241255], [8.64911699155346, 3.72523828083649], [2.42735442216508, 3.23681548470631]]</obstacles>
<global-best>8.06068890416383</global-best>
</iteration>
<iteration i="600">
<sensors>[[8.9997038818708,1.32858001295808,193.751139805359], [0.0492760423294493,5.91077869656358,332.736417355402], [5.82606884804121,0.0305796490680764,162.385612634902], [8.74918072906873,5.70001418649559,197.625915250958], [4.01023241259858,0.946586911602187,150.508301258096], [8.13020494042035,3.67020401587645,44.1248299233791], [0.934851915934482,1.26665733843012,25.887063004395]]</sensors>
<obstacles>[[0.266720260027796, 3.4511119206436], [4.68653597566299, 1.98969012731686], [5.23179360455833, 0.928151621483266], [7.15673856111243, 5.12234565708786], [0.259953459491953, 4.62803363241255], [8.64911699155346, 3.72523828083649], [2.42735442216508, 3.23681548470631]]</obstacles>
<global-best>0.373081364329468</global-best>
</iteration>
<iterations>600</iterations>
<elapsed-time>60624</elapsed-time>
<average-time>0</average-time>
</simulation>