<?xml version="1.0" encoding="UTF-8"?>
<simulation>
<software>charlie-simulation-framework; v1.0.0; Jakob Rieke</software>
<system>Unix; Unix 18.2.0.0; 18.2.0.0</system>
<datetime>7/9/2019 10:37:23 PM</datetime>
<title>Static Sensor Positioning</title>
<meta>Author: Jakob Rieke; Version v1.4.0; Deterministic: No</meta>
<configuration>
  Zoom = 40
  NumberOfSensors = 7
  NumberOfObstacles = 7
  FieldHeight = 9
  FieldWidth = 6
  PlayerSensorRange = 12
  PlayerSensorFOV = 56.3
  PlayerSize = 0.1555
  Optimizer = SPSO-2006
  </configuration>
<iteration i="0">
<sensors>[[7.19865439273417,2.90353518538177,209.369060928002], [0.623166737845168,3.54957666574046,42.400635285303], [2.67354398150928,4.09120539296418,349.20861851424], [0.807510376442224,5.46273907832801,2.23459267057478], [8.15252948063426,5.72789752995595,62.5046339817345], [7.37270668451674,5.76917858887464,83.0497526284307], [3.24956822837703,5.57343119988218,103.29901616089]]</sensors>
<obstacles>[[0.0935905224177986, 5.44782035658136], [7.96471459628083, 4.27491556294262], [7.04129280871712, 4.83037165738642], [7.49902185006067, 1.10211797151715], [7.70752536063083, 2.22923219902441], [8.06893613794819, 3.52041946956888], [6.97044431534596, 4.06262419000268]]</obstacles>
<global-best>11.2313096661955</global-best>
</iteration>
<iteration i="600">
<sensors>[[2.85490387556242E-06,0.837973953258622,360], [5.87796147375756,0.673373013977626,49.8903073364934], [0.00924498155119781,1.19083497194496,345.704525205436], [8.99660101615803,0.00641537494605058,118.095527694202], [0.0116185731141142,3.21606540137794,0], [6.81919210014884,5.99310622718536,208.06375189401], [7.45584884969966E-07,4.4537627682614,354.941152973022]]</sensors>
<obstacles>[[0.0935905224177986, 5.44782035658136], [7.96471459628083, 4.27491556294262], [7.04129280871712, 4.83037165738642], [7.49902185006067, 1.10211797151715], [7.70752536063083, 2.22923219902441], [8.06893613794819, 3.52041946956888], [6.97044431534596, 4.06262419000268]]</obstacles>
<global-best>0.251887062690557</global-best>
</iteration>
<iterations>600</iterations>
<elapsed-time>62836</elapsed-time>
<average-time>0</average-time>
</simulation>