<?xml version="1.0" encoding="UTF-8"?>
<simulation>
<software>charlie-simulation-framework; v1.0.0; Jakob Rieke</software>
<system>Unix; Unix 18.2.0.0; 18.2.0.0</system>
<datetime>7/9/2019 11:06:51 PM</datetime>
<title>Static Sensor Positioning</title>
<meta>Author: Jakob Rieke; Version v1.4.0; Deterministic: No</meta>
<configuration>
  Zoom = 40
  NumberOfSensors = 7
  NumberOfObstacles = 7
  FieldHeight = 9
  FieldWidth = 6
  PlayerSensorRange = 12
  PlayerSensorFOV = 56.3
  PlayerSize = 0.1555
  Optimizer = SPSO-2006
  </configuration>
<iteration i="0">
<sensors>[[1.14547959202901,2.39637507218868,21.9558717403561], [6.96155313611962,5.30023166863248,167.705110274255], [7.13128331839107,1.7800418981351,191.304972041398], [4.60458725248463,4.86521514784545,279.916048105806], [3.57988194585778,3.73482860019431,42.243351219222], [0.213924783049151,3.27455412922427,179.795280313119], [8.91717825341038,3.83498656237498,188.784449435771]]</sensors>
<obstacles>[[4.98100489913486, 4.50971459504217], [7.66668626409955, 1.21398901473731], [0.956398288020864, 0.00851268880069256], [7.27939787996002, 0.924760814756155], [6.68654848798178, 3.67757460521534], [7.43483078596182, 3.85390424123034], [8.40989617584273, 0.527238721959293]]</obstacles>
<global-best>8.26743334934052</global-best>
</iteration>
<iteration i="600">
<sensors>[[3.49945751891928,2.86735860881414,360], [8.32378984780049,4.77784551736743,204.329528074774], [6.24939903303572,0.0126009936559933,6.89054126349177], [1.56646706168861,0.0444932202540348,24.9951730224349], [6.72088870874585,0.988608726337991,87.249398531215], [1.24132562534505,0.133168985306945,78.1566420047128], [2.99670106201006,5.94682837575894,238.536787560811]]</sensors>
<obstacles>[[4.98100489913486, 4.50971459504217], [7.66668626409955, 1.21398901473731], [0.956398288020864, 0.00851268880069256], [7.27939787996002, 0.924760814756155], [6.68654848798178, 3.67757460521534], [7.43483078596182, 3.85390424123034], [8.40989617584273, 0.527238721959293]]</obstacles>
<global-best>0.684054271222988</global-best>
</iteration>
<iterations>600</iterations>
<elapsed-time>61835</elapsed-time>
<average-time>0</average-time>
</simulation>