<?xml version="1.0" encoding="UTF-8"?>
<simulation>
<software>charlie-simulation-framework; v1.0.0; Jakob Rieke</software>
<system>Unix; Unix 18.2.0.0; 18.2.0.0</system>
<datetime>7/10/2019 12:37:34 AM</datetime>
<title>Static Sensor Positioning</title>
<meta>Author: Jakob Rieke; Version v1.4.0; Deterministic: No</meta>
<configuration>
  Zoom = 40
  NumberOfSensors = 7
  NumberOfObstacles = 7
  FieldHeight = 9
  FieldWidth = 6
  PlayerSensorRange = 12
  PlayerSensorFOV = 56.3
  PlayerSize = 0.1555
  Optimizer = SPSO-2006
  </configuration>
<iteration i="0">
<sensors>[[6.54220358887687,0.462753896601498,178.97797669284], [1.88371685799211,5.85135806864128,36.5327254682779], [0.083828704431653,1.92574246320874,95.8123817201704], [7.77430201764219,2.81185004906729,337.959532560781], [1.790012054611,1.02100645098835,14.8297411110252], [6.82458358677104,2.17159259598702,57.3550595529377], [6.05740701011382,2.08685576822609,136.296639014035]]</sensors>
<obstacles>[[2.79436696367338, 2.60438670264557], [7.84651101124473, 3.1993789030239], [2.72108575073071, 3.16469927038997], [8.68377052014694, 0.582960970234126], [6.63637068355456, 0.149979894049466], [7.81455911463127, 0.703532758634537], [3.36733153508976, 3.62061814684421]]</obstacles>
<global-best>8.66439965673542</global-best>
</iteration>
<iteration i="600">
<sensors>[[8.41633198248712,5.99765740155709,207.619284222496], [0.000508740002983624,3.87792414858426,0], [6.56133287288366,4.37026924715924,299.972739088213], [0.0138334410747845,2.70140510582917,342.449128610668], [3.25620606396503,0.0207008854325007,30.6464940161864], [8.26065752054446,1.27949384984404,164.116207239476], [7.90521412572519,4.90809408627825,35.9729237267751]]</sensors>
<obstacles>[[2.79436696367338, 2.60438670264557], [7.84651101124473, 3.1993789030239], [2.72108575073071, 3.16469927038997], [8.68377052014694, 0.582960970234126], [6.63637068355456, 0.149979894049466], [7.81455911463127, 0.703532758634537], [3.36733153508976, 3.62061814684421]]</obstacles>
<global-best>0.321294449590692</global-best>
</iteration>
<iterations>600</iterations>
<elapsed-time>63465</elapsed-time>
<average-time>0</average-time>
</simulation>