<?xml version="1.0" encoding="UTF-8"?>
<simulation>
<software>charlie-simulation-framework; v1.0.0; Jakob Rieke</software>
<system>Unix; Unix 18.2.0.0; 18.2.0.0</system>
<datetime>7/9/2019 11:55:44 PM</datetime>
<title>Static Sensor Positioning</title>
<meta>Author: Jakob Rieke; Version v1.4.0; Deterministic: No</meta>
<configuration>
  Zoom = 40
  NumberOfSensors = 7
  NumberOfObstacles = 7
  FieldHeight = 9
  FieldWidth = 6
  PlayerSensorRange = 12
  PlayerSensorFOV = 56.3
  PlayerSize = 0.1555
  Optimizer = SPSO-2006
  </configuration>
<iteration i="0">
<sensors>[[4.20840366370976,1.98428498441353,55.4941653180867], [2.20485580712557,4.48046661028638,253.27641245909], [7.11173716234043,5.31651785876602,31.3665096927434], [4.8592174553778,3.99747723061591,306.389474049211], [3.00157797429711,1.48002262646332,103.794099474326], [5.89296644367278,0.00569807225838304,162.116359155625], [4.87646645656787,0.314657599199563,327.895234823227]]</sensors>
<obstacles>[[6.49541788408533, 0.813312183134258], [2.07198608131148, 5.21076734689996], [2.46443905681372, 2.41581648867577], [8.80551320454106, 2.12631841795519], [1.02671954920515, 0.196646705735475], [7.3818037903402, 3.94207287440076], [3.39208409562707, 1.79841642128304]]</obstacles>
<global-best>14.0960478406249</global-best>
</iteration>
<iteration i="600">
<sensors>[[0.0127544131663511,3.00535947112048,360], [3.77184693587409,5.88881259549789,320.554664835874], [0.016405973572948,4.89148208877045,314.956972977626], [0.000204733046624353,1.48713142497662,24.6838160097295], [8.89116779403436,0.00951231196188173,155.766973337994], [0.766610891507,1.9066659994713,97.8700846192606], [3.39595185922061,2.88983574864058,200.623233000054]]</sensors>
<obstacles>[[6.49541788408533, 0.813312183134258], [2.07198608131148, 5.21076734689996], [2.46443905681372, 2.41581648867577], [8.80551320454106, 2.12631841795519], [1.02671954920515, 0.196646705735475], [7.3818037903402, 3.94207287440076], [3.39208409562707, 1.79841642128304]]</obstacles>
<global-best>0.34705731372067</global-best>
</iteration>
<iterations>600</iterations>
<elapsed-time>58771</elapsed-time>
<average-time>0</average-time>
</simulation>