<?xml version="1.0" encoding="UTF-8"?>
<simulation>
<software>charlie-simulation-framework; v1.0.0; Jakob Rieke</software>
<system>Unix; Unix 18.2.0.0; 18.2.0.0</system>
<datetime>7/9/2019 10:47:46 PM</datetime>
<title>Static Sensor Positioning</title>
<meta>Author: Jakob Rieke; Version v1.4.0; Deterministic: No</meta>
<configuration>
  Zoom = 40
  NumberOfSensors = 7
  NumberOfObstacles = 7
  FieldHeight = 9
  FieldWidth = 6
  PlayerSensorRange = 12
  PlayerSensorFOV = 56.3
  PlayerSize = 0.1555
  Optimizer = SPSO-2006
  </configuration>
<iteration i="0">
<sensors>[[0.0360340406186879,1.60629981849343,11.7448703292757], [3.6258683167398,5.96514766383916,226.582781933248], [0.216539218090475,4.45136026572436,282.036422006786], [0.862038223072886,4.5480092195794,102.397052384913], [6.44978756597266,0.642105749342591,68.8560979720205], [1.86457589361817,5.42673719907179,314.164933199063], [0.567918162792921,0.562639899551868,350.806411011145]]</sensors>
<obstacles>[[8.52339650527574, 4.65375603083521], [5.87724719638936, 1.23867939133197], [7.87851649126969, 5.54847698751837], [4.64640559628606, 5.43837469629943], [5.96916186413728, 2.69437015196308], [0.653476940235123, 1.03605721984059], [1.09333894494921, 0.0192817831411958]]</obstacles>
<global-best>3.98200464656951</global-best>
</iteration>
<iteration i="600">
<sensors>[[0.00232082378065823,4.32902093310212,0], [0.00114960959618866,2.02708628784338,354.949374543294], [5.40433624207392,5.63799856975781,0], [0.000484589096499968,4.68143765331308,65.9635946992962], [8.99954644359365,1.26410201407707,164.536364439321], [8.99469935034024,0.588859398130285,150.84236361425], [1.48978713400642,5.98849796207603,4.69705400635403]]</sensors>
<obstacles>[[8.52339650527574, 4.65375603083521], [5.87724719638936, 1.23867939133197], [7.87851649126969, 5.54847698751837], [4.64640559628606, 5.43837469629943], [5.96916186413728, 2.69437015196308], [0.653476940235123, 1.03605721984059], [1.09333894494921, 0.0192817831411958]]</obstacles>
<global-best>0.557675760964531</global-best>
</iteration>
<iterations>600</iterations>
<elapsed-time>69239</elapsed-time>
<average-time>0</average-time>
</simulation>