<?xml version="1.0" encoding="UTF-8"?>
<simulation>
<software>charlie-simulation-framework; v1.0.0; Jakob Rieke</software>
<system>Unix; Unix 18.2.0.0; 18.2.0.0</system>
<datetime>7/9/2019 11:59:44 PM</datetime>
<title>Static Sensor Positioning</title>
<meta>Author: Jakob Rieke; Version v1.4.0; Deterministic: No</meta>
<configuration>
  Zoom = 40
  NumberOfSensors = 7
  NumberOfObstacles = 7
  FieldHeight = 9
  FieldWidth = 6
  PlayerSensorRange = 12
  PlayerSensorFOV = 56.3
  PlayerSize = 0.1555
  Optimizer = SPSO-2006
  </configuration>
<iteration i="0">
<sensors>[[2.32535975729115,1.00765062170103,153.913374580443], [0.243005100404844,5.48316331347451,321.045867260545], [0.102086608065292,5.14473611209542,332.135113840923], [3.95213640597649,0.954151223413646,89.2967917677015], [1.11627283785492,1.07826051302254,56.7540516145527], [6.28171585220844,1.98762758541852,109.529221588746], [0.333571455208585,4.38424388179556,105.369989639148]]</sensors>
<obstacles>[[8.01603403687477, 1.5921010770835], [8.79202788532712, 4.25699478574097], [5.85900510312058, 1.40875807777047], [7.53219044697471, 4.93136120773852], [2.40343406936154, 2.27848706999794], [7.24311295850202, 1.97219013562426], [4.42732018860988, 3.65614325227216]]</obstacles>
<global-best>10.6629715361995</global-best>
</iteration>
<iteration i="600">
<sensors>[[6.01763359375564,0.00132723919289356,48.7241822077216], [5.08427814954769,5.99999295338215,197.056944396774], [4.67445539192694,3.86280820422181,350.386874810506], [0.0631284077984597,1.66835771418975,360], [8.20282377947263,3.0630214971579,192.632819521454], [1.46929440782228,1.78381792369112,352.58260111258], [1.07449026566978,3.83853841734225,0]]</sensors>
<obstacles>[[8.01603403687477, 1.5921010770835], [8.79202788532712, 4.25699478574097], [5.85900510312058, 1.40875807777047], [7.53219044697471, 4.93136120773852], [2.40343406936154, 2.27848706999794], [7.24311295850202, 1.97219013562426], [4.42732018860988, 3.65614325227216]]</obstacles>
<global-best>0.459220565110906</global-best>
</iteration>
<iterations>600</iterations>
<elapsed-time>59802</elapsed-time>
<average-time>0</average-time>
</simulation>