<?xml version="1.0" encoding="UTF-8"?>
<simulation>
<software>charlie-simulation-framework; v1.0.0; Jakob Rieke</software>
<system>Unix; Unix 18.2.0.0; 18.2.0.0</system>
<datetime>7/9/2019 10:40:33 PM</datetime>
<title>Static Sensor Positioning</title>
<meta>Author: Jakob Rieke; Version v1.4.0; Deterministic: No</meta>
<configuration>
  Zoom = 40
  NumberOfSensors = 7
  NumberOfObstacles = 7
  FieldHeight = 9
  FieldWidth = 6
  PlayerSensorRange = 12
  PlayerSensorFOV = 56.3
  PlayerSize = 0.1555
  Optimizer = SPSO-2006
  </configuration>
<iteration i="0">
<sensors>[[4.66645388281904,3.63741595996544,288.100578244776], [1.56930187577382,4.1127803795971,142.578736804426], [6.15918159973808,1.80635678116232,326.308051133528], [5.11266499897465,0.654733139555901,118.924491824582], [0.487050885334611,1.93484899727628,286.8246298749], [8.45593734132126,4.85381787316874,246.061073318124], [1.86023488291539,0.807825016323477,37.4369951058179]]</sensors>
<obstacles>[[6.62018488277681, 2.92906982218847], [7.78713023127057, 3.13804170303047], [5.91375933447853, 4.22326189884916], [0.909703554119915, 2.30561954621226], [1.58877603546716, 5.09527623932809], [5.52881530160084, 0.972584301140159], [8.64229960623197, 4.18240815773606]]</obstacles>
<global-best>10.4596386188736</global-best>
</iteration>
<iteration i="600">
<sensors>[[1.80514760591318,5.99967854041318,333.757964085637], [0.0174213290053902,5.63269693573167,295.377415380829], [0.486777420310139,4.81617445346869,184.304875442768], [7.22273130192846,0.0540601336069298,158.438542962644], [2.40971776265992,0.490031593185594,108.710157667346], [0.666339367918969,1.06621200399193,359.957192081021], [8.99482115938735,3.0472699950921,171.691961473147]]</sensors>
<obstacles>[[6.62018488277681, 2.92906982218847], [7.78713023127057, 3.13804170303047], [5.91375933447853, 4.22326189884916], [0.909703554119915, 2.30561954621226], [1.58877603546716, 5.09527623932809], [5.52881530160084, 0.972584301140159], [8.64229960623197, 4.18240815773606]]</obstacles>
<global-best>0.256858849988358</global-best>
</iteration>
<iterations>600</iterations>
<elapsed-time>74399</elapsed-time>
<average-time>0</average-time>
</simulation>