<?xml version="1.0" encoding="UTF-8"?>
<simulation>
<software>charlie-simulation-framework; v1.0.0; Jakob Rieke</software>
<system>Unix; Unix 18.2.0.0; 18.2.0.0</system>
<datetime>7/10/2019 12:45:02 AM</datetime>
<title>Static Sensor Positioning</title>
<meta>Author: Jakob Rieke; Version v1.4.0; Deterministic: No</meta>
<configuration>
  Zoom = 40
  NumberOfSensors = 7
  NumberOfObstacles = 7
  FieldHeight = 9
  FieldWidth = 6
  PlayerSensorRange = 12
  PlayerSensorFOV = 56.3
  PlayerSize = 0.1555
  Optimizer = SPSO-2006
  </configuration>
<iteration i="0">
<sensors>[[3.96989946509711,3.36635902896523,183.88353003189], [2.05987977585755,2.43831455893815,297.131369970739], [4.09952497738414,4.23279719240963,354.807363711298], [8.02896934607998,5.51557637890801,217.000851575285], [5.0145733107347,0.499406724236906,132.960296301171], [3.42663068370894,4.67892895080149,178.133981321007], [5.8921774236951,1.25649793725461,20.5211969465017]]</sensors>
<obstacles>[[1.50066807609983, 4.05057222442701], [4.98116211011074, 3.30522976303473], [5.91547322412953, 2.87360137933865], [3.36892664269544, 3.42063915543258], [3.95773047348484, 1.6775905075483], [4.51915639755316, 5.03257959662005], [5.03458841750398, 1.55426156613976]]</obstacles>
<global-best>13.8018926249825</global-best>
</iteration>
<iteration i="600">
<sensors>[[5.38110938930765E-08,3.09812406339785,360], [6.4907052162935,1.41778421947534,172.160207698218], [8.99869429798725,2.71904573499964,167.905358196634], [4.20586722761595,5.54739197503282,357.66101922983], [0.00367977348086013,0.564176277994446,12.1490303470408], [0.01704719621025,5.24988899442502,348.590696996915], [4.75865609673773,5.9868651003593,43.0801320133366]]</sensors>
<obstacles>[[1.50066807609983, 4.05057222442701], [4.98116211011074, 3.30522976303473], [5.91547322412953, 2.87360137933865], [3.36892664269544, 3.42063915543258], [3.95773047348484, 1.6775905075483], [4.51915639755316, 5.03257959662005], [5.03458841750398, 1.55426156613976]]</obstacles>
<global-best>0.352046556920091</global-best>
</iteration>
<iterations>600</iterations>
<elapsed-time>68550</elapsed-time>
<average-time>0</average-time>
</simulation>