<?xml version="1.0" encoding="UTF-8"?>
<simulation>
<software>charlie-simulation-framework; v1.0.0; Jakob Rieke</software>
<system>Unix; Unix 18.2.0.0; 18.2.0.0</system>
<datetime>7/9/2019 11:18:20 PM</datetime>
<title>Static Sensor Positioning</title>
<meta>Author: Jakob Rieke; Version v1.4.0; Deterministic: No</meta>
<configuration>
  Zoom = 40
  NumberOfSensors = 7
  NumberOfObstacles = 7
  FieldHeight = 9
  FieldWidth = 6
  PlayerSensorRange = 12
  PlayerSensorFOV = 56.3
  PlayerSize = 0.1555
  Optimizer = SPSO-2006
  </configuration>
<iteration i="0">
<sensors>[[6.97358686057851,4.50858854781836,283.507696548477], [0.311641270061955,2.12963809166104,358.892736509442], [2.30729120713659,2.34468152280897,318.764749243855], [4.24845552141778,4.48861826816574,46.1869644932449], [1.31591971730813,0.0411433498375118,25.4867436736822], [1.06281973561272,2.72094230633229,231.680208519101], [8.7639330199454,2.13385278638452,192.212721006945]]</sensors>
<obstacles>[[6.13284304691479, 2.90666502155364], [3.68955141445622, 0.748353146016598], [4.58043414261192, 5.36827990785241], [4.17171430285089, 3.61278713867068], [6.39880704972893, 2.11929348343983], [2.61010173149407, 5.40286989044398], [1.13726697606035, 1.8447812916711]]</obstacles>
<global-best>12.8985630335597</global-best>
</iteration>
<iteration i="600">
<sensors>[[1.52963111458374,1.92793075105891,10.1463975390731], [8.9998346935911,2.06310673671054,169.910293656294], [8.99771622279561,5.96180883945141,197.352580033359], [7.53384922266924,8.64897127443643E-05,263.138804253096], [0.715502392901548,0.101798717721672,26.4924210933839], [0.967806119163168,5.10579935756031,273.533803143716], [0.0112911618771652,3.53716716835555,62.5406122452052]]</sensors>
<obstacles>[[6.13284304691479, 2.90666502155364], [3.68955141445622, 0.748353146016598], [4.58043414261192, 5.36827990785241], [4.17171430285089, 3.61278713867068], [6.39880704972893, 2.11929348343983], [2.61010173149407, 5.40286989044398], [1.13726697606035, 1.8447812916711]]</obstacles>
<global-best>0.287386972379814</global-best>
</iteration>
<iterations>600</iterations>
<elapsed-time>66630</elapsed-time>
<average-time>0</average-time>
</simulation>