<?xml version="1.0" encoding="UTF-8"?>
<simulation>
<software>charlie-simulation-framework; v1.0.0; Jakob Rieke</software>
<system>Unix; Unix 18.2.0.0; 18.2.0.0</system>
<datetime>7/10/2019 12:49:36 AM</datetime>
<title>Static Sensor Positioning</title>
<meta>Author: Jakob Rieke; Version v1.4.0; Deterministic: No</meta>
<configuration>
  Zoom = 40
  NumberOfSensors = 7
  NumberOfObstacles = 7
  FieldHeight = 9
  FieldWidth = 6
  PlayerSensorRange = 12
  PlayerSensorFOV = 56.3
  PlayerSize = 0.1555
  Optimizer = SPSO-2006
  </configuration>
<iteration i="0">
<sensors>[[7.79871028731577,5.89375092973933,201.965639172122], [0.757530581904575,2.67855582665652,183.379738004878], [1.10483359987848,1.62351226061583,71.1613398604095], [6.94999422552064,1.11803690018132,0.74325461871922], [6.22421687026508,5.92848018603399,294.911126950756], [4.65094597265124,5.75440537557006,144.607707476243], [7.46514554601163,3.94039388140664,228.804379133508]]</sensors>
<obstacles>[[5.10046174214222, 2.23621397512034], [4.61255368567072, 3.7630002675578], [4.31401847675443, 3.95702010998502], [6.39499486167915, 2.42279208032414], [2.24762473837473, 0.289045326411724], [2.55130974669009, 2.44363521924242], [1.50106331845745, 1.88860756717622]]</obstacles>
<global-best>11.0314183232055</global-best>
</iteration>
<iteration i="600">
<sensors>[[8.99996254671618,1.65388019312912,158.090612117659], [7.76864850481508,5.39019238102469,197.056867359999], [6.60760401607336,4.1480728885801,5.71578990929822], [3.17355304683512E-05,4.17874483902313,0.012874536726971], [4.07746515729728,5.97216196767491,249.71199576179], [8.99980957457906,4.39771368128541,202.950083337685], [3.51871726750581,0.00131532926276802,27.4800635857297]]</sensors>
<obstacles>[[5.10046174214222, 2.23621397512034], [4.61255368567072, 3.7630002675578], [4.31401847675443, 3.95702010998502], [6.39499486167915, 2.42279208032414], [2.24762473837473, 0.289045326411724], [2.55130974669009, 2.44363521924242], [1.50106331845745, 1.88860756717622]]</obstacles>
<global-best>0.258855468999985</global-best>
</iteration>
<iterations>600</iterations>
<elapsed-time>69153</elapsed-time>
<average-time>0</average-time>
</simulation>