<?xml version="1.0" encoding="UTF-8"?>
<simulation>
<software>charlie-simulation-framework; v1.0.0; Jakob Rieke</software>
<system>Unix; Unix 18.2.0.0; 18.2.0.0</system>
<datetime>7/9/2019 11:40:59 PM</datetime>
<title>Static Sensor Positioning</title>
<meta>Author: Jakob Rieke; Version v1.4.0; Deterministic: No</meta>
<configuration>
  Zoom = 40
  NumberOfSensors = 7
  NumberOfObstacles = 7
  FieldHeight = 9
  FieldWidth = 6
  PlayerSensorRange = 12
  PlayerSensorFOV = 56.3
  PlayerSize = 0.1555
  Optimizer = SPSO-2006
  </configuration>
<iteration i="0">
<sensors>[[1.05709266406484,3.61151242163032,8.06113419122994], [0.184811223065481,1.82081749197096,353.007990717888], [3.01070465985686,0.0492307269014418,129.632009183988], [6.08099372126162,4.51202397700399,110.008955709636], [7.9511963382829,2.41519539663568,215.582067947835], [2.84760710690171,3.80898853763938,219.0975505393], [2.85519323847257,4.49160655913875,84.9220665358007]]</sensors>
<obstacles>[[2.22220530314371, 4.72472519008443], [8.98903833352961, 0.327444847673178], [3.76814909884706, 0.67555386107415], [0.305492421146482, 5.62723983312026], [6.75848818570375, 1.59352775802836], [3.87206557695754, 1.47245806921273], [4.11795674473979, 4.11957055097446]]</obstacles>
<global-best>8.37199239512409</global-best>
</iteration>
<iteration i="600">
<sensors>[[8.04608294142294,5.14810628655307,231.893087828073], [0.146091296163091,0.617960902950036,15.5756669053553], [8.83186447302082,5.78100304194523,203.523163410097], [1.1713906234462,1.1801514329429,106.46557313587], [0.0277649820043,3.04386284136337,352.477087872516], [0.00479755899438465,4.1313494204169,360], [1.41042026731359,0.00746629938497437,20.665160114285]]</sensors>
<obstacles>[[2.22220530314371, 4.72472519008443], [8.98903833352961, 0.327444847673178], [3.76814909884706, 0.67555386107415], [0.305492421146482, 5.62723983312026], [6.75848818570375, 1.59352775802836], [3.87206557695754, 1.47245806921273], [4.11795674473979, 4.11957055097446]]</obstacles>
<global-best>0.332929469753459</global-best>
</iteration>
<iterations>600</iterations>
<elapsed-time>62425</elapsed-time>
<average-time>0</average-time>
</simulation>