<?xml version="1.0" encoding="UTF-8"?>
<simulation>
<software>charlie-simulation-framework; v1.0.0; Jakob Rieke</software>
<system>Unix; Unix 18.2.0.0; 18.2.0.0</system>
<datetime>7/10/2019 12:38:37 AM</datetime>
<title>Static Sensor Positioning</title>
<meta>Author: Jakob Rieke; Version v1.4.0; Deterministic: No</meta>
<configuration>
  Zoom = 40
  NumberOfSensors = 7
  NumberOfObstacles = 7
  FieldHeight = 9
  FieldWidth = 6
  PlayerSensorRange = 12
  PlayerSensorFOV = 56.3
  PlayerSize = 0.1555
  Optimizer = SPSO-2006
  </configuration>
<iteration i="0">
<sensors>[[1.35578290047124,1.64190041832626,296.752394959331], [7.87316024140455,1.96942432271317,18.427959876135], [8.58930655522272,5.87794948322698,205.804334823042], [3.59242583904415,0.424618565943092,8.40555924922228], [7.44204210187308,1.10212085070089,250.794408135116], [4.82724971277639,0.944164181593806,49.1953772306442], [7.86723614274524,1.62229212373495,290.442780889571]]</sensors>
<obstacles>[[4.54444483411498, 1.21793744293973], [6.39171165763401, 3.08541035559028], [5.28750691004097, 4.97661960264668], [0.308083108160645, 2.88454659841955], [7.36058242502622, 3.09890213236213], [5.99545377376489, 4.94562073471025], [1.18342715199105, 3.85807076655328]]</obstacles>
<global-best>10.7197041037045</global-best>
</iteration>
<iteration i="600">
<sensors>[[8.81791780233326,0.0549409176911932,100.087249867974], [8.99986463018135,0.371703843687032,161.318187421489], [5.59514978938715E-06,0.319711076510374,60.0241807789989], [0.000107630283774402,5.96215292980056,327.361776641557], [3.21658068746457,3.56999296777974,318.410980800432], [0.00283365422551942,5.07957393545199,291.89755037186], [8.77668688201352,5.78810423668154,202.23207661211]]</sensors>
<obstacles>[[4.54444483411498, 1.21793744293973], [6.39171165763401, 3.08541035559028], [5.28750691004097, 4.97661960264668], [0.308083108160645, 2.88454659841955], [7.36058242502622, 3.09890213236213], [5.99545377376489, 4.94562073471025], [1.18342715199105, 3.85807076655328]]</obstacles>
<global-best>0.101088644984197</global-best>
</iteration>
<iterations>600</iterations>
<elapsed-time>62889</elapsed-time>
<average-time>0</average-time>
</simulation>