<?xml version="1.0" encoding="UTF-8"?>
<simulation>
<software>charlie-simulation-framework; v1.0.0; Jakob Rieke</software>
<system>Unix; Unix 18.2.0.0; 18.2.0.0</system>
<datetime>7/10/2019 12:40:39 AM</datetime>
<title>Static Sensor Positioning</title>
<meta>Author: Jakob Rieke; Version v1.4.0; Deterministic: No</meta>
<configuration>
  Zoom = 40
  NumberOfSensors = 7
  NumberOfObstacles = 7
  FieldHeight = 9
  FieldWidth = 6
  PlayerSensorRange = 12
  PlayerSensorFOV = 56.3
  PlayerSize = 0.1555
  Optimizer = SPSO-2006
  </configuration>
<iteration i="0">
<sensors>[[5.92321661277674,3.97734531853348,170.644076680765], [0.329289899440482,0.979241293855011,24.1890865098685], [2.49381367745809,2.55264459270984,93.330556852743], [2.47793011972681,5.96926612453535,105.371235441417], [8.03396368422545,5.10088581126183,231.682425364852], [7.72926577948965,2.65574794029817,307.698538396508], [3.23445884836838,3.99288937496021,36.9298092462122]]</sensors>
<obstacles>[[5.42073849309236, 1.24887726735324], [5.98801242071204, 1.36737681319937], [4.20790190203115, 4.64382542297244], [5.4421499306336, 5.59971415065229], [6.00717823323794, 0.449081839062274], [5.29903864650987, 2.15444907266647], [3.93067873385735, 3.54794617183506]]</obstacles>
<global-best>8.97369792482776</global-best>
</iteration>
<iteration i="600">
<sensors>[[8.99523894988855,5.0229009490559,184.737441837355], [4.33829598228936,0.00499878304610866,126.951334496344], [0.0148626073007681,2.79166985366803,0], [0.0322589580457881,0.608437259511822,0], [6.59141080960641,4.48164927608773,286.373914212036], [5.14970341969809,5.97660324600175,260.00002000342], [1.66683752138869,4.2801448053487,25.5040496127751]]</sensors>
<obstacles>[[5.42073849309236, 1.24887726735324], [5.98801242071204, 1.36737681319937], [4.20790190203115, 4.64382542297244], [5.4421499306336, 5.59971415065229], [6.00717823323794, 0.449081839062274], [5.29903864650987, 2.15444907266647], [3.93067873385735, 3.54794617183506]]</obstacles>
<global-best>0.354479985836422</global-best>
</iteration>
<iterations>600</iterations>
<elapsed-time>65876</elapsed-time>
<average-time>0</average-time>
</simulation>