<?xml version="1.0" encoding="UTF-8"?>
<simulation>
<software>charlie-simulation-framework; v1.0.0; Jakob Rieke</software>
<system>Unix; Unix 18.2.0.0; 18.2.0.0</system>
<datetime>7/9/2019 11:04:33 PM</datetime>
<title>Static Sensor Positioning</title>
<meta>Author: Jakob Rieke; Version v1.4.0; Deterministic: No</meta>
<configuration>
  Zoom = 40
  NumberOfSensors = 7
  NumberOfObstacles = 7
  FieldHeight = 9
  FieldWidth = 6
  PlayerSensorRange = 12
  PlayerSensorFOV = 56.3
  PlayerSize = 0.1555
  Optimizer = SPSO-2006
  </configuration>
<iteration i="0">
<sensors>[[0.594268806511536,1.83335113199428,37.7354684751481], [8.64988699927926,2.49837054172531,201.842378340662], [3.01307679712772,2.8342584525235,187.736805081367], [6.83597511285916,0.672029858920723,182.290239371359], [7.04879897064529,4.00142963742837,209.168984983116], [5.3651884670835,5.39660745905712,172.939232038334], [7.56454322696663,4.59617659589276,259.487884249538]]</sensors>
<obstacles>[[5.55624413257465, 3.40942561207339], [0.848261134000495, 4.79069159785286], [8.08799628191628, 4.25956717366353], [1.95986372628249, 1.01864458993077], [0.418131271144375, 5.50832258351147], [5.21728663821705, 2.98801289917901], [7.19669311121106, 2.60032598348334]]</obstacles>
<global-best>7.73354736021186</global-best>
</iteration>
<iteration i="600">
<sensors>[[8.10445657359574,5.92307243402527,193.989333589554], [8.9998005598544,3.8920196702848,166.577016470859], [0.0734323824269521,0.0153790627418987,7.67330304979542], [0.00774621658150922,3.02323763408747,0], [4.80369279924425,5.92932308903638,315.289043501874], [8.97078959064159,0.0164473220016912,152.314435152524], [0.965951320312006,0.0510930212769596,73.4192136917894]]</sensors>
<obstacles>[[5.55624413257465, 3.40942561207339], [0.848261134000495, 4.79069159785286], [8.08799628191628, 4.25956717366353], [1.95986372628249, 1.01864458993077], [0.418131271144375, 5.50832258351147], [5.21728663821705, 2.98801289917901], [7.19669311121106, 2.60032598348334]]</obstacles>
<global-best>0.159676996668103</global-best>
</iteration>
<iterations>600</iterations>
<elapsed-time>70589</elapsed-time>
<average-time>0</average-time>
</simulation>