<?xml version="1.0" encoding="UTF-8"?>
<simulation>
<software>charlie-simulation-framework; v1.0.0; Jakob Rieke</software>
<system>Unix; Unix 18.2.0.0; 18.2.0.0</system>
<datetime>7/9/2019 10:36:14 PM</datetime>
<title>Static Sensor Positioning</title>
<meta>Author: Jakob Rieke; Version v1.4.0; Deterministic: No</meta>
<configuration>
  Zoom = 40
  NumberOfSensors = 7
  NumberOfObstacles = 7
  FieldHeight = 9
  FieldWidth = 6
  PlayerSensorRange = 12
  PlayerSensorFOV = 56.3
  PlayerSize = 0.1555
  Optimizer = SPSO-2006
  </configuration>
<iteration i="0">
<sensors>[[8.76281921798363,4.5614411230199,203.252318641171], [6.42747460864484,5.53567230748013,353.916776021943], [2.7402902750764,2.61829920904711,358.263647435233], [2.08413630793802,1.61974649364129,105.885792011395], [4.7448390671052,5.65394892822951,18.3955421112478], [0.409475872758776,4.15368178999051,58.6886516120285], [0.621473649982363,4.66222800454125,39.1205428540707]]</sensors>
<obstacles>[[0.587826840346679, 5.77277415711433], [8.69949785387143, 4.12351553421468], [3.28888496593572, 1.71375290164724], [2.23148439684883, 4.93325848365203], [1.76631080685183, 4.34302808856592], [5.2376625481993, 0.123035274446011], [6.34775037341751, 0.0817281058989465]]</obstacles>
<global-best>7.55329302717945</global-best>
</iteration>
<iteration i="600">
<sensors>[[3.05826502589268E-05,5.05660406164844,358.0024280704], [0.968504273112735,1.45779893774854,96.069710114461], [1.52614369463102,3.16380487070669,350.56998183335], [4.32137082850056,1.44345728446956E-07,30.5976793146427], [7.83753481642807,2.55621189109917,219.196991715289], [7.93665513464159,5.99997486395756,211.094079964329], [3.37285515618669,0.00027142858363287,156.041095683296]]</sensors>
<obstacles>[[0.587826840346679, 5.77277415711433], [8.69949785387143, 4.12351553421468], [3.28888496593572, 1.71375290164724], [2.23148439684883, 4.93325848365203], [1.76631080685183, 4.34302808856592], [5.2376625481993, 0.123035274446011], [6.34775037341751, 0.0817281058989465]]</obstacles>
<global-best>0.414940639774445</global-best>
</iteration>
<iterations>600</iterations>
<elapsed-time>69116</elapsed-time>
<average-time>0</average-time>
</simulation>