<?xml version="1.0" encoding="UTF-8"?>
<simulation>
<software>charlie-simulation-framework; v1.0.0; Jakob Rieke</software>
<system>Unix; Unix 18.2.0.0; 18.2.0.0</system>
<datetime>7/9/2019 11:36:39 PM</datetime>
<title>Static Sensor Positioning</title>
<meta>Author: Jakob Rieke; Version v1.4.0; Deterministic: No</meta>
<configuration>
  Zoom = 40
  NumberOfSensors = 7
  NumberOfObstacles = 7
  FieldHeight = 9
  FieldWidth = 6
  PlayerSensorRange = 12
  PlayerSensorFOV = 56.3
  PlayerSize = 0.1555
  Optimizer = SPSO-2006
  </configuration>
<iteration i="0">
<sensors>[[0.943569734925404,0.543891653884202,97.7718695160002], [7.90462966728956,4.30879372218624,250.402318211272], [8.65836983732879,5.85697159962729,224.437361061573], [6.68295816262253,3.46044853096828,50.2626821771264], [5.39210535027087,4.29583672480658,38.0738279689103], [0.773173627210781,5.00885340571404,117.339942147955], [8.16188696608879,1.18625303311273,155.367233036086]]</sensors>
<obstacles>[[4.61928781564347, 0.487627610564232], [3.15724271535873, 1.30243939859793], [0.563251997111365, 3.75711828796193], [2.37228476302698, 2.49923160905018], [4.04845964885317, 2.52755317557603], [1.44535662210546, 4.02092960150912], [1.43670585681684, 2.79996682936326]]</obstacles>
<global-best>8.82794120185627</global-best>
</iteration>
<iteration i="600">
<sensors>[[0.024475149297533,5.65500388545945,350.46863553878], [8.99903241889177,5.9880229140942,207.533375304295], [0.400148774134017,0.766336071648407,80.9404841377698], [1.52713468771217,4.61740762295991,308.77477114125], [0.0144739721717581,2.50115348502981,330.867168098619], [5.01206945856837,1.45668226024361,324.930334969105], [3.1950933137009,1.71033599574534,205.138067317659]]</sensors>
<obstacles>[[4.61928781564347, 0.487627610564232], [3.15724271535873, 1.30243939859793], [0.563251997111365, 3.75711828796193], [2.37228476302698, 2.49923160905018], [4.04845964885317, 2.52755317557603], [1.44535662210546, 4.02092960150912], [1.43670585681684, 2.79996682936326]]</obstacles>
<global-best>0.500820202364844</global-best>
</iteration>
<iterations>600</iterations>
<elapsed-time>65416</elapsed-time>
<average-time>0</average-time>
</simulation>