<?xml version="1.0" encoding="UTF-8"?>
<simulation>
<software>charlie-simulation-framework; v1.0.0; Jakob Rieke</software>
<system>Unix; Unix 18.2.0.0; 18.2.0.0</system>
<datetime>7/10/2019 12:50:45 AM</datetime>
<title>Static Sensor Positioning</title>
<meta>Author: Jakob Rieke; Version v1.4.0; Deterministic: No</meta>
<configuration>
  Zoom = 40
  NumberOfSensors = 7
  NumberOfObstacles = 7
  FieldHeight = 9
  FieldWidth = 6
  PlayerSensorRange = 12
  PlayerSensorFOV = 56.3
  PlayerSize = 0.1555
  Optimizer = SPSO-2006
  </configuration>
<iteration i="0">
<sensors>[[1.10827151918784,3.59891898790374,314.646952226758], [1.27291339379735,0.822846845258027,249.193401010707], [2.80372532084584,0.118166645988822,17.3793120402843], [0.682362365769222,0.462101323530078,2.82127384096384], [1.78843925124966,0.869855306111276,33.9610995724797], [1.36870029964484,4.17997228307649,194.035334251821], [4.57027238211595,5.38903366215527,181.995483711362]]</sensors>
<obstacles>[[3.81776128616184, 4.46107803471386], [7.60008390457369, 1.36799761187285], [7.22471061581746, 3.69092522235587], [5.07516957982443, 2.67628413252532], [6.44153772806749, 5.0397962979041], [4.80074177007191, 4.22385582793504], [8.82776101143099, 5.49082640837878]]</obstacles>
<global-best>10.3060611966659</global-best>
</iteration>
<iteration i="600">
<sensors>[[0.164389967904524,2.76981688098033,360], [3.75282410855593,2.40559664025676,240.589942131065], [8.9959474526943,0.800451175375425,132.814639616558], [8.99764655162812,4.33188413625444,171.609186193389], [0.0144436879343206,5.85278714956485,0.058155916670396], [3.16618258603845,0.00222678440911176,360], [8.99801736801419,2.29343693303904,177.604873153979]]</sensors>
<obstacles>[[3.81776128616184, 4.46107803471386], [7.60008390457369, 1.36799761187285], [7.22471061581746, 3.69092522235587], [5.07516957982443, 2.67628413252532], [6.44153772806749, 5.0397962979041], [4.80074177007191, 4.22385582793504], [8.82776101143099, 5.49082640837878]]</obstacles>
<global-best>0.149434485062516</global-best>
</iteration>
<iterations>600</iterations>
<elapsed-time>78662</elapsed-time>
<average-time>0</average-time>
</simulation>