<?xml version="1.0" encoding="UTF-8"?>
<simulation>
<software>charlie-simulation-framework; v1.0.0; Jakob Rieke</software>
<system>Unix; Unix 18.2.0.0; 18.2.0.0</system>
<datetime>7/9/2019 10:55:46 PM</datetime>
<title>Static Sensor Positioning</title>
<meta>Author: Jakob Rieke; Version v1.4.0; Deterministic: No</meta>
<configuration>
  Zoom = 40
  NumberOfSensors = 7
  NumberOfObstacles = 7
  FieldHeight = 9
  FieldWidth = 6
  PlayerSensorRange = 12
  PlayerSensorFOV = 56.3
  PlayerSize = 0.1555
  Optimizer = SPSO-2006
  </configuration>
<iteration i="0">
<sensors>[[4.38824523962103,4.87907381728292,233.837994122878], [7.66342109581456,0.699002768844366,283.332345625386], [1.38759235292673,4.76485938113183,326.049887342379], [3.06900477991439,4.03310570167378,239.896896416321], [4.96329490793869,0.364057674072683,77.501832190901], [8.66795656573959,3.40125951496884,292.174593145028], [1.25561779551208,5.50057223858312,354.016164103523]]</sensors>
<obstacles>[[2.3127343186643, 5.17996321432292], [4.06370889558457, 1.84814512962475], [6.11862608813681, 3.45367708895355], [0.141852458473295, 1.7507325746119], [8.82110417308286, 1.81315768975765], [4.30584622593597, 5.97522537130862], [0.795373713830486, 4.45275550615042]]</obstacles>
<global-best>9.33969318602095</global-best>
</iteration>
<iteration i="600">
<sensors>[[0.00374513358424326,0.000965579708346316,355.759180766545], [1.01356536229268,5.99936615808012,332.141442803732], [3.16362431422746,4.00944153215091,329.314131284384], [3.93227676295516,0.0721363125681085,113.364752330325], [8.99689138463359,0.00510410981542753,153.968636105671], [3.4844784260799,5.13380621571041,358.583685604785], [8.99999962740071,3.23509702833173,171.610364201411]]</sensors>
<obstacles>[[2.3127343186643, 5.17996321432292], [4.06370889558457, 1.84814512962475], [6.11862608813681, 3.45367708895355], [0.141852458473295, 1.7507325746119], [8.82110417308286, 1.81315768975765], [4.30584622593597, 5.97522537130862], [0.795373713830486, 4.45275550615042]]</obstacles>
<global-best>0.156552869915354</global-best>
</iteration>
<iterations>600</iterations>
<elapsed-time>63803</elapsed-time>
<average-time>0</average-time>
</simulation>