<?xml version="1.0" encoding="UTF-8"?>
<simulation>
<software>charlie-simulation-framework; v1.0.0; Jakob Rieke</software>
<system>Unix; Unix 18.2.0.0; 18.2.0.0</system>
<datetime>7/9/2019 11:15:04 PM</datetime>
<title>Static Sensor Positioning</title>
<meta>Author: Jakob Rieke; Version v1.4.0; Deterministic: No</meta>
<configuration>
  Zoom = 40
  NumberOfSensors = 7
  NumberOfObstacles = 7
  FieldHeight = 9
  FieldWidth = 6
  PlayerSensorRange = 12
  PlayerSensorFOV = 56.3
  PlayerSize = 0.1555
  Optimizer = SPSO-2006
  </configuration>
<iteration i="0">
<sensors>[[6.61239305511117,5.20206923503429,297.979824598879], [4.66125443321653,4.55497472919524,245.992183210328], [4.69655944104306,2.46920976648107,199.541328493506], [0.285879700211808,1.25568701326847,139.147967509925], [0.608581358799711,0.924019883852452,45.4306124802679], [4.40723665407859,5.65940556814894,144.308899249882], [8.33389047975652,0.0385192539542913,169.699848750606]]</sensors>
<obstacles>[[5.27637047460303, 3.03939740080386], [5.92070656805299, 2.14717252738774], [8.33812382910401, 5.75541789131239], [5.98901370400563, 4.17383750947192], [0.617337845033035, 2.67226086789742], [3.04293352179229, 3.7280052783899], [3.93802521005273, 5.65102096041664]]</obstacles>
<global-best>8.91803928049378</global-best>
</iteration>
<iteration i="600">
<sensors>[[6.50898905242687,4.60114691170048,0], [0.926391704939183,2.70739518094369,342.134581035805], [8.9982595914517,1.87134962830467,181.816924848431], [3.92578936453836,2.72464551281661,143.682864144517], [4.60233838278501,0.0449962700587615,134.211283999065], [0.535271214102568,4.68707787595584,3.39529025754451], [8.97821413429064,4.10950815501808,166.786731383085]]</sensors>
<obstacles>[[5.27637047460303, 3.03939740080386], [5.92070656805299, 2.14717252738774], [8.33812382910401, 5.75541789131239], [5.98901370400563, 4.17383750947192], [0.617337845033035, 2.67226086789742], [3.04293352179229, 3.7280052783899], [3.93802521005273, 5.65102096041664]]</obstacles>
<global-best>0.484043636789401</global-best>
</iteration>
<iterations>600</iterations>
<elapsed-time>63716</elapsed-time>
<average-time>0</average-time>
</simulation>