<?xml version="1.0" encoding="UTF-8"?>
<simulation>
<software>charlie-simulation-framework; v1.0.0; Jakob Rieke</software>
<system>Unix; Unix 18.2.0.0; 18.2.0.0</system>
<datetime>7/9/2019 11:56:43 PM</datetime>
<title>Static Sensor Positioning</title>
<meta>Author: Jakob Rieke; Version v1.4.0; Deterministic: No</meta>
<configuration>
  Zoom = 40
  NumberOfSensors = 7
  NumberOfObstacles = 7
  FieldHeight = 9
  FieldWidth = 6
  PlayerSensorRange = 12
  PlayerSensorFOV = 56.3
  PlayerSize = 0.1555
  Optimizer = SPSO-2006
  </configuration>
<iteration i="0">
<sensors>[[4.6672109363135,1.80880710901693,293.510920051485], [0.180017390521243,0.090377127751708,15.642028581351], [7.79248954891227,4.62263581948355,151.722538461909], [8.07857562834397,5.7493034102954,204.596456810832], [8.44029826903716,1.55881250929087,159.111544266343], [8.37783906119876,2.19589560572058,113.972864588723], [2.36609953036532,1.48559807008132,228.234438635409]]</sensors>
<obstacles>[[1.88764388440177, 4.95593421813101], [0.462201844900846, 5.70011695241556], [4.50983615708537, 0.204524308908731], [7.83794001024216, 5.34223387436941], [7.72706547332928, 5.0356028820388], [1.29165205406025, 1.10568577889353], [6.13489675987512, 5.44922797428444]]</obstacles>
<global-best>3.52896232114483</global-best>
</iteration>
<iteration i="600">
<sensors>[[7.35745974221039,4.70935256476632,195.543353460808], [1.320810933285,3.94155777958896,313.560099223518], [0.863053474556993,5.4590826367425,157.29535868888], [8.99647595025127,0.517329739946612,160.943798439595], [0.0976327721381265,2.12648074313809,11.2588570339626], [3.49145219935558,5.99995297165938,0], [6.45627255410522,1.16771696350071,76.9226209686133]]</sensors>
<obstacles>[[1.88764388440177, 4.95593421813101], [0.462201844900846, 5.70011695241556], [4.50983615708537, 0.204524308908731], [7.83794001024216, 5.34223387436941], [7.72706547332928, 5.0356028820388], [1.29165205406025, 1.10568577889353], [6.13489675987512, 5.44922797428444]]</obstacles>
<global-best>0.629636370633853</global-best>
</iteration>
<iterations>600</iterations>
<elapsed-time>57740</elapsed-time>
<average-time>0</average-time>
</simulation>