<?xml version="1.0" encoding="UTF-8"?>
<simulation>
<software>charlie-simulation-framework; v1.0.0; Jakob Rieke</software>
<system>Unix; Unix 18.2.0.0; 18.2.0.0</system>
<datetime>7/9/2019 10:35:15 PM</datetime>
<title>Static Sensor Positioning</title>
<meta>Author: Jakob Rieke; Version v1.4.0; Deterministic: No</meta>
<configuration>
  Zoom = 40
  NumberOfSensors = 7
  NumberOfObstacles = 7
  FieldHeight = 9
  FieldWidth = 6
  PlayerSensorRange = 12
  PlayerSensorFOV = 56.3
  PlayerSize = 0.1555
  Optimizer = SPSO-2006
  </configuration>
<iteration i="0">
<sensors>[[6.12459968193434,5.54034528275952,125.84247934632], [7.28993347752839,4.15222033672035,279.982385085896], [5.77874071919359,2.73341754404828,152.134193340316], [7.57845134404488,0.08149658376351,174.003948820755], [4.518045963021,2.47701802058145,307.711805691943], [2.24548941291869,3.56838780920953,342.131070988253], [3.34948247973807,2.8343765088357,49.0978148113936]]</sensors>
<obstacles>[[3.42343057994731, 0.0034555708989501], [7.84811394335702, 4.51194132165983], [3.13940930692479, 0.279021566268057], [3.97863999847323, 4.58001092216], [8.80952120013535, 2.59456012118608], [0.923181822057813, 5.08486787835136], [1.21806385810487, 0.771824862342328]]</obstacles>
<global-best>6.62182661759126</global-best>
</iteration>
<iteration i="600">
<sensors>[[2.29518920180449,2.69066223897826,32.5682491867514], [0.116049220704047,2.32204051120764,71.8820681088104], [4.55317394175751,5.54181571264591,330.092197720182], [0.411449606749134,5.88195387039576,333.825375646292], [8.99998727382358,1.1833088646818,157.945877072959], [8.31251889845663,5.99887533759085,243.954114028777], [2.92749839497584,5.53969469873257,254.214612011611]]</sensors>
<obstacles>[[3.42343057994731, 0.0034555708989501], [7.84811394335702, 4.51194132165983], [3.13940930692479, 0.279021566268057], [3.97863999847323, 4.58001092216], [8.80952120013535, 2.59456012118608], [0.923181822057813, 5.08486787835136], [1.21806385810487, 0.771824862342328]]</obstacles>
<global-best>0.334459913309181</global-best>
</iteration>
<iterations>600</iterations>
<elapsed-time>58814</elapsed-time>
<average-time>0</average-time>
</simulation>