<?xml version="1.0" encoding="UTF-8"?>
<simulation>
<software>charlie-simulation-framework; v1.0.0; Jakob Rieke</software>
<system>Unix; Unix 18.2.0.0; 18.2.0.0</system>
<datetime>7/9/2019 11:17:09 PM</datetime>
<title>Static Sensor Positioning</title>
<meta>Author: Jakob Rieke; Version v1.4.0; Deterministic: No</meta>
<configuration>
  Zoom = 40
  NumberOfSensors = 7
  NumberOfObstacles = 7
  FieldHeight = 9
  FieldWidth = 6
  PlayerSensorRange = 12
  PlayerSensorFOV = 56.3
  PlayerSize = 0.1555
  Optimizer = SPSO-2006
  </configuration>
<iteration i="0">
<sensors>[[3.89703123481013,1.03728483477607,18.4174265898764], [5.78174445172772,0.152155390474945,167.649855427444], [4.61323188641109,5.17106435168535,223.627542732283], [3.77959921653382,3.72961429785937,148.186332033947], [2.04288976499811,1.35895963199437,124.337073611096], [5.52560146409087,2.65438867360353,221.083758752793], [2.56810015928932,1.40994918392971,45.0836966559291]]</sensors>
<obstacles>[[8.55448440788314, 1.43896647356451], [5.74041754729114, 3.08787334430963], [1.34403189551085, 4.06319834897295], [1.37007710896432, 0.229328661225736], [7.08428271417506, 0.544603003654629], [1.34222719212994, 4.54312554281205], [0.744699600152671, 5.81863332213834]]</obstacles>
<global-best>5.38691479542947</global-best>
</iteration>
<iteration i="600">
<sensors>[[1.36441092807466,3.70318993573494,356.793732945425], [0.0244988965046991,1.84286203020132,62.3907940346786], [6.23074855792461,0.578906598417136,165.997580594679], [7.37158984765657,5.3168043804265,196.366946094531], [2.63051718597452,1.23417188568848,360], [8.18249782684942,5.99981247828624,255.278356129564], [0.0062182614929431,1.03401917503929,11.3380325729057]]</sensors>
<obstacles>[[8.55448440788314, 1.43896647356451], [5.74041754729114, 3.08787334430963], [1.34403189551085, 4.06319834897295], [1.37007710896432, 0.229328661225736], [7.08428271417506, 0.544603003654629], [1.34222719212994, 4.54312554281205], [0.744699600152671, 5.81863332213834]]</obstacles>
<global-best>0.395684877760452</global-best>
</iteration>
<iterations>600</iterations>
<elapsed-time>70543</elapsed-time>
<average-time>0</average-time>
</simulation>