<?xml version="1.0" encoding="UTF-8"?>
<simulation>
<software>charlie-simulation-framework; v1.0.0; Jakob Rieke</software>
<system>Unix; Unix 18.2.0.0; 18.2.0.0</system>
<datetime>7/9/2019 11:08:57 PM</datetime>
<title>Static Sensor Positioning</title>
<meta>Author: Jakob Rieke; Version v1.4.0; Deterministic: No</meta>
<configuration>
  Zoom = 40
  NumberOfSensors = 7
  NumberOfObstacles = 7
  FieldHeight = 9
  FieldWidth = 6
  PlayerSensorRange = 12
  PlayerSensorFOV = 56.3
  PlayerSize = 0.1555
  Optimizer = SPSO-2006
  </configuration>
<iteration i="0">
<sensors>[[4.54058015020564,0.497426584828645,68.9303008653224], [3.79087376268581,5.79271616460755,300.780431097373], [8.48378706537187,4.43897251272574,210.935755558312], [2.69029216188937,4.56797997001559,188.72932434082], [8.88411470688879,1.63659515278414,214.474157709628], [6.38706043269485,5.78521531820297,185.359652750194], [1.2442936913576,3.75859935907647,201.769418315962]]</sensors>
<obstacles>[[1.02716389903799, 0.289405678398907], [7.75870888237841, 2.34684065496549], [1.50740368338302, 2.02896019164473], [5.49447201867588, 3.8625325919129], [4.05405497574247, 3.94325732951984], [2.10281123220921, 5.62218524934724], [0.429655604297295, 4.13418613281101]]</obstacles>
<global-best>7.16788972346621</global-best>
</iteration>
<iteration i="600">
<sensors>[[8.71996362573986,5.3251411721506,12.0437994032234], [8.99999867893059,0.117861390313613,153.886464166397], [2.48149378654855,5.97669806047546,60.0613563536287], [3.70270978400472E-09,5.88833474011185,0], [7.75136862099572E-05,4.58952349224885,360], [6.26611780246868E-06,3.74886787598305,286.445991073543], [1.59882863611525,1.45550636796403,0]]</sensors>
<obstacles>[[1.02716389903799, 0.289405678398907], [7.75870888237841, 2.34684065496549], [1.50740368338302, 2.02896019164473], [5.49447201867588, 3.8625325919129], [4.05405497574247, 3.94325732951984], [2.10281123220921, 5.62218524934724], [0.429655604297295, 4.13418613281101]]</obstacles>
<global-best>0.38685280699629</global-best>
</iteration>
<iterations>600</iterations>
<elapsed-time>61496</elapsed-time>
<average-time>0</average-time>
</simulation>