<?xml version="1.0" encoding="UTF-8"?>
<simulation>
<software>charlie-simulation-framework; v1.0.0; Jakob Rieke</software>
<system>Unix; Unix 18.2.0.0; 18.2.0.0</system>
<datetime>7/10/2019 12:00:44 AM</datetime>
<title>Static Sensor Positioning</title>
<meta>Author: Jakob Rieke; Version v1.4.0; Deterministic: No</meta>
<configuration>
  Zoom = 40
  NumberOfSensors = 7
  NumberOfObstacles = 7
  FieldHeight = 9
  FieldWidth = 6
  PlayerSensorRange = 12
  PlayerSensorFOV = 56.3
  PlayerSize = 0.1555
  Optimizer = SPSO-2006
  </configuration>
<iteration i="0">
<sensors>[[5.81396535085514,2.61609235592186,156.304871616885], [1.45194876054302,1.43005137518048,347.884578639641], [3.92188050784171,0.868327922187746,111.215999387205], [5.41541112726554,1.57195115508512,271.477447310463], [8.6589525451418,3.71921154297888,144.331197710708], [2.70631744922139,5.76381520181894,250.236035501584], [1.60510383825749,0.402676002122462,272.650612425059]]</sensors>
<obstacles>[[4.4006959721446, 5.04042816767469], [4.52172087435611, 0.0879117026925087], [8.61644912324846, 1.80099635012448], [3.43915733112954, 0.807961324229836], [3.42058739857748, 5.84642903180793], [7.7950853111688, 0.433728076983243], [3.64089434710331, 3.37734201550484]]</obstacles>
<global-best>11.353844744652</global-best>
</iteration>
<iteration i="600">
<sensors>[[8.9906268794052,1.41979755593074,184.59815401826], [2.23646575186029,0.000339287755430486,103.938026398629], [0.0206790598260261,0.90682092686418,63.0699260183561], [4.74522263350235,5.99140014838575,304.759792953195], [8.99080024129387,5.22434472748142,199.940852995612], [2.37149598277995,4.14039433050902,33.8915735933276], [1.41052083432444,2.45780684823508,6.94714728501192]]</sensors>
<obstacles>[[4.4006959721446, 5.04042816767469], [4.52172087435611, 0.0879117026925087], [8.61644912324846, 1.80099635012448], [3.43915733112954, 0.807961324229836], [3.42058739857748, 5.84642903180793], [7.7950853111688, 0.433728076983243], [3.64089434710331, 3.37734201550484]]</obstacles>
<global-best>0.360978398716533</global-best>
</iteration>
<iterations>600</iterations>
<elapsed-time>58527</elapsed-time>
<average-time>0</average-time>
</simulation>