<?xml version="1.0" encoding="UTF-8"?>
<simulation>
<software>charlie-simulation-framework; v1.0.0; Jakob Rieke</software>
<system>Unix; Unix 18.2.0.0; 18.2.0.0</system>
<datetime>7/9/2019 10:56:50 PM</datetime>
<title>Static Sensor Positioning</title>
<meta>Author: Jakob Rieke; Version v1.4.0; Deterministic: No</meta>
<configuration>
  Zoom = 40
  NumberOfSensors = 7
  NumberOfObstacles = 7
  FieldHeight = 9
  FieldWidth = 6
  PlayerSensorRange = 12
  PlayerSensorFOV = 56.3
  PlayerSize = 0.1555
  Optimizer = SPSO-2006
  </configuration>
<iteration i="0">
<sensors>[[5.52301436872222,4.79763771733269,322.678172579035], [8.38679420901462,1.96434308728203,169.796621594578], [1.48895138455555,0.910400516353548,87.9563671164215], [4.47767401509918,5.52065314678475,14.6307528018951], [0.924871670315042,1.73369860975072,103.703464949504], [3.19888293743134,0.519801126793027,3.65658489055932], [5.72698069643229,2.32140185963362,165.194397512823]]</sensors>
<obstacles>[[2.2091428572312, 4.0290769636631], [2.77220489946194, 4.60288518760353], [4.08892573183402, 0.717336628586054], [2.63820440671407, 5.68534929910675], [0.209546240279451, 2.76843594247475], [6.231881510932, 2.54376065544784], [7.14170746388845, 1.28644319577143]]</obstacles>
<global-best>7.04055394679828</global-best>
</iteration>
<iteration i="600">
<sensors>[[3.3914000984651,0.000892740898175129,16.2205284898125], [5.25689074113624E-05,0.406288421061218,65.5374144715077], [8.99888356002146,4.73079966619175,200.850892441959], [5.33462002118815E-05,1.11844409140672,6.15555510737582], [0.0829786143123107,4.05227607776695,0], [6.39405577528792,1.24950207534445,183.914756024706], [4.26536647468603,5.99359390420295,206.24543678497]]</sensors>
<obstacles>[[2.2091428572312, 4.0290769636631], [2.77220489946194, 4.60288518760353], [4.08892573183402, 0.717336628586054], [2.63820440671407, 5.68534929910675], [0.209546240279451, 2.76843594247475], [6.231881510932, 2.54376065544784], [7.14170746388845, 1.28644319577143]]</obstacles>
<global-best>0.234625813749959</global-best>
</iteration>
<iterations>600</iterations>
<elapsed-time>64584</elapsed-time>
<average-time>0</average-time>
</simulation>