<?xml version="1.0" encoding="UTF-8"?>
<simulation>
<software>charlie-simulation-framework; v1.0.0; Jakob Rieke</software>
<system>Unix; Unix 18.2.0.0; 18.2.0.0</system>
<datetime>7/9/2019 10:57:54 PM</datetime>
<title>Static Sensor Positioning</title>
<meta>Author: Jakob Rieke; Version v1.4.0; Deterministic: No</meta>
<configuration>
  Zoom = 40
  NumberOfSensors = 7
  NumberOfObstacles = 7
  FieldHeight = 9
  FieldWidth = 6
  PlayerSensorRange = 12
  PlayerSensorFOV = 56.3
  PlayerSize = 0.1555
  Optimizer = SPSO-2006
  </configuration>
<iteration i="0">
<sensors>[[5.77797157480381,5.04045929806307,298.896924750879], [2.02399799670093,4.33992961328477,13.8642503041774], [4.54733286285773,2.33120606280863,267.160778325051], [6.52867086161859,0.842137977015227,56.4570154063404], [6.50222951103933,4.81815974134952,214.801092920825], [5.39747500699013,0.276586948893964,74.938394157216], [1.38873061956838,4.37483540503308,24.4712952151895]]</sensors>
<obstacles>[[7.38583339238539, 1.63378097210079], [3.57091993954964, 3.41490315645933], [7.15551695111208, 0.75043080188334], [3.31454668636434, 2.37927354499698], [0.240352047840133, 5.62465521041304], [1.51588304713368, 3.40020927926525], [7.8242583302781, 0.43122363416478]]</obstacles>
<global-best>11.3051750088127</global-best>
</iteration>
<iteration i="600">
<sensors>[[0.00647590348212495,3.88061489269094E-05,62.1287518274495], [2.89372243987249,3.90768981616239,333.490710395275], [8.99048424013963,2.75908145848769,243.098084490009], [4.93288550651847,5.99994925982034,281.66879569132], [8.99719674990513,4.07002506593841,52.0625224287528], [8.64663111472317,4.01256993055477,188.966790251121], [0.0168173449881143,4.68674275380354,0]]</sensors>
<obstacles>[[7.38583339238539, 1.63378097210079], [3.57091993954964, 3.41490315645933], [7.15551695111208, 0.75043080188334], [3.31454668636434, 2.37927354499698], [0.240352047840133, 5.62465521041304], [1.51588304713368, 3.40020927926525], [7.8242583302781, 0.43122363416478]]</obstacles>
<global-best>0.411993582218731</global-best>
</iteration>
<iterations>600</iterations>
<elapsed-time>67890</elapsed-time>
<average-time>0</average-time>
</simulation>