<?xml version="1.0" encoding="UTF-8"?>
<simulation>
<software>charlie-simulation-framework; v1.0.0; Jakob Rieke</software>
<system>Unix; Unix 18.2.0.0; 18.2.0.0</system>
<datetime>7/9/2019 10:41:47 PM</datetime>
<title>Static Sensor Positioning</title>
<meta>Author: Jakob Rieke; Version v1.4.0; Deterministic: No</meta>
<configuration>
  Zoom = 40
  NumberOfSensors = 7
  NumberOfObstacles = 7
  FieldHeight = 9
  FieldWidth = 6
  PlayerSensorRange = 12
  PlayerSensorFOV = 56.3
  PlayerSize = 0.1555
  Optimizer = SPSO-2006
  </configuration>
<iteration i="0">
<sensors>[[3.55888658598997,5.61089083179832,122.163680400699], [2.06071891752072,5.84389597037807,46.5173277352005], [7.63475427031517,5.6228375248611,209.203002601862], [6.87582902563736,1.78038735687733,58.1754441093653], [0.373439114307985,4.17327884584665,130.044802157208], [7.4274636588525,1.3145782481879,68.169457660988], [0.506308450363576,1.05146531620994,67.3559221252799]]</sensors>
<obstacles>[[2.62939760810696, 2.06919172871858], [3.26072344765998, 0.734813614748418], [5.88658258295618, 1.3402479076758], [7.14913452998735, 3.62443270487711], [8.68268502177671, 5.31082205940038], [7.77707486436702, 3.27367971790954], [7.91290529631078, 2.22611160809174]]</obstacles>
<global-best>14.7922702431921</global-best>
</iteration>
<iteration i="600">
<sensors>[[2.73984513710535,2.35992240334106,359.965024187827], [3.00907097339087,4.90021705057284,360], [3.14043925750495,4.42915249205306,227.401264703082], [8.97066645766457,2.60813630846875,133.227828144405], [8.99145162354442,0.326095130750381,157.0326068792], [0.0316685823251758,5.98067559960495,318.928035338324], [8.84262925631666,3.88607435683423,190.430103597736]]</sensors>
<obstacles>[[2.62939760810696, 2.06919172871858], [3.26072344765998, 0.734813614748418], [5.88658258295618, 1.3402479076758], [7.14913452998735, 3.62443270487711], [8.68268502177671, 5.31082205940038], [7.77707486436702, 3.27367971790954], [7.91290529631078, 2.22611160809174]]</obstacles>
<global-best>0.319587666149546</global-best>
</iteration>
<iterations>600</iterations>
<elapsed-time>67659</elapsed-time>
<average-time>0</average-time>
</simulation>