<?xml version="1.0" encoding="UTF-8"?>
<simulation>
<software>charlie-simulation-framework; v1.0.0; Jakob Rieke</software>
<system>Unix; Unix 18.2.0.0; 18.2.0.0</system>
<datetime>7/9/2019 11:21:37 PM</datetime>
<title>Static Sensor Positioning</title>
<meta>Author: Jakob Rieke; Version v1.4.0; Deterministic: No</meta>
<configuration>
  Zoom = 40
  NumberOfSensors = 7
  NumberOfObstacles = 7
  FieldHeight = 9
  FieldWidth = 6
  PlayerSensorRange = 12
  PlayerSensorFOV = 56.3
  PlayerSize = 0.1555
  Optimizer = SPSO-2006
  </configuration>
<iteration i="0">
<sensors>[[6.88557120691985,3.79689957434312,154.813680332154], [2.63101166510023,4.60173903079703,222.237706677988], [1.48066805256531,0.391975531820208,45.6021763756871], [4.00282723107375,0.527928887866437,116.067832102999], [5.12439327221364,1.94487630296499,326.723492201418], [8.05169738573022,3.51972947409377,183.821498667821], [0.53474370483309,0.381443442776799,157.167283790186]]</sensors>
<obstacles>[[4.51885896991007, 5.13533251918852], [2.82336404873058, 4.3551905429922], [3.49197587929666, 4.02986088674515], [8.13180682808161, 0.166428532451391], [5.96838345145807, 2.87807721504942], [5.68912017415278, 1.44813090004027], [1.13312616711482, 3.51408940600231]]</obstacles>
<global-best>12.2434101261861</global-best>
</iteration>
<iteration i="600">
<sensors>[[3.94684498443539,5.5225243734591,359.076746387531], [2.41520939664534,0.274037713888099,18.1298096965511], [7.48944770292433,4.64073341569019,195.448202680932], [3.49866769971192,2.18228922532529E-07,106.813204941654], [0.907485294817565,1.72538061123934,21.1246764630764], [0.0046237919640067,4.41681274903245,1.96394024388708], [1.0761651648434,5.94387504223229,274.645374950356]]</sensors>
<obstacles>[[4.51885896991007, 5.13533251918852], [2.82336404873058, 4.3551905429922], [3.49197587929666, 4.02986088674515], [8.13180682808161, 0.166428532451391], [5.96838345145807, 2.87807721504942], [5.68912017415278, 1.44813090004027], [1.13312616711482, 3.51408940600231]]</obstacles>
<global-best>0.547112365801412</global-best>
</iteration>
<iterations>600</iterations>
<elapsed-time>72669</elapsed-time>
<average-time>0</average-time>
</simulation>