<?xml version="1.0" encoding="UTF-8"?>
<simulation>
<software>charlie-simulation-framework; v1.0.0; Jakob Rieke</software>
<system>Unix; Unix 18.2.0.0; 18.2.0.0</system>
<datetime>7/9/2019 11:22:50 PM</datetime>
<title>Static Sensor Positioning</title>
<meta>Author: Jakob Rieke; Version v1.4.0; Deterministic: No</meta>
<configuration>
  Zoom = 40
  NumberOfSensors = 7
  NumberOfObstacles = 7
  FieldHeight = 9
  FieldWidth = 6
  PlayerSensorRange = 12
  PlayerSensorFOV = 56.3
  PlayerSize = 0.1555
  Optimizer = SPSO-2006
  </configuration>
<iteration i="0">
<sensors>[[5.37720414111391,5.70186994085088,262.044851621613], [0.79982791794464,1.58762530004606,231.332233976573], [6.61871843109839,5.51145102968439,84.134672395885], [8.78732455219142,2.93564101075754,60.8624420408159], [6.77296674158424,2.25305540906265,35.1696999371052], [8.87002861057408,5.47696343343705,193.98729194887], [1.32802261970937,1.02693191310391,318.070302195847]]</sensors>
<obstacles>[[4.51073082885705, 5.44375119684264], [0.511258668266237, 1.41414994234219], [5.07688447949477, 2.71251954836771], [7.28675849433057, 0.576419361401349], [5.05786400497891, 1.50255690095946], [0.163435111055151, 0.0328476447612047], [4.86528193205595, 1.14271673094481]]</obstacles>
<global-best>13.1037342209057</global-best>
</iteration>
<iteration i="600">
<sensors>[[1.16452038141274,0.000873609914379398,75.369302186968], [0.0028868038341826,2.51790146373241,351.374129688286], [0.806627654409587,4.09102138779699,360], [8.99993310765733,1.48810878426442,187.962707843293], [1.63529571520136,1.09702185035043E-06,3.92712976795971], [3.22410946231994,5.99618768610683,203.966531052953], [5.51976129719982,5.99985557043728,220.233974952506]]</sensors>
<obstacles>[[4.51073082885705, 5.44375119684264], [0.511258668266237, 1.41414994234219], [5.07688447949477, 2.71251954836771], [7.28675849433057, 0.576419361401349], [5.05786400497891, 1.50255690095946], [0.163435111055151, 0.0328476447612047], [4.86528193205595, 1.14271673094481]]</obstacles>
<global-best>0.281239793829047</global-best>
</iteration>
<iterations>600</iterations>
<elapsed-time>65330</elapsed-time>
<average-time>0</average-time>
</simulation>