<?xml version="1.0" encoding="UTF-8"?>
<simulation>
<software>charlie-simulation-framework; v1.0.0; Jakob Rieke</software>
<system>Unix; Unix 18.2.0.0; 18.2.0.0</system>
<datetime>7/9/2019 11:45:11 PM</datetime>
<title>Static Sensor Positioning</title>
<meta>Author: Jakob Rieke; Version v1.4.0; Deterministic: No</meta>
<configuration>
  Zoom = 40
  NumberOfSensors = 7
  NumberOfObstacles = 7
  FieldHeight = 9
  FieldWidth = 6
  PlayerSensorRange = 12
  PlayerSensorFOV = 56.3
  PlayerSize = 0.1555
  Optimizer = SPSO-2006
  </configuration>
<iteration i="0">
<sensors>[[7.5147778771352,2.99089739983901,71.1041991692036], [0.308960892492905,2.62843444989994,350.246434416622], [4.82357270177454,4.42974740825593,119.292974704877], [7.12979453522712,0.09832334658131,133.398025101051], [8.8385379135143,5.65144302276894,66.9440483115613], [2.92418167227879,4.73982785269618,256.79763908498], [4.96894990140572,3.99042847193778,310.220079235733]]</sensors>
<obstacles>[[7.95854728622362, 2.89782919082791], [8.39862670074217, 1.78865212295204], [2.95510136685334, 1.43040559440851], [6.05832633725367, 2.29076596582308], [3.79695817572065, 2.9555085087195], [0.528362128185108, 5.4410664299503], [8.29873874760233, 0.345987432170659]]</obstacles>
<global-best>9.12196436267333</global-best>
</iteration>
<iteration i="600">
<sensors>[[3.12223438755412,5.99957259160474,0], [0.72727108207668,0.383867095890942,360], [8.99996987853776,5.07828459694516,199.251244245822], [2.20882910692956,5.99999265750773,256.305269739091], [1.86891310520585,1.10309980430927,94.6563657781845], [6.34828059659912,4.31270003457351,298.631306561409], [0.95892657260134,5.02786279860137,338.265900360971]]</sensors>
<obstacles>[[7.95854728622362, 2.89782919082791], [8.39862670074217, 1.78865212295204], [2.95510136685334, 1.43040559440851], [6.05832633725367, 2.29076596582308], [3.79695817572065, 2.9555085087195], [0.528362128185108, 5.4410664299503], [8.29873874760233, 0.345987432170659]]</obstacles>
<global-best>0.408522330844774</global-best>
</iteration>
<iterations>600</iterations>
<elapsed-time>64093</elapsed-time>
<average-time>0</average-time>
</simulation>