<?xml version="1.0" encoding="UTF-8"?>
<simulation>
<software>charlie-simulation-framework; v1.0.0; Jakob Rieke</software>
<system>Unix; Unix 18.2.0.0; 18.2.0.0</system>
<datetime>7/9/2019 11:16:08 PM</datetime>
<title>Static Sensor Positioning</title>
<meta>Author: Jakob Rieke; Version v1.4.0; Deterministic: No</meta>
<configuration>
  Zoom = 40
  NumberOfSensors = 7
  NumberOfObstacles = 7
  FieldHeight = 9
  FieldWidth = 6
  PlayerSensorRange = 12
  PlayerSensorFOV = 56.3
  PlayerSize = 0.1555
  Optimizer = SPSO-2006
  </configuration>
<iteration i="0">
<sensors>[[2.78786220448092,3.65115961432457,20.5077257193625], [3.06365785282105,4.89707292616367,149.603536929935], [6.12823498668149,1.69917065044865,317.351161725819], [8.2259916421026,5.06112555228174,220.846842415631], [2.26371568744071,5.88378193974495,340.652058357373], [1.57760989665985,2.22736165300012,102.282670335844], [1.59589631762356,1.17847350239754,329.071726212278]]</sensors>
<obstacles>[[8.53042398300022, 3.62446242989972], [3.66230193106458, 5.12570669408888], [4.7801397498697, 3.19620568770915], [3.03011290426366, 0.485241154208779], [8.73625858663581, 2.03075698390603], [2.52533354982734, 3.98622144246474], [4.04117955313995, 0.443824713584036]]</obstacles>
<global-best>8.7382897194709</global-best>
</iteration>
<iteration i="600">
<sensors>[[1.54641424066627,5.98328795079615,332.593459581717], [5.19828509230517,5.50297453425044,199.266020405562], [5.19535440592268,3.79562535784377,14.5092167704478], [8.97570046818666,5.39627998479451,203.825014898152], [0.0690780621161512,5.23224095644227,296.331127110142], [0.208670331911611,2.31394638557328,360], [1.83143965540561,0.657557450927259,91.5207947711004]]</sensors>
<obstacles>[[8.53042398300022, 3.62446242989972], [3.66230193106458, 5.12570669408888], [4.7801397498697, 3.19620568770915], [3.03011290426366, 0.485241154208779], [8.73625858663581, 2.03075698390603], [2.52533354982734, 3.98622144246474], [4.04117955313995, 0.443824713584036]]</obstacles>
<global-best>0.345237405263772</global-best>
</iteration>
<iterations>600</iterations>
<elapsed-time>61105</elapsed-time>
<average-time>0</average-time>
</simulation>