<?xml version="1.0" encoding="UTF-8"?>
<simulation>
<software>charlie-simulation-framework; v1.0.0; Jakob Rieke</software>
<system>Unix; Unix 18.2.0.0; 18.2.0.0</system>
<datetime>7/10/2019 12:46:11 AM</datetime>
<title>Static Sensor Positioning</title>
<meta>Author: Jakob Rieke; Version v1.4.0; Deterministic: No</meta>
<configuration>
  Zoom = 40
  NumberOfSensors = 7
  NumberOfObstacles = 7
  FieldHeight = 9
  FieldWidth = 6
  PlayerSensorRange = 12
  PlayerSensorFOV = 56.3
  PlayerSize = 0.1555
  Optimizer = SPSO-2006
  </configuration>
<iteration i="0">
<sensors>[[5.71899829781614,5.93853622348979,230.288323340938], [4.94058169797063,4.7634266722016,3.99627635255456], [7.33626605034806,5.54111071536317,217.587535176426], [6.13127099792473,2.7223234064877,353.145766574889], [0.558517347089946,0.880607836414129,244.205935187638], [0.434901263331994,1.17175180418417,165.134681817144], [4.53607006603852,0.222417761106044,107.145083611831]]</sensors>
<obstacles>[[0.536933118710294, 3.59199566021562], [7.96263952623121, 2.45788974780589], [0.485331319039688, 5.42779414309189], [6.18901832937263, 2.10074571054429], [6.82430115016177, 3.19629785511643], [7.96392184006982, 5.79454042436555], [0.132919440977275, 3.34857650147751]]</obstacles>
<global-best>10.6646797953132</global-best>
</iteration>
<iteration i="600">
<sensors>[[8.95296193756647,4.79084176039428,264.485065598737], [8.09618344415473,3.44126153134101,170.264038966728], [5.7835199192603,4.73441421936028,306.379698125427], [0.000230765073615075,5.85202795782415,332.991414983498], [8.55311253408117,0.0105418266671732,164.320839208024], [0.000161064362716038,0.675145920624011,21.3628943143238], [8.99997506086296,5.45316889505559,152.615186798905]]</sensors>
<obstacles>[[0.536933118710294, 3.59199566021562], [7.96263952623121, 2.45788974780589], [0.485331319039688, 5.42779414309189], [6.18901832937263, 2.10074571054429], [6.82430115016177, 3.19629785511643], [7.96392184006982, 5.79454042436555], [0.132919440977275, 3.34857650147751]]</obstacles>
<global-best>0.260967944639071</global-best>
</iteration>
<iterations>600</iterations>
<elapsed-time>66895</elapsed-time>
<average-time>0</average-time>
</simulation>