<?xml version="1.0" encoding="UTF-8"?>
<simulation>
<software>charlie-simulation-framework; v1.0.0; Jakob Rieke</software>
<system>Unix; Unix 18.2.0.0; 18.2.0.0</system>
<datetime>7/9/2019 11:11:02 PM</datetime>
<title>Static Sensor Positioning</title>
<meta>Author: Jakob Rieke; Version v1.4.0; Deterministic: No</meta>
<configuration>
  Zoom = 40
  NumberOfSensors = 7
  NumberOfObstacles = 7
  FieldHeight = 9
  FieldWidth = 6
  PlayerSensorRange = 12
  PlayerSensorFOV = 56.3
  PlayerSize = 0.1555
  Optimizer = SPSO-2006
  </configuration>
<iteration i="0">
<sensors>[[7.27056863461621,2.36619027983397,284.925077296793], [1.77114411187358,2.61204422498122,272.589831892401], [1.11972409486771,5.19985537324101,259.131585303694], [8.6476672324352,0.602458576206118,155.080180009827], [8.663861035835,2.55592213477939,145.836761528626], [2.07582950452343,5.83212641207501,85.5063942354172], [1.64415160263889,3.46530800359324,28.2353434804827]]</sensors>
<obstacles>[[8.25056774681434, 1.44098594086245], [2.76768727577291, 2.08820304879919], [6.77676694560796, 5.2801840044558], [0.441843008855358, 3.92105245962739], [7.88536047236994, 1.96699066367], [3.09643598087132, 4.38864866970107], [5.94318495271727, 4.82555782143027]]</obstacles>
<global-best>6.88370990819148</global-best>
</iteration>
<iteration i="600">
<sensors>[[0.000808349316411255,1.7739003784369,83.4664231579125], [5.99676698733702,0.00370256217051022,62.8801516821533], [0.0136876036275228,1.28042782234185,360], [8.94078488973258,3.02946936638436,257.685648741631], [8.4116344659002,2.33688920339015,184.72173122229], [0.342883757382747,5.99984353351069,335.721253092274], [6.57572613608489,4.21838965819994,195.014391158041]]</sensors>
<obstacles>[[8.25056774681434, 1.44098594086245], [2.76768727577291, 2.08820304879919], [6.77676694560796, 5.2801840044558], [0.441843008855358, 3.92105245962739], [7.88536047236994, 1.96699066367], [3.09643598087132, 4.38864866970107], [5.94318495271727, 4.82555782143027]]</obstacles>
<global-best>0.230222313562503</global-best>
</iteration>
<iterations>600</iterations>
<elapsed-time>60640</elapsed-time>
<average-time>0</average-time>
</simulation>