<?xml version="1.0" encoding="UTF-8"?>
<simulation>
<software>charlie-simulation-framework; v1.0.0; Jakob Rieke</software>
<system>Unix; Unix 18.2.0.0; 18.2.0.0</system>
<datetime>7/9/2019 11:58:44 PM</datetime>
<title>Static Sensor Positioning</title>
<meta>Author: Jakob Rieke; Version v1.4.0; Deterministic: No</meta>
<configuration>
  Zoom = 40
  NumberOfSensors = 7
  NumberOfObstacles = 7
  FieldHeight = 9
  FieldWidth = 6
  PlayerSensorRange = 12
  PlayerSensorFOV = 56.3
  PlayerSize = 0.1555
  Optimizer = SPSO-2006
  </configuration>
<iteration i="0">
<sensors>[[7.6420470373705,3.50937815057114,173.426858978346], [5.01495058229193,3.67971596075222,79.0176966134459], [8.96681456174701,5.08810347877443,220.485701160505], [7.27958525740542,3.6011124048382,110.255885822698], [3.49268240877427,0.890295378863811,337.103812331334], [2.41443049558438,0.402467492502183,102.586998548359], [1.35614476609044,3.54405834898353,1.10537831671536]]</sensors>
<obstacles>[[6.99865726288408, 1.45671814866364], [6.56491375411861, 5.66775364195928], [7.30429557105526, 3.06539104320109], [5.95091295428574, 5.36064232466742], [4.94170629791915, 0.904354310128838], [3.99933611182496, 2.05727866385132], [0.806978846434504, 5.47034763777629]]</obstacles>
<global-best>7.81807627553871</global-best>
</iteration>
<iteration i="600">
<sensors>[[8.55269401197373,4.29491298697156,177.204719504177], [8.71863569720407,0.939772898066491,170.914268442551], [8.12437980863333,1.58018252528447E-06,150.688261038208], [3.43468123123426,3.03033376834437,360], [8.43846773779683,1.04815863079629E-05,82.6813414418118], [0.329416931324708,1.66800742385496,49.8629986648989], [0.537890566693068,0.755978749286289,0]]</sensors>
<obstacles>[[6.99865726288408, 1.45671814866364], [6.56491375411861, 5.66775364195928], [7.30429557105526, 3.06539104320109], [5.95091295428574, 5.36064232466742], [4.94170629791915, 0.904354310128838], [3.99933611182496, 2.05727866385132], [0.806978846434504, 5.47034763777629]]</obstacles>
<global-best>0.625656851697664</global-best>
</iteration>
<iterations>600</iterations>
<elapsed-time>60433</elapsed-time>
<average-time>0</average-time>
</simulation>