<?xml version="1.0" encoding="UTF-8"?>
<simulation>
<software>charlie-simulation-framework; v1.0.0; Jakob Rieke</software>
<system>Unix; Unix 18.2.0.0; 18.2.0.0</system>
<datetime>7/10/2019 12:39:40 AM</datetime>
<title>Static Sensor Positioning</title>
<meta>Author: Jakob Rieke; Version v1.4.0; Deterministic: No</meta>
<configuration>
  Zoom = 40
  NumberOfSensors = 7
  NumberOfObstacles = 7
  FieldHeight = 9
  FieldWidth = 6
  PlayerSensorRange = 12
  PlayerSensorFOV = 56.3
  PlayerSize = 0.1555
  Optimizer = SPSO-2006
  </configuration>
<iteration i="0">
<sensors>[[8.95167848328128,1.84522556327283,154.492932977155], [4.51962201017886,4.1441662972793,25.256217867136], [3.4281870983541,3.44254794856533,252.609419245273], [8.80384697229601,4.9592969273217,258.144221333787], [7.67931322823279,2.58178448164836,262.611736580729], [7.91031487542205,3.84146038256586,4.5821810234338], [0.472812322201207,0.70134541997686,34.8630959540606]]</sensors>
<obstacles>[[1.60414750291966, 2.74176167277619], [5.16850801859982, 0.233609426300973], [0.965367024997249, 2.04632208030671], [1.03558094543405, 5.42104242090136], [4.75364787317812, 5.50248321332037], [0.541776352096349, 1.6607729815878], [5.18949504266493, 0.70955574279651]]</obstacles>
<global-best>9.57127944772319</global-best>
</iteration>
<iteration i="600">
<sensors>[[0.00616816197090887,0.989075481114306,12.6012301049662], [8.99382285841432,1.16334026509592,167.906985528265], [3.19346088893054,5.58984183781103,357.875493222441], [6.52783692962345,0.0896910970819598,140.737291483183], [8.99837626913834,5.97656963980496,198.926019370163], [5.76615024163824,5.97660711713263,199.874944957701], [7.14051009659202,5.68178660235612,265.066988738515]]</sensors>
<obstacles>[[1.60414750291966, 2.74176167277619], [5.16850801859982, 0.233609426300973], [0.965367024997249, 2.04632208030671], [1.03558094543405, 5.42104242090136], [4.75364787317812, 5.50248321332037], [0.541776352096349, 1.6607729815878], [5.18949504266493, 0.70955574279651]]</obstacles>
<global-best>0.448093660892814</global-best>
</iteration>
<iterations>600</iterations>
<elapsed-time>58857</elapsed-time>
<average-time>0</average-time>
</simulation>