<?xml version="1.0" encoding="UTF-8"?>
<simulation>
<software>charlie-simulation-framework; v1.0.0; Jakob Rieke</software>
<system>Unix; Unix 18.2.0.0; 18.2.0.0</system>
<datetime>7/9/2019 11:39:55 PM</datetime>
<title>Static Sensor Positioning</title>
<meta>Author: Jakob Rieke; Version v1.4.0; Deterministic: No</meta>
<configuration>
  Zoom = 40
  NumberOfSensors = 7
  NumberOfObstacles = 7
  FieldHeight = 9
  FieldWidth = 6
  PlayerSensorRange = 12
  PlayerSensorFOV = 56.3
  PlayerSize = 0.1555
  Optimizer = SPSO-2006
  </configuration>
<iteration i="0">
<sensors>[[4.10010003880598,1.4754882780835,148.507056171075], [7.64710360066965,4.68573285453022,226.182045908645], [0.477972026914358,5.50488885305822,346.877194913104], [4.45250690868124,4.30852368101478,102.923003649339], [0.771342726191506,0.00709152314811945,116.308968644589], [2.52259082556702,5.51531068654731,235.088526466861], [1.87563579389825,1.82516824454069,28.5271854232997]]</sensors>
<obstacles>[[5.68827594257891, 4.64465642720461], [1.61212918697856, 0.984929325990379], [8.97015181649476, 2.19815672468394], [4.46178922522813, 1.43365266965702], [5.86574790626764, 2.29167736927047], [2.86407284648158, 0.53441867697984], [1.99488683603704, 2.23806064110249]]</obstacles>
<global-best>6.1428455548617</global-best>
</iteration>
<iteration i="600">
<sensors>[[4.47320110324049,2.28690011294702,322.115696155056], [4.56465984156438,5.3427725095818,354.195149948973], [0.70064667492493,5.94371465258026,332.413984406657], [8.99973806129239,5.7205380447543,202.399180697216], [5.76856751225431,5.68617678512271,226.652416824288], [8.95128254493158,1.32334475469115,172.566156089924], [8.99917919781477,0.668761505964765,359.129539645038]]</sensors>
<obstacles>[[5.68827594257891, 4.64465642720461], [1.61212918697856, 0.984929325990379], [8.97015181649476, 2.19815672468394], [4.46178922522813, 1.43365266965702], [5.86574790626764, 2.29167736927047], [2.86407284648158, 0.53441867697984], [1.99488683603704, 2.23806064110249]]</obstacles>
<global-best>0.382532265857837</global-best>
</iteration>
<iterations>600</iterations>
<elapsed-time>63804</elapsed-time>
<average-time>0</average-time>
</simulation>