<?xml version="1.0" encoding="UTF-8"?>
<simulation>
<software>charlie-simulation-framework; v1.0.0; Jakob Rieke</software>
<system>Unix; Unix 18.2.0.0; 18.2.0.0</system>
<datetime>7/9/2019 11:31:26 PM</datetime>
<title>Static Sensor Positioning</title>
<meta>Author: Jakob Rieke; Version v1.4.0; Deterministic: No</meta>
<configuration>
  Zoom = 40
  NumberOfSensors = 7
  NumberOfObstacles = 7
  FieldHeight = 9
  FieldWidth = 6
  PlayerSensorRange = 12
  PlayerSensorFOV = 56.3
  PlayerSize = 0.1555
  Optimizer = SPSO-2006
  </configuration>
<iteration i="0">
<sensors>[[1.13607583008707,0.0862262430600822,50.9440446551889], [2.12795221223496,3.73113732319325,168.316604476422], [3.37622320465744,5.62634394457564,153.2770065777], [7.99802522454411,0.267795058898628,38.99991880171], [3.58248984930106,5.29860890144482,5.58238137513399], [4.00314501835965,4.61193193355575,315.770662771538], [8.67778147221543,5.1205744673498,200.668127350509]]</sensors>
<obstacles>[[0.313771784305573, 5.58165546460077], [4.78584643872455, 0.096641484182328], [5.09888884238899, 5.93293297290802], [1.42253958969377, 3.469414988067], [5.88388831866905, 5.67908096965402], [1.4567651047837, 1.89629760431126], [5.37552014132962, 1.09069135598838]]</obstacles>
<global-best>4.51633061052207</global-best>
</iteration>
<iteration i="600">
<sensors>[[4.88675041744612,5.01895587793492,341.902794841549], [0.000166959810300575,1.84576572232906,0], [8.97455445277343,0.00914699020909167,152.315934971613], [2.62164732090466,2.21311235144495,166.957493496756], [8.9999950611944,1.08082996966445,166.187410441167], [6.20820742799511,2.78163000087233,82.7507956080251], [0.440759428980802,4.69657303885324,0.578450183843627]]</sensors>
<obstacles>[[0.313771784305573, 5.58165546460077], [4.78584643872455, 0.096641484182328], [5.09888884238899, 5.93293297290802], [1.42253958969377, 3.469414988067], [5.88388831866905, 5.67908096965402], [1.4567651047837, 1.89629760431126], [5.37552014132962, 1.09069135598838]]</obstacles>
<global-best>0.491252683258533</global-best>
</iteration>
<iterations>600</iterations>
<elapsed-time>60163</elapsed-time>
<average-time>0</average-time>
</simulation>