<?xml version="1.0" encoding="UTF-8"?>
<simulation>
<software>charlie-simulation-framework; v1.0.0; Jakob Rieke</software>
<system>Unix; Unix 18.2.0.0; 18.2.0.0</system>
<datetime>7/9/2019 11:12:03 PM</datetime>
<title>Static Sensor Positioning</title>
<meta>Author: Jakob Rieke; Version v1.4.0; Deterministic: No</meta>
<configuration>
  Zoom = 40
  NumberOfSensors = 7
  NumberOfObstacles = 7
  FieldHeight = 9
  FieldWidth = 6
  PlayerSensorRange = 12
  PlayerSensorFOV = 56.3
  PlayerSize = 0.1555
  Optimizer = SPSO-2006
  </configuration>
<iteration i="0">
<sensors>[[2.981945943553,0.229262540582567,90.686149969697], [0.168419390916824,3.34867343818769,306.120464745909], [0.0195494899526238,0.613975276239216,153.360976986587], [5.10622155130841,1.97860314790159,189.660275839269], [5.62829032447189,5.89085436472669,197.690225159749], [2.33869132725522,5.1225881902501,333.605241654441], [0.90368117345497,1.28306134929881,216.046027662233]]</sensors>
<obstacles>[[6.47339138668031, 4.24531335476786], [2.40217586187646, 0.164176736958325], [5.63649377063848, 0.175678289495409], [2.53074781503528, 3.03996469918638], [3.24318851251155, 5.41506079863757], [3.71737545006908, 0.0188314933329821], [2.97766860807315, 2.5743175400421]]</obstacles>
<global-best>6.13967968034845</global-best>
</iteration>
<iteration i="600">
<sensors>[[5.1725856082562,1.29774477122162E-05,81.7635043514509], [0.00103535616346415,3.38787180272457,354.119436239948], [6.20318000683225,0.832397785849684,174.896563865553], [5.60516623916123E-06,5.49117488627975,352.109101777935], [8.99947024498958,2.86708630394286,174.847808657223], [6.39874545567251,0.450122709095056,0.0365999653611014], [5.1399191547973,5.99994824598186,268.089958334437]]</sensors>
<obstacles>[[6.47339138668031, 4.24531335476786], [2.40217586187646, 0.164176736958325], [5.63649377063848, 0.175678289495409], [2.53074781503528, 3.03996469918638], [3.24318851251155, 5.41506079863757], [3.71737545006908, 0.0188314933329821], [2.97766860807315, 2.5743175400421]]</obstacles>
<global-best>0.214184560213394</global-best>
</iteration>
<iterations>600</iterations>
<elapsed-time>59382</elapsed-time>
<average-time>0</average-time>
</simulation>