<?xml version="1.0" encoding="UTF-8"?>
<simulation>
<software>charlie-simulation-framework; v1.0.0; Jakob Rieke</software>
<system>Unix; Unix 18.2.0.0; 18.2.0.0</system>
<datetime>7/10/2019 12:42:51 AM</datetime>
<title>Static Sensor Positioning</title>
<meta>Author: Jakob Rieke; Version v1.4.0; Deterministic: No</meta>
<configuration>
  Zoom = 40
  NumberOfSensors = 7
  NumberOfObstacles = 7
  FieldHeight = 9
  FieldWidth = 6
  PlayerSensorRange = 12
  PlayerSensorFOV = 56.3
  PlayerSize = 0.1555
  Optimizer = SPSO-2006
  </configuration>
<iteration i="0">
<sensors>[[4.44061410916038,0.154592847917229,29.6419877652079], [7.86718503618613,3.03618910722435,164.222133792937], [4.97157536912709,4.84042381541803,273.386541511863], [3.65231943223625,2.87513791350648,213.274427661672], [2.06325262016617,0.0452609891071916,95.2659557294101], [5.39546045009047,1.71676699910313,336.433321768418], [8.87749680457637,2.42161412257701,29.9465385172516]]</sensors>
<obstacles>[[3.56532914936543, 2.22593177296221], [2.89098215242848, 3.95367743773386], [7.64260853477754, 4.0527736293152], [7.39341612090357, 1.82686159433797], [6.93970436020754, 0.731937231961638], [4.68096627644263, 5.00829298468307], [2.76269445265643, 0.038248616270721]]</obstacles>
<global-best>8.76958470156252</global-best>
</iteration>
<iteration i="600">
<sensors>[[0.000171200225418221,4.5219291981089,359.326149644524], [2.85712434551475,1.7383342442877,43.0902016884076], [8.99989177786644,1.21172737532817,135.348726985158], [8.11240896655746,5.05780340509825,183.767889538679], [5.68429110811528,5.79400428261856,333.940310068717], [7.59910113015185,3.53697419229232,193.716966434948], [0.00498226975135065,0.728725460195306,0]]</sensors>
<obstacles>[[3.56532914936543, 2.22593177296221], [2.89098215242848, 3.95367743773386], [7.64260853477754, 4.0527736293152], [7.39341612090357, 1.82686159433797], [6.93970436020754, 0.731937231961638], [4.68096627644263, 5.00829298468307], [2.76269445265643, 0.038248616270721]]</obstacles>
<global-best>0.229753788782151</global-best>
</iteration>
<iterations>600</iterations>
<elapsed-time>68597</elapsed-time>
<average-time>0</average-time>
</simulation>