<?xml version="1.0" encoding="UTF-8"?>
<simulation>
<software>charlie-simulation-framework; v1.0.0; Jakob Rieke</software>
<system>Unix; Unix 18.2.0.0; 18.2.0.0</system>
<datetime>7/9/2019 11:51:33 PM</datetime>
<title>Static Sensor Positioning</title>
<meta>Author: Jakob Rieke; Version v1.4.0; Deterministic: No</meta>
<configuration>
  Zoom = 40
  NumberOfSensors = 7
  NumberOfObstacles = 7
  FieldHeight = 9
  FieldWidth = 6
  PlayerSensorRange = 12
  PlayerSensorFOV = 56.3
  PlayerSize = 0.1555
  Optimizer = SPSO-2006
  </configuration>
<iteration i="0">
<sensors>[[8.63178376690485,2.32079940196127,167.280503846705], [6.95019440841861,5.23465789295733,120.768265686929], [4.51010715868324,4.03753767628223,195.779339745641], [4.85589455254376,0.488690262660384,43.1185876205564], [7.49412318295799,3.37963838176802,156.389253493398], [7.39239554665983,0.693622606806457,216.182178603485], [1.48316263477318,0.41822846699506,9.3165373429656]]</sensors>
<obstacles>[[7.02154575940222, 0.411850400269032], [3.21573330997489, 1.50215899106115], [0.505071237450466, 5.63301420025527], [7.50343831256032, 5.33006824180484], [3.88466955162585, 3.57726499903947], [3.59935745503753, 3.07166481530294], [3.60162938665599, 0.429668264463544]]</obstacles>
<global-best>8.01186849311098</global-best>
</iteration>
<iteration i="600">
<sensors>[[6.08169456631806,5.17682847227992,313.202991835912], [1.84770277442017,3.57626220377697,0.400855395802941], [1.18704287111787,3.39923435062177,290.030072112498], [0.00849836710558361,3.76155298103444,0], [6.59022643153271,5.99854059021254,207.18722796905], [8.99886426632983,5.99999914948648,217.294534915089], [8.99959261294719,0.183913626583599,164.265920449736]]</sensors>
<obstacles>[[7.02154575940222, 0.411850400269032], [3.21573330997489, 1.50215899106115], [0.505071237450466, 5.63301420025527], [7.50343831256032, 5.33006824180484], [3.88466955162585, 3.57726499903947], [3.59935745503753, 3.07166481530294], [3.60162938665599, 0.429668264463544]]</obstacles>
<global-best>0.249433872777367</global-best>
</iteration>
<iterations>600</iterations>
<elapsed-time>63611</elapsed-time>
<average-time>0</average-time>
</simulation>