<?xml version="1.0" encoding="UTF-8"?>
<simulation>
<software>charlie-simulation-framework; v1.0.0; Jakob Rieke</software>
<system>Unix; Unix 18.2.0.0; 18.2.0.0</system>
<datetime>7/10/2019 12:05:43 AM</datetime>
<title>Static Sensor Positioning</title>
<meta>Author: Jakob Rieke; Version v1.4.0; Deterministic: No</meta>
<configuration>
  Zoom = 40
  NumberOfSensors = 7
  NumberOfObstacles = 7
  FieldHeight = 9
  FieldWidth = 6
  PlayerSensorRange = 12
  PlayerSensorFOV = 56.3
  PlayerSize = 0.1555
  Optimizer = SPSO-2006
  </configuration>
<iteration i="0">
<sensors>[[6.31568292388693,5.29452468361706,5.68049339577556], [3.4929892513901,5.82542902836576,246.153429318219], [1.46670107985847,5.26207385351881,333.567499872297], [0.503250773996115,3.51211650436744,142.63139275834], [6.85823182761669,1.38283604616299,282.597974315286], [0.802558356430382,4.34054974280298,326.480604512617], [7.52737287268974,0.269271531142294,138.138121347874]]</sensors>
<obstacles>[[1.33736920030788, 0.213217894546688], [7.01092195487581, 4.71010166779161], [4.2766726242844, 5.24543383391574], [5.53555007278919, 0.308744152542204], [0.711444592103362, 1.12650678539649], [0.163132859626785, 5.79730083374307], [4.23152371449396, 1.33635072503239]]</obstacles>
<global-best>5.02729373870302</global-best>
</iteration>
<iteration i="600">
<sensors>[[4.37970917435975,3.51283629215005,230.796421451306], [1.1094949759834,5.73848341468637,334.555353850235], [3.20834085984858,0.000121999945169158,102.60134752333], [1.56419229019443,0.794477993415956,27.1691430533682], [8.99955052905229,4.25805663034629,221.542495569633], [0.00217112538274141,3.85834999286297,0], [1.93912476458234,5.00361849788145,240.658217588136]]</sensors>
<obstacles>[[1.33736920030788, 0.213217894546688], [7.01092195487581, 4.71010166779161], [4.2766726242844, 5.24543383391574], [5.53555007278919, 0.308744152542204], [0.711444592103362, 1.12650678539649], [0.163132859626785, 5.79730083374307], [4.23152371449396, 1.33635072503239]]</obstacles>
<global-best>0.669275160742861</global-best>
</iteration>
<iterations>600</iterations>
<elapsed-time>66462</elapsed-time>
<average-time>0</average-time>
</simulation>