<?xml version="1.0" encoding="UTF-8"?>
<simulation>
<software>charlie-simulation-framework; v1.0.0; Jakob Rieke</software>
<system>Unix; Unix 18.2.0.0; 18.2.0.0</system>
<datetime>7/9/2019 11:48:21 PM</datetime>
<title>Static Sensor Positioning</title>
<meta>Author: Jakob Rieke; Version v1.4.0; Deterministic: No</meta>
<configuration>
  Zoom = 40
  NumberOfSensors = 7
  NumberOfObstacles = 7
  FieldHeight = 9
  FieldWidth = 6
  PlayerSensorRange = 12
  PlayerSensorFOV = 56.3
  PlayerSize = 0.1555
  Optimizer = SPSO-2006
  </configuration>
<iteration i="0">
<sensors>[[4.07769010285847,0.369397674221545,290.232387492433], [0.56353414664045,0.196395641192794,101.398663613945], [0.884877578588203,4.37672682898119,289.490901203826], [2.59293368482031,4.615376138594,356.444022506475], [3.71710416977294,1.03709020419046,105.133892297745], [7.8265211423859,5.31078341323882,234.188265642151], [8.56062109675258,3.77722292393446,252.978165401146]]</sensors>
<obstacles>[[2.05626009288244, 0.981413691770285], [6.07022716244683, 4.62125844927505], [5.14764544484206, 2.74438393721357], [1.35307788010687, 1.38209617137909], [2.93772182590328, 1.19819933082908], [7.28407023777254, 4.83301191916689], [6.12521047121845, 3.42508207261562]]</obstacles>
<global-best>7.46584096251022</global-best>
</iteration>
<iteration i="600">
<sensors>[[3.41408762371092,1.98980896845093E-06,147.572468100227], [0.000144510716687099,2.05969375904593,0], [3.04825756097919,4.18667238907387,262.208685077414], [8.99568494739879,5.99998880076823,205.905629105265], [8.97535243440617,2.64845027522229,187.703662936426], [0.00154071881024148,5.3194704405186,360], [8.97342215003922,4.95891641272538,259.185338069411]]</sensors>
<obstacles>[[2.05626009288244, 0.981413691770285], [6.07022716244683, 4.62125844927505], [5.14764544484206, 2.74438393721357], [1.35307788010687, 1.38209617137909], [2.93772182590328, 1.19819933082908], [7.28407023777254, 4.83301191916689], [6.12521047121845, 3.42508207261562]]</obstacles>
<global-best>0.0772094387641356</global-best>
</iteration>
<iterations>600</iterations>
<elapsed-time>64594</elapsed-time>
<average-time>0</average-time>
</simulation>