<?xml version="1.0" encoding="UTF-8"?>
<simulation>
<software>charlie-simulation-framework; v1.0.0; Jakob Rieke</software>
<system>Unix; Unix 18.2.0.0; 18.2.0.0</system>
<datetime>7/9/2019 11:14:01 PM</datetime>
<title>Static Sensor Positioning</title>
<meta>Author: Jakob Rieke; Version v1.4.0; Deterministic: No</meta>
<configuration>
  Zoom = 40
  NumberOfSensors = 7
  NumberOfObstacles = 7
  FieldHeight = 9
  FieldWidth = 6
  PlayerSensorRange = 12
  PlayerSensorFOV = 56.3
  PlayerSize = 0.1555
  Optimizer = SPSO-2006
  </configuration>
<iteration i="0">
<sensors>[[1.57197273988277,5.48075159545988,339.649906363338], [3.25295333750546,5.91610162658617,128.789098346606], [8.35411519487388,3.33533910708502,182.28933647275], [7.5456113324035,0.0646313186734915,299.35351668857], [1.64719792152755,0.822535741142929,252.796949073672], [3.45558615471236,4.63391550024971,224.359425455332], [1.57594307139516,0.258757879491895,10.4699940048158]]</sensors>
<obstacles>[[3.33356228261255, 0.885136219672859], [2.77921362267807, 2.83805472962558], [5.09827690059319, 5.32183193648234], [8.98132777679712, 1.32901923637837], [4.75526222353801, 1.84970627725124], [2.03678886266425, 2.2201965241693], [1.06225965265185, 2.89384295744821]]</obstacles>
<global-best>6.27131033030199</global-best>
</iteration>
<iteration i="600">
<sensors>[[0.925636138803697,3.60994679787888,0], [0.0677015825083361,0.837931289836441,74.3530478956096], [8.9419713226388,4.07659289995496,206.798471698107], [2.2600760053575,5.93303396966527,7.28070749348598], [8.65012586902684,0.0182008973113855,158.157334912593], [0.805053863943178,5.99999361218509,298.192492194411], [7.15588714316838,3.91758101118352,311.919056526466]]</sensors>
<obstacles>[[3.33356228261255, 0.885136219672859], [2.77921362267807, 2.83805472962558], [5.09827690059319, 5.32183193648234], [8.98132777679712, 1.32901923637837], [4.75526222353801, 1.84970627725124], [2.03678886266425, 2.2201965241693], [1.06225965265185, 2.89384295744821]]</obstacles>
<global-best>0.298249234095442</global-best>
</iteration>
<iterations>600</iterations>
<elapsed-time>62824</elapsed-time>
<average-time>0</average-time>
</simulation>