<?xml version="1.0" encoding="UTF-8"?>
<simulation>
<software>charlie-simulation-framework; v1.0.0; Jakob Rieke</software>
<system>Unix; Unix 18.2.0.0; 18.2.0.0</system>
<datetime>7/9/2019 11:46:15 PM</datetime>
<title>Static Sensor Positioning</title>
<meta>Author: Jakob Rieke; Version v1.4.0; Deterministic: No</meta>
<configuration>
  Zoom = 40
  NumberOfSensors = 7
  NumberOfObstacles = 7
  FieldHeight = 9
  FieldWidth = 6
  PlayerSensorRange = 12
  PlayerSensorFOV = 56.3
  PlayerSize = 0.1555
  Optimizer = SPSO-2006
  </configuration>
<iteration i="0">
<sensors>[[8.84247516584583,1.04445878975093,217.943504713476], [6.24787964299321,3.33996742917225,232.797307670116], [6.87909235619009,3.85310791153461,217.363969702274], [1.91894655441865,3.28966882824898,10.2031344082206], [1.73090776219033,5.56447089929134,337.503730114549], [8.35015143686906,2.63818735722452,342.442020401359], [4.78381933621131,3.4451021309942,215.61222477816]]</sensors>
<obstacles>[[4.80886416533031, 5.12023583706468], [3.27003942173906, 4.49534821975976], [6.58519336441532, 1.7554799770005], [8.53924443153664, 4.32007347978652], [7.50335634592921, 5.90970175294206], [2.96074659540318, 2.48468153458089], [1.84054627642035, 0.932500356808305]]</obstacles>
<global-best>11.9691938067387</global-best>
</iteration>
<iteration i="600">
<sensors>[[0.739028397059396,4.60705405045878,125.413507902904], [0.0613709969463571,2.51433163198187,359.820717963102], [0.00129836543024321,5.55437669038757,347.849850287456], [4.89620435153216,0.378528843571554,137.200999097725], [1.89896656854586E-05,0.0837575034391766,24.4364527075845], [7.37719634663533,0.000322979354122038,49.9376084638066], [8.98929337673422,1.20379208551977,168.255908373398]]</sensors>
<obstacles>[[4.80886416533031, 5.12023583706468], [3.27003942173906, 4.49534821975976], [6.58519336441532, 1.7554799770005], [8.53924443153664, 4.32007347978652], [7.50335634592921, 5.90970175294206], [2.96074659540318, 2.48468153458089], [1.84054627642035, 0.932500356808305]]</obstacles>
<global-best>0.494160627485183</global-best>
</iteration>
<iterations>600</iterations>
<elapsed-time>63788</elapsed-time>
<average-time>0</average-time>
</simulation>