<?xml version="1.0" encoding="UTF-8"?>
<simulation>
<software>charlie-simulation-framework; v1.0.0; Jakob Rieke</software>
<system>Unix; Unix 18.2.0.0; 18.2.0.0</system>
<datetime>7/9/2019 11:37:45 PM</datetime>
<title>Static Sensor Positioning</title>
<meta>Author: Jakob Rieke; Version v1.4.0; Deterministic: No</meta>
<configuration>
  Zoom = 40
  NumberOfSensors = 7
  NumberOfObstacles = 7
  FieldHeight = 9
  FieldWidth = 6
  PlayerSensorRange = 12
  PlayerSensorFOV = 56.3
  PlayerSize = 0.1555
  Optimizer = SPSO-2006
  </configuration>
<iteration i="0">
<sensors>[[6.54090128000826,5.4784972644411,276.126081906259], [1.74115005601197,5.61278678197414,210.123654836789], [4.80973250535317,1.2877365401946,60.6235965248197], [8.36431111162528,3.0762417409569,104.946290301159], [8.79180315812118,0.126830621156842,153.773646578193], [1.18977248319425,3.34603167744353,340.984251704067], [0.466481927549466,4.89886738127097,340.234077908099]]</sensors>
<obstacles>[[0.474282774142921, 3.41342988610268], [1.25267640757374, 1.26220415113494], [3.57961169234477, 5.99032827839255], [2.53868451970629, 5.78088635578752], [2.35904690693133, 4.45271090045571], [8.19240151508711, 5.03726300038397], [7.12312345812097, 3.34590393025428]]</obstacles>
<global-best>3.52551822276222</global-best>
</iteration>
<iteration i="600">
<sensors>[[8.9909298857044,1.86564669317387,145.949076287084], [6.68414153370285,5.98770196630429,359.983714907386], [0.0284690451781415,5.56564393622949E-06,71.9807994816012], [8.83095839757812,5.56932476972691E-06,171.509164109498], [3.46220790162009,5.05363221907861,359.999790157753], [0.0313699202828148,4.55566887434086,359.997780726211], [8.97040724304595,3.94840684399616,360]]</sensors>
<obstacles>[[0.474282774142921, 3.41342988610268], [1.25267640757374, 1.26220415113494], [3.57961169234477, 5.99032827839255], [2.53868451970629, 5.78088635578752], [2.35904690693133, 4.45271090045571], [8.19240151508711, 5.03726300038397], [7.12312345812097, 3.34590393025428]]</obstacles>
<global-best>0.280671658046166</global-best>
</iteration>
<iterations>600</iterations>
<elapsed-time>62194</elapsed-time>
<average-time>0</average-time>
</simulation>