<?xml version="1.0" encoding="UTF-8"?>
<simulation>
<software>charlie-simulation-framework; v1.0.0; Jakob Rieke</software>
<system>Unix; Unix 18.2.0.0; 18.2.0.0</system>
<datetime>7/9/2019 11:47:19 PM</datetime>
<title>Static Sensor Positioning</title>
<meta>Author: Jakob Rieke; Version v1.4.0; Deterministic: No</meta>
<configuration>
  Zoom = 40
  NumberOfSensors = 7
  NumberOfObstacles = 7
  FieldHeight = 9
  FieldWidth = 6
  PlayerSensorRange = 12
  PlayerSensorFOV = 56.3
  PlayerSize = 0.1555
  Optimizer = SPSO-2006
  </configuration>
<iteration i="0">
<sensors>[[7.07680356502533,2.66763064032421,118.987038088962], [1.82486734190024,0.350249532144517,358.686957014725], [0.940423222957179,0.620023262221366,64.9955569021404], [4.64435771503486,5.11319621326402,189.798172479495], [1.24952438869514,1.49901840649545,35.1735785789788], [3.54879929241724,3.46313562104478,235.604047039524], [8.45942363049835,4.63282988732681,30.2470296621323]]</sensors>
<obstacles>[[8.87446654750966, 1.21086944080889], [8.12822081730701, 2.5015962976031], [4.9690745989792, 3.25843226071447], [0.73335336567834, 5.4912699633278], [6.85345521569252, 1.8336268980056], [4.49913958716206, 2.29747697990388], [6.86584369582124, 0.354929858352989]]</obstacles>
<global-best>7.25216446757808</global-best>
</iteration>
<iteration i="600">
<sensors>[[4.55790483980836,1.60967545432892,0.0206522486703733], [4.197510741232,2.37359382676654,213.323288226592], [2.69351113277872,0.005124702805897,10.4230606120132], [2.8545064895699,3.99680025572258,0], [0.114928037781663,1.87656434191368,0], [1.19793274438645,0.164836766022987,90.6961234090788], [8.99998767620079,5.63494481325105,199.508341842452]]</sensors>
<obstacles>[[8.87446654750966, 1.21086944080889], [8.12822081730701, 2.5015962976031], [4.9690745989792, 3.25843226071447], [0.73335336567834, 5.4912699633278], [6.85345521569252, 1.8336268980056], [4.49913958716206, 2.29747697990388], [6.86584369582124, 0.354929858352989]]</obstacles>
<global-best>0.536345158688384</global-best>
</iteration>
<iterations>600</iterations>
<elapsed-time>61417</elapsed-time>
<average-time>0</average-time>
</simulation>