<?xml version="1.0" encoding="UTF-8"?>
<simulation>
<software>charlie-simulation-framework; v1.0.0; Jakob Rieke</software>
<system>Unix; Unix 18.2.0.0; 18.2.0.0</system>
<datetime>7/9/2019 11:09:58 PM</datetime>
<title>Static Sensor Positioning</title>
<meta>Author: Jakob Rieke; Version v1.4.0; Deterministic: No</meta>
<configuration>
  Zoom = 40
  NumberOfSensors = 7
  NumberOfObstacles = 7
  FieldHeight = 9
  FieldWidth = 6
  PlayerSensorRange = 12
  PlayerSensorFOV = 56.3
  PlayerSize = 0.1555
  Optimizer = SPSO-2006
  </configuration>
<iteration i="0">
<sensors>[[1.14683837606572,5.40526993805543,350.854306127876], [4.94029822200537,5.07244783407077,7.24452945403755], [8.41454130294733,4.8754789698869,80.7864934299141], [8.55033752205782,1.08401967957616,192.795826038346], [0.193102327175438,0.703768276143819,38.8367734383792], [4.44382421672344,1.93514231778681,28.547216327861], [1.96383108012378,5.54984854487702,318.331234361976]]</sensors>
<obstacles>[[5.26651934115216, 5.79690998699516], [4.56373250274919, 4.17355489404872], [1.11425514612347, 0.890580247621983], [5.63455220754258, 2.38311935216188], [3.63877585669979, 1.47669683257118], [0.469949602615088, 2.88210311857983], [8.4229073622264, 1.98262767400593]]</obstacles>
<global-best>7.65568596597624</global-best>
</iteration>
<iteration i="600">
<sensors>[[0.000124833721923941,4.88477855371353,340.448532656341], [6.35284291078062,4.09781220698671,0], [8.75592339237028,5.10463807685369,189.798234493156], [8.93076839445756,1.69454518100564,190.439262650338], [0.000190164050054808,0.00868960985040146,65.8925990132475], [3.77020245005379,2.59311552720627,40.5835161525203], [0.0128986879181838,5.99782471048274,307.464339786934]]</sensors>
<obstacles>[[5.26651934115216, 5.79690998699516], [4.56373250274919, 4.17355489404872], [1.11425514612347, 0.890580247621983], [5.63455220754258, 2.38311935216188], [3.63877585669979, 1.47669683257118], [0.469949602615088, 2.88210311857983], [8.4229073622264, 1.98262767400593]]</obstacles>
<global-best>0.367437842513124</global-best>
</iteration>
<iterations>600</iterations>
<elapsed-time>63322</elapsed-time>
<average-time>0</average-time>
</simulation>