<?xml version="1.0" encoding="UTF-8"?>
<simulation>
<software>charlie-simulation-framework; v1.0.0; Jakob Rieke</software>
<system>Unix; Unix 18.2.0.0; 18.2.0.0</system>
<datetime>7/9/2019 11:02:26 PM</datetime>
<title>Static Sensor Positioning</title>
<meta>Author: Jakob Rieke; Version v1.4.0; Deterministic: No</meta>
<configuration>
  Zoom = 40
  NumberOfSensors = 7
  NumberOfObstacles = 7
  FieldHeight = 9
  FieldWidth = 6
  PlayerSensorRange = 12
  PlayerSensorFOV = 56.3
  PlayerSize = 0.1555
  Optimizer = SPSO-2006
  </configuration>
<iteration i="0">
<sensors>[[0.574621640145779,1.54541552904993,206.329390062019], [4.34193364041857,3.68295856844634,249.797938484699], [1.38053925801069,0.365327866282314,13.7238466367126], [8.49487099866383,5.75391117157415,218.665266875178], [0.027914124308154,5.40377692691982,19.1016609594226], [2.63328485400416,3.48943802062422,95.2099347766489], [3.35729082184844,5.79374574730173,245.11214624159]]</sensors>
<obstacles>[[1.90555636142381, 1.73780536232516], [7.53323229867965, 3.53399398550391], [6.39929316029884, 5.46801463142037], [4.52862688782625, 2.70644750772044], [4.99864581087604, 1.5465002367273], [2.96328089525923, 0.0121885710395873], [0.0700284687336534, 4.37171691516414]]</obstacles>
<global-best>6.16883926501636</global-best>
</iteration>
<iteration i="600">
<sensors>[[4.98407371594254,0.0409533340553101,157.279826693391], [8.98878018413414,1.82216244459529,183.072724647187], [0.000353407328319371,1.62479669724592,0], [0.000743908213744177,0.0158844762281095,343.190131723907], [0.00127547055968674,5.12879625731544,65.3703943091736], [8.99890515749381,3.36000160479794,186.495297166535], [0.00837304541804126,5.99701116274049,0]]</sensors>
<obstacles>[[1.90555636142381, 1.73780536232516], [7.53323229867965, 3.53399398550391], [6.39929316029884, 5.46801463142037], [4.52862688782625, 2.70644750772044], [4.99864581087604, 1.5465002367273], [2.96328089525923, 0.0121885710395873], [0.0700284687336534, 4.37171691516414]]</obstacles>
<global-best>0.307081834602761</global-best>
</iteration>
<iterations>600</iterations>
<elapsed-time>61495</elapsed-time>
<average-time>0</average-time>
</simulation>