<?xml version="1.0" encoding="UTF-8"?>
<simulation>
<software>charlie-simulation-framework; v1.0.0; Jakob Rieke</software>
<system>Unix; Unix 18.2.0.0; 18.2.0.0</system>
<datetime>7/9/2019 11:53:40 PM</datetime>
<title>Static Sensor Positioning</title>
<meta>Author: Jakob Rieke; Version v1.4.0; Deterministic: No</meta>
<configuration>
  Zoom = 40
  NumberOfSensors = 7
  NumberOfObstacles = 7
  FieldHeight = 9
  FieldWidth = 6
  PlayerSensorRange = 12
  PlayerSensorFOV = 56.3
  PlayerSize = 0.1555
  Optimizer = SPSO-2006
  </configuration>
<iteration i="0">
<sensors>[[8.6356342874933,3.87341065518558,83.8476980756968], [7.26896913908422,5.64096892112866,284.45104194805], [8.93291086982936,2.79295472195372,134.824220761657], [2.94774213968776,2.14223692333326,103.420964973047], [7.87659778771922,1.04354706918821,294.488700740039], [2.22161861602217,3.01943250792101,270.311738317832], [2.15870372811332,5.86894546402618,301.835940694436]]</sensors>
<obstacles>[[2.72582384571433, 1.16921796184033], [3.70926614524797, 5.2285509025678], [7.89655640046112, 0.222570205572993], [5.83398344367743, 1.88694677269086], [6.34012913843617, 3.13278000662103], [4.21053781989031, 4.76506391912699], [2.34967355034314, 4.69809563225135]]</obstacles>
<global-best>11.5426910627636</global-best>
</iteration>
<iteration i="600">
<sensors>[[0.0150703559553906,1.27564369306256,0], [0.00436401089143735,3.55766254279503,337.104626197847], [0.000419894250137242,5.85221731460694,324.7978156142], [6.60004828980765,3.32030916008817,301.060173241247], [8.99954432814871,3.64657151334629,195.290957019935], [7.8505329452969,5.99968377683603,200.598018320318], [2.94253054366226,1.52088602869278,23.5922351484037]]</sensors>
<obstacles>[[2.72582384571433, 1.16921796184033], [3.70926614524797, 5.2285509025678], [7.89655640046112, 0.222570205572993], [5.83398344367743, 1.88694677269086], [6.34012913843617, 3.13278000662103], [4.21053781989031, 4.76506391912699], [2.34967355034314, 4.69809563225135]]</obstacles>
<global-best>0.16161682641334</global-best>
</iteration>
<iterations>600</iterations>
<elapsed-time>64994</elapsed-time>
<average-time>0</average-time>
</simulation>