<?xml version="1.0" encoding="UTF-8"?>
<simulation>
<software>charlie-simulation-framework; v1.0.0; Jakob Rieke</software>
<system>Unix; Unix 18.2.0.0; 18.2.0.0</system>
<datetime>7/9/2019 11:28:14 PM</datetime>
<title>Static Sensor Positioning</title>
<meta>Author: Jakob Rieke; Version v1.4.0; Deterministic: No</meta>
<configuration>
  Zoom = 40
  NumberOfSensors = 7
  NumberOfObstacles = 7
  FieldHeight = 9
  FieldWidth = 6
  PlayerSensorRange = 12
  PlayerSensorFOV = 56.3
  PlayerSize = 0.1555
  Optimizer = SPSO-2006
  </configuration>
<iteration i="0">
<sensors>[[6.54117496591061,0.00602306658402085,98.11125067994], [2.75523019814864,1.66272035054863,9.67173549346626], [6.08550318935886,0.0336006358265877,196.43187392503], [5.56462244619615,2.87962827226147,335.952885579318], [8.17040579183958,4.43754952400923,83.8772387523204], [0.693483715876937,1.65771606657654,74.4395664799958], [0.635170832276344,5.06624269578606,289.301578821614]]</sensors>
<obstacles>[[4.80546874855645, 3.8882031342946], [7.00519992504269, 2.93548093456775], [1.3785971396137, 0.469111510086805], [0.118291685124859, 2.45623639924452], [5.39508797298186, 3.24292131559923], [2.94467700552195, 0.599729244131595], [1.2056169770658, 3.33014533761889]]</obstacles>
<global-best>11.5503549021385</global-best>
</iteration>
<iteration i="600">
<sensors>[[7.28292499985924,8.01249512636865E-05,152.730251138319], [1.33020692832467,1.48591965000014,14.9571352924343], [0.00286155153095251,4.78039020705882,12.0757078564276], [8.99934421780047,5.91565833301202,194.830909563827], [4.52973043992072,5.98193024264182,322.040728696143], [2.7982232705351,4.88131403687273,223.828686121514], [4.18671418786377,3.83115797554705,225.883639990367]]</sensors>
<obstacles>[[4.80546874855645, 3.8882031342946], [7.00519992504269, 2.93548093456775], [1.3785971396137, 0.469111510086805], [0.118291685124859, 2.45623639924452], [5.39508797298186, 3.24292131559923], [2.94467700552195, 0.599729244131595], [1.2056169770658, 3.33014533761889]]</obstacles>
<global-best>0.215498513536002</global-best>
</iteration>
<iterations>600</iterations>
<elapsed-time>64742</elapsed-time>
<average-time>0</average-time>
</simulation>