<?xml version="1.0" encoding="UTF-8"?>
<simulation>
<software>charlie-simulation-framework; v1.0.0; Jakob Rieke</software>
<system>Unix; Unix 18.2.0.0; 18.2.0.0</system>
<datetime>7/9/2019 11:42:01 PM</datetime>
<title>Static Sensor Positioning</title>
<meta>Author: Jakob Rieke; Version v1.4.0; Deterministic: No</meta>
<configuration>
  Zoom = 40
  NumberOfSensors = 7
  NumberOfObstacles = 7
  FieldHeight = 9
  FieldWidth = 6
  PlayerSensorRange = 12
  PlayerSensorFOV = 56.3
  PlayerSize = 0.1555
  Optimizer = SPSO-2006
  </configuration>
<iteration i="0">
<sensors>[[7.54109598440118,4.50458506448194,165.533401155844], [6.34344358602539,1.27934484696016,173.376629920676], [4.95474469405599,2.64687788207084,331.717411670834], [0.200988786527887,2.69366729306057,354.423055630177], [6.53650969290175,5.02136353310198,100.701629994437], [7.48442868422717,5.09338683122769,329.271456990391], [3.3163034892641,4.32830424886197,265.207084771246]]</sensors>
<obstacles>[[5.98929392779246, 1.77187722595409], [8.81967422040179, 5.00985481543466], [5.1667058088351, 1.14514132635668], [6.89090166147798, 2.32325674826279], [3.86137420590967, 0.469372132793069], [8.06615037471056, 1.37138628121465], [6.9749573583249, 0.367425927892327]]</obstacles>
<global-best>8.45750594828736</global-best>
</iteration>
<iteration i="600">
<sensors>[[0.000565581512328632,4.1256497001344,32.246829212218], [2.95765343303427,5.99885965507092,330.238029671669], [0.00246030005452271,1.72137366330455,0], [8.76719751055204,0.0291387248307243,163.741367230077], [8.99679527732857,2.84173059017432,157.487647477915], [4.26509911159455E-06,3.02424942785377,0], [6.28220248962676,5.30112503513705,224.115060788323]]</sensors>
<obstacles>[[5.98929392779246, 1.77187722595409], [8.81967422040179, 5.00985481543466], [5.1667058088351, 1.14514132635668], [6.89090166147798, 2.32325674826279], [3.86137420590967, 0.469372132793069], [8.06615037471056, 1.37138628121465], [6.9749573583249, 0.367425927892327]]</obstacles>
<global-best>0.276220436222446</global-best>
</iteration>
<iterations>600</iterations>
<elapsed-time>63666</elapsed-time>
<average-time>0</average-time>
</simulation>