<?xml version="1.0" encoding="UTF-8"?>
<simulation>
<software>charlie-simulation-framework; v1.0.0; Jakob Rieke</software>
<system>Unix; Unix 18.2.0.0; 18.2.0.0</system>
<datetime>7/9/2019 11:29:19 PM</datetime>
<title>Static Sensor Positioning</title>
<meta>Author: Jakob Rieke; Version v1.4.0; Deterministic: No</meta>
<configuration>
  Zoom = 40
  NumberOfSensors = 7
  NumberOfObstacles = 7
  FieldHeight = 9
  FieldWidth = 6
  PlayerSensorRange = 12
  PlayerSensorFOV = 56.3
  PlayerSize = 0.1555
  Optimizer = SPSO-2006
  </configuration>
<iteration i="0">
<sensors>[[2.07260116213001,0.0506184655241668,34.3999363761395], [1.00045714178123,4.40104849962518,254.194611897692], [5.39224349660799,1.36599511513487,165.900813499466], [7.58042968064547,5.72452866146341,174.608965739608], [3.81456825882196,5.59130979375914,75.4397250898182], [2.61721352278255,4.88351879222319,289.656013296917], [4.42057220335118,4.10504305316135,193.264433098957]]</sensors>
<obstacles>[[5.77473735669628, 5.93795728683472], [1.80024320469238, 5.51388882938772], [7.19559585512616, 1.50816879188642], [2.31797689106315, 2.48434956930578], [5.70262062898837, 0.732137710321695], [5.11907058558427, 0.859994073864073], [3.18122725049034, 5.0982473292388]]</obstacles>
<global-best>8.8292373660656</global-best>
</iteration>
<iteration i="600">
<sensors>[[0.128206428431362,5.27742882688479,0], [3.94583334053483,0.296403250452483,96.2254268515454], [8.99967858549271,0.699840115045571,164.883933380648], [7.10827562734245,2.65012349894795,32.9656054794777], [0.287273131356031,1.42270712710732,0], [7.46730031988302,3.45253064550957,190.086903058234], [0.000771780302352662,2.89831469990671,359.969472957237]]</sensors>
<obstacles>[[5.77473735669628, 5.93795728683472], [1.80024320469238, 5.51388882938772], [7.19559585512616, 1.50816879188642], [2.31797689106315, 2.48434956930578], [5.70262062898837, 0.732137710321695], [5.11907058558427, 0.859994073864073], [3.18122725049034, 5.0982473292388]]</obstacles>
<global-best>0.444367804494897</global-best>
</iteration>
<iterations>600</iterations>
<elapsed-time>62533</elapsed-time>
<average-time>0</average-time>
</simulation>