<?xml version="1.0" encoding="UTF-8"?>
<simulation>
<software>charlie-simulation-framework; v1.0.0; Jakob Rieke</software>
<system>Unix; Unix 18.2.0.0; 18.2.0.0</system>
<datetime>7/9/2019 11:05:44 PM</datetime>
<title>Static Sensor Positioning</title>
<meta>Author: Jakob Rieke; Version v1.4.0; Deterministic: No</meta>
<configuration>
  Zoom = 40
  NumberOfSensors = 7
  NumberOfObstacles = 7
  FieldHeight = 9
  FieldWidth = 6
  PlayerSensorRange = 12
  PlayerSensorFOV = 56.3
  PlayerSize = 0.1555
  Optimizer = SPSO-2006
  </configuration>
<iteration i="0">
<sensors>[[4.73895637923852,1.65621310053393,317.168110935017], [1.48253344302066,4.87888229219243,0.0816412456333637], [4.16366885346361,3.40773012209684,36.0945037286729], [4.03348220419139,2.06316953944042,114.017760660499], [8.5795438780915,1.8032901249826,302.811715174466], [6.88433729647659,4.70824873493984,266.430042916909], [6.51231461483985,0.639417393598706,168.986068088561]]</sensors>
<obstacles>[[7.8753980922047, 5.14702355582267], [3.95911595388316, 3.66163879539818], [3.25227597914636, 0.147688373923302], [8.9368152609095, 3.16423326032236], [4.49404013995081, 3.83154481602833], [8.82838714588434, 2.56751357344911], [5.0863717335742, 5.59908619942144]]</obstacles>
<global-best>9.34145497773083</global-best>
</iteration>
<iteration i="600">
<sensors>[[5.04269674987355,3.57322420591966,197.802652228035], [8.99907015552894,4.4136517471687,193.737623210024], [8.37165733597439,2.49967528968941,109.84745575935], [6.65249077091352E-08,0.230288548900983,35.6741120007211], [6.90465460126488,5.64735813484103,211.071495682593], [3.39385593537732E-05,3.53483827910654,360], [1.85572372473977,1.05358451185533,359.999691416466]]</sensors>
<obstacles>[[7.8753980922047, 5.14702355582267], [3.95911595388316, 3.66163879539818], [3.25227597914636, 0.147688373923302], [8.9368152609095, 3.16423326032236], [4.49404013995081, 3.83154481602833], [8.82838714588434, 2.56751357344911], [5.0863717335742, 5.59908619942144]]</obstacles>
<global-best>0.335991540207113</global-best>
</iteration>
<iterations>600</iterations>
<elapsed-time>66875</elapsed-time>
<average-time>0</average-time>
</simulation>