<?xml version="1.0" encoding="UTF-8"?>
<simulation>
<software>charlie-simulation-framework; v1.0.0; Jakob Rieke</software>
<system>Unix; Unix 18.2.0.0; 18.2.0.0</system>
<datetime>7/9/2019 11:03:28 PM</datetime>
<title>Static Sensor Positioning</title>
<meta>Author: Jakob Rieke; Version v1.4.0; Deterministic: No</meta>
<configuration>
  Zoom = 40
  NumberOfSensors = 7
  NumberOfObstacles = 7
  FieldHeight = 9
  FieldWidth = 6
  PlayerSensorRange = 12
  PlayerSensorFOV = 56.3
  PlayerSize = 0.1555
  Optimizer = SPSO-2006
  </configuration>
<iteration i="0">
<sensors>[[1.2584788093809,0.91337111312896,30.5775829218328], [8.19835509289987,1.01666463632137,172.268101433292], [6.22717588325031,0.181140845641494,202.114059878513], [2.85511961602606,1.01977179246023,63.8178808987141], [4.71989422990009,4.63695166585967,61.7356755025685], [5.32775141322054,2.79343071207404,288.324966570362], [3.45649540470913,0.123914355877787,26.204689219594]]</sensors>
<obstacles>[[5.83872295520268, 4.85937902703881], [7.5474982119631, 0.422941710334271], [0.112682880135253, 3.15521977934986], [5.61532447370701, 2.535634403117], [0.0855535031296313, 4.71431197179481], [0.420493301935494, 0.0464474321343005], [1.73263106890954, 2.87416740646586]]</obstacles>
<global-best>7.86043979745478</global-best>
</iteration>
<iteration i="600">
<sensors>[[2.50803906222819,4.83892827060916,346.948222757104], [0.831911407895921,1.41809613938585,76.3874388217089], [8.94676083936648,5.91899152620901,199.554422530703], [0.0628731687453127,0.837790071344882,7.88553440119883], [8.99488985035099,3.070744488508,176.766645192353], [4.75229897520393,2.51499892614346,316.14846546191], [1.3959307480961,4.78441290153763,255.081533413029]]</sensors>
<obstacles>[[5.83872295520268, 4.85937902703881], [7.5474982119631, 0.422941710334271], [0.112682880135253, 3.15521977934986], [5.61532447370701, 2.535634403117], [0.0855535031296313, 4.71431197179481], [0.420493301935494, 0.0464474321343005], [1.73263106890954, 2.87416740646586]]</obstacles>
<global-best>0.239987920048164</global-best>
</iteration>
<iterations>600</iterations>
<elapsed-time>64814</elapsed-time>
<average-time>0</average-time>
</simulation>