<?xml version="1.0" encoding="UTF-8"?>
<simulation>
<software>charlie-simulation-framework; v1.0.0; Jakob Rieke</software>
<system>Unix; Unix 18.2.0.0; 18.2.0.0</system>
<datetime>7/9/2019 10:52:19 PM</datetime>
<title>Static Sensor Positioning</title>
<meta>Author: Jakob Rieke; Version v1.4.0; Deterministic: No</meta>
<configuration>
  Zoom = 40
  NumberOfSensors = 7
  NumberOfObstacles = 7
  FieldHeight = 9
  FieldWidth = 6
  PlayerSensorRange = 12
  PlayerSensorFOV = 56.3
  PlayerSize = 0.1555
  Optimizer = SPSO-2006
  </configuration>
<iteration i="0">
<sensors>[[8.80064315744676,2.63025358412415,203.159382361919], [1.04756033001468,3.15513709746301,20.2943860832602], [5.01647610962391,0.582902305293828,181.629595868289], [5.55879685375839,0.847791505046189,24.3053954746574], [4.39785306318663,0.449008090887219,145.132072633132], [3.66975265508518,5.44826227426529,73.0383021198213], [1.03195908525959,5.90637989295647,64.252082426101]]</sensors>
<obstacles>[[1.54114345880225, 3.87515528686345], [2.98904362390749, 2.0308056268841], [1.20973695069551, 1.76386967953295], [1.60133781144395, 0.521713937167078], [3.78289879881777, 0.604625372216105], [6.67863257043064, 5.33990457002074], [3.61737985443324, 2.03769782697782]]</obstacles>
<global-best>9.37679961548358</global-best>
</iteration>
<iteration i="600">
<sensors>[[6.12530488390922,3.14304921047451,351.423784578183], [0.0581863416037545,2.6358269974947,3.42793049326388], [8.99469436319641,5.99996809613822,207.337892356495], [8.97317617338953,1.02233689431822,167.762829575939], [5.71163690701801,5.99451290117981,205.420887381146], [0.0347904415015479,0.0276333420639985,0], [4.86726742331954,1.1599967183333,176.689851414184]]</sensors>
<obstacles>[[1.54114345880225, 3.87515528686345], [2.98904362390749, 2.0308056268841], [1.20973695069551, 1.76386967953295], [1.60133781144395, 0.521713937167078], [3.78289879881777, 0.604625372216105], [6.67863257043064, 5.33990457002074], [3.61737985443324, 2.03769782697782]]</obstacles>
<global-best>0.18068407582913</global-best>
</iteration>
<iterations>600</iterations>
<elapsed-time>72513</elapsed-time>
<average-time>0</average-time>
</simulation>