<?xml version="1.0" encoding="UTF-8"?>
<simulation>
<software>charlie-simulation-framework; v1.0.0; Jakob Rieke</software>
<system>Unix; Unix 18.2.0.0; 18.2.0.0</system>
<datetime>7/9/2019 11:20:31 PM</datetime>
<title>Static Sensor Positioning</title>
<meta>Author: Jakob Rieke; Version v1.4.0; Deterministic: No</meta>
<configuration>
  Zoom = 40
  NumberOfSensors = 7
  NumberOfObstacles = 7
  FieldHeight = 9
  FieldWidth = 6
  PlayerSensorRange = 12
  PlayerSensorFOV = 56.3
  PlayerSize = 0.1555
  Optimizer = SPSO-2006
  </configuration>
<iteration i="0">
<sensors>[[7.89019269612618,5.5012246328406,200.218795984983], [4.61809804849327,5.04207733087242,307.209497932345], [2.30817063013092,3.35703138029203,181.609428254887], [4.73327419278212,0.824217908084393,93.6474202014506], [7.89908399689011,1.80282748583704,205.664005419239], [6.55196560593322,5.76367187546566,120.228914692998], [1.15593943186104,4.07978336513042,214.428936587647]]</sensors>
<obstacles>[[0.149590279441327, 3.12187092471868], [0.904496579663828, 0.917186400387436], [6.04631964443251, 5.74620571034029], [3.94087609439157, 4.4475009329617], [6.77727135596797, 2.93139581428841], [7.28242691326886, 3.35838346928358], [1.38244711956941, 2.60969705600291]]</obstacles>
<global-best>10.8586958961985</global-best>
</iteration>
<iteration i="600">
<sensors>[[8.81351849161985,5.35809871280753,187.74347423225], [4.88113504505526,5.99581518125705,342.677687439628], [0.867808493341757,3.1811171710796,328.025317394267], [3.16629718010497,9.38511188456867E-06,148.593980291687], [8.83023937995426,3.55754190243057,195.726362132552], [7.92315852559686,4.47845746071586,151.453968060047], [0.00174232835780666,5.24664775929796,345.274042654694]]</sensors>
<obstacles>[[0.149590279441327, 3.12187092471868], [0.904496579663828, 0.917186400387436], [6.04631964443251, 5.74620571034029], [3.94087609439157, 4.4475009329617], [6.77727135596797, 2.93139581428841], [7.28242691326886, 3.35838346928358], [1.38244711956941, 2.60969705600291]]</obstacles>
<global-best>0.483437672095749</global-best>
</iteration>
<iterations>600</iterations>
<elapsed-time>65497</elapsed-time>
<average-time>0</average-time>
</simulation>