<?xml version="1.0" encoding="UTF-8"?>
<simulation>
<software>charlie-simulation-framework; v1.0.0; Jakob Rieke</software>
<system>Unix; Unix 18.2.0.0; 18.2.0.0</system>
<datetime>7/9/2019 11:27:09 PM</datetime>
<title>Static Sensor Positioning</title>
<meta>Author: Jakob Rieke; Version v1.4.0; Deterministic: No</meta>
<configuration>
  Zoom = 40
  NumberOfSensors = 7
  NumberOfObstacles = 7
  FieldHeight = 9
  FieldWidth = 6
  PlayerSensorRange = 12
  PlayerSensorFOV = 56.3
  PlayerSize = 0.1555
  Optimizer = SPSO-2006
  </configuration>
<iteration i="0">
<sensors>[[0.206863182596862,2.77806853596121,24.1377232968807], [1.84310952317901,1.01236094394699,225.125868525356], [3.0669806257356,0.630715120118111,19.8707338515669], [4.18077189219184,5.45308395568281,228.653464643285], [3.49460279289633,0.51971947029233,354.285276755691], [7.91365557932295,1.95799687178805,242.08897179924], [5.49591956078075,4.83242700761184,218.081936957315]]</sensors>
<obstacles>[[2.9675851680804, 1.6669013290666], [4.67789979488589, 5.19618823053315], [2.04200095008127, 5.66295513510704], [2.62111593782902, 5.59966805577278], [8.28660328150727, 5.50423877360299], [8.04609954846092, 3.09370423480868], [0.457473542075604, 5.6317524863407]]</obstacles>
<global-best>7.20840500354484</global-best>
</iteration>
<iteration i="600">
<sensors>[[0.0043744133524261,1.74901979481651,359.499503597952], [8.98776735264598,0.646979187271997,114.874138620788], [0.284247937508237,0.743668568250466,51.5474632012991], [8.99365885401883,0.130672167467242,167.792890876857], [3.39701705388627,1.33516864718615,355.120663319373], [7.4256692672655,3.49969429729787,360], [8.11458918387622,4.10240325020692,218.199940844665]]</sensors>
<obstacles>[[2.9675851680804, 1.6669013290666], [4.67789979488589, 5.19618823053315], [2.04200095008127, 5.66295513510704], [2.62111593782902, 5.59966805577278], [8.28660328150727, 5.50423877360299], [8.04609954846092, 3.09370423480868], [0.457473542075604, 5.6317524863407]]</obstacles>
<global-best>0.479428637787587</global-best>
</iteration>
<iterations>600</iterations>
<elapsed-time>64916</elapsed-time>
<average-time>0</average-time>
</simulation>