<?xml version="1.0" encoding="UTF-8"?>
<simulation>
<software>charlie-simulation-framework; v1.0.0; Jakob Rieke</software>
<system>Unix; Unix 18.2.0.0; 18.2.0.0</system>
<datetime>7/9/2019 10:48:55 PM</datetime>
<title>Static Sensor Positioning</title>
<meta>Author: Jakob Rieke; Version v1.4.0; Deterministic: No</meta>
<configuration>
  Zoom = 40
  NumberOfSensors = 7
  NumberOfObstacles = 7
  FieldHeight = 9
  FieldWidth = 6
  PlayerSensorRange = 12
  PlayerSensorFOV = 56.3
  PlayerSize = 0.1555
  Optimizer = SPSO-2006
  </configuration>
<iteration i="0">
<sensors>[[8.67936923308298,4.73098407732323,196.775071620941], [8.23385751550086,1.25262096058577,264.195741014555], [5.60803623287939,3.97951858816668,13.9874027576298], [6.32412467803806,1.78384251706302,22.0860764756799], [3.12562083103694,0.984518457669765,113.853787081316], [2.41121511999518,4.30951895657927,318.267230065539], [3.47768158279359,2.04037876753137,347.859237128869]]</sensors>
<obstacles>[[1.03004126180895, 2.64233919186518], [2.73201338457875, 3.27961087832227], [7.96380619285628, 2.57726371614262], [5.6035941594746, 0.910957064945251], [8.81940641649999, 1.84070314932615], [0.849956635851413, 1.66591240977868], [7.30556574161164, 0.63026698725298]]</obstacles>
<global-best>7.11420322306894</global-best>
</iteration>
<iteration i="600">
<sensors>[[4.22007398703984,1.02046140336976,142.135522300567], [8.99902592675937,5.80308170084968,197.167134957285], [7.74316292388812,2.29398850092122,360], [8.94802994074389,2.6858023289844,223.571780889982], [6.00067064230909,0.00103981854143228,155.8675310318], [2.03666076840763,5.66024825560776,316.0990709556], [0.000255669550563617,4.36228423721538,360]]</sensors>
<obstacles>[[1.03004126180895, 2.64233919186518], [2.73201338457875, 3.27961087832227], [7.96380619285628, 2.57726371614262], [5.6035941594746, 0.910957064945251], [8.81940641649999, 1.84070314932615], [0.849956635851413, 1.66591240977868], [7.30556574161164, 0.63026698725298]]</obstacles>
<global-best>0.399832978633214</global-best>
</iteration>
<iterations>600</iterations>
<elapsed-time>66007</elapsed-time>
<average-time>0</average-time>
</simulation>