<?xml version="1.0" encoding="UTF-8"?>
<simulation>
<software>charlie-simulation-framework; v1.0.0; Jakob Rieke</software>
<system>Unix; Unix 18.2.0.0; 18.2.0.0</system>
<datetime>7/9/2019 11:49:25 PM</datetime>
<title>Static Sensor Positioning</title>
<meta>Author: Jakob Rieke; Version v1.4.0; Deterministic: No</meta>
<configuration>
  Zoom = 40
  NumberOfSensors = 7
  NumberOfObstacles = 7
  FieldHeight = 9
  FieldWidth = 6
  PlayerSensorRange = 12
  PlayerSensorFOV = 56.3
  PlayerSize = 0.1555
  Optimizer = SPSO-2006
  </configuration>
<iteration i="0">
<sensors>[[7.04439992993139,2.70639645354822,182.479789741337], [4.0969658063259,0.521949359681457,262.208316419274], [8.19693459081464,1.10570367006585,36.2558054085821], [2.32807699218392,4.86962874932215,313.637782568112], [3.8005504058674,0.708675246220082,123.635863624513], [3.77568683330901,5.643018391449,310.164309237152], [0.056277765892446,1.61024866718799,5.59569627977908]]</sensors>
<obstacles>[[8.34389523253776, 3.83515388472006], [2.5755277283024, 0.197560660075396], [5.17320984508842, 4.23526894580573], [2.19756007916294, 0.926420993171632], [1.76044122409076, 1.9478819151409], [3.53454706049524, 2.47022445872426], [1.1268401609268, 3.94488906674087]]</obstacles>
<global-best>8.53963406545417</global-best>
</iteration>
<iteration i="600">
<sensors>[[7.36339719976087,2.81535012089495,172.133837625194], [4.67249598398979,0.01559232525136,153.680236836283], [8.49160628283969,0.000103997041020947,113.776027975165], [0.0313049215685772,5.98706551651532,295.384164514585], [3.90700142240297,0.998865458384845,360], [1.30492758908277,5.98235748015995,332.5817291889], [0.00152609808769945,0.690142351421318,9.69432256086251]]</sensors>
<obstacles>[[8.34389523253776, 3.83515388472006], [2.5755277283024, 0.197560660075396], [5.17320984508842, 4.23526894580573], [2.19756007916294, 0.926420993171632], [1.76044122409076, 1.9478819151409], [3.53454706049524, 2.47022445872426], [1.1268401609268, 3.94488906674087]]</obstacles>
<global-best>0.230874234987178</global-best>
</iteration>
<iterations>600</iterations>
<elapsed-time>64464</elapsed-time>
<average-time>0</average-time>
</simulation>