<?xml version="1.0" encoding="UTF-8"?>
<simulation>
<software>charlie-simulation-framework; v1.0.0; Jakob Rieke</software>
<system>Unix; Unix 18.2.0.0; 18.2.0.0</system>
<datetime>6/18/2019 7:27:22 AM</datetime>
<title>Static Sensor Positioning</title>
<meta>Author: Jakob Rieke; Version v1.3.0</meta>
<configuration>
  Zoom = 40
  SizeTeamA = 3
  SizeTeamB = 3
  FieldHeight = 9
  FieldWidth = 6
  PlayerSensorRange = 12
  PlayerSensorFOV = 56.3
  PlayerSize = 0.1555
  Optimizer = Adaptive-Differential-Evolution
  </configuration>
<iteration i="0">
<sensors>[[9,2.30580765691255,360], [9,6,3.31562380965697], [9,4.58125181020732,360]]</sensors>
<obstacles>[[4.6820747286547, 5.10627274028957], [5.02558815828525, 5.41821779077873], [8.41229664394632, 1.2633041809313]]</obstacles>
<global-best>12.201365297512</global-best>
</iteration>
<iteration i="200">
<sensors>[[7.4621492449597,0,151.480981426713], [0,0,14.0688528955549], [0,6,0]]</sensors>
<obstacles>[[4.6820747286547, 5.10627274028957], [5.02558815828525, 5.41821779077873], [8.41229664394632, 1.2633041809313]]</obstacles>
<global-best>0.935293443938893</global-best>
</iteration>
<iterations>200</iterations>
<elapsed-time>10934</elapsed-time>
<average-time>0</average-time>
</simulation>