<?xml version="1.0" encoding="UTF-8"?>
<simulation>
<software>charlie-simulation-framework; v1.0.0; Jakob Rieke</software>
<system>Unix; Unix 18.2.0.0; 18.2.0.0</system>
<datetime>6/18/2019 7:25:52 AM</datetime>
<title>Static Sensor Positioning</title>
<meta>Author: Jakob Rieke; Version v1.3.0</meta>
<configuration>
  Zoom = 40
  SizeTeamA = 3
  SizeTeamB = 3
  FieldHeight = 9
  FieldWidth = 6
  PlayerSensorRange = 12
  PlayerSensorFOV = 56.3
  PlayerSize = 0.1555
  Optimizer = Adaptive-Differential-Evolution
  </configuration>
<iteration i="0">
<sensors>[[9,6,2.13460983641786], [9,1.9296933889691,360], [2.63709199559807,6,4.73507414100111]]</sensors>
<obstacles>[[0.581377500202507, 2.01035025436431], [3.33390618371777, 4.30434487201273], [1.75976776541211, 3.15854472247884]]</obstacles>
<global-best>17.4498142723265</global-best>
</iteration>
<iteration i="200">
<sensors>[[0.746810908726431,0.513710137533242,14.0971551962964], [0,5.96470773248444,0], [8.8652511031522,0,157.041882074861]]</sensors>
<obstacles>[[0.581377500202507, 2.01035025436431], [3.33390618371777, 4.30434487201273], [1.75976776541211, 3.15854472247884]]</obstacles>
<global-best>1.14420754757645</global-best>
</iteration>
<iterations>200</iterations>
<elapsed-time>11025</elapsed-time>
<average-time>0</average-time>
</simulation>