<?xml version="1.0" encoding="UTF-8"?>
<simulation>
<software>charlie-simulation-framework; v1.0.0; Jakob Rieke</software>
<system>Unix; Unix 18.2.0.0; 18.2.0.0</system>
<datetime>6/18/2019 7:17:59 AM</datetime>
<title>Static Sensor Positioning</title>
<meta>Author: Jakob Rieke; Version v1.3.0</meta>
<configuration>
  Zoom = 40
  SizeTeamA = 3
  SizeTeamB = 3
  FieldHeight = 9
  FieldWidth = 6
  PlayerSensorRange = 12
  PlayerSensorFOV = 56.3
  PlayerSize = 0.1555
  Optimizer = Adaptive-Differential-Evolution
  </configuration>
<iteration i="0">
<sensors>[[2.13925148526655,6,2.19917954578977], [9,0.584490612518157,3.33286842292474], [9,3.5867522257815,3.79796916358126]]</sensors>
<obstacles>[[0.442033942323178, 5.19710404844955], [1.95833637169562, 1.25677916267887], [2.966678051278, 0.168586341664195]]</obstacles>
<global-best>14.2168858412195</global-best>
</iteration>
<iteration i="200">
<sensors>[[0,6,359.450788331605], [0,4.4445087109954,347.308702842756], [9,5.86772878831609,208.41182782831]]</sensors>
<obstacles>[[0.442033942323178, 5.19710404844955], [1.95833637169562, 1.25677916267887], [2.966678051278, 0.168586341664195]]</obstacles>
<global-best>1.02983420794142</global-best>
</iteration>
<iterations>200</iterations>
<elapsed-time>12893</elapsed-time>
<average-time>0</average-time>
</simulation>