<?xml version="1.0" encoding="UTF-8"?>
<simulation>
<software>charlie-simulation-framework; v1.0.0; Jakob Rieke</software>
<system>Unix; Unix 18.2.0.0; 18.2.0.0</system>
<datetime>6/18/2019 7:20:33 AM</datetime>
<title>Static Sensor Positioning</title>
<meta>Author: Jakob Rieke; Version v1.3.0</meta>
<configuration>
  Zoom = 40
  SizeTeamA = 3
  SizeTeamB = 3
  FieldHeight = 9
  FieldWidth = 6
  PlayerSensorRange = 12
  PlayerSensorFOV = 56.3
  PlayerSize = 0.1555
  Optimizer = Adaptive-Differential-Evolution
  </configuration>
<iteration i="0">
<sensors>[[4.77109442692508,6,360], [9,2.61982959406912,4.94919542222032], [3.39180069239619,6,360]]</sensors>
<obstacles>[[6.82123667607084, 1.47394063510001], [3.13458026619628, 0.390458746813238], [5.1021487719845, 4.38089194055647]]</obstacles>
<global-best>16.3157514576465</global-best>
</iteration>
<iteration i="200">
<sensors>[[9,1.82765970745785,0.748281927002552], [0,2.61162164416332,0], [9,6,204.747633037308]]</sensors>
<obstacles>[[6.82123667607084, 1.47394063510001], [3.13458026619628, 0.390458746813238], [5.1021487719845, 4.38089194055647]]</obstacles>
<global-best>1.45496595823549</global-best>
</iteration>
<iterations>200</iterations>
<elapsed-time>12308</elapsed-time>
<average-time>0</average-time>
</simulation>