<?xml version="1.0" encoding="UTF-8"?>
<simulation>
<software>charlie-simulation-framework; v1.0.0; Jakob Rieke</software>
<system>Unix; Unix 18.2.0.0; 18.2.0.0</system>
<datetime>6/18/2019 7:26:25 AM</datetime>
<title>Static Sensor Positioning</title>
<meta>Author: Jakob Rieke; Version v1.3.0</meta>
<configuration>
  Zoom = 40
  SizeTeamA = 3
  SizeTeamB = 3
  FieldHeight = 9
  FieldWidth = 6
  PlayerSensorRange = 12
  PlayerSensorFOV = 56.3
  PlayerSize = 0.1555
  Optimizer = Adaptive-Differential-Evolution
  </configuration>
<iteration i="0">
<sensors>[[9,1.45509320461543,360], [0.367192138304747,6,3.42546844119799], [9,3.89535317637384,360]]</sensors>
<obstacles>[[6.83105988311581, 3.64988237433136], [7.24699936830439, 5.60622969036922], [6.29622748307884, 3.22811629157513]]</obstacles>
<global-best>11.8623243407138</global-best>
</iteration>
<iteration i="200">
<sensors>[[9,0,169.469460995997], [0,1.65144111689923,4.22986527282801], [0.828094122097342,6,1.66815780213864]]</sensors>
<obstacles>[[6.83105988311581, 3.64988237433136], [7.24699936830439, 5.60622969036922], [6.29622748307884, 3.22811629157513]]</obstacles>
<global-best>0.745520915217153</global-best>
</iteration>
<iterations>200</iterations>
<elapsed-time>11504</elapsed-time>
<average-time>0</average-time>
</simulation>