<?xml version="1.0" encoding="UTF-8"?>
<simulation>
<software>charlie-simulation-framework; v1.0.0; Jakob Rieke</software>
<system>Unix; Unix 18.2.0.0; 18.2.0.0</system>
<datetime>6/18/2019 7:21:25 AM</datetime>
<title>Static Sensor Positioning</title>
<meta>Author: Jakob Rieke; Version v1.3.0</meta>
<configuration>
  Zoom = 40
  SizeTeamA = 3
  SizeTeamB = 3
  FieldHeight = 9
  FieldWidth = 6
  PlayerSensorRange = 12
  PlayerSensorFOV = 56.3
  PlayerSize = 0.1555
  Optimizer = Adaptive-Differential-Evolution
  </configuration>
<iteration i="0">
<sensors>[[9,3.44803525564448,360], [4.61709920773681,1.69143125337815,360], [2.97050892095326,1.82178645786405,360]]</sensors>
<obstacles>[[7.1979955395218, 1.14644618611783], [3.73276520473883, 5.17302368301898], [2.65022421511821, 5.78329063486308]]</obstacles>
<global-best>16.3851342627769</global-best>
</iteration>
<iteration i="200">
<sensors>[[0,1.33887560926686,16.5883306378919], [9,3.84548829874702,203.281272363999], [8.980461939473,0.903042121723275,163.877566116659]]</sensors>
<obstacles>[[7.1979955395218, 1.14644618611783], [3.73276520473883, 5.17302368301898], [2.65022421511821, 5.78329063486308]]</obstacles>
<global-best>0.936439151960878</global-best>
</iteration>
<iterations>200</iterations>
<elapsed-time>11061</elapsed-time>
<average-time>0</average-time>
</simulation>