<?xml version="1.0" encoding="UTF-8"?>
<simulation>
<software>charlie-simulation-framework; v1.0.0; Jakob Rieke</software>
<system>Unix; Unix 18.2.0.0; 18.2.0.0</system>
<datetime>6/18/2019 7:21:36 AM</datetime>
<title>Static Sensor Positioning</title>
<meta>Author: Jakob Rieke; Version v1.3.0</meta>
<configuration>
  Zoom = 40
  SizeTeamA = 3
  SizeTeamB = 3
  FieldHeight = 9
  FieldWidth = 6
  PlayerSensorRange = 12
  PlayerSensorFOV = 56.3
  PlayerSize = 0.1555
  Optimizer = Adaptive-Differential-Evolution
  </configuration>
<iteration i="0">
<sensors>[[9,4.30689127168313,4.40757844816138], [1.69041089869347,3.36924303983553,360], [9,4.40117628066828,360]]</sensors>
<obstacles>[[8.95051887002774, 2.01151535008103], [3.0786768256221, 1.65976545028389], [5.72102360241115, 5.88273442257196]]</obstacles>
<global-best>17.6682269038681</global-best>
</iteration>
<iteration i="200">
<sensors>[[0,5.77191833358798,359.270297276807], [8.9837639507487,6,208.699617281255], [0.0206961508249513,0.61626915905926,5.77791461262923]]</sensors>
<obstacles>[[8.95051887002774, 2.01151535008103], [3.0786768256221, 1.65976545028389], [5.72102360241115, 5.88273442257196]]</obstacles>
<global-best>0.476705431760183</global-best>
</iteration>
<iterations>200</iterations>
<elapsed-time>11195</elapsed-time>
<average-time>0</average-time>
</simulation>