<?xml version="1.0" encoding="UTF-8"?>
<simulation>
<software>charlie-simulation-framework; v1.0.0; Jakob Rieke</software>
<system>Unix; Unix 18.2.0.0; 18.2.0.0</system>
<datetime>6/18/2019 7:24:53 AM</datetime>
<title>Static Sensor Positioning</title>
<meta>Author: Jakob Rieke; Version v1.3.0</meta>
<configuration>
  Zoom = 40
  SizeTeamA = 3
  SizeTeamB = 3
  FieldHeight = 9
  FieldWidth = 6
  PlayerSensorRange = 12
  PlayerSensorFOV = 56.3
  PlayerSize = 0.1555
  Optimizer = Adaptive-Differential-Evolution
  </configuration>
<iteration i="0">
<sensors>[[1.88828460799723,1.40380032742485,2.19246127810154], [3.44130891106122,3.13372813587397,360], [1.87899718454084,1.8626646853198,2.11252475555812]]</sensors>
<obstacles>[[2.1451936676167, 3.7393061905168], [7.58638526382856, 1.74258536333218], [3.20651900209486, 4.19008801924065]]</obstacles>
<global-best>12.2268785277651</global-best>
</iteration>
<iteration i="200">
<sensors>[[0,2.305966013556,1.64313268128455], [8.6091938896581,6,196.303533154841], [1.55093233290622,0,4.11882816616266]]</sensors>
<obstacles>[[2.1451936676167, 3.7393061905168], [7.58638526382856, 1.74258536333218], [3.20651900209486, 4.19008801924065]]</obstacles>
<global-best>1.69479296448238</global-best>
</iteration>
<iterations>200</iterations>
<elapsed-time>11979</elapsed-time>
<average-time>0</average-time>
</simulation>