<?xml version="1.0" encoding="UTF-8"?>
<simulation>
<software>charlie-simulation-framework; v1.0.0; Jakob Rieke</software>
<system>Unix; Unix 18.2.0.0; 18.2.0.0</system>
<datetime>6/18/2019 7:18:41 AM</datetime>
<title>Static Sensor Positioning</title>
<meta>Author: Jakob Rieke; Version v1.3.0</meta>
<configuration>
  Zoom = 40
  SizeTeamA = 3
  SizeTeamB = 3
  FieldHeight = 9
  FieldWidth = 6
  PlayerSensorRange = 12
  PlayerSensorFOV = 56.3
  PlayerSize = 0.1555
  Optimizer = Adaptive-Differential-Evolution
  </configuration>
<iteration i="0">
<sensors>[[1.94081746436209,2.75439707510043,4.94166537186635], [1.99959105509324,6,1.52471581393031], [9,6,360]]</sensors>
<obstacles>[[0.88808706169948, 5.99554365780205], [8.05131368944421, 1.79114514682442], [3.46792055480182, 0.32108487887308]]</obstacles>
<global-best>11.2209057104026</global-best>
</iteration>
<iteration i="200">
<sensors>[[0.354742841183312,1.75525906041427,6], [9,0.816868077008204,360], [9,5.42189478038042,197.007932906022]]</sensors>
<obstacles>[[0.88808706169948, 5.99554365780205], [8.05131368944421, 1.79114514682442], [3.46792055480182, 0.32108487887308]]</obstacles>
<global-best>0.90623071251861</global-best>
</iteration>
<iterations>200</iterations>
<elapsed-time>10927</elapsed-time>
<average-time>0</average-time>
</simulation>