<?xml version="1.0" encoding="UTF-8"?>
<simulation>
<software>charlie-simulation-framework; v1.0.0; Jakob Rieke</software>
<system>Unix; Unix 18.2.0.0; 18.2.0.0</system>
<datetime>6/18/2019 7:21:58 AM</datetime>
<title>Static Sensor Positioning</title>
<meta>Author: Jakob Rieke; Version v1.3.0</meta>
<configuration>
  Zoom = 40
  SizeTeamA = 3
  SizeTeamB = 3
  FieldHeight = 9
  FieldWidth = 6
  PlayerSensorRange = 12
  PlayerSensorFOV = 56.3
  PlayerSize = 0.1555
  Optimizer = Adaptive-Differential-Evolution
  </configuration>
<iteration i="0">
<sensors>[[9,3.32182966599284,4.88215465561537], [9,2.84137220071661,360], [9,2.45233441876535,1.24628489982483]]</sensors>
<obstacles>[[0.277488302439451, 2.01536404760554], [4.28066285233945, 5.26293137669563], [5.33063379256055, 3.26373020745814]]</obstacles>
<global-best>17.6389831766854</global-best>
</iteration>
<iteration i="200">
<sensors>[[8.37470538455614,0.010370949768698,157.367125916841], [0,3.70667479226618,1.2085710002378], [0,6,0.0468929723510958]]</sensors>
<obstacles>[[0.277488302439451, 2.01536404760554], [4.28066285233945, 5.26293137669563], [5.33063379256055, 3.26373020745814]]</obstacles>
<global-best>0.271765022867437</global-best>
</iteration>
<iterations>200</iterations>
<elapsed-time>11235</elapsed-time>
<average-time>0</average-time>
</simulation>