<?xml version="1.0" encoding="UTF-8"?>
<simulation>
<software>charlie-simulation-framework; v1.0.0; Jakob Rieke</software>
<system>Unix; Unix 18.2.0.0; 18.2.0.0</system>
<datetime>6/18/2019 7:18:12 AM</datetime>
<title>Static Sensor Positioning</title>
<meta>Author: Jakob Rieke; Version v1.3.0</meta>
<configuration>
  Zoom = 40
  SizeTeamA = 3
  SizeTeamB = 3
  FieldHeight = 9
  FieldWidth = 6
  PlayerSensorRange = 12
  PlayerSensorFOV = 56.3
  PlayerSize = 0.1555
  Optimizer = Adaptive-Differential-Evolution
  </configuration>
<iteration i="0">
<sensors>[[9,6,360], [9,6,1.7771404112636], [9,4.01600339892693,4.73888776957497]]</sensors>
<obstacles>[[6.51741508254781, 2.33099418366328], [5.85322185186669, 4.34211919410154], [2.72940188320354, 3.23477026540786]]</obstacles>
<global-best>13.614733121774</global-best>
</iteration>
<iteration i="200">
<sensors>[[0,1.51750312138151,17.1116318910655], [9,6,203.768647230672], [0.343234864853121,1.22716511927817,0]]</sensors>
<obstacles>[[6.51741508254781, 2.33099418366328], [5.85322185186669, 4.34211919410154], [2.72940188320354, 3.23477026540786]]</obstacles>
<global-best>1.54492735288242</global-best>
</iteration>
<iterations>200</iterations>
<elapsed-time>16227</elapsed-time>
<average-time>0</average-time>
</simulation>