<?xml version="1.0" encoding="UTF-8"?>
<simulation>
<software>charlie-simulation-framework; v1.0.0; Jakob Rieke</software>
<system>Unix; Unix 18.2.0.0; 18.2.0.0</system>
<datetime>6/18/2019 7:21:47 AM</datetime>
<title>Static Sensor Positioning</title>
<meta>Author: Jakob Rieke; Version v1.3.0</meta>
<configuration>
  Zoom = 40
  SizeTeamA = 3
  SizeTeamB = 3
  FieldHeight = 9
  FieldWidth = 6
  PlayerSensorRange = 12
  PlayerSensorFOV = 56.3
  PlayerSize = 0.1555
  Optimizer = Adaptive-Differential-Evolution
  </configuration>
<iteration i="0">
<sensors>[[4.50568308343778,3.5308549456603,360], [1.19763454100993,1.80889459019734,360], [9,3.86144409628153,360]]</sensors>
<obstacles>[[2.53243142925203, 3.21642993064597], [8.85113685904071, 3.85295459115878], [8.80929718539119, 1.75641677202657]]</obstacles>
<global-best>15.1318687694211</global-best>
</iteration>
<iteration i="200">
<sensors>[[0.0421494124905242,1.98186493775778,356.723310030572], [0,4.09018777191717,345.42845274005], [9,6,205.291218947471]]</sensors>
<obstacles>[[2.53243142925203, 3.21642993064597], [8.85113685904071, 3.85295459115878], [8.80929718539119, 1.75641677202657]]</obstacles>
<global-best>0.623518917152134</global-best>
</iteration>
<iterations>200</iterations>
<elapsed-time>10721</elapsed-time>
<average-time>0</average-time>
</simulation>