<?xml version="1.0" encoding="UTF-8"?>
<simulation>
<software>charlie-simulation-framework; v1.0.0; Jakob Rieke</software>
<system>Unix; Unix 18.2.0.0; 18.2.0.0</system>
<datetime>6/18/2019 7:19:48 AM</datetime>
<title>Static Sensor Positioning</title>
<meta>Author: Jakob Rieke; Version v1.3.0</meta>
<configuration>
  Zoom = 40
  SizeTeamA = 3
  SizeTeamB = 3
  FieldHeight = 9
  FieldWidth = 6
  PlayerSensorRange = 12
  PlayerSensorFOV = 56.3
  PlayerSize = 0.1555
  Optimizer = Adaptive-Differential-Evolution
  </configuration>
<iteration i="0">
<sensors>[[9,6,3.43795800545205], [9,4.71495661179418,360], [1.56362780988301,6,360]]</sensors>
<obstacles>[[1.88682458270341, 5.83860101178288], [6.88271411787719, 0.174316090531647], [3.61286523356102, 3.57571892347187]]</obstacles>
<global-best>16.3141635764534</global-best>
</iteration>
<iteration i="200">
<sensors>[[9,3.52194802546294,176.58808912565], [0,0.236204179294651,2.63415751131353], [0,3.94435048764517,4.82468466837663]]</sensors>
<obstacles>[[1.88682458270341, 5.83860101178288], [6.88271411787719, 0.174316090531647], [3.61286523356102, 3.57571892347187]]</obstacles>
<global-best>1.19341655662585</global-best>
</iteration>
<iterations>200</iterations>
<elapsed-time>10455</elapsed-time>
<average-time>0</average-time>
</simulation>