<?xml version="1.0" encoding="UTF-8"?>
<simulation>
<software>charlie-simulation-framework; v1.0.0; Jakob Rieke</software>
<system>Unix; Unix 18.2.0.0; 18.2.0.0</system>
<datetime>6/18/2019 7:23:57 AM</datetime>
<title>Static Sensor Positioning</title>
<meta>Author: Jakob Rieke; Version v1.3.0</meta>
<configuration>
  Zoom = 40
  SizeTeamA = 3
  SizeTeamB = 3
  FieldHeight = 9
  FieldWidth = 6
  PlayerSensorRange = 12
  PlayerSensorFOV = 56.3
  PlayerSize = 0.1555
  Optimizer = Adaptive-Differential-Evolution
  </configuration>
<iteration i="0">
<sensors>[[2.97946290531649,2.9011730775007,3.38632254358063], [3.28799665632844,6,2.91478724403185], [0.964270822229858,6,4.16292877615498]]</sensors>
<obstacles>[[5.82043152605183, 2.03577863937244], [5.5892869066447, 0.63464343175292], [7.24903810489923, 5.37988108489662]]</obstacles>
<global-best>17.6419431304477</global-best>
</iteration>
<iteration i="200">
<sensors>[[0.635905100417089,4.76823518818028,350.586570729963], [7.94505237246946,4.93663738176951,192.359069403589], [1.3749519129399,0,28.3422479462735]]</sensors>
<obstacles>[[5.82043152605183, 2.03577863937244], [5.5892869066447, 0.63464343175292], [7.24903810489923, 5.37988108489662]]</obstacles>
<global-best>1.16384607013343</global-best>
</iteration>
<iterations>200</iterations>
<elapsed-time>11819</elapsed-time>
<average-time>0</average-time>
</simulation>