<?xml version="1.0" encoding="UTF-8"?>
<simulation>
<software>charlie-simulation-framework; v1.0.0; Jakob Rieke</software>
<system>Unix; Unix 18.2.0.0; 18.2.0.0</system>
<datetime>6/18/2019 7:19:03 AM</datetime>
<title>Static Sensor Positioning</title>
<meta>Author: Jakob Rieke; Version v1.3.0</meta>
<configuration>
  Zoom = 40
  SizeTeamA = 3
  SizeTeamB = 3
  FieldHeight = 9
  FieldWidth = 6
  PlayerSensorRange = 12
  PlayerSensorFOV = 56.3
  PlayerSize = 0.1555
  Optimizer = Adaptive-Differential-Evolution
  </configuration>
<iteration i="0">
<sensors>[[9,1.28468555311781,360], [9,6,1.90636941159758], [9,6,0.612244502550979]]</sensors>
<obstacles>[[1.12064701784402, 5.33924633916467], [6.45713451155461, 0.157885061111301], [5.99058565450832, 2.01915827812627]]</obstacles>
<global-best>14.9262438390136</global-best>
</iteration>
<iteration i="200">
<sensors>[[9,6,188.28562109693], [0,1.38262515688924,360], [9,5.63789985555099,244.338630283169]]</sensors>
<obstacles>[[1.12064701784402, 5.33924633916467], [6.45713451155461, 0.157885061111301], [5.99058565450832, 2.01915827812627]]</obstacles>
<global-best>0.616265697323557</global-best>
</iteration>
<iterations>200</iterations>
<elapsed-time>11034</elapsed-time>
<average-time>0</average-time>
</simulation>