<?xml version="1.0" encoding="UTF-8"?>
<simulation>
<software>charlie-simulation-framework; v1.0.0; Jakob Rieke</software>
<system>Unix; Unix 18.2.0.0; 18.2.0.0</system>
<datetime>6/18/2019 7:18:52 AM</datetime>
<title>Static Sensor Positioning</title>
<meta>Author: Jakob Rieke; Version v1.3.0</meta>
<configuration>
  Zoom = 40
  SizeTeamA = 3
  SizeTeamB = 3
  FieldHeight = 9
  FieldWidth = 6
  PlayerSensorRange = 12
  PlayerSensorFOV = 56.3
  PlayerSize = 0.1555
  Optimizer = Adaptive-Differential-Evolution
  </configuration>
<iteration i="0">
<sensors>[[9,6,1.71526319736505], [9,3.53861529113227,3.41899279468204], [9,6,360]]</sensors>
<obstacles>[[3.70359380543232, 5.9739838745445], [7.45874772104435, 0.614295080769807], [2.09338263887912, 3.54583390150219]]</obstacles>
<global-best>12.2263609419955</global-best>
</iteration>
<iteration i="200">
<sensors>[[9,6,221.540152731209], [9,1.7102210333456,143.527377332008], [0,1.81809654769623,2.87016565811429]]</sensors>
<obstacles>[[3.70359380543232, 5.9739838745445], [7.45874772104435, 0.614295080769807], [2.09338263887912, 3.54583390150219]]</obstacles>
<global-best>1.03287972623262</global-best>
</iteration>
<iterations>200</iterations>
<elapsed-time>10815</elapsed-time>
<average-time>0</average-time>
</simulation>