<?xml version="1.0" encoding="UTF-8"?>
<simulation>
<software>charlie-simulation-framework; v1.0.0; Jakob Rieke</software>
<system>Unix; Unix 18.2.0.0; 18.2.0.0</system>
<datetime>6/18/2019 7:22:57 AM</datetime>
<title>Static Sensor Positioning</title>
<meta>Author: Jakob Rieke; Version v1.3.0</meta>
<configuration>
  Zoom = 40
  SizeTeamA = 3
  SizeTeamB = 3
  FieldHeight = 9
  FieldWidth = 6
  PlayerSensorRange = 12
  PlayerSensorFOV = 56.3
  PlayerSize = 0.1555
  Optimizer = Adaptive-Differential-Evolution
  </configuration>
<iteration i="0">
<sensors>[[1.93150173801265,2.84221855873294,360], [4.37583646955337,3.24301973410021,360], [0.585375860236905,6,1.78342171869786]]</sensors>
<obstacles>[[1.82716276589781, 2.90920596895739], [1.30363101535477, 3.25082142138854], [3.44333836482838, 5.52402717992663]]</obstacles>
<global-best>13.4000958610108</global-best>
</iteration>
<iteration i="200">
<sensors>[[0,3.82127701124391,6.09067299603601], [7.65739404226837,0,144.494933581541], [0,0.505650380142585,5.67574431926475]]</sensors>
<obstacles>[[1.82716276589781, 2.90920596895739], [1.30363101535477, 3.25082142138854], [3.44333836482838, 5.52402717992663]]</obstacles>
<global-best>1.25804852486505</global-best>
</iteration>
<iterations>200</iterations>
<elapsed-time>12807</elapsed-time>
<average-time>0</average-time>
</simulation>