<?xml version="1.0" encoding="UTF-8"?>
<simulation>
<software>charlie-simulation-framework; v1.0.0; Jakob Rieke</software>
<system>Unix; Unix 18.2.0.0; 18.2.0.0</system>
<datetime>6/18/2019 7:22:21 AM</datetime>
<title>Static Sensor Positioning</title>
<meta>Author: Jakob Rieke; Version v1.3.0</meta>
<configuration>
  Zoom = 40
  SizeTeamA = 3
  SizeTeamB = 3
  FieldHeight = 9
  FieldWidth = 6
  PlayerSensorRange = 12
  PlayerSensorFOV = 56.3
  PlayerSize = 0.1555
  Optimizer = Adaptive-Differential-Evolution
  </configuration>
<iteration i="0">
<sensors>[[1.61099949772726,6,360], [4.35099628040357,1.59633031967011,1.85610864238257], [4.86517281268378,6,360]]</sensors>
<obstacles>[[5.67050720471889, 2.73965692520142], [3.27542166598141, 3.02209168486297], [0.514917614171281, 5.20850137481466]]</obstacles>
<global-best>9.37141166490555</global-best>
</iteration>
<iteration i="200">
<sensors>[[0,4.80814873936912,1.27334926622244], [8.95215214495213,6,199.448714876615], [0.822126892353904,0.149102200411479,1.09957342876577]]</sensors>
<obstacles>[[5.67050720471889, 2.73965692520142], [3.27542166598141, 3.02209168486297], [0.514917614171281, 5.20850137481466]]</obstacles>
<global-best>1.74622470360281</global-best>
</iteration>
<iterations>200</iterations>
<elapsed-time>11509</elapsed-time>
<average-time>0</average-time>
</simulation>