<?xml version="1.0" encoding="UTF-8"?>
<simulation>
<software>charlie-simulation-framework; v1.0.0; Jakob Rieke</software>
<system>Unix; Unix 18.2.0.0; 18.2.0.0</system>
<datetime>6/18/2019 7:25:05 AM</datetime>
<title>Static Sensor Positioning</title>
<meta>Author: Jakob Rieke; Version v1.3.0</meta>
<configuration>
  Zoom = 40
  SizeTeamA = 3
  SizeTeamB = 3
  FieldHeight = 9
  FieldWidth = 6
  PlayerSensorRange = 12
  PlayerSensorFOV = 56.3
  PlayerSize = 0.1555
  Optimizer = Adaptive-Differential-Evolution
  </configuration>
<iteration i="0">
<sensors>[[2.7151438378997,6,1.2917645662771], [4.35329911516823,6,1.90702257605899], [1.10447200157318,4.89890967493386,3.35833008130042]]</sensors>
<obstacles>[[5.43573336792178, 0.707182378973812], [7.68510648538359, 3.27170350123197], [6.42181233968586, 0.570147247519344]]</obstacles>
<global-best>19.0187519451095</global-best>
</iteration>
<iteration i="200">
<sensors>[[9,4.90675540052026,210.424647961832], [0.147749920098482,3.03779991622934,10.9416849083019], [8.92239227041415,0.305796260103954,163.529808052653]]</sensors>
<obstacles>[[5.43573336792178, 0.707182378973812], [7.68510648538359, 3.27170350123197], [6.42181233968586, 0.570147247519344]]</obstacles>
<global-best>1.1999417159741</global-best>
</iteration>
<iterations>200</iterations>
<elapsed-time>11786</elapsed-time>
<average-time>0</average-time>
</simulation>