<?xml version="1.0" encoding="UTF-8"?>
<simulation>
<software>charlie-simulation-framework; v1.0.0; Jakob Rieke</software>
<system>Unix; Unix 18.2.0.0; 18.2.0.0</system>
<datetime>6/18/2019 7:19:58 AM</datetime>
<title>Static Sensor Positioning</title>
<meta>Author: Jakob Rieke; Version v1.3.0</meta>
<configuration>
  Zoom = 40
  SizeTeamA = 3
  SizeTeamB = 3
  FieldHeight = 9
  FieldWidth = 6
  PlayerSensorRange = 12
  PlayerSensorFOV = 56.3
  PlayerSize = 0.1555
  Optimizer = Adaptive-Differential-Evolution
  </configuration>
<iteration i="0">
<sensors>[[4.41960381563278,3.58616049368544,4.90533422443674], [4.00538780004843,6,1.11463481469886], [4.91020124869193,6,1.40328179961147]]</sensors>
<obstacles>[[2.88732365705073, 3.15024802694097], [5.849107806338, 0.763326908927411], [4.60518918838352, 1.20706214569509]]</obstacles>
<global-best>17.3523120536276</global-best>
</iteration>
<iteration i="200">
<sensors>[[0,0,6], [7.2744449718207,6,204.033768895516], [0,1.0970075570023,31.0162861151108]]</sensors>
<obstacles>[[2.88732365705073, 3.15024802694097], [5.849107806338, 0.763326908927411], [4.60518918838352, 1.20706214569509]]</obstacles>
<global-best>1.73906209608241</global-best>
</iteration>
<iterations>200</iterations>
<elapsed-time>11072</elapsed-time>
<average-time>0</average-time>
</simulation>