<?xml version="1.0" encoding="UTF-8"?>
<simulation>
<software>charlie-simulation-framework; v1.0.0; Jakob Rieke</software>
<system>Unix; Unix 18.2.0.0; 18.2.0.0</system>
<datetime>6/18/2019 7:27:01 AM</datetime>
<title>Static Sensor Positioning</title>
<meta>Author: Jakob Rieke; Version v1.3.0</meta>
<configuration>
  Zoom = 40
  SizeTeamA = 3
  SizeTeamB = 3
  FieldHeight = 9
  FieldWidth = 6
  PlayerSensorRange = 12
  PlayerSensorFOV = 56.3
  PlayerSize = 0.1555
  Optimizer = Adaptive-Differential-Evolution
  </configuration>
<iteration i="0">
<sensors>[[9,0.488890471283554,360], [9,3.95451156630984,360], [9,4.77121019730605,4.89570368777395]]</sensors>
<obstacles>[[4.82136692013592, 4.45658411923796], [1.648915710859, 0.470774775836617], [0.105149395298213, 4.5253753149882]]</obstacles>
<global-best>13.4324085656367</global-best>
</iteration>
<iteration i="200">
<sensors>[[8.74583077867111,0,154.474772627929], [0.0130777861054688,0.383002078309405,360], [0,6,338.441729519617]]</sensors>
<obstacles>[[4.82136692013592, 4.45658411923796], [1.648915710859, 0.470774775836617], [0.105149395298213, 4.5253753149882]]</obstacles>
<global-best>0.573893496259061</global-best>
</iteration>
<iterations>200</iterations>
<elapsed-time>10468</elapsed-time>
<average-time>0</average-time>
</simulation>