<?xml version="1.0" encoding="UTF-8"?>
<simulation>
<software>charlie-simulation-framework; v1.0.0; Jakob Rieke</software>
<system>Unix; Unix 18.2.0.0; 18.2.0.0</system>
<datetime>6/18/2019 7:23:45 AM</datetime>
<title>Static Sensor Positioning</title>
<meta>Author: Jakob Rieke; Version v1.3.0</meta>
<configuration>
  Zoom = 40
  SizeTeamA = 3
  SizeTeamB = 3
  FieldHeight = 9
  FieldWidth = 6
  PlayerSensorRange = 12
  PlayerSensorFOV = 56.3
  PlayerSize = 0.1555
  Optimizer = Adaptive-Differential-Evolution
  </configuration>
<iteration i="0">
<sensors>[[9,6,3.67167240909107], [4.79309503682728,6,360], [9,6,360]]</sensors>
<obstacles>[[0.183062797877938, 2.02313819015399], [8.09118927991949, 0.568261088803411], [6.70356596633792, 2.1508196988143]]</obstacles>
<global-best>14.2144934314704</global-best>
</iteration>
<iteration i="200">
<sensors>[[9,6,184.651579435483], [0,0,6], [0,3.84310799473022,360]]</sensors>
<obstacles>[[0.183062797877938, 2.02313819015399], [8.09118927991949, 0.568261088803411], [6.70356596633792, 2.1508196988143]]</obstacles>
<global-best>0.733249303642148</global-best>
</iteration>
<iterations>200</iterations>
<elapsed-time>11912</elapsed-time>
<average-time>0</average-time>
</simulation>