<?xml version="1.0" encoding="UTF-8"?>
<simulation>
<software>charlie-simulation-framework; v1.0.0; Jakob Rieke</software>
<system>Unix; Unix 18.2.0.0; 18.2.0.0</system>
<datetime>6/18/2019 7:26:14 AM</datetime>
<title>Static Sensor Positioning</title>
<meta>Author: Jakob Rieke; Version v1.3.0</meta>
<configuration>
  Zoom = 40
  SizeTeamA = 3
  SizeTeamB = 3
  FieldHeight = 9
  FieldWidth = 6
  PlayerSensorRange = 12
  PlayerSensorFOV = 56.3
  PlayerSize = 0.1555
  Optimizer = Adaptive-Differential-Evolution
  </configuration>
<iteration i="0">
<sensors>[[2.9095900705805,4.0711699214464,360], [1.85347597274312,0.291497585198725,1.63782116645896], [0.35795658718747,1.94924438068393,0.175044877728226]]</sensors>
<obstacles>[[1.22279214626178, 3.24167290376499], [6.09944850741886, 5.2703711441718], [4.77578262705356, 0.253024220466614]]</obstacles>
<global-best>16.1926590411414</global-best>
</iteration>
<iteration i="200">
<sensors>[[0,1.45505924746448,2.39810394903537], [0.0979741371355047,4.4821463131671,2.20003598150827], [9,1.6709645481558,166.389316258917]]</sensors>
<obstacles>[[1.22279214626178, 3.24167290376499], [6.09944850741886, 5.2703711441718], [4.77578262705356, 0.253024220466614]]</obstacles>
<global-best>1.00572401010208</global-best>
</iteration>
<iterations>200</iterations>
<elapsed-time>10540</elapsed-time>
<average-time>0</average-time>
</simulation>