<?xml version="1.0" encoding="UTF-8"?>
<simulation>
<software>charlie-simulation-framework; v1.0.0; Jakob Rieke</software>
<system>Unix; Unix 18.2.0.0; 18.2.0.0</system>
<datetime>6/18/2019 7:21:10 AM</datetime>
<title>Static Sensor Positioning</title>
<meta>Author: Jakob Rieke; Version v1.3.0</meta>
<configuration>
  Zoom = 40
  SizeTeamA = 3
  SizeTeamB = 3
  FieldHeight = 9
  FieldWidth = 6
  PlayerSensorRange = 12
  PlayerSensorFOV = 56.3
  PlayerSize = 0.1555
  Optimizer = Adaptive-Differential-Evolution
  </configuration>
<iteration i="0">
<sensors>[[2.96546362525911,1.0300715956907,0.406199557568458], [9,1.5418449036176,2.81795950788491], [9,0.0560896715745542,3.88286103235624]]</sensors>
<obstacles>[[6.51133800367825, 2.22687296709046], [6.98111282056198, 0.50815636664629], [5.91166114085354, 0.347546231467277]]</obstacles>
<global-best>12.8733550909148</global-best>
</iteration>
<iteration i="200">
<sensors>[[8.80797874220218,3.91211106041136,184.745918096067], [0.118249553113422,3.71440205384656,4.55087051017929], [0,5.77809375164284,305.812801386938]]</sensors>
<obstacles>[[6.51133800367825, 2.22687296709046], [6.98111282056198, 0.50815636664629], [5.91166114085354, 0.347546231467277]]</obstacles>
<global-best>1.1777096754819</global-best>
</iteration>
<iterations>200</iterations>
<elapsed-time>14649</elapsed-time>
<average-time>0</average-time>
</simulation>