<?xml version="1.0" encoding="UTF-8"?>
<simulation>
<software>charlie-simulation-framework; v1.0.0; Jakob Rieke</software>
<system>Unix; Unix 18.2.0.0; 18.2.0.0</system>
<datetime>7/9/2019 3:37:42 PM</datetime>
<title>Static Sensor Positioning</title>
<meta>Author: Jakob Rieke; Version v1.4.0; Deterministic: No</meta>
<configuration>
  Zoom = 40
  NumberOfSensors = 2
  NumberOfObstacles = 2
  FieldHeight = 9
  FieldWidth = 6
  PlayerSensorRange = 12
  PlayerSensorFOV = 56.3
  PlayerSize = 0.1555
  Optimizer = SPSO-2006
  </configuration>
<iteration i="0">
<sensors>[[5.36611628718674,2.22123725479469,244.418632853776], [7.7596285007894,5.87219893746078,190.937528349459]]</sensors>
<obstacles>[[2.58289217110723, 2.5315814036876], [3.80625871242955, 1.37333468114957]]</obstacles>
<global-best>26.4173337674408</global-best>
</iteration>
<iteration i="600">
<sensors>[[2.0638177114489E-06,5.99999978791671,331.850002934563], [4.53525095914088,1.97561381184725E-07,151.850040876812]]</sensors>
<obstacles>[[2.58289217110723, 2.5315814036876], [3.80625871242955, 1.37333468114957]]</obstacles>
<global-best>1.47477063625583</global-best>
</iteration>
<iterations>600</iterations>
<elapsed-time>9829</elapsed-time>
<average-time>0</average-time>
</simulation>