<?xml version="1.0" encoding="UTF-8"?>
<simulation>
<software>charlie-simulation-framework; v1.0.0; Jakob Rieke</software>
<system>Unix; Unix 18.2.0.0; 18.2.0.0</system>
<datetime>7/9/2019 3:33:53 PM</datetime>
<title>Static Sensor Positioning</title>
<meta>Author: Jakob Rieke; Version v1.4.0; Deterministic: No</meta>
<configuration>
  Zoom = 40
  NumberOfSensors = 2
  NumberOfObstacles = 2
  FieldHeight = 9
  FieldWidth = 6
  PlayerSensorRange = 12
  PlayerSensorFOV = 56.3
  PlayerSize = 0.1555
  Optimizer = SPSO-2006
  </configuration>
<iteration i="0">
<sensors>[[4.19857396697626,5.64389433804899,208.209849419072], [1.98484022193588,5.76974684558809,300.469063259661]]</sensors>
<obstacles>[[5.94509218982421, 4.49626719625667], [7.82368597411551, 0.342339271679521]]</obstacles>
<global-best>18.939763281915</global-best>
</iteration>
<iteration i="600">
<sensors>[[8.99999999998518,5.68841924014367,202.356451536734], [3.24227889538215E-10,2.49634475278431,0]]</sensors>
<obstacles>[[5.94509218982421, 4.49626719625667], [7.82368597411551, 0.342339271679521]]</obstacles>
<global-best>0.920216843524466</global-best>
</iteration>
<iterations>600</iterations>
<elapsed-time>7691</elapsed-time>
<average-time>0</average-time>
</simulation>