<?xml version="1.0" encoding="UTF-8"?>
<simulation>
<software>charlie-simulation-framework; v1.0.0; Jakob Rieke</software>
<system>Unix; Unix 18.2.0.0; 18.2.0.0</system>
<datetime>7/9/2019 3:31:08 PM</datetime>
<title>Static Sensor Positioning</title>
<meta>Author: Jakob Rieke; Version v1.4.0; Deterministic: No</meta>
<configuration>
  Zoom = 40
  NumberOfSensors = 2
  NumberOfObstacles = 2
  FieldHeight = 9
  FieldWidth = 6
  PlayerSensorRange = 12
  PlayerSensorFOV = 56.3
  PlayerSize = 0.1555
  Optimizer = SPSO-2006
  </configuration>
<iteration i="0">
<sensors>[[4.80492131807841,4.46497948514298,292.704767296091], [8.29841972817667,2.60346192028373,165.444398922846]]</sensors>
<obstacles>[[8.32129935454577, 3.38164819311351], [6.02834125212394, 1.90454279445112]]</obstacles>
<global-best>17.5170931683882</global-best>
</iteration>
<iteration i="600">
<sensors>[[1.56907220600211E-07,5.99999916939693,331.850056468266], [8.70262124335643,3.52072577329745E-07,151.850047068508]]</sensors>
<obstacles>[[8.32129935454577, 3.38164819311351], [6.02834125212394, 1.90454279445112]]</obstacles>
<global-best>0.480965968221095</global-best>
</iteration>
<iterations>600</iterations>
<elapsed-time>7903</elapsed-time>
<average-time>0</average-time>
</simulation>