<?xml version="1.0" encoding="UTF-8"?>
<simulation>
<software>charlie-simulation-framework; v1.0.0; Jakob Rieke</software>
<system>Unix; Unix 18.2.0.0; 18.2.0.0</system>
<datetime>7/9/2019 3:35:34 PM</datetime>
<title>Static Sensor Positioning</title>
<meta>Author: Jakob Rieke; Version v1.4.0; Deterministic: No</meta>
<configuration>
  Zoom = 40
  NumberOfSensors = 2
  NumberOfObstacles = 2
  FieldHeight = 9
  FieldWidth = 6
  PlayerSensorRange = 12
  PlayerSensorFOV = 56.3
  PlayerSize = 0.1555
  Optimizer = SPSO-2006
  </configuration>
<iteration i="0">
<sensors>[[1.01036681444384,5.84751886222512,313.261268651113], [2.54727522446774,0.74795564962551,63.4119671210647]]</sensors>
<obstacles>[[7.29807422077283, 5.08608014462516], [0.389722421765327, 1.85893563972786]]</obstacles>
<global-best>14.167887464799</global-best>
</iteration>
<iteration i="600">
<sensors>[[8.99999991927294,1.12208512823004,158.942521276787], [0.00334053365061268,3.22205538120197E-05,26.4259253779301]]</sensors>
<obstacles>[[7.29807422077283, 5.08608014462516], [0.389722421765327, 1.85893563972786]]</obstacles>
<global-best>0.671137896227692</global-best>
</iteration>
<iterations>600</iterations>
<elapsed-time>7466</elapsed-time>
<average-time>0</average-time>
</simulation>