<?xml version="1.0" encoding="UTF-8"?>
<simulation>
<software>charlie-simulation-framework; v1.0.0; Jakob Rieke</software>
<system>Unix; Unix 18.2.0.0; 18.2.0.0</system>
<datetime>7/9/2019 3:36:37 PM</datetime>
<title>Static Sensor Positioning</title>
<meta>Author: Jakob Rieke; Version v1.4.0; Deterministic: No</meta>
<configuration>
  Zoom = 40
  NumberOfSensors = 2
  NumberOfObstacles = 2
  FieldHeight = 9
  FieldWidth = 6
  PlayerSensorRange = 12
  PlayerSensorFOV = 56.3
  PlayerSize = 0.1555
  Optimizer = SPSO-2006
  </configuration>
<iteration i="0">
<sensors>[[3.69828607421368,0.254919819999486,112.27241339162], [1.08839323022403,4.90599459595978,337.77109044604]]</sensors>
<obstacles>[[4.49723381479271, 1.95641344645992], [4.628365221899, 0.421194428578019]]</obstacles>
<global-best>11.9320580728307</global-best>
</iteration>
<iteration i="600">
<sensors>[[7.03240180176854E-06,5.54389771858722,298.149658958157], [6.90801360672749E-05,5.99999507210772,331.850134022778]]</sensors>
<obstacles>[[4.49723381479271, 1.95641344645992], [4.628365221899, 0.421194428578019]]</obstacles>
<global-best>1.21150680057227</global-best>
</iteration>
<iterations>600</iterations>
<elapsed-time>7676</elapsed-time>
<average-time>0</average-time>
</simulation>