<?xml version="1.0" encoding="UTF-8"?>
<simulation>
<software>charlie-simulation-framework; v1.0.0; Jakob Rieke</software>
<system>Unix; Unix 18.2.0.0; 18.2.0.0</system>
<datetime>7/9/2019 3:36:29 PM</datetime>
<title>Static Sensor Positioning</title>
<meta>Author: Jakob Rieke; Version v1.4.0; Deterministic: No</meta>
<configuration>
  Zoom = 40
  NumberOfSensors = 2
  NumberOfObstacles = 2
  FieldHeight = 9
  FieldWidth = 6
  PlayerSensorRange = 12
  PlayerSensorFOV = 56.3
  PlayerSize = 0.1555
  Optimizer = SPSO-2006
  </configuration>
<iteration i="0">
<sensors>[[6.79189734323882,2.40792512660846,164.444765271619], [8.78297388972715,0.969296985771507,165.696741146967]]</sensors>
<obstacles>[[4.87395037058741, 4.21953849680722], [2.70920494361781, 4.74461084604263]]</obstacles>
<global-best>18.9767047491586</global-best>
</iteration>
<iteration i="600">
<sensors>[[2.9312703277346E-07,2.25608522697959,4.22243255582274], [8.9999332421641,5.99991725675112,208.147683505552]]</sensors>
<obstacles>[[4.87395037058741, 4.21953849680722], [2.70920494361781, 4.74461084604263]]</obstacles>
<global-best>1.37812850896302</global-best>
</iteration>
<iterations>600</iterations>
<elapsed-time>8007</elapsed-time>
<average-time>0</average-time>
</simulation>