<?xml version="1.0" encoding="UTF-8"?>
<simulation>
<software>charlie-simulation-framework; v1.0.0; Jakob Rieke</software>
<system>Unix; Unix 18.2.0.0; 18.2.0.0</system>
<datetime>7/9/2019 3:40:26 PM</datetime>
<title>Static Sensor Positioning</title>
<meta>Author: Jakob Rieke; Version v1.4.0; Deterministic: No</meta>
<configuration>
  Zoom = 40
  NumberOfSensors = 2
  NumberOfObstacles = 2
  FieldHeight = 9
  FieldWidth = 6
  PlayerSensorRange = 12
  PlayerSensorFOV = 56.3
  PlayerSize = 0.1555
  Optimizer = SPSO-2006
  </configuration>
<iteration i="0">
<sensors>[[4.92934484942816,4.59376500919461,133.975616600364], [8.19662391138263,0.387573061510921,156.053149318323]]</sensors>
<obstacles>[[2.12792880577035, 4.91750439070165], [1.50696873804554, 5.40744483238086]]</obstacles>
<global-best>18.2089114734702</global-best>
</iteration>
<iteration i="600">
<sensors>[[8.97901615194236,1.90945313231928E-07,151.850005839274], [4.05361579725164E-06,3.86840444901935,360]]</sensors>
<obstacles>[[2.12792880577035, 4.91750439070165], [1.50696873804554, 5.40744483238086]]</obstacles>
<global-best>0.650922353008182</global-best>
</iteration>
<iterations>600</iterations>
<elapsed-time>7448</elapsed-time>
<average-time>0</average-time>
</simulation>