<?xml version="1.0" encoding="UTF-8"?>
<simulation>
<software>charlie-simulation-framework; v1.0.0; Jakob Rieke</software>
<system>Unix; Unix 18.2.0.0; 18.2.0.0</system>
<datetime>7/9/2019 3:32:10 PM</datetime>
<title>Static Sensor Positioning</title>
<meta>Author: Jakob Rieke; Version v1.4.0; Deterministic: No</meta>
<configuration>
  Zoom = 40
  NumberOfSensors = 2
  NumberOfObstacles = 2
  FieldHeight = 9
  FieldWidth = 6
  PlayerSensorRange = 12
  PlayerSensorFOV = 56.3
  PlayerSize = 0.1555
  Optimizer = SPSO-2006
  </configuration>
<iteration i="0">
<sensors>[[3.62532359361649,4.73550215782598,294.310813369229], [1.80216992343776,2.13450209610164,24.3200999312103]]</sensors>
<obstacles>[[6.42186939110979, 5.11252306681126], [3.9557447230909, 0.30924457591027]]</obstacles>
<global-best>21.3225032569869</global-best>
</iteration>
<iteration i="600">
<sensors>[[1.99519210009514E-07,5.99999978749146,331.850011869113], [8.99999984593971,4.83585072739493,196.748685550488]]</sensors>
<obstacles>[[6.42186939110979, 5.11252306681126], [3.9557447230909, 0.30924457591027]]</obstacles>
<global-best>0.490829636716576</global-best>
</iteration>
<iterations>600</iterations>
<elapsed-time>7499</elapsed-time>
<average-time>0</average-time>
</simulation>