<?xml version="1.0" encoding="UTF-8"?>
<simulation>
<software>charlie-simulation-framework; v1.0.0; Jakob Rieke</software>
<system>Unix; Unix 18.2.0.0; 18.2.0.0</system>
<datetime>7/9/2019 3:37:52 PM</datetime>
<title>Static Sensor Positioning</title>
<meta>Author: Jakob Rieke; Version v1.4.0; Deterministic: No</meta>
<configuration>
  Zoom = 40
  NumberOfSensors = 2
  NumberOfObstacles = 2
  FieldHeight = 9
  FieldWidth = 6
  PlayerSensorRange = 12
  PlayerSensorFOV = 56.3
  PlayerSize = 0.1555
  Optimizer = SPSO-2006
  </configuration>
<iteration i="0">
<sensors>[[8.64953007479198,2.97743581049144,175.002442952245], [6.21446792897768,4.95481683919206,148.527498207986]]</sensors>
<obstacles>[[1.57066482142545, 3.85666363080963], [3.45489495783113, 5.51212594332173]]</obstacles>
<global-best>19.1561831514346</global-best>
</iteration>
<iteration i="600">
<sensors>[[8.99999999079825,1.89527032872907E-07,151.850004777707], [0.139068541380114,4.71601475941732,350.903977119076]]</sensors>
<obstacles>[[1.57066482142545, 3.85666363080963], [3.45489495783113, 5.51212594332173]]</obstacles>
<global-best>0.793493972811654</global-best>
</iteration>
<iterations>600</iterations>
<elapsed-time>8477</elapsed-time>
<average-time>0</average-time>
</simulation>