<?xml version="1.0" encoding="UTF-8"?>
<simulation>
<software>charlie-simulation-framework; v1.0.0; Jakob Rieke</software>
<system>Unix; Unix 18.2.0.0; 18.2.0.0</system>
<datetime>7/9/2019 3:40:01 PM</datetime>
<title>Static Sensor Positioning</title>
<meta>Author: Jakob Rieke; Version v1.4.0; Deterministic: No</meta>
<configuration>
  Zoom = 40
  NumberOfSensors = 2
  NumberOfObstacles = 2
  FieldHeight = 9
  FieldWidth = 6
  PlayerSensorRange = 12
  PlayerSensorFOV = 56.3
  PlayerSize = 0.1555
  Optimizer = SPSO-2006
  </configuration>
<iteration i="0">
<sensors>[[1.85485819377936,4.73887705011293,350.056938109919], [8.0028051850386,1.08650696463883,189.701287150383]]</sensors>
<obstacles>[[6.48708898806944, 0.843238794710487], [6.78594379266724, 0.745127152651548]]</obstacles>
<global-best>15.9120114424147</global-best>
</iteration>
<iteration i="600">
<sensors>[[0.00530817339502328,5.9999999793846,331.893507568601], [8.99999917425275,2.48349452495658,186.820658249353]]</sensors>
<obstacles>[[6.48708898806944, 0.843238794710487], [6.78594379266724, 0.745127152651548]]</obstacles>
<global-best>0.596304315287152</global-best>
</iteration>
<iterations>600</iterations>
<elapsed-time>7809</elapsed-time>
<average-time>0</average-time>
</simulation>