<?xml version="1.0" encoding="UTF-8"?>
<simulation>
<software>charlie-simulation-framework; v1.0.0; Jakob Rieke</software>
<system>Unix; Unix 18.2.0.0; 18.2.0.0</system>
<datetime>7/9/2019 3:33:38 PM</datetime>
<title>Static Sensor Positioning</title>
<meta>Author: Jakob Rieke; Version v1.4.0; Deterministic: No</meta>
<configuration>
  Zoom = 40
  NumberOfSensors = 2
  NumberOfObstacles = 2
  FieldHeight = 9
  FieldWidth = 6
  PlayerSensorRange = 12
  PlayerSensorFOV = 56.3
  PlayerSize = 0.1555
  Optimizer = SPSO-2006
  </configuration>
<iteration i="0">
<sensors>[[8.17427945067175,3.24081933964044,164.092985847965], [8.43912341119722,0.3965332377702,200.286212889478]]</sensors>
<obstacles>[[4.21773687936366, 5.86021233676001], [6.22985806502402, 5.25937333283946]]</obstacles>
<global-best>20.1163341265947</global-best>
</iteration>
<iteration i="600">
<sensors>[[8.98414563946249,0.000143115645009802,151.882603162828], [8.99832644257293,0.31115506095832,117.96172410007]]</sensors>
<obstacles>[[4.21773687936366, 5.86021233676001], [6.22985806502402, 5.25937333283946]]</obstacles>
<global-best>0.410732296148259</global-best>
</iteration>
<iterations>600</iterations>
<elapsed-time>7457</elapsed-time>
<average-time>0</average-time>
</simulation>