<?xml version="1.0" encoding="UTF-8"?>
<simulation>
<software>charlie-simulation-framework; v1.0.0; Jakob Rieke</software>
<system>Unix; Unix 18.2.0.0; 18.2.0.0</system>
<datetime>7/9/2019 3:34:09 PM</datetime>
<title>Static Sensor Positioning</title>
<meta>Author: Jakob Rieke; Version v1.4.0; Deterministic: No</meta>
<configuration>
  Zoom = 40
  NumberOfSensors = 2
  NumberOfObstacles = 2
  FieldHeight = 9
  FieldWidth = 6
  PlayerSensorRange = 12
  PlayerSensorFOV = 56.3
  PlayerSize = 0.1555
  Optimizer = SPSO-2006
  </configuration>
<iteration i="0">
<sensors>[[0.539667100645602,4.37814508471638,335.520721189678], [6.10811643046327,0.837417706847191,67.3644531425089]]</sensors>
<obstacles>[[4.64169950969517, 1.92102053761482], [6.66852651606314, 2.45526105863974]]</obstacles>
<global-best>21.4289516346318</global-best>
</iteration>
<iteration i="600">
<sensors>[[8.99999524332713,9.47195589846019E-05,151.852814662486], [1.78108698215818E-07,3.68529592694571,4.74329135030782]]</sensors>
<obstacles>[[4.64169950969517, 1.92102053761482], [6.66852651606314, 2.45526105863974]]</obstacles>
<global-best>1.14103976821783</global-best>
</iteration>
<iterations>600</iterations>
<elapsed-time>8074</elapsed-time>
<average-time>0</average-time>
</simulation>