<?xml version="1.0" encoding="UTF-8"?>
<simulation>
<software>charlie-simulation-framework; v1.0.0; Jakob Rieke</software>
<system>Unix; Unix 18.2.0.0; 18.2.0.0</system>
<datetime>7/9/2019 3:40:09 PM</datetime>
<title>Static Sensor Positioning</title>
<meta>Author: Jakob Rieke; Version v1.4.0; Deterministic: No</meta>
<configuration>
  Zoom = 40
  NumberOfSensors = 2
  NumberOfObstacles = 2
  FieldHeight = 9
  FieldWidth = 6
  PlayerSensorRange = 12
  PlayerSensorFOV = 56.3
  PlayerSize = 0.1555
  Optimizer = SPSO-2006
  </configuration>
<iteration i="0">
<sensors>[[0.926286669680849,1.43732360098511,35.3911304567009], [8.86702298372984,4.93012668890879,192.840428408235]]</sensors>
<obstacles>[[8.85313191334717, 2.59872370166704], [5.14496826077811, 3.33969223313034]]</obstacles>
<global-best>11.3345750727035</global-best>
</iteration>
<iteration i="600">
<sensors>[[0.00012737847216988,0.160190283281464,7.35580902618596], [8.99999896545913,5.99999930914035,208.149906491041]]</sensors>
<obstacles>[[8.85313191334717, 2.59872370166704], [5.14496826077811, 3.33969223313034]]</obstacles>
<global-best>0.302715025744179</global-best>
</iteration>
<iterations>600</iterations>
<elapsed-time>8283</elapsed-time>
<average-time>0</average-time>
</simulation>