<?xml version="1.0" encoding="UTF-8"?>
<simulation>
<software>charlie-simulation-framework; v1.0.0; Jakob Rieke</software>
<system>Unix; Unix 18.2.0.0; 18.2.0.0</system>
<datetime>7/9/2019 3:40:33 PM</datetime>
<title>Static Sensor Positioning</title>
<meta>Author: Jakob Rieke; Version v1.4.0; Deterministic: No</meta>
<configuration>
  Zoom = 40
  NumberOfSensors = 2
  NumberOfObstacles = 2
  FieldHeight = 9
  FieldWidth = 6
  PlayerSensorRange = 12
  PlayerSensorFOV = 56.3
  PlayerSize = 0.1555
  Optimizer = SPSO-2006
  </configuration>
<iteration i="0">
<sensors>[[6.95570365525782,5.10485947178677,169.691769098863], [8.71187099511735,1.48233666736633,196.592056537047]]</sensors>
<obstacles>[[3.35810996429063, 3.61614408390597], [2.33999542356469, 1.02182014659047]]</obstacles>
<global-best>21.94127068615</global-best>
</iteration>
<iteration i="600">
<sensors>[[2.56746845045275E-07,2.19177396583268,5.09801144636035], [8.99999999935259,5.99999999950986,208.149999605731]]</sensors>
<obstacles>[[3.35810996429063, 3.61614408390597], [2.33999542356469, 1.02182014659047]]</obstacles>
<global-best>0.860369311481565</global-best>
</iteration>
<iterations>600</iterations>
<elapsed-time>7803</elapsed-time>
<average-time>0</average-time>
</simulation>