<?xml version="1.0" encoding="UTF-8"?>
<simulation>
<software>charlie-simulation-framework; v1.0.0; Jakob Rieke</software>
<system>Unix; Unix 18.2.0.0; 18.2.0.0</system>
<datetime>7/9/2019 3:34:33 PM</datetime>
<title>Static Sensor Positioning</title>
<meta>Author: Jakob Rieke; Version v1.4.0; Deterministic: No</meta>
<configuration>
  Zoom = 40
  NumberOfSensors = 2
  NumberOfObstacles = 2
  FieldHeight = 9
  FieldWidth = 6
  PlayerSensorRange = 12
  PlayerSensorFOV = 56.3
  PlayerSize = 0.1555
  Optimizer = SPSO-2006
  </configuration>
<iteration i="0">
<sensors>[[7.86660303035751,2.05776602402329,176.635683858767], [2.44841557159089,2.36700644250959,350.030708787963]]</sensors>
<obstacles>[[2.48594322334975, 3.46915593976155], [4.70205636229366, 3.17869167309254]]</obstacles>
<global-best>18.5260072583664</global-best>
</iteration>
<iteration i="600">
<sensors>[[7.53615456634428E-05,5.99992450131105,331.851143421771], [8.9999385469867,0.503915014139344,161.806021801398]]</sensors>
<obstacles>[[2.48594322334975, 3.46915593976155], [4.70205636229366, 3.17869167309254]]</obstacles>
<global-best>0.877688789817716</global-best>
</iteration>
<iterations>600</iterations>
<elapsed-time>7939</elapsed-time>
<average-time>0</average-time>
</simulation>