<?xml version="1.0" encoding="UTF-8"?>
<simulation>
<software>charlie-simulation-framework; v1.0.0; Jakob Rieke</software>
<system>Unix; Unix 18.2.0.0; 18.2.0.0</system>
<datetime>7/9/2019 3:31:15 PM</datetime>
<title>Static Sensor Positioning</title>
<meta>Author: Jakob Rieke; Version v1.4.0; Deterministic: No</meta>
<configuration>
  Zoom = 40
  NumberOfSensors = 2
  NumberOfObstacles = 2
  FieldHeight = 9
  FieldWidth = 6
  PlayerSensorRange = 12
  PlayerSensorFOV = 56.3
  PlayerSize = 0.1555
  Optimizer = SPSO-2006
  </configuration>
<iteration i="0">
<sensors>[[8.3838296555914,5.76508132461458,220.393114825711], [4.34108037315309,5.26112347701564,208.749026823789]]</sensors>
<obstacles>[[6.19011329300702, 0.655063186772168], [8.30780545226298, 5.32913552317768]]</obstacles>
<global-best>19.5411597993545</global-best>
</iteration>
<iteration i="600">
<sensors>[[8.99999625123102,1.7373743773595,183.287960602713], [1.01463842966669E-06,5.99999997671822,331.850000833152]]</sensors>
<obstacles>[[6.19011329300702, 0.655063186772168], [8.30780545226298, 5.32913552317768]]</obstacles>
<global-best>0.4144717495261</global-best>
</iteration>
<iterations>600</iterations>
<elapsed-time>7636</elapsed-time>
<average-time>0</average-time>
</simulation>