<?xml version="1.0" encoding="UTF-8"?>
<simulation>
<software>charlie-simulation-framework; v1.0.0; Jakob Rieke</software>
<system>Unix; Unix 18.2.0.0; 18.2.0.0</system>
<datetime>7/9/2019 3:29:16 PM</datetime>
<title>Static Sensor Positioning</title>
<meta>Author: Jakob Rieke; Version v1.4.0; Deterministic: No</meta>
<configuration>
  Zoom = 40
  NumberOfSensors = 2
  NumberOfObstacles = 2
  FieldHeight = 9
  FieldWidth = 6
  PlayerSensorRange = 12
  PlayerSensorFOV = 56.3
  PlayerSize = 0.1555
  Optimizer = SPSO-2006
  </configuration>
<iteration i="0">
<sensors>[[5.89407225558534,3.28148414008319,296.905907671899], [0.507953600026667,0.50244448101148,27.2338694147766]]</sensors>
<obstacles>[[1.08627665718086, 3.59913073573262], [4.76253115665168, 5.21771892858669]]</obstacles>
<global-best>17.6774287412609</global-best>
</iteration>
<iteration i="600">
<sensors>[[8.9999997752809,6.00870059781265E-06,149.607845181147], [2.76165300123736E-06,3.12520040653269E-06,28.1499026170812]]</sensors>
<obstacles>[[1.08627665718086, 3.59913073573262], [4.76253115665168, 5.21771892858669]]</obstacles>
<global-best>0.521966357155413</global-best>
</iteration>
<iterations>600</iterations>
<elapsed-time>8083</elapsed-time>
<average-time>0</average-time>
</simulation>