<?xml version="1.0" encoding="UTF-8"?>
<simulation>
<software>charlie-simulation-framework; v1.0.0; Jakob Rieke</software>
<system>Unix; Unix 18.2.0.0; 18.2.0.0</system>
<datetime>7/9/2019 3:37:01 PM</datetime>
<title>Static Sensor Positioning</title>
<meta>Author: Jakob Rieke; Version v1.4.0; Deterministic: No</meta>
<configuration>
  Zoom = 40
  NumberOfSensors = 2
  NumberOfObstacles = 2
  FieldHeight = 9
  FieldWidth = 6
  PlayerSensorRange = 12
  PlayerSensorFOV = 56.3
  PlayerSize = 0.1555
  Optimizer = SPSO-2006
  </configuration>
<iteration i="0">
<sensors>[[2.28903181990609,0.139170850161463,131.320704342797], [8.40815784246661,4.3293290217407,194.309893045574]]</sensors>
<obstacles>[[0.358584229834378, 0.37275627348572], [2.62416037288494, 3.78456937288865]]</obstacles>
<global-best>20.0573708570891</global-best>
</iteration>
<iteration i="600">
<sensors>[[8.99999999699351,5.99999999909799,208.149999568001], [1.95423315200394E-09,2.82873511465683,0]]</sensors>
<obstacles>[[0.358584229834378, 0.37275627348572], [2.62416037288494, 3.78456937288865]]</obstacles>
<global-best>0.436021893172572</global-best>
</iteration>
<iterations>600</iterations>
<elapsed-time>8096</elapsed-time>
<average-time>0</average-time>
</simulation>