<?xml version="1.0" encoding="UTF-8"?>
<simulation>
<software>charlie-simulation-framework; v1.0.0; Jakob Rieke</software>
<system>Unix; Unix 18.2.0.0; 18.2.0.0</system>
<datetime>7/9/2019 3:36:45 PM</datetime>
<title>Static Sensor Positioning</title>
<meta>Author: Jakob Rieke; Version v1.4.0; Deterministic: No</meta>
<configuration>
  Zoom = 40
  NumberOfSensors = 2
  NumberOfObstacles = 2
  FieldHeight = 9
  FieldWidth = 6
  PlayerSensorRange = 12
  PlayerSensorFOV = 56.3
  PlayerSize = 0.1555
  Optimizer = SPSO-2006
  </configuration>
<iteration i="0">
<sensors>[[0.264567957026884,5.74829055089504,9.38217451795936], [8.10994655219838,1.99656711844727,182.763822348788]]</sensors>
<obstacles>[[4.06668057991192, 5.39811038598418], [5.28576869610697, 2.80083183199167]]</obstacles>
<global-best>16.3029129400845</global-best>
</iteration>
<iteration i="600">
<sensors>[[8.99999978280653,4.12220681575171,184.78195635483], [1.63878251784484E-06,0.709551460706709,17.0780267326889]]</sensors>
<obstacles>[[4.06668057991192, 5.39811038598418], [5.28576869610697, 2.80083183199167]]</obstacles>
<global-best>1.51782927661121</global-best>
</iteration>
<iterations>600</iterations>
<elapsed-time>8235</elapsed-time>
<average-time>0</average-time>
</simulation>