<?xml version="1.0" encoding="UTF-8"?>
<simulation>
<software>charlie-simulation-framework; v1.0.0; Jakob Rieke</software>
<system>Unix; Unix 18.2.0.0; 18.2.0.0</system>
<datetime>7/9/2019 3:34:25 PM</datetime>
<title>Static Sensor Positioning</title>
<meta>Author: Jakob Rieke; Version v1.4.0; Deterministic: No</meta>
<configuration>
  Zoom = 40
  NumberOfSensors = 2
  NumberOfObstacles = 2
  FieldHeight = 9
  FieldWidth = 6
  PlayerSensorRange = 12
  PlayerSensorFOV = 56.3
  PlayerSize = 0.1555
  Optimizer = SPSO-2006
  </configuration>
<iteration i="0">
<sensors>[[7.7532900176011,0.720133363734931,170.330628203228], [8.33933620643802,4.17509574629366,181.794081162661]]</sensors>
<obstacles>[[7.76538731041364, 1.11109760776162], [6.06695592985488, 4.18458373937756]]</obstacles>
<global-best>15.4641735422678</global-best>
</iteration>
<iteration i="600">
<sensors>[[8.99853177122034,3.37161757734854,185.857643203444], [0.000755864344322066,5.97888844524862,332.663158037025]]</sensors>
<obstacles>[[7.76538731041364, 1.11109760776162], [6.06695592985488, 4.18458373937756]]</obstacles>
<global-best>0.824685164880462</global-best>
</iteration>
<iterations>600</iterations>
<elapsed-time>7765</elapsed-time>
<average-time>0</average-time>
</simulation>