<?xml version="1.0" encoding="UTF-8"?>
<simulation>
<software>charlie-simulation-framework; v1.0.0; Jakob Rieke</software>
<system>Unix; Unix 18.2.0.0; 18.2.0.0</system>
<datetime>7/9/2019 3:39:46 PM</datetime>
<title>Static Sensor Positioning</title>
<meta>Author: Jakob Rieke; Version v1.4.0; Deterministic: No</meta>
<configuration>
  Zoom = 40
  NumberOfSensors = 2
  NumberOfObstacles = 2
  FieldHeight = 9
  FieldWidth = 6
  PlayerSensorRange = 12
  PlayerSensorFOV = 56.3
  PlayerSize = 0.1555
  Optimizer = SPSO-2006
  </configuration>
<iteration i="0">
<sensors>[[7.96818601177074,1.09443353489041,163.387166317552], [3.84085155185312,4.58165594050661,308.69138228707]]</sensors>
<obstacles>[[1.21975026349537, 3.67788182990626], [6.27278459910303, 5.4744884041138]]</obstacles>
<global-best>15.1896307024533</global-best>
</iteration>
<iteration i="600">
<sensors>[[2.63543785965982E-09,1.38773782747171E-08,28.1499989245358], [8.99999999798331,4.58599679370605,178.434162216167]]</sensors>
<obstacles>[[1.21975026349537, 3.67788182990626], [6.27278459910303, 5.4744884041138]]</obstacles>
<global-best>0.512091444566692</global-best>
</iteration>
<iterations>600</iterations>
<elapsed-time>7778</elapsed-time>
<average-time>0</average-time>
</simulation>