<?xml version="1.0" encoding="UTF-8"?>
<simulation>
<software>charlie-simulation-framework; v1.0.0; Jakob Rieke</software>
<system>Unix; Unix 18.2.0.0; 18.2.0.0</system>
<datetime>7/9/2019 3:38:37 PM</datetime>
<title>Static Sensor Positioning</title>
<meta>Author: Jakob Rieke; Version v1.4.0; Deterministic: No</meta>
<configuration>
  Zoom = 40
  NumberOfSensors = 2
  NumberOfObstacles = 2
  FieldHeight = 9
  FieldWidth = 6
  PlayerSensorRange = 12
  PlayerSensorFOV = 56.3
  PlayerSize = 0.1555
  Optimizer = SPSO-2006
  </configuration>
<iteration i="0">
<sensors>[[8.75195846753195,1.89103653375059,162.495639519766], [5.81216421397403,0.424523878376931,167.777176788077]]</sensors>
<obstacles>[[2.52189623191953, 0.52304950542748], [2.11253317119554, 5.56885690893978]]</obstacles>
<global-best>15.863509294142</global-best>
</iteration>
<iteration i="600">
<sensors>[[8.999999915113,5.9999999704198,208.149997144095], [1.88767413919125E-06,1.29073836605893,6.32367431710382E-07]]</sensors>
<obstacles>[[2.52189623191953, 0.52304950542748], [2.11253317119554, 5.56885690893978]]</obstacles>
<global-best>0.883435900322795</global-best>
</iteration>
<iterations>600</iterations>
<elapsed-time>7380</elapsed-time>
<average-time>0</average-time>
</simulation>