<?xml version="1.0" encoding="UTF-8"?>
<simulation>
<software>charlie-simulation-framework; v1.0.0; Jakob Rieke</software>
<system>Unix; Unix 18.2.0.0; 18.2.0.0</system>
<datetime>7/9/2019 3:28:37 PM</datetime>
<title>Static Sensor Positioning</title>
<meta>Author: Jakob Rieke; Version v1.4.0; Deterministic: No</meta>
<configuration>
  Zoom = 40
  NumberOfSensors = 2
  NumberOfObstacles = 2
  FieldHeight = 9
  FieldWidth = 6
  PlayerSensorRange = 12
  PlayerSensorFOV = 56.3
  PlayerSize = 0.1555
  Optimizer = SPSO-2006
  </configuration>
<iteration i="0">
<sensors>[[6.86587873008102,3.90761021291837,124.686203431338], [7.92726905154996,0.413896386511624,150.517005119473]]</sensors>
<obstacles>[[2.8287934307009, 1.12004822306335], [7.23423533281311, 4.61880832677707]]</obstacles>
<global-best>18.4304149991461</global-best>
</iteration>
<iteration i="600">
<sensors>[[4.6172844057129E-08,1.57280453793161,12.4667279174846], [8.99999999571843,5.4021704560966E-08,151.850010150137]]</sensors>
<obstacles>[[2.8287934307009, 1.12004822306335], [7.23423533281311, 4.61880832677707]]</obstacles>
<global-best>0.97748208525035</global-best>
</iteration>
<iterations>600</iterations>
<elapsed-time>7837</elapsed-time>
<average-time>0</average-time>
</simulation>