<?xml version="1.0" encoding="UTF-8"?>
<simulation>
<software>charlie-simulation-framework; v1.0.0; Jakob Rieke</software>
<system>Unix; Unix 18.2.0.0; 18.2.0.0</system>
<datetime>7/9/2019 3:30:04 PM</datetime>
<title>Static Sensor Positioning</title>
<meta>Author: Jakob Rieke; Version v1.4.0; Deterministic: No</meta>
<configuration>
  Zoom = 40
  NumberOfSensors = 2
  NumberOfObstacles = 2
  FieldHeight = 9
  FieldWidth = 6
  PlayerSensorRange = 12
  PlayerSensorFOV = 56.3
  PlayerSize = 0.1555
  Optimizer = SPSO-2006
  </configuration>
<iteration i="0">
<sensors>[[7.34351680520922,2.52459676517174,290.142983766273], [0.176802014932036,0.51932288473472,39.3396421987563]]</sensors>
<obstacles>[[2.70105262706056, 4.06309793377295], [3.08247866411693, 5.63791765132919]]</obstacles>
<global-best>18.0133074827522</global-best>
</iteration>
<iteration i="600">
<sensors>[[2.18631549206826E-07,8.54326773054401E-08,28.1499946888527], [8.99999967478589,2.03371829634649,165.330217440982]]</sensors>
<obstacles>[[2.70105262706056, 4.06309793377295], [3.08247866411693, 5.63791765132919]]</obstacles>
<global-best>1.30389239677536</global-best>
</iteration>
<iterations>600</iterations>
<elapsed-time>7663</elapsed-time>
<average-time>0</average-time>
</simulation>