<?xml version="1.0" encoding="UTF-8"?>
<simulation>
<software>charlie-simulation-framework; v1.0.0; Jakob Rieke</software>
<system>Unix; Unix 18.2.0.0; 18.2.0.0</system>
<datetime>7/9/2019 3:36:13 PM</datetime>
<title>Static Sensor Positioning</title>
<meta>Author: Jakob Rieke; Version v1.4.0; Deterministic: No</meta>
<configuration>
  Zoom = 40
  NumberOfSensors = 2
  NumberOfObstacles = 2
  FieldHeight = 9
  FieldWidth = 6
  PlayerSensorRange = 12
  PlayerSensorFOV = 56.3
  PlayerSize = 0.1555
  Optimizer = SPSO-2006
  </configuration>
<iteration i="0">
<sensors>[[1.98339778650552,3.37140988279134,358.923103222623], [5.39860284235328,0.100804332643747,128.099130168557]]</sensors>
<obstacles>[[8.13001069519669, 5.40188002260402], [2.94867553585209, 5.86032159905881]]</obstacles>
<global-best>12.2939871536594</global-best>
</iteration>
<iteration i="600">
<sensors>[[1.08487944546993E-08,5.27702600421931,353.24484325504], [8.999999901258,1.92204588000558E-05,151.850803892315]]</sensors>
<obstacles>[[8.13001069519669, 5.40188002260402], [2.94867553585209, 5.86032159905881]]</obstacles>
<global-best>0.305833673273214</global-best>
</iteration>
<iterations>600</iterations>
<elapsed-time>7471</elapsed-time>
<average-time>0</average-time>
</simulation>