<?xml version="1.0" encoding="UTF-8"?>
<simulation>
<software>charlie-simulation-framework; v1.0.0; Jakob Rieke</software>
<system>Unix; Unix 18.2.0.0; 18.2.0.0</system>
<datetime>7/9/2019 3:39:29 PM</datetime>
<title>Static Sensor Positioning</title>
<meta>Author: Jakob Rieke; Version v1.4.0; Deterministic: No</meta>
<configuration>
  Zoom = 40
  NumberOfSensors = 2
  NumberOfObstacles = 2
  FieldHeight = 9
  FieldWidth = 6
  PlayerSensorRange = 12
  PlayerSensorFOV = 56.3
  PlayerSize = 0.1555
  Optimizer = SPSO-2006
  </configuration>
<iteration i="0">
<sensors>[[3.50613829074427,2.62314224196598,323.942162236199], [7.48685295064934,0.763922690413892,155.802013333887]]</sensors>
<obstacles>[[3.52618792466819, 0.236717415042222], [2.26627084356733, 0.928907567169517]]</obstacles>
<global-best>21.0162359921839</global-best>
</iteration>
<iteration i="600">
<sensors>[[4.00256851559818E-06,1.90693351027889,355.896215577693], [8.99999896723242,5.99999631115303,208.149755202509]]</sensors>
<obstacles>[[3.52618792466819, 0.236717415042222], [2.26627084356733, 0.928907567169517]]</obstacles>
<global-best>0.477666017891743</global-best>
</iteration>
<iterations>600</iterations>
<elapsed-time>8643</elapsed-time>
<average-time>0</average-time>
</simulation>