<?xml version="1.0" encoding="UTF-8"?>
<simulation>
<software>charlie-simulation-framework; v1.0.0; Jakob Rieke</software>
<system>Unix; Unix 18.2.0.0; 18.2.0.0</system>
<datetime>7/9/2019 3:32:26 PM</datetime>
<title>Static Sensor Positioning</title>
<meta>Author: Jakob Rieke; Version v1.4.0; Deterministic: No</meta>
<configuration>
  Zoom = 40
  NumberOfSensors = 2
  NumberOfObstacles = 2
  FieldHeight = 9
  FieldWidth = 6
  PlayerSensorRange = 12
  PlayerSensorFOV = 56.3
  PlayerSize = 0.1555
  Optimizer = SPSO-2006
  </configuration>
<iteration i="0">
<sensors>[[6.62475655926391,2.38853128720075,156.435226304457], [1.89619529480115,5.08129130350426,297.017680099234]]</sensors>
<obstacles>[[5.11629391252063, 3.95348743116483], [3.75277676596306, 1.37303509376943]]</obstacles>
<global-best>23.5632686986478</global-best>
</iteration>
<iteration i="600">
<sensors>[[8.99999987124229,0.000429358995321029,151.861576195541], [1.35099338295494E-05,2.08097456670438,15.1330959965179]]</sensors>
<obstacles>[[5.11629391252063, 3.95348743116483], [3.75277676596306, 1.37303509376943]]</obstacles>
<global-best>2.09739260264913</global-best>
</iteration>
<iterations>600</iterations>
<elapsed-time>8252</elapsed-time>
<average-time>0</average-time>
</simulation>