<?xml version="1.0" encoding="UTF-8"?>
<simulation>
<software>charlie-simulation-framework; v1.0.0; Jakob Rieke</software>
<system>Unix; Unix 18.2.0.0; 18.2.0.0</system>
<datetime>7/9/2019 3:36:21 PM</datetime>
<title>Static Sensor Positioning</title>
<meta>Author: Jakob Rieke; Version v1.4.0; Deterministic: No</meta>
<configuration>
  Zoom = 40
  NumberOfSensors = 2
  NumberOfObstacles = 2
  FieldHeight = 9
  FieldWidth = 6
  PlayerSensorRange = 12
  PlayerSensorFOV = 56.3
  PlayerSize = 0.1555
  Optimizer = SPSO-2006
  </configuration>
<iteration i="0">
<sensors>[[0.873468739679083,3.00769506208599,278.726396039128], [0.32831628061831,3.88252039533108,1.14692405797541]]</sensors>
<obstacles>[[2.11389303649776, 1.08332747826353], [7.47019950672984, 0.898766427766532]]</obstacles>
<global-best>16.9089918135671</global-best>
</iteration>
<iteration i="600">
<sensors>[[8.99999990100705,5.99999732825531,208.149568048755], [0.869975623877694,6.00699861346621E-05,28.149176445482]]</sensors>
<obstacles>[[2.11389303649776, 1.08332747826353], [7.47019950672984, 0.898766427766532]]</obstacles>
<global-best>0.795667508233989</global-best>
</iteration>
<iterations>600</iterations>
<elapsed-time>8090</elapsed-time>
<average-time>0</average-time>
</simulation>