<?xml version="1.0" encoding="UTF-8"?>
<simulation>
<software>charlie-simulation-framework; v1.0.0; Jakob Rieke</software>
<system>Unix; Unix 18.2.0.0; 18.2.0.0</system>
<datetime>7/9/2019 3:37:25 PM</datetime>
<title>Static Sensor Positioning</title>
<meta>Author: Jakob Rieke; Version v1.4.0; Deterministic: No</meta>
<configuration>
  Zoom = 40
  NumberOfSensors = 2
  NumberOfObstacles = 2
  FieldHeight = 9
  FieldWidth = 6
  PlayerSensorRange = 12
  PlayerSensorFOV = 56.3
  PlayerSize = 0.1555
  Optimizer = SPSO-2006
  </configuration>
<iteration i="0">
<sensors>[[0.313797967275605,0.393122349400073,32.9975797701627], [5.52599694742821,1.17739705229178,340.673261471093]]</sensors>
<obstacles>[[3.45642471173778, 5.1795275718905], [8.11887340480462, 1.1011711852625]]</obstacles>
<global-best>15.7013792991433</global-best>
</iteration>
<iteration i="600">
<sensors>[[0.000488706886797137,2.86444063758296,10.7317399315945], [8.66637066806693,7.6649721381372E-05,151.85295031308]]</sensors>
<obstacles>[[3.45642471173778, 5.1795275718905], [8.11887340480462, 1.1011711852625]]</obstacles>
<global-best>0.679880061138227</global-best>
</iteration>
<iterations>600</iterations>
<elapsed-time>7383</elapsed-time>
<average-time>0</average-time>
</simulation>