<?xml version="1.0" encoding="UTF-8"?>
<simulation>
<software>charlie-simulation-framework; v1.0.0; Jakob Rieke</software>
<system>Unix; Unix 18.2.0.0; 18.2.0.0</system>
<datetime>7/9/2019 3:32:03 PM</datetime>
<title>Static Sensor Positioning</title>
<meta>Author: Jakob Rieke; Version v1.4.0; Deterministic: No</meta>
<configuration>
  Zoom = 40
  NumberOfSensors = 2
  NumberOfObstacles = 2
  FieldHeight = 9
  FieldWidth = 6
  PlayerSensorRange = 12
  PlayerSensorFOV = 56.3
  PlayerSize = 0.1555
  Optimizer = SPSO-2006
  </configuration>
<iteration i="0">
<sensors>[[1.19415494450368,4.92786180088297,358.14003020525], [5.36048960778862,4.0584338796325,210.665075909346]]</sensors>
<obstacles>[[2.06146055879071, 4.7644723970443], [6.21436309441924, 4.5971173485741]]</obstacles>
<global-best>25.1281031058997</global-best>
</iteration>
<iteration i="600">
<sensors>[[7.8728350474557,5.99999995921021,208.149997839924], [3.51637952223565E-08,1.05735137753635E-07,28.1499839105953]]</sensors>
<obstacles>[[2.06146055879071, 4.7644723970443], [6.21436309441924, 4.5971173485741]]</obstacles>
<global-best>1.05292590399614</global-best>
</iteration>
<iterations>600</iterations>
<elapsed-time>7779</elapsed-time>
<average-time>0</average-time>
</simulation>