<?xml version="1.0" encoding="UTF-8"?>
<simulation>
<software>charlie-simulation-framework; v1.0.0; Jakob Rieke</software>
<system>Unix; Unix 18.2.0.0; 18.2.0.0</system>
<datetime>7/9/2019 3:39:00 PM</datetime>
<title>Static Sensor Positioning</title>
<meta>Author: Jakob Rieke; Version v1.4.0; Deterministic: No</meta>
<configuration>
  Zoom = 40
  NumberOfSensors = 2
  NumberOfObstacles = 2
  FieldHeight = 9
  FieldWidth = 6
  PlayerSensorRange = 12
  PlayerSensorFOV = 56.3
  PlayerSize = 0.1555
  Optimizer = SPSO-2006
  </configuration>
<iteration i="0">
<sensors>[[3.85472426586784,0.0420920751057565,53.2556598074734], [7.17212637746707,3.99012277834117,183.009836487472]]</sensors>
<obstacles>[[0.876258287345991, 5.78937943931669], [7.42081514373422, 2.01519075455144]]</obstacles>
<global-best>12.6724316634515</global-best>
</iteration>
<iteration i="600">
<sensors>[[8.99979247874554,2.54612408964762,173.602045065857], [1.29752843320997E-05,0.000103578127754275,28.0163230007476]]</sensors>
<obstacles>[[0.876258287345991, 5.78937943931669], [7.42081514373422, 2.01519075455144]]</obstacles>
<global-best>0.54925413345225</global-best>
</iteration>
<iterations>600</iterations>
<elapsed-time>8364</elapsed-time>
<average-time>0</average-time>
</simulation>