<?xml version="1.0" encoding="UTF-8"?>
<simulation>
<software>charlie-simulation-framework; v1.0.0; Jakob Rieke</software>
<system>Unix; Unix 18.2.0.0; 18.2.0.0</system>
<datetime>7/9/2019 3:29:32 PM</datetime>
<title>Static Sensor Positioning</title>
<meta>Author: Jakob Rieke; Version v1.4.0; Deterministic: No</meta>
<configuration>
  Zoom = 40
  NumberOfSensors = 2
  NumberOfObstacles = 2
  FieldHeight = 9
  FieldWidth = 6
  PlayerSensorRange = 12
  PlayerSensorFOV = 56.3
  PlayerSize = 0.1555
  Optimizer = SPSO-2006
  </configuration>
<iteration i="0">
<sensors>[[8.18530525336973,5.61755560571328,199.885870814323], [4.8696761301253,5.79234010213986,295.644026733935]]</sensors>
<obstacles>[[8.61754226591438, 0.52293876092881], [5.22434198786505, 5.48990757577121]]</obstacles>
<global-best>16.6685841536942</global-best>
</iteration>
<iteration i="600">
<sensors>[[7.19794878018593E-09,4.08345954325285E-09,28.1499994450507], [8.99999806061242,3.66453276269251,173.462052553909]]</sensors>
<obstacles>[[8.61754226591438, 0.52293876092881], [5.22434198786505, 5.48990757577121]]</obstacles>
<global-best>0.191624378586156</global-best>
</iteration>
<iterations>600</iterations>
<elapsed-time>8244</elapsed-time>
<average-time>0</average-time>
</simulation>