<?xml version="1.0" encoding="UTF-8"?>
<simulation>
<software>charlie-simulation-framework; v1.0.0; Jakob Rieke</software>
<system>Unix; Unix 18.2.0.0; 18.2.0.0</system>
<datetime>7/9/2019 3:28:45 PM</datetime>
<title>Static Sensor Positioning</title>
<meta>Author: Jakob Rieke; Version v1.4.0; Deterministic: No</meta>
<configuration>
  Zoom = 40
  NumberOfSensors = 2
  NumberOfObstacles = 2
  FieldHeight = 9
  FieldWidth = 6
  PlayerSensorRange = 12
  PlayerSensorFOV = 56.3
  PlayerSize = 0.1555
  Optimizer = SPSO-2006
  </configuration>
<iteration i="0">
<sensors>[[0.469385523581877,2.67665486969054,4.03636515140533], [4.16873554000631,2.10965907387435,153.136999038979]]</sensors>
<obstacles>[[6.83451395435259, 2.33230736386031], [0.582211466040462, 4.46577847888693]]</obstacles>
<global-best>16.2518040437048</global-best>
</iteration>
<iteration i="600">
<sensors>[[1.5271508054831E-07,5.99999574286668,331.850461473567], [8.99937739324878,1.00340573471157,162.908386122721]]</sensors>
<obstacles>[[6.83451395435259, 2.33230736386031], [0.582211466040462, 4.46577847888693]]</obstacles>
<global-best>0.398623306804304</global-best>
</iteration>
<iterations>600</iterations>
<elapsed-time>7858</elapsed-time>
<average-time>0</average-time>
</simulation>