<?xml version="1.0" encoding="UTF-8"?>
<simulation>
<software>charlie-simulation-framework; v1.0.0; Jakob Rieke</software>
<system>Unix; Unix 18.2.0.0; 18.2.0.0</system>
<datetime>7/9/2019 3:41:12 PM</datetime>
<title>Static Sensor Positioning</title>
<meta>Author: Jakob Rieke; Version v1.4.0; Deterministic: No</meta>
<configuration>
  Zoom = 40
  NumberOfSensors = 2
  NumberOfObstacles = 2
  FieldHeight = 9
  FieldWidth = 6
  PlayerSensorRange = 12
  PlayerSensorFOV = 56.3
  PlayerSize = 0.1555
  Optimizer = SPSO-2006
  </configuration>
<iteration i="0">
<sensors>[[6.6145652839914,0.130807607900351,112.585648214445], [6.68589429091662,4.38183438638225,306.375637790188]]</sensors>
<obstacles>[[4.61442817258649, 4.32108666328713], [0.223636179696769, 0.291699052322656]]</obstacles>
<global-best>25.4202537022321</global-best>
</iteration>
<iteration i="600">
<sensors>[[1.53789772132069E-05,5.99924476356186,331.882940212417], [8.99999987434955,2.87646820333566,181.37101060283]]</sensors>
<obstacles>[[4.61442817258649, 4.32108666328713], [0.223636179696769, 0.291699052322656]]</obstacles>
<global-best>0.377702488475238</global-best>
</iteration>
<iterations>600</iterations>
<elapsed-time>8142</elapsed-time>
<average-time>0</average-time>
</simulation>