<?xml version="1.0" encoding="UTF-8"?>
<simulation>
<software>charlie-simulation-framework; v1.0.0; Jakob Rieke</software>
<system>Unix; Unix 18.2.0.0; 18.2.0.0</system>
<datetime>7/9/2019 3:36:06 PM</datetime>
<title>Static Sensor Positioning</title>
<meta>Author: Jakob Rieke; Version v1.4.0; Deterministic: No</meta>
<configuration>
  Zoom = 40
  NumberOfSensors = 2
  NumberOfObstacles = 2
  FieldHeight = 9
  FieldWidth = 6
  PlayerSensorRange = 12
  PlayerSensorFOV = 56.3
  PlayerSize = 0.1555
  Optimizer = SPSO-2006
  </configuration>
<iteration i="0">
<sensors>[[5.18019047845155,3.70063980901614,208.240969665349], [0.94275100948289,4.56144431652501,348.47252111882]]</sensors>
<obstacles>[[0.586846702499315, 4.65656856587157], [4.1838984740898, 3.25388726452366]]</obstacles>
<global-best>18.0977661882316</global-best>
</iteration>
<iteration i="600">
<sensors>[[8.99999903217894,1.40265004918515E-06,151.850017216539], [5.96575858362192E-06,5.99999977532901,331.851036954922]]</sensors>
<obstacles>[[0.586846702499315, 4.65656856587157], [4.1838984740898, 3.25388726452366]]</obstacles>
<global-best>0.392744055255176</global-best>
</iteration>
<iterations>600</iterations>
<elapsed-time>7757</elapsed-time>
<average-time>0</average-time>
</simulation>