<?xml version="1.0" encoding="UTF-8"?>
<simulation>
<software>charlie-simulation-framework; v1.0.0; Jakob Rieke</software>
<system>Unix; Unix 18.2.0.0; 18.2.0.0</system>
<datetime>7/9/2019 3:31:31 PM</datetime>
<title>Static Sensor Positioning</title>
<meta>Author: Jakob Rieke; Version v1.4.0; Deterministic: No</meta>
<configuration>
  Zoom = 40
  NumberOfSensors = 2
  NumberOfObstacles = 2
  FieldHeight = 9
  FieldWidth = 6
  PlayerSensorRange = 12
  PlayerSensorFOV = 56.3
  PlayerSize = 0.1555
  Optimizer = SPSO-2006
  </configuration>
<iteration i="0">
<sensors>[[7.68613704456948,3.9929240369238,203.503735335544], [7.5640175936278,4.75915566645563,196.976896617562]]</sensors>
<obstacles>[[3.67700145905837, 3.19695510808378], [8.32818416389637, 5.81476889178157]]</obstacles>
<global-best>19.0311020355402</global-best>
</iteration>
<iteration i="600">
<sensors>[[1.02866186574441E-08,5.53263428292278,337.086221735224], [8.99999996322644,8.71257276428735E-09,151.850003799022]]</sensors>
<obstacles>[[3.67700145905837, 3.19695510808378], [8.32818416389637, 5.81476889178157]]</obstacles>
<global-best>0.41850274594594</global-best>
</iteration>
<iterations>600</iterations>
<elapsed-time>8217</elapsed-time>
<average-time>0</average-time>
</simulation>