<?xml version="1.0" encoding="UTF-8"?>
<simulation>
<software>charlie-simulation-framework; v1.0.0; Jakob Rieke</software>
<system>Unix; Unix 18.2.0.0; 18.2.0.0</system>
<datetime>7/9/2019 3:29:24 PM</datetime>
<title>Static Sensor Positioning</title>
<meta>Author: Jakob Rieke; Version v1.4.0; Deterministic: No</meta>
<configuration>
  Zoom = 40
  NumberOfSensors = 2
  NumberOfObstacles = 2
  FieldHeight = 9
  FieldWidth = 6
  PlayerSensorRange = 12
  PlayerSensorFOV = 56.3
  PlayerSize = 0.1555
  Optimizer = SPSO-2006
  </configuration>
<iteration i="0">
<sensors>[[7.35366270714439,0.710345797240734,178.452108409256], [8.38443489605561,4.62091961922124,194.583732420579]]</sensors>
<obstacles>[[4.45795148285106, 1.59114181715995], [7.0818397749681, 0.292219083756208]]</obstacles>
<global-best>15.3918374755497</global-best>
</iteration>
<iteration i="600">
<sensors>[[5.79139161929834,0.000522014617312004,153.658295548895], [0.101648487727148,5.99426812777075,332.119666505957]]</sensors>
<obstacles>[[4.45795148285106, 1.59114181715995], [7.0818397749681, 0.292219083756208]]</obstacles>
<global-best>0.651884329583626</global-best>
</iteration>
<iterations>600</iterations>
<elapsed-time>7857</elapsed-time>
<average-time>0</average-time>
</simulation>