<?xml version="1.0" encoding="UTF-8"?>
<simulation>
<software>charlie-simulation-framework; v1.0.0; Jakob Rieke</software>
<system>Unix; Unix 18.2.0.0; 18.2.0.0</system>
<datetime>7/9/2019 3:35:50 PM</datetime>
<title>Static Sensor Positioning</title>
<meta>Author: Jakob Rieke; Version v1.4.0; Deterministic: No</meta>
<configuration>
  Zoom = 40
  NumberOfSensors = 2
  NumberOfObstacles = 2
  FieldHeight = 9
  FieldWidth = 6
  PlayerSensorRange = 12
  PlayerSensorFOV = 56.3
  PlayerSize = 0.1555
  Optimizer = SPSO-2006
  </configuration>
<iteration i="0">
<sensors>[[0.10841468302533,5.8148853792809,296.677691079676], [2.0231505590491,3.34417980350554,44.8872760590166]]</sensors>
<obstacles>[[3.04570252331905, 2.46308612264693], [6.89765525213443, 2.30561753455549]]</obstacles>
<global-best>23.087760388457</global-best>
</iteration>
<iteration i="600">
<sensors>[[8.99999993020915,6.59816870590549E-09,151.85000216476], [0.0154280148365865,3.56574990733788,4.70221860394468]]</sensors>
<obstacles>[[3.04570252331905, 2.46308612264693], [6.89765525213443, 2.30561753455549]]</obstacles>
<global-best>1.14614817469912</global-best>
</iteration>
<iterations>600</iterations>
<elapsed-time>7875</elapsed-time>
<average-time>0</average-time>
</simulation>