<?xml version="1.0" encoding="UTF-8"?>
<simulation>
<software>charlie-simulation-framework; v1.0.0; Jakob Rieke</software>
<system>Unix; Unix 18.2.0.0; 18.2.0.0</system>
<datetime>7/9/2019 3:31:47 PM</datetime>
<title>Static Sensor Positioning</title>
<meta>Author: Jakob Rieke; Version v1.4.0; Deterministic: No</meta>
<configuration>
  Zoom = 40
  NumberOfSensors = 2
  NumberOfObstacles = 2
  FieldHeight = 9
  FieldWidth = 6
  PlayerSensorRange = 12
  PlayerSensorFOV = 56.3
  PlayerSize = 0.1555
  Optimizer = SPSO-2006
  </configuration>
<iteration i="0">
<sensors>[[1.04843363421969,4.98323904024437,330.688238264993], [6.33281571627595,5.59408901492134,263.32075917162]]</sensors>
<obstacles>[[7.12901494489051, 5.66137723205611], [5.68594345799647, 1.2349507715553]]</obstacles>
<global-best>21.5081027901637</global-best>
</iteration>
<iteration i="600">
<sensors>[[1.94777814403455E-06,2.90852604935876,4.3328863216443], [8.99993807342212,0.0635213775004692,153.2101444972]]</sensors>
<obstacles>[[7.12901494489051, 5.66137723205611], [5.68594345799647, 1.2349507715553]]</obstacles>
<global-best>0.754808658952283</global-best>
</iteration>
<iterations>600</iterations>
<elapsed-time>7558</elapsed-time>
<average-time>0</average-time>
</simulation>