<?xml version="1.0" encoding="UTF-8"?>
<simulation>
<software>charlie-simulation-framework; v1.0.0; Jakob Rieke</software>
<system>Unix; Unix 18.2.0.0; 18.2.0.0</system>
<datetime>7/9/2019 3:30:36 PM</datetime>
<title>Static Sensor Positioning</title>
<meta>Author: Jakob Rieke; Version v1.4.0; Deterministic: No</meta>
<configuration>
  Zoom = 40
  NumberOfSensors = 2
  NumberOfObstacles = 2
  FieldHeight = 9
  FieldWidth = 6
  PlayerSensorRange = 12
  PlayerSensorFOV = 56.3
  PlayerSize = 0.1555
  Optimizer = SPSO-2006
  </configuration>
<iteration i="0">
<sensors>[[5.73849814804271,0.833492029923946,137.782987067476], [4.02531904354692,0.179171169642359,57.1072751563042]]</sensors>
<obstacles>[[8.03562460024841, 3.25316607719287], [3.91287424089387, 2.66000053519383]]</obstacles>
<global-best>18.538591489987</global-best>
</iteration>
<iteration i="600">
<sensors>[[8.99995979360187,5.99994515137313,208.141765177561], [3.87333420767273E-05,6.20316476789927E-05,28.1167418841118]]</sensors>
<obstacles>[[8.03562460024841, 3.25316607719287], [3.91287424089387, 2.66000053519383]]</obstacles>
<global-best>0.498625315819278</global-best>
</iteration>
<iterations>600</iterations>
<elapsed-time>8311</elapsed-time>
<average-time>0</average-time>
</simulation>