<?xml version="1.0" encoding="UTF-8"?>
<simulation>
<software>charlie-simulation-framework; v1.0.0; Jakob Rieke</software>
<system>Unix; Unix 18.2.0.0; 18.2.0.0</system>
<datetime>7/9/2019 3:40:49 PM</datetime>
<title>Static Sensor Positioning</title>
<meta>Author: Jakob Rieke; Version v1.4.0; Deterministic: No</meta>
<configuration>
  Zoom = 40
  NumberOfSensors = 2
  NumberOfObstacles = 2
  FieldHeight = 9
  FieldWidth = 6
  PlayerSensorRange = 12
  PlayerSensorFOV = 56.3
  PlayerSize = 0.1555
  Optimizer = SPSO-2006
  </configuration>
<iteration i="0">
<sensors>[[3.05041493405588,5.82146815862507,321.239297194406], [8.98345172801055,2.30929561704397,165.752821611241]]</sensors>
<obstacles>[[3.49354590615258, 3.72969014570117], [4.72430763719603, 4.81056799460202]]</obstacles>
<global-best>9.78824913100672</global-best>
</iteration>
<iteration i="600">
<sensors>[[0.0584474090387916,5.99997382741767,331.866856404667], [8.99997697143082,0.000487936457546772,151.854644133615]]</sensors>
<obstacles>[[3.49354590615258, 3.72969014570117], [4.72430763719603, 4.81056799460202]]</obstacles>
<global-best>1.76936585620687</global-best>
</iteration>
<iterations>600</iterations>
<elapsed-time>7833</elapsed-time>
<average-time>0</average-time>
</simulation>