<?xml version="1.0" encoding="UTF-8"?>
<simulation>
<software>charlie-simulation-framework; v1.0.0; Jakob Rieke</software>
<system>Unix; Unix 18.2.0.0; 18.2.0.0</system>
<datetime>7/9/2019 3:35:19 PM</datetime>
<title>Static Sensor Positioning</title>
<meta>Author: Jakob Rieke; Version v1.4.0; Deterministic: No</meta>
<configuration>
  Zoom = 40
  NumberOfSensors = 2
  NumberOfObstacles = 2
  FieldHeight = 9
  FieldWidth = 6
  PlayerSensorRange = 12
  PlayerSensorFOV = 56.3
  PlayerSize = 0.1555
  Optimizer = SPSO-2006
  </configuration>
<iteration i="0">
<sensors>[[1.75533095584251,1.95173757104203,88.4252506960183], [2.38590886979364,0.385640772990882,49.2621095851064]]</sensors>
<obstacles>[[3.35567635204643, 2.4955760249868], [2.85187937761657, 4.05140250502154]]</obstacles>
<global-best>23.107497545393</global-best>
</iteration>
<iteration i="600">
<sensors>[[8.99999995089599,1.12524996785005E-08,151.850001076769], [5.34174502840955E-08,5.99999998626566,331.850000875982]]</sensors>
<obstacles>[[3.35567635204643, 2.4955760249868], [2.85187937761657, 4.05140250502154]]</obstacles>
<global-best>1.10361567166542</global-best>
</iteration>
<iterations>600</iterations>
<elapsed-time>7781</elapsed-time>
<average-time>0</average-time>
</simulation>