<?xml version="1.0" encoding="UTF-8"?>
<simulation>
<software>charlie-simulation-framework; v1.0.0; Jakob Rieke</software>
<system>Unix; Unix 18.2.0.0; 18.2.0.0</system>
<datetime>7/9/2019 3:35:11 PM</datetime>
<title>Static Sensor Positioning</title>
<meta>Author: Jakob Rieke; Version v1.4.0; Deterministic: No</meta>
<configuration>
  Zoom = 40
  NumberOfSensors = 2
  NumberOfObstacles = 2
  FieldHeight = 9
  FieldWidth = 6
  PlayerSensorRange = 12
  PlayerSensorFOV = 56.3
  PlayerSize = 0.1555
  Optimizer = SPSO-2006
  </configuration>
<iteration i="0">
<sensors>[[8.11154947383329,1.40252353716642,187.915245154873], [0.0705499530304223,4.30563869699836,18.9692864008248]]</sensors>
<obstacles>[[8.39848041557707, 5.39691179897636], [0.334414706099778, 4.65598191507161]]</obstacles>
<global-best>12.7455057860027</global-best>
</iteration>
<iteration i="600">
<sensors>[[5.34853315744397E-11,4.38329173438813,360], [8.99999998918878,0.00448348879326299,152.166488086559]]</sensors>
<obstacles>[[8.39848041557707, 5.39691179897636], [0.334414706099778, 4.65598191507161]]</obstacles>
<global-best>0.323617219114118</global-best>
</iteration>
<iterations>600</iterations>
<elapsed-time>7490</elapsed-time>
<average-time>0</average-time>
</simulation>