<?xml version="1.0" encoding="UTF-8"?>
<simulation>
<software>charlie-simulation-framework; v1.0.0; Jakob Rieke</software>
<system>Unix; Unix 18.2.0.0; 18.2.0.0</system>
<datetime>7/9/2019 3:39:08 PM</datetime>
<title>Static Sensor Positioning</title>
<meta>Author: Jakob Rieke; Version v1.4.0; Deterministic: No</meta>
<configuration>
  Zoom = 40
  NumberOfSensors = 2
  NumberOfObstacles = 2
  FieldHeight = 9
  FieldWidth = 6
  PlayerSensorRange = 12
  PlayerSensorFOV = 56.3
  PlayerSize = 0.1555
  Optimizer = SPSO-2006
  </configuration>
<iteration i="0">
<sensors>[[8.85633365786634,1.15093333600089,126.896326476708], [7.51886022440158,1.15746578481048,183.954099705443]]</sensors>
<obstacles>[[3.67775159748271, 3.86989223537967], [3.44878059835173, 1.20060903858393]]</obstacles>
<global-best>14.0493986398337</global-best>
</iteration>
<iteration i="600">
<sensors>[[1.71818308092044E-06,2.60350268889347,0], [8.99994263421191,5.99999621033224,208.149958880808]]</sensors>
<obstacles>[[3.67775159748271, 3.86989223537967], [3.44878059835173, 1.20060903858393]]</obstacles>
<global-best>1.52258540036206</global-best>
</iteration>
<iterations>600</iterations>
<elapsed-time>10138</elapsed-time>
<average-time>0</average-time>
</simulation>