<?xml version="1.0" encoding="UTF-8"?>
<simulation>
<software>charlie-simulation-framework; v1.0.0; Jakob Rieke</software>
<system>Unix; Unix 18.2.0.0; 18.2.0.0</system>
<datetime>6/18/2019 9:29:48 AM</datetime>
<title>Static Sensor Positioning</title>
<meta>Author: Jakob Rieke; Version v1.3.0</meta>
<configuration>
  Zoom = 40
  SizeTeamA = 2
  SizeTeamB = 2
  FieldHeight = 9
  FieldWidth = 6
  PlayerSensorRange = 12
  PlayerSensorFOV = 56.3
  PlayerSize = 0.1555
  # The function used to optimize the problem,
  # possible values are:
  # Simplex, PSO, SPSO-2006, SPSO-2011, PSO-A-IW,
  # PSO-LD-IW, PSO-Chaotic-IW, PSO-LD-IW,
  # Evolution-Strategy, Differential-Evolution,
  # Adaptive-Differential-Evolution
  Optimizer = PSO
  </configuration>
<iteration i="0">
<sensors>[[3.87167414065741,2.3803993744988,35.5076769000855], [1.78091415669213,0.594324186522436,298.965212450957]]</sensors>
<obstacles>[[5.12642666115426, 0.00341035891324282], [3.46314019616693, 4.2078126501292]]</obstacles>
<global-best>26.9677099288271</global-best>
</iteration>
<iteration i="1200">
<sensors>[[9.51113981630419E-11,1.67394829191937E-09,35.9729277171553], [2.01244779354544E-09,5.99999999984923,300.1199060977]]</sensors>
<obstacles>[[5.12642666115426, 0.00341035891324282], [3.46314019616693, 4.2078126501292]]</obstacles>
<global-best>3.91079157854678</global-best>
</iteration>
<iterations>1200</iterations>
<elapsed-time>2921</elapsed-time>
<average-time>0</average-time>
</simulation>