<?xml version="1.0" encoding="UTF-8"?>
<simulation>
<software>charlie-simulation-framework; v1.0.0; Jakob Rieke</software>
<system>Unix; Unix 18.2.0.0; 18.2.0.0</system>
<datetime>6/18/2019 9:29:40 AM</datetime>
<title>Static Sensor Positioning</title>
<meta>Author: Jakob Rieke; Version v1.3.0</meta>
<configuration>
  Zoom = 40
  SizeTeamA = 2
  SizeTeamB = 2
  FieldHeight = 9
  FieldWidth = 6
  PlayerSensorRange = 12
  PlayerSensorFOV = 56.3
  PlayerSize = 0.1555
  # The function used to optimize the problem,
  # possible values are:
  # Simplex, PSO, SPSO-2006, SPSO-2011, PSO-A-IW,
  # PSO-LD-IW, PSO-Chaotic-IW, PSO-LD-IW,
  # Evolution-Strategy, Differential-Evolution,
  # Adaptive-Differential-Evolution
  Optimizer = PSO
  </configuration>
<iteration i="0">
<sensors>[[0.228677757185178,1.03086190051526,182.293573935008], [-4.39072521346075,2.01564017894011,292.041337158213]]</sensors>
<obstacles>[[4.12797017907724, 3.52458115573972], [1.35494458442554, 1.53586665960029]]</obstacles>
<global-best>30.5752423163678</global-best>
</iteration>
<iteration i="1200">
<sensors>[[8.9999999976417,5.76356487682076,193.983062636949], [8.7979616373252,5.99999999002007,252.364546533906]]</sensors>
<obstacles>[[4.12797017907724, 3.52458115573972], [1.35494458442554, 1.53586665960029]]</obstacles>
<global-best>2.6905904501054</global-best>
</iteration>
<iterations>1200</iterations>
<elapsed-time>3832</elapsed-time>
<average-time>0</average-time>
</simulation>