<?xml version="1.0" encoding="UTF-8"?>
<simulation>
<software>charlie-simulation-framework; v1.0.0; Jakob Rieke</software>
<system>Unix; Unix 18.2.0.0; 18.2.0.0</system>
<datetime>6/18/2019 9:28:54 AM</datetime>
<title>Static Sensor Positioning</title>
<meta>Author: Jakob Rieke; Version v1.3.0</meta>
<configuration>
  Zoom = 40
  SizeTeamA = 2
  SizeTeamB = 2
  FieldHeight = 9
  FieldWidth = 6
  PlayerSensorRange = 12
  PlayerSensorFOV = 56.3
  PlayerSize = 0.1555
  # The function used to optimize the problem,
  # possible values are:
  # Simplex, PSO, SPSO-2006, SPSO-2011, PSO-A-IW,
  # PSO-LD-IW, PSO-Chaotic-IW, PSO-LD-IW,
  # Evolution-Strategy, Differential-Evolution,
  # Adaptive-Differential-Evolution
  Optimizer = PSO
  </configuration>
<iteration i="0">
<sensors>[[0.72585183925329,4.25256624947228,43.8347285984127], [0.131397287542026,3.32662465376287,86.6045482891589]]</sensors>
<obstacles>[[4.67194662149996, 0.0180283589288592], [3.78152044932358, 5.52671139780432]]</obstacles>
<global-best>22.9840419043726</global-best>
</iteration>
<iteration i="1200">
<sensors>[[0.310352368862109,0.374993791236661,12.1197177894158], [7.67208527195177E-09,0.354923817631733,61.8500029707622]]</sensors>
<obstacles>[[4.67194662149996, 0.0180283589288592], [3.78152044932358, 5.52671139780432]]</obstacles>
<global-best>1.00301709305229</global-best>
</iteration>
<iterations>1200</iterations>
<elapsed-time>9774</elapsed-time>
<average-time>0</average-time>
</simulation>