<?xml version="1.0" encoding="UTF-8"?>
<simulation>
<software>charlie-simulation-framework; v1.0.0; Jakob Rieke</software>
<system>Unix; Unix 18.2.0.0; 18.2.0.0</system>
<datetime>6/18/2019 9:27:56 AM</datetime>
<title>Static Sensor Positioning</title>
<meta>Author: Jakob Rieke; Version v1.3.0</meta>
<configuration>
  Zoom = 40
  SizeTeamA = 2
  SizeTeamB = 2
  FieldHeight = 9
  FieldWidth = 6
  PlayerSensorRange = 12
  PlayerSensorFOV = 56.3
  PlayerSize = 0.1555
  # The function used to optimize the problem,
  # possible values are:
  # Simplex, PSO, SPSO-2006, SPSO-2011, PSO-A-IW,
  # PSO-LD-IW, PSO-Chaotic-IW, PSO-LD-IW,
  # Evolution-Strategy, Differential-Evolution,
  # Adaptive-Differential-Evolution
  Optimizer = PSO
  </configuration>
<iteration i="0">
<sensors>[[-3.20961708080406,6.94769581286132,170.344157391198], [3.39252544410168,4.88656037971116,220.608774064989]]</sensors>
<obstacles>[[5.97370736813173, 3.27856318373233], [6.40060928673483, 3.45103649888188]]</obstacles>
<global-best>23.5781751223349</global-best>
</iteration>
<iteration i="1200">
<sensors>[[8.99999999985758,1.15178650347217E-09,151.850000398512], [8.9999999999716,5.99999999828224,208.149999606781]]</sensors>
<obstacles>[[5.97370736813173, 3.27856318373233], [6.40060928673483, 3.45103649888188]]</obstacles>
<global-best>6.05386182556233</global-best>
</iteration>
<iterations>1200</iterations>
<elapsed-time>3828</elapsed-time>
<average-time>0</average-time>
</simulation>