<?xml version="1.0" encoding="UTF-8"?>
<simulation>
<software>charlie-simulation-framework; v1.0.0; Jakob Rieke</software>
<system>Unix; Unix 18.2.0.0; 18.2.0.0</system>
<datetime>6/18/2019 9:28:15 AM</datetime>
<title>Static Sensor Positioning</title>
<meta>Author: Jakob Rieke; Version v1.3.0</meta>
<configuration>
  Zoom = 40
  SizeTeamA = 2
  SizeTeamB = 2
  FieldHeight = 9
  FieldWidth = 6
  PlayerSensorRange = 12
  PlayerSensorFOV = 56.3
  PlayerSize = 0.1555
  # The function used to optimize the problem,
  # possible values are:
  # Simplex, PSO, SPSO-2006, SPSO-2011, PSO-A-IW,
  # PSO-LD-IW, PSO-Chaotic-IW, PSO-LD-IW,
  # Evolution-Strategy, Differential-Evolution,
  # Adaptive-Differential-Evolution
  Optimizer = PSO
  </configuration>
<iteration i="0">
<sensors>[[0.460670326743576,2.96114253815142,280.740241608357], [12.1552270520777,6.39503020831688,38.6803834776207]]</sensors>
<obstacles>[[3.95293181925081, 1.84465147554874], [2.30071898619644, 3.10639917338267]]</obstacles>
<global-best>29.5224237764841</global-best>
</iteration>
<iteration i="1200">
<sensors>[[2.06091466200786E-09,5.99999999972859,327.308553497438], [3.95123657855512E-10,1.68113585180645E-09,61.8500003481527]]</sensors>
<obstacles>[[3.95293181925081, 1.84465147554874], [2.30071898619644, 3.10639917338267]]</obstacles>
<global-best>5.72357122940087</global-best>
</iteration>
<iterations>1200</iterations>
<elapsed-time>4690</elapsed-time>
<average-time>0</average-time>
</simulation>