<?xml version="1.0" encoding="UTF-8"?>
<simulation>
<software>charlie-simulation-framework; v1.0.0; Jakob Rieke</software>
<system>Unix; Unix 18.2.0.0; 18.2.0.0</system>
<datetime>6/18/2019 9:28:07 AM</datetime>
<title>Static Sensor Positioning</title>
<meta>Author: Jakob Rieke; Version v1.3.0</meta>
<configuration>
  Zoom = 40
  SizeTeamA = 2
  SizeTeamB = 2
  FieldHeight = 9
  FieldWidth = 6
  PlayerSensorRange = 12
  PlayerSensorFOV = 56.3
  PlayerSize = 0.1555
  # The function used to optimize the problem,
  # possible values are:
  # Simplex, PSO, SPSO-2006, SPSO-2011, PSO-A-IW,
  # PSO-LD-IW, PSO-Chaotic-IW, PSO-LD-IW,
  # Evolution-Strategy, Differential-Evolution,
  # Adaptive-Differential-Evolution
  Optimizer = PSO
  </configuration>
<iteration i="0">
<sensors>[[6.0347148947273,6.06140560591533,41.4391246754697], [0.899383741236667,6.2456503538805,159.928628493167]]</sensors>
<obstacles>[[3.47894627787173, 5.91021737968549], [3.00668130861595, 3.6311809848994]]</obstacles>
<global-best>26.1540731472776</global-best>
</iteration>
<iteration i="1200">
<sensors>[[4.02766248387843E-10,1.15832478487411E-10,28.1499996089503], [8.99999998977922,3.41527026725485,172.622712342138]]</sensors>
<obstacles>[[3.47894627787173, 5.91021737968549], [3.00668130861595, 3.6311809848994]]</obstacles>
<global-best>1.07950985991428</global-best>
</iteration>
<iterations>1200</iterations>
<elapsed-time>3900</elapsed-time>
<average-time>0</average-time>
</simulation>