<?xml version="1.0" encoding="UTF-8"?><simulation><title>Static SP with GA</title>
<meta></meta>
<datetime>6/6/2019 6:12:35 AM</datetime>
<system>Unix, Unix 18.2.0.0, 18.2.0.0</system>
<model>
  Zoom = 40
  SizeTeamA = 11
  SizeTeamB = 11
  FieldHeight = 9
  FieldWidth = 6
  PlayerSensorRange = 12
  PlayerSensorFOV = 56.3
  PlayerSize = 0.1555
  # The function used to optimize the problem,
  # possible values are:
  # Simplex, PSO, SPSO-2006, SPSO-2011, PSO-A-IW,
  # PSO-LD-IW, PSO-Chaotic-IW, PSO-LD-IW,
  # Evolution-Strategy, Differential-Evolution,
  # Adaptive-Differential-Evolution
  Optimizer = Adaptive-Differential-Evolution
  
</model>
<iteration i="0">
<sensors>[[9,2.11406624575939,0.121931900531504], [2.60184727553321,6,360], [9,6,1.8931955720515], [9,6,2.72742709557699], [2.98157637659031,1.70733515795025,2.42679878543755], [4.06715668716169,0.170599346787342,0.249255927104795], [9,6,360], [3.45190201849954,6,4.62338913688981], [0.39476569169079,1.30775676954253,1.1624594210094], [2.07273628960194,3.99668840668087,0.752173516841646], [9,3.37905707964186,2.07522310714126]]</sensors>
<obstacles>[[8.90661422652192, 5.28094901936129], [5.15438309102319, 1.69726904667914], [6.64906051824801, 1.2250553467311], [8.48885454400443, 2.45177338086069], [3.15274426108226, 5.36673730239272], [1.25532727665268, 3.56198724824935], [2.16048620268703, 5.31131017394364], [7.83887183689512, 0.144864696543664], [2.68303522118367, 4.02427079854533], [6.10891067027114, 4.79421082371846], [8.47959297895432, 0.379549632780254]]</obstacles>
<global-best>14.0652627200949</global-best>

</iteration>
<iteration i="200">
<sensors>[[0.659074118407539,6,246.440383357395], [5.88285544270905,3.54315040641816,193.887361241197], [4.28465011668783,3.95690667680831,169.290419359748], [0,5.45194561050362,359.942969092732], [3.75978057315889,3.80346120307303,4.12883179757716], [0.949833811417182,4.40238260745781,360], [4.67748780192314,4.64405582743791,360], [9,4.55376867335283,170.844213329446], [1.15700174078579,0,0], [0.188954420957714,1.26148302915956,4.46676663809148], [0,3.05450313684658,4.4511685578193]]</sensors>
<obstacles>[[8.90661422652192, 5.28094901936129], [5.15438309102319, 1.69726904667914], [6.64906051824801, 1.2250553467311], [8.48885454400443, 2.45177338086069], [3.15274426108226, 5.36673730239272], [1.25532727665268, 3.56198724824935], [2.16048620268703, 5.31131017394364], [7.83887183689512, 0.144864696543664], [2.68303522118367, 4.02427079854533], [6.10891067027114, 4.79421082371846], [8.47959297895432, 0.379549632780254]]</obstacles>
<global-best>1.25981042052564</global-best>

</iteration>
<iterations>200</iterations>
<elapsed-time>70112</elapsed-time>
<average-time>0</average-time></simulation>
