<?xml version="1.0" encoding="UTF-8"?><simulation><title>Static SP with GA</title>
<meta></meta>
<datetime>6/6/2019 6:07:59 AM</datetime>
<system>Unix, Unix 18.2.0.0, 18.2.0.0</system>
<model>
  Zoom = 40
  SizeTeamA = 11
  SizeTeamB = 11
  FieldHeight = 9
  FieldWidth = 6
  PlayerSensorRange = 12
  PlayerSensorFOV = 56.3
  PlayerSize = 0.1555
  # The function used to optimize the problem,
  # possible values are:
  # Simplex, PSO, SPSO-2006, SPSO-2011, PSO-A-IW,
  # PSO-LD-IW, PSO-Chaotic-IW, PSO-LD-IW,
  # Evolution-Strategy, Differential-Evolution,
  # Adaptive-Differential-Evolution
  Optimizer = Adaptive-Differential-Evolution
  
</model>
<iteration i="0">
<sensors>[[3.78254994023185,6,360], [9,6,360], [9,4.84927008157812,2.01261552679646], [4.60417436426603,6,2.52827558841749], [9,6,360], [9,6,0.408288898274369], [0.893217682813577,2.20899344589771,3.51072749321133], [3.03230548930175,2.08268539446469,360], [9,0.172424946253287,2.25415049289683], [3.07137545618959,0.0475590268726371,360], [9,0.0244608230480132,2.37758723957874]]</sensors>
<obstacles>[[3.239183611935, 2.93034340068698], [6.70522282551974, 0.959197840187699], [1.19135134457611, 2.23064702516422], [3.38273684866726, 0.187521224375814], [1.05375364492647, 4.91848485963419], [5.01996458228678, 4.64302215864882], [5.66135087865405, 4.38499363744631], [1.74179804837331, 0.63225497212261], [3.00209810910746, 1.52551800291985], [5.46357964281924, 2.18192249676213], [3.12056736275554, 4.88934569153935]]</obstacles>
<global-best>11.1293941962874</global-best>

</iteration>
<iteration i="200">
<sensors>[[1.04313281971103,6,0], [4.82638749283777,0.391300405866649,2.03402777657599], [1.24370100533133,0,0], [0,6,282.466585567396], [5.66209401986935,0,5.69717823597366], [9,6,202.921158012084], [3.34368602065349,4.35479381986337,226.540664283243], [7.74155783011623,6,6], [2.9612563773881,3.79549901357129,6], [0,4.49274997549726,360], [2.36654287769519,1.08913549080802,103.591435349324]]</sensors>
<obstacles>[[3.239183611935, 2.93034340068698], [6.70522282551974, 0.959197840187699], [1.19135134457611, 2.23064702516422], [3.38273684866726, 0.187521224375814], [1.05375364492647, 4.91848485963419], [5.01996458228678, 4.64302215864882], [5.66135087865405, 4.38499363744631], [1.74179804837331, 0.63225497212261], [3.00209810910746, 1.52551800291985], [5.46357964281924, 2.18192249676213], [3.12056736275554, 4.88934569153935]]</obstacles>
<global-best>2.05741333054267</global-best>

</iteration>
<iterations>200</iterations>
<elapsed-time>64037</elapsed-time>
<average-time>0</average-time></simulation>
