<?xml version="1.0" encoding="UTF-8"?><simulation><title>Static SP with GA</title>
<meta></meta>
<datetime>6/6/2019 6:38:47 AM</datetime>
<system>Unix, Unix 18.2.0.0, 18.2.0.0</system>
<model>
  Zoom = 40
  SizeTeamA = 11
  SizeTeamB = 11
  FieldHeight = 9
  FieldWidth = 6
  PlayerSensorRange = 12
  PlayerSensorFOV = 56.3
  PlayerSize = 0.1555
  # The function used to optimize the problem,
  # possible values are:
  # Simplex, PSO, SPSO-2006, SPSO-2011, PSO-A-IW,
  # PSO-LD-IW, PSO-Chaotic-IW, PSO-LD-IW,
  # Evolution-Strategy, Differential-Evolution,
  # Adaptive-Differential-Evolution
  Optimizer = Adaptive-Differential-Evolution
  
</model>
<iteration i="0">
<sensors>[[9,0.546567255059855,360], [9,6,360], [4.56635753381214,2.18728200932668,360], [2.79255232256664,6,360], [9,6,2.65444674241693], [9,1.65057673506685,3.31104741159618], [2.11439298165832,2.80038640783177,360], [1.66510753255922,6,360], [1.3668015381244,6,360], [3.98735133441802,1.85126008858235,1.97642306261147], [9,6,1.10890866632315]]</sensors>
<obstacles>[[0.114471716573462, 2.2635123305954], [3.61706576985307, 5.03442334011197], [8.99753210577182, 2.66329811839387], [0.946178845362738, 3.74172669136897], [7.93287640227936, 4.33075989922509], [4.1691684150137, 0.113341744523495], [3.33917678100988, 1.03780349437147], [1.79174013272859, 5.36434274772182], [2.71654915669933, 3.95551122911274], [7.38274344359525, 0.512205770239234], [6.17295596469194, 3.8130270796828]]</obstacles>
<global-best>16.4163549959765</global-best>

</iteration>
<iteration i="200">
<sensors>[[0.0544422628608612,3.5408430303766,200.384064821286], [9,4.46160827247361,308.362148403503], [9,1.0558092163193,159.35982122876], [0,1.44099077811821,9], [6.92234223697155,3.031097597899,238.765543278373], [1.51082445608811,4.94672701400209,349.352509699217], [6.55228273904762,0,143.604601543577], [0,3.22170244700158,0], [2.90292956445741,6,0], [0,0,57.1996114252913], [4.73911527485319,4.82575957985675,30.1219267039672]]</sensors>
<obstacles>[[0.114471716573462, 2.2635123305954], [3.61706576985307, 5.03442334011197], [8.99753210577182, 2.66329811839387], [0.946178845362738, 3.74172669136897], [7.93287640227936, 4.33075989922509], [4.1691684150137, 0.113341744523495], [3.33917678100988, 1.03780349437147], [1.79174013272859, 5.36434274772182], [2.71654915669933, 3.95551122911274], [7.38274344359525, 0.512205770239234], [6.17295596469194, 3.8130270796828]]</obstacles>
<global-best>1.28210038710905</global-best>

</iteration>
<iterations>200</iterations>
<elapsed-time>55445</elapsed-time>
<average-time>0</average-time></simulation>
