<?xml version="1.0" encoding="UTF-8"?><simulation><title>Static SP with GA</title>
<meta></meta>
<datetime>6/6/2019 6:31:53 AM</datetime>
<system>Unix, Unix 18.2.0.0, 18.2.0.0</system>
<model>
  Zoom = 40
  SizeTeamA = 11
  SizeTeamB = 11
  FieldHeight = 9
  FieldWidth = 6
  PlayerSensorRange = 12
  PlayerSensorFOV = 56.3
  PlayerSize = 0.1555
  # The function used to optimize the problem,
  # possible values are:
  # Simplex, PSO, SPSO-2006, SPSO-2011, PSO-A-IW,
  # PSO-LD-IW, PSO-Chaotic-IW, PSO-LD-IW,
  # Evolution-Strategy, Differential-Evolution,
  # Adaptive-Differential-Evolution
  Optimizer = Adaptive-Differential-Evolution
  
</model>
<iteration i="0">
<sensors>[[0.685960165151851,3.34808821052967,1.0878858636338], [3.08462517291415,6,360], [9,6,360], [9,6,0.895331400887885], [2.94316125985774,1.99763520085198,0.102813384752444], [9,6,4.31870795770518], [9,6,1.77181302261814], [9,6,0.8062063869569], [4.04492594512294,1.75552096607991,360], [4.58467644396812,6,360], [4.94527382774867,4.79839229253083,4.76199327729689]]</sensors>
<obstacles>[[8.71256121341139, 5.78676421428099], [6.34207405848429, 0.160854153335094], [5.53113254997879, 1.32123036962003], [7.91581903444603, 1.25459855608642], [6.05457220226526, 1.0624444973655], [8.34856909699738, 3.6655009528622], [4.07523402082734, 4.44349801540375], [1.29242581897415, 2.69184529222548], [0.122838679002598, 5.40200520632789], [5.75763926119544, 3.33812103699893], [8.4479689844884, 5.07475315220654]]</obstacles>
<global-best>18.9689452173938</global-best>

</iteration>
<iteration i="200">
<sensors>[[0,4.16573632147744,360], [0,0,360], [4.85598849907779,1.06117372558076,1.01216925686686], [9,4.34625910339072,186.445944180205], [0,6,51.4551640307761], [9,2.32183938137594,180.984666505146], [5.00433512110222,6,118.664715587998], [9,0.240827291540825,56.5062040511291], [0.506349494164404,2.1524894188848,1.73742300430661], [2.76658437314534,3.84662441688228,6], [9,1.38598434466302,255.904723341662]]</sensors>
<obstacles>[[8.71256121341139, 5.78676421428099], [6.34207405848429, 0.160854153335094], [5.53113254997879, 1.32123036962003], [7.91581903444603, 1.25459855608642], [6.05457220226526, 1.0624444973655], [8.34856909699738, 3.6655009528622], [4.07523402082734, 4.44349801540375], [1.29242581897415, 2.69184529222548], [0.122838679002598, 5.40200520632789], [5.75763926119544, 3.33812103699893], [8.4479689844884, 5.07475315220654]]</obstacles>
<global-best>1.3581090925744</global-best>

</iteration>
<iterations>200</iterations>
<elapsed-time>69968</elapsed-time>
<average-time>0</average-time></simulation>
