<?xml version="1.0" encoding="UTF-8"?><simulation><title>Static SP with GA</title>
<meta></meta>
<datetime>6/6/2019 6:15:54 AM</datetime>
<system>Unix, Unix 18.2.0.0, 18.2.0.0</system>
<model>
  Zoom = 40
  SizeTeamA = 11
  SizeTeamB = 11
  FieldHeight = 9
  FieldWidth = 6
  PlayerSensorRange = 12
  PlayerSensorFOV = 56.3
  PlayerSize = 0.1555
  # The function used to optimize the problem,
  # possible values are:
  # Simplex, PSO, SPSO-2006, SPSO-2011, PSO-A-IW,
  # PSO-LD-IW, PSO-Chaotic-IW, PSO-LD-IW,
  # Evolution-Strategy, Differential-Evolution,
  # Adaptive-Differential-Evolution
  Optimizer = Adaptive-Differential-Evolution
  
</model>
<iteration i="0">
<sensors>[[9,6,2.55721054215851], [2.43078456200445,4.75422416807949,1.48555754602085], [3.14417386617143,2.39088885425378,4.31989385497754], [9,6,360], [9,3.33012528911469,360], [3.01494632568558,2.95997057062573,360], [9,0.510715834216847,360], [9,6,360], [1.52734167327344,0.189563565698815,360], [9,6,360], [3.79288443801759,1.22779235854461,1.09417066352772]]</sensors>
<obstacles>[[5.18337071081623, 5.2274509719573], [2.33396504865959, 1.03915498265997], [4.86280303238891, 4.9698359593749], [2.02928767120466, 0.0187599286437035], [4.59313821187243, 1.08507291879505], [5.64833565847948, 1.0714207389392], [2.54230263107456, 3.90186149301007], [2.57752070599236, 3.4147067531012], [5.76149832713418, 3.6285739922896], [1.47861679131165, 5.11169384373352], [7.70609028241597, 4.62148677930236]]</obstacles>
<global-best>19.8926292616535</global-best>

</iteration>
<iteration i="200">
<sensors>[[0,1.12792201198985,90.8549166129381], [0,5.49492220153704,261.219824206768], [8.37687676902865,0,167.871496235021], [0,4.17786104029595,71.5448148865365], [0,0,0], [9,6,225.282664348193], [0,6,360], [9,4.1868016695384,70.1061784579966], [0.906903828113321,1.24097862157282,360], [8.71683705456721,3.00699372758731,208.641567343659], [1.22737351405118,3.06878110273924,360]]</sensors>
<obstacles>[[5.18337071081623, 5.2274509719573], [2.33396504865959, 1.03915498265997], [4.86280303238891, 4.9698359593749], [2.02928767120466, 0.0187599286437035], [4.59313821187243, 1.08507291879505], [5.64833565847948, 1.0714207389392], [2.54230263107456, 3.90186149301007], [2.57752070599236, 3.4147067531012], [5.76149832713418, 3.6285739922896], [1.47861679131165, 5.11169384373352], [7.70609028241597, 4.62148677930236]]</obstacles>
<global-best>1.39794831117949</global-best>

</iteration>
<iterations>200</iterations>
<elapsed-time>71734</elapsed-time>
<average-time>0</average-time></simulation>
