<?xml version="1.0" encoding="UTF-8"?><simulation><title>Static SP with GA</title>
<meta></meta>
<datetime>6/6/2019 6:45:36 AM</datetime>
<system>Unix, Unix 18.2.0.0, 18.2.0.0</system>
<model>
  Zoom = 40
  SizeTeamA = 11
  SizeTeamB = 11
  FieldHeight = 9
  FieldWidth = 6
  PlayerSensorRange = 12
  PlayerSensorFOV = 56.3
  PlayerSize = 0.1555
  # The function used to optimize the problem,
  # possible values are:
  # Simplex, PSO, SPSO-2006, SPSO-2011, PSO-A-IW,
  # PSO-LD-IW, PSO-Chaotic-IW, PSO-LD-IW,
  # Evolution-Strategy, Differential-Evolution,
  # Adaptive-Differential-Evolution
  Optimizer = Adaptive-Differential-Evolution
  
</model>
<iteration i="0">
<sensors>[[9,6,4.97470773988746], [0.652093513787745,3.83961739224373,1.39195950850657], [0.513285031894521,0.701361257979032,360], [0.951048975333349,6,360], [9,6,360], [9,1.16887846872417,2.20396579643804], [9,6,3.08963917616979], [9,4.92396698331553,2.49753500509484], [1.9887630518034,6,4.21905912673545], [9,3.26374571264343,360], [2.52474343579373,0.679254139698868,360]]</sensors>
<obstacles>[[5.00096209323965, 5.50584375858307], [0.756578496191651, 2.54730122024193], [5.57089958013967, 4.59236185764894], [4.44886607397348, 0.193296646233648], [1.6587630242575, 3.14828580524772], [1.44764009560458, 5.23496250808239], [4.03633814072236, 0.475611180067062], [5.06127975415438, 2.76993899513036], [1.9106186684221, 1.86022513965145], [0.0571201157290488, 2.64070137916133], [7.86431803554296, 4.47579062869772]]</obstacles>
<global-best>11.8413211148547</global-best>

</iteration>
<iteration i="200">
<sensors>[[0.604985600676244,4.06729069644936,3.70962217137919], [1.06689101924815,6,360], [6.64821780595917,4.55710988255171,157.832933812229], [0,1.08016783007683,329.136035862312], [9,0,165.944775501301], [0.21268919256799,5.5788034182828,2.82271610755071], [0,0,0.23057814121894], [7.83782332731771,3.88356569918161,4.41581808482665], [7.64953319608891,0,360], [9,1.38426965949396,172.701459515017], [0,3.67265848644838,0.417908398764652]]</sensors>
<obstacles>[[5.00096209323965, 5.50584375858307], [0.756578496191651, 2.54730122024193], [5.57089958013967, 4.59236185764894], [4.44886607397348, 0.193296646233648], [1.6587630242575, 3.14828580524772], [1.44764009560458, 5.23496250808239], [4.03633814072236, 0.475611180067062], [5.06127975415438, 2.76993899513036], [1.9106186684221, 1.86022513965145], [0.0571201157290488, 2.64070137916133], [7.86431803554296, 4.47579062869772]]</obstacles>
<global-best>1.43576108333046</global-best>

</iteration>
<iterations>200</iterations>
<elapsed-time>57043</elapsed-time>
<average-time>0</average-time></simulation>
