<?xml version="1.0" encoding="UTF-8"?><simulation><title>Static SP with GA</title>
<meta></meta>
<datetime>6/6/2019 6:20:27 AM</datetime>
<system>Unix, Unix 18.2.0.0, 18.2.0.0</system>
<model>
  Zoom = 40
  SizeTeamA = 11
  SizeTeamB = 11
  FieldHeight = 9
  FieldWidth = 6
  PlayerSensorRange = 12
  PlayerSensorFOV = 56.3
  PlayerSize = 0.1555
  # The function used to optimize the problem,
  # possible values are:
  # Simplex, PSO, SPSO-2006, SPSO-2011, PSO-A-IW,
  # PSO-LD-IW, PSO-Chaotic-IW, PSO-LD-IW,
  # Evolution-Strategy, Differential-Evolution,
  # Adaptive-Differential-Evolution
  Optimizer = Adaptive-Differential-Evolution
  
</model>
<iteration i="0">
<sensors>[[2.99737261794446,6,0.788936802602591], [0.318176258662291,0.943743713652655,360], [9,2.79574943655072,360], [2.24936892680111,1.30220949330884,4.66246031915361], [9,6,360], [9,6,2.22561513474807], [9,0.797833934379238,360], [9,1.51375790511113,360], [2.95454918126449,4.97396258636703,360], [9,4.42842518431796,1.43515359061657], [9,2.63679927392788,2.65049782992585]]</sensors>
<obstacles>[[1.36212204792537, 1.29377760412171], [7.1487250153441, 1.76857686555013], [8.91832045745105, 3.85900097200647], [2.07274247473106, 2.9044408807531], [0.839272760320455, 5.58577650971711], [8.11442578677088, 5.47669680509716], [5.97383881732821, 1.73015728639439], [6.96812831168063, 5.71762776654214], [2.15363515145145, 3.8061442784965], [3.89593904558569, 2.51263940054923], [3.83302770950831, 3.95150197064504]]</obstacles>
<global-best>9.84299094462036</global-best>

</iteration>
<iteration i="200">
<sensors>[[4.22033270265862,6,353.500087852832], [9,3.07300666929148,249.390054438873], [2.58055723960247,0,315.768030995414], [0,4.25184057576445,0], [1.69078961942239,1.80623668254142,66.2921011188268], [0,4.91541310156026,299.765802813574], [0,1.01018623511999,75.2613875880437], [7.8691700022954,4.99630500379113,360], [0,0.0468194957303243,41.7844004508508], [0.79910099897659,6,0], [8.37849384171769,0.763962821991782,180.20008551803]]</sensors>
<obstacles>[[1.36212204792537, 1.29377760412171], [7.1487250153441, 1.76857686555013], [8.91832045745105, 3.85900097200647], [2.07274247473106, 2.9044408807531], [0.839272760320455, 5.58577650971711], [8.11442578677088, 5.47669680509716], [5.97383881732821, 1.73015728639439], [6.96812831168063, 5.71762776654214], [2.15363515145145, 3.8061442784965], [3.89593904558569, 2.51263940054923], [3.83302770950831, 3.95150197064504]]</obstacles>
<global-best>2.26975855732611</global-best>

</iteration>
<iterations>200</iterations>
<elapsed-time>69768</elapsed-time>
<average-time>0</average-time></simulation>
