<?xml version="1.0" encoding="UTF-8"?><simulation><title>Static SP with GA</title>
<meta></meta>
<datetime>6/6/2019 6:19:18 AM</datetime>
<system>Unix, Unix 18.2.0.0, 18.2.0.0</system>
<model>
  Zoom = 40
  SizeTeamA = 11
  SizeTeamB = 11
  FieldHeight = 9
  FieldWidth = 6
  PlayerSensorRange = 12
  PlayerSensorFOV = 56.3
  PlayerSize = 0.1555
  # The function used to optimize the problem,
  # possible values are:
  # Simplex, PSO, SPSO-2006, SPSO-2011, PSO-A-IW,
  # PSO-LD-IW, PSO-Chaotic-IW, PSO-LD-IW,
  # Evolution-Strategy, Differential-Evolution,
  # Adaptive-Differential-Evolution
  Optimizer = Adaptive-Differential-Evolution
  
</model>
<iteration i="0">
<sensors>[[4.93311978875034,4.19206399917418,0.0746938015973875], [3.92588972089018,6,360], [4.73042003571299,6,4.9575895117497], [4.78703164257739,2.8748734919063,360], [2.77343891974851,6,360], [3.65620485475664,6,360], [4.70566707656385,4.35904624856986,1.24298910988564], [9,6,360], [9,1.38283766023415,360], [9,4.82259806939927,360], [9,0.335869496999278,3.46614156813969]]</sensors>
<obstacles>[[1.57435380388051, 1.57680522836745], [4.25957410549745, 3.79946470633149], [3.934060923988, 1.93150006514043], [0.43478768854402, 0.372150182258338], [7.17357326159254, 2.47668870678172], [3.44186347885989, 1.0712018692866], [5.6102464988362, 5.46865645749494], [8.05541771440767, 2.53068852704018], [7.9304530012887, 4.10931151080877], [5.60342591162771, 0.165699644945562], [8.74057054985315, 3.63646284816787]]</obstacles>
<global-best>12.4158998961429</global-best>

</iteration>
<iteration i="200">
<sensors>[[9,0,352.220783258579], [6.85365318843754,3.2755430144175,136.171897052062], [3.11130371401052,0.131386006293082,360], [1.75878566614324,0,360], [2.08661580179483,5.94886825563866,0], [0.792071779126981,2.2782489294404,0], [7.64463232979298,1.86667217725637,167.998647736346], [2.03106400173637,0.432045331920827,178.198671453305], [1.18663578257287,0.657537511510631,24.5798925226616], [9,5.1008598829853,207.865820577548], [2.45316236313537,1.0099125337314,175.868194293891]]</sensors>
<obstacles>[[1.57435380388051, 1.57680522836745], [4.25957410549745, 3.79946470633149], [3.934060923988, 1.93150006514043], [0.43478768854402, 0.372150182258338], [7.17357326159254, 2.47668870678172], [3.44186347885989, 1.0712018692866], [5.6102464988362, 5.46865645749494], [8.05541771440767, 2.53068852704018], [7.9304530012887, 4.10931151080877], [5.60342591162771, 0.165699644945562], [8.74057054985315, 3.63646284816787]]</obstacles>
<global-best>1.67319177155991</global-best>

</iteration>
<iterations>200</iterations>
<elapsed-time>68651</elapsed-time>
<average-time>0</average-time></simulation>
