<?xml version="1.0" encoding="UTF-8"?><simulation><title>Static SP with GA</title>
<meta></meta>
<datetime>6/6/2019 6:11:18 AM</datetime>
<system>Unix, Unix 18.2.0.0, 18.2.0.0</system>
<model>
  Zoom = 40
  SizeTeamA = 11
  SizeTeamB = 11
  FieldHeight = 9
  FieldWidth = 6
  PlayerSensorRange = 12
  PlayerSensorFOV = 56.3
  PlayerSize = 0.1555
  # The function used to optimize the problem,
  # possible values are:
  # Simplex, PSO, SPSO-2006, SPSO-2011, PSO-A-IW,
  # PSO-LD-IW, PSO-Chaotic-IW, PSO-LD-IW,
  # Evolution-Strategy, Differential-Evolution,
  # Adaptive-Differential-Evolution
  Optimizer = Adaptive-Differential-Evolution
  
</model>
<iteration i="0">
<sensors>[[2.79498646915774,1.94809276306724,360], [9,3.95264844152905,1.74019766895571], [9,1.44392782739455,2.54853639927426], [9,6,360], [9,6,0.897024272917077], [9,6,3.03904901678652], [4.33578144743475,6,2.93185693163701], [9,6,360], [1.83795096511905,6,360], [9,4.43710857756369,3.78996663233032], [9,6,360]]</sensors>
<obstacles>[[5.07002524333075, 1.23455238249153], [8.23899441515096, 3.89147347770631], [2.05619372078218, 1.62955547589809], [8.70314556383528, 4.33811030862853], [7.07072668313049, 1.64003557059914], [7.46054662624374, 2.13103088596836], [1.67858561757021, 3.75463187182322], [2.20882670441642, 2.79283219808713], [1.38280763779767, 0.237697476055473], [6.22523215343244, 3.78130371496081], [8.13292619981803, 5.19424517964944]]</obstacles>
<global-best>12.7083496712379</global-best>

</iteration>
<iteration i="200">
<sensors>[[1.06741672262816,6,296.492186355543], [9,2.77923222065852,298.977390253693], [9,1.85558376918937,97.6186207244398], [4.20215152545259,2.37078729955731,360], [6,1.81523950740745,360], [0,2.92164928468087,2.09327149835724], [3.14014281335756,6,227.790993149383], [8.67601822064417,1.86594479663084,157.863890720693], [0,6,232.65995154376], [6.77722282487817,5.02572763867322,207.752350518793], [0,5.30650960965315,354.239610858936]]</sensors>
<obstacles>[[5.07002524333075, 1.23455238249153], [8.23899441515096, 3.89147347770631], [2.05619372078218, 1.62955547589809], [8.70314556383528, 4.33811030862853], [7.07072668313049, 1.64003557059914], [7.46054662624374, 2.13103088596836], [1.67858561757021, 3.75463187182322], [2.20882670441642, 2.79283219808713], [1.38280763779767, 0.237697476055473], [6.22523215343244, 3.78130371496081], [8.13292619981803, 5.19424517964944]]</obstacles>
<global-best>2.23472647268075</global-best>

</iteration>
<iterations>200</iterations>
<elapsed-time>76409</elapsed-time>
<average-time>0</average-time></simulation>
