<?xml version="1.0" encoding="UTF-8"?><simulation><title>Static SP with GA</title>
<meta></meta>
<datetime>6/6/2019 6:25:53 AM</datetime>
<system>Unix, Unix 18.2.0.0, 18.2.0.0</system>
<model>
  Zoom = 40
  SizeTeamA = 11
  SizeTeamB = 11
  FieldHeight = 9
  FieldWidth = 6
  PlayerSensorRange = 12
  PlayerSensorFOV = 56.3
  PlayerSize = 0.1555
  # The function used to optimize the problem,
  # possible values are:
  # Simplex, PSO, SPSO-2006, SPSO-2011, PSO-A-IW,
  # PSO-LD-IW, PSO-Chaotic-IW, PSO-LD-IW,
  # Evolution-Strategy, Differential-Evolution,
  # Adaptive-Differential-Evolution
  Optimizer = Adaptive-Differential-Evolution
  
</model>
<iteration i="0">
<sensors>[[3.79960561841717,6,4.66225568895746], [9,4.46703921525437,4.20294506922433], [2.83589111590662,6,360], [9,6,3.19277681833896], [4.45588943768663,0.717331009385486,3.63448645887768], [4.29489868210976,0.602465715632416,4.59077425524378], [9,6,4.0304314016901], [9,6,360], [4.71878320670658,4.00584422494421,2.08117260529687], [4.78244349821062,6,4.12162513218858], [9,4.2984200500181,360]]</sensors>
<obstacles>[[7.23877655365504, 3.75890876725316], [4.90772235346958, 4.16459702141583], [8.17620940692723, 1.30716480268165], [0.624591592233628, 4.32053810404614], [8.28194304602221, 3.88804606162012], [6.38978430605493, 3.97557179583237], [3.36916576162912, 0.434844359289855], [3.66311112837866, 1.28062033094466], [0.494773162063211, 2.98499062657356], [8.81020805728622, 1.00776770710945], [6.69825622765347, 4.95221733720973]]</obstacles>
<global-best>12.8405649320829</global-best>

</iteration>
<iteration i="200">
<sensors>[[6,2.32771239017517,2.83001058837107], [9,0,4.07936554167205], [0,1.05752324109513,360], [1.35123403516213,1.50228282580253,4.9343488724934], [0,0,0], [0,6,360], [9,2.32039619624592,168.86246818627], [1.06531489820213,6,3.62407983206516], [6.65932959488481,1.46454980165915,2.42430643406404], [9,0.542500930479284,2.89858707177886], [9,3.54310077040084,167.888856122418]]</sensors>
<obstacles>[[7.23877655365504, 3.75890876725316], [4.90772235346958, 4.16459702141583], [8.17620940692723, 1.30716480268165], [0.624591592233628, 4.32053810404614], [8.28194304602221, 3.88804606162012], [6.38978430605493, 3.97557179583237], [3.36916576162912, 0.434844359289855], [3.66311112837866, 1.28062033094466], [0.494773162063211, 2.98499062657356], [8.81020805728622, 1.00776770710945], [6.69825622765347, 4.95221733720973]]</obstacles>
<global-best>1.57878548462832</global-best>

</iteration>
<iterations>200</iterations>
<elapsed-time>69462</elapsed-time>
<average-time>0</average-time></simulation>
