<?xml version="1.0" encoding="UTF-8"?><simulation><title>Static SP with GA</title>
<meta></meta>
<datetime>6/6/2019 6:23:38 AM</datetime>
<system>Unix, Unix 18.2.0.0, 18.2.0.0</system>
<model>
  Zoom = 40
  SizeTeamA = 11
  SizeTeamB = 11
  FieldHeight = 9
  FieldWidth = 6
  PlayerSensorRange = 12
  PlayerSensorFOV = 56.3
  PlayerSize = 0.1555
  # The function used to optimize the problem,
  # possible values are:
  # Simplex, PSO, SPSO-2006, SPSO-2011, PSO-A-IW,
  # PSO-LD-IW, PSO-Chaotic-IW, PSO-LD-IW,
  # Evolution-Strategy, Differential-Evolution,
  # Adaptive-Differential-Evolution
  Optimizer = Adaptive-Differential-Evolution
  
</model>
<iteration i="0">
<sensors>[[9,0.138151439637446,360], [1.74790225847343,1.07619840094731,360], [4.05313487375461,2.00250848825148,360], [1.16541866356633,6,2.53591632413117], [9,6,2.54890355922955], [9,6,360], [0.130768521952156,6,4.04437091644955], [3.5556631974307,0.629472060974098,360], [3.23641085956162,6,360], [2.8218267154465,2.96018830918711,360], [9,6,4.18925566114235]]</sensors>
<obstacles>[[4.77077361219563, 0.781469296664], [2.95418372447602, 3.90022217575461], [6.45939729223028, 4.05931910360232], [1.7850703233853, 1.92453103652224], [5.539490114199, 3.33223214512691], [0.272942662239075, 1.67997277155519], [6.5602701252792, 2.37281610723585], [8.48680943925865, 5.99257657025009], [5.66223697573878, 0.676312448456883], [4.36987521965057, 0.542522152885795], [3.96620279224589, 5.5239347750321]]</obstacles>
<global-best>15.7188639805613</global-best>

</iteration>
<iteration i="200">
<sensors>[[0,3.64274885812066,0], [7.34349502533496,3.3454651175018,183.63011684983], [3.6788326691487,0,360], [8.4293732180952,5.13751621676605,4.4434733450907], [0,1.85057159250627,0], [7.56354768875295,0,118.283990951092], [7.69590238972556,6,320.453292416094], [0,0,1.12396634035113], [0,2.7421047686988,0.486128460911557], [9,4.21239502472914,4.28354234302512], [3.63813314466997,5.98948415142102,227.645780246424]]</sensors>
<obstacles>[[4.77077361219563, 0.781469296664], [2.95418372447602, 3.90022217575461], [6.45939729223028, 4.05931910360232], [1.7850703233853, 1.92453103652224], [5.539490114199, 3.33223214512691], [0.272942662239075, 1.67997277155519], [6.5602701252792, 2.37281610723585], [8.48680943925865, 5.99257657025009], [5.66223697573878, 0.676312448456883], [4.36987521965057, 0.542522152885795], [3.96620279224589, 5.5239347750321]]</obstacles>
<global-best>1.30659173784744</global-best>

</iteration>
<iterations>200</iterations>
<elapsed-time>67338</elapsed-time>
<average-time>0</average-time></simulation>
