<?xml version="1.0" encoding="UTF-8"?><simulation><title>Static SP with GA</title>
<meta></meta>
<datetime>6/6/2019 6:04:47 AM</datetime>
<system>Unix, Unix 18.2.0.0, 18.2.0.0</system>
<model>
  Zoom = 40
  SizeTeamA = 11
  SizeTeamB = 11
  FieldHeight = 9
  FieldWidth = 6
  PlayerSensorRange = 12
  PlayerSensorFOV = 56.3
  PlayerSize = 0.1555
  # The function used to optimize the problem,
  # possible values are:
  # Simplex, PSO, SPSO-2006, SPSO-2011, PSO-A-IW,
  # PSO-LD-IW, PSO-Chaotic-IW, PSO-LD-IW,
  # Evolution-Strategy, Differential-Evolution,
  # Adaptive-Differential-Evolution
  Optimizer = Adaptive-Differential-Evolution
  
</model>
<iteration i="0">
<sensors>[[4.51657548768366,4.56355343329803,4.38323789028992], [4.48224894224719,4.98263008659301,0.882207829477779], [2.85531043490751,3.01955414657005,360], [9,6,3.73998102004174], [9,6,360], [9,3.12975939319696,360], [4.65312761246532,6,360], [3.19310105363678,3.25310422998227,0.00502721523051797], [9,6,2.2238002664465], [9,3.92383437811486,360], [0.0726279325486692,6,360]]</sensors>
<obstacles>[[1.808008025866, 1.17264778492972], [7.47793117747642, 4.04383290326223], [4.4957499790471, 4.8510915543884], [8.71809399873018, 0.73035000404343], [2.04508016793989, 0.173680203035474], [7.01284688198939, 2.93072792049497], [7.15509089059196, 5.2584054172039], [2.78122014761902, 0.527432637289166], [6.46915742964484, 4.61416057683527], [0.461754345567897, 1.91160596301779], [5.38934379816055, 1.89782914286479]]</obstacles>
<global-best>15.4071819122045</global-best>

</iteration>
<iteration i="200">
<sensors>[[0,0,8.15282386672785], [4.53396122875469,4.0072970046403,6], [0,1.51051471593129,1.51238620542553], [5.91093139766078,6,360], [0,2.15669658864314,360], [0,2.84563085702863,360], [7.27704701355558,0,161.887616238653], [5.77640491438053,1.9200024608933,360], [9,0.285550223508577,360], [0,4.4998678930758,6], [0.997670486882942,1.33472822069818,5.97934547780304]]</sensors>
<obstacles>[[1.808008025866, 1.17264778492972], [7.47793117747642, 4.04383290326223], [4.4957499790471, 4.8510915543884], [8.71809399873018, 0.73035000404343], [2.04508016793989, 0.173680203035474], [7.01284688198939, 2.93072792049497], [7.15509089059196, 5.2584054172039], [2.78122014761902, 0.527432637289166], [6.46915742964484, 4.61416057683527], [0.461754345567897, 1.91160596301779], [5.38934379816055, 1.89782914286479]]</obstacles>
<global-best>2.27726048359936</global-best>

</iteration>
<iterations>200</iterations>
<elapsed-time>68214</elapsed-time>
<average-time>0</average-time></simulation>
