<?xml version="1.0" encoding="UTF-8"?><simulation><title>Static SP with GA</title>
<meta></meta>
<datetime>6/6/2019 6:10:07 AM</datetime>
<system>Unix, Unix 18.2.0.0, 18.2.0.0</system>
<model>
  Zoom = 40
  SizeTeamA = 11
  SizeTeamB = 11
  FieldHeight = 9
  FieldWidth = 6
  PlayerSensorRange = 12
  PlayerSensorFOV = 56.3
  PlayerSize = 0.1555
  # The function used to optimize the problem,
  # possible values are:
  # Simplex, PSO, SPSO-2006, SPSO-2011, PSO-A-IW,
  # PSO-LD-IW, PSO-Chaotic-IW, PSO-LD-IW,
  # Evolution-Strategy, Differential-Evolution,
  # Adaptive-Differential-Evolution
  Optimizer = Adaptive-Differential-Evolution
  
</model>
<iteration i="0">
<sensors>[[2.4037978349728,0.0418002798784993,360], [9,1.46826526300709,1.67980788431126], [1.73971132997882,6,360], [3.21218362967767,6,0.28049436287966], [9,6,360], [0.319424154078454,0.573104041529145,360], [9,0.293935547884074,360], [9,6,1.10420502165896], [9,4.67612471656784,3.76645872573519], [9,6,360], [4.35020945019792,6,2.45321608089218]]</sensors>
<obstacles>[[6.04156660242006, 1.84050736064091], [5.10233564861119, 0.177807428408414], [5.48295691190287, 5.61462022131309], [0.444430646952242, 3.80677030049264], [1.50738471094519, 1.85627699363977], [0.4063845933415, 5.09538442036137], [1.20380132063292, 1.64850114192814], [8.81687250011601, 2.49365856964141], [3.05525372503325, 1.3733178419061], [2.72167710238136, 3.51812889380381], [4.4620328808669, 1.79093738878146]]</obstacles>
<global-best>17.1946610241982</global-best>

</iteration>
<iteration i="200">
<sensors>[[3.07490377409265,1.84648266731087,44.6760132978882], [0,0.814838016512572,163.445438324408], [2.67018323887548,4.38850570770659,261.02692217369], [0,0.396519687451296,43.6799550103677], [2.34712437755484,3.09372899854457,219.23904669086], [0.461911522059148,6,0], [0.0760861474732133,3.42457089493886,360], [9,0.529224042671085,177.078243282673], [1.71292071025461,0.686685944852679,0], [7.00631207538079,2.16728193153797,180.913535451185], [4.20595959575448,6,192.755057668172]]</sensors>
<obstacles>[[6.04156660242006, 1.84050736064091], [5.10233564861119, 0.177807428408414], [5.48295691190287, 5.61462022131309], [0.444430646952242, 3.80677030049264], [1.50738471094519, 1.85627699363977], [0.4063845933415, 5.09538442036137], [1.20380132063292, 1.64850114192814], [8.81687250011601, 2.49365856964141], [3.05525372503325, 1.3733178419061], [2.72167710238136, 3.51812889380381], [4.4620328808669, 1.79093738878146]]</obstacles>
<global-best>1.53592560242793</global-best>

</iteration>
<iterations>200</iterations>
<elapsed-time>70802</elapsed-time>
<average-time>0</average-time></simulation>
