<?xml version="1.0" encoding="UTF-8"?><simulation><title>Static SP with GA</title>
<meta></meta>
<datetime>6/6/2019 12:48:31 AM</datetime>
<system>Unix, Unix 18.2.0.0, 18.2.0.0</system>
<model>
  Zoom = 40
  SizeTeamA = 11
  SizeTeamB = 11
  FieldHeight = 9
  FieldWidth = 6
  PlayerSensorRange = 12
  PlayerSensorFOV = 56.3
  PlayerSize = 0.1555
  # The function used to optimize the problem,
  # possible values are:
  # Simplex, PSO, SPSO-2006, SPSO-2011, PSO-A-IW,
  # PSO-LD-IW, PSO-Chaotic-IW, PSO-LD-IW,
  # Evolution-Strategy, Differential-Evolution,
  # Adaptive-Differential-Evolution
  Optimizer = Adaptive-Differential-Evolution
  
</model>
<iteration i="0">
<sensors>[[1.79857477471199,2.97532708336956,2.28599987860909], [2.627164618491,6,1.28102111310722], [9,4.94097890098136,3.09852442194208], [9,6,360], [9,6,360], [2.81072498481039,6,360], [1.41192864543105,2.54949201307015,3.41089183893308], [9,1.61676400727983,360], [9,1.54106651119447,360], [9,1.3617010662243,1.00832975376591], [9,6,360]]</sensors>
<obstacles>[[4.12771666841581, 5.95949844131246], [6.46398418815807, 1.02338137384504], [7.39965619426221, 2.80801382800564], [3.53056092071347, 1.36090236157179], [0.59482534811832, 4.88591804355383], [1.25320756668225, 0.114925685338676], [2.24086933932267, 0.773054528050125], [4.83841357380152, 5.38133157882839], [4.12476744968444, 5.12998699676245], [8.51205830904655, 5.51887217257172], [7.13707250612788, 3.79604116547853]]</obstacles>
<global-best>13.9512174056293</global-best>

</iteration>
<iteration i="200">
<sensors>[[1.63118666049468,0,1.96866927132212], [3.15326804958065,1.67040619960762,108.701192886266], [0.749532707825262,6,360], [0,3.32671304644139,0.546751437222944], [6.70518919858979,5.62537491040808,260.455368139063], [9,0.764852702449146,28.4388369845771], [9,2.30569346253299,105.183848528827], [2.68111592284917,4.41966771055198,252.825891550085], [0.329008006323966,2.04464661063344,101.550470197894], [5.14517804747614,6,0.985887297966494], [0.721455211888581,2.90457913722639,0]]</sensors>
<obstacles>[[4.12771666841581, 5.95949844131246], [6.46398418815807, 1.02338137384504], [7.39965619426221, 2.80801382800564], [3.53056092071347, 1.36090236157179], [0.59482534811832, 4.88591804355383], [1.25320756668225, 0.114925685338676], [2.24086933932267, 0.773054528050125], [4.83841357380152, 5.38133157882839], [4.12476744968444, 5.12998699676245], [8.51205830904655, 5.51887217257172], [7.13707250612788, 3.79604116547853]]</obstacles>
<global-best>1.99591953776564</global-best>

</iteration>
<iterations>200</iterations>
<elapsed-time>66625</elapsed-time>
<average-time>0</average-time></simulation>
