<?xml version="1.0" encoding="UTF-8"?><simulation><title>Static SP with GA</title>
<meta></meta>
<datetime>6/6/2019 6:44:28 AM</datetime>
<system>Unix, Unix 18.2.0.0, 18.2.0.0</system>
<model>
  Zoom = 40
  SizeTeamA = 11
  SizeTeamB = 11
  FieldHeight = 9
  FieldWidth = 6
  PlayerSensorRange = 12
  PlayerSensorFOV = 56.3
  PlayerSize = 0.1555
  # The function used to optimize the problem,
  # possible values are:
  # Simplex, PSO, SPSO-2006, SPSO-2011, PSO-A-IW,
  # PSO-LD-IW, PSO-Chaotic-IW, PSO-LD-IW,
  # Evolution-Strategy, Differential-Evolution,
  # Adaptive-Differential-Evolution
  Optimizer = Adaptive-Differential-Evolution
  
</model>
<iteration i="0">
<sensors>[[4.48815466358516,1.62786494396344,0.81466031163341], [9,2.80180774112274,360], [9,2.75306423840883,3.07154998604011], [9,6,360], [3.58711820295712,2.9764063442071,1.69668450409004], [9,6,360], [0.00343237421555287,2.0784660328828,2.94133663129558], [3.68656730714407,4.28486239846909,4.5264645874329], [9,0.245708850036773,3.81546089165273], [9,1.03965217621058,360], [2.77688294364533,3.14663276498826,1.32183732379271]]</sensors>
<obstacles>[[6.813861975912, 2.31032704794779], [3.86951704253443, 5.73490305896848], [1.58965468942188, 5.52588383993134], [2.12391115212813, 4.34447205159813], [6.16427873354405, 5.66117519885302], [5.67244402575307, 3.10063029639423], [8.21777214040048, 2.44988733250648], [6.59062532591634, 2.53245645901188], [1.09793938393705, 5.45116495108232], [2.52579539269209, 0.89464470371604], [0.515650374814868, 5.75256787519902]]</obstacles>
<global-best>11.3229389714512</global-best>

</iteration>
<iteration i="200">
<sensors>[[8.74979862583014,3.13013902123322,195.616729314913], [1.92567353872139,5.14023751902402,274.535812779464], [0,4.49750398670178,323.408703103595], [7.91937523608569,5.83747310085494,202.034275322723], [0.248935842805209,2.32151248754091,360], [5.20145199040392,5.71487762447018,328.347587360262], [9,2.64602338114321,42.7633012636965], [8.55901300409336,0,227.287748998286], [1.00798150431551,1.64387051203829,111.718351343455], [9,3.87626662086427,157.30491671986], [4.11175845752279,0,112.872063425904]]</sensors>
<obstacles>[[6.813861975912, 2.31032704794779], [3.86951704253443, 5.73490305896848], [1.58965468942188, 5.52588383993134], [2.12391115212813, 4.34447205159813], [6.16427873354405, 5.66117519885302], [5.67244402575307, 3.10063029639423], [8.21777214040048, 2.44988733250648], [6.59062532591634, 2.53245645901188], [1.09793938393705, 5.45116495108232], [2.52579539269209, 0.89464470371604], [0.515650374814868, 5.75256787519902]]</obstacles>
<global-best>1.20791040001831</global-best>

</iteration>
<iterations>200</iterations>
<elapsed-time>67686</elapsed-time>
<average-time>0</average-time></simulation>
