<?xml version="1.0" encoding="UTF-8"?><simulation><title>Static SP with GA</title>
<meta></meta>
<datetime>6/6/2019 6:02:16 AM</datetime>
<system>Unix, Unix 18.2.0.0, 18.2.0.0</system>
<model>
  Zoom = 40
  SizeTeamA = 11
  SizeTeamB = 11
  FieldHeight = 9
  FieldWidth = 6
  PlayerSensorRange = 12
  PlayerSensorFOV = 56.3
  PlayerSize = 0.1555
  # The function used to optimize the problem,
  # possible values are:
  # Simplex, PSO, SPSO-2006, SPSO-2011, PSO-A-IW,
  # PSO-LD-IW, PSO-Chaotic-IW, PSO-LD-IW,
  # Evolution-Strategy, Differential-Evolution,
  # Adaptive-Differential-Evolution
  Optimizer = Adaptive-Differential-Evolution
  
</model>
<iteration i="0">
<sensors>[[1.93427204781544,1.78264627158238,4.88993521311552], [9,4.72451788599708,360], [2.93507643228748,4.74837894778428,0.854168125859966], [0.0307505845629494,6,3.73012528026712], [1.47828765131493,6,1.71730599056867], [0.987491820935973,4.84898600723804,2.67768755035421], [3.56193762239114,6,0.68453116241948], [9,0.694743812944447,1.05988297286906], [9,4.19009161395721,360], [2.22852278436267,0.433616655746851,360], [9,1.37270011621823,4.00281263957797]]</sensors>
<obstacles>[[1.80905290343799, 4.79209143156186], [0.614875371800736, 1.1335475561209], [1.36799213360064, 4.41463754698634], [3.7615365232341, 1.77206360595301], [1.52725917776115, 3.795442531351], [5.49038136703894, 5.09068701881915], [4.98928690049797, 0.707605997566134], [8.16847367305309, 2.0946777225472], [7.65186824533157, 0.812919138930738], [7.00186794460751, 1.70592658035457], [8.0196086356882, 4.27996482560411]]</obstacles>
<global-best>14.5545345929</global-best>

</iteration>
<iteration i="200">
<sensors>[[8.50404853225901,2.73444861320585,206.979521605478], [0.399816195643224,2.66883134801163,360], [0.354435894959094,0.53247481214057,2.97236913652037], [0.0699940360159913,6,360], [3.67561497674223,1.42858248763913,2.45887981538696], [2.2112985684516,2.80754134112923,132.908046797097], [4.2965662819853,1.12661169004106,356.482439715518], [1.84953798510312,1.79444353556844,104.914741572255], [6.9088540394574,5.11176669932152,187.370629264281], [6.49868089145307,3.29538724942717,183.472236236318], [2.28239562258761,5.10772137529377,355.32737328042]]</sensors>
<obstacles>[[1.80905290343799, 4.79209143156186], [0.614875371800736, 1.1335475561209], [1.36799213360064, 4.41463754698634], [3.7615365232341, 1.77206360595301], [1.52725917776115, 3.795442531351], [5.49038136703894, 5.09068701881915], [4.98928690049797, 0.707605997566134], [8.16847367305309, 2.0946777225472], [7.65186824533157, 0.812919138930738], [7.00186794460751, 1.70592658035457], [8.0196086356882, 4.27996482560411]]</obstacles>
<global-best>2.05084433938675</global-best>

</iteration>
<iterations>200</iterations>
<elapsed-time>75099</elapsed-time>
<average-time>0</average-time></simulation>
