<?xml version="1.0" encoding="UTF-8"?><simulation><title>Static SP with GA</title>
<meta></meta>
<datetime>6/6/2019 6:13:45 AM</datetime>
<system>Unix, Unix 18.2.0.0, 18.2.0.0</system>
<model>
  Zoom = 40
  SizeTeamA = 11
  SizeTeamB = 11
  FieldHeight = 9
  FieldWidth = 6
  PlayerSensorRange = 12
  PlayerSensorFOV = 56.3
  PlayerSize = 0.1555
  # The function used to optimize the problem,
  # possible values are:
  # Simplex, PSO, SPSO-2006, SPSO-2011, PSO-A-IW,
  # PSO-LD-IW, PSO-Chaotic-IW, PSO-LD-IW,
  # Evolution-Strategy, Differential-Evolution,
  # Adaptive-Differential-Evolution
  Optimizer = Adaptive-Differential-Evolution
  
</model>
<iteration i="0">
<sensors>[[9,6,360], [1.84427699000674,2.04577592598409,360], [0.867496320481295,0.474124472931522,2.56385785936468], [9,6,1.87704353986239], [9,0.646486833143626,360], [0.181439704071135,3.81109226467346,360], [3.00862551853262,6,360], [9,1.14165090400298,3.03516052617579], [0.784206412682358,6,360], [9,6,2.6202419278259], [9,6,2.80255105528109]]</sensors>
<obstacles>[[6.63873181957752, 0.841802418697625], [6.68009487516247, 4.23218765901402], [3.71499816630967, 1.94847503677011], [5.68103585159406, 5.7629674281925], [0.736787267960608, 0.129761892836541], [4.72451215144247, 2.10533491987735], [8.01302920421585, 4.96550294850022], [1.95143547956832, 0.715100089553744], [3.12628918304108, 4.34682220313698], [1.00456464104354, 2.84257591422647], [2.42925670347176, 4.48087529232726]]</obstacles>
<global-best>13.2438853373606</global-best>

</iteration>
<iteration i="200">
<sensors>[[2.96618763121294,0,0], [6.76489392561487,0,51.3591532431203], [0,3.08205836313815,210.355832540557], [0.225088852760262,1.70385972229983,38.631154664958], [6.10333425713118,0,157.29037660948], [8.09326812348152,1.29181419148581,174.265771987118], [9,4.91584188443474,259.549757190119], [0.479612261152914,5.75331987844468,360], [9,3.1867159064021,360], [0.444202346837487,0.862576909370901,360], [0,2.24811848773549,30.1565636073119]]</sensors>
<obstacles>[[6.63873181957752, 0.841802418697625], [6.68009487516247, 4.23218765901402], [3.71499816630967, 1.94847503677011], [5.68103585159406, 5.7629674281925], [0.736787267960608, 0.129761892836541], [4.72451215144247, 2.10533491987735], [8.01302920421585, 4.96550294850022], [1.95143547956832, 0.715100089553744], [3.12628918304108, 4.34682220313698], [1.00456464104354, 2.84257591422647], [2.42925670347176, 4.48087529232726]]</obstacles>
<global-best>1.42221863287385</global-best>

</iteration>
<iterations>200</iterations>
<elapsed-time>60797</elapsed-time>
<average-time>0</average-time></simulation>
