<?xml version="1.0" encoding="UTF-8"?><simulation><title>Static SP with GA</title>
<meta></meta>
<datetime>6/6/2019 6:21:37 AM</datetime>
<system>Unix, Unix 18.2.0.0, 18.2.0.0</system>
<model>
  Zoom = 40
  SizeTeamA = 11
  SizeTeamB = 11
  FieldHeight = 9
  FieldWidth = 6
  PlayerSensorRange = 12
  PlayerSensorFOV = 56.3
  PlayerSize = 0.1555
  # The function used to optimize the problem,
  # possible values are:
  # Simplex, PSO, SPSO-2006, SPSO-2011, PSO-A-IW,
  # PSO-LD-IW, PSO-Chaotic-IW, PSO-LD-IW,
  # Evolution-Strategy, Differential-Evolution,
  # Adaptive-Differential-Evolution
  Optimizer = Adaptive-Differential-Evolution
  
</model>
<iteration i="0">
<sensors>[[4.1356557512506,2.0712119869588,4.26706602547017], [9,6,1.11486411795832], [0.804483181751445,2.26258906239238,360], [0.966518324792041,3.06252198714356,360], [9,6,3.98169290716334], [3.01807225170035,6,360], [1.527747995343,6,2.4199869757099], [1.50339211721518,3.78296862095198,0.566054798095966], [1.82337463060938,4.28115871252519,3.0419949647137], [1.81344992174149,6,360], [0.231550257939741,6,4.56809265528994]]</sensors>
<obstacles>[[2.41788836172782, 0.69862624257803], [2.41606288589537, 1.87307105027139], [3.5972689257469, 5.05484104994684], [6.23116618045606, 2.94000093033537], [0.0936031644232571, 1.74322012905031], [8.80307751148939, 2.64179326314479], [2.39995969715528, 0.128736070822924], [7.60011560493149, 2.35219128336757], [7.04669243074022, 4.66719058156013], [0.834767546039075, 3.26368173630908], [1.30784657830372, 1.79535641474649]]</obstacles>
<global-best>19.9886806134888</global-best>

</iteration>
<iteration i="200">
<sensors>[[0,0.847763037760854,1.56943713792752], [2.75867551284899,3.65367333606204,319.858150197054], [3.45741724326681,4.77331385476825,227.488386376035], [5.38094344977088,2.70686753780212,3.92113225333497], [0,0.333918804613389,0], [6.09362975722617,6,199.63263246169], [0,2.19610437042446,359.712274429297], [2.51112112251835,5.12263424859088,198.171049521006], [0,3.475793428361,1.51338576208667], [0,5.09072396888383,4.58550201208628], [0,0,5.06977085257502]]</sensors>
<obstacles>[[2.41788836172782, 0.69862624257803], [2.41606288589537, 1.87307105027139], [3.5972689257469, 5.05484104994684], [6.23116618045606, 2.94000093033537], [0.0936031644232571, 1.74322012905031], [8.80307751148939, 2.64179326314479], [2.39995969715528, 0.128736070822924], [7.60011560493149, 2.35219128336757], [7.04669243074022, 4.66719058156013], [0.834767546039075, 3.26368173630908], [1.30784657830372, 1.79535641474649]]</obstacles>
<global-best>1.32906076932536</global-best>

</iteration>
<iterations>200</iterations>
<elapsed-time>56198</elapsed-time>
<average-time>0</average-time></simulation>
