<?xml version="1.0" encoding="UTF-8"?><simulation><title>Static SP with GA</title>
<meta></meta>
<datetime>6/6/2019 6:34:16 AM</datetime>
<system>Unix, Unix 18.2.0.0, 18.2.0.0</system>
<model>
  Zoom = 40
  SizeTeamA = 11
  SizeTeamB = 11
  FieldHeight = 9
  FieldWidth = 6
  PlayerSensorRange = 12
  PlayerSensorFOV = 56.3
  PlayerSize = 0.1555
  # The function used to optimize the problem,
  # possible values are:
  # Simplex, PSO, SPSO-2006, SPSO-2011, PSO-A-IW,
  # PSO-LD-IW, PSO-Chaotic-IW, PSO-LD-IW,
  # Evolution-Strategy, Differential-Evolution,
  # Adaptive-Differential-Evolution
  Optimizer = Adaptive-Differential-Evolution
  
</model>
<iteration i="0">
<sensors>[[9,3.66449061517243,360], [0.556787565713001,6,4.04537155503532], [0.457893716045165,6,0.552999916382366], [9,6,360], [2.31335590996625,0.588811097105223,3.1542612957196], [1.38287646146092,3.68562896705363,2.81152223651566], [4.11295328501448,6,360], [9,2.69409086268723,360], [2.04766106024563,6,360], [1.70388313399252,6,360], [2.68471587861067,1.09243278999171,360]]</sensors>
<obstacles>[[7.39665653114207, 5.3725271243602], [4.99254667083733, 0.340621378272772], [2.53035917761736, 3.18920882698148], [6.09371527307667, 5.44850475993007], [8.18862750660628, 2.32656526844949], [2.84085066639818, 0.239317865576595], [4.18429458816536, 4.61041669500992], [6.61772072059102, 3.38178425235674], [3.71733917528763, 0.275753284804523], [3.58653795649298, 4.1599582680501], [7.29339113202877, 4.62031789775938]]</obstacles>
<global-best>15.254532687814</global-best>

</iteration>
<iteration i="200">
<sensors>[[2.16403445882654,3.69217970272679,205.709616111799], [0,1.21979310011943,3.08442574513987], [0,0,0.532089695912894], [0,1.83735161438363,6], [0,4.10707366217438,3.97721148716107], [2.60059381121791,0.500569263505955,89.6882567687836], [9,6,6], [0.820905125234899,0,3.56361242391881], [9,2.77330902226823,2.21519682583118], [4.88586960121969,5.9246847282991,0.503824450676647], [9,4.98427129343421,207.941543683289]]</sensors>
<obstacles>[[7.39665653114207, 5.3725271243602], [4.99254667083733, 0.340621378272772], [2.53035917761736, 3.18920882698148], [6.09371527307667, 5.44850475993007], [8.18862750660628, 2.32656526844949], [2.84085066639818, 0.239317865576595], [4.18429458816536, 4.61041669500992], [6.61772072059102, 3.38178425235674], [3.71733917528763, 0.275753284804523], [3.58653795649298, 4.1599582680501], [7.29339113202877, 4.62031789775938]]</obstacles>
<global-best>2.04710580024533</global-best>

</iteration>
<iterations>200</iterations>
<elapsed-time>71698</elapsed-time>
<average-time>0</average-time></simulation>
