<?xml version="1.0" encoding="UTF-8"?><simulation><title>Static SP with GA</title>
<meta></meta>
<datetime>6/6/2019 5:57:32 AM</datetime>
<system>Unix, Unix 18.2.0.0, 18.2.0.0</system>
<model>
  Zoom = 40
  SizeTeamA = 11
  SizeTeamB = 11
  FieldHeight = 9
  FieldWidth = 6
  PlayerSensorRange = 12
  PlayerSensorFOV = 56.3
  PlayerSize = 0.1555
  # The function used to optimize the problem,
  # possible values are:
  # Simplex, PSO, SPSO-2006, SPSO-2011, PSO-A-IW,
  # PSO-LD-IW, PSO-Chaotic-IW, PSO-LD-IW,
  # Evolution-Strategy, Differential-Evolution,
  # Adaptive-Differential-Evolution
  Optimizer = Adaptive-Differential-Evolution
  
</model>
<iteration i="0">
<sensors>[[0.95457085546911,6,360], [3.89256788391913,6,2.80081084179711], [3.93184040415376,6,360], [9,2.9314543907371,360], [4.92337168891061,6,2.14663348792741], [9,1.65040381174777,3.63752780916112], [2.91377952739452,3.62759595472077,360], [9,6,360], [9,6,0.885314155808956], [9,4.94003157129978,4.43945304710405], [9,6,360]]</sensors>
<obstacles>[[6.95292917196639, 3.34174240892753], [1.92600766243413, 1.87862398428842], [1.63182838819921, 4.1890953797847], [7.28768434049562, 4.96018927171826], [0.773149240063503, 4.66001982009038], [2.93085906514898, 1.64708407921717], [8.04042755020782, 5.67273716395721], [6.47248807107098, 4.87332980381325], [4.56354043562897, 2.62232807977125], [2.67998246708885, 4.25042790547013], [5.44759017764591, 2.44483016151935]]</obstacles>
<global-best>14.6960811254549</global-best>

</iteration>
<iteration i="200">
<sensors>[[3.22078466717544,5.78342874619779,360], [1.37513993626061,3.39812689512759,115.446093526526], [0,1.36645724958896,6], [9,2.90339184693962,2.98932119951302], [2.71022466007169,0,138.151958296962], [9,4.18913395539848,164.100397173872], [8.55234914193609,0.413606900586001,6], [0,5.98449894530393,337.312401555011], [9,1.99707667630119,165.85753415288], [8.89931074967491,6,5.69594633680712], [0,0.332565833340202,0]]</sensors>
<obstacles>[[6.95292917196639, 3.34174240892753], [1.92600766243413, 1.87862398428842], [1.63182838819921, 4.1890953797847], [7.28768434049562, 4.96018927171826], [0.773149240063503, 4.66001982009038], [2.93085906514898, 1.64708407921717], [8.04042755020782, 5.67273716395721], [6.47248807107098, 4.87332980381325], [4.56354043562897, 2.62232807977125], [2.67998246708885, 4.25042790547013], [5.44759017764591, 2.44483016151935]]</obstacles>
<global-best>1.11037846269632</global-best>

</iteration>
<iterations>200</iterations>
<elapsed-time>79172</elapsed-time>
<average-time>0</average-time></simulation>
