<?xml version="1.0" encoding="UTF-8"?><simulation><title>Static SP with GA</title>
<meta></meta>
<datetime>6/6/2019 6:17:06 AM</datetime>
<system>Unix, Unix 18.2.0.0, 18.2.0.0</system>
<model>
  Zoom = 40
  SizeTeamA = 11
  SizeTeamB = 11
  FieldHeight = 9
  FieldWidth = 6
  PlayerSensorRange = 12
  PlayerSensorFOV = 56.3
  PlayerSize = 0.1555
  # The function used to optimize the problem,
  # possible values are:
  # Simplex, PSO, SPSO-2006, SPSO-2011, PSO-A-IW,
  # PSO-LD-IW, PSO-Chaotic-IW, PSO-LD-IW,
  # Evolution-Strategy, Differential-Evolution,
  # Adaptive-Differential-Evolution
  Optimizer = Adaptive-Differential-Evolution
  
</model>
<iteration i="0">
<sensors>[[2.22420480736164,1.79640898173591,3.09934186472077], [0.99028578866047,1.48291803581708,4.36794803695938], [1.17947369026474,2.82238920867033,3.68106798238146], [2.4918148870328,1.85671925937215,360], [9,2.01164778718065,360], [3.72580969676511,1.79360033636764,3.85218101294064], [4.48749730584386,6,3.73730435472385], [3.12569109213671,6,360], [2.87185739210617,6,360], [2.86329236995971,6,360], [3.07640284255063,6,360]]</sensors>
<obstacles>[[2.63627789122984, 1.9748959466815], [8.79349498450756, 3.71548095764592], [3.34784136386588, 0.526769480668008], [5.66176005173475, 2.40301329782233], [4.69505645893514, 4.59283038927242], [6.94121494051069, 0.701981477905065], [4.32162261055782, 2.18207574170083], [3.20558672281913, 2.20736024016514], [2.51071353885345, 2.97410858888179], [8.74083513510413, 4.13410445814952], [4.29689914779738, 4.04836698621511]]</obstacles>
<global-best>19.6538636075518</global-best>

</iteration>
<iteration i="200">
<sensors>[[0,4.83655521455008,326.110466703867], [5.14107668185864,6,26.4462514406815], [9,3.00025268694507,202.477747053633], [1.22361949874367,3.42303324888629,29.1939483946956], [1.21235609076956,0.704710332106179,4.731205622492], [5.32293691572717,3.64822417349404,1.04699031540017], [5.47855025102743,0,3.76288953538395], [3.79293942658216,6,227.15666315122], [0.83074316128858,2.74887050695973,119.92558251839], [9,6,212.559412048281], [0.508188142470272,0,0]]</sensors>
<obstacles>[[2.63627789122984, 1.9748959466815], [8.79349498450756, 3.71548095764592], [3.34784136386588, 0.526769480668008], [5.66176005173475, 2.40301329782233], [4.69505645893514, 4.59283038927242], [6.94121494051069, 0.701981477905065], [4.32162261055782, 2.18207574170083], [3.20558672281913, 2.20736024016514], [2.51071353885345, 2.97410858888179], [8.74083513510413, 4.13410445814952], [4.29689914779738, 4.04836698621511]]</obstacles>
<global-best>2.0571247751744</global-best>

</iteration>
<iterations>200</iterations>
<elapsed-time>66466</elapsed-time>
<average-time>0</average-time></simulation>
