<?xml version="1.0" encoding="UTF-8"?><simulation><title>Static SP with GA</title>
<meta></meta>
<datetime>6/6/2019 6:24:46 AM</datetime>
<system>Unix, Unix 18.2.0.0, 18.2.0.0</system>
<model>
  Zoom = 40
  SizeTeamA = 11
  SizeTeamB = 11
  FieldHeight = 9
  FieldWidth = 6
  PlayerSensorRange = 12
  PlayerSensorFOV = 56.3
  PlayerSize = 0.1555
  # The function used to optimize the problem,
  # possible values are:
  # Simplex, PSO, SPSO-2006, SPSO-2011, PSO-A-IW,
  # PSO-LD-IW, PSO-Chaotic-IW, PSO-LD-IW,
  # Evolution-Strategy, Differential-Evolution,
  # Adaptive-Differential-Evolution
  Optimizer = Adaptive-Differential-Evolution
  
</model>
<iteration i="0">
<sensors>[[2.67803203726142,0.121938093826626,1.47140561055192], [2.47635983803225,6,360], [0.409835520063023,6,3.38260108334539], [2.72925261820882,1.28570173082075,360], [9,6,0.747761597332489], [2.34263790709494,6,360], [4.69549253575865,0.234866739538234,360], [0.311621850196184,3.61763651683406,360], [9,6,360], [9,0.594747128336399,3.10880927790627], [9,6,360]]</sensors>
<obstacles>[[8.87280787574127, 3.49777924781665], [3.77569279703312, 4.57694016583264], [4.95723628811538, 5.17467134306207], [2.24333452410065, 5.90185418212786], [2.48609039699659, 4.81363016366959], [1.72124929097481, 1.42268006270751], [8.0344967439305, 2.34667717432603], [5.89321943046525, 4.46247280575335], [8.49877024325542, 5.13825138285756], [6.777461405145, 5.44448610953987], [6.99089577770792, 4.76302264072001]]</obstacles>
<global-best>24.2774076779833</global-best>

</iteration>
<iteration i="200">
<sensors>[[2.35201308149925,4.11966346358783,0.33059214170309], [8.31013468483706,1.48936892590234,189.554557005426], [3.36476425040047,2.84994058215413,4.33114240577243], [0.0627899195347368,4.6119443649231,0], [0.109526439159742,1.6239595092722,360], [1.21542872155357,1.34164792535344,66.9472641621336], [2.74199709324184,0,0], [3.17564772847069,6,1.65474703952587], [0,6,360], [4.63201744871422,0,139.279951535274], [6.25792012070491,0,360]]</sensors>
<obstacles>[[8.87280787574127, 3.49777924781665], [3.77569279703312, 4.57694016583264], [4.95723628811538, 5.17467134306207], [2.24333452410065, 5.90185418212786], [2.48609039699659, 4.81363016366959], [1.72124929097481, 1.42268006270751], [8.0344967439305, 2.34667717432603], [5.89321943046525, 4.46247280575335], [8.49877024325542, 5.13825138285756], [6.777461405145, 5.44448610953987], [6.99089577770792, 4.76302264072001]]</obstacles>
<global-best>1.25063989346598</global-best>

</iteration>
<iterations>200</iterations>
<elapsed-time>67248</elapsed-time>
<average-time>0</average-time></simulation>
