<?xml version="1.0" encoding="UTF-8"?><simulation><title>Static SP with GA</title>
<meta></meta>
<datetime>6/6/2019 6:43:22 AM</datetime>
<system>Unix, Unix 18.2.0.0, 18.2.0.0</system>
<model>
  Zoom = 40
  SizeTeamA = 11
  SizeTeamB = 11
  FieldHeight = 9
  FieldWidth = 6
  PlayerSensorRange = 12
  PlayerSensorFOV = 56.3
  PlayerSize = 0.1555
  # The function used to optimize the problem,
  # possible values are:
  # Simplex, PSO, SPSO-2006, SPSO-2011, PSO-A-IW,
  # PSO-LD-IW, PSO-Chaotic-IW, PSO-LD-IW,
  # Evolution-Strategy, Differential-Evolution,
  # Adaptive-Differential-Evolution
  Optimizer = Adaptive-Differential-Evolution
  
</model>
<iteration i="0">
<sensors>[[4.38402779851668,6,360], [9,6,4.50712098495735], [9,3.18348080110352,360], [0.20928274030082,4.92651423903334,3.33470424831256], [9,6,360], [9,1.88096841724612,1.62090230188819], [4.42691271412813,6,1.09654388765258], [2.53021405253797,0.643673761664814,360], [9,2.65369216158374,0.0336915708691095], [4.57087975218214,2.21684893528392,360], [9,0.506030620426412,360]]</sensors>
<obstacles>[[4.99089896678925, 5.21829317556694], [5.14716869476251, 1.87323722988367], [5.74342220812105, 0.540737219620496], [0.952517946716398, 4.30468659382313], [7.71558422734961, 2.3647775631398], [8.16509060910903, 5.35277962172404], [2.19961223728023, 3.36495898012072], [5.9574173593428, 0.0631391163915396], [3.65393855609, 0.380333311390132], [7.9932788440492, 3.56491004303098], [1.96544241718948, 4.80981292622164]]</obstacles>
<global-best>13.5960073358512</global-best>

</iteration>
<iteration i="200">
<sensors>[[9,3.95570114144959,8.83926615511007], [6.09522361395216,4.07065133388628,0], [2.93743098969941,3.05999425079232,40.0929064992149], [0,2.27839920466744,360], [8.54181722155703,3.78306965417277,148.870679401656], [5.17168515946388,0.0665723101856583,147.985571192239], [9,5.04963498702121,360], [0.516332909585053,0.200302697487341,0], [0.033403296951118,1.37505919981393,9.3851024598474], [8.8990617574085,1.40436738808504,168.510863700776], [9,0.430955583892946,160.129951448236]]</sensors>
<obstacles>[[4.99089896678925, 5.21829317556694], [5.14716869476251, 1.87323722988367], [5.74342220812105, 0.540737219620496], [0.952517946716398, 4.30468659382313], [7.71558422734961, 2.3647775631398], [8.16509060910903, 5.35277962172404], [2.19961223728023, 3.36495898012072], [5.9574173593428, 0.0631391163915396], [3.65393855609, 0.380333311390132], [7.9932788440492, 3.56491004303098], [1.96544241718948, 4.80981292622164]]</obstacles>
<global-best>1.39851284765602</global-best>

</iteration>
<iterations>200</iterations>
<elapsed-time>65922</elapsed-time>
<average-time>0</average-time></simulation>
