<?xml version="1.0" encoding="UTF-8"?><simulation><title>Static SP with GA</title>
<meta></meta>
<datetime>6/6/2019 6:36:30 AM</datetime>
<system>Unix, Unix 18.2.0.0, 18.2.0.0</system>
<model>
  Zoom = 40
  SizeTeamA = 11
  SizeTeamB = 11
  FieldHeight = 9
  FieldWidth = 6
  PlayerSensorRange = 12
  PlayerSensorFOV = 56.3
  PlayerSize = 0.1555
  # The function used to optimize the problem,
  # possible values are:
  # Simplex, PSO, SPSO-2006, SPSO-2011, PSO-A-IW,
  # PSO-LD-IW, PSO-Chaotic-IW, PSO-LD-IW,
  # Evolution-Strategy, Differential-Evolution,
  # Adaptive-Differential-Evolution
  Optimizer = Adaptive-Differential-Evolution
  
</model>
<iteration i="0">
<sensors>[[0.191310680283073,6,360], [4.56113496785079,6,360], [9,4.76595660666143,360], [9,3.86745356462604,360], [0.00386270112447917,2.99064693925684,360], [9,6,0.0821872882270691], [9,4.21445303578266,2.83902115836717], [1.17594774723424,6,0.65403931440181], [9,6,3.99727246933553], [0.193941694496652,3.74503163358779,360], [9,6,360]]</sensors>
<obstacles>[[4.37367928563617, 5.61947505455464], [4.54812542418949, 3.43421964626759], [7.14538153493777, 2.86687350226566], [6.65480344626121, 3.56786230299622], [4.92089941981249, 2.85570842446759], [3.05447939224541, 5.1958535509184], [5.15355201484635, 4.747917057015], [5.93961761682294, 5.90798066044226], [8.93059325683862, 4.93398702191189], [3.65263033169322, 0.169629036448896], [1.36713110678829, 3.26420899713412]]</obstacles>
<global-best>13.0819519108481</global-best>

</iteration>
<iteration i="200">
<sensors>[[5.42068573044601,3.40473867344296,360], [5.53775030813961,0,14.6521231816279], [0,0.468592429583216,3.98598160076092], [9,6,6], [2.71803268554751,5.66066634644345,1.63270850669791], [0,1.98629508785985,3.40430396791209], [0,4.60307569637978,1.62752841554111], [1.27561696218726,6,7.04282013595074], [0.508974889644649,0,83.0097945487031], [0,6,0], [0,2.9902387959752,4.64967983992469]]</sensors>
<obstacles>[[4.37367928563617, 5.61947505455464], [4.54812542418949, 3.43421964626759], [7.14538153493777, 2.86687350226566], [6.65480344626121, 3.56786230299622], [4.92089941981249, 2.85570842446759], [3.05447939224541, 5.1958535509184], [5.15355201484635, 4.747917057015], [5.93961761682294, 5.90798066044226], [8.93059325683862, 4.93398702191189], [3.65263033169322, 0.169629036448896], [1.36713110678829, 3.26420899713412]]</obstacles>
<global-best>1.3938784343407</global-best>

</iteration>
<iterations>200</iterations>
<elapsed-time>62136</elapsed-time>
<average-time>0</average-time></simulation>
