<?xml version="1.0" encoding="UTF-8"?><simulation><title>Static SP with GA</title>
<meta></meta>
<datetime>6/6/2019 6:18:12 AM</datetime>
<system>Unix, Unix 18.2.0.0, 18.2.0.0</system>
<model>
  Zoom = 40
  SizeTeamA = 11
  SizeTeamB = 11
  FieldHeight = 9
  FieldWidth = 6
  PlayerSensorRange = 12
  PlayerSensorFOV = 56.3
  PlayerSize = 0.1555
  # The function used to optimize the problem,
  # possible values are:
  # Simplex, PSO, SPSO-2006, SPSO-2011, PSO-A-IW,
  # PSO-LD-IW, PSO-Chaotic-IW, PSO-LD-IW,
  # Evolution-Strategy, Differential-Evolution,
  # Adaptive-Differential-Evolution
  Optimizer = Adaptive-Differential-Evolution
  
</model>
<iteration i="0">
<sensors>[[2.42243157174029,0.257863976354214,360], [9,0.499877176596755,2.71062287681518], [9,6,3.82244132431746], [9,6,2.60545314932369], [4.58448482667666,1.01685436582585,360], [9,6,1.49309572216428], [9,4.64560112907682,360], [9,6,0.311629608113232], [1.77914059180281,3.96623705489706,4.9073858186387], [1.57519378153961,6,4.65677467632498], [9,6,0.811321815897553]]</sensors>
<obstacles>[[4.49422103189863, 4.30262583727017], [7.38092895853333, 1.22975108865649], [0.696382496505976, 4.56798723014072], [5.76839880854823, 3.07470352761447], [2.98522174637765, 1.08281534258276], [3.67465955112129, 4.15267255157232], [8.9047065556515, 0.801042401231825], [0.755731039680541, 0.595047576818615], [1.15515870577656, 0.629856332670897], [0.107985345181078, 1.13286067731678], [7.59634583978914, 4.05233445251361]]</obstacles>
<global-best>17.0440896241442</global-best>

</iteration>
<iteration i="200">
<sensors>[[0,3.5522475880885,341.27227654271], [0,0,0], [8.464137173924,3.7144895360606,188.748454651579], [6.53129610605123,1.38905803114683,162.393906644486], [3.55918108896722,1.1897839389775,175.464046973312], [3.17373782158507,5.48025378344273,6], [1.57538798557953,0,53.3989627205985], [3.78528137605188,6,3.17967833600137], [0,4.44537925055376,5.17231748077736], [2.8160433479672,0.623099800855702,4.90963002523796], [0,6,2.82730471749652]]</sensors>
<obstacles>[[4.49422103189863, 4.30262583727017], [7.38092895853333, 1.22975108865649], [0.696382496505976, 4.56798723014072], [5.76839880854823, 3.07470352761447], [2.98522174637765, 1.08281534258276], [3.67465955112129, 4.15267255157232], [8.9047065556515, 0.801042401231825], [0.755731039680541, 0.595047576818615], [1.15515870577656, 0.629856332670897], [0.107985345181078, 1.13286067731678], [7.59634583978914, 4.05233445251361]]</obstacles>
<global-best>1.17513592451616</global-best>

</iteration>
<iterations>200</iterations>
<elapsed-time>66227</elapsed-time>
<average-time>0</average-time></simulation>
