<?xml version="1.0" encoding="UTF-8"?><simulation><title>Static SP with GA</title>
<meta></meta>
<datetime>6/6/2019 6:27:03 AM</datetime>
<system>Unix, Unix 18.2.0.0, 18.2.0.0</system>
<model>
  Zoom = 40
  SizeTeamA = 11
  SizeTeamB = 11
  FieldHeight = 9
  FieldWidth = 6
  PlayerSensorRange = 12
  PlayerSensorFOV = 56.3
  PlayerSize = 0.1555
  # The function used to optimize the problem,
  # possible values are:
  # Simplex, PSO, SPSO-2006, SPSO-2011, PSO-A-IW,
  # PSO-LD-IW, PSO-Chaotic-IW, PSO-LD-IW,
  # Evolution-Strategy, Differential-Evolution,
  # Adaptive-Differential-Evolution
  Optimizer = Adaptive-Differential-Evolution
  
</model>
<iteration i="0">
<sensors>[[1.10737474544611,6,3.66795488835032], [4.14748818128078,2.36199867384555,360], [1.89131570441912,6,360], [1.97388119925137,6,0.907498266526381], [3.76514689968088,6,360], [9,0.742880316856987,0.371444147399496], [2.1588833995999,6,0.795295565807097], [9,1.06958136802297,360], [9,4.39333791597591,360], [1.94378452770034,6,360], [1.52613091900156,6,1.22489520493543]]</sensors>
<obstacles>[[5.82739915070124, 4.95405000960454], [7.22579302336089, 5.13678832864389], [3.44813192915171, 1.00307935802266], [4.25505246268585, 5.40949607826769], [2.23189955251291, 2.03011615527794], [4.13408915908076, 2.26247592363507], [6.9210081207566, 5.83564535016194], [6.4259165909607, 4.49726682621986], [7.53913379972801, 1.02162919566035], [4.7988881834317, 3.18534467602149], [5.60517954826355, 2.25779066467658]]</obstacles>
<global-best>12.3078183381532</global-best>

</iteration>
<iteration i="200">
<sensors>[[1.42271731827212,2.40876948735076,261.975824847298], [0,5.14203002227554,5.43153548449216], [5.68831647859357,2.85110827034859,0.94408144238886], [0,1.6011083408518,360], [0.336790771623582,0.996421674789329,88.9923059048671], [0,0,1.44360007844776], [4.67962856478201,0,133.626263172135], [3.18542649801984,6,4.00532375342715], [0,3.45450685751809,0.349494134811868], [9,0,0], [9,1.90535075870615,0]]</sensors>
<obstacles>[[5.82739915070124, 4.95405000960454], [7.22579302336089, 5.13678832864389], [3.44813192915171, 1.00307935802266], [4.25505246268585, 5.40949607826769], [2.23189955251291, 2.03011615527794], [4.13408915908076, 2.26247592363507], [6.9210081207566, 5.83564535016194], [6.4259165909607, 4.49726682621986], [7.53913379972801, 1.02162919566035], [4.7988881834317, 3.18534467602149], [5.60517954826355, 2.25779066467658]]</obstacles>
<global-best>2.38126762244183</global-best>

</iteration>
<iterations>200</iterations>
<elapsed-time>75393</elapsed-time>
<average-time>0</average-time></simulation>
