<?xml version="1.0" encoding="UTF-8"?><simulation><title>Static SP with GA</title>
<meta></meta>
<datetime>6/6/2019 6:14:46 AM</datetime>
<system>Unix, Unix 18.2.0.0, 18.2.0.0</system>
<model>
  Zoom = 40
  SizeTeamA = 11
  SizeTeamB = 11
  FieldHeight = 9
  FieldWidth = 6
  PlayerSensorRange = 12
  PlayerSensorFOV = 56.3
  PlayerSize = 0.1555
  # The function used to optimize the problem,
  # possible values are:
  # Simplex, PSO, SPSO-2006, SPSO-2011, PSO-A-IW,
  # PSO-LD-IW, PSO-Chaotic-IW, PSO-LD-IW,
  # Evolution-Strategy, Differential-Evolution,
  # Adaptive-Differential-Evolution
  Optimizer = Adaptive-Differential-Evolution
  
</model>
<iteration i="0">
<sensors>[[2.54676947545883,6,360], [9,6,360], [9,6,2.15812655099624], [9,3.99547438346676,360], [9,3.89651204433677,360], [4.2382852102719,6,0.719495163233833], [3.77145165316096,6,1.57592217823861], [9,3.90984934263626,360], [9,2.18615286452373,4.33799844452599], [9,6,360], [3.70119056634167,4.15332503829927,0.837107232268226]]</sensors>
<obstacles>[[2.51331413118169, 0.559716682881117], [2.89180811564438, 5.28127570124343], [8.25435237307101, 4.0857683555223], [5.69038521917537, 4.77468518726528], [5.29480494512245, 4.18764367606491], [4.42532031261362, 1.62925329152495], [1.52106770477258, 1.11939678434283], [2.06797593575902, 5.96160817332566], [8.17581197689287, 3.16036533750594], [5.57683739159256, 2.78291169600561], [1.27896105009131, 1.70934822130948]]</obstacles>
<global-best>13.4742248840741</global-best>

</iteration>
<iteration i="200">
<sensors>[[0,5.33063213395477,360], [2.0569621679672,2.42097533831589,328.402156781786], [0,3.79596125780449,360], [9,0,143.350885759366], [0.584688158819815,0,360], [1.27834737792971,6,270.138334178242], [0.789811124749375,6,360], [3.18538135369554,6,360], [4.5109206493385,3.40333093269567,4.9292748095303], [6,4.72076191861294,5.27218781351327], [6.59250218013395,4.57910848559977,8.22511675018265]]</sensors>
<obstacles>[[2.51331413118169, 0.559716682881117], [2.89180811564438, 5.28127570124343], [8.25435237307101, 4.0857683555223], [5.69038521917537, 4.77468518726528], [5.29480494512245, 4.18764367606491], [4.42532031261362, 1.62925329152495], [1.52106770477258, 1.11939678434283], [2.06797593575902, 5.96160817332566], [8.17581197689287, 3.16036533750594], [5.57683739159256, 2.78291169600561], [1.27896105009131, 1.70934822130948]]</obstacles>
<global-best>1.24040881433883</global-best>

</iteration>
<iterations>200</iterations>
<elapsed-time>67576</elapsed-time>
<average-time>0</average-time></simulation>
