<?xml version="1.0" encoding="UTF-8"?><simulation><title>Static SP with GA</title>
<meta></meta>
<datetime>6/6/2019 6:42:10 AM</datetime>
<system>Unix, Unix 18.2.0.0, 18.2.0.0</system>
<model>
  Zoom = 40
  SizeTeamA = 11
  SizeTeamB = 11
  FieldHeight = 9
  FieldWidth = 6
  PlayerSensorRange = 12
  PlayerSensorFOV = 56.3
  PlayerSize = 0.1555
  # The function used to optimize the problem,
  # possible values are:
  # Simplex, PSO, SPSO-2006, SPSO-2011, PSO-A-IW,
  # PSO-LD-IW, PSO-Chaotic-IW, PSO-LD-IW,
  # Evolution-Strategy, Differential-Evolution,
  # Adaptive-Differential-Evolution
  Optimizer = Adaptive-Differential-Evolution
  
</model>
<iteration i="0">
<sensors>[[0.331963523135512,0.498709801002105,3.3320280998787], [9,6,3.16517571177454], [9,2.7995172836351,3.66464840449967], [9,6,3.88556564899291], [2.34104167375272,0.115982227752912,360], [9,1.74807630403621,4.32450422535755], [9,6,4.91824175927747], [2.32577431186237,3.56750636561017,4.63770426568522], [9,1.26964671450426,3.5834409153516], [3.76873882691579,3.70146886881009,360], [9,6,1.53649840888951]]</sensors>
<obstacles>[[8.2081014085561, 1.31870988802984], [7.35345101170242, 5.00267211953178], [7.53757666214369, 5.54300155257806], [6.09406551509164, 1.90509766666219], [5.55083675938658, 5.35407735547051], [7.47387571097352, 4.53477138932794], [6.50170778157189, 2.46961220540106], [4.39382732310332, 3.64524932485074], [4.22350951074623, 0.540253304410726], [2.68763344315812, 5.13085090694949], [2.19614141900092, 5.72665395168588]]</obstacles>
<global-best>11.8703288620168</global-best>

</iteration>
<iteration i="200">
<sensors>[[6.68572127643994,3.73931350060429,110.675959855965], [0.515333548529704,1.43118305837312,77.6278253837954], [8.62396364433029,3.72856103845796,106.356321572325], [0,2.86639120006534,360], [0,4.53831047182094,5.83938847634058], [7.32100809360418,2.78475512581725,0], [0,1.41177038048171,5.36975888592279], [0,5.04118515662494,3.36129061445236], [9,4.08518918393295,211.025255801949], [0,0.20610207412741,1.32900113731917], [9,0.89099284409444,3.73682991541512]]</sensors>
<obstacles>[[8.2081014085561, 1.31870988802984], [7.35345101170242, 5.00267211953178], [7.53757666214369, 5.54300155257806], [6.09406551509164, 1.90509766666219], [5.55083675938658, 5.35407735547051], [7.47387571097352, 4.53477138932794], [6.50170778157189, 2.46961220540106], [4.39382732310332, 3.64524932485074], [4.22350951074623, 0.540253304410726], [2.68763344315812, 5.13085090694949], [2.19614141900092, 5.72665395168588]]</obstacles>
<global-best>1.54167519001753</global-best>

</iteration>
<iterations>200</iterations>
<elapsed-time>72131</elapsed-time>
<average-time>0</average-time></simulation>
