<?xml version="1.0" encoding="UTF-8"?><simulation><title>Static SP with GA</title>
<meta></meta>
<datetime>6/6/2019 12:46:12 AM</datetime>
<system>Unix, Unix 18.2.0.0, 18.2.0.0</system>
<model>
  Zoom = 40
  SizeTeamA = 11
  SizeTeamB = 11
  FieldHeight = 9
  FieldWidth = 6
  PlayerSensorRange = 12
  PlayerSensorFOV = 56.3
  PlayerSize = 0.1555
  # The function used to optimize the problem,
  # possible values are:
  # Simplex, PSO, SPSO-2006, SPSO-2011, PSO-A-IW,
  # PSO-LD-IW, PSO-Chaotic-IW, PSO-LD-IW,
  # Evolution-Strategy, Differential-Evolution,
  # Adaptive-Differential-Evolution
  Optimizer = Adaptive-Differential-Evolution
  
</model>
<iteration i="0">
<sensors>[[3.49054857820518,6,1.79412526935202], [0.571087255508427,0.410915821653538,1.74067969125246], [9,6,2.18758297552997], [9,1.62359186136713,360], [3.71754496328476,2.3804314009334,0.925648730696564], [0.22320488356594,6,360], [9,6,0.693436562012284], [9,6,4.52173158980946], [9,4.45550444290403,2.71792615012217], [9,1.47602897986677,360], [9,0.672266598714578,360]]</sensors>
<obstacles>[[2.36358566978015, 2.98732474492863], [4.21364889107645, 2.48849292425439], [8.67759907152504, 4.53671699669212], [1.16210382711142, 4.44087318191305], [3.57580747129396, 0.521501718554646], [3.0784623096697, 5.66748113650829], [2.56746705318801, 0.103862034156919], [5.06463414151222, 2.95053644059226], [1.62059025093913, 0.707898741122335], [2.14355459273793, 3.57087293174118], [7.51611146936193, 2.64385112375021]]</obstacles>
<global-best>12.868358189109</global-best>

</iteration>
<iteration i="200">
<sensors>[[9,5.7149658106376,194.305673483968], [3.34588023052183,1.80839753895597,103.079860651073], [3.98936802632376,4.97354796248432,331.932297151535], [1.3276803735189,2.7587286325307,360], [4.70573519588859,0,12.2879999829196], [0,3.53999324583191,360], [1.08500998542017,2.50947762241755,111.559199530713], [1.09247006869864,2.02188983618739,360], [9,1.96577067341123,152.737348249601], [3.08385124542966,6,357.90927682165], [7.79642092342479,0,159.200700806796]]</sensors>
<obstacles>[[2.36358566978015, 2.98732474492863], [4.21364889107645, 2.48849292425439], [8.67759907152504, 4.53671699669212], [1.16210382711142, 4.44087318191305], [3.57580747129396, 0.521501718554646], [3.0784623096697, 5.66748113650829], [2.56746705318801, 0.103862034156919], [5.06463414151222, 2.95053644059226], [1.62059025093913, 0.707898741122335], [2.14355459273793, 3.57087293174118], [7.51611146936193, 2.64385112375021]]</obstacles>
<global-best>2.28088853365624</global-best>

</iteration>
<iterations>200</iterations>
<elapsed-time>67209</elapsed-time>
<average-time>0</average-time></simulation>
