<?xml version="1.0" encoding="UTF-8"?><simulation><title>Static SP with GA</title>
<meta></meta>
<datetime>6/6/2019 12:47:19 AM</datetime>
<system>Unix, Unix 18.2.0.0, 18.2.0.0</system>
<model>
  Zoom = 40
  SizeTeamA = 11
  SizeTeamB = 11
  FieldHeight = 9
  FieldWidth = 6
  PlayerSensorRange = 12
  PlayerSensorFOV = 56.3
  PlayerSize = 0.1555
  # The function used to optimize the problem,
  # possible values are:
  # Simplex, PSO, SPSO-2006, SPSO-2011, PSO-A-IW,
  # PSO-LD-IW, PSO-Chaotic-IW, PSO-LD-IW,
  # Evolution-Strategy, Differential-Evolution,
  # Adaptive-Differential-Evolution
  Optimizer = Adaptive-Differential-Evolution
  
</model>
<iteration i="0">
<sensors>[[2.56534311165226,1.5029365235248,360], [9,1.06411672338473,4.37616633236785], [9,6,360], [4.46489036536424,6,1.35134737155199], [0.625968874810722,6,1.14870981456449], [4.9252993380477,6,360], [2.67849925618584,0.361718722936166,360], [2.6837267092624,0.583455256555102,360], [3.03780686530233,1.62210464398891,360], [9,4.53604380822183,360], [9,6,360]]</sensors>
<obstacles>[[5.41574452375062, 2.16089175688103], [7.86452452791855, 4.23524471791461], [5.90415730699897, 4.15996729955077], [4.69305915408768, 2.16397510282695], [6.79347496619448, 3.09519664943218], [8.66341408970766, 1.56191721512005], [3.29108191723935, 1.26109746191651], [0.18078017514199, 1.44680186128244], [8.31556348619051, 3.73122507752851], [7.15316080441698, 1.28079323843122], [8.08068223739974, 0.0599644286558032]]</obstacles>
<global-best>12.5368305437235</global-best>

</iteration>
<iteration i="200">
<sensors>[[8.49806136101359,0,275.942529000635], [0,1.06411672338473,4.37616633236785], [3.20078665350891,0.334761140168637,0], [0,0.12921588558952,358.483796742096], [0,6,360], [9,4.75188812933851,243.443249433829], [5.61139397676114,0,240.362402966687], [0.23003909190317,3.03717394938705,0], [3.03780686530233,1.62210464398891,0], [5.35504298166595,3.43919382369842,182.339046906614], [2.80055487625225,0.404220797571386,82.2429935116404]]</sensors>
<obstacles>[[5.41574452375062, 2.16089175688103], [7.86452452791855, 4.23524471791461], [5.90415730699897, 4.15996729955077], [4.69305915408768, 2.16397510282695], [6.79347496619448, 3.09519664943218], [8.66341408970766, 1.56191721512005], [3.29108191723935, 1.26109746191651], [0.18078017514199, 1.44680186128244], [8.31556348619051, 3.73122507752851], [7.15316080441698, 1.28079323843122], [8.08068223739974, 0.0599644286558032]]</obstacles>
<global-best>1.29157132613918</global-best>

</iteration>
<iterations>200</iterations>
<elapsed-time>72139</elapsed-time>
<average-time>0</average-time></simulation>
