<?xml version="1.0" encoding="UTF-8"?><simulation><title>Static SP with GA</title>
<meta></meta>
<datetime>6/6/2019 6:40:50 AM</datetime>
<system>Unix, Unix 18.2.0.0, 18.2.0.0</system>
<model>
  Zoom = 40
  SizeTeamA = 11
  SizeTeamB = 11
  FieldHeight = 9
  FieldWidth = 6
  PlayerSensorRange = 12
  PlayerSensorFOV = 56.3
  PlayerSize = 0.1555
  # The function used to optimize the problem,
  # possible values are:
  # Simplex, PSO, SPSO-2006, SPSO-2011, PSO-A-IW,
  # PSO-LD-IW, PSO-Chaotic-IW, PSO-LD-IW,
  # Evolution-Strategy, Differential-Evolution,
  # Adaptive-Differential-Evolution
  Optimizer = Adaptive-Differential-Evolution
  
</model>
<iteration i="0">
<sensors>[[9,6,360], [9,6,1.18034597164494], [9,3.17546920342731,360], [9,6,1.67084353199947], [4.65743489089828,3.68744786099704,4.93982367914631], [9,6,1.6465042407267], [4.7276787016838,6,3.01232345821623], [9,0.658186377412218,0.288308031225649], [1.51800202590367,6,360], [3.94003411963117,1.29921325163432,360], [0.329875293031772,0.307917654353175,360]]</sensors>
<obstacles>[[1.29910248471424, 4.89117613155395], [5.62857107212767, 0.81385799869895], [3.87950872583315, 2.49074841896072], [8.65731515083462, 0.851970819756389], [6.99163247575052, 1.8920795833692], [0.00284166634082794, 3.85684394091368], [8.07387759466656, 2.66061555175111], [4.15702097117901, 3.02711828844622], [4.16066010645591, 4.34053030237556], [5.19685733132064, 3.90156677691266], [2.21270099817775, 1.91374081000686]]</obstacles>
<global-best>16.0810092709387</global-best>

</iteration>
<iteration i="200">
<sensors>[[7.06243240641769,0.347262990043326,106.809684695758], [6.04611650265395,0,178.293078120646], [0,0.885401070621771,153.157996001929], [1.51289665775178,3.9568554034255,1.94297404757204], [0,2.9039717275899,5.75415112077764], [0,1.35417831561874,50.8158851091058], [2.17937685075355,3.54542792457396,1.7780976320207], [0,2.05826497073746,0.844631381465372], [3.31668993209818,6,314.227777435329], [2.2904589355922,1.18026133524356,135.227282679408], [0,6,1.14272481584408]]</sensors>
<obstacles>[[1.29910248471424, 4.89117613155395], [5.62857107212767, 0.81385799869895], [3.87950872583315, 2.49074841896072], [8.65731515083462, 0.851970819756389], [6.99163247575052, 1.8920795833692], [0.00284166634082794, 3.85684394091368], [8.07387759466656, 2.66061555175111], [4.15702097117901, 3.02711828844622], [4.16066010645591, 4.34053030237556], [5.19685733132064, 3.90156677691266], [2.21270099817775, 1.91374081000686]]</obstacles>
<global-best>1.80012189290462</global-best>

</iteration>
<iterations>200</iterations>
<elapsed-time>79646</elapsed-time>
<average-time>0</average-time></simulation>
