<?xml version="1.0" encoding="UTF-8"?><simulation><title>Static SP with GA</title>
<meta></meta>
<datetime>6/6/2019 6:37:33 AM</datetime>
<system>Unix, Unix 18.2.0.0, 18.2.0.0</system>
<model>
  Zoom = 40
  SizeTeamA = 11
  SizeTeamB = 11
  FieldHeight = 9
  FieldWidth = 6
  PlayerSensorRange = 12
  PlayerSensorFOV = 56.3
  PlayerSize = 0.1555
  # The function used to optimize the problem,
  # possible values are:
  # Simplex, PSO, SPSO-2006, SPSO-2011, PSO-A-IW,
  # PSO-LD-IW, PSO-Chaotic-IW, PSO-LD-IW,
  # Evolution-Strategy, Differential-Evolution,
  # Adaptive-Differential-Evolution
  Optimizer = Adaptive-Differential-Evolution
  
</model>
<iteration i="0">
<sensors>[[9,3.50580872700219,360], [9,6,360], [9,3.90806085171831,1.24809369823152], [3.56691898046222,0.253379548725993,360], [9,6,360], [3.13893444792808,4.66512402046125,1.05043274025676], [9,6,3.8793222673422], [9,6,360], [2.79833775660916,6,1.11631537231531], [4.1795830030878,6,3.67383178059799], [3.65476842239843,3.04285217962294,360]]</sensors>
<obstacles>[[0.575468126451597, 3.45755209587514], [5.54798539727926, 5.16461591888219], [6.62769548501819, 2.74804783472791], [4.36785186594352, 1.35778888128698], [6.25500915572047, 3.37394749280065], [7.82319005881436, 5.69095106748864], [4.77652820991352, 2.21215640287846], [5.49046633229591, 0.0310841454192996], [3.51663630595431, 2.3371423096396], [8.06380892568268, 2.98923029517755], [4.38006275868975, 0.788685320410877]]</obstacles>
<global-best>12.664695615321</global-best>

</iteration>
<iteration i="200">
<sensors>[[0,0.448413897746864,360], [4.59570129749046,5.55116869600185,196.292619799298], [8.82082433169816,4.55339453304008,176.702752154931], [0,3.19172533001822,360], [0,2.74051533776405,360], [0,2.20884027533422,2.84813449795046], [0,3.584384654533,360], [0,6,4.35688335263839], [0,0,0.0878194153365912], [0.20293702772057,0.960878765380081,0.735664422616075], [2.70591107143693,5.15423924019356,237.561604243988]]</sensors>
<obstacles>[[0.575468126451597, 3.45755209587514], [5.54798539727926, 5.16461591888219], [6.62769548501819, 2.74804783472791], [4.36785186594352, 1.35778888128698], [6.25500915572047, 3.37394749280065], [7.82319005881436, 5.69095106748864], [4.77652820991352, 2.21215640287846], [5.49046633229591, 0.0310841454192996], [3.51663630595431, 2.3371423096396], [8.06380892568268, 2.98923029517755], [4.38006275868975, 0.788685320410877]]</obstacles>
<global-best>1.18859254913083</global-best>

</iteration>
<iterations>200</iterations>
<elapsed-time>73847</elapsed-time>
<average-time>0</average-time></simulation>
