<?xml version="1.0" encoding="UTF-8"?><simulation><title>Static SP with GA</title>
<meta></meta>
<datetime>6/6/2019 6:09:03 AM</datetime>
<system>Unix, Unix 18.2.0.0, 18.2.0.0</system>
<model>
  Zoom = 40
  SizeTeamA = 11
  SizeTeamB = 11
  FieldHeight = 9
  FieldWidth = 6
  PlayerSensorRange = 12
  PlayerSensorFOV = 56.3
  PlayerSize = 0.1555
  # The function used to optimize the problem,
  # possible values are:
  # Simplex, PSO, SPSO-2006, SPSO-2011, PSO-A-IW,
  # PSO-LD-IW, PSO-Chaotic-IW, PSO-LD-IW,
  # Evolution-Strategy, Differential-Evolution,
  # Adaptive-Differential-Evolution
  Optimizer = Adaptive-Differential-Evolution
  
</model>
<iteration i="0">
<sensors>[[2.65058365130112,3.4273572541837,0.966851060736657], [9,6,360], [2.19417575914277,6,0.550029057904618], [1.05150739803247,6,1.3357003187611], [0.364281541054202,6,360], [9,6,0.296710733160542], [9,6,2.9789201747577], [0.611816494635264,1.46108868682317,360], [3.45981828366868,6,0.231340824447419], [9,6,1.13417893325309], [9,6,360]]</sensors>
<obstacles>[[8.42247772053815, 5.86474481318146], [2.00742927705869, 4.55728894891217], [5.89101781253703, 2.23258210066706], [6.95825110631995, 5.71374716190621], [4.03723093913868, 0.248176936525851], [6.65634163445793, 2.82255579996854], [0.773395973956212, 1.53886347217485], [6.38825441384688, 0.334234138950706], [6.46934530790895, 5.93279387662187], [1.73646594886668, 1.9050558549352], [4.32557983486913, 4.50953539693728]]</obstacles>
<global-best>16.2840260667081</global-best>

</iteration>
<iteration i="200">
<sensors>[[9,4.96940793003175,1.96997792547823], [0,0.424492252074866,360], [9,0,2.23165703407294], [9,5.64153290019406,189.457385746113], [0,2.69413865583347,60.8320493037545], [0,3.8104359460838,0], [4.98507590910157,2.91604338887299,241.777748157915], [1.9363411291298,6,3.00896474236978], [9,1.65308963303405,166.861208688889], [0.837443968243302,1.97308104945679,6], [3.35036240347662,5.21456335205801,2.88246890946349]]</sensors>
<obstacles>[[8.42247772053815, 5.86474481318146], [2.00742927705869, 4.55728894891217], [5.89101781253703, 2.23258210066706], [6.95825110631995, 5.71374716190621], [4.03723093913868, 0.248176936525851], [6.65634163445793, 2.82255579996854], [0.773395973956212, 1.53886347217485], [6.38825441384688, 0.334234138950706], [6.46934530790895, 5.93279387662187], [1.73646594886668, 1.9050558549352], [4.32557983486913, 4.50953539693728]]</obstacles>
<global-best>1.55957049934765</global-best>

</iteration>
<iterations>200</iterations>
<elapsed-time>64579</elapsed-time>
<average-time>0</average-time></simulation>
