<?xml version="1.0" encoding="UTF-8"?>
<simulation>
<software>charlie-simulation-framework; v1.0.0; Jakob Rieke</software>
<system>Unix; Unix 18.2.0.0; 18.2.0.0</system>
<datetime>6/18/2019 6:41:53 AM</datetime>
<title>Static Sensor Positioning</title>
<meta>Author: Jakob Rieke; Version v1.3.0</meta>
<configuration>
  Zoom = 40
  SizeTeamA = 11
  SizeTeamB = 11
  FieldHeight = 9
  FieldWidth = 6
  PlayerSensorRange = 12
  PlayerSensorFOV = 56.3
  PlayerSize = 0.1555
  # The function used to optimize the problem,
  # possible values are:
  # Simplex, PSO, SPSO-2006, SPSO-2011, PSO-A-IW,
  # PSO-LD-IW, PSO-Chaotic-IW, PSO-LD-IW,
  # Evolution-Strategy, Differential-Evolution,
  # Adaptive-Differential-Evolution
  Optimizer = PSO
  </configuration>
<iteration i="0">
<sensors>[[0.40949549824884,3.94218377763371,317.362987843947], [5.46888314615099,4.0460573118082,197.209094370919], [4.28174335794277,3.05241424649372,274.32338181118], [6.41321534390337,2.53967133855897,198.866966967426], [0.126738435129168,-2.70861016201447,150.50509283934], [4.66502839864378,-3.47285054829423,281.778067670312], [5.89712499521926,2.88016352872382,193.716311406651], [7.51248035760343,5.43158639125387,319.265467827763], [0.414968490508766,1.05097630009741,339.417848640135], [1.22297212424499,0.147145681469663,213.87640869106], [4.04977646805612,-1.07819406204415,58.0016336300702]]</sensors>
<obstacles>[[6.55399768729694, 2.27029011491686], [7.37694815173745, 2.10214264551178], [3.1302130620461, 2.03161605354398], [8.87046893499792, 2.27706750668585], [3.37753225467168, 0.294830957427621], [6.49271088768728, 4.62986157881096], [2.51259664236568, 3.21042624022812], [3.82343825697899, 5.90121755842119], [1.28146674879827, 4.33425925578922], [3.698654854903, 3.70680877519771], [1.58080596243963, 0.0572459497489035]]</obstacles>
<global-best>13.5060002234805</global-best>
</iteration>
<iteration i="200">
<sensors>[[2.44548373326229,5.99979527274997,314.415585954257], [1.86926015484881,8.79707924002185,126.298172173522], [7.95444200884439,22.5488495528224,301.527497179986], [8.99982197803019,5.68771384849811,201.392327677322], [6.00698287299256,0.0150037045980914,129.265230085208], [15.8449412055308,232.176637231123,264.012990323114], [5.33193827301191,2.77910167483603,190.596737786901], [14.2164346166467,-19.093928939091,322.349709292796], [0.000237123797341884,1.39345893024997,340.172600248722], [-4.55079232150864,-12.6720101829794,192.158610696271], [7.63088253978143,1.91558242815151,77.7555811663144]]</sensors>
<obstacles>[[6.55399768729694, 2.27029011491686], [7.37694815173745, 2.10214264551178], [3.1302130620461, 2.03161605354398], [8.87046893499792, 2.27706750668585], [3.37753225467168, 0.294830957427621], [6.49271088768728, 4.62986157881096], [2.51259664236568, 3.21042624022812], [3.82343825697899, 5.90121755842119], [1.28146674879827, 4.33425925578922], [3.698654854903, 3.70680877519771], [1.58080596243963, 0.0572459497489035]]</obstacles>
<global-best>0.677910317868286</global-best>
</iteration>
<iterations>200</iterations>
<elapsed-time>42524</elapsed-time>
<average-time>0</average-time>
</simulation>