<?xml version="1.0" encoding="UTF-8"?>
<simulation>
<software>charlie-simulation-framework; v1.0.0; Jakob Rieke</software>
<system>Unix; Unix 18.2.0.0; 18.2.0.0</system>
<datetime>6/18/2019 6:44:21 AM</datetime>
<title>Static Sensor Positioning</title>
<meta>Author: Jakob Rieke; Version v1.3.0</meta>
<configuration>
  Zoom = 40
  SizeTeamA = 11
  SizeTeamB = 11
  FieldHeight = 9
  FieldWidth = 6
  PlayerSensorRange = 12
  PlayerSensorFOV = 56.3
  PlayerSize = 0.1555
  # The function used to optimize the problem,
  # possible values are:
  # Simplex, PSO, SPSO-2006, SPSO-2011, PSO-A-IW,
  # PSO-LD-IW, PSO-Chaotic-IW, PSO-LD-IW,
  # Evolution-Strategy, Differential-Evolution,
  # Adaptive-Differential-Evolution
  Optimizer = PSO
  </configuration>
<iteration i="0">
<sensors>[[3.63064874613396,0.00895276843612081,12.7501045009386], [5.95809484123374,6.44443702798212,86.3394616375742], [-2.43039521741204,1.8751846971054,349.032042723138], [7.12449034524786,9.54783880421937,153.658451326095], [-1.10230945157706,7.8750050261435,21.6398208290801], [8.67130260448419,3.1410748268299,228.131027492862], [0.122848220520592,7.46462649129872,136.54699973106], [6.14889819340944,6.44218102982522,326.302510257157], [2.50077363902226,3.44496345182731,160.863392867109], [8.02536640286926,-2.39380241939043,100.986241062386], [10.4067908040891,3.75785207439285,94.8283687699944]]</sensors>
<obstacles>[[6.80456951726228, 3.44872463867068], [2.39819621387869, 4.8688705349341], [3.22404843242839, 1.88844830542803], [5.23744695307687, 2.60403182404116], [2.16420963895507, 3.14447798067704], [7.36830180790275, 3.24431465612724], [7.44628687365912, 2.18827731907368], [2.97993284300901, 2.99196330690756], [2.11781149241142, 5.93298360519111], [5.14888707920909, 4.78826803900301], [7.29616774432361, 1.26463167043403]]</obstacles>
<global-best>9.35231104927319</global-best>
</iteration>
<iteration i="200">
<sensors>[[0.510159310829331,0.486514005923716,20.1023757940473], [6.48117725851448,1.47870474681587,95.6340303808756], [0.785504672128513,3.51764479125165,357.695241088961], [3.43742539569773,10.8282259837566,120.785063034437], [0.00313092703993408,4.76224862240131,28.1448947521226], [5.24772076653413,5.97589034548528,226.708674513304], [6.51042256168089,2.70051222293419,162.841491042924], [2.68791195134954,5.9634859102732,317.488813592915], [4.97578310969372,0.0284297918550295,154.578492795373], [8.92489489317325,0.00407765621821464,115.678076850221], [3.9230436218687,8.33338774185824,95.0298936447435]]</sensors>
<obstacles>[[6.80456951726228, 3.44872463867068], [2.39819621387869, 4.8688705349341], [3.22404843242839, 1.88844830542803], [5.23744695307687, 2.60403182404116], [2.16420963895507, 3.14447798067704], [7.36830180790275, 3.24431465612724], [7.44628687365912, 2.18827731907368], [2.97993284300901, 2.99196330690756], [2.11781149241142, 5.93298360519111], [5.14888707920909, 4.78826803900301], [7.29616774432361, 1.26463167043403]]</obstacles>
<global-best>0.307665884888253</global-best>
</iteration>
<iterations>200</iterations>
<elapsed-time>76281</elapsed-time>
<average-time>0</average-time>
</simulation>