<?xml version="1.0" encoding="UTF-8"?>
<simulation>
<software>charlie-simulation-framework; v1.0.0; Jakob Rieke</software>
<system>Unix; Unix 18.2.0.0; 18.2.0.0</system>
<datetime>6/18/2019 6:41:22 AM</datetime>
<title>Static Sensor Positioning</title>
<meta>Author: Jakob Rieke; Version v1.3.0</meta>
<configuration>
  Zoom = 40
  SizeTeamA = 11
  SizeTeamB = 11
  FieldHeight = 9
  FieldWidth = 6
  PlayerSensorRange = 12
  PlayerSensorFOV = 56.3
  PlayerSize = 0.1555
  # The function used to optimize the problem,
  # possible values are:
  # Simplex, PSO, SPSO-2006, SPSO-2011, PSO-A-IW,
  # PSO-LD-IW, PSO-Chaotic-IW, PSO-LD-IW,
  # Evolution-Strategy, Differential-Evolution,
  # Adaptive-Differential-Evolution
  Optimizer = PSO
  </configuration>
<iteration i="0">
<sensors>[[6.75270666447448,-2.00286200721753,304.437518432804], [5.06887428537794,4.76194076440565,231.8796577623], [-4.21143905606606,2.57184192285345,330.599794060313], [-2.17683349595359,1.52232376425561,174.564959121658], [0.0462525121964288,-1.31413416149042,177.213768902921], [3.6941491751624,8.23463929706953,2.67482524634345], [2.98859477142815,-1.60997831756437,38.1056774232578], [-0.621710063902818,3.63777838124375,19.7064019760427], [1.74812099243385,6.93816943955301,244.383637441314], [6.86508701120671,6.68316877083715,349.771271107052], [5.26847611822107,-2.33654861295941,226.104013959141]]</sensors>
<obstacles>[[8.33007597830147, 5.90620321081951], [4.55108188069426, 1.13976632757112], [6.34042852115817, 0.460201840382069], [0.297219147440046, 4.47041593724862], [0.184179126983508, 0.590528568718582], [8.62049050396308, 4.77122336067259], [5.76936064451002, 2.74073334876448], [3.36456303647719, 0.341515805572271], [4.01736668567173, 2.48413101537153], [1.18019163049757, 3.45941286860034], [8.58059024135582, 1.27605300955474]]</obstacles>
<global-best>7.64256850088594</global-best>
</iteration>
<iteration i="200">
<sensors>[[2.27699392793191,5.99087353217111,303.847783475021], [8.02681237512745,5.99912832091846,223.439633246367], [3.48047711765338,9.86066564029112,350.433575573534], [-5.48680691521377,-27.5342699091351,175.838114809227], [8.99811430093932,2.90888521506726,174.956577979505], [6.46478929437174,6.93992567554604,-5.63594582771918], [0.898232281379543,41.8056491939274,38.9240032866135], [0.00105367123073534,3.91894770939094,18.6558167208937], [13.2115477100537,24.0612834136456,240.884455463795], [0.000527944449247653,2.82349405200186,347.384959170303], [7.67038878160095,1.67812586678676,218.588289582784]]</sensors>
<obstacles>[[8.33007597830147, 5.90620321081951], [4.55108188069426, 1.13976632757112], [6.34042852115817, 0.460201840382069], [0.297219147440046, 4.47041593724862], [0.184179126983508, 0.590528568718582], [8.62049050396308, 4.77122336067259], [5.76936064451002, 2.74073334876448], [3.36456303647719, 0.341515805572271], [4.01736668567173, 2.48413101537153], [1.18019163049757, 3.45941286860034], [8.58059024135582, 1.27605300955474]]</obstacles>
<global-best>0.816304194738256</global-best>
</iteration>
<iterations>200</iterations>
<elapsed-time>30801</elapsed-time>
<average-time>0</average-time>
</simulation>