<?xml version="1.0" encoding="UTF-8"?>
<simulation>
<software>charlie-simulation-framework; v1.0.0; Jakob Rieke</software>
<system>Unix; Unix 18.2.0.0; 18.2.0.0</system>
<datetime>6/18/2019 6:37:47 AM</datetime>
<title>Static Sensor Positioning</title>
<meta>Author: Jakob Rieke; Version v1.3.0</meta>
<configuration>
  Zoom = 40
  SizeTeamA = 11
  SizeTeamB = 11
  FieldHeight = 9
  FieldWidth = 6
  PlayerSensorRange = 12
  PlayerSensorFOV = 56.3
  PlayerSize = 0.1555
  # The function used to optimize the problem,
  # possible values are:
  # Simplex, PSO, SPSO-2006, SPSO-2011, PSO-A-IW,
  # PSO-LD-IW, PSO-Chaotic-IW, PSO-LD-IW,
  # Evolution-Strategy, Differential-Evolution,
  # Adaptive-Differential-Evolution
  Optimizer = PSO
  </configuration>
<iteration i="0">
<sensors>[[3.95368676246025,4.82941930936714,46.9385557958781], [4.988662157985,2.46363853722895,123.326770065836], [5.83965517997125,2.91935389680974,31.8568799341787], [-0.045863342497384,1.99763693378266,352.531802744203], [7.27752868202843,6.19878709503607,38.8874785679595], [5.61193860366065,-3.73292569623854,132.815378050306], [3.01965153497142,5.31456124916581,14.0109747235575], [-0.872464229076708,-0.977197212649859,312.924899253031], [0.636309141910528,0.570341696626614,197.344306917413], [2.95254381899053,3.01128275408633,307.608562688783], [1.37442424793993,5.50047227583408,147.836263011843]]</sensors>
<obstacles>[[4.4275408401154, 1.81711257062852], [1.10835057939403, 1.23839358380064], [2.19082411145791, 4.77601893804967], [3.06950407102704, 3.72921463754028], [2.74116598279215, 2.65907833026722], [3.19407544238493, 5.69772620592266], [3.68487678095698, 5.98545143427327], [6.86768183670938, 0.358139615971595], [2.68459215969779, 5.20871590962633], [3.17625721776858, 3.27466194005683], [5.26121159107424, 4.03183012409136]]</obstacles>
<global-best>12.7696987574982</global-best>
</iteration>
<iteration i="200">
<sensors>[[-7.2007968334791,11.5215589036626,28.0714973054926], [2.94091913433081,0.00374516028175561,114.655091654559], [0.00145156890075947,2.92400777164366,34.5571326319421], [-9.13573051364576,9.95771924410356,350.630961882321], [4.29011403820319,0.00603804718893011,60.4287362754702], [8.99749890828627,1.07490130065824,164.929229149935], [2.10492817280105,3.97509533228942,29.7931509316214], [0.0187871786622834,3.59497167702726,309.934165546013], [-24.9897406552169,1.65350572258742,210.222020267202], [6.20324274081515,4.25541958882921,307.995592687968], [-1.09081141120765,-42.8876253244314,113.065046337976]]</sensors>
<obstacles>[[4.4275408401154, 1.81711257062852], [1.10835057939403, 1.23839358380064], [2.19082411145791, 4.77601893804967], [3.06950407102704, 3.72921463754028], [2.74116598279215, 2.65907833026722], [3.19407544238493, 5.69772620592266], [3.68487678095698, 5.98545143427327], [6.86768183670938, 0.358139615971595], [2.68459215969779, 5.20871590962633], [3.17625721776858, 3.27466194005683], [5.26121159107424, 4.03183012409136]]</obstacles>
<global-best>0.722427834544351</global-best>
</iteration>
<iterations>200</iterations>
<elapsed-time>48314</elapsed-time>
<average-time>0</average-time>
</simulation>