<?xml version="1.0" encoding="UTF-8"?>
<simulation>
<software>charlie-simulation-framework; v1.0.0; Jakob Rieke</software>
<system>Unix; Unix 18.2.0.0; 18.2.0.0</system>
<datetime>6/18/2019 6:59:29 AM</datetime>
<title>Static Sensor Positioning</title>
<meta>Author: Jakob Rieke; Version v1.3.0</meta>
<configuration>
  Zoom = 40
  SizeTeamA = 11
  SizeTeamB = 11
  FieldHeight = 9
  FieldWidth = 6
  PlayerSensorRange = 12
  PlayerSensorFOV = 56.3
  PlayerSize = 0.1555
  # The function used to optimize the problem,
  # possible values are:
  # Simplex, PSO, SPSO-2006, SPSO-2011, PSO-A-IW,
  # PSO-LD-IW, PSO-Chaotic-IW, PSO-LD-IW,
  # Evolution-Strategy, Differential-Evolution,
  # Adaptive-Differential-Evolution
  Optimizer = PSO
  </configuration>
<iteration i="0">
<sensors>[[7.49665872886895,6.51623997072529,110.305345387767], [6.72430591921222,10.2371362889106,43.0687874176344], [4.17574269602108,-1.13467533712803,240.55080170929], [4.85795891830992,-0.406836934840667,265.644488642729], [-1.48097932472977,5.77944573855705,61.2812823539934], [3.03630571991441,5.22340287073646,201.358184070521], [4.50705561106951,9.28984631485011,284.384731454732], [7.19901269156292,1.88786051373239,292.232797773376], [12.8429243095479,3.21770803180966,15.1194096736744], [-0.121330431247641,0.561109731077288,48.3183522311915], [3.27107751242131,1.63808623388051,115.26597528929]]</sensors>
<obstacles>[[0.458477767417207, 0.82834684336558], [2.82775933854282, 5.42213212698698], [0.0198845774866641, 1.18069172278047], [8.95206128479913, 1.40227768057957], [4.14732328313403, 4.17275280179456], [7.77536415564828, 0.447439542040229], [4.26469137473032, 3.45949113601819], [0.982774764765054, 4.52186627313495], [2.66212758421898, 1.10346808237955], [6.55833574337885, 4.29489212483168], [6.84800899866968, 1.179612217471]]</obstacles>
<global-best>14.1379169270252</global-best>
</iteration>
<iteration i="200">
<sensors>[[12.1566950075151,55.7685747925413,116.212540958699], [2.12685375722202,0.00682128329767924,34.5190501216768], [4.26855132656246,5.97016133010964,232.172296086043], [7.7891862780857,5.99863977716344,273.294979437197], [0.00192689426100615,1.5886730977145,62.4464642927461], [7.52887875992103,5.49335252432721,203.366262101451], [10.1481503113874,-10.2639901656137,278.84593304699], [10.5263854423313,1.67114344179589,284.382809052081], [1.2977019402256,0.794832297646862,5.60239793464028], [0.014312215608593,0.0308835865982107,48.6890076374678], [8.68213312822165,0.00625336114833881,114.8638952627]]</sensors>
<obstacles>[[0.458477767417207, 0.82834684336558], [2.82775933854282, 5.42213212698698], [0.0198845774866641, 1.18069172278047], [8.95206128479913, 1.40227768057957], [4.14732328313403, 4.17275280179456], [7.77536415564828, 0.447439542040229], [4.26469137473032, 3.45949113601819], [0.982774764765054, 4.52186627313495], [2.66212758421898, 1.10346808237955], [6.55833574337885, 4.29489212483168], [6.84800899866968, 1.179612217471]]</obstacles>
<global-best>0.370990531957844</global-best>
</iteration>
<iterations>200</iterations>
<elapsed-time>51891</elapsed-time>
<average-time>0</average-time>
</simulation>