<?xml version="1.0" encoding="UTF-8"?>
<simulation>
<software>charlie-simulation-framework; v1.0.0; Jakob Rieke</software>
<system>Unix; Unix 18.2.0.0; 18.2.0.0</system>
<datetime>6/18/2019 6:57:59 AM</datetime>
<title>Static Sensor Positioning</title>
<meta>Author: Jakob Rieke; Version v1.3.0</meta>
<configuration>
  Zoom = 40
  SizeTeamA = 11
  SizeTeamB = 11
  FieldHeight = 9
  FieldWidth = 6
  PlayerSensorRange = 12
  PlayerSensorFOV = 56.3
  PlayerSize = 0.1555
  # The function used to optimize the problem,
  # possible values are:
  # Simplex, PSO, SPSO-2006, SPSO-2011, PSO-A-IW,
  # PSO-LD-IW, PSO-Chaotic-IW, PSO-LD-IW,
  # Evolution-Strategy, Differential-Evolution,
  # Adaptive-Differential-Evolution
  Optimizer = PSO
  </configuration>
<iteration i="0">
<sensors>[[7.29826677920898,4.63196526955843,216.257476216209], [11.9298277968928,5.49006465243646,320.319218007119], [6.11182441568924,2.32677881948519,146.965668389428], [10.3402050725225,5.52748928236518,113.023696362169], [6.7410057898408,3.03099667743147,85.4524227361061], [3.87770361983196,5.59726216251186,263.603658818024], [4.90999683566726,2.5851238334311,36.1897699978191], [4.97624856003059,2.06282869403905,116.349021193909], [1.33011698488688,4.62926829980874,253.929512534624], [1.00725357216348,5.2054697351749,50.5477832697584], [6.46051757514577,2.12983570214304,326.915836220498]]</sensors>
<obstacles>[[7.25025974004529, 4.69136964390054], [0.832921417197213, 3.11085268249735], [6.95899852272123, 3.25962551822886], [0.119044799124822, 1.1303538987413], [2.43319108709693, 4.2119525782764], [4.08422810677439, 4.47319244407117], [4.70444252667949, 4.04052319703624], [8.70590504771098, 2.9677329515107], [8.0484929359518, 4.42036853777245], [1.36470236023888, 0.0983350826427341], [7.23077249201015, 0.886674515437335]]</obstacles>
<global-best>15.5031734485859</global-best>
</iteration>
<iteration i="200">
<sensors>[[7.69885086389534,5.99381701079886,204.169289262441], [2.77482529398899,5.2143262298899,340.291868336338], [5.44619811555768,0.0138399936696323,146.963662397396], [8.94344824111385,1.15416609757304,140.054036759656], [-19.1254969768505,649.123137750761,91.5438294697433], [0.170813322112197,5.96623746371648,257.711943782732], [0.870533383099084,0.037899087502534,36.9908905185469], [-0.749581359637846,6.85317595598513,117.16458187635], [-2.23076018412104,-34.3382651590209,254.43041200491], [0.404639086409076,1.78122809340198,5.53860866102224], [0.586590368173174,5.99256064390713,314.873204347327]]</sensors>
<obstacles>[[7.25025974004529, 4.69136964390054], [0.832921417197213, 3.11085268249735], [6.95899852272123, 3.25962551822886], [0.119044799124822, 1.1303538987413], [2.43319108709693, 4.2119525782764], [4.08422810677439, 4.47319244407117], [4.70444252667949, 4.04052319703624], [8.70590504771098, 2.9677329515107], [8.0484929359518, 4.42036853777245], [1.36470236023888, 0.0983350826427341], [7.23077249201015, 0.886674515437335]]</obstacles>
<global-best>0.534292877905764</global-best>
</iteration>
<iterations>200</iterations>
<elapsed-time>43103</elapsed-time>
<average-time>0</average-time>
</simulation>