<?xml version="1.0" encoding="UTF-8"?>
<simulation>
<software>charlie-simulation-framework; v1.0.0; Jakob Rieke</software>
<system>Unix; Unix 18.2.0.0; 18.2.0.0</system>
<datetime>6/18/2019 6:56:58 AM</datetime>
<title>Static Sensor Positioning</title>
<meta>Author: Jakob Rieke; Version v1.3.0</meta>
<configuration>
  Zoom = 40
  SizeTeamA = 11
  SizeTeamB = 11
  FieldHeight = 9
  FieldWidth = 6
  PlayerSensorRange = 12
  PlayerSensorFOV = 56.3
  PlayerSize = 0.1555
  # The function used to optimize the problem,
  # possible values are:
  # Simplex, PSO, SPSO-2006, SPSO-2011, PSO-A-IW,
  # PSO-LD-IW, PSO-Chaotic-IW, PSO-LD-IW,
  # Evolution-Strategy, Differential-Evolution,
  # Adaptive-Differential-Evolution
  Optimizer = PSO
  </configuration>
<iteration i="0">
<sensors>[[0.0163183158180154,2.74503273543958,356.225392426265], [0.864929517467071,-0.996391386527796,279.648617780384], [11.1476821634827,1.71457697262966,332.42901422558], [2.48902011149651,3.05627694804358,289.965712391547], [5.19465524766719,-3.41411181676574,39.3487815242237], [8.42192466144875,-4.04467318763423,279.512219222489], [-0.668100350293086,-0.903802407147418,332.662561692279], [9.41236063648306,0.697149140076273,135.998594095192], [4.30177872400539,4.92200721589241,306.892380554876], [6.66933271591355,4.18741170767841,61.1984335653108], [6.41683102054512,6.48371954250557,247.78989700792]]</sensors>
<obstacles>[[1.54491261625662, 4.29522442538291], [0.759411032544449, 2.44065829133615], [8.56449677143246, 2.48550973506644], [0.641765013802797, 3.01886803982779], [0.362133309943601, 0.80347438249737], [2.05477295047604, 3.37292868923396], [0.351781433215365, 2.61221031518653], [4.19181585428305, 0.247902237810194], [5.01495679118671, 5.24154381779954], [5.22726870956831, 3.43287351541221], [0.976763293147087, 5.90892966510728]]</obstacles>
<global-best>11.2753759061748</global-best>
</iteration>
<iteration i="200">
<sensors>[[-1.80271469423787,3.65160799680365,356.415604717359], [0.435014732275109,5.95237539952335,277.505078452122], [10.3429526233585,-1.72910271587748,346.813719421141], [0.0756605896640038,-13.0394235453588,305.149814550541], [0.136433095565765,0.0502524219618418,17.4204469356634], [0.0314456155978278,5.98631617518322,282.671471358711], [3.0240906578173,5.97746289545964,334.877277886628], [5.98948639111163,0.0159012543960509,132.089505894999], [1.32158172854407,5.9908075831146,294.624604402774], [3.61222804364374,0.427797941094105,56.126473539315], [8.12025816419464,5.69455343826648,223.988785027264]]</sensors>
<obstacles>[[1.54491261625662, 4.29522442538291], [0.759411032544449, 2.44065829133615], [8.56449677143246, 2.48550973506644], [0.641765013802797, 3.01886803982779], [0.362133309943601, 0.80347438249737], [2.05477295047604, 3.37292868923396], [0.351781433215365, 2.61221031518653], [4.19181585428305, 0.247902237810194], [5.01495679118671, 5.24154381779954], [5.22726870956831, 3.43287351541221], [0.976763293147087, 5.90892966510728]]</obstacles>
<global-best>0.465382332802002</global-best>
</iteration>
<iterations>200</iterations>
<elapsed-time>35860</elapsed-time>
<average-time>0</average-time>
</simulation>