<?xml version="1.0" encoding="UTF-8"?>
<simulation>
<software>charlie-simulation-framework; v1.0.0; Jakob Rieke</software>
<system>Unix; Unix 18.2.0.0; 18.2.0.0</system>
<datetime>6/18/2019 6:39:29 AM</datetime>
<title>Static Sensor Positioning</title>
<meta>Author: Jakob Rieke; Version v1.3.0</meta>
<configuration>
  Zoom = 40
  SizeTeamA = 11
  SizeTeamB = 11
  FieldHeight = 9
  FieldWidth = 6
  PlayerSensorRange = 12
  PlayerSensorFOV = 56.3
  PlayerSize = 0.1555
  # The function used to optimize the problem,
  # possible values are:
  # Simplex, PSO, SPSO-2006, SPSO-2011, PSO-A-IW,
  # PSO-LD-IW, PSO-Chaotic-IW, PSO-LD-IW,
  # Evolution-Strategy, Differential-Evolution,
  # Adaptive-Differential-Evolution
  Optimizer = PSO
  </configuration>
<iteration i="0">
<sensors>[[4.9172820018259,4.55980000929102,313.741480087459], [6.77998520175332,2.78562834653244,307.869279545219], [8.02174365586738,4.22320542939809,175.236373330928], [-0.0477494455856915,8.41265958666248,336.236863576928], [-1.90540738235006,4.40067680641556,300.111540203872], [4.30739483975806,4.36083731330897,323.20187861716], [5.56941129859566,8.88008118355266,256.833822847029], [11.8987238934197,4.99546707878701,8.94830668741841], [5.20186328438828,2.18949352765284,96.9038178399], [1.89804522973066,3.53799655906427,193.765122087341], [-3.66359570339179,3.82383876253395,79.7566938650088]]</sensors>
<obstacles>[[1.03033156483434, 2.25568302953616], [8.80081888614222, 5.97071925457567], [2.34215123020113, 5.27569441543892], [6.43401352828369, 1.87951340898871], [5.82021772046573, 5.38558737840503], [4.17135208728723, 1.6650955080986], [8.99647399107926, 1.96745402785018], [2.71962081198581, 0.38917951611802], [4.71011202922091, 0.116722501348704], [7.1747768400237, 1.10665025375783], [7.88394188974053, 5.24676355160773]]</obstacles>
<global-best>12.8174335961451</global-best>
</iteration>
<iteration i="200">
<sensors>[[0.94343053310694,5.99578779803206,312.030542442975], [-7.73160646974877,-17.1814035540239,305.787923288145], [-28.3947213928155,11.072487242654,208.751410724971], [3.75741087075486,5.98925741588875,332.43275816689], [-8.53953902432137,-2.38013469682627,328.135603979175], [4.34963048288245,1.40520076230478,323.620514569654], [1.51763737673975,5.98812812712384,252.378824684635], [13.3570650408388,14.7682880898592,7.2411909165333], [8.74100384298698,0.168069766662438,114.910965012996], [35.3634502595164,-1.74270953109838,280.626661772612], [0.69038461661236,0.00265034289829983,76.2280339711429]]</sensors>
<obstacles>[[1.03033156483434, 2.25568302953616], [8.80081888614222, 5.97071925457567], [2.34215123020113, 5.27569441543892], [6.43401352828369, 1.87951340898871], [5.82021772046573, 5.38558737840503], [4.17135208728723, 1.6650955080986], [8.99647399107926, 1.96745402785018], [2.71962081198581, 0.38917951611802], [4.71011202922091, 0.116722501348704], [7.1747768400237, 1.10665025375783], [7.88394188974053, 5.24676355160773]]</obstacles>
<global-best>0.966811608854995</global-best>
</iteration>
<iterations>200</iterations>
<elapsed-time>30258</elapsed-time>
<average-time>0</average-time>
</simulation>