<?xml version="1.0" encoding="UTF-8"?>
<simulation>
<software>charlie-simulation-framework; v1.0.0; Jakob Rieke</software>
<system>Unix; Unix 18.2.0.0; 18.2.0.0</system>
<datetime>6/18/2019 6:46:39 AM</datetime>
<title>Static Sensor Positioning</title>
<meta>Author: Jakob Rieke; Version v1.3.0</meta>
<configuration>
  Zoom = 40
  SizeTeamA = 11
  SizeTeamB = 11
  FieldHeight = 9
  FieldWidth = 6
  PlayerSensorRange = 12
  PlayerSensorFOV = 56.3
  PlayerSize = 0.1555
  # The function used to optimize the problem,
  # possible values are:
  # Simplex, PSO, SPSO-2006, SPSO-2011, PSO-A-IW,
  # PSO-LD-IW, PSO-Chaotic-IW, PSO-LD-IW,
  # Evolution-Strategy, Differential-Evolution,
  # Adaptive-Differential-Evolution
  Optimizer = PSO
  </configuration>
<iteration i="0">
<sensors>[[-0.579016207381339,7.71256959757643,132.687512951799], [4.93883955458253,-2.60276403656615,318.626794650586], [8.03803343372055,4.02613065597671,50.833045576119], [4.0411522924906,6.02678277750556,190.225597613921], [4.39526391073672,7.02310563319257,252.483147595564], [1.5299312598455,4.10988119511841,270.811780040687], [7.50909433751144,1.66755263080718,122.576805816623], [7.77471229375579,5.05790661795212,324.929038972211], [8.28705532769946,8.11087382515858,259.683054990375], [1.61909960348556,-0.599314918927417,243.580150873468], [0.430270625560311,4.85069885002091,256.047025080999]]</sensors>
<obstacles>[[7.34481746912934, 2.77771623618901], [8.38644494768232, 2.68115844530985], [8.47768000233918, 1.4251447096467], [8.9635917597916, 1.18720194976777], [2.82075727265328, 5.53872558334842], [1.37281920248643, 2.24025649297982], [2.55033666011877, 3.27850350318477], [3.93269680906087, 3.77841043146327], [8.65846926346421, 2.84066330222413], [8.42385310912505, 4.11761435586959], [5.97644115099683, 3.38762213196605]]</obstacles>
<global-best>13.5161030992735</global-best>
</iteration>
<iteration i="200">
<sensors>[[5.82001336961889,0.0149797033006022,131.228241272609], [3.47674396793264,5.99747566768956,319.39759534832], [6.83244608886058,2.98038147081185,52.5560128305429], [8.95263750213303,5.60795082542834,198.178157274778], [0.931920283472294,5.9470636957132,273.392720029397], [8.67798381036269,5.99122816519158,269.75229542587], [8.85239928051007,0.00392748019943225,120.574893012285], [2.5335796790779,2.93060354693964,336.37925447202], [4.4562334758862,5.9823744836446,254.693873695954], [6.04697882609333,-8.45465572412206,236.369070776466], [-4.04213264682098,-46.5969647963215,224.440431743336]]</sensors>
<obstacles>[[7.34481746912934, 2.77771623618901], [8.38644494768232, 2.68115844530985], [8.47768000233918, 1.4251447096467], [8.9635917597916, 1.18720194976777], [2.82075727265328, 5.53872558334842], [1.37281920248643, 2.24025649297982], [2.55033666011877, 3.27850350318477], [3.93269680906087, 3.77841043146327], [8.65846926346421, 2.84066330222413], [8.42385310912505, 4.11761435586959], [5.97644115099683, 3.38762213196605]]</obstacles>
<global-best>0.398214682709768</global-best>
</iteration>
<iterations>200</iterations>
<elapsed-time>49125</elapsed-time>
<average-time>0</average-time>
</simulation>