<?xml version="1.0" encoding="UTF-8"?>
<simulation>
<software>charlie-simulation-framework; v1.0.0; Jakob Rieke</software>
<system>Unix; Unix 18.2.0.0; 18.2.0.0</system>
<datetime>6/18/2019 6:37:00 AM</datetime>
<title>Static Sensor Positioning</title>
<meta>Author: Jakob Rieke; Version v1.3.0</meta>
<configuration>
  Zoom = 40
  SizeTeamA = 11
  SizeTeamB = 11
  FieldHeight = 9
  FieldWidth = 6
  PlayerSensorRange = 12
  PlayerSensorFOV = 56.3
  PlayerSize = 0.1555
  # The function used to optimize the problem,
  # possible values are:
  # Simplex, PSO, SPSO-2006, SPSO-2011, PSO-A-IW,
  # PSO-LD-IW, PSO-Chaotic-IW, PSO-LD-IW,
  # Evolution-Strategy, Differential-Evolution,
  # Adaptive-Differential-Evolution
  Optimizer = PSO
  </configuration>
<iteration i="0">
<sensors>[[-0.623252607297682,5.08469318178384,32.252580375675], [1.72225057474908,-1.90804373787179,11.4230755301316], [2.65371700744443,0.120918638189655,172.126496406332], [5.28956080578382,7.71823045851807,265.695759475714], [0.471269356591112,2.60850333234924,268.891853328134], [4.98863877826854,2.42038692893757,213.536170554329], [9.26431754537301,-4.60674836016929,217.725470411277], [-3.61016214381503,8.73790394154293,150.82749927603], [5.01306657752242,8.26544254648573,248.564804581084], [0.731177618056339,9.01399012891545,283.323586880001], [7.8657541042924,3.34239019286021,59.8431137513988]]</sensors>
<obstacles>[[4.84423717553727, 4.25040838960558], [5.22824441548437, 3.23892498761415], [5.92297544027679, 2.83162242919207], [5.58162266202271, 0.220554817467928], [0.793150196084753, 3.14679696131498], [8.96375699643977, 3.64353156555444], [4.35699082841165, 0.890552306547761], [7.02042882889509, 0.739801070652902], [2.33589510549791, 5.57899744715542], [5.33692383044399, 2.53574946150184], [6.04225102462806, 4.50401531439275]]</obstacles>
<global-best>10.2346316990571</global-best>
</iteration>
<iteration i="200">
<sensors>[[0.0291223011659362,0.593294483741071,25.8916079403422], [0.00752248248966378,5.11481187110064,18.2784203621085], [8.99823231803681,2.33728843003202,171.187718905547], [0.00637749831478836,4.68010404146595,302.966356447878], [15.0094533690595,4.66761925261692,276.890084954992], [3.81960848460595,-17.8972598382511,220.457196421776], [4.57279306445725,5.99865883590017,218.237678507886], [-8.16891077288886,5.64595617096129,154.430879425925], [8.44374562721842,5.99598826421625,256.025942424169], [0.673042128759801,5.99531583698394,283.266660988532], [11.4295775987919,27.789747465418,94.9166098817177]]</sensors>
<obstacles>[[4.84423717553727, 4.25040838960558], [5.22824441548437, 3.23892498761415], [5.92297544027679, 2.83162242919207], [5.58162266202271, 0.220554817467928], [0.793150196084753, 3.14679696131498], [8.96375699643977, 3.64353156555444], [4.35699082841165, 0.890552306547761], [7.02042882889509, 0.739801070652902], [2.33589510549791, 5.57899744715542], [5.33692383044399, 2.53574946150184], [6.04225102462806, 4.50401531439275]]</obstacles>
<global-best>0.454484653900365</global-best>
</iteration>
<iterations>200</iterations>
<elapsed-time>46263</elapsed-time>
<average-time>0</average-time>
</simulation>