<?xml version="1.0" encoding="UTF-8"?>
<simulation>
<software>charlie-simulation-framework; v1.0.0; Jakob Rieke</software>
<system>Unix; Unix 18.2.0.0; 18.2.0.0</system>
<datetime>6/18/2019 6:36:02 AM</datetime>
<title>Static Sensor Positioning</title>
<meta>Author: Jakob Rieke; Version v1.3.0</meta>
<configuration>
  Zoom = 40
  SizeTeamA = 11
  SizeTeamB = 11
  FieldHeight = 9
  FieldWidth = 6
  PlayerSensorRange = 12
  PlayerSensorFOV = 56.3
  PlayerSize = 0.1555
  # The function used to optimize the problem,
  # possible values are:
  # Simplex, PSO, SPSO-2006, SPSO-2011, PSO-A-IW,
  # PSO-LD-IW, PSO-Chaotic-IW, PSO-LD-IW,
  # Evolution-Strategy, Differential-Evolution,
  # Adaptive-Differential-Evolution
  Optimizer = PSO
  </configuration>
<iteration i="0">
<sensors>[[-3.74198162235072,9.57696003408656,141.790050790024], [5.76760429615648,5.69550768257943,149.409168205723], [2.83704882502472,3.77901176089519,116.083277472075], [11.8110007498244,4.11167945959927,232.721556548845], [6.96400715129953,0.449891415622222,146.061631517682], [5.64620316674832,4.78535017847756,291.093439970517], [4.43727830749194,-0.102759242820911,149.266129570645], [7.28637323843857,-2.85908303167164,222.166209614203], [4.55405048989228,-0.428044214361638,350.661565343424], [7.15402007518497,-0.971374140520807,263.673698071595], [3.45145765281821,5.99405477865772,6.62801061074105]]</sensors>
<obstacles>[[6.06625380716287, 1.75659047579393], [5.46442782855593, 0.965390743687749], [7.9815114189405, 3.21372013399377], [1.37128751655109, 3.65454660030082], [7.12010932364501, 1.32227469189093], [8.23216450726613, 4.01437402423471], [6.29074848862365, 2.49653708701953], [2.88495707488619, 5.0231078225188], [3.23756427224725, 1.83946570940316], [5.00533449626528, 4.77981752716005], [2.01059666625224, 5.80614519305527]]</obstacles>
<global-best>14.5348295007741</global-best>
</iteration>
<iteration i="200">
<sensors>[[7.05712613613673,0.419347548964326,160.100623447801], [8.71727042359873,0.0286562981129131,150.398207765189], [2.14371985765928,0.371231603480701,114.4478186999], [8.99995673425778,5.99226510436919,237.546061381074], [7.54887007525939,-0.621395835279653,146.937004972219], [6.32030871429006,4.91182904873257,297.155244898967], [8.97081084423158,0.967536327949351,135.650725568909], [8.57079295754258,11.1564768174315,213.737194587482], [0.0360491252415438,5.33096478122301,344.357159553828], [4.08122374940801,32.4775962529323,267.646694632583], [0.366530429936832,0.0053832987558117,24.8560821554376]]</sensors>
<obstacles>[[6.06625380716287, 1.75659047579393], [5.46442782855593, 0.965390743687749], [7.9815114189405, 3.21372013399377], [1.37128751655109, 3.65454660030082], [7.12010932364501, 1.32227469189093], [8.23216450726613, 4.01437402423471], [6.29074848862365, 2.49653708701953], [2.88495707488619, 5.0231078225188], [3.23756427224725, 1.83946570940316], [5.00533449626528, 4.77981752716005], [2.01059666625224, 5.80614519305527]]</obstacles>
<global-best>0.31195726993996</global-best>
</iteration>
<iterations>200</iterations>
<elapsed-time>58057</elapsed-time>
<average-time>0</average-time>
</simulation>