<?xml version="1.0" encoding="UTF-8"?>
<simulation>
<software>charlie-simulation-framework; v1.0.0; Jakob Rieke</software>
<system>Unix; Unix 18.2.0.0; 18.2.0.0</system>
<datetime>6/18/2019 7:07:26 AM</datetime>
<title>Static Sensor Positioning</title>
<meta>Author: Jakob Rieke; Version v1.3.0</meta>
<configuration>
  Zoom = 40
  SizeTeamA = 11
  SizeTeamB = 11
  FieldHeight = 9
  FieldWidth = 6
  PlayerSensorRange = 12
  PlayerSensorFOV = 56.3
  PlayerSize = 0.1555
  # The function used to optimize the problem,
  # possible values are:
  # Simplex, PSO, SPSO-2006, SPSO-2011, PSO-A-IW,
  # PSO-LD-IW, PSO-Chaotic-IW, PSO-LD-IW,
  # Evolution-Strategy, Differential-Evolution,
  # Adaptive-Differential-Evolution
  Optimizer = PSO
  </configuration>
<iteration i="0">
<sensors>[[8.10456465459572,-3.57519158838892,194.504097414952], [5.99963199271414,8.80973933290875,205.046666693995], [5.29502696253806,-3.93867120146568,232.428004391391], [8.22344382444077,3.26914781535926,347.042661169207], [3.09613427752144,1.70394581245519,126.165124066161], [0.739109864159694,-1.28413554679947,269.859668495928], [5.38254504693761,-3.59317345684364,25.2611257698234], [4.59542081025883,6.07100491027254,58.2829853000897], [7.55512432015106,5.47226447632664,364.293609375447], [6.49819763537621,5.12041001876224,207.926436404916], [7.77298025189197,-1.64175576756797,88.8253122463102]]</sensors>
<obstacles>[[2.87898782081902, 5.24652932491153], [2.50776342744939, 0.699909063521773], [1.22357611195184, 4.30743995402008], [7.11883693817072, 0.954920490738004], [4.00373566802591, 2.77551625203341], [8.58781423070468, 5.4639077433385], [3.27983109815978, 3.3943780688569], [3.13649279437959, 3.82966358726844], [3.58931803889573, 3.88983371760696], [8.66872945264913, 0.0924062971025705], [1.18515010457486, 0.546378209721297]]</obstacles>
<global-best>7.28549067753258</global-best>
</iteration>
<iteration i="200">
<sensors>[[8.41042320325701,4.42008871029861,200.015717675306], [268.817760120468,39.3117733563623,212.351631956066], [2.39620621738194,3.76773444217106,248.332635009177], [1.91458223945918,1.13363666761633,350.636994708561], [8.99288166940512,0.0403272875985066,115.403596420168], [0.812957760405069,5.50940685306214,292.453779159352], [-1.07397827178288,1.60586775861057,30.5253106164576], [0.00473254148776271,0.863900979654627,63.7777402435938], [1.22450525007144,3.85218917816875,356.79043092913], [6.0571860030565,5.96089212378913,206.766953116764], [7.91679647549844,527.039450209093,102.994453664603]]</sensors>
<obstacles>[[2.87898782081902, 5.24652932491153], [2.50776342744939, 0.699909063521773], [1.22357611195184, 4.30743995402008], [7.11883693817072, 0.954920490738004], [4.00373566802591, 2.77551625203341], [8.58781423070468, 5.4639077433385], [3.27983109815978, 3.3943780688569], [3.13649279437959, 3.82966358726844], [3.58931803889573, 3.88983371760696], [8.66872945264913, 0.0924062971025705], [1.18515010457486, 0.546378209721297]]</obstacles>
<global-best>0.543425286796217</global-best>
</iteration>
<iterations>200</iterations>
<elapsed-time>41087</elapsed-time>
<average-time>0</average-time>
</simulation>