<?xml version="1.0" encoding="UTF-8"?>
<simulation>
<software>charlie-simulation-framework; v1.0.0; Jakob Rieke</software>
<system>Unix; Unix 18.2.0.0; 18.2.0.0</system>
<datetime>6/18/2019 7:09:55 AM</datetime>
<title>Static Sensor Positioning</title>
<meta>Author: Jakob Rieke; Version v1.3.0</meta>
<configuration>
  Zoom = 40
  SizeTeamA = 11
  SizeTeamB = 11
  FieldHeight = 9
  FieldWidth = 6
  PlayerSensorRange = 12
  PlayerSensorFOV = 56.3
  PlayerSize = 0.1555
  # The function used to optimize the problem,
  # possible values are:
  # Simplex, PSO, SPSO-2006, SPSO-2011, PSO-A-IW,
  # PSO-LD-IW, PSO-Chaotic-IW, PSO-LD-IW,
  # Evolution-Strategy, Differential-Evolution,
  # Adaptive-Differential-Evolution
  Optimizer = PSO
  </configuration>
<iteration i="0">
<sensors>[[3.93635843095704,5.21351692432326,232.020016897309], [0.271471871618987,-2.27771824511535,5.41795372288014], [4.37755090726538,4.28513500339734,6.6073917432757], [9.31186089677343,3.33320242108575,222.320009344175], [-2.59298375278674,-1.39026417178953,227.21767701998], [4.86481717329723,0.699478186690126,144.263113533385], [10.3015256007561,-0.0898847920958543,73.8515224168737], [8.41019822694426,2.11491489483649,32.9717435905795], [1.39868811941248,2.6431016285622,158.445123692548], [9.02176930430025,1.17404789481288,355.716847490795], [2.37013287656785,5.58955372213074,63.6835143743852]]</sensors>
<obstacles>[[6.40864230366424, 5.506764464546], [5.49180547962897, 4.24080517049879], [8.21153511595912, 1.24752435693517], [1.02585297985934, 5.55709161004052], [4.46257496369071, 0.700712767895311], [6.29081731662154, 3.0899576288648], [3.99757019779645, 0.082274382468313], [5.1925383314956, 1.82148313801736], [7.65069891954772, 2.02081817993894], [2.38994240923785, 5.67990188626572], [2.79617421724834, 2.69187169102952]]</obstacles>
<global-best>4.30177419059283</global-best>
</iteration>
<iteration i="200">
<sensors>[[4.80425666495817,2.71702100929506,228.115365367331], [0.957493969290687,5.21902554058383,-18.6594607794915], [1.94375754756514,1.5530941821177,7.15082477850336], [8.90007599526032,4.85077674701855,224.46995193392], [3.88921444963642,-1.61686435850656,253.379393191143], [0.402081248097915,11.0596949838525,147.037506822458], [7.00449020227144,0.00911432334163861,79.0094011658361], [0.0289779016035926,5.56664650142399,36.3285514948751], [1.76248777499945,12.2282889788753,164.623229827453], [11.9503429972875,1.20164162192633,347.415560948785], [0.00211273934571878,0.0479465701662091,63.0002564988717]]</sensors>
<obstacles>[[6.40864230366424, 5.506764464546], [5.49180547962897, 4.24080517049879], [8.21153511595912, 1.24752435693517], [1.02585297985934, 5.55709161004052], [4.46257496369071, 0.700712767895311], [6.29081731662154, 3.0899576288648], [3.99757019779645, 0.082274382468313], [5.1925383314956, 1.82148313801736], [7.65069891954772, 2.02081817993894], [2.38994240923785, 5.67990188626572], [2.79617421724834, 2.69187169102952]]</obstacles>
<global-best>0.857419801455966</global-best>
</iteration>
<iterations>200</iterations>
<elapsed-time>44385</elapsed-time>
<average-time>0</average-time>
</simulation>