<?xml version="1.0" encoding="UTF-8"?>
<simulation>
<software>charlie-simulation-framework; v1.0.0; Jakob Rieke</software>
<system>Unix; Unix 18.2.0.0; 18.2.0.0</system>
<datetime>6/18/2019 6:40:48 AM</datetime>
<title>Static Sensor Positioning</title>
<meta>Author: Jakob Rieke; Version v1.3.0</meta>
<configuration>
  Zoom = 40
  SizeTeamA = 11
  SizeTeamB = 11
  FieldHeight = 9
  FieldWidth = 6
  PlayerSensorRange = 12
  PlayerSensorFOV = 56.3
  PlayerSize = 0.1555
  # The function used to optimize the problem,
  # possible values are:
  # Simplex, PSO, SPSO-2006, SPSO-2011, PSO-A-IW,
  # PSO-LD-IW, PSO-Chaotic-IW, PSO-LD-IW,
  # Evolution-Strategy, Differential-Evolution,
  # Adaptive-Differential-Evolution
  Optimizer = PSO
  </configuration>
<iteration i="0">
<sensors>[[-1.70489885315385,-0.0791526757673724,224.589043869288], [6.22709089798563,7.09866383655408,208.381176778122], [13.5010356953808,5.48537561142779,105.983424885915], [0.691630675469411,2.8618002939242,192.922933654681], [4.11315774980557,-1.14386631784693,263.544174728879], [2.93368334106016,-1.02043104150221,350.187250931629], [3.50815839176787,9.05102486122553,175.635470768032], [5.60175811069693,6.42078790073831,172.035283329126], [4.54364923881308,3.14095450851116,26.1128395781981], [10.1641889980395,1.48952959750016,15.3516997563443], [7.19823825664127,0.204330298022324,240.796253941912]]</sensors>
<obstacles>[[0.746353666065261, 5.82954202825204], [2.75483387243003, 5.85095529863611], [0.674512858036906, 4.57195448689163], [5.93599001085386, 5.73961361171678], [1.57155251945369, 0.277108853682876], [7.40229247044772, 3.6522062625736], [2.11681746784598, 5.97350887348875], [6.21025568735786, 5.3301398511976], [2.55184831959195, 1.96227432880551], [2.93889099033549, 2.21156590757892], [8.18725300440565, 1.71451046224684]]</obstacles>
<global-best>7.9143544905652</global-best>
</iteration>
<iteration i="200">
<sensors>[[-8.71118992725743,8.99945751778412,219.392394958113], [8.99933816707452,5.91319786344773,204.868107659707], [8.99800151275642,0.869737893971604,106.729475461778], [41.9734133962689,31.4228462080714,179.563088682212], [-2.21573388294862,-11.4697722557756,265.16428559023], [0.0110517118280424,5.97086382957667,347.931015815814], [3.66507593040871,8.51144397671794,141.077502958378], [8.13054005488985,2.09626491172292,170.774762078157], [3.14620762714777,0.0219594856267243,19.5720750188225], [0.0115350795200058,3.3287121414824,44.2537844961093], [3.53232470772748,5.96126662527525,237.890475792255]]</sensors>
<obstacles>[[0.746353666065261, 5.82954202825204], [2.75483387243003, 5.85095529863611], [0.674512858036906, 4.57195448689163], [5.93599001085386, 5.73961361171678], [1.57155251945369, 0.277108853682876], [7.40229247044772, 3.6522062625736], [2.11681746784598, 5.97350887348875], [6.21025568735786, 5.3301398511976], [2.55184831959195, 1.96227432880551], [2.93889099033549, 2.21156590757892], [8.18725300440565, 1.71451046224684]]</obstacles>
<global-best>0.286605329472924</global-best>
</iteration>
<iterations>200</iterations>
<elapsed-time>34432</elapsed-time>
<average-time>0</average-time>
</simulation>