<?xml version="1.0" encoding="UTF-8"?>
<simulation>
<software>charlie-simulation-framework; v1.0.0; Jakob Rieke</software>
<system>Unix; Unix 18.2.0.0; 18.2.0.0</system>
<datetime>6/18/2019 6:35:09 AM</datetime>
<title>Static Sensor Positioning</title>
<meta>Author: Jakob Rieke; Version v1.3.0</meta>
<configuration>
  Zoom = 40
  SizeTeamA = 11
  SizeTeamB = 11
  FieldHeight = 9
  FieldWidth = 6
  PlayerSensorRange = 12
  PlayerSensorFOV = 56.3
  PlayerSize = 0.1555
  # The function used to optimize the problem,
  # possible values are:
  # Simplex, PSO, SPSO-2006, SPSO-2011, PSO-A-IW,
  # PSO-LD-IW, PSO-Chaotic-IW, PSO-LD-IW,
  # Evolution-Strategy, Differential-Evolution,
  # Adaptive-Differential-Evolution
  Optimizer = PSO
  </configuration>
<iteration i="0">
<sensors>[[8.74201773733488,3.75553055922153,304.938735200061], [1.15610374415912,4.50550315271424,196.058198075428], [6.25313417327417,1.13802131164052,56.6338119892046], [6.28988589539105,3.96470962702111,316.971025139001], [-1.03539896778829,2.17874328261346,356.049306778292], [4.11999401725949,7.027350757947,51.6301235284511], [7.62633918056668,1.12070188904832,44.9054972654103], [0.897797122369099,1.61004558618533,322.170579490023], [6.37744127751324,-1.30511688873964,63.9197817033337], [12.2367787940556,1.09510447230169,358.000267410519], [10.6007395082734,7.5046130048804,223.822708944674]]</sensors>
<obstacles>[[4.12172457156703, 4.84750484162942], [3.75474961660802, 4.86941329250112], [2.94399368972518, 0.15654965210706], [8.96470390632749, 0.423921769950539], [8.1570946003776, 2.43560948129743], [6.76659475383349, 2.44452806375921], [6.2230220194906, 3.20182383572683], [7.49499159632251, 4.39577594166622], [8.00888122874312, 3.98076961236075], [6.64972010487691, 4.59645238285884], [3.40363204479218, 1.94164972705767]]</obstacles>
<global-best>15.8283774304858</global-best>
</iteration>
<iteration i="200">
<sensors>[[5.23798846946613E-05,5.95858887985977,298.140685571892], [8.99354594790017,5.73955041790574,197.557076810838], [6.46242955094768,0.00133528686038674,65.591030093468], [0.102069284466735,-1.91472681648709,310.567844074752], [-3.75292299938496,4.17393477251612,362.140229497001], [4.93162768459017,0.798925717387681,49.6037193859403], [9.43789898021678,8.64879034420895,43.1745291171759], [1.26080258028773,5.1272131885513,339.604585840498], [13.3459681734397,-83.9398622832418,58.4862283064268], [0.000532340142173349,0.766173511464362,358.903073677217], [-3.9067205208906,10.2707489273791,211.610774690925]]</sensors>
<obstacles>[[4.12172457156703, 4.84750484162942], [3.75474961660802, 4.86941329250112], [2.94399368972518, 0.15654965210706], [8.96470390632749, 0.423921769950539], [8.1570946003776, 2.43560948129743], [6.76659475383349, 2.44452806375921], [6.2230220194906, 3.20182383572683], [7.49499159632251, 4.39577594166622], [8.00888122874312, 3.98076961236075], [6.64972010487691, 4.59645238285884], [3.40363204479218, 1.94164972705767]]</obstacles>
<global-best>0.483264021636589</global-best>
</iteration>
<iterations>200</iterations>
<elapsed-time>52046</elapsed-time>
<average-time>0</average-time>
</simulation>