<?xml version="1.0" encoding="UTF-8"?>
<simulation>
<software>charlie-simulation-framework; v1.0.0; Jakob Rieke</software>
<system>Unix; Unix 18.2.0.0; 18.2.0.0</system>
<datetime>6/18/2019 6:33:18 AM</datetime>
<title>Static Sensor Positioning</title>
<meta>Author: Jakob Rieke; Version v1.3.0</meta>
<configuration>
  Zoom = 40
  SizeTeamA = 11
  SizeTeamB = 11
  FieldHeight = 9
  FieldWidth = 6
  PlayerSensorRange = 12
  PlayerSensorFOV = 56.3
  PlayerSize = 0.1555
  # The function used to optimize the problem,
  # possible values are:
  # Simplex, PSO, SPSO-2006, SPSO-2011, PSO-A-IW,
  # PSO-LD-IW, PSO-Chaotic-IW, PSO-LD-IW,
  # Evolution-Strategy, Differential-Evolution,
  # Adaptive-Differential-Evolution
  Optimizer = PSO
  </configuration>
<iteration i="0">
<sensors>[[2.83911740141306,7.04788881878965,106.136802302505], [11.3367523197985,-0.828195470772382,217.644314589311], [2.48268020856846,3.73737544067945,93.5899186656137], [1.7897973320514,6.30526734621689,202.584936057182], [4.51073080272181,3.33799132351657,186.792188072605], [0.711607116124511,2.34957177257545,267.989258543817], [9.54538752442525,5.32035212820847,249.987040453794], [6.93600124423129,1.96767986009926,178.991104422164], [7.6958837484989,1.11060200149946,147.292217697305], [1.60025363370759,1.87357237170222,313.112636883743], [10.5334877839544,5.95497599563502,311.765126673085]]</sensors>
<obstacles>[[5.45354679180309, 0.0750616723671556], [3.82837526500225, 1.2232433706522], [1.67582134553231, 4.09843517281115], [0.435305189341307, 1.35980465495959], [8.40950404526666, 0.95838096505031], [7.95005166367628, 5.03733232850209], [5.49694748595357, 2.04002214968205], [6.8494756326545, 2.71839950652793], [7.34601640608162, 5.53639597026631], [7.95585928531364, 1.10370883857831], [3.93371993140318, 4.57464379677549]]</obstacles>
<global-best>11.630346745267</global-best>
</iteration>
<iteration i="200">
<sensors>[[0.35195261265751,-3.06540077148916,116.054039139783], [8.98239480103228,3.16942136676564,205.503554713124], [162.418825868052,-29.8948827264075,99.2429352400938], [-1.30966763046004,-32.8823767187688,205.340469203682], [8.99108264365615,5.38249233292365,193.451400587172], [8.56323911849687,5.98256762781224,266.754189827773], [19.2738605972608,-0.861526607673241,246.257671881155], [8.99625756658195,2.71392622299652,171.145644869799], [8.91973726279326,0.00429473023087186,147.264671661882], [-17.0401942779486,8.37650272701673,306.989878791235], [3.6495325261282,5.97258941653948,333.141183246721]]</sensors>
<obstacles>[[5.45354679180309, 0.0750616723671556], [3.82837526500225, 1.2232433706522], [1.67582134553231, 4.09843517281115], [0.435305189341307, 1.35980465495959], [8.40950404526666, 0.95838096505031], [7.95005166367628, 5.03733232850209], [5.49694748595357, 2.04002214968205], [6.8494756326545, 2.71839950652793], [7.34601640608162, 5.53639597026631], [7.95585928531364, 1.10370883857831], [3.93371993140318, 4.57464379677549]]</obstacles>
<global-best>0.746178826782361</global-best>
</iteration>
<iterations>200</iterations>
<elapsed-time>26378</elapsed-time>
<average-time>0</average-time>
</simulation>