<?xml version="1.0" encoding="UTF-8"?>
<simulation>
<software>charlie-simulation-framework; v1.0.0; Jakob Rieke</software>
<system>Unix; Unix 18.2.0.0; 18.2.0.0</system>
<datetime>6/18/2019 7:04:15 AM</datetime>
<title>Static Sensor Positioning</title>
<meta>Author: Jakob Rieke; Version v1.3.0</meta>
<configuration>
  Zoom = 40
  SizeTeamA = 11
  SizeTeamB = 11
  FieldHeight = 9
  FieldWidth = 6
  PlayerSensorRange = 12
  PlayerSensorFOV = 56.3
  PlayerSize = 0.1555
  # The function used to optimize the problem,
  # possible values are:
  # Simplex, PSO, SPSO-2006, SPSO-2011, PSO-A-IW,
  # PSO-LD-IW, PSO-Chaotic-IW, PSO-LD-IW,
  # Evolution-Strategy, Differential-Evolution,
  # Adaptive-Differential-Evolution
  Optimizer = PSO
  </configuration>
<iteration i="0">
<sensors>[[5.5108427122894,2.73606632286336,259.551441672839], [4.60769661017667,2.17846207196015,139.178670996549], [0.389531550761215,-0.280383488061707,301.490902214714], [8.41224265149171,4.16055196546932,24.6772803915253], [1.93207006823662,-0.210271433859877,294.492065088811], [12.0929220230111,9.4875455739297,162.217960673974], [10.5577179304175,5.38373657902422,97.7664305391598], [9.82053969998748,1.24325094761821,353.440151218093], [-2.45105011665486,7.09592708012972,213.192702004915], [5.98301585557022,5.00377417986748,253.148373632975], [-0.27761861881088,6.695309631887,253.817424496351]]</sensors>
<obstacles>[[2.08539700275287, 3.50060656433925], [1.85188232059591, 3.97023728024215], [3.57115111663006, 2.08626208780333], [5.98817819170654, 2.18434227677062], [3.10525928554125, 5.23947395570576], [4.16892474261113, 2.7650042027235], [5.91108601656742, 3.73927007569], [2.97810076433234, 4.09624417964369], [2.52532976958901, 1.09680253313854], [1.54373547434807, 4.36461855936795], [4.1511491839774, 2.00653456058353]]</obstacles>
<global-best>16.467082012772</global-best>
</iteration>
<iteration i="200">
<sensors>[[9.13585242402996,9.04960464557754,261.541222079973], [2.70018591852364,1.37532631085284,138.36424351384], [0.772944765327275,5.99899031245037,314.241394167446], [0.0240605410635742,3.46009810157694,26.8385665377206], [3.8768431621674,222.369353925466,297.590666982893], [8.73444393446621,0.00433061992103619,152.696362934706], [7.86609247459062,1.2023969220272,104.477930227852], [10.8753757619854,-0.362754564375113,282.826108615382], [6.92649753315857,5.99379641374313,207.504408141399], [8.99511671129388,5.87311341122756,265.18381516997], [-3.44936562938934,56.8669352386562,272.354649678929]]</sensors>
<obstacles>[[2.08539700275287, 3.50060656433925], [1.85188232059591, 3.97023728024215], [3.57115111663006, 2.08626208780333], [5.98817819170654, 2.18434227677062], [3.10525928554125, 5.23947395570576], [4.16892474261113, 2.7650042027235], [5.91108601656742, 3.73927007569], [2.97810076433234, 4.09624417964369], [2.52532976958901, 1.09680253313854], [1.54373547434807, 4.36461855936795], [4.1511491839774, 2.00653456058353]]</obstacles>
<global-best>0.206323536882547</global-best>
</iteration>
<iterations>200</iterations>
<elapsed-time>43222</elapsed-time>
<average-time>0</average-time>
</simulation>