<?xml version="1.0" encoding="UTF-8"?>
<simulation>
<software>charlie-simulation-framework; v1.0.0; Jakob Rieke</software>
<system>Unix; Unix 18.2.0.0; 18.2.0.0</system>
<datetime>6/18/2019 6:38:35 AM</datetime>
<title>Static Sensor Positioning</title>
<meta>Author: Jakob Rieke; Version v1.3.0</meta>
<configuration>
  Zoom = 40
  SizeTeamA = 11
  SizeTeamB = 11
  FieldHeight = 9
  FieldWidth = 6
  PlayerSensorRange = 12
  PlayerSensorFOV = 56.3
  PlayerSize = 0.1555
  # The function used to optimize the problem,
  # possible values are:
  # Simplex, PSO, SPSO-2006, SPSO-2011, PSO-A-IW,
  # PSO-LD-IW, PSO-Chaotic-IW, PSO-LD-IW,
  # Evolution-Strategy, Differential-Evolution,
  # Adaptive-Differential-Evolution
  Optimizer = PSO
  </configuration>
<iteration i="0">
<sensors>[[3.02098453023915,4.74872746858778,74.496474876282], [7.72970799395394,6.65886105211512,29.9667194489258], [8.26483566700282,2.7108566003649,322.165642834661], [7.95772801173785,-1.66242215660741,42.6963685850514], [12.3580868977136,8.49300576273929,146.916395144294], [1.88974110493722,6.84726157946828,98.070664660828], [8.91330609237208,5.88616824732775,274.893574000129], [1.47537924975559,-1.69298086601936,236.032080447265], [11.1208660937917,4.90992709080996,124.566551009715], [-1.73968125873607,0.930296672915555,122.971316382359], [5.89069525544191,5.2872717986614,154.911427888534]]</sensors>
<obstacles>[[0.577460791915655, 3.0429752105847], [6.83740224502981, 0.590701981913298], [0.201568466378376, 2.55168856680393], [3.2159121776931, 3.5514205978252], [7.34352369094267, 2.34245391469449], [2.39875967474654, 3.68929955223575], [5.84596380055882, 4.16613318398595], [8.02584419120103, 4.74716406874359], [6.95683262427337, 3.2227572533302], [8.02675430034287, 1.50931590702385], [8.64902007370256, 1.26695869909599]]</obstacles>
<global-best>18.414672000989</global-best>
</iteration>
<iteration i="200">
<sensors>[[0.443891787341346,1.7248224616327,72.0201959931043], [14.3128862977375,9.23239023337416,2.49800745221473], [6.52338121096084,5.99958541042433,318.901137493146], [2.88579782011937,0.0125041738998794,38.1960553087299], [8.23700913652013,0.0143444897784845,147.615502115025], [9.87437079825664,0.436767711037417,144.953725037515], [2.9212667699898,4.88189752851296,311.549498324293], [6.00381319551473,5.7253220240395,229.009603228434], [8.990118425172,2.29771459017182,140.209732074206], [7.98382860663692,6.4387849828183,139.922431046137], [8.97181802109479,0.777824229405505,153.572418810447]]</sensors>
<obstacles>[[0.577460791915655, 3.0429752105847], [6.83740224502981, 0.590701981913298], [0.201568466378376, 2.55168856680393], [3.2159121776931, 3.5514205978252], [7.34352369094267, 2.34245391469449], [2.39875967474654, 3.68929955223575], [5.84596380055882, 4.16613318398595], [8.02584419120103, 4.74716406874359], [6.95683262427337, 3.2227572533302], [8.02675430034287, 1.50931590702385], [8.64902007370256, 1.26695869909599]]</obstacles>
<global-best>0.846262222802944</global-best>
</iteration>
<iterations>200</iterations>
<elapsed-time>53774</elapsed-time>
<average-time>0</average-time>
</simulation>