<?xml version="1.0" encoding="UTF-8"?>
<simulation>
<software>charlie-simulation-framework; v1.0.0; Jakob Rieke</software>
<system>Unix; Unix 18.2.0.0; 18.2.0.0</system>
<datetime>6/18/2019 7:04:58 AM</datetime>
<title>Static Sensor Positioning</title>
<meta>Author: Jakob Rieke; Version v1.3.0</meta>
<configuration>
  Zoom = 40
  SizeTeamA = 11
  SizeTeamB = 11
  FieldHeight = 9
  FieldWidth = 6
  PlayerSensorRange = 12
  PlayerSensorFOV = 56.3
  PlayerSize = 0.1555
  # The function used to optimize the problem,
  # possible values are:
  # Simplex, PSO, SPSO-2006, SPSO-2011, PSO-A-IW,
  # PSO-LD-IW, PSO-Chaotic-IW, PSO-LD-IW,
  # Evolution-Strategy, Differential-Evolution,
  # Adaptive-Differential-Evolution
  Optimizer = PSO
  </configuration>
<iteration i="0">
<sensors>[[4.85122904225247,3.69791438118385,294.906277810534], [3.3340301725883,2.89299915891097,343.890528749551], [5.19748800266849,9.47553621865218,202.290300339983], [6.96938352542381,9.23548728313239,336.654318056325], [8.31597226768108,-0.411491717649628,13.7818088499568], [1.23074762480025,6.51760029511731,248.850143869487], [5.37914889251848,-0.774070605377527,5.3232917504775], [6.18065597703851,8.12434717159276,229.689288492493], [7.78308812785226,7.24588974476017,105.124083838942], [1.55831772152205,1.9626062699926,281.66656287152], [11.8260828607125,1.07723808744204,63.807261420966]]</sensors>
<obstacles>[[3.38022134522907, 5.15718151442707], [2.29602401820011, 4.39843998569995], [6.14907551393844, 2.07568091154099], [5.85630022943951, 4.37277165614069], [1.67980002332479, 0.548216791357845], [3.90563475131057, 5.26077393628657], [1.94169825618155, 3.50085725728422], [0.615028127795085, 4.87549091968685], [2.85862938500941, 0.942507428582758], [7.85463595460169, 5.3080059690401], [7.48312190989964, 0.580875238403678]]</obstacles>
<global-best>10.8396541432577</global-best>
</iteration>
<iteration i="200">
<sensors>[[5.43937209061458,-7.83643398355182,295.634582483085], [0.0284401383916991,5.96408950169453,349.984049229532], [6.35671979063206,2.71466373778816,184.465664388038], [0.0295003134077361,3.79420711523426,328.748510561794], [0.0391561126713991,0.0035173711691127,17.1126859532003], [-0.0845435439624607,1.57485716495583,249.073760081973], [4.59987862235331,0.615884319442842,7.66982760542583], [8.32934323830239,5.96649559078104,208.014430742272], [5.91386748791742,0.0171931189141562,120.940545684134], [4.62473402485157,9.28401210533766,272.512335047144], [6.38423093378971,0.00381974801211801,69.3179019796458]]</sensors>
<obstacles>[[3.38022134522907, 5.15718151442707], [2.29602401820011, 4.39843998569995], [6.14907551393844, 2.07568091154099], [5.85630022943951, 4.37277165614069], [1.67980002332479, 0.548216791357845], [3.90563475131057, 5.26077393628657], [1.94169825618155, 3.50085725728422], [0.615028127795085, 4.87549091968685], [2.85862938500941, 0.942507428582758], [7.85463595460169, 5.3080059690401], [7.48312190989964, 0.580875238403678]]</obstacles>
<global-best>0.432377533727914</global-best>
</iteration>
<iterations>200</iterations>
<elapsed-time>56185</elapsed-time>
<average-time>0</average-time>
</simulation>