<?xml version="1.0" encoding="UTF-8"?>
<simulation>
<software>charlie-simulation-framework; v1.0.0; Jakob Rieke</software>
<system>Unix; Unix 18.2.0.0; 18.2.0.0</system>
<datetime>6/18/2019 6:49:05 AM</datetime>
<title>Static Sensor Positioning</title>
<meta>Author: Jakob Rieke; Version v1.3.0</meta>
<configuration>
  Zoom = 40
  SizeTeamA = 11
  SizeTeamB = 11
  FieldHeight = 9
  FieldWidth = 6
  PlayerSensorRange = 12
  PlayerSensorFOV = 56.3
  PlayerSize = 0.1555
  # The function used to optimize the problem,
  # possible values are:
  # Simplex, PSO, SPSO-2006, SPSO-2011, PSO-A-IW,
  # PSO-LD-IW, PSO-Chaotic-IW, PSO-LD-IW,
  # Evolution-Strategy, Differential-Evolution,
  # Adaptive-Differential-Evolution
  Optimizer = PSO
  </configuration>
<iteration i="0">
<sensors>[[0.674905119584182,0.290553414777621,211.481856611569], [9.87825391634071,10.1443617677637,101.210840197425], [7.32206282739294,1.3442383364048,274.516639526935], [5.82481576102039,4.46235084601949,122.256440779824], [8.56177150967541,-3.82281776749366,355.132148864593], [7.00710710440072,6.38343667959055,304.039534973614], [9.65210928575611,6.45221942604714,221.172149159454], [9.12778000952794,-0.359489008339369,173.6687576506], [2.32123560668984,4.50704301895641,323.460048882694], [4.50601852858157,7.21907609376354,321.783094712014], [1.0107920909486,3.99121209452121,188.101938706622]]</sensors>
<obstacles>[[0.791297022253275, 5.29157233424485], [4.96278563817032, 3.92989607015625], [8.30007848376408, 1.56553568551317], [1.25412369612604, 2.13890441833064], [5.40689855650999, 2.25874343561009], [1.40112635842524, 1.71617600088939], [7.72305924631655, 5.24708090443164], [2.37893345835619, 4.48323174426332], [4.25244070147164, 0.302438439801335], [1.94838807312772, 4.30631928099319], [3.75269795721397, 3.34893010323867]]</obstacles>
<global-best>8.61743386157609</global-best>
</iteration>
<iteration i="200">
<sensors>[[6.85094246243933,5.16702514769766,211.620556620012], [8.99854164161743,0.923221853042088,100.71209187563], [-17.8451753181979,-0.180426109742092,289.079871929853], [3.49411566298145,0.0227768112957098,129.678781249847], [4.46108811510487,0.822503571188171,355.68350788382], [4.26821539632884,13.9568204296939,303.189519497316], [8.17261657754734,5.2663298254842,231.990430405738], [8.99237301763223,5.71432109115913,168.005864340295], [9.20735144495012,9.51077274519419,330.839576683506], [0.00489740822556243,3.62660877554886,328.631277976575], [7.90089675221372,2.1486036845273,179.214875896203]]</sensors>
<obstacles>[[0.791297022253275, 5.29157233424485], [4.96278563817032, 3.92989607015625], [8.30007848376408, 1.56553568551317], [1.25412369612604, 2.13890441833064], [5.40689855650999, 2.25874343561009], [1.40112635842524, 1.71617600088939], [7.72305924631655, 5.24708090443164], [2.37893345835619, 4.48323174426332], [4.25244070147164, 0.302438439801335], [1.94838807312772, 4.30631928099319], [3.75269795721397, 3.34893010323867]]</obstacles>
<global-best>0.589082606785588</global-best>
</iteration>
<iterations>200</iterations>
<elapsed-time>47243</elapsed-time>
<average-time>0</average-time>
</simulation>