<?xml version="1.0" encoding="UTF-8"?>
<simulation>
<software>charlie-simulation-framework; v1.0.0; Jakob Rieke</software>
<system>Unix; Unix 18.2.0.0; 18.2.0.0</system>
<datetime>6/18/2019 7:00:58 AM</datetime>
<title>Static Sensor Positioning</title>
<meta>Author: Jakob Rieke; Version v1.3.0</meta>
<configuration>
  Zoom = 40
  SizeTeamA = 11
  SizeTeamB = 11
  FieldHeight = 9
  FieldWidth = 6
  PlayerSensorRange = 12
  PlayerSensorFOV = 56.3
  PlayerSize = 0.1555
  # The function used to optimize the problem,
  # possible values are:
  # Simplex, PSO, SPSO-2006, SPSO-2011, PSO-A-IW,
  # PSO-LD-IW, PSO-Chaotic-IW, PSO-LD-IW,
  # Evolution-Strategy, Differential-Evolution,
  # Adaptive-Differential-Evolution
  Optimizer = PSO
  </configuration>
<iteration i="0">
<sensors>[[1.54849808316142,-1.21276833253237,226.930916834897], [0.565909774681787,4.48864880024144,224.186667691766], [7.64219187290163,4.26386530338718,291.17710822979], [2.25550672109545,2.62284103699167,254.375023194615], [3.65159965662718,3.42258258328743,108.918866925607], [8.01933242613498,5.75105191701974,226.951073690209], [-1.64134411097706,2.79965402539203,71.6997057715911], [9.36989748440263,4.15086203295822,324.88114497699], [3.75680807993392,-1.17182617261114,56.5704854695288], [6.16152701392572,-2.53605861445285,98.9249493098959], [1.63845091631443,4.9182492650418,94.3412126488298]]</sensors>
<obstacles>[[4.53720160201192, 3.49826753139496], [8.4330064994283, 1.32521996973082], [4.1821366713848, 3.44894155953079], [1.13000949262641, 1.30241117393598], [2.38621954713017, 2.985438213218], [2.22595351422206, 4.82327855983749], [7.55992805259302, 1.89486071560532], [8.52455900819041, 3.21297514205799], [3.59135003644042, 2.18518389808014], [0.023703305516392, 1.00074148317799], [7.13304491573945, 4.96628330089152]]</obstacles>
<global-best>18.4859125195441</global-best>
</iteration>
<iteration i="200">
<sensors>[[8.98917681296961,4.87092050591308,199.562126141428], [8.98848213815761,0.0563232834177814,167.864705746441], [12.3591618933013,16.4398808485221,301.349947947745], [3.41259225403425,62.5231052152352,263.553383500449], [-29.8397284436363,5.16683418490695,111.053972033929], [8.96946648081632,3.47804040292692,240.241640502809], [2.0734719337711,3.19835667857059,72.5872587861621], [1.23468963152252,5.97422007642523,333.499486154746], [0.0468890019705318,0.209268287333994,19.7287340441504], [1.66296939871272,0.00593640855535636,99.8004750039346], [-1.86108052017695,6.07075034191178,96.2086288252166]]</sensors>
<obstacles>[[4.53720160201192, 3.49826753139496], [8.4330064994283, 1.32521996973082], [4.1821366713848, 3.44894155953079], [1.13000949262641, 1.30241117393598], [2.38621954713017, 2.985438213218], [2.22595351422206, 4.82327855983749], [7.55992805259302, 1.89486071560532], [8.52455900819041, 3.21297514205799], [3.59135003644042, 2.18518389808014], [0.023703305516392, 1.00074148317799], [7.13304491573945, 4.96628330089152]]</obstacles>
<global-best>0.230199352038429</global-best>
</iteration>
<iterations>200</iterations>
<elapsed-time>35718</elapsed-time>
<average-time>0</average-time>
</simulation>