<?xml version="1.0" encoding="UTF-8"?>
<simulation>
<software>charlie-simulation-framework; v1.0.0; Jakob Rieke</software>
<system>Unix; Unix 18.2.0.0; 18.2.0.0</system>
<datetime>6/18/2019 7:00:21 AM</datetime>
<title>Static Sensor Positioning</title>
<meta>Author: Jakob Rieke; Version v1.3.0</meta>
<configuration>
  Zoom = 40
  SizeTeamA = 11
  SizeTeamB = 11
  FieldHeight = 9
  FieldWidth = 6
  PlayerSensorRange = 12
  PlayerSensorFOV = 56.3
  PlayerSize = 0.1555
  # The function used to optimize the problem,
  # possible values are:
  # Simplex, PSO, SPSO-2006, SPSO-2011, PSO-A-IW,
  # PSO-LD-IW, PSO-Chaotic-IW, PSO-LD-IW,
  # Evolution-Strategy, Differential-Evolution,
  # Adaptive-Differential-Evolution
  Optimizer = PSO
  </configuration>
<iteration i="0">
<sensors>[[-3.44430859539086,1.52252165007712,157.201349813289], [0.269195227535043,5.8436771821754,139.071126363982], [8.49428570763119,2.4245425501495,6.10547539739662], [-0.668621177582515,3.26236077556429,51.8967217201107], [3.47128388205279,10.1560756134838,162.063602786284], [5.78663776176211,6.64736439147729,108.400046381448], [5.97053990826854,-1.51884767971328,154.696151534082], [7.49661499173799,-2.88531211966929,6.87699131539082], [3.96466337178156,-0.717369285751109,197.111826309705], [6.0668018726142,2.44131670594354,-0.320948680878907], [0.362244694167781,2.24284180686521,158.103423502073]]</sensors>
<obstacles>[[7.99404088477604, 3.17907398846], [1.48870111559518, 3.78157586837187], [1.7392717951443, 1.66045596823096], [7.15090284962207, 2.47601003665477], [8.83265316789038, 5.58109469292685], [0.161752978339791, 0.21732854610309], [6.7268589315936, 4.01911150524393], [8.20932449586689, 1.92008570535108], [7.87851735879667, 5.92981457943097], [0.242849777452648, 5.67904932098463], [5.27689628396183, 0.539091586600989]]</obstacles>
<global-best>7.18562868368876</global-best>
</iteration>
<iteration i="200">
<sensors>[[2.62070248173858,9.82063890003637,154.713684552604], [8.99909655035011,0.686672441161564,114.794506106285], [0.00194864265108339,2.45588771717929,27.0609140560169], [-10.2705776933999,3.09521240450856,39.7359507875701], [3.15366137325453,-3.14704551657451,168.214769057842], [8.82249992699258,-20.2455636149733,106.613112359852], [8.99526582695051,0.000226378326086636,157.613576858003], [0.000420565566684586,5.35150827451206,-18.7117198478646], [8.61276124084433,5.35396848953105,200.935178884077], [0.00174442007067431,0.950944854439952,4.15008385432581], [-1.10578838286863,-35.2878709239661,180.840869406676]]</sensors>
<obstacles>[[7.99404088477604, 3.17907398846], [1.48870111559518, 3.78157586837187], [1.7392717951443, 1.66045596823096], [7.15090284962207, 2.47601003665477], [8.83265316789038, 5.58109469292685], [0.161752978339791, 0.21732854610309], [6.7268589315936, 4.01911150524393], [8.20932449586689, 1.92008570535108], [7.87851735879667, 5.92981457943097], [0.242849777452648, 5.67904932098463], [5.27689628396183, 0.539091586600989]]</obstacles>
<global-best>0.216530778996237</global-best>
</iteration>
<iterations>200</iterations>
<elapsed-time>36675</elapsed-time>
<average-time>0</average-time>
</simulation>