<?xml version="1.0" encoding="UTF-8"?>
<simulation>
<software>charlie-simulation-framework; v1.0.0; Jakob Rieke</software>
<system>Unix; Unix 18.2.0.0; 18.2.0.0</system>
<datetime>6/18/2019 7:08:07 AM</datetime>
<title>Static Sensor Positioning</title>
<meta>Author: Jakob Rieke; Version v1.3.0</meta>
<configuration>
  Zoom = 40
  SizeTeamA = 11
  SizeTeamB = 11
  FieldHeight = 9
  FieldWidth = 6
  PlayerSensorRange = 12
  PlayerSensorFOV = 56.3
  PlayerSize = 0.1555
  # The function used to optimize the problem,
  # possible values are:
  # Simplex, PSO, SPSO-2006, SPSO-2011, PSO-A-IW,
  # PSO-LD-IW, PSO-Chaotic-IW, PSO-LD-IW,
  # Evolution-Strategy, Differential-Evolution,
  # Adaptive-Differential-Evolution
  Optimizer = PSO
  </configuration>
<iteration i="0">
<sensors>[[8.87219110142959,5.33928918720874,72.36558117488], [1.1400245493941,1.97910273998514,212.381053344393], [9.8195241125029,3.30476174117751,184.702397046097], [11.1262299314618,3.80474896958342,49.8241025596517], [9.27213945745471,2.28029562141176,288.390249612078], [3.21013593002369,4.50292015999493,199.314775272142], [2.9757208866437,1.57091393293842,144.673901287241], [-0.120321799571217,8.48620694610048,16.0389568792718], [-1.50985442571305,1.51204082325737,292.999947787712], [10.1319491021103,5.34369770235138,338.365185941363], [7.51380303763153,4.1221610098185,314.092396514306]]</sensors>
<obstacles>[[6.37941301683895, 2.62993403244764], [7.46221021818928, 3.1991383745335], [4.87804836896248, 3.91130955470726], [5.6933783988934, 3.83911162801087], [5.88946964149363, 4.76521544158459], [4.34596193907782, 3.70177528308705], [8.94851549877785, 0.604891276918352], [1.24077710369602, 3.78747117798775], [8.18245467497036, 3.18289799429476], [3.17399322171696, 0.685763223096728], [6.88942623278126, 5.24606772651896]]</obstacles>
<global-best>17.7362546408345</global-best>
</iteration>
<iteration i="200">
<sensors>[[-3.38788650567263,13.5832282672534,39.0905298970581], [8.99867875076492,2.97104911139327,210.325940036842], [8.94415383854594,4.38279743027945,173.300437541102], [6.73276059299153,3.41561986163733,47.219650794428], [7.94494068932032,5.99124275006894,274.777747437707], [38.2487849800024,12.9423226752785,168.180889894911], [6.62729927880311,0.0264592937881744,131.100981343989], [0.0193716475429205,2.25252500229566,12.555138898478], [0.00805163162391292,5.29981560589756,292.01514302283], [43.6551462580228,6.69647291993554,284.634520898156], [2.60750898929124,5.99319754768438,305.227827514732]]</sensors>
<obstacles>[[6.37941301683895, 2.62993403244764], [7.46221021818928, 3.1991383745335], [4.87804836896248, 3.91130955470726], [5.6933783988934, 3.83911162801087], [5.88946964149363, 4.76521544158459], [4.34596193907782, 3.70177528308705], [8.94851549877785, 0.604891276918352], [1.24077710369602, 3.78747117798775], [8.18245467497036, 3.18289799429476], [3.17399322171696, 0.685763223096728], [6.88942623278126, 5.24606772651896]]</obstacles>
<global-best>0.280987549092192</global-best>
</iteration>
<iterations>200</iterations>
<elapsed-time>45453</elapsed-time>
<average-time>0</average-time>
</simulation>