<?xml version="1.0" encoding="UTF-8"?>
<simulation>
<software>charlie-simulation-framework; v1.0.0; Jakob Rieke</software>
<system>Unix; Unix 18.2.0.0; 18.2.0.0</system>
<datetime>6/18/2019 6:52:11 AM</datetime>
<title>Static Sensor Positioning</title>
<meta>Author: Jakob Rieke; Version v1.3.0</meta>
<configuration>
  Zoom = 40
  SizeTeamA = 11
  SizeTeamB = 11
  FieldHeight = 9
  FieldWidth = 6
  PlayerSensorRange = 12
  PlayerSensorFOV = 56.3
  PlayerSize = 0.1555
  # The function used to optimize the problem,
  # possible values are:
  # Simplex, PSO, SPSO-2006, SPSO-2011, PSO-A-IW,
  # PSO-LD-IW, PSO-Chaotic-IW, PSO-LD-IW,
  # Evolution-Strategy, Differential-Evolution,
  # Adaptive-Differential-Evolution
  Optimizer = PSO
  </configuration>
<iteration i="0">
<sensors>[[3.44479430194648,7.34411392671101,182.861456151772], [5.89495598014337,-4.49352766712092,332.325551593223], [0.157767744856972,4.13837298253716,237.47874014945], [2.44240807444375,-3.25809431336079,91.0641503355716], [8.64266869275876,4.27591594649979,59.2550617330272], [1.82960050132586,4.16741550751218,42.520366897236], [8.28536837346026,4.31682361111489,96.6419626296365], [5.30009742294391,1.80433926588408,90.6447835957662], [-4.16217686712638,7.46754252425258,62.2968429867692], [5.07363309563111,3.28970112337183,72.3218104558992], [5.90894466237188,8.42276249880435,264.32679843632]]</sensors>
<obstacles>[[8.70548753463663, 0.105253566987813], [6.47032692935318, 5.26835368713364], [1.14907615771517, 5.29947030963376], [1.97785048373044, 3.42857894673944], [8.39517008978873, 5.57319946261123], [1.95040590525605, 4.36497593857348], [1.94568245764822, 0.196832887362689], [5.19705491792411, 3.393295831047], [3.65025230823085, 5.70570203242823], [5.82729875436053, 4.87945781601593], [5.13761736522429, 3.96362495888025]]</obstacles>
<global-best>13.7602815405184</global-best>
</iteration>
<iteration i="200">
<sensors>[[8.96467855740134,4.08507170984161,186.955872294145], [0.0047964791209915,4.75294870724178,314.70403654749], [8.82109940071687,5.99821330304315,235.312236911213], [-3.89483432746743,-6.33364003540066,82.1182832998448], [6.17717148522064,0.0597165719882741,61.9966724276358], [0.945744684485261,1.10684961422751,39.2559585316207], [1.6800391357313,-124.765714235158,93.4036220481146], [5.82145534566308,0.00917370060803728,109.075652996266], [0.00108818019163478,0.0500311023324973,61.9898757953767], [-0.781634423057481,7.25407481291624,84.374096312428], [8.97484996650912,1.57393695000859,286.371951285367]]</sensors>
<obstacles>[[8.70548753463663, 0.105253566987813], [6.47032692935318, 5.26835368713364], [1.14907615771517, 5.29947030963376], [1.97785048373044, 3.42857894673944], [8.39517008978873, 5.57319946261123], [1.95040590525605, 4.36497593857348], [1.94568245764822, 0.196832887362689], [5.19705491792411, 3.393295831047], [3.65025230823085, 5.70570203242823], [5.82729875436053, 4.87945781601593], [5.13761736522429, 3.96362495888025]]</obstacles>
<global-best>0.346357887128555</global-best>
</iteration>
<iterations>200</iterations>
<elapsed-time>51622</elapsed-time>
<average-time>0</average-time>
</simulation>