<?xml version="1.0" encoding="UTF-8"?>
<simulation>
<software>charlie-simulation-framework; v1.0.0; Jakob Rieke</software>
<system>Unix; Unix 18.2.0.0; 18.2.0.0</system>
<datetime>6/18/2019 6:55:31 AM</datetime>
<title>Static Sensor Positioning</title>
<meta>Author: Jakob Rieke; Version v1.3.0</meta>
<configuration>
  Zoom = 40
  SizeTeamA = 11
  SizeTeamB = 11
  FieldHeight = 9
  FieldWidth = 6
  PlayerSensorRange = 12
  PlayerSensorFOV = 56.3
  PlayerSize = 0.1555
  # The function used to optimize the problem,
  # possible values are:
  # Simplex, PSO, SPSO-2006, SPSO-2011, PSO-A-IW,
  # PSO-LD-IW, PSO-Chaotic-IW, PSO-LD-IW,
  # Evolution-Strategy, Differential-Evolution,
  # Adaptive-Differential-Evolution
  Optimizer = PSO
  </configuration>
<iteration i="0">
<sensors>[[3.90679799917295,5.74188159390347,177.043781887285], [-0.804706380488998,-0.920846817814702,243.995940920184], [1.52460409806157,-2.75584278963575,206.984719202495], [2.49311503851173,0.822624856520329,143.38187589327], [5.44577940000035,-3.69164765341414,293.003702769183], [4.59192452432062,3.08481550124806,305.789999839887], [6.10992882980957,8.82938169377581,340.549341218006], [5.62716920929063,1.92006116646803,350.863802872015], [4.00529389405389,6.79022177743718,13.3979204533581], [1.00884712108801,-1.3520042472135,221.169286874227], [3.45827291557572,2.70302824525812,110.271176700938]]</sensors>
<obstacles>[[6.6177802006714, 1.18988403584808], [3.0213231628295, 2.12548640230671], [2.87773324060254, 1.11857111658901], [1.47366462252103, 1.30492001725361], [3.30306780827232, 2.28403899259865], [3.6421082939487, 3.37060649134219], [1.28751653619111, 2.71681032003835], [7.04922264860943, 1.28270332608372], [7.6102263238281, 1.68384154653177], [3.81629985105246, 0.161104734521359], [1.54201103607193, 5.44322564452887]]</obstacles>
<global-best>11.4489730440261</global-best>
</iteration>
<iteration i="200">
<sensors>[[3.61772122046947,1.65345163815083,180.686080839352], [-27.7936446492168,43.7831041296451,245.113176000841], [8.99732264209927,5.50644342520079,201.971860470868], [8.99222635610511,0.445211683166503,151.989253155515], [16.8387751689486,-31.3413334873846,233.539257510474], [2.46545351420277,5.43478733193547,320.632672104966], [3.4571922349685,0.521539178315093,338.512500944939], [0.00750158450426841,3.90801211708889,350.861165038788], [0.00919872945273079,0.0833307736736146,20.7550438956558], [5.50953663945551,7.77427066353747,225.090964355565], [0.432192834844719,5.21575646416254,137.782785437922]]</sensors>
<obstacles>[[6.6177802006714, 1.18988403584808], [3.0213231628295, 2.12548640230671], [2.87773324060254, 1.11857111658901], [1.47366462252103, 1.30492001725361], [3.30306780827232, 2.28403899259865], [3.6421082939487, 3.37060649134219], [1.28751653619111, 2.71681032003835], [7.04922264860943, 1.28270332608372], [7.6102263238281, 1.68384154653177], [3.81629985105246, 0.161104734521359], [1.54201103607193, 5.44322564452887]]</obstacles>
<global-best>0.518336785616154</global-best>
</iteration>
<iterations>200</iterations>
<elapsed-time>48821</elapsed-time>
<average-time>0</average-time>
</simulation>