<?xml version="1.0" encoding="UTF-8"?>
<simulation>
<software>charlie-simulation-framework; v1.0.0; Jakob Rieke</software>
<system>Unix; Unix 18.2.0.0; 18.2.0.0</system>
<datetime>6/18/2019 6:56:20 AM</datetime>
<title>Static Sensor Positioning</title>
<meta>Author: Jakob Rieke; Version v1.3.0</meta>
<configuration>
  Zoom = 40
  SizeTeamA = 11
  SizeTeamB = 11
  FieldHeight = 9
  FieldWidth = 6
  PlayerSensorRange = 12
  PlayerSensorFOV = 56.3
  PlayerSize = 0.1555
  # The function used to optimize the problem,
  # possible values are:
  # Simplex, PSO, SPSO-2006, SPSO-2011, PSO-A-IW,
  # PSO-LD-IW, PSO-Chaotic-IW, PSO-LD-IW,
  # Evolution-Strategy, Differential-Evolution,
  # Adaptive-Differential-Evolution
  Optimizer = PSO
  </configuration>
<iteration i="0">
<sensors>[[9.36222348926848,6.04983962506128,223.808860537499], [8.82219277560329,-0.184712467097475,181.968746078234], [7.48557316682169,3.0176491398959,23.5492218453649], [10.5381697663661,7.48878439604379,27.4287885412117], [2.91638329472044,8.03407927682266,32.1406612376053], [4.72250376816152,-4.76046714418458,63.4261785746907], [8.15446423946666,1.7318381931717,301.243088855414], [5.25880244026569,5.2822786424356,321.984496595554], [6.72351833391715,2.06195224875063,256.802804415798], [6.86980663480592,-3.20811661140528,329.633706150792], [6.33660745700616,3.16723925845263,66.5964635726806]]</sensors>
<obstacles>[[1.11636789073236, 1.4937711856328], [7.88829175382853, 4.89353720191866], [4.83045488130301, 3.88070856453851], [7.8100091975648, 1.75545257795602], [2.38940527802333, 3.52470218483359], [2.5332957606297, 0.476663254201412], [4.77474550064653, 4.29455047287047], [8.83420402742922, 3.77000444987789], [0.216494016582146, 4.53771519195288], [2.86179541214369, 5.50101997191086], [3.59593128925189, 1.15251302439719]]</obstacles>
<global-best>16.054058426718</global-best>
</iteration>
<iteration i="200">
<sensors>[[20.9816837349896,39.1344862659033,230.334629011547], [8.99921907458572,4.19672558746649,179.120136872778], [2.23994221352464,-10.8569815070981,35.0883150266867], [-3.45652787539734,-20.5501104756567,-342.097998801653], [-6.26883363570505,56.6270747651913,34.0888049210095], [0.00710957985775686,0.294844664502391,59.3867472957248], [6.03563238915063,5.99903838609388,311.484380160482], [9.62051068818436,8.09663415241008,314.100195922905], [3.89476960590742,5.99984865927179,258.820272232992], [0.000164481586161766,3.5635262651246,319.194668866292], [4.64720434749432,0.00276087812738588,65.6975333843362]]</sensors>
<obstacles>[[1.11636789073236, 1.4937711856328], [7.88829175382853, 4.89353720191866], [4.83045488130301, 3.88070856453851], [7.8100091975648, 1.75545257795602], [2.38940527802333, 3.52470218483359], [2.5332957606297, 0.476663254201412], [4.77474550064653, 4.29455047287047], [8.83420402742922, 3.77000444987789], [0.216494016582146, 4.53771519195288], [2.86179541214369, 5.50101997191086], [3.59593128925189, 1.15251302439719]]</obstacles>
<global-best>0.651337117458247</global-best>
</iteration>
<iterations>200</iterations>
<elapsed-time>37347</elapsed-time>
<average-time>0</average-time>
</simulation>