<?xml version="1.0" encoding="UTF-8"?>
<simulation>
<software>charlie-simulation-framework; v1.0.0; Jakob Rieke</software>
<system>Unix; Unix 18.2.0.0; 18.2.0.0</system>
<datetime>6/18/2019 7:06:37 AM</datetime>
<title>Static Sensor Positioning</title>
<meta>Author: Jakob Rieke; Version v1.3.0</meta>
<configuration>
  Zoom = 40
  SizeTeamA = 11
  SizeTeamB = 11
  FieldHeight = 9
  FieldWidth = 6
  PlayerSensorRange = 12
  PlayerSensorFOV = 56.3
  PlayerSize = 0.1555
  # The function used to optimize the problem,
  # possible values are:
  # Simplex, PSO, SPSO-2006, SPSO-2011, PSO-A-IW,
  # PSO-LD-IW, PSO-Chaotic-IW, PSO-LD-IW,
  # Evolution-Strategy, Differential-Evolution,
  # Adaptive-Differential-Evolution
  Optimizer = PSO
  </configuration>
<iteration i="0">
<sensors>[[9.23097359089333,0.383804282951639,60.6831789936039], [0.778560404251878,-3.43931315310241,99.9033645382383], [7.25090646749253,3.10111518836532,60.6499305866477], [0.655849735842103,-1.28162241953771,18.7301427030393], [6.02847238855052,4.5882497026648,179.892784902918], [6.14282490813523,5.70586658445386,349.597929209596], [7.82955023664474,-0.772780643520629,163.254633672289], [7.44574220266897,3.85430080575918,359.433156233129], [12.9134382586456,4.39419179755462,76.3914801604893], [4.71100652934779,3.02459405246632,256.998148234104], [12.9743116121617,-1.60984593330657,328.461349702263]]</sensors>
<obstacles>[[8.72282407642342, 3.95664210710675], [4.90611260267906, 0.982051708269864], [7.88248223578557, 0.634442123584449], [6.73508158698678, 2.23442260315642], [8.80667821574025, 5.25500354357064], [2.39482670137659, 4.17679568566382], [0.379009869648144, 0.512224186677486], [2.86385662481189, 4.79092247737572], [8.13646836695261, 3.81124647287652], [4.17651160759851, 3.14530621608719], [3.03209501481615, 0.851204090751708]]</obstacles>
<global-best>7.29671885005904</global-best>
</iteration>
<iteration i="200">
<sensors>[[5.93838052895431,-0.516790020976479,56.6440617361702], [2.689282651638,0.00784069291268998,104.090432495798], [-4.29306955529795,34.1402695416249,54.2985320976626], [0.0110605471979439,0.756306748439469,15.656878409657], [8.97993675703511,0.934382844636306,173.866897153778], [0.0836016957203222,3.5888414938406,324.486274512525], [8.98690246563208,4.80374607306618,161.377339173972], [0.00221727350618292,5.09253023456976,357.155270300005], [8.96073293770609,1.74964525449368,82.8972604792769], [4.88699168257787,5.84625459048652,250.547695718995], [2.25924934967826,5.84117694443538,333.255780440111]]</sensors>
<obstacles>[[8.72282407642342, 3.95664210710675], [4.90611260267906, 0.982051708269864], [7.88248223578557, 0.634442123584449], [6.73508158698678, 2.23442260315642], [8.80667821574025, 5.25500354357064], [2.39482670137659, 4.17679568566382], [0.379009869648144, 0.512224186677486], [2.86385662481189, 4.79092247737572], [8.13646836695261, 3.81124647287652], [4.17651160759851, 3.14530621608719], [3.03209501481615, 0.851204090751708]]</obstacles>
<global-best>0.276587935004716</global-best>
</iteration>
<iterations>200</iterations>
<elapsed-time>48828</elapsed-time>
<average-time>0</average-time>
</simulation>