<?xml version="1.0" encoding="UTF-8"?>
<simulation>
<software>charlie-simulation-framework; v1.0.0; Jakob Rieke</software>
<system>Unix; Unix 18.2.0.0; 18.2.0.0</system>
<datetime>6/18/2019 6:42:36 AM</datetime>
<title>Static Sensor Positioning</title>
<meta>Author: Jakob Rieke; Version v1.3.0</meta>
<configuration>
  Zoom = 40
  SizeTeamA = 11
  SizeTeamB = 11
  FieldHeight = 9
  FieldWidth = 6
  PlayerSensorRange = 12
  PlayerSensorFOV = 56.3
  PlayerSize = 0.1555
  # The function used to optimize the problem,
  # possible values are:
  # Simplex, PSO, SPSO-2006, SPSO-2011, PSO-A-IW,
  # PSO-LD-IW, PSO-Chaotic-IW, PSO-LD-IW,
  # Evolution-Strategy, Differential-Evolution,
  # Adaptive-Differential-Evolution
  Optimizer = PSO
  </configuration>
<iteration i="0">
<sensors>[[4.75011598389901,8.15061739124491,40.5719062954146], [8.45957089925888,-0.103774129232816,210.859308112736], [8.58688101237176,5.88211723007394,57.9786410805732], [5.20741478422914,-1.03467829671311,354.265005857282], [7.49561520526954,-3.71554305701191,33.8792132763609], [4.69704428863819,6.44149946979245,142.734683110399], [3.11411636917824,5.27078619939062,290.245347397053], [2.93029152316776,3.1585860328239,296.124205142605], [9.6849256101402,3.98724090598887,85.1550164015177], [2.19645446615101,-2.40685649256432,306.231663157047], [-0.895302140191647,0.280705593264734,210.955942112537]]</sensors>
<obstacles>[[2.67025565821677, 5.9718824964948], [8.91119058430195, 1.0071549047716], [3.56018831860274, 2.16430034022778], [1.29852505750023, 0.900703383609653], [5.56736019160599, 4.67939668614417], [3.74560728832148, 4.31826704274863], [3.28797076642513, 4.6705636465922], [3.54398583993316, 1.03037031227723], [1.41133345034905, 3.77768101729453], [4.1541376572568, 2.79066527914256], [4.77217045635916, 3.96868667844683]]</obstacles>
<global-best>16.667573188368</global-best>
</iteration>
<iteration i="200">
<sensors>[[12.399792340352,11.6434581948093,35.6690648022483], [8.98338904433969,4.98801852651191,203.97691074308], [1.99660692818221,2.65190887516553,56.228286379123], [0.432549123108406,5.15908585798525,360.742509588843], [1.15831304059891,0.537019148219539,22.8903941419053], [6.04528222869737,0.00257465292709495,138.266240409777], [0.00104965583102223,5.45722950410898,286.667882582189], [2.33810352822737,2.22666302283589,318.264773207724], [-7.89337930919187,4.83945517232533,92.0726464210122], [0.622391991304139,5.98880003776469,299.449259666937], [5.953701873101,8.61567226511082,218.834790325803]]</sensors>
<obstacles>[[2.67025565821677, 5.9718824964948], [8.91119058430195, 1.0071549047716], [3.56018831860274, 2.16430034022778], [1.29852505750023, 0.900703383609653], [5.56736019160599, 4.67939668614417], [3.74560728832148, 4.31826704274863], [3.28797076642513, 4.6705636465922], [3.54398583993316, 1.03037031227723], [1.41133345034905, 3.77768101729453], [4.1541376572568, 2.79066527914256], [4.77217045635916, 3.96868667844683]]</obstacles>
<global-best>0.426550733236974</global-best>
</iteration>
<iterations>200</iterations>
<elapsed-time>51562</elapsed-time>
<average-time>0</average-time>
</simulation>