<?xml version="1.0" encoding="UTF-8"?>
<simulation>
<software>charlie-simulation-framework; v1.0.0; Jakob Rieke</software>
<system>Unix; Unix 18.2.0.0; 18.2.0.0</system>
<datetime>6/18/2019 6:53:03 AM</datetime>
<title>Static Sensor Positioning</title>
<meta>Author: Jakob Rieke; Version v1.3.0</meta>
<configuration>
  Zoom = 40
  SizeTeamA = 11
  SizeTeamB = 11
  FieldHeight = 9
  FieldWidth = 6
  PlayerSensorRange = 12
  PlayerSensorFOV = 56.3
  PlayerSize = 0.1555
  # The function used to optimize the problem,
  # possible values are:
  # Simplex, PSO, SPSO-2006, SPSO-2011, PSO-A-IW,
  # PSO-LD-IW, PSO-Chaotic-IW, PSO-LD-IW,
  # Evolution-Strategy, Differential-Evolution,
  # Adaptive-Differential-Evolution
  Optimizer = PSO
  </configuration>
<iteration i="0">
<sensors>[[10.8862877590527,2.74389458592307,355.677128761978], [7.61283421119798,0.803703636136755,93.9461322452396], [-4.32488991777274,7.80946737056831,183.810368137351], [6.51825304166862,3.15536918609444,270.877201140904], [2.21510453079957,-3.67611139684677,89.927384606414], [2.48786366109869,2.86621946590513,119.013582188606], [2.97288006533867,4.19037988777693,259.059221383698], [0.364894407095083,-0.171115341886052,297.928696846555], [9.29332517452934,10.4357833405361,201.230354964354], [7.7905719539904,2.98029434991602,79.5142656193281], [13.1428027389445,8.64013337603371,40.5083362388456]]</sensors>
<obstacles>[[8.45118083967827, 2.82827664725482], [4.89910912234336, 0.545551424380392], [1.90658437251113, 4.00852028047666], [7.87447767751291, 4.00212975544855], [7.04056429560296, 5.95913287159055], [2.27002509590238, 1.85035219788551], [2.5076759622898, 5.37411698838696], [1.12042212928645, 5.51646983670071], [3.9869297593832, 4.59810324339196], [5.13756554201245, 4.18766740104184], [7.09482225961983, 5.16959131741896]]</obstacles>
<global-best>11.4135752296587</global-best>
</iteration>
<iteration i="200">
<sensors>[[0.00991017657043259,2.36777019798903,363.184292423815], [7.94432749807002,0.00626575352865084,89.5729659730227], [2.20568360140183,10.724131632905,168.801239710597], [16.0506101718163,728.500009922773,259.833153325259], [0.513165419104392,0.00654078452971009,93.1212647193543], [1.05009195410445,20.6544817514618,115.876647141237], [0.591392074126851,5.99390067244211,269.757676858231], [2.11008710372368,5.44822282263284,301.669777993869], [6.18565187548607,5.99702217656971,207.386998414496], [6.71105526109209,0.00226152189927591,89.1602336659898], [7.14094618299674,12.0881219093505,30.4708285317204]]</sensors>
<obstacles>[[8.45118083967827, 2.82827664725482], [4.89910912234336, 0.545551424380392], [1.90658437251113, 4.00852028047666], [7.87447767751291, 4.00212975544855], [7.04056429560296, 5.95913287159055], [2.27002509590238, 1.85035219788551], [2.5076759622898, 5.37411698838696], [1.12042212928645, 5.51646983670071], [3.9869297593832, 4.59810324339196], [5.13756554201245, 4.18766740104184], [7.09482225961983, 5.16959131741896]]</obstacles>
<global-best>0.424638824423361</global-best>
</iteration>
<iterations>200</iterations>
<elapsed-time>44779</elapsed-time>
<average-time>0</average-time>
</simulation>