<?xml version="1.0" encoding="UTF-8"?>
<simulation>
<software>charlie-simulation-framework; v1.0.0; Jakob Rieke</software>
<system>Unix; Unix 18.2.0.0; 18.2.0.0</system>
<datetime>6/18/2019 6:48:22 AM</datetime>
<title>Static Sensor Positioning</title>
<meta>Author: Jakob Rieke; Version v1.3.0</meta>
<configuration>
  Zoom = 40
  SizeTeamA = 11
  SizeTeamB = 11
  FieldHeight = 9
  FieldWidth = 6
  PlayerSensorRange = 12
  PlayerSensorFOV = 56.3
  PlayerSize = 0.1555
  # The function used to optimize the problem,
  # possible values are:
  # Simplex, PSO, SPSO-2006, SPSO-2011, PSO-A-IW,
  # PSO-LD-IW, PSO-Chaotic-IW, PSO-LD-IW,
  # Evolution-Strategy, Differential-Evolution,
  # Adaptive-Differential-Evolution
  Optimizer = PSO
  </configuration>
<iteration i="0">
<sensors>[[2.28135875096711,-1.87933318203218,81.3363157158928], [11.1838484258468,3.16947212113143,91.9288959670639], [3.11754841972079,0.318188173914039,168.138472128662], [-4.3086452849149,2.79292877420974,79.1288383309763], [5.41400204397621,5.33736362492606,245.926202739987], [4.47531407762834,4.95474595422257,304.454805477034], [11.50905313864,3.89559081830178,358.641510621162], [1.75410119565068,6.17320537912269,341.480242615151], [1.71961423553877,4.47827118046554,279.784542290266], [0.866765942873912,7.60716890068511,213.99201531744], [1.5711827908738,8.53746991512264,52.2591651697694]]</sensors>
<obstacles>[[2.56514122174121, 2.80040089320391], [0.928810121258721, 3.69190581003204], [8.70553026138805, 4.34904576838017], [6.43832794739865, 3.60389677947387], [3.29983136686496, 2.63506761565804], [1.86891052359715, 3.71714719338343], [7.4515552832745, 5.04565934697166], [0.568376365816221, 5.48110968433321], [4.26446885615587, 0.0208224467933178], [2.2411372710485, 0.00785621535032988], [6.53851574216969, 5.66571512818336]]</obstacles>
<global-best>12.0724784476356</global-best>
</iteration>
<iteration i="200">
<sensors>[[7.80664011376814,0.00178273814925454,102.53356153542], [0.5476676377509,0.000549467186544903,70.8478022052856], [8.99965011052249,0.866343221723465,160.119646604867], [5.08036466417851,8.1780405995752,40.2983542910538], [7.61196574404186,-6.69168879996689,246.584296329057], [0.000846758929304385,5.11752369230789,307.466156035013], [1.69784282772405,0.449989369624618,371.097209961551], [-0.902048851085365,-0.318850277203927,345.353404159833], [2.16522726576972,5.98832845448741,275.832727976831], [-2.58910399341745,6.91803792607986,206.340220655428], [3.61115456264057,2.59700303785764,50.1837812609186]]</sensors>
<obstacles>[[2.56514122174121, 2.80040089320391], [0.928810121258721, 3.69190581003204], [8.70553026138805, 4.34904576838017], [6.43832794739865, 3.60389677947387], [3.29983136686496, 2.63506761565804], [1.86891052359715, 3.71714719338343], [7.4515552832745, 5.04565934697166], [0.568376365816221, 5.48110968433321], [4.26446885615587, 0.0208224467933178], [2.2411372710485, 0.00785621535032988], [6.53851574216969, 5.66571512818336]]</obstacles>
<global-best>0.412851386309819</global-best>
</iteration>
<iterations>200</iterations>
<elapsed-time>43475</elapsed-time>
<average-time>0</average-time>
</simulation>