<?xml version="1.0" encoding="UTF-8"?>
<simulation>
<software>charlie-simulation-framework; v1.0.0; Jakob Rieke</software>
<system>Unix; Unix 18.2.0.0; 18.2.0.0</system>
<datetime>6/18/2019 6:51:31 AM</datetime>
<title>Static Sensor Positioning</title>
<meta>Author: Jakob Rieke; Version v1.3.0</meta>
<configuration>
  Zoom = 40
  SizeTeamA = 11
  SizeTeamB = 11
  FieldHeight = 9
  FieldWidth = 6
  PlayerSensorRange = 12
  PlayerSensorFOV = 56.3
  PlayerSize = 0.1555
  # The function used to optimize the problem,
  # possible values are:
  # Simplex, PSO, SPSO-2006, SPSO-2011, PSO-A-IW,
  # PSO-LD-IW, PSO-Chaotic-IW, PSO-LD-IW,
  # Evolution-Strategy, Differential-Evolution,
  # Adaptive-Differential-Evolution
  Optimizer = PSO
  </configuration>
<iteration i="0">
<sensors>[[10.4433075974272,-1.91197307870811,83.5886759492699], [4.66875006366279,-1.66029862790454,106.27999761822], [11.1803310913353,3.23714817258527,146.043534667868], [7.24512436887538,7.05540738429079,11.3523538261823], [4.2978723446618,3.65969425295122,170.040919430052], [-0.846705141131507,5.75575942845859,62.1420714495161], [8.00325415794796,3.83004124904373,86.2605481262294], [7.56519343453921,-2.6809442941803,163.514934938244], [0.420026956441707,2.70843546305958,69.7145257419306], [7.81389006327969,5.05576971759276,196.488841246018], [-0.148153835280746,5.22511164072172,156.511974267276]]</sensors>
<obstacles>[[8.91295104799792, 0.308583778794855], [7.0260143908672, 0.614041589666158], [6.18036809004843, 3.00189542770386], [2.46754181315191, 0.753993356600404], [2.54356333846226, 2.39141086768359], [1.66125613753684, 5.53117292700335], [3.73859038646333, 3.15545805590227], [0.114053486846387, 0.975339899305254], [7.28174477093853, 5.66273005725816], [8.28974720556289, 5.53570848237723], [3.46272572991438, 3.3769617844373]]</obstacles>
<global-best>14.5600272391313</global-best>
</iteration>
<iteration i="200">
<sensors>[[17.2823843433895,4.72965353832017,73.4535958148761], [-5.72962050294841,0.737887932888582,102.320026159127], [10.8071954546005,6.40418785381833,149.327810797344], [0.00305803285378126,2.0085488099635,4.82436046794825], [8.97220551042458,2.94859186034032,176.176562005613], [5.71702024668122,0.495020112838071,63.6472219602182], [12.8011759321111,-5.654672562867,79.2547822443012], [8.67473979470892,0.0929009018960082,162.216792358326], [4.92031717296782,3.78440118669061,34.9515903683087], [4.03901988877597,5.95211627970315,238.945212285754], [8.90313268409456,4.45477039103311,161.583073408702]]</sensors>
<obstacles>[[8.91295104799792, 0.308583778794855], [7.0260143908672, 0.614041589666158], [6.18036809004843, 3.00189542770386], [2.46754181315191, 0.753993356600404], [2.54356333846226, 2.39141086768359], [1.66125613753684, 5.53117292700335], [3.73859038646333, 3.15545805590227], [0.114053486846387, 0.975339899305254], [7.28174477093853, 5.66273005725816], [8.28974720556289, 5.53570848237723], [3.46272572991438, 3.3769617844373]]</obstacles>
<global-best>0.712710027991017</global-best>
</iteration>
<iterations>200</iterations>
<elapsed-time>39862</elapsed-time>
<average-time>0</average-time>
</simulation>