<?xml version="1.0" encoding="UTF-8"?>
<simulation>
<software>charlie-simulation-framework; v1.0.0; Jakob Rieke</software>
<system>Unix; Unix 18.2.0.0; 18.2.0.0</system>
<datetime>6/18/2019 7:05:55 AM</datetime>
<title>Static Sensor Positioning</title>
<meta>Author: Jakob Rieke; Version v1.3.0</meta>
<configuration>
  Zoom = 40
  SizeTeamA = 11
  SizeTeamB = 11
  FieldHeight = 9
  FieldWidth = 6
  PlayerSensorRange = 12
  PlayerSensorFOV = 56.3
  PlayerSize = 0.1555
  # The function used to optimize the problem,
  # possible values are:
  # Simplex, PSO, SPSO-2006, SPSO-2011, PSO-A-IW,
  # PSO-LD-IW, PSO-Chaotic-IW, PSO-LD-IW,
  # Evolution-Strategy, Differential-Evolution,
  # Adaptive-Differential-Evolution
  Optimizer = PSO
  </configuration>
<iteration i="0">
<sensors>[[8.46141229632782,2.10608035331529,124.490337423849], [-2.63919123095454,5.80902690047395,154.762255243343], [9.20301986750475,-2.78930106385017,55.9211822437019], [6.69472117626789,8.01452193249789,192.34128460172], [4.38761172857701,1.78456139416274,140.167639889187], [2.19172539900036,-3.12567732450317,67.5693158535453], [2.38047840035832,2.22749181493627,271.734989159135], [3.41039410914217,3.21890427147224,138.699432088881], [7.25072210546933,-0.655111482689905,335.547887066828], [4.4900014115962,1.57037760062263,325.538191835493], [2.30216214472947,5.50979332139617,275.492155482931]]</sensors>
<obstacles>[[1.69831373845227, 1.82368763023987], [3.25256527215242, 5.84301109006628], [2.21745361480862, 0.267436451744288], [6.27608693484217, 3.83362208353356], [5.77637022687122, 2.53168654767796], [6.99081329768524, 3.97818583343178], [5.09640394966118, 2.9067299910821], [8.69867109018378, 4.63343950035051], [6.11160945449956, 4.10195391532034], [5.27193246223032, 2.18998599098995], [1.34844092954881, 5.39623269159347]]</obstacles>
<global-best>13.608295872646</global-best>
</iteration>
<iteration i="200">
<sensors>[[-4.99098128374536,1.90802541160898,144.202700887782], [-8.44668789841827,6.55141384146223,210.283367426104], [48.1516980672378,-8.36767891836995,60.5687759328839], [8.99660545319665,5.04364637028928,180.484463814076], [6.13939627938911,2.66873690018657,149.798015980297], [6.46483324170697,0.00169630862795034,61.664164423855], [0.00865258179849647,5.17652650950145,290.720049207145], [8.99435610683723,0.604859578039791,158.131399935427], [4.7175910795421,2.63054452965067,339.578421094746], [0.870030629209804,3.82839582160739,346.081982837489], [20.5294652779736,13.7320011837697,283.150349389744]]</sensors>
<obstacles>[[1.69831373845227, 1.82368763023987], [3.25256527215242, 5.84301109006628], [2.21745361480862, 0.267436451744288], [6.27608693484217, 3.83362208353356], [5.77637022687122, 2.53168654767796], [6.99081329768524, 3.97818583343178], [5.09640394966118, 2.9067299910821], [8.69867109018378, 4.63343950035051], [6.11160945449956, 4.10195391532034], [5.27193246223032, 2.18998599098995], [1.34844092954881, 5.39623269159347]]</obstacles>
<global-best>0.507761018713949</global-best>
</iteration>
<iterations>200</iterations>
<elapsed-time>41743</elapsed-time>
<average-time>0</average-time>
</simulation>