<?xml version="1.0" encoding="UTF-8"?>
<simulation>
<software>charlie-simulation-framework; v1.0.0; Jakob Rieke</software>
<system>Unix; Unix 18.2.0.0; 18.2.0.0</system>
<datetime>6/18/2019 6:43:28 AM</datetime>
<title>Static Sensor Positioning</title>
<meta>Author: Jakob Rieke; Version v1.3.0</meta>
<configuration>
  Zoom = 40
  SizeTeamA = 11
  SizeTeamB = 11
  FieldHeight = 9
  FieldWidth = 6
  PlayerSensorRange = 12
  PlayerSensorFOV = 56.3
  PlayerSize = 0.1555
  # The function used to optimize the problem,
  # possible values are:
  # Simplex, PSO, SPSO-2006, SPSO-2011, PSO-A-IW,
  # PSO-LD-IW, PSO-Chaotic-IW, PSO-LD-IW,
  # Evolution-Strategy, Differential-Evolution,
  # Adaptive-Differential-Evolution
  Optimizer = PSO
  </configuration>
<iteration i="0">
<sensors>[[8.98514264664076,5.83957531628812,272.384673577562], [4.81527031879242,4.53805057229229,217.988744701854], [3.9497087549747,5.73576119956101,6.81910371603805], [0.47194359002007,2.40281854805327,158.327439040335], [7.83101824376084,2.67441286325498,324.191658309481], [-1.60974358679845,3.62090224185522,49.9684148129266], [7.03175352847723,-1.99799215794117,253.329206798061], [5.91057449500684,0.887435288410704,269.69723204002], [8.90924410608261,-2.5864795157047,128.859729875843], [1.03527010284199,4.20812205120339,134.950471731086], [11.1431860310658,2.43391053772736,40.9889791267285]]</sensors>
<obstacles>[[6.84298077248968, 2.1460088104941], [1.44438226567581, 0.130864490289241], [2.10613837838173, 5.18192249955609], [4.88443566835485, 4.68422479229048], [7.67435703193769, 5.1570588061586], [0.495054012397304, 4.63561240257695], [4.52849494409747, 4.90805231686682], [2.03006982011721, 4.21279287384823], [0.348923049168661, 5.85181919625029], [5.82090958580375, 4.39367379248142], [4.23413567058742, 3.33765951683745]]</obstacles>
<global-best>11.0548867782817</global-best>
</iteration>
<iteration i="200">
<sensors>[[8.86519531834317,4.4525533968743,270.810715776873], [1.37912682836014,5.94880392541452,222.302380888621], [0.00681521108013734,5.33600782083681,16.9038889716816], [8.5095242843176,0.00487551572824613,160.874727181649], [3.57491575834293,5.96491177748548,342.235720991882], [0.00351138069218237,2.45456068747974,42.1915167193131], [2.69133233142668,5.92452078768521,261.189611282423], [8.98104148896785,5.52302416909462,221.165308951478], [15.7238122161166,7.3775661974929,126.825671765175], [6.42951066044698,10.7993960317516,140.768599024267], [0.267620145651522,0.713567165868488,32.0829711580233]]</sensors>
<obstacles>[[6.84298077248968, 2.1460088104941], [1.44438226567581, 0.130864490289241], [2.10613837838173, 5.18192249955609], [4.88443566835485, 4.68422479229048], [7.67435703193769, 5.1570588061586], [0.495054012397304, 4.63561240257695], [4.52849494409747, 4.90805231686682], [2.03006982011721, 4.21279287384823], [0.348923049168661, 5.85181919625029], [5.82090958580375, 4.39367379248142], [4.23413567058742, 3.33765951683745]]</obstacles>
<global-best>0.431846966789644</global-best>
</iteration>
<iterations>200</iterations>
<elapsed-time>52805</elapsed-time>
<average-time>0</average-time>
</simulation>