<?xml version="1.0" encoding="UTF-8"?>
<simulation>
<software>charlie-simulation-framework; v1.0.0; Jakob Rieke</software>
<system>Unix; Unix 18.2.0.0; 18.2.0.0</system>
<datetime>6/18/2019 7:03:31 AM</datetime>
<title>Static Sensor Positioning</title>
<meta>Author: Jakob Rieke; Version v1.3.0</meta>
<configuration>
  Zoom = 40
  SizeTeamA = 11
  SizeTeamB = 11
  FieldHeight = 9
  FieldWidth = 6
  PlayerSensorRange = 12
  PlayerSensorFOV = 56.3
  PlayerSize = 0.1555
  # The function used to optimize the problem,
  # possible values are:
  # Simplex, PSO, SPSO-2006, SPSO-2011, PSO-A-IW,
  # PSO-LD-IW, PSO-Chaotic-IW, PSO-LD-IW,
  # Evolution-Strategy, Differential-Evolution,
  # Adaptive-Differential-Evolution
  Optimizer = PSO
  </configuration>
<iteration i="0">
<sensors>[[11.966049409649,0.391614545869908,259.950108756546], [4.90545079857949,4.91016653098275,303.459757396992], [6.44924017220309,1.61814431811674,238.104141227982], [6.81528718356629,2.41301331029849,150.647365115148], [6.69253551180929,3.4091021610691,119.760825585473], [6.15635149953,5.76273758738443,258.216108423119], [3.93955135828775,-0.853164326555673,45.9820424294007], [5.15025583505417,3.51611802782436,220.47687011563], [6.76261880505236,4.88028583302168,17.5826472050571], [-3.06205995440263,0.619052490898246,258.086014643983], [9.22641372935048,1.47374596810925,-2.19226595672417E-05]]</sensors>
<obstacles>[[4.59445228474215, 0.686865429393947], [6.43952605035156, 3.55074093164876], [1.43625772674568, 4.98297724686563], [8.16109511302784, 4.4564020447433], [5.6210230384022, 5.51172784063965], [1.03367314464413, 4.55590027850121], [8.52384140831418, 3.36097038444132], [7.16679970733821, 0.775653112214059], [3.1082984379027, 5.87982260948047], [2.76266428409144, 5.65598067361861], [6.13756131241098, 3.93724701879546]]</obstacles>
<global-best>15.0488673944148</global-best>
</iteration>
<iteration i="200">
<sensors>[[14.9534038512256,1.75945168925346,275.819258300006], [3.85845714972487,5.97206833513151,314.183297551359], [8.98385146867526,5.97275015524494,243.010044599388], [8.94433440038786,0.745180029450994,144.646280776221], [13.6465101997161,2.01002649119948,112.708460022044], [5.34652380398222,-3.64503160537791,237.747598438421], [0.00470824227505509,0.94073762824048,56.1587190129691], [7.04464879175243,5.99238711408252,202.427026683581], [20.330738857341,6.66007498990403,-2.79466397883316], [2.16599450801754,-2.71647631805493,239.921274546579], [1.04998242757982,0.01012846458868,15.505209751929]]</sensors>
<obstacles>[[4.59445228474215, 0.686865429393947], [6.43952605035156, 3.55074093164876], [1.43625772674568, 4.98297724686563], [8.16109511302784, 4.4564020447433], [5.6210230384022, 5.51172784063965], [1.03367314464413, 4.55590027850121], [8.52384140831418, 3.36097038444132], [7.16679970733821, 0.775653112214059], [3.1082984379027, 5.87982260948047], [2.76266428409144, 5.65598067361861], [6.13756131241098, 3.93724701879546]]</obstacles>
<global-best>0.56822277412606</global-best>
</iteration>
<iterations>200</iterations>
<elapsed-time>43973</elapsed-time>
<average-time>0</average-time>
</simulation>