<?xml version="1.0" encoding="UTF-8"?>
<simulation>
<software>charlie-simulation-framework; v1.0.0; Jakob Rieke</software>
<system>Unix; Unix 18.2.0.0; 18.2.0.0</system>
<datetime>6/18/2019 6:54:41 AM</datetime>
<title>Static Sensor Positioning</title>
<meta>Author: Jakob Rieke; Version v1.3.0</meta>
<configuration>
  Zoom = 40
  SizeTeamA = 11
  SizeTeamB = 11
  FieldHeight = 9
  FieldWidth = 6
  PlayerSensorRange = 12
  PlayerSensorFOV = 56.3
  PlayerSize = 0.1555
  # The function used to optimize the problem,
  # possible values are:
  # Simplex, PSO, SPSO-2006, SPSO-2011, PSO-A-IW,
  # PSO-LD-IW, PSO-Chaotic-IW, PSO-LD-IW,
  # Evolution-Strategy, Differential-Evolution,
  # Adaptive-Differential-Evolution
  Optimizer = PSO
  </configuration>
<iteration i="0">
<sensors>[[10.711903971405,5.11611458110513,44.4400223789528], [3.01321804816282,0.648145968991094,278.002891624848], [4.04860372043107,0.165280497439109,4.76561515084126], [2.48450647347562,5.56030276908786,223.928217595683], [-4.31265617594377,5.75148808755675,51.0918265108296], [8.83988493485999,-2.74356435609289,357.551785292994], [8.1650308619911,2.20848490360732,39.250157642075], [10.9093662609696,5.75670185144565,236.022562533876], [3.28497298947534,7.44438747710632,241.920319554643], [4.43571870086299,-1.32575329453817,291.213723687411], [7.8919855245056,5.12111661620904,182.127963614992]]</sensors>
<obstacles>[[2.49033992970362, 1.64781641447917], [1.59765415987931, 0.340595311950892], [1.78679745434783, 4.81233682343736], [8.00027063582093, 0.702714260201901], [4.87719573872164, 2.81931441882625], [2.1061343906913, 2.42848570877686], [7.26096984674223, 2.02452366426587], [5.00189729989506, 4.6352064628154], [3.44489346980117, 4.77947170101106], [0.354220887646079, 3.74501283187419], [8.61799387447536, 3.53171837283298]]</obstacles>
<global-best>8.94481546434511</global-best>
</iteration>
<iteration i="200">
<sensors>[[0.0240041796549606,0.495838942054227,49.6857854525351], [1.93438999525989,5.98733084965903,242.139380317976], [0.0718675985017537,4.66070467432932,-1.74632479510825], [8.99933514190918,3.13817160957749,218.79633396442], [2.80234517161956,0.299954487904728,20.9215686216206], [0.475322100863407,0.00954321172627254,385.096131612864], [4.26358490123819,-1.84930901187306,31.9070377751607], [10.452188796566,13.7841820760272,272.453978175973], [-2.61786599087934,1.65991395493018,240.677954473083], [17.3376930486502,-1.4792011326993,292.069894824596], [8.96706989089189,5.06170110901821,181.854110499457]]</sensors>
<obstacles>[[2.49033992970362, 1.64781641447917], [1.59765415987931, 0.340595311950892], [1.78679745434783, 4.81233682343736], [8.00027063582093, 0.702714260201901], [4.87719573872164, 2.81931441882625], [2.1061343906913, 2.42848570877686], [7.26096984674223, 2.02452366426587], [5.00189729989506, 4.6352064628154], [3.44489346980117, 4.77947170101106], [0.354220887646079, 3.74501283187419], [8.61799387447536, 3.53171837283298]]</obstacles>
<global-best>0.564138733176149</global-best>
</iteration>
<iterations>200</iterations>
<elapsed-time>50026</elapsed-time>
<average-time>0</average-time>
</simulation>