<?xml version="1.0" encoding="UTF-8"?>
<simulation>
<software>charlie-simulation-framework; v1.0.0; Jakob Rieke</software>
<system>Unix; Unix 18.2.0.0; 18.2.0.0</system>
<datetime>6/18/2019 7:01:34 AM</datetime>
<title>Static Sensor Positioning</title>
<meta>Author: Jakob Rieke; Version v1.3.0</meta>
<configuration>
  Zoom = 40
  SizeTeamA = 11
  SizeTeamB = 11
  FieldHeight = 9
  FieldWidth = 6
  PlayerSensorRange = 12
  PlayerSensorFOV = 56.3
  PlayerSize = 0.1555
  # The function used to optimize the problem,
  # possible values are:
  # Simplex, PSO, SPSO-2006, SPSO-2011, PSO-A-IW,
  # PSO-LD-IW, PSO-Chaotic-IW, PSO-LD-IW,
  # Evolution-Strategy, Differential-Evolution,
  # Adaptive-Differential-Evolution
  Optimizer = PSO
  </configuration>
<iteration i="0">
<sensors>[[-0.544602714780002,4.34978294258115,227.091606842499], [1.99100300756602,-0.0769096142434806,340.788844376898], [5.34880441173038,2.5047795527175,111.767772770951], [9.04302004960848,1.69932058450116,93.6242383369883], [12.4476424150233,-2.5102687406427,140.061924819485], [7.23886975932913,-1.96635454706185,162.367296436431], [8.63483811720908,3.02290406212378,80.2269325779881], [6.26577223158376,-2.00404522544561,60.5124778123639], [2.0603028892045,-0.458901315826421,217.624909377458], [3.61302183187675,1.6181517181311,336.81124627056], [4.47695410842531,-3.79445516807791,32.5034659139037]]</sensors>
<obstacles>[[2.18353653908707, 5.79173536878079], [1.30638919584453, 3.75184207689017], [2.89047649735585, 1.08181082457304], [2.13640130893327, 4.99589818250388], [0.290613430319354, 0.568029095884413], [6.65967263630591, 5.04872299125418], [6.61111566564068, 1.62588505586609], [8.18335879943334, 5.64613267220557], [7.06270562508143, 4.21930429665372], [4.31056464230642, 3.88182300841436], [2.58291133632883, 4.15640309639275]]</obstacles>
<global-best>10.1626043951533</global-best>
</iteration>
<iteration i="200">
<sensors>[[-10.1222007365566,-1.35989896624562,348.11006462187], [4.72887491883765,2.58458222050871,341.542581070778], [1.42272576194635,0.00448745811763839,102.621632590618], [7.99953278297266,0.00346200156766126,108.219221419038], [7.8586694893992,2.0248329412449,143.447332451428], [8.99631179035525,4.50786212416686,160.310404919667], [5.66264801996992,-6.86036789762597,79.7104587598788], [2.9763585537363,0.0209816907500534,26.7134767606838], [5.49050800881591,5.91669348501182,228.454094603027], [0.012257209975827,3.44850597135321,324.639601684847], [1.60462658055558,6.28311805538923,46.3499338846558]]</sensors>
<obstacles>[[2.18353653908707, 5.79173536878079], [1.30638919584453, 3.75184207689017], [2.89047649735585, 1.08181082457304], [2.13640130893327, 4.99589818250388], [0.290613430319354, 0.568029095884413], [6.65967263630591, 5.04872299125418], [6.61111566564068, 1.62588505586609], [8.18335879943334, 5.64613267220557], [7.06270562508143, 4.21930429665372], [4.31056464230642, 3.88182300841436], [2.58291133632883, 4.15640309639275]]</obstacles>
<global-best>0.639032054248379</global-best>
</iteration>
<iterations>200</iterations>
<elapsed-time>50820</elapsed-time>
<average-time>0</average-time>
</simulation>