<?xml version="1.0" encoding="UTF-8"?>
<simulation>
<software>charlie-simulation-framework; v1.0.0; Jakob Rieke</software>
<system>Unix; Unix 18.2.0.0; 18.2.0.0</system>
<datetime>6/18/2019 7:08:53 AM</datetime>
<title>Static Sensor Positioning</title>
<meta>Author: Jakob Rieke; Version v1.3.0</meta>
<configuration>
  Zoom = 40
  SizeTeamA = 11
  SizeTeamB = 11
  FieldHeight = 9
  FieldWidth = 6
  PlayerSensorRange = 12
  PlayerSensorFOV = 56.3
  PlayerSize = 0.1555
  # The function used to optimize the problem,
  # possible values are:
  # Simplex, PSO, SPSO-2006, SPSO-2011, PSO-A-IW,
  # PSO-LD-IW, PSO-Chaotic-IW, PSO-LD-IW,
  # Evolution-Strategy, Differential-Evolution,
  # Adaptive-Differential-Evolution
  Optimizer = PSO
  </configuration>
<iteration i="0">
<sensors>[[3.5842954792439,7.04414625229508,303.172053264532], [0.0170081523734043,1.56673453960342,293.196805892088], [3.59977445616627,6.63183098076672,178.463026213792], [-1.01580642730205,5.66712385933705,54.9447946542158], [4.16814049937172,2.1503339730223,297.270940364596], [10.751453573168,5.20549827412401,262.585683374753], [12.9061470073581,-3.68967395859151,269.12663342739], [2.95710009034274,5.02224023931095,87.4472089649965], [8.49673324984363,5.9221165349082,268.009927000216], [10.9686197110103,7.03272548739733,350.812184892175], [4.100223835799,2.94239153330505,147.39454094756]]</sensors>
<obstacles>[[4.72857724456117, 1.966717813164], [2.19194650487043, 4.67800910258666], [8.8143201561179, 1.47106561576948], [1.00449786661193, 1.69398809038103], [3.19095087633468, 2.59194144280627], [4.92992180935107, 3.02321801986545], [1.51502803852782, 5.0557679166086], [7.97724100900814, 5.12904617283493], [1.27654692367651, 5.96038676658645], [7.63332412904128, 2.83631603233516], [5.3889714027755, 3.50937994988635]]</obstacles>
<global-best>16.2831204851882</global-best>
</iteration>
<iteration i="200">
<sensors>[[39.8833583460409,6.51275021973465,286.284346646785], [0.569262113764402,5.99401718415922,286.563785975543], [6.3099919743296,0.0400214692148153,157.620294507409], [1.77519988489673,1.70480509494726,64.0006260714348], [3.38939929005067,15.6124926237437,-787.453478821609], [3.51524310978917,9.1363812833535,235.955691039445], [8.52784684154689,5.99910895860678,274.261432810576], [0.503977764763775,1.20513688822586,92.3166150452494], [6.18937156388708,5.98524305189883,278.240693241681], [1.2981177426482,3.99644889185857,349.824600481965], [7.47034889283736,1.86140973057268,159.850384115712]]</sensors>
<obstacles>[[4.72857724456117, 1.966717813164], [2.19194650487043, 4.67800910258666], [8.8143201561179, 1.47106561576948], [1.00449786661193, 1.69398809038103], [3.19095087633468, 2.59194144280627], [4.92992180935107, 3.02321801986545], [1.51502803852782, 5.0557679166086], [7.97724100900814, 5.12904617283493], [1.27654692367651, 5.96038676658645], [7.63332412904128, 2.83631603233516], [5.3889714027755, 3.50937994988635]]</obstacles>
<global-best>0.48802054237791</global-best>
</iteration>
<iterations>200</iterations>
<elapsed-time>44508</elapsed-time>
<average-time>0</average-time>
</simulation>