<?xml version="1.0" encoding="UTF-8"?>
<simulation>
<software>charlie-simulation-framework; v1.0.0; Jakob Rieke</software>
<system>Unix; Unix 18.2.0.0; 18.2.0.0</system>
<datetime>6/18/2019 7:09:37 AM</datetime>
<title>Static Sensor Positioning</title>
<meta>Author: Jakob Rieke; Version v1.3.0</meta>
<configuration>
  Zoom = 40
  SizeTeamA = 11
  SizeTeamB = 11
  FieldHeight = 9
  FieldWidth = 6
  PlayerSensorRange = 12
  PlayerSensorFOV = 56.3
  PlayerSize = 0.1555
  # The function used to optimize the problem,
  # possible values are:
  # Simplex, PSO, SPSO-2006, SPSO-2011, PSO-A-IW,
  # PSO-LD-IW, PSO-Chaotic-IW, PSO-LD-IW,
  # Evolution-Strategy, Differential-Evolution,
  # Adaptive-Differential-Evolution
  Optimizer = PSO
  </configuration>
<iteration i="0">
<sensors>[[10.0553855762116,-1.34388336906395,217.359122006868], [0.678633837603293,1.23286002777534,232.048057927823], [9.85261610324288,6.93283403673714,107.661433537634], [3.06330130212765,3.91304086843478,58.8884871513889], [5.38755150449962,5.8974673718768,41.7813585613962], [1.71323681945676,-2.35326986922273,33.5204343265765], [12.0741646895534,3.99614848093011,276.053741262179], [7.25479958856816,3.75397108875268,255.280734328934], [5.2200553667653,5.10663464646158,327.054731019803], [2.42399706631431,3.26919592545577,33.0466899079083], [6.05031713285998,-2.64014393725417,212.918171140611]]</sensors>
<obstacles>[[8.21635854709893, 0.896086435765028], [6.16618233709596, 0.835098780691624], [0.422026670537889, 4.9800076643005], [0.620177847566083, 0.0491247265599668], [1.47829646640457, 3.41869928827509], [5.73527677729726, 0.158204227220267], [1.26918897056021, 3.89827521052212], [0.826675598043948, 4.73234591586515], [3.98863922967575, 1.49367062514648], [8.586156147765, 2.51068064756691], [1.37010892666876, 1.72415421484038]]</obstacles>
<global-best>14.4019037303706</global-best>
</iteration>
<iteration i="200">
<sensors>[[8.98021885053565,5.81294204408382,199.120294898309], [34.6242984684649,9.22859243868545,241.784473906225], [-5.75404859538504,436.507188190224,135.544007622874], [-4.34283789616324,10.4773927137179,63.2406004054573], [0.0400760766051938,0.0918382354367722,66.8401694368655], [5.28110497140142,-226.10256072212,23.7539458080075], [-18.9469466824292,-1.23002739570966,374.228191078994], [8.9600326527727,3.69257027442318,253.108671682265], [0.0975887062641669,5.99652193161225,340.41289277716], [1.00797580781242,0.0447461416488428,7.3735805951538], [-0.829060042013448,-37.0498439544672,219.80780188293]]</sensors>
<obstacles>[[8.21635854709893, 0.896086435765028], [6.16618233709596, 0.835098780691624], [0.422026670537889, 4.9800076643005], [0.620177847566083, 0.0491247265599668], [1.47829646640457, 3.41869928827509], [5.73527677729726, 0.158204227220267], [1.26918897056021, 3.89827521052212], [0.826675598043948, 4.73234591586515], [3.98863922967575, 1.49367062514648], [8.586156147765, 2.51068064756691], [1.37010892666876, 1.72415421484038]]</obstacles>
<global-best>0.270261007469412</global-best>
</iteration>
<iterations>200</iterations>
<elapsed-time>17561</elapsed-time>
<average-time>0</average-time>
</simulation>