<?xml version="1.0" encoding="UTF-8"?>
<simulation>
<software>charlie-simulation-framework; v1.0.0; Jakob Rieke</software>
<system>Unix; Unix 18.2.0.0; 18.2.0.0</system>
<datetime>6/13/2019 11:39:01 AM</datetime>
<title>Static SP with GA</title>
<meta>Author: Jakob Rieke; Version v1.3.0</meta>
<configuration>
  Zoom = 40
  SizeTeamA = 11
  SizeTeamB = 11
  FieldHeight = 9
  FieldWidth = 6
  PlayerSensorRange = 12
  PlayerSensorFOV = 56.3
  PlayerSize = 0.1555
  # The function used to optimize the problem,
  # possible values are:
  # Simplex, PSO, SPSO-2006, SPSO-2011, PSO-A-IW,
  # PSO-LD-IW, PSO-Chaotic-IW, PSO-LD-IW,
  # Evolution-Strategy, Differential-Evolution,
  # Adaptive-Differential-Evolution
  Optimizer = PSO
  </configuration>
<iteration i="0">
<sensors>[[10.9359755527622,0.141116776554912,207.297043497521], [-1.95568358168513,2.34245406792169,199.203336509355], [-1.92499997583015,5.14337551895686,65.1876539296002], [7.53891703673312,6.21897193003523,11.6047006794683], [5.91556680455655,-0.282657034151828,12.4878309858374], [2.09415621639393,5.94749704768012,300.514287680034], [5.40657059553809,6.47160882907266,23.6063678181811], [1.63108134810338,8.90952697879516,351.978799473951], [10.7078575087427,5.60796660574337,13.7489007116502], [1.61578009611588,3.33599211328686,255.326310120191], [13.3423797645401,2.08478738590841,281.35513994023]]</sensors>
<obstacles>[[1.78226525662467, 3.44589231396094], [6.71228276216425, 2.52418784005567], [5.6326275235042, 2.38643160928041], [4.68853682396002, 5.21865923842415], [2.80181439151056, 3.81788990367204], [0.270468255272135, 5.48829675838351], [1.13346726447344, 3.74695864180103], [7.93321129283868, 3.01865735650063], [6.59132706304081, 0.485503577627242], [0.936969742644578, 5.59765006089583], [8.00144263333641, 5.0652907169424]]</obstacles>
<global-best>11.6480061241995</global-best>
</iteration>
<iteration i="200">
<sensors>[[5.39815148463977,5.98776902787284,201.238312018368], [7.24269832125885,5.08211022965223,199.23364376763], [0.0471063354344323,1.33250739807213,65.2122619317621], [8.32164690662181,66.4900245952978,17.4445210443475], [0.417131209755475,0.0077472036209612,27.7141886417583], [8.98491092085907,5.85471254947481,244.621725785476], [-9.96189531503499,2.07545355967536,17.3015239421149], [1.60851352899822,5.575988457599,347.95016674263], [14.2792258638124,2.17385857628815,176.692702781138], [0.625373392629281,-38.7200916192157,267.956692029375], [7.22352863829166,2.70698932764651,280.970893596234]]</sensors>
<obstacles>[[1.78226525662467, 3.44589231396094], [6.71228276216425, 2.52418784005567], [5.6326275235042, 2.38643160928041], [4.68853682396002, 5.21865923842415], [2.80181439151056, 3.81788990367204], [0.270468255272135, 5.48829675838351], [1.13346726447344, 3.74695864180103], [7.93321129283868, 3.01865735650063], [6.59132706304081, 0.485503577627242], [0.936969742644578, 5.59765006089583], [8.00144263333641, 5.0652907169424]]</obstacles>
<global-best>0.391264611257777</global-best>
</iteration>
<iterations>200</iterations>
<elapsed-time>37400</elapsed-time>
<average-time>0</average-time>
</simulation>