<?xml version="1.0" encoding="UTF-8"?>
<simulation>
<software>charlie-simulation-framework; v1.0.0; Jakob Rieke</software>
<system>Unix; Unix 18.2.0.0; 18.2.0.0</system>
<datetime>6/13/2019 11:47:13 AM</datetime>
<title>Static SP with GA</title>
<meta>Author: Jakob Rieke; Version v1.3.0</meta>
<configuration>
  Zoom = 40
  SizeTeamA = 11
  SizeTeamB = 11
  FieldHeight = 9
  FieldWidth = 6
  PlayerSensorRange = 12
  PlayerSensorFOV = 56.3
  PlayerSize = 0.1555
  # The function used to optimize the problem,
  # possible values are:
  # Simplex, PSO, SPSO-2006, SPSO-2011, PSO-A-IW,
  # PSO-LD-IW, PSO-Chaotic-IW, PSO-LD-IW,
  # Evolution-Strategy, Differential-Evolution,
  # Adaptive-Differential-Evolution
  Optimizer = PSO
  </configuration>
<iteration i="0">
<sensors>[[-0.0630498181369492,6.0228978110519,93.9211632823029], [5.53930672518553,2.20759662431035,174.634679182945], [0.472740382868694,-1.33418926559705,259.346277523107], [1.16994780214058,-0.068906922158642,247.782913448046], [6.12889588544786,-2.43068837148067,275.411263809405], [3.80045963448476,4.61774564608712,357.259461601394], [-0.257507440195842,5.49566973175561,240.38858745678], [9.5180699804229,1.52415525109175,56.4253859324149], [4.57923963241609,5.47830471806325,174.914623447212], [3.17006245579442,0.129617989132933,22.0180734711952], [9.58511881991436,5.68192564972873,124.885782291901]]</sensors>
<obstacles>[[7.78782842075452, 5.4689900376834], [4.8860048528295, 3.12307609431446], [8.1196660164278, 4.47711838502437], [6.67200948810205, 1.14326450927183], [7.35806454531848, 0.537476002704352], [2.97390109975822, 2.6273445286788], [8.20198212680407, 5.14494395954534], [0.600203499896452, 0.457599503919482], [0.749159353086725, 2.5401860056445], [1.88716919836588, 4.71034737629816], [4.03304748306982, 0.537805672734976]]</obstacles>
<global-best>11.6398805985169</global-best>
</iteration>
<iteration i="200">
<sensors>[[2.07619913862597,0.862530869264061,83.0793516520601], [8.98732852309134,1.08390713764141,164.380549912498], [3.05367058543997,5.98862175122641,257.637597266178], [0.660194156178937,5.95984269677106,278.255335067278], [7.39815883960925,3.22247373978272,276.953826314724], [3.22267427979147,4.90324878277394,353.533133793342], [-9.31687612619412,-0.302834036522825,235.722283786987], [7.00277387997959,0.0225173358738995,53.6575603239133], [0.307426233999956,7.16303300806105,169.690642044183], [1.5909848770004,0.0746487492557222,17.210696770689], [6.63795116378852,0.001913249463035,122.657297767814]]</sensors>
<obstacles>[[7.78782842075452, 5.4689900376834], [4.8860048528295, 3.12307609431446], [8.1196660164278, 4.47711838502437], [6.67200948810205, 1.14326450927183], [7.35806454531848, 0.537476002704352], [2.97390109975822, 2.6273445286788], [8.20198212680407, 5.14494395954534], [0.600203499896452, 0.457599503919482], [0.749159353086725, 2.5401860056445], [1.88716919836588, 4.71034737629816], [4.03304748306982, 0.537805672734976]]</obstacles>
<global-best>0.69713191298406</global-best>
</iteration>
<iterations>200</iterations>
<elapsed-time>56876</elapsed-time>
<average-time>0</average-time>
</simulation>