<?xml version="1.0" encoding="UTF-8"?>
<simulation>
<software>charlie-simulation-framework; v1.0.0; Jakob Rieke</software>
<system>Unix; Unix 18.2.0.0; 18.2.0.0</system>
<datetime>6/13/2019 11:55:13 AM</datetime>
<title>Static SP with GA</title>
<meta>Author: Jakob Rieke; Version v1.3.0</meta>
<configuration>
  Zoom = 40
  SizeTeamA = 11
  SizeTeamB = 11
  FieldHeight = 9
  FieldWidth = 6
  PlayerSensorRange = 12
  PlayerSensorFOV = 56.3
  PlayerSize = 0.1555
  # The function used to optimize the problem,
  # possible values are:
  # Simplex, PSO, SPSO-2006, SPSO-2011, PSO-A-IW,
  # PSO-LD-IW, PSO-Chaotic-IW, PSO-LD-IW,
  # Evolution-Strategy, Differential-Evolution,
  # Adaptive-Differential-Evolution
  Optimizer = PSO
  </configuration>
<iteration i="0">
<sensors>[[4.18947450800202,1.30771522296381,98.1430926805621], [5.5622034255386,0.526616201206828,268.298229214505], [9.89216484881004,2.42991651281166,139.107289633069], [11.5972477245478,2.45893308602072,48.2956420396558], [-0.738986826799437,2.56279040811663,274.539762929525], [3.63768924035382,-3.21232428818488,244.234226132982], [3.25553122748482,2.25731752103673,48.6505504279126], [3.52306950548729,-2.45388170863828,151.338061768011], [2.05104209626568,7.22018825418293,147.6846965752], [4.83882311499358,5.60970848569623,214.095086317785], [6.56976715639078,5.57688296953835,5.65027595784756]]</sensors>
<obstacles>[[0.213827661937103, 5.51642709458247], [7.37445389432833, 4.60925769712776], [0.713104192167521, 2.82364696310833], [4.99451156286523, 2.21740989200771], [2.72516846470535, 0.832912126556039], [8.62048352183774, 3.39523308724165], [6.18523031054065, 4.86671907361597], [2.24349176860414, 1.67888225242496], [4.9594562749844, 5.72791619645432], [5.4427724336274, 5.73872681334615], [1.58937554690056, 4.20350091671571]]</obstacles>
<global-best>18.2747339478065</global-best>
</iteration>
<iteration i="200">
<sensors>[[1.95310387978009,18.2212905762616,116.53390587581], [7.71324620856102,5.99447427438193,284.232104407185], [5.51345897231995,0.0413144966585284,132.658193154288], [3.38866379546788,2.53919518194555,41.8777520796632], [3.92719948321887,-10.6282250584045,270.564751629579], [7.2609305167798,5.99340794009725,241.847141110143], [-22.1208656334807,10.4481894344339,66.6146627693408], [8.91536931961674,0.49579409766926,156.371781356361], [0.031492855584908,7.96493655217343,164.93511404837], [8.99509394218975,3.14210721657229,200.59062779902], [45.0795396933943,-4.05936214135545,15.5718182544178]]</sensors>
<obstacles>[[0.213827661937103, 5.51642709458247], [7.37445389432833, 4.60925769712776], [0.713104192167521, 2.82364696310833], [4.99451156286523, 2.21740989200771], [2.72516846470535, 0.832912126556039], [8.62048352183774, 3.39523308724165], [6.18523031054065, 4.86671907361597], [2.24349176860414, 1.67888225242496], [4.9594562749844, 5.72791619645432], [5.4427724336274, 5.73872681334615], [1.58937554690056, 4.20350091671571]]</obstacles>
<global-best>1.78014513379198</global-best>
</iteration>
<iterations>200</iterations>
<elapsed-time>35645</elapsed-time>
<average-time>0</average-time>
</simulation>