<?xml version="1.0" encoding="UTF-8"?>
<simulation>
<software>charlie-simulation-framework; v1.0.0; Jakob Rieke</software>
<system>Unix; Unix 18.2.0.0; 18.2.0.0</system>
<datetime>6/13/2019 11:38:12 AM</datetime>
<title>Static SP with GA</title>
<meta>Author: Jakob Rieke; Version v1.3.0</meta>
<configuration>
  Zoom = 40
  SizeTeamA = 11
  SizeTeamB = 11
  FieldHeight = 9
  FieldWidth = 6
  PlayerSensorRange = 12
  PlayerSensorFOV = 56.3
  PlayerSize = 0.1555
  # The function used to optimize the problem,
  # possible values are:
  # Simplex, PSO, SPSO-2006, SPSO-2011, PSO-A-IW,
  # PSO-LD-IW, PSO-Chaotic-IW, PSO-LD-IW,
  # Evolution-Strategy, Differential-Evolution,
  # Adaptive-Differential-Evolution
  Optimizer = PSO
  </configuration>
<iteration i="0">
<sensors>[[12.809850351181,6.73253007377755,108.844630254404], [4.25111355980981,4.91603476667862,92.4298160381139], [0.634460034865405,4.121430927834,198.958082361064], [6.77340103663021,2.52168093227822,337.892483224207], [1.92013575462755,0.0819779304066302,277.773897568547], [0.535334093804869,2.30467024334266,24.0744356903878], [-0.770257511977118,3.94372758730736,226.916013865314], [2.81447166855603,0.658816860233328,298.798424409668], [2.21465182274045,10.480533018183,261.409653791779], [7.65023513848977,3.05456912921344,351.756605515366], [6.19776241307751,4.36216869324978,151.584626566901]]</sensors>
<obstacles>[[2.45907259988599, 2.7849287269637], [1.94076292798854, 3.92776790214702], [6.5904380553402, 4.86620922200382], [2.07519934675656, 2.41823521396145], [0.729190353071317, 3.2946841455996], [3.57170219952241, 1.59717379370704], [5.75188247160986, 3.4013055623509], [3.11582660023123, 4.41923212632537], [1.85042443312705, 0.56918005971238], [8.47368064220063, 5.32100752461702], [4.09704728680663, 5.43710999703035]]</obstacles>
<global-best>16.8760482256341</global-best>
</iteration>
<iteration i="200">
<sensors>[[7.86947068763771,-32.5549844573199,106.716820302544], [5.15293750994545,0.370154584049368,73.9985088790204], [8.99356443800315,2.0511314423714,179.077661962069], [13.7551889674557,12.0028051444147,340.599294836648], [10.4404364657539,-18.9455473467248,265.305509995872], [1.88394763116136,1.89137061605595,10.5732191962157], [7.72979843435239,5.99514505833595,222.917575693531], [7.14481031890643,-3.47785118069285,312.023274188078], [0.935095037915637,5.98440296421148,270.315950027332], [0.0114396046919365,5.74889470840368,352.545608661125], [8.98844538137879,0.0772257461615825,156.626840705797]]</sensors>
<obstacles>[[2.45907259988599, 2.7849287269637], [1.94076292798854, 3.92776790214702], [6.5904380553402, 4.86620922200382], [2.07519934675656, 2.41823521396145], [0.729190353071317, 3.2946841455996], [3.57170219952241, 1.59717379370704], [5.75188247160986, 3.4013055623509], [3.11582660023123, 4.41923212632537], [1.85042443312705, 0.56918005971238], [8.47368064220063, 5.32100752461702], [4.09704728680663, 5.43710999703035]]</obstacles>
<global-best>0.269978755823861</global-best>
</iteration>
<iterations>200</iterations>
<elapsed-time>49377</elapsed-time>
<average-time>0</average-time>
</simulation>