<?xml version="1.0" encoding="UTF-8"?>
<simulation>
<software>charlie-simulation-framework; v1.0.0; Jakob Rieke</software>
<system>Unix; Unix 18.2.0.0; 18.2.0.0</system>
<datetime>6/13/2019 11:35:39 AM</datetime>
<title>Static SP with GA</title>
<meta>Author: Jakob Rieke; Version v1.3.0</meta>
<configuration>
  Zoom = 40
  SizeTeamA = 11
  SizeTeamB = 11
  FieldHeight = 9
  FieldWidth = 6
  PlayerSensorRange = 12
  PlayerSensorFOV = 56.3
  PlayerSize = 0.1555
  # The function used to optimize the problem,
  # possible values are:
  # Simplex, PSO, SPSO-2006, SPSO-2011, PSO-A-IW,
  # PSO-LD-IW, PSO-Chaotic-IW, PSO-LD-IW,
  # Evolution-Strategy, Differential-Evolution,
  # Adaptive-Differential-Evolution
  Optimizer = PSO
  </configuration>
<iteration i="0">
<sensors>[[6.46876923167079,-1.94750817560364,128.705785386015], [-1.35979283987582,3.73090166900068,310.148357629054], [9.17509475209815,5.08909562358219,212.668114389849], [5.25018399847156,5.31252358209441,35.5559685606898], [3.09191054666308,5.70427865310692,117.063094816033], [5.33657006575728,2.64895146727774,103.605450811456], [-2.51299616936695,2.33175243646702,129.469530589649], [4.82537849535141,3.06110997793893,121.525493965028], [-3.11135743557359,5.65732391290029,97.558485164768], [-2.8401055768099,-1.59842784403901,266.496650882753], [2.77047664563198,3.20626581024414,251.291672368029]]</sensors>
<obstacles>[[1.01591805671342, 5.86845437251031], [3.64145492669195, 3.2825989429839], [5.86939642089419, 5.76146832760423], [7.3547142483294, 3.52798464149237], [0.761788754258305, 0.827009366825223], [1.58150178403594, 2.14427345059812], [3.02543015917763, 2.01989935012534], [1.95790489856154, 5.62198779266328], [0.82334863836877, 5.1101164938882], [7.80436595133506, 4.35024053603411], [6.83666730928235, 1.16134579852223]]</obstacles>
<global-best>11.3285747762219</global-best>
</iteration>
<iteration i="200">
<sensors>[[-8.29915140138711,-16.0798634162756,140.29011931209], [3.01722606182459,5.98655771157168,334.235221415841], [8.87240250251454,5.30794874819772,196.315303293513], [2.73665469604074,0.0066935802654694,42.2314126957099], [6.53391976921923,-18.1681343226981,123.874559656623], [-4.44024883607143,-4.54717719579397,125.606036568357], [0.000207328070536876,0.118647716266688,62.1629150183635], [8.99441828661798,0.203290579626375,163.035064709587], [0.453931642965839,8.3837032164313,91.5213514900989], [2.53294987660829,5.99614030697819,267.315621805381], [-23.796272506066,-40.9113410132784,452.212491367529]]</sensors>
<obstacles>[[1.01591805671342, 5.86845437251031], [3.64145492669195, 3.2825989429839], [5.86939642089419, 5.76146832760423], [7.3547142483294, 3.52798464149237], [0.761788754258305, 0.827009366825223], [1.58150178403594, 2.14427345059812], [3.02543015917763, 2.01989935012534], [1.95790489856154, 5.62198779266328], [0.82334863836877, 5.1101164938882], [7.80436595133506, 4.35024053603411], [6.83666730928235, 1.16134579852223]]</obstacles>
<global-best>0.453608000887913</global-best>
</iteration>
<iterations>200</iterations>
<elapsed-time>33813</elapsed-time>
<average-time>0</average-time>
</simulation>