<?xml version="1.0" encoding="UTF-8"?>
<simulation>
<software>charlie-simulation-framework; v1.0.0; Jakob Rieke</software>
<system>Unix; Unix 18.2.0.0; 18.2.0.0</system>
<datetime>6/13/2019 11:55:49 AM</datetime>
<title>Static SP with GA</title>
<meta>Author: Jakob Rieke; Version v1.3.0</meta>
<configuration>
  Zoom = 40
  SizeTeamA = 11
  SizeTeamB = 11
  FieldHeight = 9
  FieldWidth = 6
  PlayerSensorRange = 12
  PlayerSensorFOV = 56.3
  PlayerSize = 0.1555
  # The function used to optimize the problem,
  # possible values are:
  # Simplex, PSO, SPSO-2006, SPSO-2011, PSO-A-IW,
  # PSO-LD-IW, PSO-Chaotic-IW, PSO-LD-IW,
  # Evolution-Strategy, Differential-Evolution,
  # Adaptive-Differential-Evolution
  Optimizer = PSO
  </configuration>
<iteration i="0">
<sensors>[[1.07747081035637,8.02291146097003,40.6302979163597], [5.94662863184686,5.11271053768888,149.402169544831], [3.86702009296172,4.1313791299095,329.163203828016], [9.95432254303959,7.27260828479819,80.4038227105301], [3.42219834574698,1.79912989363485,86.9391682018297], [-0.534077807963952,6.38910010640122,59.8676072574487], [10.1912629448892,1.78478462740655,270.754357828937], [0.0720522223562106,-2.003595729694,100.60723885136], [9.8533076783424,-0.180307892751969,31.9296037126615], [8.65025116545939,1.42028227737005,41.8812708613538], [9.20974420977863,10.4342837412662,339.06162585406]]</sensors>
<obstacles>[[2.43142880033702, 5.05756260920316], [0.33466123463586, 3.33453420829028], [0.748369478154927, 5.34727845573798], [0.00224959803745151, 4.46833141660318], [0.838759515434504, 2.82354356534779], [7.85125780035742, 1.35068406863138], [8.11132945306599, 1.81692871358246], [1.17618087725714, 2.47805135836825], [0.649581519886851, 1.50784481316805], [2.78864896972664, 2.07585203507915], [2.6980857392773, 5.9733207304962]]</obstacles>
<global-best>15.7355056204368</global-best>
</iteration>
<iteration i="200">
<sensors>[[-281.627306348931,-0.194455834258671,77.5899136400884], [8.93516178229775,0.0879017767126734,161.854242261253], [0.00461350014900525,0.526938749261574,342.395643204196], [-60.9063918557926,33.3341293383276,49.4298505352824], [0.0150148226393346,4.8035745974722,72.1148021237531], [-16.2986537448098,8.04757812371751,42.2567884459682], [3.00495446655391,-235.268441923737,289.388344772311], [0.00461686008363284,1.20778987334672,64.357100270801], [26.011920439376,-11.6166866566922,32.4298891815065], [1.32363227704946,2.11467190456679,55.7869064808416], [0.00430745113393231,3.9005619483055,344.931068441317]]</sensors>
<obstacles>[[2.43142880033702, 5.05756260920316], [0.33466123463586, 3.33453420829028], [0.748369478154927, 5.34727845573798], [0.00224959803745151, 4.46833141660318], [0.838759515434504, 2.82354356534779], [7.85125780035742, 1.35068406863138], [8.11132945306599, 1.81692871358246], [1.17618087725714, 2.47805135836825], [0.649581519886851, 1.50784481316805], [2.78864896972664, 2.07585203507915], [2.6980857392773, 5.9733207304962]]</obstacles>
<global-best>0.751032527241006</global-best>
</iteration>
<iterations>200</iterations>
<elapsed-time>25828</elapsed-time>
<average-time>0</average-time>
</simulation>