<?xml version="1.0" encoding="UTF-8"?>
<simulation>
<software>charlie-simulation-framework; v1.0.0; Jakob Rieke</software>
<system>Unix; Unix 18.2.0.0; 18.2.0.0</system>
<datetime>6/13/2019 11:29:23 AM</datetime>
<title>Static SP with GA</title>
<meta>Author: Jakob Rieke; Version v1.3.0</meta>
<configuration>
  Zoom = 40
  SizeTeamA = 11
  SizeTeamB = 11
  FieldHeight = 9
  FieldWidth = 6
  PlayerSensorRange = 12
  PlayerSensorFOV = 56.3
  PlayerSize = 0.1555
  # The function used to optimize the problem,
  # possible values are:
  # Simplex, PSO, SPSO-2006, SPSO-2011, PSO-A-IW,
  # PSO-LD-IW, PSO-Chaotic-IW, PSO-LD-IW,
  # Evolution-Strategy, Differential-Evolution,
  # Adaptive-Differential-Evolution
  Optimizer = PSO
  </configuration>
<iteration i="0">
<sensors>[[2.09460091005033,6.13780938548933,79.8026818853336], [12.3186144310432,0.641500891176493,88.9950011011385], [0.57721695262692,2.20893532003625,169.981863425844], [7.42293204955532,0.768706851568848,259.293426326431], [4.58121268964046,1.2680462339275,286.471344890633], [-2.17607957588363,0.12185452021207,313.747233435061], [9.48223346841775,2.91121251485329,85.1008937864838], [9.23371503263458,6.20594800306345,261.406684308867], [3.50782783157323,6.29092681728989,26.5475039063152], [1.43321193767523,-0.98478593172975,190.311628709089], [4.6656901942127,1.27980024897935,276.589330936718]]</sensors>
<obstacles>[[4.58619364583865, 2.80971996998414], [0.538269265322015, 2.37914391607046], [0.0645072651095688, 1.01321531413123], [2.9368169659283, 3.39202054683119], [3.61593029019423, 1.97397573804483], [8.51924235653132, 5.53126535145566], [4.49061921914108, 0.864498518407345], [3.37114237365313, 2.42632300034165], [6.47743384237401, 4.34765968238935], [2.28399278526194, 5.77782855927944], [4.16080530406907, 5.15495056053624]]</obstacles>
<global-best>16.33914480926</global-best>
</iteration>
<iteration i="200">
<sensors>[[8.39736895606644,0.0102702692603312,86.9836996523], [5.64225709289562,0.00735808654302674,90.9768671971272], [8.37129307074728,15.9738820128319,56.4171769055222], [0.564639315625603,5.99611383802498,258.059481452701], [4.98350517692948,5.99628801954102,295.952903068918], [0.00399240557027949,3.66402783325737,330.226474087694], [0.352852395528188,1.18652760528283,73.0645643814526], [10.3337895243095,30.992743472803,169.082991797346], [6.09435739461578,52.0742513835902,25.9975026541112], [8.97454452611875,2.24662053640743,174.011314087869], [2.17630307884866,10.5355430862017,253.24617366227]]</sensors>
<obstacles>[[4.58619364583865, 2.80971996998414], [0.538269265322015, 2.37914391607046], [0.0645072651095688, 1.01321531413123], [2.9368169659283, 3.39202054683119], [3.61593029019423, 1.97397573804483], [8.51924235653132, 5.53126535145566], [4.49061921914108, 0.864498518407345], [3.37114237365313, 2.42632300034165], [6.47743384237401, 4.34765968238935], [2.28399278526194, 5.77782855927944], [4.16080530406907, 5.15495056053624]]</obstacles>
<global-best>0.286284795058038</global-best>
</iteration>
<iterations>200</iterations>
<elapsed-time>41978</elapsed-time>
<average-time>0</average-time>
</simulation>