<?xml version="1.0" encoding="UTF-8"?>
<simulation>
<software>charlie-simulation-framework; v1.0.0; Jakob Rieke</software>
<system>Unix; Unix 18.2.0.0; 18.2.0.0</system>
<datetime>6/13/2019 11:30:05 AM</datetime>
<title>Static SP with GA</title>
<meta>Author: Jakob Rieke; Version v1.3.0</meta>
<configuration>
  Zoom = 40
  SizeTeamA = 11
  SizeTeamB = 11
  FieldHeight = 9
  FieldWidth = 6
  PlayerSensorRange = 12
  PlayerSensorFOV = 56.3
  PlayerSize = 0.1555
  # The function used to optimize the problem,
  # possible values are:
  # Simplex, PSO, SPSO-2006, SPSO-2011, PSO-A-IW,
  # PSO-LD-IW, PSO-Chaotic-IW, PSO-LD-IW,
  # Evolution-Strategy, Differential-Evolution,
  # Adaptive-Differential-Evolution
  Optimizer = PSO
  </configuration>
<iteration i="0">
<sensors>[[-1.57582472985305,4.38534791618719,68.4400976903695], [9.79558262520241,-1.01789659616207,45.2830850708733], [5.34352867137177,3.27137909559666,69.2980901774913], [8.05982651327994,2.54449458414135,92.9534074837047], [4.85591673479253,-1.63650566962222,155.877221924295], [7.08186656412776,5.3189635914657,346.623738893328], [2.3254018301514,2.00589417633388,359.83490288409], [9.53477011079703,0.641093552247864,158.306435859176], [10.2689705085347,4.30804864840945,271.124843455586], [-2.05354122578359,-0.797968430381503,212.885566926376], [-2.83938091554724,5.25169194370422,76.2789736199693]]</sensors>
<obstacles>[[0.478525446262211, 1.70576618565246], [6.2412913099397, 1.63152747228742], [8.30155199510045, 4.85615847632289], [0.816572957206517, 0.778656652662903], [5.12668857676908, 5.63782891770825], [2.10260952380486, 4.8115901062265], [1.6841544136405, 4.46101495670155], [8.7421256757807, 3.94845989719033], [0.82552613527514, 0.308270405977964], [1.34981469833292, 0.15639280853793], [3.47904482390732, 1.53608678933233]]</obstacles>
<global-best>8.37707978117442</global-best>
</iteration>
<iteration i="200">
<sensors>[[8.40977807815944,-16.0747196092739,63.9713037796428], [0.00260696444853563,0.0557866434152315,24.1858322942345], [0.021709091866993,1.20049760752255,67.5464720134467], [7.86236503312002,7.72638631576431,98.6112858193399], [-61.5077420941634,-8.30487705517341,146.304041348749], [0.0156050405743737,5.98856478820868,340.875843402014], [3.69705477471335,0.0072012631897796,359.589272263476], [8.98178286595677,0.983948733822471,160.982530289743], [46.3418999837815,23.7548408896845,275.693111109171], [8.98489974857943,5.98907574471116,212.035638851138], [4.6390799858652,14.5624244677961,90.0894751257575]]</sensors>
<obstacles>[[0.478525446262211, 1.70576618565246], [6.2412913099397, 1.63152747228742], [8.30155199510045, 4.85615847632289], [0.816572957206517, 0.778656652662903], [5.12668857676908, 5.63782891770825], [2.10260952380486, 4.8115901062265], [1.6841544136405, 4.46101495670155], [8.7421256757807, 3.94845989719033], [0.82552613527514, 0.308270405977964], [1.34981469833292, 0.15639280853793], [3.47904482390732, 1.53608678933233]]</obstacles>
<global-best>0.512030432598776</global-best>
</iteration>
<iterations>200</iterations>
<elapsed-time>34553</elapsed-time>
<average-time>0</average-time>
</simulation>