<?xml version="1.0" encoding="UTF-8"?>
<simulation>
<software>charlie-simulation-framework; v1.0.0; Jakob Rieke</software>
<system>Unix; Unix 18.2.0.0; 18.2.0.0</system>
<datetime>6/13/2019 11:37:39 AM</datetime>
<title>Static SP with GA</title>
<meta>Author: Jakob Rieke; Version v1.3.0</meta>
<configuration>
  Zoom = 40
  SizeTeamA = 11
  SizeTeamB = 11
  FieldHeight = 9
  FieldWidth = 6
  PlayerSensorRange = 12
  PlayerSensorFOV = 56.3
  PlayerSize = 0.1555
  # The function used to optimize the problem,
  # possible values are:
  # Simplex, PSO, SPSO-2006, SPSO-2011, PSO-A-IW,
  # PSO-LD-IW, PSO-Chaotic-IW, PSO-LD-IW,
  # Evolution-Strategy, Differential-Evolution,
  # Adaptive-Differential-Evolution
  Optimizer = PSO
  </configuration>
<iteration i="0">
<sensors>[[8.97432434100362,4.73546445773028,201.290866516251], [6.13249199559805,-4.82334457523085,25.4681391078168], [6.98501005874117,6.11437426755369,289.331584022653], [1.44323177128616,1.15275779013332,333.338876340843], [3.65324496188247,5.10771993376814,273.364859788169], [2.60487311425148,6.84133307952621,360.768676911842], [3.40641399201111,4.23631707819622,257.201261733552], [3.97497248583426,-0.99112632361688,270.780639745484], [3.83439311863027,5.20927148292636,162.847752196766], [5.34515567697558,6.40058432577562,201.660073915403], [5.214158622958,9.32247504646423,196.379599259323]]</sensors>
<obstacles>[[0.966082623694092, 4.89058025786653], [5.10930181690492, 0.924183087889105], [7.35764300054871, 0.0858296868391335], [1.820480362745, 4.86819059075788], [4.41565941693261, 0.491781706921756], [7.89466209034435, 3.03812357503921], [0.610639512073249, 0.53516595158726], [2.5714141856879, 4.47479592449963], [2.45870796823874, 3.72305636806414], [5.44118993659504, 5.14487947337329], [5.78159392531961, 1.82573101390153]]</obstacles>
<global-best>10.9172267666464</global-best>
</iteration>
<iteration i="200">
<sensors>[[8.97776035147652,1.09432358575203,180.681753574883], [7.78565923674421,-1269.89689655015,38.1065528028514], [2.56570787819026,14.8329329643497,282.164781600772], [0.072525406361627,3.46622389664601,331.575953119522], [8.13724349940087,13.2312202771041,268.515894758041], [0.131608851523172,5.55642586357471,338.990375189816], [-5.74871264127228,3.63284448823552,248.97907684509], [-176.561841601287,-4.73938501098486,268.313136193427], [8.98514604818286,2.45670803552296,170.707262733662], [8.92516800332955,5.97228038151431,201.314253349514], [8.98365322960346,5.14025624710567,203.638377738895]]</sensors>
<obstacles>[[0.966082623694092, 4.89058025786653], [5.10930181690492, 0.924183087889105], [7.35764300054871, 0.0858296868391335], [1.820480362745, 4.86819059075788], [4.41565941693261, 0.491781706921756], [7.89466209034435, 3.03812357503921], [0.610639512073249, 0.53516595158726], [2.5714141856879, 4.47479592449963], [2.45870796823874, 3.72305636806414], [5.44118993659504, 5.14487947337329], [5.78159392531961, 1.82573101390153]]</obstacles>
<global-best>0.786800614790073</global-best>
</iteration>
<iterations>200</iterations>
<elapsed-time>32774</elapsed-time>
<average-time>0</average-time>
</simulation>