<?xml version="1.0" encoding="UTF-8"?>
<simulation>
<software>charlie-simulation-framework; v1.0.0; Jakob Rieke</software>
<system>Unix; Unix 18.2.0.0; 18.2.0.0</system>
<datetime>6/13/2019 11:44:44 AM</datetime>
<title>Static SP with GA</title>
<meta>Author: Jakob Rieke; Version v1.3.0</meta>
<configuration>
  Zoom = 40
  SizeTeamA = 11
  SizeTeamB = 11
  FieldHeight = 9
  FieldWidth = 6
  PlayerSensorRange = 12
  PlayerSensorFOV = 56.3
  PlayerSize = 0.1555
  # The function used to optimize the problem,
  # possible values are:
  # Simplex, PSO, SPSO-2006, SPSO-2011, PSO-A-IW,
  # PSO-LD-IW, PSO-Chaotic-IW, PSO-LD-IW,
  # Evolution-Strategy, Differential-Evolution,
  # Adaptive-Differential-Evolution
  Optimizer = PSO
  </configuration>
<iteration i="0">
<sensors>[[2.51605165790885,5.18525989287373,299.769195600982], [1.93426363387046,7.63929816604731,204.259280459284], [3.16484362024847,-1.87513717695667,238.379777895282], [3.3157073886722,-3.75216737527995,10.0089037891399], [-1.47325127915631,3.83651267646558,302.950332958098], [9.40982602622596,4.80575458371211,214.42222028152], [3.93933614548222,6.57178769194226,353.729584570932], [9.89894221694014,-2.29378009636645,140.924267325372], [7.4523054206538,-2.10043296434474,116.43770592363], [5.75822180737318,5.20989070982773,307.592602136912], [5.58627084049642,7.14653589402899,330.175685940554]]</sensors>
<obstacles>[[2.00670817354694, 3.00586203066632], [7.5920842224732, 4.21776583883911], [6.55356364091858, 2.6176247689873], [3.06389314541593, 3.90068871388212], [6.65183425135911, 2.02223440306261], [3.75465040421113, 4.89375418843701], [4.34416210558265, 2.16718672821298], [8.59113570232876, 4.40574275935069], [1.83715078840032, 5.25557476049289], [3.59493817412294, 1.45376896765083], [7.49652965250425, 3.09519622055814]]</obstacles>
<global-best>13.5170364092425</global-best>
</iteration>
<iteration i="200">
<sensors>[[6.43613226306324,-10.824902765297,301.932409953713], [8.98664059148074,5.74542852699776,203.76018293934], [8.74709714404234,-2.84264401077792,237.948096993967], [1.14241305263536,2.59693224156764E-05,8.75202552312517], [2.54271619690482,5.99588800784884,332.021313394909], [8.95411801347209,2.6562959254767,190.292745683292], [0.0126609964171022,5.27750104838627,346.4527096801], [-11.2451926870319,8.92706541628838,335.161915298879], [2.76795469247493,0.00203190836783504,117.319049778656], [3.34345654475802,4.43397217552313,303.00085422842], [675.007898416202,8.79320679362047,315.173126565115]]</sensors>
<obstacles>[[2.00670817354694, 3.00586203066632], [7.5920842224732, 4.21776583883911], [6.55356364091858, 2.6176247689873], [3.06389314541593, 3.90068871388212], [6.65183425135911, 2.02223440306261], [3.75465040421113, 4.89375418843701], [4.34416210558265, 2.16718672821298], [8.59113570232876, 4.40574275935069], [1.83715078840032, 5.25557476049289], [3.59493817412294, 1.45376896765083], [7.49652965250425, 3.09519622055814]]</obstacles>
<global-best>0.68378714061985</global-best>
</iteration>
<iterations>200</iterations>
<elapsed-time>45051</elapsed-time>
<average-time>0</average-time>
</simulation>