<?xml version="1.0" encoding="UTF-8"?>
<simulation>
<software>charlie-simulation-framework; v1.0.0; Jakob Rieke</software>
<system>Unix; Unix 18.2.0.0; 18.2.0.0</system>
<datetime>6/13/2019 11:41:23 AM</datetime>
<title>Static SP with GA</title>
<meta>Author: Jakob Rieke; Version v1.3.0</meta>
<configuration>
  Zoom = 40
  SizeTeamA = 11
  SizeTeamB = 11
  FieldHeight = 9
  FieldWidth = 6
  PlayerSensorRange = 12
  PlayerSensorFOV = 56.3
  PlayerSize = 0.1555
  # The function used to optimize the problem,
  # possible values are:
  # Simplex, PSO, SPSO-2006, SPSO-2011, PSO-A-IW,
  # PSO-LD-IW, PSO-Chaotic-IW, PSO-LD-IW,
  # Evolution-Strategy, Differential-Evolution,
  # Adaptive-Differential-Evolution
  Optimizer = PSO
  </configuration>
<iteration i="0">
<sensors>[[2.2986279596228,4.92306330001054,168.63169536078], [4.80269762715874,1.16300864905419,42.8634016355836], [4.46353717341887,5.62916844260306,287.541516635588], [3.51784154964574,7.39768453310318,265.363975873544], [0.627835726697232,5.07840940110028,209.702094031342], [7.69189162796608,0.903503796561787,168.325526530052], [2.1051427861468,-0.249082814986774,128.07049029973], [2.62245249400524,6.60034919241914,305.995871791832], [8.47618645551395,0.19794776763246,104.967817274606], [4.76146664897335,-0.480572669240646,243.784395851411], [5.53344139164108,-0.416694462378195,3.96374547712473]]</sensors>
<obstacles>[[8.75579659338109, 2.95569069776684], [6.80144424922764, 4.22830269997939], [7.17519089556299, 3.20301759755239], [1.8574641274754, 5.55250634159893], [3.63699732790701, 5.48419418139383], [8.34423583955504, 3.24800392007455], [7.81552774831653, 2.3612795448862], [3.52046608971432, 0.0723633687011898], [3.10011231712997, 4.04793830495328], [7.0755464702379, 5.83029487542808], [0.524571504676715, 2.99817116232589]]</obstacles>
<global-best>9.10302844976089</global-best>
</iteration>
<iteration i="200">
<sensors>[[8.99524177471455,5.07103733292424,166.173022049559], [0.0168276110280773,1.28193304735594,40.3465044495752], [7.73641581840466,5.99940147636873,286.161631031332], [3.90346741653636,5.99459133429976,288.594515146744], [5.18845915733753,24.3767729824597,212.232721714359], [7.99529956978568,1.44956487795014,169.322283228775], [4.07035885361194,0.0294414439882248,124.957689335739], [127.324330023544,6.19607353403004,302.744407512119], [8.94431772972296,0.0389392583676289,104.475344609835], [-36.8420413289275,-2.35857964527975,242.768666302715], [44.1897511487752,3.65658624430341,13.1191047790572]]</sensors>
<obstacles>[[8.75579659338109, 2.95569069776684], [6.80144424922764, 4.22830269997939], [7.17519089556299, 3.20301759755239], [1.8574641274754, 5.55250634159893], [3.63699732790701, 5.48419418139383], [8.34423583955504, 3.24800392007455], [7.81552774831653, 2.3612795448862], [3.52046608971432, 0.0723633687011898], [3.10011231712997, 4.04793830495328], [7.0755464702379, 5.83029487542808], [0.524571504676715, 2.99817116232589]]</obstacles>
<global-best>0.43575254722046</global-best>
</iteration>
<iterations>200</iterations>
<elapsed-time>39024</elapsed-time>
<average-time>0</average-time>
</simulation>