<?xml version="1.0" encoding="UTF-8"?>
<simulation>
<software>charlie-simulation-framework; v1.0.0; Jakob Rieke</software>
<system>Unix; Unix 18.2.0.0; 18.2.0.0</system>
<datetime>6/13/2019 11:40:34 AM</datetime>
<title>Static SP with GA</title>
<meta>Author: Jakob Rieke; Version v1.3.0</meta>
<configuration>
  Zoom = 40
  SizeTeamA = 11
  SizeTeamB = 11
  FieldHeight = 9
  FieldWidth = 6
  PlayerSensorRange = 12
  PlayerSensorFOV = 56.3
  PlayerSize = 0.1555
  # The function used to optimize the problem,
  # possible values are:
  # Simplex, PSO, SPSO-2006, SPSO-2011, PSO-A-IW,
  # PSO-LD-IW, PSO-Chaotic-IW, PSO-LD-IW,
  # Evolution-Strategy, Differential-Evolution,
  # Adaptive-Differential-Evolution
  Optimizer = PSO
  </configuration>
<iteration i="0">
<sensors>[[4.83196035808094,4.28188675113948,142.877047659374], [2.22937135047215,0.541812995183324,27.4368017280801], [5.3440311617502,2.51457959869808,30.5477221558009], [2.65019631282745,-0.616771985862519,230.149075333198], [6.58810821367242,-0.149714667296238,154.448068011679], [5.93107836801965,6.87971550972533,329.485543630123], [0.558198090158323,7.20420264980481,256.506496846136], [7.72014014165882,0.78729167447886,359.824450306011], [6.34554666090523,6.38009897821575,66.264533051658], [1.16048076183925,2.9907927243423,179.781907173909], [6.45361077670015,1.12864576968083,307.32539528561]]</sensors>
<obstacles>[[1.49364116834477, 0.988047307357192], [5.73129835934378, 1.30802871985361], [0.407613531220704, 0.82443778635934], [6.71401214785874, 3.78837841842324], [2.83790411520749, 2.53854271536693], [3.43746491591446, 4.25046284683049], [1.19117992208339, 2.14018856361508], [2.37905149231665, 2.26426998898387], [3.08679160382599, 4.44655749388039], [3.64322769921273, 0.125915007200092], [6.68730071350001, 0.634007850196213]]</obstacles>
<global-best>12.7643429877686</global-best>
</iteration>
<iteration i="200">
<sensors>[[8.98130707337489,3.06006470012486,134.815113224798], [0.00928903460458104,2.43421123892561,21.0475698553963], [20.7907144812221,-5.82700274692645,19.7639011348499], [8.97434656947712,4.40436056513144,225.734788480298], [8.99147348500711,1.39920000615506,160.512878114963], [2.21496392596605,4.38795722298394,318.699284909968], [-42.9441302571954,-10.089446074381,247.163855982517], [4.76895660085624,5.9796793152002,363.492901708723], [6.56285691778657,0.0131926004966093,76.4372604406852], [7.60413257502258,5.20618882015188,182.844110929173], [15.3040969329858,32.9586239948456,312.682322731284]]</sensors>
<obstacles>[[1.49364116834477, 0.988047307357192], [5.73129835934378, 1.30802871985361], [0.407613531220704, 0.82443778635934], [6.71401214785874, 3.78837841842324], [2.83790411520749, 2.53854271536693], [3.43746491591446, 4.25046284683049], [1.19117992208339, 2.14018856361508], [2.37905149231665, 2.26426998898387], [3.08679160382599, 4.44655749388039], [3.64322769921273, 0.125915007200092], [6.68730071350001, 0.634007850196213]]</obstacles>
<global-best>0.646823881344244</global-best>
</iteration>
<iterations>200</iterations>
<elapsed-time>49360</elapsed-time>
<average-time>0</average-time>
</simulation>