<?xml version="1.0" encoding="UTF-8"?>
<simulation>
<software>charlie-simulation-framework; v1.0.0; Jakob Rieke</software>
<system>Unix; Unix 18.2.0.0; 18.2.0.0</system>
<datetime>6/13/2019 11:51:38 AM</datetime>
<title>Static SP with GA</title>
<meta>Author: Jakob Rieke; Version v1.3.0</meta>
<configuration>
  Zoom = 40
  SizeTeamA = 11
  SizeTeamB = 11
  FieldHeight = 9
  FieldWidth = 6
  PlayerSensorRange = 12
  PlayerSensorFOV = 56.3
  PlayerSize = 0.1555
  # The function used to optimize the problem,
  # possible values are:
  # Simplex, PSO, SPSO-2006, SPSO-2011, PSO-A-IW,
  # PSO-LD-IW, PSO-Chaotic-IW, PSO-LD-IW,
  # Evolution-Strategy, Differential-Evolution,
  # Adaptive-Differential-Evolution
  Optimizer = PSO
  </configuration>
<iteration i="0">
<sensors>[[6.78241580650354,1.7808896384517,165.24496464413], [5.84804578934389,7.10712886395118,17.1489569834718], [2.98365530244522,-2.30353049328367,217.561567392099], [5.15214930765011,0.49572438345241,128.985744192859], [3.82681019929684,2.49896686679013,107.835644260036], [8.58773706078457,-0.583736674193014,150.805212329005], [7.97630893202588,-2.17510248394653,116.046744622647], [5.32861616868048,7.58315246167499,112.914433175962], [3.93158573872946,5.13238639684522,274.858851230085], [6.87431976964822,8.49624243953604,299.450830335947], [3.47827934411584,-2.63617832253775,70.7916370115454]]</sensors>
<obstacles>[[1.31747464416549, 1.93021656386554], [5.99148102616891, 0.21502540865913], [5.42073506489396, 0.806771102361381], [8.35584723763168, 5.68488824274391], [1.06545567023568, 2.89113750960678], [6.40028666937724, 3.76211368571967], [0.796197460033, 5.18073516804725], [5.75058137183078, 0.525344512425363], [6.73663424234837, 3.93713703006506], [2.94908956205472, 2.18462486425415], [4.0649821779225, 4.15314666833729]]</obstacles>
<global-best>14.5652040353528</global-best>
</iteration>
<iteration i="200">
<sensors>[[8.73757125909973,2.24286729176718,193.304825299992], [0.000758118451109539,3.14944623024041,17.6242655890194], [4.70062754699516,5.59276052440097,242.244258427877], [10.9805120813312,5.1499689789337,133.75307625847], [4.39551862334301,0.00676048516294051,79.6642626242767], [14.3082964885114,5.30961693894196,151.232496739781], [1.09071605883998,0.00156001421943857,108.216644925361], [5.57529317566147,0.191349034995059,119.247851002253], [30.8874021416225,7.86485246547273,269.452557806403], [4.0261339730362,5.72358598454276,301.489527264803], [7.95408945187233,0.00146936415986563,77.4177046131001]]</sensors>
<obstacles>[[1.31747464416549, 1.93021656386554], [5.99148102616891, 0.21502540865913], [5.42073506489396, 0.806771102361381], [8.35584723763168, 5.68488824274391], [1.06545567023568, 2.89113750960678], [6.40028666937724, 3.76211368571967], [0.796197460033, 5.18073516804725], [5.75058137183078, 0.525344512425363], [6.73663424234837, 3.93713703006506], [2.94908956205472, 2.18462486425415], [4.0649821779225, 4.15314666833729]]</obstacles>
<global-best>0.615373213161923</global-best>
</iteration>
<iterations>200</iterations>
<elapsed-time>48228</elapsed-time>
<average-time>0</average-time>
</simulation>