<?xml version="1.0" encoding="UTF-8"?>
<simulation>
<software>charlie-simulation-framework; v1.0.0; Jakob Rieke</software>
<system>Unix; Unix 18.2.0.0; 18.2.0.0</system>
<datetime>6/13/2019 11:26:19 AM</datetime>
<title>Static SP with GA</title>
<meta>Author: Jakob Rieke; Version v1.3.0</meta>
<configuration>
  Zoom = 40
  SizeTeamA = 11
  SizeTeamB = 11
  FieldHeight = 9
  FieldWidth = 6
  PlayerSensorRange = 12
  PlayerSensorFOV = 56.3
  PlayerSize = 0.1555
  # The function used to optimize the problem,
  # possible values are:
  # Simplex, PSO, SPSO-2006, SPSO-2011, PSO-A-IW,
  # PSO-LD-IW, PSO-Chaotic-IW, PSO-LD-IW,
  # Evolution-Strategy, Differential-Evolution,
  # Adaptive-Differential-Evolution
  Optimizer = PSO
  </configuration>
<iteration i="0">
<sensors>[[3.4106782796092,6.39947448140043,101.088920240504], [2.36528223186311,6.26817917205454,115.98428656383], [5.1343792573529,2.68844479385601,124.467572465001], [7.28825955695407,4.09827881195243,42.7484151746047], [9.39288787306427,2.91901235228982,178.372862606998], [4.65128139886359,5.7942607768284,142.110359486015], [1.34002143307022,4.86671555392126,229.164205009842], [1.30826636284992,-2.60385122297026,238.682981293613], [6.62607322331303,4.52825250308337,16.1918920749434], [1.67037189595039,2.27345614501972,231.42465389527], [9.44820694737727,1.23167209753622,244.919355157277]]</sensors>
<obstacles>[[3.84149417141452, 2.7041670489125], [3.82336188317277, 0.241465440485626], [5.69037498277612, 2.42843240546063], [8.06474386202171, 1.57832910167053], [2.69843146763742, 4.13030745042488], [8.9631987826433, 0.289703589398414], [8.55926889670081, 5.62966662179679], [1.88067929609679, 0.578009915538132], [1.34685177518986, 0.0616474030539393], [2.51978693017736, 1.61251288186759], [7.21604886185378, 5.17913661757484]]</obstacles>
<global-best>17.3377438277469</global-best>
</iteration>
<iteration i="200">
<sensors>[[8.73849168487876,0.00430200383323652,103.607289180162], [-15.9068816394356,0.971509098368435,123.601269963203], [5.63100894835526,0.000352011566024537,130.707352979475], [658.823138361302,10.824929034587,44.3190036128369], [8.2133347227451,1.26534521927519,169.477796900392], [-41.3005294678683,-42.5923917244343,140.303229919025], [2.56973818769002,5.99483927496558,259.326511012972], [-13.2527891481197,18.8403730950599,224.850776977703], [0.0146178723010706,1.59664944069273,16.1423601422539], [0.773667172255917,15.8856507891496,228.233214205081], [8.22668828459079,5.86201710281395,243.828913682561]]</sensors>
<obstacles>[[3.84149417141452, 2.7041670489125], [3.82336188317277, 0.241465440485626], [5.69037498277612, 2.42843240546063], [8.06474386202171, 1.57832910167053], [2.69843146763742, 4.13030745042488], [8.9631987826433, 0.289703589398414], [8.55926889670081, 5.62966662179679], [1.88067929609679, 0.578009915538132], [1.34685177518986, 0.0616474030539393], [2.51978693017736, 1.61251288186759], [7.21604886185378, 5.17913661757484]]</obstacles>
<global-best>0.416661743921099</global-best>
</iteration>
<iterations>200</iterations>
<elapsed-time>25864</elapsed-time>
<average-time>0</average-time>
</simulation>