<?xml version="1.0" encoding="UTF-8"?>
<simulation>
<software>charlie-simulation-framework; v1.0.0; Jakob Rieke</software>
<system>Unix; Unix 18.2.0.0; 18.2.0.0</system>
<datetime>6/13/2019 11:21:22 AM</datetime>
<title>Static SP with GA</title>
<meta>Author: Jakob Rieke; Version v1.3.0</meta>
<configuration>
  Zoom = 40
  SizeTeamA = 11
  SizeTeamB = 11
  FieldHeight = 9
  FieldWidth = 6
  PlayerSensorRange = 12
  PlayerSensorFOV = 56.3
  PlayerSize = 0.1555
  # The function used to optimize the problem,
  # possible values are:
  # Simplex, PSO, SPSO-2006, SPSO-2011, PSO-A-IW,
  # PSO-LD-IW, PSO-Chaotic-IW, PSO-LD-IW,
  # Evolution-Strategy, Differential-Evolution,
  # Adaptive-Differential-Evolution
  Optimizer = PSO
  </configuration>
<iteration i="0">
<sensors>[[3.57282497374657,3.53929020756521,25.939086440782], [4.48908469299477,-2.15995954854011,143.47961317781], [5.04566543927136,1.73780877296622,2.38610503825146], [6.79833748299368,7.52836219513283,130.94243304521], [2.65019963000668,4.59691801640099,209.197444990306], [3.67229755906287,-0.725073502208964,352.394436161263], [7.44054107811601,8.78084805464824,299.193410634266], [2.66905276337375,3.39411037604422,126.143687220317], [5.73372365944569,0.441483043439764,157.021341651035], [4.86862290047091,1.75445126163545,321.83701690752], [13.2961281963856,9.64440741616242,136.567029648972]]</sensors>
<obstacles>[[5.97996281390078, 2.08345370460302], [0.988250106805936, 2.39851976512], [5.90322456671856, 1.44266409007832], [2.74027139903046, 0.775883402209729], [3.46329244715162, 5.59014836652204], [3.70987112587318, 1.26307514682412], [4.82707316265441, 1.01012759283185], [2.13261493924074, 3.01841401169077], [1.50398575700819, 3.02866071788594], [2.95136499102227, 0.149282903876156], [6.9510787515901, 1.46999370027334]]</obstacles>
<global-best>10.1249675435978</global-best>
</iteration>
<iteration i="200">
<sensors>[[0.026960294619153,3.58938647479121,27.1684433045256], [-6.2175954937113,-0.681587585083012,146.149219325775], [9.8096915737123,3.51215830111515,-3.99145376575751], [7.55444814536909,0.565522542673891,176.018573207463], [8.00120386648961,5.99443940042885,208.931820260482], [0.0386866802347182,1.47028538375323,355.139588871537], [5.76333660600206,5.96261629396968,305.501983427165], [8.4687275976909,0.00749148519436914,111.621797404564], [8.99185973720643,2.85848215254717,179.784105944876], [0.0116604591911995,5.67558681758132,316.205198594489], [9.14863252191807,-5.55332988052062,115.968860461341]]</sensors>
<obstacles>[[5.97996281390078, 2.08345370460302], [0.988250106805936, 2.39851976512], [5.90322456671856, 1.44266409007832], [2.74027139903046, 0.775883402209729], [3.46329244715162, 5.59014836652204], [3.70987112587318, 1.26307514682412], [4.82707316265441, 1.01012759283185], [2.13261493924074, 3.01841401169077], [1.50398575700819, 3.02866071788594], [2.95136499102227, 0.149282903876156], [6.9510787515901, 1.46999370027334]]</obstacles>
<global-best>0.328649931151517</global-best>
</iteration>
<iterations>200</iterations>
<elapsed-time>48553</elapsed-time>
<average-time>0</average-time>
</simulation>