<?xml version="1.0" encoding="UTF-8"?>
<simulation>
<software>charlie-simulation-framework; v1.0.0; Jakob Rieke</software>
<system>Unix; Unix 18.2.0.0; 18.2.0.0</system>
<datetime>6/13/2019 11:28:42 AM</datetime>
<title>Static SP with GA</title>
<meta>Author: Jakob Rieke; Version v1.3.0</meta>
<configuration>
  Zoom = 40
  SizeTeamA = 11
  SizeTeamB = 11
  FieldHeight = 9
  FieldWidth = 6
  PlayerSensorRange = 12
  PlayerSensorFOV = 56.3
  PlayerSize = 0.1555
  # The function used to optimize the problem,
  # possible values are:
  # Simplex, PSO, SPSO-2006, SPSO-2011, PSO-A-IW,
  # PSO-LD-IW, PSO-Chaotic-IW, PSO-LD-IW,
  # Evolution-Strategy, Differential-Evolution,
  # Adaptive-Differential-Evolution
  Optimizer = PSO
  </configuration>
<iteration i="0">
<sensors>[[9.66158099505099,-3.75011876723734,225.869471529566], [8.25896768673174,4.23849808485516,337.765383640479], [-3.24280230721944,3.46211031198904,253.925176000544], [0.304663869562094,4.05395367681083,286.085237854882], [1.03236198151519,-0.139623342118627,334.112816536554], [-1.10917100872195,4.68988627271495,353.55264135533], [1.79308483150799,-1.03092470700109,133.115426619728], [1.75949178471773,6.23899753194715,105.024992127189], [-1.09624150699134,4.23974872450038,143.759815815828], [2.50841809188183,6.13677861690383,21.7594236426845], [-0.553062881455634,-2.19625348415571,289.156895989747]]</sensors>
<obstacles>[[3.46385907009244, 0.366665943525732], [0.479027543216944, 5.65903194341809], [2.62707554851659, 3.53109589638188], [6.82310878881253, 4.2649788139388], [2.93924228637479, 1.67201239848509], [1.05405798973516, 2.99797399481758], [6.15234948112629, 0.237222752999514], [1.6523044325877, 1.0252808262594], [4.61869226885028, 4.39998265681788], [3.43879373883829, 5.60730922920629], [1.2389140999876, 1.47736340900883]]</obstacles>
<global-best>8.87702726421917</global-best>
</iteration>
<iteration i="200">
<sensors>[[8.97765928188831,4.3948330554285,192.540960007112], [0.462762246324038,5.14809920769197,335.549406682903], [2.76825493424787,27.6166396945768,259.490146978524], [0.61867794525415,3.56685096704416,280.780117629552], [3.09567123648066,4.07311926340304,296.856985880876], [0.0750075520697288,2.5085041997795,346.236875852304], [3.0887368841019,0.0171727290017462,133.383396169234], [0.062804484672119,4.00720563286118,102.25753724797], [8.91753666477318,0.0695198466073194,142.890069872378], [0.0178089965840193,3.57992383127154,19.9573564874042], [14.3601879497637,60.2830093172657,284.037867463502]]</sensors>
<obstacles>[[3.46385907009244, 0.366665943525732], [0.479027543216944, 5.65903194341809], [2.62707554851659, 3.53109589638188], [6.82310878881253, 4.2649788139388], [2.93924228637479, 1.67201239848509], [1.05405798973516, 2.99797399481758], [6.15234948112629, 0.237222752999514], [1.6523044325877, 1.0252808262594], [4.61869226885028, 4.39998265681788], [3.43879373883829, 5.60730922920629], [1.2389140999876, 1.47736340900883]]</obstacles>
<global-best>0.442788436405017</global-best>
</iteration>
<iterations>200</iterations>
<elapsed-time>40927</elapsed-time>
<average-time>0</average-time>
</simulation>