<?xml version="1.0" encoding="UTF-8"?>
<simulation>
<software>charlie-simulation-framework; v1.0.0; Jakob Rieke</software>
<system>Unix; Unix 18.2.0.0; 18.2.0.0</system>
<datetime>6/13/2019 11:30:40 AM</datetime>
<title>Static SP with GA</title>
<meta>Author: Jakob Rieke; Version v1.3.0</meta>
<configuration>
  Zoom = 40
  SizeTeamA = 11
  SizeTeamB = 11
  FieldHeight = 9
  FieldWidth = 6
  PlayerSensorRange = 12
  PlayerSensorFOV = 56.3
  PlayerSize = 0.1555
  # The function used to optimize the problem,
  # possible values are:
  # Simplex, PSO, SPSO-2006, SPSO-2011, PSO-A-IW,
  # PSO-LD-IW, PSO-Chaotic-IW, PSO-LD-IW,
  # Evolution-Strategy, Differential-Evolution,
  # Adaptive-Differential-Evolution
  Optimizer = PSO
  </configuration>
<iteration i="0">
<sensors>[[9.83711886853375,6.7608266756838,316.611031458542], [0.53695253227207,1.58886598460131,112.017054779119], [5.1685222506852,5.61239622993866,22.7726063338144], [4.65006670441782,1.90536497908435,9.91996448898513], [2.94059855661638,6.27986301055221,15.313628640777], [4.42710806935907,-1.5142923894382,69.7219257369828], [10.343354218952,2.08264879881828,357.98815933971], [4.19896767419439,-0.0816396607457888,70.8696374375391], [7.8978495864909,-0.685252202610854,82.2417113436715], [-0.228455526467205,3.04410949151381,288.083233969469], [11.2250574332829,4.60366236021015,152.132052016846]]</sensors>
<obstacles>[[1.57900858903304, 2.12865344015881], [3.36678096977994, 5.89463076693937], [2.61351411533542, 1.29446777980775], [3.55237695062533, 3.58198778238148], [3.12546151620336, 2.81075607659295], [6.09376979945228, 4.83244342077523], [0.343347308691591, 3.68576898565516], [3.46639078622684, 4.01873416034505], [4.24766847747378, 1.36617931863293], [1.75278193736449, 1.68449555989355], [4.82648495212197, 4.68778456142172]]</obstacles>
<global-best>15.6062110091822</global-best>
</iteration>
<iteration i="200">
<sensors>[[5.58013157019521,5.98832904467301,323.674067369609], [3.00187963194428,1.42701155060717,135.02727228396], [13.5732046840315,29.0965093455706,29.9930541588749], [0.0492258959629454,3.96603764154456,4.21099255543095], [0.0102282575878006,0.218235974276248,19.025031393217], [9.38037674098634,-57.0033535869465,71.8701921355432], [1.68237073188923,5.98679292369966,339.577081781117], [14.5492463000063,-217.974935513821,69.1289214148711], [3.93606802130834,-7.35262893455157,58.4862086717364], [1.04306342045589,5.97271663163098,283.398226967244], [8.96652653212056,0.188725085355264,155.684854741402]]</sensors>
<obstacles>[[1.57900858903304, 2.12865344015881], [3.36678096977994, 5.89463076693937], [2.61351411533542, 1.29446777980775], [3.55237695062533, 3.58198778238148], [3.12546151620336, 2.81075607659295], [6.09376979945228, 4.83244342077523], [0.343347308691591, 3.68576898565516], [3.46639078622684, 4.01873416034505], [4.24766847747378, 1.36617931863293], [1.75278193736449, 1.68449555989355], [4.82648495212197, 4.68778456142172]]</obstacles>
<global-best>0.572014092420462</global-best>
</iteration>
<iterations>200</iterations>
<elapsed-time>27941</elapsed-time>
<average-time>0</average-time>
</simulation>