<?xml version="1.0" encoding="UTF-8"?>
<simulation>
<software>charlie-simulation-framework; v1.0.0; Jakob Rieke</software>
<system>Unix; Unix 18.2.0.0; 18.2.0.0</system>
<datetime>6/13/2019 11:31:55 AM</datetime>
<title>Static SP with GA</title>
<meta>Author: Jakob Rieke; Version v1.3.0</meta>
<configuration>
  Zoom = 40
  SizeTeamA = 11
  SizeTeamB = 11
  FieldHeight = 9
  FieldWidth = 6
  PlayerSensorRange = 12
  PlayerSensorFOV = 56.3
  PlayerSize = 0.1555
  # The function used to optimize the problem,
  # possible values are:
  # Simplex, PSO, SPSO-2006, SPSO-2011, PSO-A-IW,
  # PSO-LD-IW, PSO-Chaotic-IW, PSO-LD-IW,
  # Evolution-Strategy, Differential-Evolution,
  # Adaptive-Differential-Evolution
  Optimizer = PSO
  </configuration>
<iteration i="0">
<sensors>[[1.30642106311466,5.46560742268593,195.324273097016], [4.99301517923789,0.393723584875958,8.04026553164667], [11.5295903207622,6.27940367623274,351.324554740997], [-0.353587319801223,6.11801581750893,184.697691653476], [9.43959460808659,6.41974556065869,179.600690260387], [1.60604883108485,5.78182124344026,288.620252117759], [4.62836812714788,-0.82432011952252,103.075832451924], [-3.87313672073562,8.64000897661183,92.6453569695475], [12.4121013264314,4.24968876883866,317.66079385604], [10.9382249059636,2.95501811681486,2.15724773093794], [7.12611151552554,1.26237587963975,352.460860893342]]</sensors>
<obstacles>[[5.37579508661292, 3.38028395455331], [8.16028219624422, 0.115515848156065], [0.391279965871945, 0.0824022889137268], [1.19735605409369, 4.24490220844746], [6.68459800654091, 0.314719227142632], [7.69629038125277, 1.29817050509155], [0.466427497565746, 0.758884373120964], [4.77628379152156, 4.96786535577849], [8.97791631496511, 4.2509826477617], [7.55934245930985, 3.42109136190265], [7.94248608872294, 3.607438552659]]</obstacles>
<global-best>12.4117264492243</global-best>
</iteration>
<iteration i="200">
<sensors>[[11.2173850604874,-7.55884941699609,189.297433671085], [0.00117002377890429,5.59781144870736,5.72190121684861], [3.27747397394474,5.9747395655496,355.427288254495], [6.08441576815127,0.00095515239410689,185.959319788151], [5.60869122325625,3.06505561201998,177.82720727881], [5.47466405364327,5.99964106470791,296.880607779579], [5.33278768827067,-17.4478696074643,105.979239494259], [-2.83123251024241,11.2680785761808,99.577820895259], [-3.39978193452415,-0.24508141197518,302.781668859196], [0.00791457373134866,1.65205383884077,6.84510049350393], [0.00113078673861913,4.4814473185518,357.733998892045]]</sensors>
<obstacles>[[5.37579508661292, 3.38028395455331], [8.16028219624422, 0.115515848156065], [0.391279965871945, 0.0824022889137268], [1.19735605409369, 4.24490220844746], [6.68459800654091, 0.314719227142632], [7.69629038125277, 1.29817050509155], [0.466427497565746, 0.758884373120964], [4.77628379152156, 4.96786535577849], [8.97791631496511, 4.2509826477617], [7.55934245930985, 3.42109136190265], [7.94248608872294, 3.607438552659]]</obstacles>
<global-best>0.704982618714235</global-best>
</iteration>
<iterations>200</iterations>
<elapsed-time>44138</elapsed-time>
<average-time>0</average-time>
</simulation>