<?xml version="1.0" encoding="UTF-8"?>
<simulation>
<software>charlie-simulation-framework; v1.0.0; Jakob Rieke</software>
<system>Unix; Unix 18.2.0.0; 18.2.0.0</system>
<datetime>6/13/2019 11:26:45 AM</datetime>
<title>Static SP with GA</title>
<meta>Author: Jakob Rieke; Version v1.3.0</meta>
<configuration>
  Zoom = 40
  SizeTeamA = 11
  SizeTeamB = 11
  FieldHeight = 9
  FieldWidth = 6
  PlayerSensorRange = 12
  PlayerSensorFOV = 56.3
  PlayerSize = 0.1555
  # The function used to optimize the problem,
  # possible values are:
  # Simplex, PSO, SPSO-2006, SPSO-2011, PSO-A-IW,
  # PSO-LD-IW, PSO-Chaotic-IW, PSO-LD-IW,
  # Evolution-Strategy, Differential-Evolution,
  # Adaptive-Differential-Evolution
  Optimizer = PSO
  </configuration>
<iteration i="0">
<sensors>[[1.92427504529516,6.30223105340392,16.7154219407285], [6.93786391566845,3.84085522339851,254.14740478848], [5.4261118406071,0.405910381012233,126.059082654766], [6.93058257382534,6.46576291115401,135.748449343377], [4.1129688535001,7.38468157588983,197.650568263564], [4.42395591123962,4.84828655278276,129.930808224358], [10.4113301444895,9.07302660289771,45.9585461566803], [4.46894554476521,5.26052928940273,220.596871193741], [8.96480775152119,2.72526410922236,23.2635136041585], [1.843712888896,3.79739740736354,8.77703566816136], [-3.53197989981478,6.39627188729597,32.4063478660064]]</sensors>
<obstacles>[[1.97673312784173, 1.55097172502428], [7.44017938524485, 4.11119287647307], [6.20846301410347, 4.52622607816011], [5.4387323060073, 3.83044095989317], [1.95403237966821, 3.36276145884767], [6.4063164847903, 0.967097958549857], [7.59443543641828, 0.352343855425715], [4.06949562951922, 1.48355965688825], [1.54865376767702, 0.470132090616971], [3.55975953186862, 2.1798097207211], [2.05020394572057, 4.84819620475173]]</obstacles>
<global-best>10.0443545864199</global-best>
</iteration>
<iteration i="200">
<sensors>[[1.85123017669527,0.673408428832211,16.9686008458314], [1.16461849701132,5.33908975255695,263.650502069444], [12.2475983334736,-13.6918694525941,121.148012677692], [8.84975557499886,0.285374239791207,133.391364124701], [8.97672142523047,5.86348996656251,204.364116658311], [4.32785094510086,0.00863675526212074,137.808485849644], [131.909169938882,5.83458088023938,31.9257604390283], [8.96770951484351,4.61452373945902,237.781241080243], [5.72042540548801,-373.770331910473,19.1542826722643], [0.114168426418805,4.20890275936783,22.9116171525986], [4.6968231301451,0.0328114834311276,37.879171615728]]</sensors>
<obstacles>[[1.97673312784173, 1.55097172502428], [7.44017938524485, 4.11119287647307], [6.20846301410347, 4.52622607816011], [5.4387323060073, 3.83044095989317], [1.95403237966821, 3.36276145884767], [6.4063164847903, 0.967097958549857], [7.59443543641828, 0.352343855425715], [4.06949562951922, 1.48355965688825], [1.54865376767702, 0.470132090616971], [3.55975953186862, 2.1798097207211], [2.05020394572057, 4.84819620475173]]</obstacles>
<global-best>0.438879686960097</global-best>
</iteration>
<iterations>200</iterations>
<elapsed-time>43237</elapsed-time>
<average-time>0</average-time>
</simulation>