<?xml version="1.0" encoding="UTF-8"?>
<simulation>
<software>charlie-simulation-framework; v1.0.0; Jakob Rieke</software>
<system>Unix; Unix 18.2.0.0; 18.2.0.0</system>
<datetime>6/13/2019 11:25:35 AM</datetime>
<title>Static SP with GA</title>
<meta>Author: Jakob Rieke; Version v1.3.0</meta>
<configuration>
  Zoom = 40
  SizeTeamA = 11
  SizeTeamB = 11
  FieldHeight = 9
  FieldWidth = 6
  PlayerSensorRange = 12
  PlayerSensorFOV = 56.3
  PlayerSize = 0.1555
  # The function used to optimize the problem,
  # possible values are:
  # Simplex, PSO, SPSO-2006, SPSO-2011, PSO-A-IW,
  # PSO-LD-IW, PSO-Chaotic-IW, PSO-LD-IW,
  # Evolution-Strategy, Differential-Evolution,
  # Adaptive-Differential-Evolution
  Optimizer = PSO
  </configuration>
<iteration i="0">
<sensors>[[8.18665607655302,3.23657018235018,165.898484295413], [7.60866787921133,5.57932841884056,75.1238249228515], [8.19510202805826,0.855282967502247,229.469617835688], [1.23149444230098,1.51116643098142,36.1506674406755], [2.26246557687737,6.71338025760995,315.316744724588], [0.727455208749138,-1.3691905023862,329.686182321035], [2.41439321521168,7.01678296545429,117.787337336401], [-3.39686303115783,1.4003671882503,111.91252688781], [0.843880069360961,-0.205377942752917,350.838992107211], [2.62601406769158,5.86690523191578,65.2951876441691], [4.71185707969856,5.69547415041879,196.892291605175]]</sensors>
<obstacles>[[8.41991473990493, 0.503489127382636], [1.25872085988522, 2.66736374376342], [7.16765196039341, 4.17594391107559], [8.6267159676645, 2.48875856772065], [7.9854447611142, 0.0312691773287952], [1.39724345225841, 3.31861511897296], [6.40557195595466, 2.50881445594132], [1.29153943271376, 4.54969516117126], [8.34268739609979, 2.21191465342417], [7.38778714486398, 4.68284574849531], [4.40219239331782, 2.53080158075318]]</obstacles>
<global-best>10.2426285142313</global-best>
</iteration>
<iteration i="200">
<sensors>[[6.9481090856313,0.00661686848389,164.123049853563], [7.51679856298019,0.00925917652224,82.6536657955848], [8.95922508624177,3.43203298642255,177.938819311452], [0.0122292515879277,0.153900509516443,34.5633896389347], [4.42035042471989,5.98245933948015,318.152645760036], [23.4611880170306,7.05767585709747,346.85848698526], [20.0982476516108,6.43594254317636,112.275301486784], [2.80970239031783,0.643008570549305,111.046244945633], [0.00724875046428735,2.31175609383467,371.245114502928], [25.3318028156776,3.85534957277134,21.6438303965907], [2.02287466751273,50.5952495468338,193.866160138414]]</sensors>
<obstacles>[[8.41991473990493, 0.503489127382636], [1.25872085988522, 2.66736374376342], [7.16765196039341, 4.17594391107559], [8.6267159676645, 2.48875856772065], [7.9854447611142, 0.0312691773287952], [1.39724345225841, 3.31861511897296], [6.40557195595466, 2.50881445594132], [1.29153943271376, 4.54969516117126], [8.34268739609979, 2.21191465342417], [7.38778714486398, 4.68284574849531], [4.40219239331782, 2.53080158075318]]</obstacles>
<global-best>0.340935541822519</global-best>
</iteration>
<iterations>200</iterations>
<elapsed-time>44103</elapsed-time>
<average-time>0</average-time>
</simulation>