<?xml version="1.0" encoding="UTF-8"?>
<simulation>
<software>charlie-simulation-framework; v1.0.0; Jakob Rieke</software>
<system>Unix; Unix 18.2.0.0; 18.2.0.0</system>
<datetime>6/13/2019 11:22:32 AM</datetime>
<title>Static SP with GA</title>
<meta>Author: Jakob Rieke; Version v1.3.0</meta>
<configuration>
  Zoom = 40
  SizeTeamA = 11
  SizeTeamB = 11
  FieldHeight = 9
  FieldWidth = 6
  PlayerSensorRange = 12
  PlayerSensorFOV = 56.3
  PlayerSize = 0.1555
  # The function used to optimize the problem,
  # possible values are:
  # Simplex, PSO, SPSO-2006, SPSO-2011, PSO-A-IW,
  # PSO-LD-IW, PSO-Chaotic-IW, PSO-LD-IW,
  # Evolution-Strategy, Differential-Evolution,
  # Adaptive-Differential-Evolution
  Optimizer = PSO
  </configuration>
<iteration i="0">
<sensors>[[5.04590873162578,3.95890353923375,137.632874226019], [-2.94242785959125,6.90481295021552,164.621323509401], [0.960431562343888,1.41632795804108,126.871235915002], [-2.33438674568376,0.731315039155319,333.565899349821], [-0.892071639730156,3.59728472717821,205.003850993701], [2.41194737376301,-1.77086939051752,291.613838300679], [1.86290198416074,6.4132104530533,15.845585556402], [-1.60169140315202,-3.62185225585967,200.001720603002], [11.6855798502922,8.37718232310756,68.4996282906349], [-0.26112204861346,6.88502628825256,135.187252192387], [0.746346511765839,-0.760270829065117,218.426035155251]]</sensors>
<obstacles>[[7.62838709377684, 1.05884341802448], [5.82753741857596, 1.84655120037496], [2.35769438836724, 1.06781637389213], [7.29951788624749, 2.8925838698633], [5.2725291615352, 4.4239784614183], [3.47876719431952, 0.678289005998522], [5.13036613469012, 0.494691576808691], [2.434087931877, 3.68465439369902], [6.37068878835998, 3.04218341270462], [0.324949014466256, 3.92714328691363], [2.6402116084937, 1.87328430404887]]</obstacles>
<global-best>16.3174022214144</global-best>
</iteration>
<iteration i="200">
<sensors>[[8.98920809844359,0.310968319322634,117.707175533138], [8.95065708525184,5.99326677188036,207.358034136329], [4.58512681281786,0.00264464070968355,138.706617735956], [2.26978560772941,4.48242381599952,325.508999614412], [6.88120004994568,1.51334970030894,213.383730164696], [-9.18599627622309,-9.53039627818788,291.642142580199], [0.104953145375147,1.68177492576415,3.92852858421858], [-3.98870600062097,5.93128182158663,204.367071440629], [-0.944708400849912,-15.6594489949644,75.1500203193092], [-3.18365061903976,3.02512962325167,143.477072851118], [2.19593304180297,5.98516020715757,244.528009056367]]</sensors>
<obstacles>[[7.62838709377684, 1.05884341802448], [5.82753741857596, 1.84655120037496], [2.35769438836724, 1.06781637389213], [7.29951788624749, 2.8925838698633], [5.2725291615352, 4.4239784614183], [3.47876719431952, 0.678289005998522], [5.13036613469012, 0.494691576808691], [2.434087931877, 3.68465439369902], [6.37068878835998, 3.04218341270462], [0.324949014466256, 3.92714328691363], [2.6402116084937, 1.87328430404887]]</obstacles>
<global-best>0.509873653329079</global-best>
</iteration>
<iterations>200</iterations>
<elapsed-time>53493</elapsed-time>
<average-time>0</average-time>
</simulation>