<?xml version="1.0" encoding="UTF-8"?>
<simulation>
<software>charlie-simulation-framework; v1.0.0; Jakob Rieke</software>
<system>Unix; Unix 18.2.0.0; 18.2.0.0</system>
<datetime>6/13/2019 11:27:29 AM</datetime>
<title>Static SP with GA</title>
<meta>Author: Jakob Rieke; Version v1.3.0</meta>
<configuration>
  Zoom = 40
  SizeTeamA = 11
  SizeTeamB = 11
  FieldHeight = 9
  FieldWidth = 6
  PlayerSensorRange = 12
  PlayerSensorFOV = 56.3
  PlayerSize = 0.1555
  # The function used to optimize the problem,
  # possible values are:
  # Simplex, PSO, SPSO-2006, SPSO-2011, PSO-A-IW,
  # PSO-LD-IW, PSO-Chaotic-IW, PSO-LD-IW,
  # Evolution-Strategy, Differential-Evolution,
  # Adaptive-Differential-Evolution
  Optimizer = PSO
  </configuration>
<iteration i="0">
<sensors>[[0.0941851023652736,1.26343686038335,197.999568691737], [4.13634809575831,6.90810038760825,330.653995789779], [0.333145265146427,-0.0894569985738229,58.0680292130435], [6.77919032418179,4.03461902942992,262.989377424164], [-0.556053510314433,2.18964421650151,256.130153479443], [11.1331005133248,-0.828442179314949,16.9999699696326], [3.36308236400303,-4.43599328201609,193.340128427719], [0.182300338618691,-2.59325854831255,76.539651926957], [3.643498435156,0.892529474440897,118.821450123122], [4.11934838371065,1.41722474632941,133.932074751581], [9.40484843554349,3.46112808505591,89.244154126531]]</sensors>
<obstacles>[[0.68624364794232, 3.2807220518589], [3.54598871665075, 4.24741284828633], [5.40291076130234, 1.60729756113142], [6.96605634503067, 4.62285889266059], [1.07005422748625, 3.83114956459031], [6.53028841805644, 3.99037411948666], [7.03901239670813, 0.15761900274083], [3.39073698758148, 5.29971749614924], [2.42273322539404, 0.917015676386654], [0.833351509412751, 2.34347760910168], [4.37967083137482, 2.37717772973701]]</obstacles>
<global-best>15.0785212230239</global-best>
</iteration>
<iteration i="200">
<sensors>[[-3.79485828780182,-26.2545600713318,202.731296769416], [0.613053567662995,5.32920675101605,328.128175175565], [5.25282994690697,0.00959792400943836,57.7348807644489], [5.18240388276945,5.02419245040439,266.014393634939], [2.28950559067841,5.97120348525595,252.259108175777], [6.59876771968839,4.70371095285915,-67.9911486473462], [8.52053132040606,5.99622767930558,206.68977503925], [0.104206863679941,0.0338339733088392,81.4957151322659], [4.22834636736046,0.00814948411115511,135.857468900544], [-2.45535016181087,37.7247096266657,139.595102495399], [2.0837389486373,8.74594402408108,139.537858919105]]</sensors>
<obstacles>[[0.68624364794232, 3.2807220518589], [3.54598871665075, 4.24741284828633], [5.40291076130234, 1.60729756113142], [6.96605634503067, 4.62285889266059], [1.07005422748625, 3.83114956459031], [6.53028841805644, 3.99037411948666], [7.03901239670813, 0.15761900274083], [3.39073698758148, 5.29971749614924], [2.42273322539404, 0.917015676386654], [0.833351509412751, 2.34347760910168], [4.37967083137482, 2.37717772973701]]</obstacles>
<global-best>0.410784072246032</global-best>
</iteration>
<iterations>200</iterations>
<elapsed-time>49319</elapsed-time>
<average-time>0</average-time>
</simulation>