<?xml version="1.0" encoding="UTF-8"?>
<simulation>
<software>charlie-simulation-framework; v1.0.0; Jakob Rieke</software>
<system>Unix; Unix 18.2.0.0; 18.2.0.0</system>
<datetime>6/13/2019 11:37:02 AM</datetime>
<title>Static SP with GA</title>
<meta>Author: Jakob Rieke; Version v1.3.0</meta>
<configuration>
  Zoom = 40
  SizeTeamA = 11
  SizeTeamB = 11
  FieldHeight = 9
  FieldWidth = 6
  PlayerSensorRange = 12
  PlayerSensorFOV = 56.3
  PlayerSize = 0.1555
  # The function used to optimize the problem,
  # possible values are:
  # Simplex, PSO, SPSO-2006, SPSO-2011, PSO-A-IW,
  # PSO-LD-IW, PSO-Chaotic-IW, PSO-LD-IW,
  # Evolution-Strategy, Differential-Evolution,
  # Adaptive-Differential-Evolution
  Optimizer = PSO
  </configuration>
<iteration i="0">
<sensors>[[9.26431057043799,-3.8173847230812,118.436408880645], [10.9525555264274,0.0106731084073699,211.439198821134], [2.94810277473575,0.567415047800145,305.496190877337], [7.52826673648609,8.39948815607602,160.940570648777], [6.50794999573968,5.95628015971385,345.702120124791], [-2.88699913549118,5.05372725400917,25.7857395292649], [7.20162715249753,4.76076044304618,56.2516376881835], [3.91779064020604,-0.460555301956409,289.006365511409], [5.33201462993295,1.42559416246776,182.117918692003], [6.62863399678041,10.1634375781678,94.8031246896327], [-0.308477613215282,4.43697410841675,133.590625885489]]</sensors>
<obstacles>[[0.760613051941618, 1.7305473620072], [7.31336034997366, 4.71771791484207], [8.39895968651399, 5.44801985984668], [3.86862220522016, 0.382700451649725], [5.08907026215456, 1.60908252093941], [5.95768446754664, 0.8173758960329], [7.7302185818553, 2.97366412030533], [0.233509053708985, 5.29397162469104], [0.338284215889871, 0.876434829086065], [0.00524194585159421, 3.86073860060424], [7.70165020390414, 5.01137009030208]]</obstacles>
<global-best>5.84071698695933</global-best>
</iteration>
<iteration i="200">
<sensors>[[0.756057485094765,0.00921857528159329,118.037825813235], [7.47422027928929,3.57660050076267,214.394417712302], [0.554305989066544,5.98604244040789,309.196881447485], [11.4009782192685,14.1019462597221,164.13926376499], [23.7122098794488,2.58962754362984,350.764648980475], [0.0103462294107164,4.30179171478763,-8.26289389211816], [14.9818251204348,1.06000905333312,20.7181588931637], [841.643109247237,1.68083736671155,244.215648934656], [7.15068872785604,4.41132224187559,184.071925624001], [8.96807855721569,1.88515644626421,115.569803329801], [8.9896841310209,0.000744342478822702,154.215983422529]]</sensors>
<obstacles>[[0.760613051941618, 1.7305473620072], [7.31336034997366, 4.71771791484207], [8.39895968651399, 5.44801985984668], [3.86862220522016, 0.382700451649725], [5.08907026215456, 1.60908252093941], [5.95768446754664, 0.8173758960329], [7.7302185818553, 2.97366412030533], [0.233509053708985, 5.29397162469104], [0.338284215889871, 0.876434829086065], [0.00524194585159421, 3.86073860060424], [7.70165020390414, 5.01137009030208]]</obstacles>
<global-best>0.269057553872952</global-best>
</iteration>
<iterations>200</iterations>
<elapsed-time>36431</elapsed-time>
<average-time>0</average-time>
</simulation>