<?xml version="1.0" encoding="UTF-8"?>
<simulation>
<software>charlie-simulation-framework; v1.0.0; Jakob Rieke</software>
<system>Unix; Unix 18.2.0.0; 18.2.0.0</system>
<datetime>6/13/2019 11:23:25 AM</datetime>
<title>Static SP with GA</title>
<meta>Author: Jakob Rieke; Version v1.3.0</meta>
<configuration>
  Zoom = 40
  SizeTeamA = 11
  SizeTeamB = 11
  FieldHeight = 9
  FieldWidth = 6
  PlayerSensorRange = 12
  PlayerSensorFOV = 56.3
  PlayerSize = 0.1555
  # The function used to optimize the problem,
  # possible values are:
  # Simplex, PSO, SPSO-2006, SPSO-2011, PSO-A-IW,
  # PSO-LD-IW, PSO-Chaotic-IW, PSO-LD-IW,
  # Evolution-Strategy, Differential-Evolution,
  # Adaptive-Differential-Evolution
  Optimizer = PSO
  </configuration>
<iteration i="0">
<sensors>[[6.4647042685899,-0.713096850322312,322.941815482421], [5.63777130235606,3.20176954915108,286.129435535206], [7.72114584332159,4.3135974830126,49.5387458664939], [9.59178341186518,3.8627550653629,106.153425749299], [0.239419823288255,-1.59013006854698,220.166407641079], [8.62757877000728,8.35541867206413,65.3479123961035], [9.89511184201979,0.992139881017606,109.554184443679], [6.25964759919285,1.75930157716739,298.324802239197], [2.46881870252077,-2.76178203164461,44.548401828687], [5.79088556087931,0.721881536356892,271.304617572444], [7.58320116657983,7.34178539810181,306.372315590154]]</sensors>
<obstacles>[[2.77101348945871, 3.72842612536624], [4.07714795717038, 1.90809896914288], [1.72686404921114, 5.68062651157379], [8.28295292076655, 0.64954039407894], [2.88816654542461, 4.02518979739398], [2.51483650272712, 3.39818886201829], [2.77002973062918, 1.32912156265229], [3.63900425727479, 5.99894517520443], [2.3370505948551, 5.00758128985763], [8.18713253550231, 3.73833390651271], [7.44291631970555, 2.75579801062122]]</obstacles>
<global-best>11.9988993690488</global-best>
</iteration>
<iteration i="200">
<sensors>[[3.74033804729993,5.55518926510237,316.900135533206], [-4723.37345816299,-2.45680617700374,280.036288206211], [0.0032155048296164,1.45802941531635,48.3786722640443], [1.82171124621198,0.0231948460262998,110.458832622245], [7.84050524939677,5.99210611516026,225.689049174682], [9.32107485186673,12.089798824772,11.68449898921], [7.72856051141369,0.0107036859621206,108.401386230571], [0.0104537136794008,5.05733231363778,309.04315288172], [6.85960837219124,-5.85149950200676,42.021351175662], [8.98692568158763,5.96122248062377,267.921195225901], [407.145129836826,46.5046457473507,282.511629371075]]</sensors>
<obstacles>[[2.77101348945871, 3.72842612536624], [4.07714795717038, 1.90809896914288], [1.72686404921114, 5.68062651157379], [8.28295292076655, 0.64954039407894], [2.88816654542461, 4.02518979739398], [2.51483650272712, 3.39818886201829], [2.77002973062918, 1.32912156265229], [3.63900425727479, 5.99894517520443], [2.3370505948551, 5.00758128985763], [8.18713253550231, 3.73833390651271], [7.44291631970555, 2.75579801062122]]</obstacles>
<global-best>0.444561012557015</global-best>
</iteration>
<iterations>200</iterations>
<elapsed-time>42362</elapsed-time>
<average-time>0</average-time>
</simulation>