<?xml version="1.0" encoding="UTF-8"?>
<simulation>
<software>charlie-simulation-framework; v1.0.0; Jakob Rieke</software>
<system>Unix; Unix 18.2.0.0; 18.2.0.0</system>
<datetime>6/13/2019 11:50:48 AM</datetime>
<title>Static SP with GA</title>
<meta>Author: Jakob Rieke; Version v1.3.0</meta>
<configuration>
  Zoom = 40
  SizeTeamA = 11
  SizeTeamB = 11
  FieldHeight = 9
  FieldWidth = 6
  PlayerSensorRange = 12
  PlayerSensorFOV = 56.3
  PlayerSize = 0.1555
  # The function used to optimize the problem,
  # possible values are:
  # Simplex, PSO, SPSO-2006, SPSO-2011, PSO-A-IW,
  # PSO-LD-IW, PSO-Chaotic-IW, PSO-LD-IW,
  # Evolution-Strategy, Differential-Evolution,
  # Adaptive-Differential-Evolution
  Optimizer = PSO
  </configuration>
<iteration i="0">
<sensors>[[9.08754496791552,1.78558540422051,65.0897187448206], [4.18753851280137,0.480601732787329,253.282341158972], [7.86743426025735,2.99547353506972,181.257640415412], [6.32665096096044,-2.47471249702732,152.369847744463], [2.94639748280483,6.55506049069275,82.1562371459783], [4.58543720573537,6.1595801444651,61.6309144125643], [0.81166951888665,-1.3889161918552,175.149580552928], [9.43349241602938,3.40381697464784,230.44437555581], [6.69808543329077,3.60846058392165,152.297027758866], [3.35112641840038,3.52176500182108,159.059682525237], [8.01142148937737,0.812109364860151,275.942299927407]]</sensors>
<obstacles>[[3.72775089042261, 3.30565935792401], [1.93448936892673, 3.1745264721103], [7.64435401582159, 5.77003570273519], [5.21449296036735, 0.60501560010016], [4.59349711867981, 1.50412783026695], [3.9004144014325, 5.22243091743439], [1.29007259127684, 5.38551230449229], [8.32447256497107, 3.00245300168172], [3.38319362257607, 5.19452053075656], [0.487640156177804, 0.389008437283337], [6.30970555823296, 4.99829771043733]]</obstacles>
<global-best>11.9880367798078</global-best>
</iteration>
<iteration i="200">
<sensors>[[6.04000505021158,1.05985652486394,65.0156730578673], [7.06361182231014,5.03789027899967,258.647879900342], [8.99977420098486,5.61230620738234,183.63683654763], [8.04943510419757,1.1499096486877,146.52616977282], [8.47721716955607,0.0845100330452584,81.7936809679542], [0.00471428249151243,0.958893474537,59.771663234015], [5.34623432921878,0.968606914407792,176.303812151772], [2.25279413430557,13.1603120024497,216.977824355223], [3.8168994065464,6.13246417120597,149.498446980763], [8.99705495660891,3.646213488451,155.421941542344], [4.76673979492656,5.99522027250766,282.837376939651]]</sensors>
<obstacles>[[3.72775089042261, 3.30565935792401], [1.93448936892673, 3.1745264721103], [7.64435401582159, 5.77003570273519], [5.21449296036735, 0.60501560010016], [4.59349711867981, 1.50412783026695], [3.9004144014325, 5.22243091743439], [1.29007259127684, 5.38551230449229], [8.32447256497107, 3.00245300168172], [3.38319362257607, 5.19452053075656], [0.487640156177804, 0.389008437283337], [6.30970555823296, 4.99829771043733]]</obstacles>
<global-best>0.987173048835118</global-best>
</iteration>
<iterations>200</iterations>
<elapsed-time>50785</elapsed-time>
<average-time>0</average-time>
</simulation>