<?xml version="1.0" encoding="UTF-8"?>
<simulation>
<software>charlie-simulation-framework; v1.0.0; Jakob Rieke</software>
<system>Unix; Unix 18.2.0.0; 18.2.0.0</system>
<datetime>6/13/2019 11:42:49 AM</datetime>
<title>Static SP with GA</title>
<meta>Author: Jakob Rieke; Version v1.3.0</meta>
<configuration>
  Zoom = 40
  SizeTeamA = 11
  SizeTeamB = 11
  FieldHeight = 9
  FieldWidth = 6
  PlayerSensorRange = 12
  PlayerSensorFOV = 56.3
  PlayerSize = 0.1555
  # The function used to optimize the problem,
  # possible values are:
  # Simplex, PSO, SPSO-2006, SPSO-2011, PSO-A-IW,
  # PSO-LD-IW, PSO-Chaotic-IW, PSO-LD-IW,
  # Evolution-Strategy, Differential-Evolution,
  # Adaptive-Differential-Evolution
  Optimizer = PSO
  </configuration>
<iteration i="0">
<sensors>[[2.93735061144954,6.17447461970942,305.445193722627], [1.74929512669028,-1.81771634796921,304.906636498138], [4.87320731197847,9.24194478568798,166.536988842156], [4.63987928623901,2.99312297547656,9.7612846289698], [5.66072123499477,-0.869799872518787,198.228006911758], [10.8918105324647,4.93554474517619,277.026418282178], [-1.83933304497501,7.66706967802739,204.90613739258], [1.60006595246708,-0.781168215298746,334.087683668084], [1.00630772061658,1.83494617157144,271.504358894241], [3.58215443839429,0.691873043576238,20.6997274908373], [5.51660530564989,-2.90742323348559,121.136702191912]]</sensors>
<obstacles>[[2.34387867758051, 5.72373535623774], [6.65520464815199, 4.95635555544868], [6.897173384903, 1.23222571285442], [1.71409489656799, 2.24451582413167], [3.38845700304955, 0.983704383485019], [6.57123494963162, 2.67680242750794], [8.77703306917101, 1.82457427214831], [4.31896893773228, 0.660385294351727], [7.25770191452466, 1.4714397629723], [3.12196436198428, 4.03493438847363], [2.36393988900818, 1.81611273251474]]</obstacles>
<global-best>16.092669969416</global-best>
</iteration>
<iteration i="200">
<sensors>[[7.0215935634204,5.11051802257721,293.133121021208], [0.0449702643423971,5.99691556764608,310.887787352392], [6.74724877894298,2.96153957947707,176.806120476432], [5.50863495447053,0.0269723569641288,19.7430275667784], [7.02356544583778,5.99939475462288,190.864162699222], [-59.6938587134109,1.80356276075779,278.404380264288], [8.99098088072003,3.14584479330707,205.523432652669], [0.0128778583727865,4.94229206075894,342.646588681409], [0.0256584974942309,3.72793389773222,271.705040054944], [0.4445237120423,0.073621506508597,25.897328283014], [8.23215198937119,0.392896223739154,112.912010040605]]</sensors>
<obstacles>[[2.34387867758051, 5.72373535623774], [6.65520464815199, 4.95635555544868], [6.897173384903, 1.23222571285442], [1.71409489656799, 2.24451582413167], [3.38845700304955, 0.983704383485019], [6.57123494963162, 2.67680242750794], [8.77703306917101, 1.82457427214831], [4.31896893773228, 0.660385294351727], [7.25770191452466, 1.4714397629723], [3.12196436198428, 4.03493438847363], [2.36393988900818, 1.81611273251474]]</obstacles>
<global-best>0.257286924341078</global-best>
</iteration>
<iterations>200</iterations>
<elapsed-time>41699</elapsed-time>
<average-time>0</average-time>
</simulation>