<?xml version="1.0" encoding="UTF-8"?>
<simulation>
<software>charlie-simulation-framework; v1.0.0; Jakob Rieke</software>
<system>Unix; Unix 18.2.0.0; 18.2.0.0</system>
<datetime>6/13/2019 11:36:13 AM</datetime>
<title>Static SP with GA</title>
<meta>Author: Jakob Rieke; Version v1.3.0</meta>
<configuration>
  Zoom = 40
  SizeTeamA = 11
  SizeTeamB = 11
  FieldHeight = 9
  FieldWidth = 6
  PlayerSensorRange = 12
  PlayerSensorFOV = 56.3
  PlayerSize = 0.1555
  # The function used to optimize the problem,
  # possible values are:
  # Simplex, PSO, SPSO-2006, SPSO-2011, PSO-A-IW,
  # PSO-LD-IW, PSO-Chaotic-IW, PSO-LD-IW,
  # Evolution-Strategy, Differential-Evolution,
  # Adaptive-Differential-Evolution
  Optimizer = PSO
  </configuration>
<iteration i="0">
<sensors>[[8.7721025097914,2.50340356652712,28.5039354839996], [-1.9819071437479,4.54577057186153,276.792635127556], [0.184415190567799,2.53400354408483,229.745556568593], [12.5219288827855,6.04629139055186,231.184654849613], [10.2414911801814,0.0878185359806438,146.322676961094], [3.27138635530009,1.41305429289611,243.370183347702], [3.96147387066041,-0.018244754455695,171.039561656596], [9.34277912244591,1.30248341625077,129.65906078205], [4.82474457837218,3.47351691784264,197.43686854871], [7.12675220075402,0.156122652375165,113.608735254732], [8.47935642066452,3.12443063716992,124.91382746915]]</sensors>
<obstacles>[[6.00784072000533, 1.84605857077986], [6.51234928239137, 3.39604615140706], [5.16842957027256, 5.96084189135581], [2.42444035084918, 0.282402222510427], [3.71274825604633, 4.49108634749427], [0.767051258822903, 4.14059660257772], [0.682616350008175, 3.52087648585439], [1.4748166941572, 3.69524298794568], [8.63904195232317, 1.47815401665866], [4.9487920969259, 5.65857669292018], [3.56201702356339, 1.85898347804323]]</obstacles>
<global-best>7.48535214002575</global-best>
</iteration>
<iteration i="200">
<sensors>[[0.0184344921832106,1.23782667305131,18.0131184554478], [4.73710087057806,-50.4996349012575,283.122185622285], [3.90866218432516,5.99791163409936,227.220292946693], [8.93590119139281,5.98595702484632,199.045375713017], [5.5272245915292,1.97922890357167,150.76667200743], [8.99706677082786,5.14108649285819,246.43825934882], [6.94159492927024,0.0256075084838874,170.700909682289], [8.9895504776232,0.00399445264790527,125.559359718177], [-0.00366452515218651,1.95715323453577,194.809701861657], [6.13349695925826,7.58999211938473,110.719354987641], [5.38953328992196,0.78059723993885,119.518296044254]]</sensors>
<obstacles>[[6.00784072000533, 1.84605857077986], [6.51234928239137, 3.39604615140706], [5.16842957027256, 5.96084189135581], [2.42444035084918, 0.282402222510427], [3.71274825604633, 4.49108634749427], [0.767051258822903, 4.14059660257772], [0.682616350008175, 3.52087648585439], [1.4748166941572, 3.69524298794568], [8.63904195232317, 1.47815401665866], [4.9487920969259, 5.65857669292018], [3.56201702356339, 1.85898347804323]]</obstacles>
<global-best>0.369279996127223</global-best>
</iteration>
<iterations>200</iterations>
<elapsed-time>49014</elapsed-time>
<average-time>0</average-time>
</simulation>