<?xml version="1.0" encoding="UTF-8"?>
<simulation>
<software>charlie-simulation-framework; v1.0.0; Jakob Rieke</software>
<system>Unix; Unix 18.2.0.0; 18.2.0.0</system>
<datetime>6/13/2019 11:43:31 AM</datetime>
<title>Static SP with GA</title>
<meta>Author: Jakob Rieke; Version v1.3.0</meta>
<configuration>
  Zoom = 40
  SizeTeamA = 11
  SizeTeamB = 11
  FieldHeight = 9
  FieldWidth = 6
  PlayerSensorRange = 12
  PlayerSensorFOV = 56.3
  PlayerSize = 0.1555
  # The function used to optimize the problem,
  # possible values are:
  # Simplex, PSO, SPSO-2006, SPSO-2011, PSO-A-IW,
  # PSO-LD-IW, PSO-Chaotic-IW, PSO-LD-IW,
  # Evolution-Strategy, Differential-Evolution,
  # Adaptive-Differential-Evolution
  Optimizer = PSO
  </configuration>
<iteration i="0">
<sensors>[[2.69362698057337,4.26316371209949,165.914274459732], [10.3554323580038,2.65575651199096,347.603489314408], [2.32797211671239,-1.61224734906239,125.302324483026], [11.1547038146336,4.67076649627391,228.480531645135], [11.0579037478922,4.62122509066314,277.646305248035], [4.93475727871039,3.82191639326668,9.71112316692178], [-2.0538338772826,3.1615423328934,7.20073492042603], [9.22168291455565,4.16935560017548,48.6887617198397], [-3.88381628646905,0.802233020329863,298.610683461985], [8.98444277262812,7.07590109782619,134.736681969117], [10.1790973684947,0.944224678109764,170.04522545066]]</sensors>
<obstacles>[[3.86410271236673, 4.67776973498985], [1.2702025542967, 1.39194689551368], [8.8447726496961, 3.7062658094801], [3.42395175411366, 4.77181451814249], [1.73246053699404, 3.54274965170771], [5.01541220094077, 2.9538414683193], [2.23997625382617, 0.0792297692969441], [0.577340130228549, 5.4652469297871], [1.15342255379073, 4.8273336449638], [2.34118258394301, 2.66450126096606], [7.26990185002796, 2.82590932259336]]</obstacles>
<global-best>8.82124568223564</global-best>
</iteration>
<iteration i="200">
<sensors>[[-3.58818027209953,7.49020343598377,165.741929244795], [12.2834051249646,23.0024635841736,342.608536821641], [5.75664045256762,0.0244387194403972,123.013496952469], [7.95127765756314,5.99843013503927,224.89881329247], [77.6077441977581,14.9658870389163,273.880341861435], [1.31878436522694,5.99072421763301,-26.408308153536], [2.46970415712476,2.11696272924084,6.67936693694461], [0.00241670213781742,0.733303151322456,48.7501167510233], [0.000447792911157164,5.9419849501591,296.880923539459], [11.1213671722773,31.2050851124662,115.706840748471], [8.99676795605401,2.43110972406292,168.291384310258]]</sensors>
<obstacles>[[3.86410271236673, 4.67776973498985], [1.2702025542967, 1.39194689551368], [8.8447726496961, 3.7062658094801], [3.42395175411366, 4.77181451814249], [1.73246053699404, 3.54274965170771], [5.01541220094077, 2.9538414683193], [2.23997625382617, 0.0792297692969441], [0.577340130228549, 5.4652469297871], [1.15342255379073, 4.8273336449638], [2.34118258394301, 2.66450126096606], [7.26990185002796, 2.82590932259336]]</obstacles>
<global-best>0.314170019950364</global-best>
</iteration>
<iterations>200</iterations>
<elapsed-time>36177</elapsed-time>
<average-time>0</average-time>
</simulation>