<?xml version="1.0" encoding="UTF-8"?>
<simulation>
<software>charlie-simulation-framework; v1.0.0; Jakob Rieke</software>
<system>Unix; Unix 18.2.0.0; 18.2.0.0</system>
<datetime>6/13/2019 11:45:29 AM</datetime>
<title>Static SP with GA</title>
<meta>Author: Jakob Rieke; Version v1.3.0</meta>
<configuration>
  Zoom = 40
  SizeTeamA = 11
  SizeTeamB = 11
  FieldHeight = 9
  FieldWidth = 6
  PlayerSensorRange = 12
  PlayerSensorFOV = 56.3
  PlayerSize = 0.1555
  # The function used to optimize the problem,
  # possible values are:
  # Simplex, PSO, SPSO-2006, SPSO-2011, PSO-A-IW,
  # PSO-LD-IW, PSO-Chaotic-IW, PSO-LD-IW,
  # Evolution-Strategy, Differential-Evolution,
  # Adaptive-Differential-Evolution
  Optimizer = PSO
  </configuration>
<iteration i="0">
<sensors>[[-3.51393483335512,-0.812265478881735,185.640537574685], [6.40835121797917,1.09876117478702,340.40172120351], [9.96638269632966,5.47793201279187,328.77866200133], [-1.59343093706526,1.34746600659607,267.680360106167], [5.48380637856868,10.158821077928,173.359158346202], [8.1047439164405,7.30589461279798,284.572282073368], [-0.170478297985112,-0.0313703296645587,68.983320243643], [7.99918308696197,-2.90638114529011,14.2438538080267], [-0.27930710640482,-0.824357208203499,354.186836242446], [2.57068048212434,1.05429307492588,122.006969915687], [7.73253144361082,2.99170645153793,157.888750724271]]</sensors>
<obstacles>[[6.69118192442693, 1.81147724809125], [6.32641723752022, 2.78087184950709], [6.29770680097863, 2.1757400399074], [7.71460016467609, 3.6939488556236], [7.43514203955419, 0.466142233461142], [8.76000604173169, 5.77418663632125], [8.44108537794091, 2.49929837370291], [1.5061473576352, 0.500481059309095], [6.10464210226201, 1.82795650698245], [6.37255731783807, 0.640357755124569], [1.33922551316209, 5.0100035215728]]</obstacles>
<global-best>8.40292760158494</global-best>
</iteration>
<iteration i="200">
<sensors>[[2.26413840917337,339.140934768978,189.023202888853], [1.67272514561216,4.92656925926991,342.195506524198], [10.289514834982,1.88069925583999,319.59962747848], [1.06686687638414,5.17491591521475,264.573219964073], [8.9967197776446,5.27968853276569,170.713734933888], [6.52238461491522,5.98085638751293,287.65742070298], [-14.9681176230538,3.3656072078394,70.1182037587253], [1.84153932239022,2.16544832819809,15.4170442410408], [0.893881132761895,0.00587767661608932,359.748184001161], [-0.511418999938563,1.80282549832871,123.7200344206], [7.12381627050686,0.825005048938582,155.084571028568]]</sensors>
<obstacles>[[6.69118192442693, 1.81147724809125], [6.32641723752022, 2.78087184950709], [6.29770680097863, 2.1757400399074], [7.71460016467609, 3.6939488556236], [7.43514203955419, 0.466142233461142], [8.76000604173169, 5.77418663632125], [8.44108537794091, 2.49929837370291], [1.5061473576352, 0.500481059309095], [6.10464210226201, 1.82795650698245], [6.37255731783807, 0.640357755124569], [1.33922551316209, 5.0100035215728]]</obstacles>
<global-best>0.683154557366468</global-best>
</iteration>
<iterations>200</iterations>
<elapsed-time>33421</elapsed-time>
<average-time>0</average-time>
</simulation>