<?xml version="1.0" encoding="UTF-8"?>
<simulation>
<software>charlie-simulation-framework; v1.0.0; Jakob Rieke</software>
<system>Unix; Unix 18.2.0.0; 18.2.0.0</system>
<datetime>6/13/2019 11:49:39 AM</datetime>
<title>Static SP with GA</title>
<meta>Author: Jakob Rieke; Version v1.3.0</meta>
<configuration>
  Zoom = 40
  SizeTeamA = 11
  SizeTeamB = 11
  FieldHeight = 9
  FieldWidth = 6
  PlayerSensorRange = 12
  PlayerSensorFOV = 56.3
  PlayerSize = 0.1555
  # The function used to optimize the problem,
  # possible values are:
  # Simplex, PSO, SPSO-2006, SPSO-2011, PSO-A-IW,
  # PSO-LD-IW, PSO-Chaotic-IW, PSO-LD-IW,
  # Evolution-Strategy, Differential-Evolution,
  # Adaptive-Differential-Evolution
  Optimizer = PSO
  </configuration>
<iteration i="0">
<sensors>[[3.73726475864644,7.85665330304595,155.727759017919], [2.81305720963143,0.00984455712095844,191.208059113349], [1.10410021916347,5.28145635015671,201.607726090179], [12.0879783101791,10.0824983449833,115.186885481025], [5.01512477526748,-3.69228977101855,318.363141764488], [1.53880366570008,9.60614180283826,210.054427255956], [4.29525992942077,0.0811993230852766,210.840091839285], [8.25789933470248,7.09298280890589,286.532863945879], [-0.683992188886899,4.91050799381144,153.083377031195], [-0.523445214909864,5.63736135525228,274.29265438344], [5.38485806680893,0.53747680214447,42.7824617108264]]</sensors>
<obstacles>[[1.27185962721705, 4.05038844142109], [6.67473310162313, 5.68321788031608], [3.62371918838471, 1.0946931601502], [2.34221768192947, 2.91429643705487], [4.88300977880135, 1.05808225320652], [6.98949671024457, 3.72377140866593], [5.27360956161283, 2.88969306880608], [5.6881478545256, 3.02721487311646], [8.68970334436744, 2.57880721287802], [8.37289743474685, 5.91604284290224], [4.60092436289415, 0.159836065024138]]</obstacles>
<global-best>16.3939030749331</global-best>
</iteration>
<iteration i="200">
<sensors>[[7.78049307842503,0.00274420092736979,153.763221364708], [8.98556405666643,4.00878061350431,206.786255466535], [-7.24924609497339,-5.02883907965816,193.667288418417], [8.87124053217517,0.0209172666244849,110.43507630262], [0.0143774600196073,4.26082015550246,321.061830447294], [6.52739250428504,5.19630177357282,202.312919229414], [-7.09577351235572,9.80097946891175,258.649069095415], [4.71359580414397,7.88576050566244,262.015240978694], [2.54419190604834,0.0520028865411104,127.706799869739], [8.76715322375537,5.98446294261501,254.981559561834], [0.000677067072596978,0.0881508296053631,41.6984556161366]]</sensors>
<obstacles>[[1.27185962721705, 4.05038844142109], [6.67473310162313, 5.68321788031608], [3.62371918838471, 1.0946931601502], [2.34221768192947, 2.91429643705487], [4.88300977880135, 1.05808225320652], [6.98949671024457, 3.72377140866593], [5.27360956161283, 2.88969306880608], [5.6881478545256, 3.02721487311646], [8.68970334436744, 2.57880721287802], [8.37289743474685, 5.91604284290224], [4.60092436289415, 0.159836065024138]]</obstacles>
<global-best>0.321408276475508</global-best>
</iteration>
<iterations>200</iterations>
<elapsed-time>47263</elapsed-time>
<average-time>0</average-time>
</simulation>