<?xml version="1.0" encoding="UTF-8"?>
<simulation>
<software>charlie-simulation-framework; v1.0.0; Jakob Rieke</software>
<system>Unix; Unix 18.2.0.0; 18.2.0.0</system>
<datetime>6/13/2019 11:54:33 AM</datetime>
<title>Static SP with GA</title>
<meta>Author: Jakob Rieke; Version v1.3.0</meta>
<configuration>
  Zoom = 40
  SizeTeamA = 11
  SizeTeamB = 11
  FieldHeight = 9
  FieldWidth = 6
  PlayerSensorRange = 12
  PlayerSensorFOV = 56.3
  PlayerSize = 0.1555
  # The function used to optimize the problem,
  # possible values are:
  # Simplex, PSO, SPSO-2006, SPSO-2011, PSO-A-IW,
  # PSO-LD-IW, PSO-Chaotic-IW, PSO-LD-IW,
  # Evolution-Strategy, Differential-Evolution,
  # Adaptive-Differential-Evolution
  Optimizer = PSO
  </configuration>
<iteration i="0">
<sensors>[[2.90012844942951,-2.26631454698927,204.163531071221], [6.94105576618228,-1.08920950073732,5.59201179545238], [9.46673525647985,3.65137172033583,50.6069334420879], [-1.75832372404811,4.21326339706751,260.217842475076], [5.07278539597556,8.09497645204838,21.8713045314993], [3.18738965430992,-0.154316696099434,317.802214049818], [9.90631316815263,5.17308547570251,247.739127441194], [9.20866324681195,4.06076259033808,43.1364915616895], [4.14032423625846,0.582934280199233,247.092174061604], [-1.76130779473579,4.16314584204205,100.750042171106], [8.11748755305588,0.424603220718132,37.4456110440794]]</sensors>
<obstacles>[[8.26723547349684, 2.61148239159957], [3.236693499377, 1.22030581114814], [3.82881572144106, 0.43105501960963], [5.62253659009002, 0.319625262636691], [3.59061456215568, 3.57859107479453], [3.41001460840926, 3.26077056163922], [6.56690772925504, 1.14531840523705], [7.13554254267365, 5.15837190393358], [3.01949624321423, 4.12442647106946], [0.0532020851969719, 0.203713146038353], [0.213641898008063, 5.66912074014544]]</obstacles>
<global-best>17.177901028</global-best>
</iteration>
<iteration i="200">
<sensors>[[3.94616591530883,-10.1575442755736,187.283014055052], [7.73531159727543,-18.2296549417701,69.5115961566885], [4.10817675017786,3.88942677686888,49.8438238055358], [8.98893308177562,5.9831268733639,242.223984650965], [1.81837661488549,0.440961059827293,14.020957058913], [13.8200468348969,36.1020818603347,303.976936000197], [2.76843592193188,5.98869744250354,248.711959776965], [0.350593748636411,0.0107270202784778,27.6479028270378], [4.17596411417914,5.95195717886258,249.579721257386], [0.00595559392038925,1.60919683224774,65.0767126310256], [3.96407914741755,1.27648858642788,-5.28443010136594]]</sensors>
<obstacles>[[8.26723547349684, 2.61148239159957], [3.236693499377, 1.22030581114814], [3.82881572144106, 0.43105501960963], [5.62253659009002, 0.319625262636691], [3.59061456215568, 3.57859107479453], [3.41001460840926, 3.26077056163922], [6.56690772925504, 1.14531840523705], [7.13554254267365, 5.15837190393358], [3.01949624321423, 4.12442647106946], [0.0532020851969719, 0.203713146038353], [0.213641898008063, 5.66912074014544]]</obstacles>
<global-best>0.783175370750693</global-best>
</iteration>
<iterations>200</iterations>
<elapsed-time>40521</elapsed-time>
<average-time>0</average-time>
</simulation>